{"target": 0.15284556040013364, "params": {"f0": 0.5577965823198356, "f1": -0.010094056243830973, "f10": 1.4833323966575156, "f11": -1.4782897609921029, "f12": -0.5477475589793714, "f13": 0.2755212950154382, "f14": -2.4991523773865296, "f15": -0.5677824287210065, "f16": 1.947580950014542, "f17": -0.2713615946868133, "f18": 1.6498927383970168, "f19": -0.46639389490757566, "f2": -1.2831174786523527, "f20": 1.7551955929959977, "f21": -2.9246465573557128, "f22": -1.7704428057993253, "f23": -1.8619041610276033, "f24": -2.492630547787539, "f25": 1.4477883337487878, "f26": -0.21873997319364324, "f27": 1.3360452904948374, "f28": 0.3285144903084962, "f29": 2.9486770470801, "f3": -1.2351886723845602, "f30": 0.7925920872015242, "f31": -1.8558543433097217, "f32": 1.537424542223489, "f33": -2.3511120963229706, "f34": 1.1558798616181694, "f35": -0.6999752716265872, "f36": -2.587692917760135, "f37": -0.1232729194701161, "f38": 0.19610772588455916, "f39": 0.5488144800810035, "f4": -0.37009965928527544, "f40": -0.6029214657377948, "f41": 0.8680017022901421, "f42": -7.343249058955337e-05, "f43": 0.87448106021577, "f44": -0.1456104237924385, "f45": -1.5278619719684179, "f46": 0.46281341820626576, "f47": 0.4833033300652332, "f48": -2.1897579225471127, "f49": 2.1593599485154362, "f5": -1.1214808433388277, "f50": 0.12953908373080925, "f51": -0.4270681405984873, "f52": -0.16861305939240534, "f53": 1.6822560802513662, "f54": 0.24669548866266844, "f55": 1.3274226673143517, "f6": -0.005083862553334484, "f7": 1.9563862146060877, "f8": 0.3871907961619865, "f9": 2.7235255011074138}, "datetime": {"datetime": "2023-01-30 11:45:23", "elapsed": 0.0, "delta": 0.0}}
{"target": 0.10979108162047398, "params": {"f0": -2.9265870440839215, "f1": -1.1885722143435786, "f10": -0.9276810748467348, "f11": -2.0245196846164832, "f12": -2.575457049636856, "f13": -0.3484641655537102, "f14": -1.2521803669498996, "f15": 0.9091817961861248, "f16": 1.292609383780877, "f17": -1.2976669490979171, "f18": -1.3292296299319941, "f19": -2.7994187844700242, "f2": 1.351931758451471, "f20": 2.2800088813996986, "f21": 2.329825570276375, "f22": 1.3671737888287252, "f23": 0.3012407538562685, "f24": -0.43749471583862043, "f25": 1.3853267839422312, "f26": -1.554028509259388, "f27": 0.8556585843130011, "f28": 0.08461935659903297, "f29": -0.693959195895836, "f3": 0.41418634469460924, "f30": -2.500831797643123, "f31": 0.145843152597112, "f32": -1.1590694739403975, "f33": 1.8454328800701987, "f34": -0.479505743960992, "f35": 0.451849010107797, "f36": -1.5410672011261852, "f37": -0.71643295940813, "f38": 2.987818773560873, "f39": -0.2842049793458483, "f4": -0.02860844299772225, "f40": -2.130758507717232, "f41": 0.5344182920613525, "f42": -2.244500524120963, "f43": 0.4169804817337255, "f44": 1.4650034538914545, "f45": 1.1312341015119376, "f46": 1.4961931011359368, "f47": -2.2154508496396437, "f48": -0.9341020400689963, "f49": 0.03874261450468275, "f5": -2.731389843998419, "f50": -2.6210828788158675, "f51": -2.171207275231859, "f52": 1.536545428331725, "f53": 1.274266866493349, "f54": 1.2982220997884433, "f55": -1.7452739606477798, "f6": -0.3044576923962601, "f7": 2.3252578953603464, "f8": 0.49503260445797626, "f9": 0.21872204865323397}, "datetime": {"datetime": "2023-01-30 11:46:21", "elapsed": 57.26474, "delta": 57.26474}}
{"target": 0.2578242404255822, "params": {"f0": 2.5982883045260596, "f1": 1.577660499044963, "f10": 1.340255205313972, "f11": -0.1752742850376201, "f12": -2.4881876413023005, "f13": -1.5064437644835538, "f14": -1.4831962690977727, "f15": 1.0287413899849827, "f16": 1.8250731304109, "f17": -1.4666880110692302, "f18": 1.3163059502751486, "f19": -1.9717374107645793, "f2": -0.365266800148599, "f20": 2.7637377443629387, "f21": -0.804668473148304, "f22": -2.5480599789842304, "f23": -0.5218642728669272, "f24": -2.394796267398206, "f25": 0.6471510942732395, "f26": -2.377091244390777, "f27": 1.1695252574243242, "f28": -0.846304147160533, "f29": 2.5008556485773408, "f3": -0.4574621447518603, "f30": -0.846056038434949, "f31": 0.12247075444564803, "f32": 1.3711113140064857, "f33": -2.954447419737788, "f34": 2.865907946058249, "f35": 1.3831525164411493, "f36": -1.706998565252194, "f37": -1.1713979860269097, "f38": 0.17776395494279829, "f39": 2.171295410838066, "f4": -1.097597823851879, "f40": -2.158511003029285, "f41": 2.461118593973845, "f42": 1.9485110686176625, "f43": -0.7627198399557119, "f44": 1.633492386556215, "f45": -2.4014738630577526, "f46": -0.9873577257612759, "f47": 1.8733390144193636, "f48": -2.218728796916411, "f49": 0.5094068241190333, "f5": -0.053999126244344886, "f50": -1.3616590640087898, "f51": 0.49020298242132565, "f52": -1.816257282676846, "f53": 0.6974075137172073, "f54": 1.4225016458012618, "f55": 2.199499272443506, "f6": 1.0230971551101185, "f7": -0.20703159589481976, "f8": 2.5862580061205356, "f9": 2.618309473208706}, "datetime": {"datetime": "2023-01-30 11:48:59", "elapsed": 215.834011, "delta": 158.569271}}
{"target": 0.12868928115509937, "params": {"f0": 2.7652057347669925, "f1": -0.47039730791466294, "f10": 2.8662353870045223, "f11": 0.15805690339427647, "f12": -0.3784209217361467, "f13": -0.9041451158832152, "f14": -1.2654912935922562, "f15": 2.3725284299967786, "f16": 2.4508958340863862, "f17": -2.632529401735445, "f18": -0.4063748731500462, "f19": -1.010870255063169, "f2": 1.1088101945224889, "f20": 2.592535797536017, "f21": -1.9145705684118788, "f22": -2.26444192421837, "f23": 1.3432748555466776, "f24": -0.6155012404609654, "f25": 2.5722566353604708, "f26": -0.34517689568537335, "f27": 1.1939675884848033, "f28": -1.9872054986863374, "f29": 2.165600973257165, "f3": -2.2600797933498167, "f30": -2.7911305811358456, "f31": 0.35586715025751303, "f32": 1.9727567317338979, "f33": -2.1037839261326425, "f34": 2.943689240133472, "f35": 2.8688343615890255, "f36": -0.17813495321126505, "f37": 0.11310773444666866, "f38": 1.4925777502885649, "f39": 0.5285149822487588, "f4": -1.0120336377475943, "f40": -0.31193448815312896, "f41": 1.6002720101571162, "f42": 0.24434124816037384, "f43": -1.8713311293556771, "f44": 0.48513818076558013, "f45": -2.3482067501682375, "f46": -2.4213161725095227, "f47": 1.3994625115193797, "f48": -1.2886704361520929, "f49": -0.23568099639414153, "f5": -0.4943597846929797, "f50": -1.5927747275329187, "f51": 2.1896259073739297, "f52": -1.7614893939255238, "f53": 1.0984501758765084, "f54": 0.8920118134682042, "f55": 1.58400252976674, "f6": 1.9951502934280545, "f7": -0.2850002942924945, "f8": 2.1877174607832575, "f9": 0.9059639732864861}, "datetime": {"datetime": "2023-01-30 11:49:38", "elapsed": 254.751127, "delta": 38.917116}}
{"target": 0.24282358815754282, "params": {"f0": 1.0549789442849364, "f1": 1.8840815753369862, "f10": 0.08345260693051149, "f11": -1.1571487895604058, "f12": -0.86218220992231, "f13": -2.590788376327078, "f14": -2.0782662394808047, "f15": 2.66236270273077, "f16": 0.2009115508625427, "f17": -0.702601272043581, "f18": 2.111005942389973, "f19": -2.4501843922141604, "f2": -0.793846819419022, "f20": 2.17210712407063, "f21": -0.17486810670488495, "f22": -2.021927389785399, "f23": 0.10221300980166825, "f24": -1.6889174729421343, "f25": -0.17232902500992164, "f26": -1.1838556363116897, "f27": 0.3112343825604984, "f28": -0.53942377604757, "f29": 2.788874694902334, "f3": 1.0165335402429152, "f30": -0.27695292914922165, "f31": -1.2875321851578794, "f32": 2.4331400863298107, "f33": -1.172369506777451, "f34": 2.570245720754877, "f35": 2.8324003727245204, "f36": -1.1134655300901266, "f37": -2.7170605327914803, "f38": -0.16267492146926843, "f39": 1.5676079738195767, "f4": -0.0723263949805606, "f40": -0.31457302831120204, "f41": 2.3996383516173783, "f42": 1.2941877411937075, "f43": -1.5174274409812034, "f44": 1.9460241198330022, "f45": -1.898571751623029, "f46": -0.48594475175760143, "f47": 0.10931397759621347, "f48": -2.0949102495782665, "f49": -0.6000747096377937, "f5": -1.802670277430154, "f50": -0.7672590432605162, "f51": 1.6363967879303913, "f52": -2.7801931063527334, "f53": -0.41635257793238534, "f54": 2.369343030988583, "f55": 1.446915461327517, "f6": -0.7482240254358067, "f7": -1.3047743150501745, "f8": 0.5613353412235218, "f9": 1.9844126504506303}, "datetime": {"datetime": "2023-01-30 11:50:12", "elapsed": 288.677329, "delta": 33.926202}}
{"target": 0.3196825712581655, "params": {"f0": 1.959387042308461, "f1": 2.1196978277456466, "f10": 0.5109424316894283, "f11": -0.6197055106807509, "f12": -2.105377857650861, "f13": -2.2274308976606574, "f14": -1.7469187638640993, "f15": 1.7261486559387058, "f16": 0.9391811464342842, "f17": -0.997211047837768, "f18": 1.9396820076817858, "f19": -2.424733318413995, "f2": -0.7380274400970479, "f20": 2.5586191648596475, "f21": -0.2305129236140213, "f22": -2.3912292697348545, "f23": -0.40927207716547054, "f24": -2.3054186956153644, "f25": -0.07448461818289055, "f26": -2.210503146492042, "f27": 0.7390794461215148, "f28": -0.6049501787615585, "f29": 2.6754059088558004, "f3": 0.5587144288185076, "f30": -0.3791010534696571, "f31": -0.48522542018026865, "f32": 1.8041438739827453, "f33": -2.2588090063169055, "f34": 2.821472952390949, "f35": 2.0013511433103814, "f36": -1.5852724080163814, "f37": -2.1693928808478975, "f38": -0.18730354370411084, "f39": 2.2124056335830717, "f4": -0.6557005061803647, "f40": -1.610703301469159, "f41": 2.652065852255608, "f42": 1.9989833749742318, "f43": -1.0715512656436432, "f44": 2.051249763626442, "f45": -2.227165583470969, "f46": -0.6311963243934403, "f47": 1.1754086677350877, "f48": -2.2973103770375327, "f49": -0.018339386074027148, "f5": -0.7727076595969149, "f50": -1.1195736649751882, "f51": 0.8700379669095976, "f52": -2.4014495356734544, "f53": 0.03839317906496961, "f54": 2.027427251792305, "f55": 1.9847486457799723, "f6": 0.08496235168343737, "f7": -0.8646426778357543, "f8": 1.7886638230263308, "f9": 2.5555000552682516}, "datetime": {"datetime": "2023-01-30 11:51:10", "elapsed": 346.335176, "delta": 57.657847}}
{"target": 0.2893006113922454, "params": {"f0": 2.634570168410158, "f1": 3.0, "f10": -0.253620955206747, "f11": -0.38149912546898823, "f12": -3.0, "f13": -3.0, "f14": -1.607046774009103, "f15": 1.607534365970001, "f16": 0.5267463274827132, "f17": -0.7194070660181262, "f18": 2.8714751602774, "f19": -3.0, "f2": -1.3193799905639765, "f20": 2.9193147942470015, "f21": 0.819956768404277, "f22": -2.9056817869798888, "f23": -0.9605813074086264, "f24": -3.0, "f25": -1.3432705749557161, "f26": -3.0, "f27": 0.6440002112211856, "f28": -0.3983482042899694, "f29": 2.877388492491606, "f3": 1.7023167117229345, "f30": 0.23037842524849933, "f31": -0.11482721256777938, "f32": 1.6315808326958134, "f33": -2.9827432406162515, "f34": 3.0, "f35": 1.9751126556897831, "f36": -2.073243422628516, "f37": -3.0, "f38": -0.9953663654105904, "f39": 3.0, "f4": -0.9044023646063261, "f40": -2.8721107553995835, "f41": 3.0, "f42": 3.0, "f43": -1.0834389800069337, "f44": 3.0, "f45": -2.637371877677677, "f46": -0.418878537340437, "f47": 1.9074488467293311, "f48": -2.823188807114439, "f49": -0.1577880342842933, "f5": -0.21652369405756666, "f50": -1.3403003661852515, "f51": 0.4714264336975385, "f52": -3.0, "f53": -0.5245954833149806, "f54": 2.681509630567927, "f55": 2.6862164685535164, "f6": -0.14112086559875886, "f7": -1.624990175289164, "f8": 2.6012756563402353, "f9": 3.0}, "datetime": {"datetime": "2023-01-30 11:52:39", "elapsed": 435.677024, "delta": 89.341848}}
{"target": 0.035345971216083016, "params": {"f0": 3.0, "f1": 3.0, "f10": 0.7662055579710569, "f11": -1.8776408296808302, "f12": -3.0, "f13": -3.0, "f14": -0.6830258483319736, "f15": 0.45505923236856993, "f16": -0.39197752808869624, "f17": -2.389980653709668, "f18": 2.024976320068836, "f19": -3.0, "f2": -2.049364183965081, "f20": 2.6563899843044223, "f21": -1.2744597194671252, "f22": -3.0, "f23": -1.6572338549592915, "f24": -3.0, "f25": 0.3029607953498971, "f26": -3.0, "f27": -0.6284723047017192, "f28": -1.952603487949378, "f29": 3.0, "f3": 1.856228543539399, "f30": 0.885276315062141, "f31": -0.7779909161366376, "f32": 3.0, "f33": -0.8727491579919605, "f34": 3.0, "f35": 0.7804667769906574, "f36": -2.855670601805517, "f37": -3.0, "f38": -1.5993320983938104, "f39": 3.0, "f4": -2.0037182964794122, "f40": -0.21105084938642027, "f41": 3.0, "f42": 3.0, "f43": -2.337064154749764, "f44": 3.0, "f45": -3.0, "f46": -1.9429570845901787, "f47": 2.56301728256342, "f48": -0.4973103770375323, "f49": 1.152512465555351, "f5": 0.5163084793155259, "f50": 0.22646484221044227, "f51": 0.07574385344587158, "f52": -3.0, "f53": -1.23529533034882, "f54": 3.0, "f55": 3.0, "f6": 1.3552995577400095, "f7": -1.8293608045328393, "f8": 0.3949600040539625, "f9": 3.0}, "datetime": {"datetime": "2023-01-30 11:53:29", "elapsed": 485.794294, "delta": 50.11727}}
{"target": 0.43570471760248225, "params": {"f0": 1.8112524644982826, "f1": 2.429301791016206, "f10": -0.14494136207072236, "f11": 0.26296955582501313, "f12": -2.384421436286245, "f13": -2.325318045397841, "f14": -2.2776119076566546, "f15": 2.3455076840938975, "f16": 1.441494483201248, "f17": 0.004222051842873425, "f18": 2.5262512547688734, "f19": -2.5644930450436356, "f2": -0.38688343579734025, "f20": 2.741302984616376, "f21": 0.7090391926537722, "f22": -2.392853156214799, "f23": -0.08954489784382424, "f24": -2.4605510326231834, "f25": -1.118495004499624, "f26": -2.530458819484255, "f27": 1.4758707107896907, "f28": 0.3266689403103486, "f29": 2.6340564825815154, "f3": 0.5737209310683732, "f30": -0.673427297003182, "f31": -0.07746359542313419, "f32": 0.9913294534141547, "f33": -3.0, "f34": 2.956335869335819, "f35": 2.6501571239803465, "f36": -1.1983167719102907, "f37": -2.300406655250133, "f38": 0.07722990010061599, "f39": 2.467075630633967, "f4": -0.04439501127420291, "f40": -2.8703905083436236, "f41": 2.8687482063428518, "f42": 2.270824696723757, "f43": -0.3206453359944834, "f44": 2.1751658255784205, "f45": -2.057319750400498, "f46": 0.2841798557499595, "f47": 0.874009555376582, "f48": -3.0, "f49": -0.757050874209358, "f5": -1.1372942110945108, "f50": -2.035103945872652, "f51": 1.035085084685915, "f52": -2.472033204560639, "f53": 0.41005808629473534, "f54": 1.8915797457713204, "f55": 1.8744199187429813, "f6": -0.801055691347491, "f7": -0.7886304400681141, "f8": 3.0, "f9": 2.7544624343284467}, "datetime": {"datetime": "2023-01-30 11:55:45", "elapsed": 621.509389, "delta": 135.715095}}
{"target": 0.35202277847195984, "params": {"f0": 2.3798831217385077, "f1": 3.0, "f10": -1.0791905304853049, "f11": 1.2377634108897893, "f12": -3.0, "f13": -2.945437737482054, "f14": -3.0, "f15": 3.0, "f16": 2.4946173427265137, "f17": 1.0822937776150807, "f18": 3.0, "f19": -3.0, "f2": 0.37279994259460064, "f20": 3.0, "f21": 1.5076584914813966, "f22": -3.0, "f23": 0.8296464925011966, "f24": -3.0, "f25": -2.1191186704818357, "f26": -3.0, "f27": 2.5467480657231016, "f28": 1.371687164798887, "f29": 3.0, "f3": -0.47651517674305566, "f30": -1.046588599457443, "f31": 0.5269870418754823, "f32": -0.07066102702774579, "f33": -3.0, "f34": 3.0, "f35": 3.0, "f36": -0.18765037962584596, "f37": -3.0, "f38": 0.4306149826059751, "f39": 3.0, "f4": 1.0548051427499694, "f40": -3.0, "f41": 3.0, "f42": 3.0, "f43": 0.6668748076990164, "f44": 2.346408472135927, "f45": -2.341318480707109, "f46": 1.3009372625021476, "f47": 0.4089582763872112, "f48": -3.0, "f49": -1.6685052996223877, "f5": -2.055688904917014, "f50": -3.0, "f51": 2.1227159450225863, "f52": -3.0, "f53": 1.423162533558417, "f54": 0.7490178877222808, "f55": 2.2867401968248853, "f6": -1.8550652013438724, "f7": -0.49902679033080777, "f8": 3.0, "f9": 3.0}, "datetime": {"datetime": "2023-01-30 11:57:36", "elapsed": 733.162939, "delta": 111.65355}}
{"target": 0.0002147509456940467, "params": {"f0": 0.5112524644982814, "f1": 3.0, "f10": 0.399204151913302, "f11": 1.1402840253833118, "f12": -2.3968007487796603, "f13": -0.4927984682852891, "f14": -3.0, "f15": 3.0, "f16": 1.7521716344197773, "f17": 0.9744866050378599, "f18": 3.0, "f19": -1.5854696531093244, "f2": -0.9185288418295875, "f20": 2.943622409019258, "f21": 1.4277965615986343, "f22": -0.6192101395830477, "f23": -0.7659137693728909, "f24": -1.7366562443034823, "f25": -2.0190563038836147, "f26": -3.0, "f27": 2.4758707107896893, "f28": 1.2671853423500332, "f29": 2.096062599765375, "f3": 1.5189334280986593, "f30": -1.5819137177038542, "f31": 0.1440426280519047, "f32": 0.41089986615491614, "f33": -3.0, "f34": 3.0, "f35": 3.0, "f36": -1.2821685257122568, "f37": -0.5004066552501327, "f38": 0.42235096581488285, "f39": 3.0, "f4": 0.7892712823355749, "f40": -3.0, "f41": 3.0, "f42": 3.0, "f43": 0.5681227933296664, "f44": 1.9102519939147928, "f45": -0.5073197504004967, "f46": 1.1992615218269287, "f47": 1.2241485173947424, "f48": -3.0, "f49": -1.5773598570810847, "f5": -0.214007840644733, "f50": -3.0, "f51": 0.1259135873199303, "f52": -2.844105086668808, "f53": -0.5017359162425781, "f54": 3.0, "f55": 0.4744199187429801, "f6": -1.7496642503442343, "f7": -1.5885747265843686, "f8": 3.0, "f9": 3.0}, "datetime": {"datetime": "2023-01-30 12:02:12", "elapsed": 1008.978492, "delta": 275.815553}}
{"target": 0.08422610836729787, "params": {"f0": 2.703954910132118, "f1": 2.4027340413118, "f10": -0.787036153806615, "f11": 0.11376174833179786, "f12": -2.634875261137879, "f13": -3.0, "f14": -2.1544356690876256, "f15": 2.226307692002731, "f16": 1.613536508764121, "f17": -0.12369422629853997, "f18": 2.4729080182645418, "f19": -3.0, "f2": 0.11398761201522437, "f20": 2.7314115801807306, "f21": 0.6776264668643855, "f22": -3.0, "f23": 0.5640339690013835, "f24": -3.0, "f25": -1.036149021646319, "f26": -2.492698257957605, "f27": 1.3116182135464387, "f28": 0.19909943099572214, "f29": 3.0, "f3": -0.24692324771018456, "f30": -0.2953772352320973, "f31": 0.00558288742115576, "f32": 0.9407744773763601, "f33": -2.994204393393547, "f34": 2.9433590204175326, "f35": 2.556813059755511, "f36": -0.8096116824761469, "f37": -3.0, "f38": -0.022423723764765483, "f39": 2.428191564759319, "f4": -0.07787524888229992, "f40": -2.81237713495331, "f41": 2.860963628468798, "f42": 2.2160832864093267, "f43": -0.45030270568112224, "f44": 2.4164047188437947, "f45": -2.970996324944313, "f46": 0.16687658552431556, "f47": 0.5427717928936808, "f48": -3.0, "f49": -0.6529251723055834, "f5": -1.936804531195811, "f50": -1.844161042388033, "f51": 1.8992492766356306, "f52": -2.525991868378339, "f53": 1.1973444395783128, "f54": 0.9312801643034303, "f55": 2.770101354380401, "f6": -0.6990474163555959, "f7": -0.3201696972117258, "f8": 2.8934075797126457, "f9": 2.73420934553582}, "datetime": {"datetime": "2023-01-30 12:03:26", "elapsed": 1082.714681, "delta": 73.736189}}
{"target": 0.26698956977949906, "params": {"f0": 0.9431307389408123, "f1": 1.9343189221132728, "f10": -0.6463852859823191, "f11": 0.47902419387734185, "f12": -1.7079996522162015, "f13": -2.6509157690014065, "f14": -1.4953872247227464, "f15": 2.2836068321519996, "f16": 1.7009047722662334, "f17": 0.5567015675078728, "f18": 2.241958813865377, "f19": -1.4514238967757975, "f2": -0.28318683909488895, "f20": 2.7005425607360207, "f21": 1.0979152136477515, "f22": -2.6527544570843355, "f23": -0.6806725234840345, "f24": -2.0256482763747474, "f25": -1.661682176564003, "f26": -2.440384076425797, "f27": 1.6877248927539685, "f28": 0.383014629868151, "f29": 2.850277953125035, "f3": 0.3058392277463235, "f30": -0.7597934553756166, "f31": -0.34978853393804443, "f32": 0.7674922071620545, "f33": -1.776541651664823, "f34": 0.836320241209061, "f35": 1.3618778824609992, "f36": -1.5014787736591981, "f37": -1.5504311476255328, "f38": -0.6315842960882185, "f39": 1.2089380202800069, "f4": 0.6404122146306185, "f40": -0.7855225118921352, "f41": 2.7345896446120705, "f42": 2.911887477651721, "f43": -1.024025665463935, "f44": 1.6401028614583648, "f45": -1.0538229452636456, "f46": -0.3876993824175427, "f47": 1.3594645407735588, "f48": -2.806199348063658, "f49": -0.12091145829964844, "f5": -0.48311118211954374, "f50": -0.6568838506095767, "f51": 1.5320450706978077, "f52": -1.4642547514239883, "f53": -0.189775997352579, "f54": 1.2802708934107296, "f55": 2.6781879689652133, "f6": -0.8605428448212497, "f7": -0.2110134540277222, "f8": 0.7604139632303626, "f9": 0.9606378959276208}, "datetime": {"datetime": "2023-01-30 12:04:33", "elapsed": 1149.440761, "delta": 66.72608}}
{"target": 0.2575830338442796, "params": {"f0": 2.0755896369032287, "f1": 1.3987184634897534, "f10": 0.2043466581679647, "f11": 0.4075582820300586, "f12": -1.997945093200889, "f13": -0.6126852829869103, "f14": -1.9366287219267828, "f15": 1.9097634565087467, "f16": 0.570411486315606, "f17": -0.6552501344954542, "f18": 0.6538451941609409, "f19": -0.7810360590192253, "f2": -0.7785508637544369, "f20": 0.9491661594433438, "f21": 0.27302350047389096, "f22": -1.10933356711005, "f23": 0.3065598549046469, "f24": -1.9697498589691005, "f25": -1.2362419020556938, "f26": -1.568215763890785, "f27": 1.5058926732982714, "f28": 0.15996907461452242, "f29": 2.5236183035946813, "f3": 0.9727701036063242, "f30": -0.35558932945288746, "f31": 0.20546858789988298, "f32": 0.9459887209569484, "f33": -1.7435596144043979, "f34": 2.0020804123522513, "f35": 1.428137848108291, "f36": -0.47416554181450254, "f37": -1.8328061271340723, "f38": 0.044215724765745534, "f39": 0.8945625926355911, "f4": 0.6272199902929103, "f40": -2.119803520106296, "f41": 1.2048718003584322, "f42": 1.2845424653674629, "f43": 0.06569486242911593, "f44": 1.1461416475979356, "f45": -1.5614053664833298, "f46": 0.9132212123024617, "f47": 1.583527213939587, "f48": -2.8608928727560263, "f49": -0.8083203692741368, "f5": -1.3050013202266142, "f50": -0.4860281367584305, "f51": 0.6605950172278513, "f52": -1.7315973832569134, "f53": 1.0509782293794812, "f54": 1.2298673804079594, "f55": 2.322610112212822, "f6": -0.36000959291699886, "f7": -0.6697230078898455, "f8": 0.5406302999307703, "f9": 0.9433163047774329}, "datetime": {"datetime": "2023-01-30 12:05:44", "elapsed": 1220.275201, "delta": 70.83444}}
