{"target": 0.1796711620039206, "params": {"f0": -0.989600857965985, "f1": -1.6350930848302174, "f10": 1.1184773667648145, "f11": -0.2002244750253907, "f12": 0.07421383619012611, "f13": 0.48968944461756336, "f14": 0.9330509832797438, "f15": 1.2830720497538948, "f16": -0.6468678989037883, "f17": 1.1154721256479814, "f18": -2.1450663078328662, "f19": 0.526153780825513, "f2": -2.7279823615626415, "f20": -0.49366926673679945, "f21": 0.771538001987524, "f22": -1.7665097370025675, "f23": 0.22649845894834586, "f24": -0.2591539826029905, "f25": -0.779035626739578, "f26": -1.2703342894066727, "f27": -2.1767307849626114, "f28": 0.4933302184958882, "f29": -1.1072972783407586, "f3": -0.9554892390827585, "f30": 0.46443033199789563, "f31": -1.2631160689421403, "f32": -0.5174768679832197, "f33": 0.4986171128258102, "f34": 0.4126858620645255, "f35": -0.41904444299384425, "f36": -1.320657858503585, "f37": -2.372998976643857, "f38": -0.9414443303037652, "f39": -1.9365559540372237, "f4": -1.3158664763861179, "f40": -1.2355024302920254, "f41": 1.0651452554645624, "f42": 0.9041429400027168, "f43": 0.8184081090216766, "f44": -0.7239513846203133, "f45": -0.01802265129405156, "f46": -2.522789959581453, "f47": -1.1441313894140472, "f48": -1.0522466667219983, "f49": 0.7397216508786143, "f5": 2.984376921941577, "f50": 2.6099472472219643, "f51": 0.0770748209454413, "f52": -1.0124128606358647, "f53": -0.6217423202907544, "f54": -0.9003061770183993, "f55": 2.0077255557068137, "f6": -1.7501476018310957, "f7": -0.8251546424463315, "f8": -0.30642588088594025, "f9": 2.7952209877515575}, "datetime": {"datetime": "2023-01-25 17:18:08", "elapsed": 10156.863806, "delta": 84.29854}}
{"target": 0.17551733488364774, "params": {"f0": -0.30850596236261796, "f1": -0.48330405752530936, "f10": 1.2345747623926533, "f11": -0.3361821837762653, "f12": -0.5906772255703565, "f13": 1.2564555784087257, "f14": 1.9623011350145991, "f15": 2.9462232809819375, "f16": -0.6514147654041165, "f17": 1.079952175649117, "f18": -0.9080754087037737, "f19": 1.2778997244302424, "f2": -0.8129993532859072, "f20": -2.7778084306573576, "f21": 1.1433522835033858, "f22": -1.410217876297001, "f23": 0.22278590482873628, "f24": -0.5362363359747713, "f25": -0.306201182353787, "f26": -0.9032389415919078, "f27": -1.9253437294730718, "f28": 1.6020893209217577, "f29": -2.311123476768402, "f3": -1.0007824268262586, "f30": 1.6280375887793543, "f31": -0.551538607930158, "f32": -0.9627268407497986, "f33": 0.6358450279097059, "f34": 1.3227394873357725, "f35": -0.23811166577384757, "f36": -1.0201391223951881, "f37": -1.5507745366949233, "f38": -2.3181980946731637, "f39": -0.7545586349338027, "f4": -0.47492196208729864, "f40": -1.4452650665312927, "f41": 1.925555766637241, "f42": 1.3783056327728747, "f43": 0.48014196002844606, "f44": -0.7932879562207236, "f45": -0.09037185644508683, "f46": -2.8221332259265957, "f47": -2.9864082815178925, "f48": -1.1239365002474584, "f49": 0.7365735259387631, "f5": 0.5808535446287247, "f50": 2.49727531824369, "f51": 0.824545997045492, "f52": -1.0105921671220286, "f53": -0.44657221519452184, "f54": -1.1901170780801773, "f55": 2.022201526101728, "f6": -2.859947702208792, "f7": -0.6309140198257953, "f8": -0.20556739326466944, "f9": 1.221954900831935}, "datetime": {"datetime": "2023-01-25 17:18:49", "elapsed": 10197.482445, "delta": 40.618639}}
{"target": 0.19154963282609738, "params": {"f0": -0.8122463576361412, "f1": -2.1847303140786125, "f10": 1.1011405307364455, "f11": -0.14822834616262703, "f12": -0.007921881612585335, "f13": 0.6478615520256245, "f14": 0.6816294980062706, "f15": 2.143601197813147, "f16": -0.2832023099586696, "f17": 1.0751533987594624, "f18": -1.925338124012011, "f19": 0.5020025790614061, "f2": -0.7442714628311968, "f20": -2.180852985543246, "f21": 0.7680476511776663, "f22": -0.44200691828635197, "f23": -0.246797846824669, "f24": -0.18635009541162129, "f25": -0.4376539586383821, "f26": -0.7830568424165886, "f27": -1.7406926794766888, "f28": 1.0269175242634088, "f29": -1.5533895739639354, "f3": -1.1006142722134074, "f30": 0.5519649674246221, "f31": -0.7776191046990674, "f32": -0.6053808206043712, "f33": 0.611548605069479, "f34": 1.2657317219412425, "f35": -0.749794193268374, "f36": -2.2263431963090365, "f37": -1.0409548155389252, "f38": -1.0583366653786341, "f39": -1.4387287538184568, "f4": -0.6206138695546413, "f40": -0.36695573567291695, "f41": 0.8213728420799837, "f42": 2.2469139285035107, "f43": 0.495209455387571, "f44": -0.017894206200221863, "f45": -0.09843069404194565, "f46": -1.699087670060164, "f47": -1.0250749513303845, "f48": -1.337240572729639, "f49": 0.9464808296176829, "f5": 0.6645063038420136, "f50": 2.79624760122059, "f51": 0.7794389962921757, "f52": -1.0152471157035556, "f53": -0.9244126799246517, "f54": -0.6887740567641271, "f55": 0.7318369693577113, "f6": -1.1878197632062109, "f7": -0.410238416399072, "f8": -0.17856358792799099, "f9": 2.580984407592844}, "datetime": {"datetime": "2023-01-25 17:19:46", "elapsed": 10254.492798, "delta": 57.010353}}
{"target": 0.34661846700979637, "params": {"f0": -0.5501704583773708, "f1": -0.9462788402526503, "f10": 1.521140582354713, "f11": -0.037241954509231845, "f12": 0.026885228772913217, "f13": 0.23913893968199132, "f14": 0.6255737097572818, "f15": 1.450531051518274, "f16": -1.046606407582704, "f17": 0.3872969985075894, "f18": -0.7517147963296555, "f19": 1.6694783955499812, "f2": -1.1150547216614872, "f20": -2.1415609151770503, "f21": 0.30570558476046716, "f22": -1.169546500308717, "f23": 0.07990009015146315, "f24": -0.8556585201965805, "f25": -0.8486516689236459, "f26": -1.2199433919027494, "f27": -1.2351623886811933, "f28": 1.4143561014639978, "f29": -2.2864372275353353, "f3": -0.5220223638460578, "f30": 1.272701925405942, "f31": -0.40557523203630863, "f32": -1.3984837792552505, "f33": 0.9356270150649454, "f34": 1.126581425364206, "f35": -0.42480313126190805, "f36": -0.7411952995317863, "f37": -0.7655821017176205, "f38": -0.7383129369477297, "f39": -1.9068820018095236, "f4": -1.5143562699946715, "f40": -0.32882561943741484, "f41": 1.4700050476917657, "f42": 0.4954276317395306, "f43": 0.4560302594101551, "f44": -0.7070791045408236, "f45": 0.1534758636986952, "f46": -2.8860998058229708, "f47": -1.1078953431772722, "f48": -0.5817752336811979, "f49": 0.6640583625684314, "f5": 2.8720838994236684, "f50": 2.1371581282708547, "f51": 0.15822006734039598, "f52": -1.0514394730420236, "f53": -0.606628773867014, "f54": -0.9351859627825511, "f55": 1.677704528985236, "f6": -1.6937577299111741, "f7": -0.33873346125367165, "f8": -0.39569597748524854, "f9": 1.8409783749707436}, "datetime": {"datetime": "2023-01-25 17:20:51", "elapsed": 10319.303649, "delta": 64.810851}}
{"target": 0.3976380614073145, "params": {"f0": -0.5066738425100117, "f1": -1.3596765536724011, "f10": 2.909099683989728, "f11": -0.44784339284481645, "f12": 0.054036658597894416, "f13": 0.8264778020868762, "f14": 0.5706438328056784, "f15": 2.7263251420682257, "f16": -0.38332444734888416, "f17": 0.8233613837847091, "f18": -1.9156612609768982, "f19": 0.7025541849099518, "f2": -0.6857894655863062, "f20": -2.5413688639577607, "f21": 0.7988699144910647, "f22": -1.699216331859216, "f23": -0.3969699850430358, "f24": -0.5295964909928901, "f25": -0.37418077943442707, "f26": -1.2628805490692314, "f27": -0.6818885118252904, "f28": 0.5211099193193076, "f29": -1.5696115996024345, "f3": -0.9278483600739932, "f30": 0.3616424922739063, "f31": -1.3195848370538836, "f32": -1.191804196620455, "f33": 0.915405705400355, "f34": 0.4511357313474245, "f35": -0.5845583703499619, "f36": -2.105473449075628, "f37": -1.8293693076445674, "f38": -1.524973573656148, "f39": -1.7961896904339478, "f4": -0.6500827095411785, "f40": -1.5124144609587586, "f41": 0.8387131306661392, "f42": 0.46725728272473094, "f43": 0.62006926745849, "f44": -0.47621961964820814, "f45": -0.20797640451483174, "f46": -1.3107894851262683, "f47": -2.5369291760090666, "f48": -0.776925699200238, "f49": 0.7095419397902706, "f5": 0.909394480226087, "f50": 1.573178129810222, "f51": 0.5117307926412531, "f52": -1.8582813812669066, "f53": -0.2980992203718482, "f54": -1.2787531337293299, "f55": 1.718736429206037, "f6": -2.112434667640633, "f7": -0.29324965016417015, "f8": -0.4110862561276024, "f9": 2.815485404642342}, "datetime": {"datetime": "2023-01-25 17:21:15", "elapsed": 10343.136322, "delta": 23.832673}}
{"target": 0.27765752429178026, "params": {"f0": -0.15470509471583482, "f1": -1.774586858739787, "f10": 0.7076088141225517, "f11": 0.18190822295247389, "f12": -0.6046934699896627, "f13": 0.8144765693893821, "f14": 1.729874014461938, "f15": 0.8143488017609999, "f16": -0.266147832274506, "f17": 0.9537973533745153, "f18": -1.2603532925374155, "f19": 0.7787669844728495, "f2": -2.173689488870678, "f20": -1.566631343999995, "f21": 0.22829896571215502, "f22": -0.6474147609926615, "f23": -0.13261141033199664, "f24": -0.7168488689186163, "f25": -1.048230458885495, "f26": -0.9677432010938802, "f27": -1.9312093666304262, "f28": 0.9735066236092449, "f29": -0.987332016554181, "f3": -0.6727125701645934, "f30": 0.7626332313871926, "f31": -1.16194411553394, "f32": -0.28123150184117685, "f33": 1.49808603857025, "f34": 1.8477271278558913, "f35": -0.34133047127897165, "f36": -2.599812312605566, "f37": -1.1318235859543877, "f38": -2.0189410467433273, "f39": -0.823212842636015, "f4": -1.8343782899223042, "f40": -1.4605340995592855, "f41": 2.0070951800177825, "f42": 0.539081125353731, "f43": 0.503174103770635, "f44": -0.6205224412228821, "f45": -0.3709396841303885, "f46": -0.6206991925441714, "f47": -2.9149481428334876, "f48": -1.061052888190181, "f49": 0.2602295835887183, "f5": 1.3529575690235063, "f50": 1.5468248152855213, "f51": 0.04015081771754446, "f52": -0.6533718881946049, "f53": -0.7419935615829593, "f54": -0.5887243671171191, "f55": 1.8213579373193642, "f6": -2.8109909857872344, "f7": -1.4003440097658455, "f8": -0.7254087275480088, "f9": 1.7739262011606414}, "datetime": {"datetime": "2023-01-25 17:22:05", "elapsed": 10393.817799, "delta": 50.681477}}
{"target": 0.17821520380486366, "params": {"f0": -0.4678098404554544, "f1": -2.1311758370338385, "f10": 1.7988661553094036, "f11": -0.5324884648253624, "f12": -0.34874888561360357, "f13": 0.3734779888698652, "f14": 1.5499650995059913, "f15": 0.9804260887541939, "f16": -0.17864064336227525, "f17": 1.1714246034746856, "f18": -2.2695840651671615, "f19": 0.6924543764360561, "f2": -2.1599612792829617, "f20": -2.0201039558882825, "f21": 0.31048110301553944, "f22": -1.5320031714503028, "f23": 0.21468068190885148, "f24": -0.30872274804594146, "f25": -0.8781047905985205, "f26": -0.5375460995115185, "f27": -2.3295753859158412, "f28": 0.824749396933958, "f29": -0.608094612228586, "f3": -0.7541194146770966, "f30": 1.1001832436096408, "f31": -0.4709261247165436, "f32": -0.32259147743719363, "f33": 1.4011612631011099, "f34": 1.1697737817763982, "f35": -0.2855539683912889, "f36": -1.29604689502421, "f37": -1.871148471405824, "f38": -0.8931582432665759, "f39": -1.8086392023453275, "f4": -2.1214920133015576, "f40": -0.9518137667873188, "f41": 2.8433907405979557, "f42": 1.690323347880138, "f43": 0.6582997119971372, "f44": -0.39028249850242563, "f45": 0.1833248611276433, "f46": -1.6841232435938935, "f47": -0.5940241545981952, "f48": -0.9016197671720485, "f49": 1.048267666255505, "f5": 2.5019583404292525, "f50": 1.4370293528468012, "f51": 0.5523205230717546, "f52": -0.8589747948553421, "f53": -0.1526130877405687, "f54": -0.8151376108967628, "f55": 2.171181122254781, "f6": -2.3236949791684327, "f7": -0.29956725021175257, "f8": -0.7708291737808564, "f9": 0.6119827181503033}, "datetime": {"datetime": "2023-01-25 17:23:44", "elapsed": 10492.16295, "delta": 98.345151}}
{"target": 0.3970502644243297, "params": {"f0": -0.948412757393276, "f1": -1.1875447487366804, "f10": 2.0724750472550584, "f11": -0.07320546448975546, "f12": -0.6631824094822865, "f13": 1.0302025287161527, "f14": 0.9767272466249828, "f15": 1.5009386120627661, "f16": -0.531625740798299, "f17": 0.9426382435267578, "f18": -1.036870858929409, "f19": 1.5722238314490646, "f2": -1.0795745263445744, "f20": -1.1800825299565196, "f21": 0.878607396656536, "f22": -0.503050189455652, "f23": 0.05330703630136324, "f24": -0.5119190069934617, "f25": -0.9599520120895746, "f26": -0.32198861128334877, "f27": -1.4693337167196165, "f28": 1.549773102113451, "f29": -2.347908519387433, "f3": -1.0508042023432662, "f30": 1.139918573099902, "f31": -1.0119815991760746, "f32": -1.109670094732714, "f33": 1.5033244430109187, "f34": 1.6903969032812542, "f35": -1.1303765590715438, "f36": -0.9344693093422127, "f37": -1.8199245745821657, "f38": -1.986269908120307, "f39": -2.4243542787776544, "f4": -1.4127840900853523, "f40": -1.381424599698139, "f41": 0.9349110330588064, "f42": 1.7051256715693628, "f43": 0.3476846420561095, "f44": -0.7225718049899799, "f45": 0.16529437873047198, "f46": -1.3100722176267434, "f47": -0.9278318891801232, "f48": -0.4433552261696838, "f49": 1.01556997591648, "f5": 1.0033546966295492, "f50": 2.235467193814726, "f51": 0.7180216897071275, "f52": -0.7326018920675512, "f53": -0.1297101750515004, "f54": -0.8144194722543102, "f55": 1.8192442137492826, "f6": -2.1738707230107064, "f7": -0.7869776539429206, "f8": -0.47638057022135216, "f9": 1.152451301801833}, "datetime": {"datetime": "2023-01-25 17:24:04", "elapsed": 10512.223687, "delta": 20.060737}}
{"target": 0.34677859926990734, "params": {"f0": -0.8384644239066625, "f1": -0.8682630628888488, "f10": 1.2056264430091024, "f11": -9.736214341993232e-05, "f12": -0.15200010384088947, "f13": 0.9209473004407654, "f14": 0.4982548771109825, "f15": 2.7365149942210527, "f16": -0.488051965108521, "f17": 1.1987856407128121, "f18": -0.49365450825160795, "f19": 1.3555437692290182, "f2": -0.9573630576143093, "f20": -2.261599257981252, "f21": 0.2038661424738022, "f22": -0.4901826057743406, "f23": -0.08431923586034779, "f24": -0.7866278127555896, "f25": -0.9592898637181958, "f26": -0.5289553508468743, "f27": -1.9788568630585683, "f28": 0.4532878022550039, "f29": -0.8430146234678833, "f3": -0.32510777386512657, "f30": 1.1465659244926423, "f31": -1.0520660316866737, "f32": -0.617562534267851, "f33": 1.341034751221247, "f34": 0.9683300194305153, "f35": -1.048326321758276, "f36": -2.1105523673320272, "f37": -2.17426463020069, "f38": -0.5570197886436601, "f39": -2.3070922260940887, "f4": -1.7757602596282203, "f40": -0.5473047918743394, "f41": 1.2340135486682444, "f42": 2.260695732714077, "f43": 1.1147765090998174, "f44": -0.28199623333713164, "f45": -0.1396406806972943, "f46": -0.6200849335626355, "f47": -2.5281376160569704, "f48": -1.4190733240145024, "f49": 0.19447211241972234, "f5": 0.5159388541194913, "f50": 2.1785696506680967, "f51": 0.19690953880332634, "f52": -1.903824873331089, "f53": -0.5750843151788462, "f54": -0.9097350794242598, "f55": 1.2603999369252161, "f6": -2.8881866799521356, "f7": -1.4552694119162954, "f8": -1.020000980856701, "f9": 2.173650066223285}, "datetime": {"datetime": "2023-01-25 17:24:53", "elapsed": 10561.843917, "delta": 49.62023}}
{"target": 0.12478783944103701, "params": {"f0": -0.41795249916086397, "f1": -1.3510565992820733, "f10": 2.009605320850687, "f11": -0.21947957304590976, "f12": -0.39209757067911044, "f13": 0.3460678069941747, "f14": 0.8093987931403585, "f15": 2.489248839767671, "f16": -0.490089643842051, "f17": 1.534763586346699, "f18": -1.517293460341516, "f19": 1.2001055322274485, "f2": -2.7446662167191223, "f20": -2.485415266036745, "f21": 1.0863568872461358, "f22": -1.6634748375474087, "f23": 0.10707685973761827, "f24": -0.6779781094856341, "f25": -0.15319485474190064, "f26": -1.2707661618597494, "f27": -0.7419361518784795, "f28": 1.5311864498813605, "f29": -0.9757796408500896, "f3": -0.9500059618927249, "f30": 1.2095401008676865, "f31": -1.0524501015885277, "f32": -0.7824298620421833, "f33": 1.0137393178425438, "f34": 1.8322360334832466, "f35": -0.6129195866917804, "f36": -0.577252416352922, "f37": -1.1294794705217082, "f38": -1.3398613126839656, "f39": -2.0352043582241492, "f4": -1.210174996602037, "f40": -1.4332660978575738, "f41": 2.7361100519954342, "f42": 0.6950709811954188, "f43": 0.39879318900952576, "f44": -0.412963446306968, "f45": 0.32051764269858346, "f46": -1.556284141211894, "f47": -2.2260504487389863, "f48": -0.8769048189331147, "f49": 1.0385661272948592, "f5": 1.7989959030612142, "f50": 1.2183804942305947, "f51": 0.4224369446603204, "f52": -1.8642764033511485, "f53": -0.3244376351525574, "f54": -0.5010947661852796, "f55": 2.9571586401162553, "f6": -2.164779222078236, "f7": -0.6556249244471517, "f8": -0.4981414519923619, "f9": 2.391781966455948}, "datetime": {"datetime": "2023-01-25 17:26:24", "elapsed": 10652.223303, "delta": 90.379386}}
{"target": 0.4760942978332018, "params": {"f0": -0.15845940377699586, "f1": -1.7190850152678672, "f10": 2.8597841040958896, "f11": 0.012991437883908663, "f12": -0.02211423946519231, "f13": 0.3192965718822271, "f14": 0.8867549995555476, "f15": 1.6009348517479516, "f16": -0.17105053317134622, "f17": 1.088721780917557, "f18": -0.5484237628852564, "f19": 0.760733709651233, "f2": -1.5957162580635178, "f20": -2.516415196856252, "f21": 0.47132747652160334, "f22": -1.3159048913043176, "f23": -0.003651637399155694, "f24": -0.6393704140729207, "f25": -0.915948388691181, "f26": -0.5134841767108128, "f27": -2.777993694519035, "f28": 1.1343317529707926, "f29": -2.054333125166322, "f3": -0.2813676878635999, "f30": 0.7837156354968683, "f31": -0.94147952253609, "f32": -1.4170475549147759, "f33": 1.0491143517887185, "f34": 1.280096062285121, "f35": -0.36082488261466883, "f36": -1.0935226486784875, "f37": -1.2670416656497079, "f38": -2.186054071263028, "f39": -0.740430145328077, "f4": -2.0340605117140256, "f40": -1.5976550676138337, "f41": 2.005639534354782, "f42": 2.2879788256394837, "f43": 0.4328310153580069, "f44": -0.8014943769503464, "f45": -0.1481747586164594, "f46": -0.6047357821623343, "f47": -1.7802014944344813, "f48": -0.35664072445210726, "f49": 0.9963557080006086, "f5": 2.768657504165806, "f50": 1.7303690185340745, "f51": 0.3306964968667095, "f52": -0.886200892480594, "f53": -0.42816914211097895, "f54": -1.1499419509837172, "f55": 2.0424410721614694, "f6": -1.779015073692937, "f7": -0.9989100495794148, "f8": -0.6744400959511259, "f9": 2.313201994841785}, "datetime": {"datetime": "2023-01-25 17:27:34", "elapsed": 10722.385795, "delta": 70.162492}}
{"target": 0.14506958111678858, "params": {"f0": -0.7901063226417542, "f1": -1.653786152818401, "f10": 0.7873994131618379, "f11": 0.18637004408541114, "f12": 0.049580169422455245, "f13": 0.9586417464994891, "f14": 2.1774688955281802, "f15": 1.2608169155190274, "f16": -0.5654923065007417, "f17": 0.7677462038118298, "f18": -1.681587830313203, "f19": 0.9211732667360739, "f2": -2.45537034573444, "f20": -2.3592079077194996, "f21": 1.216073135012678, "f22": -0.6947494405652523, "f23": -0.21293645301775363, "f24": -0.7796687404879429, "f25": -1.0255463467446375, "f26": -1.1119833133585877, "f27": -1.2676893204601096, "f28": 0.8810372819367405, "f29": -2.0432530244784983, "f3": -0.7412601662907972, "f30": 1.2454816994254594, "f31": -0.26381774582787476, "f32": -0.8641206855126153, "f33": 0.7975923906338754, "f34": 1.365422311156592, "f35": -1.322796781724545, "f36": -0.9417784224521468, "f37": -2.0707029186050043, "f38": -1.1743455448773668, "f39": -1.45914111299985, "f4": -1.1783893412737254, "f40": -0.7969895297871292, "f41": 2.9493492131085137, "f42": 1.616993819854737, "f43": 0.8486818616845253, "f44": -0.28676890920232334, "f45": 0.1507016199567855, "f46": -0.6678042460902383, "f47": -1.2591608824646092, "f48": -0.6396872587684139, "f49": 0.27631770311444515, "f5": 0.9937027292810159, "f50": 2.4734423342177165, "f51": 0.3209508711673625, "f52": -1.7411364713525748, "f53": -0.5491516797131234, "f54": -1.2972446263340978, "f55": 2.715933285726963, "f6": -2.0971475638171437, "f7": -0.5893071018135814, "f8": -0.22513424943139593, "f9": 2.0995476525600063}, "datetime": {"datetime": "2023-01-25 17:28:19", "elapsed": 10767.770177, "delta": 45.384382}}
{"target": 0.1471659621338224, "params": {"f0": -0.8747412495496241, "f1": -0.5533626560989819, "f10": 1.6540153148587078, "f11": -0.35020949220832276, "f12": -0.23717528239994157, "f13": 0.721267370472253, "f14": 0.8587306010186526, "f15": 1.112147463296876, "f16": -0.5557531954276992, "f17": 1.1768524012954469, "f18": -0.6550753197530472, "f19": 0.6566262492363206, "f2": -2.6388308201335717, "f20": -1.522349321728656, "f21": 0.970696753535457, "f22": -1.0059847269692686, "f23": -0.3264757210555871, "f24": -0.5247675028246432, "f25": -0.3307682252855261, "f26": -0.2783020846666042, "f27": -2.610641334223003, "f28": 0.4222722791890313, "f29": -1.4231333840079403, "f3": -0.5140267099766829, "f30": 1.3350587630832205, "f31": -0.7343026855729723, "f32": -0.736835091928113, "f33": 1.4596532524718322, "f34": 1.0861420815031062, "f35": -0.3517447560752779, "f36": -1.1678579089144365, "f37": -0.6835217109254816, "f38": -0.9355846640966448, "f39": -0.5974271945076004, "f4": -1.8938225438927667, "f40": -1.284776399333933, "f41": 1.0171367224570125, "f42": 0.7412314695909814, "f43": 0.4115281462485479, "f44": -0.41636712911371426, "f45": 0.30384770124431143, "f46": -1.2302688887464202, "f47": -2.658489620819434, "f48": -1.4572768628199169, "f49": 0.9390790767097104, "f5": 1.1905627994571801, "f50": 2.7309877733424126, "f51": 0.5472454993059749, "f52": -0.679543280815553, "f53": -0.7973305441410692, "f54": -0.6646507351940744, "f55": 0.6084875943973035, "f6": -0.9585066253349415, "f7": -1.1411729947009543, "f8": -0.7060943044492392, "f9": 1.6335639860158742}, "datetime": {"datetime": "2023-01-25 17:29:18", "elapsed": 10826.607876, "delta": 58.837699}}
