{"target": 0.0903366899874057, "params": {"f0": -1.144335906039293, "f1": -2.6208010803487696, "f10": -0.14141311449410665, "f11": -2.1059359928879133, "f12": -1.3651096929832935, "f13": 0.6874902717248941, "f14": 2.069881949359461, "f15": 2.2581687750250916, "f16": 0.2361708603943229, "f17": 1.8994539181817496, "f18": -1.7074848306951689, "f19": 2.549456179324597, "f2": -2.123191317348412, "f20": 0.34374418956104247, "f21": 0.42574931797503357, "f22": -0.7067782887248524, "f23": 0.48446314108696686, "f24": -0.308139762495772, "f25": -1.571578671683318, "f26": -2.3263620701047465, "f27": -1.6157877189036913, "f28": 0.41112352290692034, "f29": -0.8851774222323572, "f3": 1.8875106178391627, "f30": -1.6387809380795793, "f31": -1.3898416685942692, "f32": -0.20805904711235623, "f33": -1.358603640413407, "f34": 0.1984210418672978, "f35": 1.1437855409175208, "f36": -0.36132618686837326, "f37": 1.0973106051740569, "f38": -2.7863586820056456, "f39": -1.9705153721656572, "f4": -2.774278256517875, "f40": -2.793243797799979, "f41": 1.674814522407054, "f42": 0.6921677282791201, "f43": -0.07938713605611358, "f44": -0.7176153579839637, "f45": 0.21492834383277604, "f46": -1.8982957519815924, "f47": 0.19290877635116654, "f48": -2.3169707018054266, "f49": 0.9309776725808945, "f5": -0.5979235270344141, "f50": 0.309153574222389, "f51": 0.9397576522910556, "f52": -1.530909788452573, "f53": -1.2217711241027727, "f54": -1.163913939758681, "f55": 0.9001702142069448, "f6": -2.0449033538553385, "f7": -1.1401116723825369, "f8": -1.7469841598662907, "f9": 2.436660131245967}, "datetime": {"datetime": "2023-01-25 14:28:51", "elapsed": 0.0, "delta": 0.0}}
{"target": 0.08694770042023822, "params": {"f0": -0.9048788630610582, "f1": -2.0236414689144326, "f10": -1.909706610857776, "f11": -1.256221972459121, "f12": 2.484910589718204, "f13": 0.8953396038900201, "f14": -2.9350526998576583, "f15": 2.357943035140665, "f16": -0.0947694936614294, "f17": 1.8402500298360422, "f18": -2.3342054813956885, "f19": 0.34274097274566895, "f2": 0.5907823826194125, "f20": 1.1076027288481285, "f21": 2.770875518587747, "f22": -2.833959876132316, "f23": 0.0470031895596037, "f24": -0.7480563595896688, "f25": 1.7807765454127518, "f26": -0.1278277291815222, "f27": 0.15887637884304517, "f28": -2.152266765988874, "f29": 1.2277265804848438, "f3": 0.05187589792714542, "f30": 2.8375254482612116, "f31": 2.9465664206951834, "f32": 2.266278310795678, "f33": 2.0362037333863867, "f34": 2.573112021005177, "f35": -2.9141182132324426, "f36": 0.2645362919624734, "f37": 1.4626156119282623, "f38": -1.4505322150426117, "f39": -0.3247740170892337, "f4": 1.1111143654893434, "f40": -2.4564049835865758, "f41": -2.7521066171834043, "f42": -0.8666615204353754, "f43": 1.6515061702463516, "f44": -1.72199397790691, "f45": -2.4576185278433638, "f46": 2.3939989802930715, "f47": -0.7235040222940876, "f48": 2.7036074865745725, "f49": -2.6278506688582617, "f5": 2.0283401653780944, "f50": -2.7826553011129773, "f51": 0.5706710589335797, "f52": 1.101104012173689, "f53": -0.8461170062230106, "f54": 0.45929272280658573, "f55": 0.49151270957081294, "f6": -2.8493120645532706, "f7": 1.7115426175778259, "f8": 0.9839094703471405, "f9": -0.4273280792837246}, "datetime": {"datetime": "2023-01-25 14:29:42", "elapsed": 50.486119, "delta": 50.486119}}
{"target": 0.12563105808108838, "params": {"f0": -1.2826695794598924, "f1": -1.982880144194156, "f10": 2.106373410571442, "f11": -2.3204830269764294, "f12": -2.7666128631133047, "f13": 1.2909492900794448, "f14": 2.2565718853894254, "f15": 2.8704481547951524, "f16": -1.5434967235112655, "f17": 1.0011239474870404, "f18": -1.110117233869807, "f19": 1.1399449601437008, "f2": -2.3072289185666883, "f20": 1.4018980079116505, "f21": 1.657807294917304, "f22": -2.6248460560148508, "f23": 2.0292238128177362, "f24": -0.5987053795292967, "f25": -2.175852074543197, "f26": -1.7092308915514758, "f27": -0.508349543053078, "f28": 1.390227831250658, "f29": -2.0314565079588505, "f3": 2.1809594625951974, "f30": 0.6268109429417201, "f31": 0.29316381024247384, "f32": -0.9572191207979437, "f33": -1.1166447842824803, "f34": 0.836240517710233, "f35": 0.5703303711596868, "f36": -0.5816448002601633, "f37": 0.3000426336782036, "f38": -0.5898346207762009, "f39": -2.342456094769761, "f4": -2.664055097890933, "f40": -0.9262265981795976, "f41": 1.3969693786204336, "f42": 1.3475169713164585, "f43": 1.5622850410027325, "f44": -0.8461512970986003, "f45": -1.9882193824088177, "f46": 0.4188763388286465, "f47": -0.8833984511241364, "f48": -0.44090407527009434, "f49": 1.0776504762275754, "f5": -2.218940663202122, "f50": 0.9516583656630133, "f51": 0.8113433611053664, "f52": -2.317073904833153, "f53": -2.6066934187870014, "f54": -2.867191882163479, "f55": 1.4842809866752886, "f6": -0.304958830573165, "f7": -0.6684901307441415, "f8": 0.5688543709809522, "f9": 1.3401327214447212}, "datetime": {"datetime": "2023-01-25 14:31:24", "elapsed": 153.020698, "delta": 102.534579}}
{"target": 0.3710636737077789, "params": {"f0": -2.5386413436178086, "f1": -1.9483415539910676, "f10": 2.969238069208564, "f11": -2.596282923856987, "f12": -0.785558367182666, "f13": 1.585990886284713, "f14": 1.3388892772993184, "f15": 1.9497015741465729, "f16": -0.8524495451162695, "f17": 0.909389069890449, "f18": -2.7940457423922127, "f19": 1.711605681804196, "f2": -2.269140863724797, "f20": -0.516171294997025, "f21": 2.382041243200436, "f22": -2.8684879609970593, "f23": 0.14854682649223777, "f24": -2.7229660193644376, "f25": -1.0410998675989656, "f26": -2.6447175197868074, "f27": -2.182313994950362, "f28": 2.4317626090184556, "f29": -0.2655697885566828, "f3": 1.3551974058683505, "f30": 1.3486877555004473, "f31": -0.53142840818727, "f32": -2.5994335495463314, "f33": -1.2454507984842484, "f34": 0.7510706365657493, "f35": 0.6412331600122032, "f36": -0.7543460193284954, "f37": -1.3292447669228895, "f38": -0.813191814738428, "f39": -1.4975824056140483, "f4": -2.9181289281110496, "f40": -0.034407697916408964, "f41": 1.8685066179088117, "f42": 1.2146663735494112, "f43": 1.3377280788971684, "f44": -0.35214772416034057, "f45": -0.9789147078642499, "f46": -0.4231545209648466, "f47": -0.29713048544760934, "f48": -1.740645829268199, "f49": 2.5906292469538363, "f5": -0.27164754843436434, "f50": 1.3223960498350342, "f51": -0.058887939015447754, "f52": -2.5460117720555, "f53": -2.501292968849185, "f54": -2.7268031621974482, "f55": 1.3082754024316046, "f6": -0.4913318575465393, "f7": -2.587958692615249, "f8": 0.9148441850488491, "f9": 2.890244517348304}, "datetime": {"datetime": "2023-01-25 14:34:11", "elapsed": 319.429929, "delta": 166.409231}}
{"target": 0.13901295626465832, "params": {"f0": -2.2485928773510544, "f1": -2.2092559343731373, "f10": 2.6284374128759698, "f11": -2.9661792685969233, "f12": 0.42986110640900765, "f13": 2.096790871965159, "f14": 1.178873447184867, "f15": 2.7898073261263843, "f16": -1.072891346184006, "f17": 1.7443155187222228, "f18": -2.941722193944923, "f19": 1.1361245465508536, "f2": -0.8693252569714796, "f20": 0.36448340112598077, "f21": 1.9596451689231131, "f22": -2.936929404833846, "f23": 1.5448044163582795, "f24": -1.724635542464075, "f25": -1.0690601222459406, "f26": -1.870838271371724, "f27": -2.555930523029795, "f28": 1.6281235215664294, "f29": -1.2688846608858828, "f3": 2.182388430605986, "f30": 0.32065837044530987, "f31": -0.8674578375707249, "f32": -2.5340215203756005, "f33": -1.0158434294414649, "f34": 0.44658917390099284, "f35": -0.24847251589108765, "f36": 0.1747934996766749, "f37": -1.6347516495572618, "f38": -2.1436525434537677, "f39": -2.76303482385955, "f4": -2.6303086597054386, "f40": -0.6375566198253559, "f41": 1.6450171832523852, "f42": 1.2487981841793505, "f43": 1.6773671101218004, "f44": -0.20559355807813384, "f45": 0.04373789351987378, "f46": 0.5292760044998674, "f47": 0.3715687699355552, "f48": -2.7838396278660262, "f49": 2.6682596954711504, "f5": -1.4843696230876409, "f50": 1.3872712597190586, "f51": 0.5205248562772511, "f52": -2.492352772851845, "f53": -1.5052728015578638, "f54": -1.879409435537715, "f55": 1.6509561781890094, "f6": -1.2043549738264243, "f7": -1.9545495818690264, "f8": -0.42191099201826887, "f9": 2.6545543138020933}, "datetime": {"datetime": "2023-01-25 14:35:49", "elapsed": 417.481247, "delta": 98.051318}}
{"target": 0.4584407631274264, "params": {"f0": -2.249985109271134, "f1": -0.778825807289433, "f10": 1.6444724191804903, "f11": -1.0703752728457412, "f12": -0.8694937388744792, "f13": 1.7723968388332054, "f14": 1.7302578866414116, "f15": 1.7894645161126121, "f16": 0.23052475415409823, "f17": 0.0747288198271171, "f18": -2.1636372986470267, "f19": 2.5120445478325975, "f2": -0.8203910233394471, "f20": -1.545906329834796, "f21": 2.4578914489826387, "f22": -1.5760460535732213, "f23": -0.9609933361308882, "f24": -1.3238203818264458, "f25": -2.317112546309595, "f26": -1.631610154173927, "f27": -1.8153282607487018, "f28": 1.697314480418975, "f29": -1.3468203304695125, "f3": -0.27789840579512487, "f30": 2.5615217067869507, "f31": -1.3435311843355953, "f32": -2.573394413630404, "f33": -0.6377534699298892, "f34": 1.9950143198033967, "f35": -0.7484619601197084, "f36": -1.5536418251547524, "f37": -2.800990713529879, "f38": -0.9368916260955111, "f39": -0.9910024249334604, "f4": -1.2744449629521108, "f40": -0.7257517591136889, "f41": 2.8600847582021336, "f42": 1.586660827316507, "f43": -0.2145618896122875, "f44": 0.3394604155699783, "f45": -0.4288712920756228, "f46": -1.59138437171683, "f47": -1.6239122988164698, "f48": -2.5491714342049043, "f49": 2.247208083957976, "f5": 0.6848769065285838, "f50": 0.9915213861642616, "f51": -0.46805397279363636, "f52": -1.6198897643269436, "f53": -0.6080672616302336, "f54": -1.033132201636512, "f55": 1.7616859328377554, "f6": -1.798787570256498, "f7": -1.3069728482561036, "f8": -0.3974458384409398, "f9": 2.447464216574957}, "datetime": {"datetime": "2023-01-25 14:37:06", "elapsed": 494.506568, "delta": 77.025321}}
{"target": 0.30518826951542816, "params": {"f0": -2.5188695077282808, "f1": -1.8869244401342813, "f10": 2.28022857467119, "f11": -0.9961606786264992, "f12": -0.9113605631094648, "f13": 2.9395653383959397, "f14": 1.818120087419403, "f15": 1.9399533264001099, "f16": -0.06135683301601813, "f17": -0.8370965841881957, "f18": -2.6982852910516915, "f19": 0.778431821472048, "f2": -1.4481781242359038, "f20": -0.6416940445163908, "f21": 0.6304161114268353, "f22": -2.1048704496243875, "f23": -0.9547265274236596, "f24": -2.5915204613657883, "f25": -2.3637786270469863, "f26": -1.543138235968284, "f27": -2.745983403041548, "f28": 1.7556687628765804, "f29": -0.5833304982768883, "f3": -0.8687912785403137, "f30": 2.120037932164501, "f31": -1.7446900578652196, "f32": -1.6834012205635351, "f33": -0.28621626904392894, "f34": 2.2540078603915976, "f35": 0.018774410380935525, "f36": -2.5853216149338087, "f37": -2.235996008299744, "f38": -1.1213508396852774, "f39": -1.2298041889433904, "f4": -2.6506734495981767, "f40": -0.17855446774039052, "f41": 1.0565254324526987, "f42": 0.4830147388828126, "f43": 0.3246015521774763, "f44": 0.5831898447454866, "f45": -1.242979128311692, "f46": -1.9323596066037267, "f47": -2.697065698021272, "f48": -1.8976871665869333, "f49": 1.29624449288991, "f5": 1.907932648819934, "f50": 1.5787937477892353, "f51": 0.3350583960289093, "f52": -1.3657362959560273, "f53": -1.2158576877451246, "f54": 0.28748650521432983, "f55": 0.2854640569054677, "f6": -1.7056917399467677, "f7": -0.9625257609180544, "f8": -0.3180065084848702, "f9": 1.492246793249045}, "datetime": {"datetime": "2023-01-25 14:38:08", "elapsed": 556.123412, "delta": 61.616844}}
{"target": 0.11919762752766189, "params": {"f0": -1.8054988022608367, "f1": -0.31541125777395096, "f10": 1.0117819474334446, "f11": -1.0851116058896821, "f12": -0.7276238537708759, "f13": 2.0924406225973353, "f14": 0.607796286280264, "f15": 2.49647008123843, "f16": -0.8133357968081145, "f17": 0.04425136714719535, "f18": -2.8754321712433395, "f19": 1.7327296672550152, "f2": -0.13642200204082333, "f20": -0.6391004526944699, "f21": 1.058108664979125, "f22": -1.9122731158980917, "f23": -0.8886160590842835, "f24": -0.42371847503673754, "f25": -2.271317551686953, "f26": -2.046088894803785, "f27": -1.9548411272650348, "f28": 0.8926610436924235, "f29": -2.0022857381844323, "f3": 0.4109149509257348, "f30": 2.1570127055407555, "f31": -2.0155031249117306, "f32": -0.9725169632278221, "f33": -0.07959470781730715, "f34": 1.9025972827674713, "f35": 0.15533899382785776, "f36": -0.7397545569202437, "f37": -0.9253558058631057, "f38": -0.060296848525003055, "f39": 0.1153116249982391, "f4": -2.153385246066459, "f40": -0.09140919267169134, "f41": 1.0557077517267386, "f42": 2.6171016912643474, "f43": 0.18976124440387698, "f44": -0.6855933518467949, "f45": -1.4522101977816217, "f46": -1.1374449563126297, "f47": -0.5977165064360181, "f48": -1.091020104370328, "f49": 2.2283395298198356, "f5": 0.3013466453180401, "f50": 0.05250418737246437, "f51": 0.05575731530198058, "f52": -2.012185035735557, "f53": -0.39090249993187265, "f54": -1.8783565968549145, "f55": 0.8275534140332987, "f6": -1.573098163289969, "f7": -2.025882501258081, "f8": -1.4309207807692024, "f9": 0.5921638932172342}, "datetime": {"datetime": "2023-01-25 14:38:44", "elapsed": 592.23549, "delta": 36.112078}}
{"target": 0.7451495349864871, "params": {"f0": -0.8730057802548936, "f1": -0.810755864206163, "f10": 2.687549501262723, "f11": 0.0467813734244662, "f12": -0.14564927554359586, "f13": 0.8590554830856858, "f14": 2.9126164255630433, "f15": 2.751162034626536, "f16": -0.650666305428959, "f17": 1.198200955289351, "f18": -1.7427895825542814, "f19": 0.753873004355497, "f2": -1.3479557969606364, "f20": -1.9290305456595287, "f21": 1.6498432280655737, "f22": -0.6216088871583327, "f23": 0.026884779569516848, "f24": -1.792931636814148, "f25": -1.9437663520245199, "f26": -1.7116189516090856, "f27": -1.9202973343416176, "f28": 1.3725107951255817, "f29": -2.186779811940219, "f3": -1.2730143347059097, "f30": 0.7629487511883153, "f31": -0.6913531537724322, "f32": -1.9958303747855264, "f33": 0.499775739883457, "f34": 0.7027842545667999, "f35": -0.7800199323132413, "f36": -1.88215562407406, "f37": -2.780295745102229, "f38": -1.5321153879108087, "f39": -1.2753002349946463, "f4": -0.8741992049127116, "f40": -0.7546234167688326, "f41": 2.875094231337409, "f42": 1.58252067929465, "f43": 0.7811952444027046, "f44": -0.40342760938133315, "f45": 0.04902650674137998, "f46": -1.406248759040703, "f47": -1.8762106221136734, "f48": -1.8102985736124622, "f49": 0.9454120896103604, "f5": 1.6431377317310412, "f50": 2.056053369743131, "f51": -0.11713353124380488, "f52": -0.7135327191476502, "f53": -0.15176229473930514, "f54": -1.9291179162883678, "f55": 2.238359350905542, "f6": -2.4695180581804124, "f7": -0.6783619182776723, "f8": -0.7694752355895511, "f9": 2.6136185606570264}, "datetime": {"datetime": "2023-01-25 14:39:48", "elapsed": 656.884792, "delta": 64.649302}}
{"target": 0.09448415529691781, "params": {"f0": -1.1745293715146246, "f1": -0.6204242013970583, "f10": 3.0, "f11": 0.2257756285872377, "f12": -0.16892059334028744, "f13": 0.5524370264913511, "f14": 3.0, "f15": 2.2799781885501207, "f16": -0.27267856557836323, "f17": 1.0833587879368463, "f18": -1.5710377466118957, "f19": 1.2398317628303652, "f2": -1.7463222182585527, "f20": -2.8863924588106484, "f21": 2.673846349636618, "f22": -0.5140822296699681, "f23": -0.45138495174821525, "f24": -2.5133307216638707, "f25": -1.8644134168144144, "f26": -1.788026132418312, "f27": -1.8573273591258534, "f28": 2.0446219667437444, "f29": -1.8014400023930963, "f3": -1.9016899838131203, "f30": 1.4792917007758555, "f31": -0.32011826890655215, "f32": -3.0, "f33": 0.3366069608535098, "f34": 0.7865268218883099, "f35": -1.153112753105067, "f36": -2.3482479707916424, "f37": -3.0, "f38": -1.4047323809869394, "f39": -1.2531631304525075, "f4": -0.34894936245410274, "f40": -0.5982478667959769, "f41": 3.0, "f42": 1.4439419905325543, "f43": 0.6154453340361107, "f44": -0.040961003710126224, "f45": 0.33893936325884133, "f46": -1.681365872034929, "f47": -2.3342760100343094, "f48": -2.2438627296974856, "f49": 1.2528514426414734, "f5": 2.1711230374760038, "f50": 2.506581027834114, "f51": -0.6989600916913203, "f52": -0.6285169576724866, "f53": -0.31772807363233724, "f54": -2.111037223441409, "f55": 2.794845340102521, "f6": -2.397099319114557, "f7": -0.7868806777468236, "f8": 0.04422985209990283, "f9": 3.0}, "datetime": {"datetime": "2023-01-25 14:40:39", "elapsed": 708.006871, "delta": 51.122079}}
{"target": 0.1850642959297614, "params": {"f0": -1.745502398677744, "f1": -1.139464334136946, "f10": 0.5309052101197407, "f11": 0.3200199845691294, "f12": -0.09912319026742844, "f13": 1.753273773876181, "f14": 2.6830367466604788, "f15": 0.7850923794576316, "f16": -0.9269549632439377, "f17": 0.6309220833751733, "f18": -2.4758574610927284, "f19": 0.6189867822847331, "f2": -0.5628304599107874, "f20": -0.8204672173226877, "f21": 2.583417155470197, "f22": -0.4803186625840976, "f23": -0.0717022075319651, "f24": -0.971263245915083, "f25": -1.6265400448175031, "f26": -1.8992627170086966, "f27": -2.9131489010343583, "f28": 0.7152411782479586, "f29": -0.6337008858669315, "f3": -1.4511625919519413, "f30": 1.4432730164123213, "f31": -0.49855899492937394, "f32": -1.7337175780944076, "f33": 1.2867385475185076, "f34": 0.7282948899564894, "f35": -0.8145439323017128, "f36": -1.8574192259330078, "f37": -2.6516048057828407, "f38": -0.8709962437911982, "f39": -0.7994461513908462, "f4": -1.4835203055731543, "f40": -1.4510164785218356, "f41": 1.2954508134193667, "f42": 2.0793148559165227, "f43": 1.401306963653889, "f44": 0.49059064029432786, "f45": 0.2331443096596676, "f46": -2.2868119261305333, "f47": -1.9283175315848111, "f48": -0.8598694122183348, "f49": 0.7108681057756836, "f5": 1.444188614036147, "f50": 1.3472806836368505, "f51": 0.10008713465373376, "f52": -0.15741289012647464, "f53": 0.13456116491304737, "f54": -1.9718424065241142, "f55": 2.3879641558159506, "f6": -2.5239325983810037, "f7": -1.3551000479469395, "f8": -0.21204910347422734, "f9": 1.2380604373131012}, "datetime": {"datetime": "2023-01-25 14:41:31", "elapsed": 759.413382, "delta": 51.406511}}
{"target": 0.07781195892817581, "params": {"f0": -0.22429426181027057, "f1": -0.2154743363416034, "f10": 1.3967053968615826, "f11": 0.022359705817744824, "f12": -0.4315746941559615, "f13": 0.3120404142228002, "f14": 2.200158843314965, "f15": 0.7540491908104582, "f16": -0.8880338437804043, "f17": 1.6062302151296952, "f18": -1.421719898535384, "f19": 1.0106372655290743, "f2": -2.0470335858157487, "f20": -1.5876557642292033, "f21": 2.197381588170683, "f22": 0.21213236899599597, "f23": -0.5564767072318153, "f24": -2.648138308577875, "f25": -1.1413099192770317, "f26": -2.1062412019358447, "f27": -2.8048508028250048, "f28": 1.0579275007500462, "f29": -0.9851286100698884, "f3": -1.6642999940006016, "f30": 0.8404792472260629, "f31": -0.6875889926649342, "f32": -2.169750396292732, "f33": 0.29831757616531174, "f34": 0.7432581725813666, "f35": -0.5718644585056707, "f36": -0.9078081250259609, "f37": -2.9528580633527817, "f38": -1.2442358905654385, "f39": -1.509615723548231, "f4": -0.9445005558641016, "f40": -0.9181217637686366, "f41": 0.6544479761980526, "f42": 0.6968207963018054, "f43": 0.029329701059568454, "f44": -0.9671828714956713, "f45": -0.22440600856969423, "f46": -1.9721136790569633, "f47": -1.8622491121177216, "f48": -1.7163262714765248, "f49": 0.4588092795791063, "f5": 2.2757442606973224, "f50": 1.5312499206886072, "f51": 0.7336536326624573, "f52": -1.416210555538931, "f53": -0.5923529072557191, "f54": -1.3471853877051556, "f55": 0.5800464927934446, "f6": -2.326303050011752, "f7": -1.3966202744592735, "f8": -0.7987007178656484, "f9": 1.3815358901555292}, "datetime": {"datetime": "2023-01-25 14:43:12", "elapsed": 860.586228, "delta": 101.172846}}
{"target": 0.48739398925803795, "params": {"f0": -0.594566377232703, "f1": -1.4963959574211758, "f10": 1.0602293705700576, "f11": 0.06012561639525049, "f12": 0.47840633149019585, "f13": 1.0006852525516052, "f14": 0.5413530915281083, "f15": 1.174637700536835, "f16": -0.09302111773801758, "f17": 1.9202640935787558, "f18": -2.561531750397002, "f19": 0.4323287420274993, "f2": -1.0738712146432314, "f20": -1.1494284230983114, "f21": 2.6402933505420743, "f22": -1.037185607639704, "f23": -0.4691916329105641, "f24": -1.3010879245932614, "f25": -1.6076883978426721, "f26": -1.6699284796662943, "f27": -1.3693827701796795, "f28": 2.1659411657475407, "f29": -0.5648336472527045, "f3": -1.785150261673378, "f30": 1.3427872436519883, "f31": -0.7909015063716658, "f32": -2.658810510011386, "f33": 0.7725415743817378, "f34": 0.6231873927812461, "f35": -1.1385715289179141, "f36": -2.405673736924273, "f37": -2.758436783176497, "f38": -0.8327081158719287, "f39": -2.1015169547507946, "f4": -0.2313527575097778, "f40": -1.059020512850382, "f41": 1.056484893955018, "f42": 1.391569260663264, "f43": 0.7780634181664582, "f44": -0.45062908399204327, "f45": 0.3214183362382713, "f46": -1.2876781265573085, "f47": -2.4100420221528926, "f48": -1.9182185526786908, "f49": 0.31367702073065173, "f5": 0.5891244144728207, "f50": 0.665208177833979, "f51": -0.7712070118982365, "f52": -0.23617381851783104, "f53": 0.5893033613867582, "f54": -1.719904658735157, "f55": 2.687232818804442, "f6": -1.3883160171212348, "f7": -1.1693347986924527, "f8": -0.16902511456232228, "f9": 2.1710770671290645}, "datetime": {"datetime": "2023-01-25 14:44:23", "elapsed": 931.881582, "delta": 71.295354}}
