{"target": 0.1612753969752688, "params": {"f0": -0.7671964395793343, "f1": -0.6330993084181546, "f10": 1.3120249032005367, "f11": -0.5504990536397079, "f12": -0.35890027381592554, "f13": 0.6267554942397455, "f14": 0.7019037339507797, "f15": 2.327783344330989, "f16": -0.629550493759241, "f17": 0.40023881239797227, "f18": -1.874346054825498, "f19": 1.5367287057360066, "f2": -2.2387860678398863, "f20": -2.186598297065423, "f21": 1.0785707181195572, "f22": -0.4670692279319366, "f23": -0.3047768991965951, "f24": -0.48695931296889094, "f25": -0.155322945963143, "f26": -1.317561547424905, "f27": -1.947581074229629, "f28": 1.475829877079038, "f29": -1.1348478588217108, "f3": -0.4005028419136496, "f30": 0.788410673114591, "f31": -0.6699645011955777, "f32": -0.7751299002199898, "f33": 1.5641679959751555, "f34": 1.1300052955700821, "f35": -1.0251701725835716, "f36": -2.665542591549914, "f37": -1.9474508671149882, "f38": -2.4142414559491736, "f39": -1.1291200008946702, "f4": -0.6579866010422184, "f40": -0.8285226501676946, "f41": 2.2890412481599185, "f42": 1.5125649614945595, "f43": 0.9931030031165617, "f44": -0.3790812072148151, "f45": -0.04732810110749586, "f46": -1.3770785061184505, "f47": -2.8417441324292896, "f48": -0.5517845652787143, "f49": 0.4310378908415158, "f5": 0.9285783815621178, "f50": 1.5978699094209903, "f51": 0.27701800428680645, "f52": -1.1120483840963713, "f53": -0.3689616760303732, "f54": -0.48254884041180546, "f55": 0.6196033032704764, "f6": -2.7945982293018576, "f7": -0.6713021548815147, "f8": -0.4832466829464732, "f9": 0.6963145171777265}, "datetime": {"datetime": "2023-01-25 17:30:07", "elapsed": 10875.419628, "delta": 48.811752}}
{"target": 0.5054550559381525, "params": {"f0": -0.8187867856313742, "f1": -1.1086218884485717, "f10": 2.955948113765961, "f11": -0.27758292382794003, "f12": -0.4176633519437961, "f13": 0.6732452125295012, "f14": 0.6021430548163111, "f15": 2.3291217488803198, "f16": -0.9291670835080565, "f17": 1.523428761250371, "f18": -1.9065970651704833, "f19": 1.3208946411119475, "f2": -1.183902702508068, "f20": -1.5495318331800714, "f21": 0.2558406230359882, "f22": -1.3254926542625736, "f23": -0.24515230236264873, "f24": -0.15722523961360113, "f25": -0.619762551455735, "f26": -0.3811326225814725, "f27": -0.8790917257595576, "f28": 1.6541656804900555, "f29": -2.1002995717871142, "f3": -0.6090358163698381, "f30": 0.9481904556985736, "f31": -0.26227193543788996, "f32": -0.40854100896428447, "f33": 1.110294791158174, "f34": 1.0503761395137343, "f35": -0.639775288235406, "f36": -1.8928253205254177, "f37": -1.5976375211087932, "f38": -2.156427312225725, "f39": -1.8612392281022383, "f4": -0.8258312349339374, "f40": -0.8947526793865074, "f41": 0.8420673696034451, "f42": 1.0909495150882846, "f43": 0.8474478338652565, "f44": -0.7480808917720948, "f45": 0.2771216452937731, "f46": -2.7751419361456873, "f47": -1.5277861340048862, "f48": -0.32680070903337244, "f49": 0.8352933993819505, "f5": 0.7575537734194433, "f50": 1.750532246480396, "f51": 0.20449140201507404, "f52": -1.3617061375714545, "f53": -0.64805500568175, "f54": -1.2992287088320138, "f55": 0.6206680598351101, "f6": -1.2356660924761842, "f7": -0.8954025648638082, "f8": -0.5424122567528366, "f9": 2.877490956706232}, "datetime": {"datetime": "2023-01-25 17:30:59", "elapsed": 10927.424194, "delta": 52.004566}}
{"target": 0.02155865792474195, "params": {"f0": -0.6370804825497579, "f1": -1.7420365910358302, "f10": 0.5489414004240442, "f11": -0.029438803172352812, "f12": -0.7886087064576681, "f13": 1.1256648104247495, "f14": 1.2659450608595024, "f15": 1.1531378005688104, "f16": -0.4400449306563129, "f17": 1.0168288570699815, "f18": -2.054743269760934, "f19": 0.46399725784801865, "f2": -1.1548961646720826, "f20": -2.5874853187511544, "f21": 1.1557883661406707, "f22": -1.7689375579185025, "f23": -0.0033831488348249894, "f24": -0.8565943490071974, "f25": -0.6508564320913282, "f26": -1.3451038613438744, "f27": -2.312789793518973, "f28": 0.8795334991902037, "f29": -2.4636119933116407, "f3": -1.1609471262000777, "f30": 1.3189041698425823, "f31": -0.22100718308647882, "f32": -0.808606705345688, "f33": 0.5173798030294826, "f34": 0.5421620428003551, "f35": -0.3092965248311639, "f36": -0.8560387928864013, "f37": -1.6402960301631193, "f38": -1.583338068424539, "f39": -2.0398654937672527, "f4": -1.3696750688754844, "f40": -0.7695126343900214, "f41": 1.1859513895344473, "f42": 1.9683569875888411, "f43": 0.8184297243599303, "f44": -0.15714095478967705, "f45": 0.19102032820198173, "f46": -0.5681285313367663, "f47": -2.0142105774612804, "f48": -1.4313472087318984, "f49": 0.3059108910655687, "f5": 1.5742613554643479, "f50": 1.5386240400148659, "f51": 0.30357765615521537, "f52": -1.4034697038175292, "f53": -0.6869829128270619, "f54": -0.31787798590489835, "f55": 1.8943775348085754, "f6": -0.8925954039489414, "f7": -0.8820035009997906, "f8": -0.1950428938115627, "f9": 0.8310471983546412}, "datetime": {"datetime": "2023-01-25 17:32:15", "elapsed": 11003.579624, "delta": 76.15543}}
{"target": 0.19414021719214758, "params": {"f0": -0.46682887219253066, "f1": -1.949175319868512, "f10": 1.1498038292203137, "f11": -0.30482558919177044, "f12": -0.11895367317164363, "f13": 0.9191051567348378, "f14": 1.424055768899196, "f15": 2.5035184983109513, "f16": -0.1640420814602681, "f17": 0.38279400646403605, "f18": -1.747063833947716, "f19": 1.3667198259663458, "f2": -1.2704289627579486, "f20": -2.3589975333096915, "f21": 1.256231801474212, "f22": -0.6506697763663336, "f23": -0.012525215254783617, "f24": -0.847964100802579, "f25": -0.6856970677028569, "f26": -0.917549022630536, "f27": -0.7889388263042068, "f28": 1.2112377304639426, "f29": -0.7695338757235808, "f3": -0.21355203877606832, "f30": 1.3987644606691225, "f31": -0.4936058881117338, "f32": -0.5288484228792527, "f33": 1.016925038672439, "f34": 1.7889558239487748, "f35": -0.9995260112311957, "f36": -0.5524740195864002, "f37": -1.8765176358122515, "f38": -1.94414996027481, "f39": -0.5076209176982038, "f4": -1.407903330551857, "f40": -1.0919487512311759, "f41": 2.2360719422484387, "f42": 1.0933037440693933, "f43": 0.5629955171475227, "f44": -0.4976643258293871, "f45": -0.20529950237572606, "f46": -0.840983491365364, "f47": -1.6114356650513186, "f48": -1.0720948869111033, "f49": 0.4616443543672273, "f5": 2.675453175980347, "f50": 2.151265445719342, "f51": 0.14283729663973094, "f52": -1.1958623103195127, "f53": -0.3668338953189687, "f54": -0.4848684056330054, "f55": 0.9443772228943171, "f6": -1.8238336992140196, "f7": -1.1951074495599634, "f8": -0.22585327087927043, "f9": 2.331849065012153}, "datetime": {"datetime": "2023-01-25 17:32:57", "elapsed": 11045.747363, "delta": 42.167739}}
{"target": 0.20862501181373236, "params": {"f0": -1.0683770906701644, "f1": -1.8684672953506505, "f10": 0.9002247860329494, "f11": 0.22938100886134927, "f12": -0.797680205150952, "f13": 0.3814767071587547, "f14": 1.0352053499490752, "f15": 2.4787104693821065, "f16": -0.36911075170521346, "f17": 0.6578922279237246, "f18": -1.1484069144727067, "f19": 0.40767162770012627, "f2": -0.9806984922000608, "f20": -1.923154480761763, "f21": 0.4304128502230754, "f22": -0.5849908288463186, "f23": -0.14768243365260447, "f24": -0.5072746704808464, "f25": -0.26962969637769796, "f26": -1.3298283998176958, "f27": -0.6388606249545954, "f28": 1.3373053263435468, "f29": -2.4854893870233985, "f3": -0.6168814833764554, "f30": 1.6319904845858308, "f31": -0.22789014836132493, "f32": -0.9430514851345884, "f33": 0.6215686830498316, "f34": 0.893905800326428, "f35": -0.7640519345956587, "f36": -1.5106402758390562, "f37": -0.6986874478715221, "f38": -1.3607648978014197, "f39": -1.7900540795683835, "f4": -1.1146260024995776, "f40": -0.7434344498248598, "f41": 2.1478578339823704, "f42": 1.669684648961859, "f43": 0.908352854668345, "f44": -0.7256803833741615, "f45": 0.20703101252960426, "f46": -2.186181711614639, "f47": -0.5190534689020723, "f48": -0.7304403706879645, "f49": 0.8186951828923251, "f5": 1.4833897466466996, "f50": 2.962300699055103, "f51": 0.24564446525603983, "f52": -0.5719074599629779, "f53": -0.812361861003735, "f54": -0.5488586782517052, "f55": 1.2400105725837598, "f6": -0.7593135484273645, "f7": -0.8218382199201499, "f8": -0.46231634181630166, "f9": 1.1235564476388775}, "datetime": {"datetime": "2023-01-25 17:33:46", "elapsed": 11094.22698, "delta": 48.479617}}
{"target": 0.10584662676938514, "params": {"f0": -0.311344304598699, "f1": -1.910528095880507, "f10": 0.7011912001116472, "f11": 0.17257919328779525, "f12": -0.542397200259048, "f13": 0.5052666908768645, "f14": 1.2220078154960174, "f15": 2.1377974776601234, "f16": -0.27767585664763106, "f17": 0.7586681752508077, "f18": -1.3257829458565218, "f19": 1.2213750783148019, "f2": -0.6312664533958254, "f20": -2.659617105968876, "f21": 0.6770075675803418, "f22": -0.9297477475311892, "f23": -0.19942181002277995, "f24": -0.7672341177937012, "f25": -0.7976248438073928, "f26": -0.9443491867189349, "f27": -2.7025502782376587, "f28": 1.3379481980267465, "f29": -0.6452358085388905, "f3": -0.5577706605083674, "f30": 0.9717026880734096, "f31": -1.2278794170864085, "f32": -1.1295818308825634, "f33": 0.8218422576430646, "f34": 1.5735562376559236, "f35": -0.8643012377614344, "f36": -0.9939839100723407, "f37": -1.636155184832669, "f38": -1.622556407617883, "f39": -0.6835764197836982, "f4": -0.9315812769672633, "f40": -1.0786859655877552, "f41": 2.2081590351893534, "f42": 0.9452880037135603, "f43": 0.3384519589323941, "f44": -0.19187202374001655, "f45": 0.01357817376697168, "f46": -2.336138359144434, "f47": -2.236980269421257, "f48": -1.1027448294774183, "f49": 0.12185670810371944, "f5": 0.9633223063133918, "f50": 1.6838120081956738, "f51": 0.3193360749478237, "f52": -1.3448568752981922, "f53": -0.635470318365617, "f54": -0.46005412934849943, "f55": 0.6239518734549092, "f6": -1.5671001716813533, "f7": -0.6820137241247292, "f8": -0.15250631763053113, "f9": 2.835066412240504}, "datetime": {"datetime": "2023-01-25 17:35:04", "elapsed": 11172.933767, "delta": 78.706787}}
