{"target": 5.715219818919538e-06, "params": {"f0": -0.963812406413016, "f1": -0.8474707685679603, "f10": 0.6994782463850666, "f11": 0.020615870656949697, "f12": -0.6530903520703143, "f13": 1.1773923681845315, "f14": 1.1276506099277401, "f15": 1.955902137445944, "f16": -0.30345651904204196, "f17": 0.837171048483377, "f18": -0.4918067292599331, "f19": 1.1089907778012829, "f2": -1.3780005955439445, "f20": -1.6218332582306956, "f21": 1.0134657512371095, "f22": -1.382044680875239, "f23": -0.37777969470169653, "f24": -0.8311764620565353, "f25": -0.331697410906697, "f26": -1.189601138496221, "f27": -0.7976040391892725, "f28": 0.5581627896872332, "f29": -0.986420084784903, "f3": -0.7472090463356633, "f30": 0.6675054072536455, "f31": -0.5330725879595904, "f32": -0.5041933760742084, "f33": 0.5426783698981597, "f34": 1.5362553273061748, "f35": -0.5651877258263276, "f36": -1.6785932873820948, "f37": -0.545109657644413, "f38": -1.6857646527078514, "f39": -2.042490789453314, "f4": -0.6008746310458846, "f40": -0.6589966545075371, "f41": 2.5592025083788807, "f42": 2.235492893531223, "f43": 0.25828667637907343, "f44": -0.004552644899390779, "f45": -0.01498521867611291, "f46": -1.5515393046983956, "f47": -1.4357421435789586, "f48": -0.9057923448668078, "f49": 1.0292890013691438, "f5": 1.4540560486804028, "f50": 1.6849653822864485, "f51": 0.7845545426742063, "f52": -0.7906566369478658, "f53": -0.21889094340561543, "f54": -0.5103857806409583, "f55": 1.3540590737748062, "f6": -2.245268938181799, "f7": -1.199711606092373, "f8": -0.5511420860776691, "f9": 2.614914381458239}, "datetime": {"datetime": "2023-01-25 16:15:01", "elapsed": 6369.306732, "delta": 133.747016}}
{"target": 0.20400826860858587, "params": {"f0": -0.2872288212313968, "f1": -1.074496181734676, "f10": 1.7222638067642502, "f11": 0.12410703899674325, "f12": -0.3876902736740309, "f13": 0.285406841190736, "f14": 0.5969848245839098, "f15": 2.6974448970176206, "f16": -0.37063076967731157, "f17": 1.248908403966925, "f18": -1.956538439420288, "f19": 0.9841952287543536, "f2": -1.4175466167814446, "f20": -0.8159882086856776, "f21": 0.5411362547737404, "f22": -0.6350622766086842, "f23": -0.2984488925579596, "f24": -0.7716589924050944, "f25": -0.7903438909643065, "f26": -0.503838988367264, "f27": -2.193015590465928, "f28": 1.5181601130570535, "f29": -1.3194861842034464, "f3": -0.4758792883872195, "f30": 1.0977713052298657, "f31": -0.800610259638459, "f32": -1.2160227336645073, "f33": 0.62017845938582, "f34": 0.5785692537508766, "f35": -0.504421202396365, "f36": -2.1974083102825586, "f37": -1.9930686572418437, "f38": -0.9477467193080611, "f39": -0.68786990192707, "f4": -1.8255445717287273, "f40": -1.5560482964670188, "f41": 1.4655792543095119, "f42": 0.6254147724860637, "f43": 0.2604419555574752, "f44": -0.240332620873708, "f45": -0.147818729168388, "f46": -0.9892737158399372, "f47": -1.2404622410786348, "f48": -1.359682124342898, "f49": 0.573015108877066, "f5": 2.362624044892846, "f50": 0.7021486006866084, "f51": 0.6472434199833317, "f52": -0.47620575455350567, "f53": -0.34171360678355145, "f54": -1.1003897494216446, "f55": 0.5045494134503321, "f6": -0.6487015818531474, "f7": -0.9810873634924786, "f8": -0.9526406999322672, "f9": 0.8321683454790749}, "datetime": {"datetime": "2023-01-25 16:16:11", "elapsed": 6439.124413, "delta": 69.817681}}
{"target": 0.16082535946798265, "params": {"f0": -0.23626641637887014, "f1": -1.0124119953929345, "f10": 2.8496523830722267, "f11": 0.14314329512266077, "f12": -0.42574186359251304, "f13": 0.7444249747931184, "f14": 0.6433825030353986, "f15": 2.4160573597110218, "f16": -0.8950543603018373, "f17": 1.3463210556637775, "f18": -1.6041240842031366, "f19": 0.5158285221141204, "f2": -1.3553916595473576, "f20": -1.4622122558624644, "f21": 0.39641039372698306, "f22": -0.46339850083078926, "f23": -0.2570950312308605, "f24": -0.7221752611376064, "f25": -0.8616757387344004, "f26": -0.6215871573728021, "f27": -2.8227531386239115, "f28": 0.5046857865802405, "f29": -1.2715903516781657, "f3": -0.6206395155135971, "f30": 1.6272629846079543, "f31": -0.550814426843749, "f32": -1.3585765420943683, "f33": 1.5794167477580885, "f34": 0.9752227640550468, "f35": -0.7452047396105663, "f36": -2.2596571740949485, "f37": -0.6916288740971592, "f38": -0.9903726326874462, "f39": -2.263641911024995, "f4": -0.8165312127220843, "f40": -0.8586880889743236, "f41": 0.8208365209151917, "f42": 2.230370689491567, "f43": 0.24493764294586215, "f44": -0.3685438835682625, "f45": -0.10085977091285625, "f46": -1.644258306649757, "f47": -0.7352032305173704, "f48": -1.1454786505982466, "f49": 0.9370129146748595, "f5": 1.6471772616810558, "f50": 0.9268409026084938, "f51": 0.5138713776634145, "f52": -1.1851227428801538, "f53": -0.862042363356222, "f54": -1.2691752377769745, "f55": 2.51296259201626, "f6": -1.0117322920570415, "f7": -0.5727752278463668, "f8": -0.4580489550965934, "f9": 1.180011827796128}, "datetime": {"datetime": "2023-01-25 16:17:04", "elapsed": 6492.835876, "delta": 53.711463}}
{"target": 0.2736100060220398, "params": {"f0": -0.2217643650416029, "f1": -1.6314274709474788, "f10": 1.6934801683996847, "f11": -0.0005700024172065055, "f12": -0.18955717603215805, "f13": 0.8095387793071636, "f14": 1.036872596401655, "f15": 2.756120155269329, "f16": -0.5009017087591847, "f17": 1.1512311130045614, "f18": -1.9509873907327417, "f19": 0.6348365810670575, "f2": -2.7446077673326017, "f20": -1.337688644048473, "f21": 0.8890618879096008, "f22": -0.47621693239759755, "f23": -0.3936976210282819, "f24": -0.5224060756666167, "f25": -0.5318186645055579, "f26": -0.7844763995688053, "f27": -1.810152222886241, "f28": 1.573498794612725, "f29": -0.8919359159368412, "f3": -0.8639878464957347, "f30": 0.5078543573909974, "f31": -0.8320025840700984, "f32": -1.015784678626539, "f33": 0.9777337891896379, "f34": 0.46866348060726304, "f35": -0.5402131919389337, "f36": -2.0800130393540144, "f37": -0.9422360022363647, "f38": -1.3165867484573042, "f39": -1.9329661081894915, "f4": -0.8320294638992374, "f40": -1.5910168103535516, "f41": 0.8413499409933003, "f42": 0.5754247288620375, "f43": 0.697415047205348, "f44": -0.1450992819232516, "f45": -0.15674281954717578, "f46": -1.0132076338101894, "f47": -2.097651113522982, "f48": -1.1308094205711772, "f49": 0.6605749158489048, "f5": 1.5098862560635755, "f50": 0.5432294489504856, "f51": 0.09213602751950531, "f52": -0.6196266956954659, "f53": -0.9076768985163012, "f54": -0.35135924580992794, "f55": 2.8617516262040614, "f6": -2.7418478471835086, "f7": -0.9081986945172762, "f8": -0.13659372552178017, "f9": 2.0721906800680316}, "datetime": {"datetime": "2023-01-25 16:18:26", "elapsed": 6574.266464, "delta": 81.430588}}
{"target": 0.15824955068139462, "params": {"f0": -0.6268899640490767, "f1": -1.4808813432050743, "f10": 2.53626529899186, "f11": -0.524753766973505, "f12": -0.19916512681542387, "f13": 1.2882037916404818, "f14": 0.8188066367486715, "f15": 2.0914078665246283, "f16": -0.6353713711914469, "f17": 0.42857313849903744, "f18": -2.056608965834207, "f19": 1.0416393766761398, "f2": -1.7197107922133963, "f20": -1.8217777617290147, "f21": 0.23020240621097918, "f22": -1.5340395449347821, "f23": -0.41309076497895897, "f24": -0.9186926610083317, "f25": -0.28372599666174525, "f26": -0.5978193174301907, "f27": -0.9383078174027828, "f28": 1.4757000777145026, "f29": -0.8009054176173813, "f3": -0.7961906706959281, "f30": 0.5975152679800246, "f31": -0.3684862651637736, "f32": -0.7403505540071872, "f33": 1.5492178677864512, "f34": 0.9724718478040575, "f35": -0.8168675205046997, "f36": -1.9293101356505873, "f37": -1.6983776712041658, "f38": -0.7419770545954778, "f39": -1.285023098625247, "f4": -0.9354582607593258, "f40": -1.5841910473341922, "f41": 1.6209001900765654, "f42": 1.1188002519448632, "f43": 0.8794221025312494, "f44": -0.5878826610567354, "f45": 0.2271781289164882, "f46": -2.5654456722970194, "f47": -2.2690338423439886, "f48": -1.3928510539122818, "f49": 0.33855259223903167, "f5": 2.1670444134434126, "f50": 2.308890518991391, "f51": 0.5914766043642012, "f52": -0.599732536695752, "f53": -0.6510078097353396, "f54": -0.7012338220297523, "f55": 1.5469622638105058, "f6": -1.6573446201122923, "f7": -0.5050872083742909, "f8": -0.8424399323933116, "f9": 0.6216587743302003}, "datetime": {"datetime": "2023-01-25 16:19:31", "elapsed": 6639.499954, "delta": 65.23349}}
{"target": 0.1349046260484626, "params": {"f0": -0.3564992433513172, "f1": -1.0638964367823875, "f10": 1.5297122344082648, "f11": -0.1068071584642813, "f12": -0.5206370160476335, "f13": 0.9637437996662805, "f14": 1.6779263460899678, "f15": 2.193091143209575, "f16": -0.7758680264973012, "f17": 0.4887074306658253, "f18": -2.141796275780775, "f19": 0.9099542123142617, "f2": -0.6818309946200571, "f20": -1.1356850637339027, "f21": 1.0397646631858612, "f22": -0.7795187750431534, "f23": 0.0467502258841242, "f24": -0.7053474970614714, "f25": -0.9048738016842816, "f26": -0.54255172420395, "f27": -0.49749299578183015, "f28": 0.7821476893764685, "f29": -2.9290231356480714, "f3": -0.6453015676492417, "f30": 1.3674655680136742, "f31": -0.8832070159234973, "f32": -0.3524870121069408, "f33": 1.0661725050934978, "f34": 1.3573781011810175, "f35": -1.1969589618435128, "f36": -1.9033897566523783, "f37": -2.2509381482972364, "f38": -1.318348633706219, "f39": -2.2081693208330626, "f4": -0.6692330313361889, "f40": -0.4454770462787734, "f41": 2.900563968550088, "f42": 1.3159529841497508, "f43": 1.1544823982156518, "f44": -0.42813388461448665, "f45": -0.3433201982834735, "f46": -0.5474671365662358, "f47": -0.949355726760913, "f48": -0.9226617077142618, "f49": 0.5435712573841998, "f5": 1.860820694038661, "f50": 1.849544957931745, "f51": 0.44509801133951, "f52": -1.8179614614739419, "f53": -0.12915704994572286, "f54": -0.739219996133969, "f55": 1.432599177642409, "f6": -2.1409774344393484, "f7": -0.7697285483495261, "f8": -0.8665128657697077, "f9": 1.3012408219661822}, "datetime": {"datetime": "2023-01-25 16:20:20", "elapsed": 6688.957402, "delta": 49.457448}}
{"target": 0.2952944595548205, "params": {"f0": -0.49820194314774047, "f1": -1.158521503650491, "f10": 0.7861333982395464, "f11": -0.5416055326003133, "f12": -0.11869634010977081, "f13": 0.9339370332896202, "f14": 0.8492642222448956, "f15": 2.9753306761025677, "f16": -0.8647511950522746, "f17": 0.4394375535046199, "f18": -1.4712083847450899, "f19": 1.4690543282920043, "f2": -1.7561334428091595, "f20": -2.9431346991363045, "f21": 0.816032761486904, "f22": -0.8305517618730709, "f23": 0.07396214612621288, "f24": -0.1389455278049211, "f25": -1.0314720586604837, "f26": -0.38401625258253436, "f27": -1.4108765682648912, "f28": 1.336563819451904, "f29": -2.910474325797577, "f3": -1.118219982768614, "f30": 0.9395478101978136, "f31": -0.5574203920874148, "f32": -0.6921023934655923, "f33": 0.7201817206986569, "f34": 1.5653800947910663, "f35": -0.7542281164055448, "f36": -2.861141993180791, "f37": -1.4290794439987815, "f38": -1.6034907016196032, "f39": -2.0019224551738795, "f4": -1.3379212141647323, "f40": -0.45476168668276595, "f41": 0.9797395789201966, "f42": 2.023008304644044, "f43": 1.156696421534123, "f44": -0.6725146996713611, "f45": -0.009025256119573777, "f46": -2.8829730063727568, "f47": -2.4247794299885594, "f48": -1.2914633796025785, "f49": 0.798904423378785, "f5": 0.8181942761410987, "f50": 0.6654516914833793, "f51": 0.7279073852404468, "f52": -0.5102561318723415, "f53": -0.6657220858490616, "f54": -0.8519213129549494, "f55": 2.669578654169048, "f6": -2.2826486511055797, "f7": -0.9920454675436622, "f8": -0.4631641992340998, "f9": 2.760860272991263}, "datetime": {"datetime": "2023-01-25 16:20:50", "elapsed": 6718.187274, "delta": 29.229872}}
{"target": 0.2570634825719376, "params": {"f0": -1.043841530544215, "f1": -1.033505991714502, "f10": 1.044867695900325, "f11": -0.16105066974428267, "f12": -0.050140927875158, "f13": 1.2533763329233198, "f14": 0.4974406212226642, "f15": 1.5768044224510707, "f16": -0.19646523698650364, "f17": 0.4592346378069006, "f18": -0.5239273990193938, "f19": 1.3153573540179369, "f2": -1.017290369917101, "f20": -1.913342461596971, "f21": 1.0086882103155048, "f22": -1.1296665393198666, "f23": 0.02371514419328774, "f24": -0.2627894017459651, "f25": -0.6476234820102094, "f26": -0.33942903956101933, "f27": -0.774127117769944, "f28": 0.5869580412503304, "f29": -1.0773711838753888, "f3": -0.8837703226242264, "f30": 1.31263706835902, "f31": -0.9316956037090189, "f32": -0.8820603404594223, "f33": 1.271508221281972, "f34": 0.7611054490007523, "f35": -0.4162312581172124, "f36": -2.568411418674363, "f37": -0.8600666187415094, "f38": -1.2921908491996936, "f39": -1.5000766744235068, "f4": -0.9193173073501779, "f40": -1.4149566962040476, "f41": 1.878381342066672, "f42": 1.1964233946407674, "f43": 0.386744127770689, "f44": -0.17587809008350563, "f45": -0.28071463361227234, "f46": -1.099030404708435, "f47": -1.624758763765103, "f48": -0.9595031889516884, "f49": 0.3741159804177021, "f5": 0.6254953656107834, "f50": 1.5606014203860805, "f51": 0.3187036183398543, "f52": -1.8866034850708593, "f53": -0.31452688130998463, "f54": -1.0620807564499615, "f55": 1.0672238917708823, "f6": -1.5664414450705988, "f7": -0.31002535247601304, "f8": -0.22731556119897844, "f9": 2.0788505902435146}, "datetime": {"datetime": "2023-01-25 16:21:02", "elapsed": 6730.802002, "delta": 12.614728}}
{"target": 0.27758341698520506, "params": {"f0": -0.2942505141980515, "f1": -1.4397449894025312, "f10": 0.699745951655364, "f11": -0.3345928223156054, "f12": -0.30174994840970315, "f13": 1.057593325688568, "f14": 1.203481376415354, "f15": 0.907412162828344, "f16": -0.2047604866769399, "f17": 1.4698951325882272, "f18": -1.5758730730170303, "f19": 0.7298919708084923, "f2": -2.3647292495143537, "f20": -1.6073836222362965, "f21": 0.9566688100396649, "f22": -1.5874201806846902, "f23": -0.2911513813115919, "f24": -0.6252441776497834, "f25": -0.8195998713220491, "f26": -1.1508612364140385, "f27": -2.2745988022499057, "f28": 1.2803001667934122, "f29": -0.6745770827181783, "f3": -1.0808674733185504, "f30": 1.1063082520381564, "f31": -1.2351429176761288, "f32": -1.0218219590700537, "f33": 1.2642763994687005, "f34": 1.0197044233794272, "f35": -0.5943389789329335, "f36": -1.9774260660716954, "f37": -0.9741900240358117, "f38": -2.3699557080304325, "f39": -2.103508784885989, "f4": -1.0637593285488423, "f40": -1.454337672695255, "f41": 1.5314899157120148, "f42": 1.0696437116481852, "f43": 0.2560771529914371, "f44": -0.7826374928372808, "f45": 0.11105604492770155, "f46": -2.5969821294491573, "f47": -0.792687272724125, "f48": -0.8612076535007647, "f49": 0.9260504162335945, "f5": 1.8488533584096083, "f50": 2.9233957614354527, "f51": 0.3171723040531699, "f52": -0.8812520560327599, "f53": -0.5867675764949334, "f54": -0.976651361390989, "f55": 1.7929701111808516, "f6": -2.1208342180582798, "f7": -1.3669799129803903, "f8": -0.18051591296266567, "f9": 1.6382002057931138}, "datetime": {"datetime": "2023-01-25 16:22:12", "elapsed": 6800.322898, "delta": 69.520896}}
{"target": 0.3034679312999919, "params": {"f0": -0.5962266127786116, "f1": -1.9482428133440983, "f10": 1.2324194980907524, "f11": -0.37603987659516463, "f12": -0.49904664835635437, "f13": 0.44943237299309746, "f14": 0.7137754717298415, "f15": 1.198533001339148, "f16": -0.9390015886209137, "f17": 0.9488330997961761, "f18": -0.6930711632620921, "f19": 1.059055234302153, "f2": -2.758918725836429, "f20": -2.0068024750193367, "f21": 1.0395187406038833, "f22": -0.6326332665939811, "f23": -0.294846300692132, "f24": -0.907392586214345, "f25": -0.2253980927410172, "f26": -0.9824290191332479, "f27": -2.8326122892845693, "f28": 1.5669426690976078, "f29": -1.3629491532515559, "f3": -1.1334376011178127, "f30": 1.1490194214639087, "f31": -1.2046250796818758, "f32": -1.4389894381546693, "f33": 0.638198795933195, "f34": 1.0824426403754297, "f35": -1.1130614254087308, "f36": -1.8765807816009297, "f37": -0.6297453235534933, "f38": -1.5122489580115044, "f39": -0.761834868897368, "f4": -1.8100126577085125, "f40": -0.7007633112978292, "f41": 2.7374641361291467, "f42": 1.7259734502974817, "f43": 0.49781312938465994, "f44": -0.25825834638403466, "f45": 0.14466276356227187, "f46": -1.752755320478224, "f47": -2.2879584518227727, "f48": -1.1213874112867945, "f49": 0.30298060203996446, "f5": 1.9474254207583261, "f50": 2.660027951672049, "f51": 0.30785158494384296, "f52": -1.7586552559095743, "f53": -0.25774139806804996, "f54": -1.1220482012931396, "f55": 0.5624434070973456, "f6": -2.4445933629554415, "f7": -0.6730911094026886, "f8": -0.19871797074322373, "f9": 2.8122706218052342}, "datetime": {"datetime": "2023-01-25 16:22:13", "elapsed": 6801.409562, "delta": 1.086664}}
{"target": 0.3703828426429437, "params": {"f0": -0.8066247854532931, "f1": -1.0993627456975401, "f10": 1.306929350431926, "f11": -0.050302313093053, "f12": -0.2936164049708312, "f13": 1.1228143346017272, "f14": 0.8033285953117676, "f15": 1.6387424159703807, "f16": -0.4883510556831927, "f17": 0.7345851533526487, "f18": -1.693523941539041, "f19": 1.2692979919524499, "f2": -2.8535169814301233, "f20": -1.728708798654448, "f21": 1.0656418356185426, "f22": -1.3230652225161315, "f23": 0.05007414836353685, "f24": -0.9025529168868893, "f25": -0.1329083679404477, "f26": -0.5118057446299622, "f27": -2.836580236879854, "f28": 0.7679415544933601, "f29": -0.6956567909065252, "f3": -0.5047653204937159, "f30": 1.0033315027888967, "f31": -0.7437607045568447, "f32": -0.7107871674075537, "f33": 0.46622688734420065, "f34": 1.0312676413034119, "f35": -1.1682599540979204, "f36": -2.79589473543132, "f37": -0.5524307826665782, "f38": -2.19982421795092, "f39": -1.2733566889523, "f4": -1.9320359148450332, "f40": -0.5481133972958725, "f41": 2.2511997846775365, "f42": 0.6705942501894874, "f43": 0.3219357549754752, "f44": -0.7512301067119167, "f45": -0.18920476458949714, "f46": -1.156420562599784, "f47": -2.45924605772455, "f48": -1.018499290878043, "f49": 0.6401725491212265, "f5": 1.4127836303622485, "f50": 1.3631524372075718, "f51": 0.7295837426215689, "f52": -1.803073128846038, "f53": -0.026304419166388815, "f54": -1.1735572621807522, "f55": 1.382298493287605, "f6": -2.057934756592149, "f7": -0.5770035799683305, "f8": -0.3654128331111127, "f9": 1.0439452881457778}, "datetime": {"datetime": "2023-01-25 16:23:26", "elapsed": 6874.995348, "delta": 73.585786}}
{"target": 0.7397133941992579, "params": {"f0": -0.6917365176322667, "f1": -1.4741326794019225, "f10": 2.216533704568671, "f11": -0.30261042502979674, "f12": -0.36824903066586523, "f13": 1.1670558004249507, "f14": 1.7203406083164787, "f15": 2.1449877966266047, "f16": -0.4702126841732931, "f17": 0.5480482848613074, "f18": -2.2739210443465496, "f19": 0.45936615128067837, "f2": -0.5332075678556252, "f20": -2.4853214955401675, "f21": 0.9332022999334731, "f22": -0.9953012368896533, "f23": 0.23363801517612015, "f24": -0.6362634549283895, "f25": -0.8489432883380917, "f26": -0.35104702296318235, "f27": -1.1303207790307455, "f28": 1.1304514260740808, "f29": -2.271349795082916, "f3": -0.22227574794503047, "f30": 0.44731903739890355, "f31": -1.049234363499442, "f32": -0.5466203331007675, "f33": 0.9802777041143219, "f34": 0.7972253775889055, "f35": -0.6519556241183161, "f36": -0.6661559287971608, "f37": -0.9052020891602512, "f38": -1.1979133448453203, "f39": -1.307630529466939, "f4": -1.570895419479195, "f40": -1.2301578535099273, "f41": 2.16597662761609, "f42": 2.0614537697608757, "f43": 1.0579307172136772, "f44": -0.47865844613798453, "f45": 0.343174209094994, "f46": -2.2336079582817128, "f47": -1.0143621029445256, "f48": -1.4876951126945022, "f49": 0.3968638202665239, "f5": 1.2264315129127024, "f50": 1.35249956171173, "f51": 0.1336120834611245, "f52": -0.569475577647665, "f53": -0.9122619339921115, "f54": -1.1859382422618618, "f55": 2.475695958926555, "f6": -0.9989928276764397, "f7": -0.5267316837527525, "f8": -0.4371368634820443, "f9": 0.5166027827713746}, "datetime": {"datetime": "2023-01-25 16:23:56", "elapsed": 6904.113986, "delta": 29.118638}}
{"target": 0.22159627749232863, "params": {"f0": -0.23021673262783382, "f1": -0.7566493442965343, "f10": 0.7573340502010582, "f11": 0.057657342057660266, "f12": -0.3423406606870093, "f13": 0.855781292793444, "f14": 1.8926083937462654, "f15": 1.0835611460516958, "f16": -1.0608670053173297, "f17": 1.3363327378909229, "f18": -1.1174446444371122, "f19": 1.663058520729738, "f2": -1.1011774813903707, "f20": -1.9163727440648355, "f21": 0.6669443137079093, "f22": -1.7390506144754696, "f23": 0.0637044795576931, "f24": -0.8817573969185234, "f25": -0.12773745738349673, "f26": -0.44834137561450993, "f27": -2.6804905478073144, "f28": 0.896360129651786, "f29": -2.884091034096341, "f3": -1.0239518733522404, "f30": 1.547611515234499, "f31": -0.6558225512929432, "f32": -0.3180455961062423, "f33": 0.974781507709418, "f34": 0.5268404142098282, "f35": -0.6904911141946138, "f36": -2.667762368083429, "f37": -2.351770383480911, "f38": -0.7365727656221783, "f39": -0.755568746909494, "f4": -2.0367840184932304, "f40": -0.33920799610924024, "f41": 1.6406583742942282, "f42": 2.3510728779410197, "f43": 0.8032183400481274, "f44": -0.43487066319195294, "f45": -0.3460243459128382, "f46": -2.2038288670008113, "f47": -2.312430421595377, "f48": -1.3413008100054125, "f49": 0.06732317122975687, "f5": 2.925654771218246, "f50": 2.199738052142498, "f51": 0.0749605444943919, "f52": -1.7111275297944344, "f53": -0.2782573546622271, "f54": -1.102665759241752, "f55": 0.5991891717396614, "f6": -2.9563630208727125, "f7": -1.0710021460780454, "f8": -0.40327064269156154, "f9": 2.5891890306376966}, "datetime": {"datetime": "2023-01-25 16:24:35", "elapsed": 6943.131167, "delta": 39.017181}}
