{"target": 0.3610017629824695, "params": {"f0": -0.5803844988883471, "f1": -0.3657729865796915, "f10": 1.4571924323018521, "f11": -0.49299786818795716, "f12": -0.363354634804064, "f13": 1.1870726372339864, "f14": 1.806195938256829, "f15": 1.2565291412459179, "f16": -1.226413606975103, "f17": 0.5798838466982037, "f18": -0.7716598021837258, "f19": 1.0669509035956102, "f2": -0.6195651204781856, "f20": -1.0342130583446838, "f21": 2.2817231105546605, "f22": -0.42855185867561674, "f23": -0.4957894330333861, "f24": -2.429553696348791, "f25": -2.621836998328836, "f26": -1.1231940008784547, "f27": -1.3646942310030439, "f28": 1.0905177986562142, "f29": -0.4981137497332009, "f3": -1.2056554253361784, "f30": 0.8694471833282257, "f31": -0.48186259788419794, "f32": -2.9662687462053046, "f33": 0.6961643302931123, "f34": 0.9211217681927987, "f35": -0.4043401710607397, "f36": -2.1560727080844186, "f37": -0.9839984537355049, "f38": -1.3937790271401618, "f39": -1.990459119546996, "f4": -0.5438111565757979, "f40": -0.8052050735280297, "f41": 1.5477048778081746, "f42": 1.732890463698295, "f43": 0.23478434059310727, "f44": -0.900773651470277, "f45": -0.17869505173291372, "f46": -1.2401431769669895, "f47": -1.129155093637044, "f48": -2.7305252534719884, "f49": 1.5500810823241133, "f5": 1.8155277565304182, "f50": 1.7321137917536715, "f51": -0.14185234831125237, "f52": -0.5117486093878539, "f53": -0.8185419742905023, "f54": -1.3937492287773197, "f55": 1.827656625321388, "f6": -1.0468319613175314, "f7": -0.377102817918501, "f8": -0.4798686463665859, "f9": 1.2137308068515118}, "datetime": {"datetime": "2023-01-25 14:45:16", "elapsed": 984.93256, "delta": 53.050978}}
{"target": 0.8092078261539111, "params": {"f0": -0.639078011699455, "f1": -1.3377679955143205, "f10": 2.4699665709062693, "f11": -0.16298092844613465, "f12": -0.3703744868664619, "f13": 0.7871462400951007, "f14": 1.3543489830564264, "f15": 2.1484966756039396, "f16": -0.566919213311898, "f17": 0.9391172932159708, "f18": -1.3753726399052735, "f19": 1.0474295834156535, "f2": -1.6814858391206022, "f20": -2.5930707958778663, "f21": 0.7523084059357212, "f22": -1.1544080877456, "f23": -0.03822638767180592, "f24": -0.5495093385204819, "f25": -0.5648191082021485, "f26": -0.8137692247243065, "f27": -2.436103777730216, "f28": 1.0213153118121805, "f29": -2.0831489556614993, "f3": -0.6758623810396482, "f30": 1.0064251151222394, "f31": -0.7706357560654508, "f32": -0.8771467613969954, "f33": 0.9985947232026221, "f34": 1.141702350642165, "f35": -0.7830559680315178, "f36": -2.7009097490774847, "f37": -1.4267205954590616, "f38": -1.5401333132578476, "f39": -1.4771537016228695, "f4": -1.2793720744428299, "f40": -0.9776639779463496, "f41": 1.9498051879670733, "f42": 1.4168768965062026, "f43": 0.6806338276983257, "f44": -0.43644420304122256, "f45": -0.013613426955792596, "f46": -1.6956466483666817, "f47": -1.9064337084125502, "f48": -0.9028502337392368, "f49": 0.5661903508480622, "f5": 1.8119194739525004, "f50": 2.3408249387278213, "f51": 0.3803203966316807, "f52": -1.163438218296254, "f53": -0.47485066021355166, "f54": -0.7690054840515388, "f55": 2.3393067092176754, "f6": -2.5460787514877232, "f7": -0.864274776507934, "f8": -0.6276477031331582, "f9": 2.0153426404044894}, "datetime": {"datetime": "2023-01-25 14:46:29", "elapsed": 1057.309978, "delta": 72.377418}}
{"target": 0.32639095452687866, "params": {"f0": -0.9035281384557314, "f1": -0.725109696660146, "f10": 1.6307238300056617, "f11": 0.12255105937463406, "f12": -0.7909784269060389, "f13": 0.41707929781826497, "f14": 1.0874335413977867, "f15": 2.2369230742528914, "f16": -0.4271373115257009, "f17": 0.7795090207586879, "f18": -0.7362970968156002, "f19": 0.804539237989583, "f2": -2.7989582170118905, "f20": -2.2736976542385783, "f21": 0.3446509997787091, "f22": -0.6011633497695898, "f23": -0.022193615677687406, "f24": -1.0169944614047637, "f25": -0.773272861969488, "f26": -0.8693643436977538, "f27": -1.968215375895916, "f28": 0.6888896299984713, "f29": -0.9405429690415095, "f3": -0.498097590029587, "f30": 1.542580686931874, "f31": -1.0470964382487913, "f32": -0.6493956358215142, "f33": 1.342742982014896, "f34": 0.992173758211176, "f35": -1.0069932823003875, "f36": -1.6485687967596605, "f37": -0.7021811499768538, "f38": -0.7464505073300816, "f39": -0.6727175643287422, "f4": -0.9124362913460502, "f40": -1.5912303229696103, "f41": 0.5762195870957878, "f42": 0.5945531366149441, "f43": 1.024905753137038, "f44": -0.3677230824828216, "f45": 0.3582103381466161, "f46": -1.459241746876085, "f47": -0.9410158090874092, "f48": -0.6692192225055978, "f49": 0.8570149128761373, "f5": 0.9020655104552029, "f50": 1.3635713304921404, "f51": 0.02134272424130776, "f52": -0.8593907903046287, "f53": -0.04302058752471949, "f54": -1.0673665514979414, "f55": 1.652705672409149, "f6": -0.6741170919256261, "f7": -0.957112344545968, "f8": -0.6589359704851079, "f9": 1.1028283882985965}, "datetime": {"datetime": "2023-01-25 14:47:05", "elapsed": 1093.662834, "delta": 36.352856}}
{"target": 0.39045111355984324, "params": {"f0": -0.750035376160068, "f1": -1.181271245981117, "f10": 1.438154863353768, "f11": 0.16523454021388817, "f12": -0.47275313726288176, "f13": 0.6129488894020951, "f14": 1.1116775626837538, "f15": 2.113625195293369, "f16": -0.6227578599696152, "f17": 1.1243858334685133, "f18": -2.117453343304024, "f19": 1.0318755251617993, "f2": -2.7601416473673397, "f20": -1.2309564495913674, "f21": 0.5921538785483972, "f22": -0.505274436550722, "f23": 0.3605778634577492, "f24": -0.4757212097230259, "f25": -0.8033002080534422, "f26": -0.5393559211304987, "f27": -1.0693211364891604, "f28": 1.3321757444961886, "f29": -2.9099040004679555, "f3": -0.43164418056211595, "f30": 1.5206754302045675, "f31": -0.8174958513287092, "f32": -0.48227663870421944, "f33": 0.9101524525434669, "f34": 0.9024829595104247, "f35": -0.7439350815094193, "f36": -1.9284306878101696, "f37": -1.004197977347189, "f38": -1.0328380885131938, "f39": -1.407497416867801, "f4": -1.6877657202159462, "f40": -0.3845660303880183, "f41": 2.7775537460775204, "f42": 0.6450655328702052, "f43": 0.5519106613025822, "f44": -0.7984588648785129, "f45": -0.2313095903997565, "f46": -1.2383221800524051, "f47": -1.8823649614940692, "f48": -0.350338821264927, "f49": 1.0205619772323424, "f5": 1.9396040379472559, "f50": 1.6903040903766686, "f51": 0.4663024146703931, "f52": -1.5345154097506946, "f53": -0.9104426800423662, "f54": -0.6142086389137339, "f55": 2.030097432269607, "f6": -1.4659768719177586, "f7": -0.6870499397829967, "f8": -0.8980742506899504, "f9": 1.6449667289183048}, "datetime": {"datetime": "2023-01-25 14:47:59", "elapsed": 1147.434276, "delta": 53.771442}}
{"target": 0.3122675735019064, "params": {"f0": -0.4008225567909589, "f1": -2.190204363248212, "f10": 0.9839166514100861, "f11": -0.0016663844063488087, "f12": -0.49200818441719785, "f13": 0.46262921964054327, "f14": 1.7464899760306745, "f15": 0.6442029970446685, "f16": -1.0450605896557001, "f17": 0.43558753814791445, "f18": -1.4284535571550385, "f19": 0.9832170404543477, "f2": -1.6383754480244894, "f20": -2.6425049563868392, "f21": 0.8604220612002099, "f22": -1.0079491428733878, "f23": -0.41089483913675867, "f24": -0.8141822574599871, "f25": -0.6173644270972852, "f26": -0.4527468782295694, "f27": -1.336721725141985, "f28": 0.6528939014867539, "f29": -1.8342229567125439, "f3": -0.8909284586260028, "f30": 0.882258717945871, "f31": -0.3512632179304396, "f32": -0.7327502284776162, "f33": 1.4837034626157668, "f34": 1.742608768050861, "f35": -1.1463661723179404, "f36": -2.5821774489862372, "f37": -0.999401744626119, "f38": -1.4889666308462135, "f39": -1.9041770075909104, "f4": -1.7904640442930084, "f40": -1.1543699916728851, "f41": 1.556693082757383, "f42": 1.8154750509542732, "f43": 0.6494654411512275, "f44": -0.6228524349107645, "f45": 0.10905710416554376, "f46": -1.0227930993769596, "f47": -0.8974734979594174, "f48": -1.250675278817722, "f49": 0.37633137109117154, "f5": 2.7640429249020215, "f50": 2.0230702727801777, "f51": 0.7009786163918702, "f52": -0.6994088420135263, "f53": -0.3820654493558874, "f54": -1.0587149727984067, "f55": 0.9958396482310634, "f6": -1.988325824686806, "f7": -0.9348464605281499, "f8": -0.7199997924428585, "f9": 2.5530961913046473}, "datetime": {"datetime": "2023-01-25 14:49:08", "elapsed": 1216.78923, "delta": 69.354954}}
{"target": 0.23902111110845967, "params": {"f0": -1.1354811271741063, "f1": -1.63979367586255, "f10": 1.6172424772497493, "f11": -0.3014139705687815, "f12": -0.7249051454940615, "f13": 1.1358796557772521, "f14": 1.8912561017467442, "f15": 2.5204971806459304, "f16": -0.8986341129447678, "f17": 0.5330504850493831, "f18": -0.9056853527973623, "f19": 1.5019953568627993, "f2": -1.798169632199739, "f20": -2.255918535113093, "f21": 0.6484091739406337, "f22": -0.9370276233248394, "f23": 0.027507732076163915, "f24": -0.6214632344437953, "f25": -0.6021331347074865, "f26": -1.2770916728666606, "f27": -1.2049428152496509, "f28": 1.6554219178600684, "f29": -2.683289502541863, "f3": -0.5747655013369013, "f30": 1.276597695103495, "f31": -0.999631944869955, "f32": -0.6303354850861607, "f33": 1.1992608747071456, "f34": 1.535939841270994, "f35": -0.5366717647981329, "f36": -1.6410324797762061, "f37": -1.9130921700638273, "f38": -2.095890738430513, "f39": -1.0206303350125026, "f4": -1.060590898780437, "f40": -1.4425467142749877, "f41": 2.498088977821324, "f42": 1.874017237491027, "f43": 0.19248241479621925, "f44": 0.004846251019073322, "f45": 0.28829871383461875, "f46": -1.2180939646948437, "f47": -1.9661787823153547, "f48": -0.4197646609110901, "f49": 0.8232152042225388, "f5": 0.6246790179619294, "f50": 2.17596991359137, "f51": 0.35106547067225813, "f52": -1.3083340785595294, "f53": -0.4449408284113045, "f54": -0.6263121098914028, "f55": 1.6645207168662288, "f6": -0.8200797351873734, "f7": -0.6883693562259909, "f8": -0.6677910743393474, "f9": 2.82738409500907}, "datetime": {"datetime": "2023-01-25 14:50:09", "elapsed": 1277.71035, "delta": 60.92112}}
{"target": 0.4609166626413927, "params": {"f0": -0.14297059545253177, "f1": -1.6770728574251499, "f10": 2.5167138211914075, "f11": 0.12011675778178965, "f12": -0.5937439818587821, "f13": 1.3300790696739118, "f14": 1.0937393764186365, "f15": 1.7263490322977744, "f16": -1.002723531795121, "f17": 1.1779474807112704, "f18": -1.3887669901846937, "f19": 0.5891124998085819, "f2": -2.787787095446173, "f20": -2.5656946170855, "f21": 0.7335228922682411, "f22": -1.1268471208057171, "f23": 0.2183183501590482, "f24": -0.7409965188052334, "f25": -0.21155840186330666, "f26": -1.114325372657421, "f27": -0.5994514303968175, "f28": 1.0880213181063076, "f29": -1.7426856473714292, "f3": -0.9792477227941394, "f30": 0.8583770756345561, "f31": -0.30093756036482366, "f32": -0.34637086875219447, "f33": 1.5825549388460378, "f34": 0.8539004975970748, "f35": -0.7430483285256837, "f36": -2.737825948324283, "f37": -1.0882724524633185, "f38": -1.0496907093131471, "f39": -0.9244285459418513, "f4": -0.6750940221722013, "f40": -0.733631729713566, "f41": 2.273059104462094, "f42": 1.4860315739751926, "f43": 0.6275206920178156, "f44": -0.06510524422394537, "f45": -0.06992949116457725, "f46": -1.9378861844247326, "f47": -2.2711848554556466, "f48": -0.5241577868295846, "f49": 0.8212730842191324, "f5": 2.2571836827658758, "f50": 2.701383088709189, "f51": 0.120420017932334, "f52": -0.6582520434436128, "f53": -0.5249417814936038, "f54": -0.3845153454532, "f55": 1.894019928566181, "f6": -0.9976200454558684, "f7": -0.3966622410545917, "f8": -1.0191646206258198, "f9": 1.921464535459922}, "datetime": {"datetime": "2023-01-25 14:51:14", "elapsed": 1342.088539, "delta": 64.378189}}
{"target": 0.4505864710876949, "params": {"f0": -0.6683248862190466, "f1": -1.8473490447721141, "f10": 2.674448553883813, "f11": -0.13053563368301163, "f12": -0.22764560751587415, "f13": 1.0151059622230196, "f14": 1.9540231441583924, "f15": 2.506962718160349, "f16": -0.9740366386518363, "f17": 0.6428558405484666, "f18": -1.9658832291748913, "f19": 1.4724406892214714, "f2": -1.43848550233504, "f20": -0.8270027755003073, "f21": 0.9394698795688664, "f22": -0.6356114510826298, "f23": -0.22873079612189473, "f24": -0.34963597247347644, "f25": -1.043182608339423, "f26": -1.2216073098740043, "f27": -1.3629000968000329, "f28": 1.1272015984708283, "f29": -2.552789984440481, "f3": -0.8845284335337832, "f30": 1.3227931807898243, "f31": -0.3150763455562693, "f32": -0.7288764723032897, "f33": 1.5215906828280636, "f34": 1.73324268906873, "f35": -0.4915961194606465, "f36": -1.8589779980075616, "f37": -1.1043129267585576, "f38": -1.8922385761292153, "f39": -0.4924111345959945, "f4": -1.8612340285117932, "f40": -1.3763903546118175, "f41": 0.8459270311152389, "f42": 0.9140546122560514, "f43": 0.24587305693012515, "f44": -0.11272411695220719, "f45": 0.24476912797730438, "f46": -0.5826696358831702, "f47": -1.8481031132808348, "f48": -1.4241628087108344, "f49": 0.2978664967971061, "f5": 2.5671374111565175, "f50": 2.3051844603419624, "f51": 0.23523020694606694, "f52": -1.4546606000752003, "f53": -0.22148667231255048, "f54": -1.2446970131146622, "f55": 2.115661121044016, "f6": -2.6730047341993153, "f7": -0.7440429060456604, "f8": -0.46441288458424623, "f9": 1.7479228973676781}, "datetime": {"datetime": "2023-01-25 14:51:55", "elapsed": 1383.158295, "delta": 41.069756}}
{"target": 6.947879017792056e-05, "params": {"f0": -0.6032108663837654, "f1": -1.8628672055023154, "f10": 0.9114666557738929, "f11": -0.10528015142910041, "f12": -0.055276868892987, "f13": 0.5025010682968374, "f14": 1.5670592329873148, "f15": 1.8304499341067184, "f16": -0.1912652306510747, "f17": 0.6860452231246008, "f18": -0.8453157945978953, "f19": 1.5667870529796442, "f2": -2.2782567862984133, "f20": -1.6259851801745142, "f21": 1.228653089660678, "f22": -1.1713713226161235, "f23": 0.23067696917652514, "f24": -0.526964526921415, "f25": -0.7408806616859689, "f26": -1.1952791976517236, "f27": -1.4903550228684357, "f28": 1.3689419497782636, "f29": -1.5381323675632552, "f3": -0.6837869068117931, "f30": 0.5207669639355442, "f31": -0.5335038488621741, "f32": -1.4391596741028447, "f33": 0.4766455300556123, "f34": 1.8102592325797908, "f35": -0.2574632084238533, "f36": -2.153279318923274, "f37": -0.7907328947399199, "f38": -0.6837368763794744, "f39": -0.6372582839745742, "f4": -1.753344022105484, "f40": -1.4244880432501628, "f41": 0.9813828454801069, "f42": 1.029923996754042, "f43": 0.2119441798715393, "f44": -0.32380658441805776, "f45": -0.15759677669437228, "f46": -2.044181352377863, "f47": -1.981125385347047, "f48": -0.4520364419136742, "f49": 0.8006038732702007, "f5": 1.8372956831204756, "f50": 2.196202479903376, "f51": 0.331450107569574, "f52": -1.0686197600351506, "f53": -0.5267751806346088, "f54": -0.8089887383932515, "f55": 1.8473193392235572, "f6": -2.114409277298252, "f7": -1.3075474688277802, "f8": -0.613702018368092, "f9": 2.7610350026473536}, "datetime": {"datetime": "2023-01-25 14:54:51", "elapsed": 1559.059341, "delta": 175.901046}}
{"target": 0.6371618772123988, "params": {"f0": -0.40097430544456125, "f1": -1.1123982323027073, "f10": 0.6779239161498503, "f11": -0.2776379783526379, "f12": -0.753337763162308, "f13": 0.5211307919344006, "f14": 1.42269792277344, "f15": 2.6682168429668636, "f16": -0.9438160039398195, "f17": 0.8949767561074988, "f18": -1.9902376185680586, "f19": 0.7780127164391593, "f2": -0.5688089186626044, "f20": -2.728451813215498, "f21": 1.0628040945949464, "f22": -1.489162670379248, "f23": -0.12235211129220547, "f24": -0.27646065050946755, "f25": -0.26806532848118725, "f26": -0.577751425687924, "f27": -2.692549316573675, "f28": 0.9465069537982476, "f29": -0.9876085778928485, "f3": -1.1197000046621586, "f30": 1.2456501221976017, "f31": -0.6064166331000233, "f32": -0.50046471987306, "f33": 1.3180910477693075, "f34": 1.4962761081488263, "f35": -0.8993305809570962, "f36": -2.0692859758263005, "f37": -1.4057714533577994, "f38": -2.5580434497362066, "f39": -1.8407500318666274, "f4": -0.987712018805504, "f40": -1.0023828833165904, "f41": 2.526885808548264, "f42": 0.5779808658747341, "f43": 0.7417936041912903, "f44": -0.29333676668243225, "f45": 0.00812502635615292, "f46": -2.778035331545481, "f47": -1.9818887277299806, "f48": -0.889349359978203, "f49": 0.7319720064260352, "f5": 1.1899187705045113, "f50": 0.6074348152979301, "f51": -0.021185342733325195, "f52": -1.5942389248928621, "f53": -0.8270711487762213, "f54": -0.5234864703006534, "f55": 1.9004034492197335, "f6": -2.8846184784158377, "f7": -0.34220608416356435, "f8": -0.1464236575094674, "f9": 0.863818692761871}, "datetime": {"datetime": "2023-01-25 14:55:42", "elapsed": 1610.789151, "delta": 51.72981}}
{"target": 0.3692393946753994, "params": {"f0": -1.1389954680665084, "f1": -0.759038126508903, "f10": 2.23056484781573, "f11": 0.2232076720688384, "f12": -0.18636380962809473, "f13": 0.7774965592677692, "f14": 0.9711622089957967, "f15": 2.3482655858292834, "f16": -0.9291668318683342, "f17": 1.466374823208705, "f18": -1.0617707339589832, "f19": 0.5318618117037797, "f2": -0.73377204704359, "f20": -2.512823825216572, "f21": 0.5225199524187938, "f22": -1.1009904831752424, "f23": 0.049042979543843124, "f24": -0.5242917294657955, "f25": -0.8577208780179363, "f26": -0.7554581844432307, "f27": -1.1288306182105259, "f28": 1.3531367777402843, "f29": -1.4090050951296211, "f3": -0.7672122942816411, "f30": 0.6272073917439518, "f31": -1.1409471988924507, "f32": -0.7894922052015784, "f33": 1.2004023154509618, "f34": 1.1434863427290454, "f35": -0.8050444341701622, "f36": -1.0920220260255658, "f37": -2.276158267749783, "f38": -2.2211718958155084, "f39": -1.8333412796912425, "f4": -0.5103003900102998, "f40": -0.9573053476032362, "f41": 2.6075669390737235, "f42": 1.9274738432313838, "f43": 0.7833805344954896, "f44": -0.6561398651369692, "f45": -0.21109409724787095, "f46": -2.705377005948551, "f47": -1.075581926179421, "f48": -0.8905539456292563, "f49": 0.6602442457710053, "f5": 0.7307069451773344, "f50": 1.6753491697162142, "f51": 0.10513279801204439, "f52": -0.8464654080341631, "f53": -0.43379160733961475, "f54": -1.22474916316993, "f55": 0.5747422954903993, "f6": -1.7673037525898974, "f7": -0.9195109165005753, "f8": -0.6497920395289398, "f9": 1.9829169390308583}, "datetime": {"datetime": "2023-01-25 14:56:26", "elapsed": 1654.975844, "delta": 44.186693}}
{"target": 0.015779154827819362, "params": {"f0": -0.664625922395967, "f1": -1.6089614459045423, "f10": 1.0211857210236133, "f11": -0.4431992096202351, "f12": -0.05398561010152603, "f13": 0.9970290743409056, "f14": 1.6856922301211752, "f15": 2.888073688069971, "f16": -0.16659395590481418, "f17": 0.5882904542327454, "f18": -2.11549192797983, "f19": 1.4235940878131192, "f2": -0.8682280569579368, "f20": -0.921398762302303, "f21": 1.0331519269315894, "f22": -1.0292674990553543, "f23": 0.29695923869617413, "f24": -0.6905381654314842, "f25": -1.00749065058634, "f26": -1.2626145445861092, "f27": -1.881106162889159, "f28": 1.6705313945522666, "f29": -1.628158821908734, "f3": -0.956231431492852, "f30": 1.5342285233621984, "f31": -0.34103141237249435, "f32": -0.5492524892358652, "f33": 0.3580141371196464, "f34": 0.6058666950666958, "f35": -0.8067563564345314, "f36": -2.076599293614245, "f37": -2.333059903798665, "f38": -1.2229614482443756, "f39": -1.4765874475709828, "f4": -1.5977340366452228, "f40": -1.516746554756879, "f41": 1.9480077331046135, "f42": 0.5868044358872118, "f43": 0.34911483552811395, "f44": -0.6228887455285245, "f45": -0.1306990648800554, "f46": -1.4970257389635129, "f47": -2.122494371168285, "f48": -0.7356911774082017, "f49": 0.6465389354773826, "f5": 0.5377816028395095, "f50": 2.2037218680205117, "f51": -0.06794029833088883, "f52": -0.4479739172151007, "f53": -0.9056156986383215, "f54": -0.8755243038697098, "f55": 0.7255458510965257, "f6": -1.8535780556232353, "f7": -1.1747275146556835, "f8": -0.18281168307104556, "f9": 2.0043910275176176}, "datetime": {"datetime": "2023-01-25 14:58:07", "elapsed": 1755.180966, "delta": 100.205122}}
{"target": 0.11061750098279564, "params": {"f0": -0.27892947804272983, "f1": -1.358594075172212, "f10": 2.0248029339267117, "f11": 0.1503737358525492, "f12": -0.4269206923147715, "f13": 0.6889935403238228, "f14": 0.7189225283798681, "f15": 1.537352127009898, "f16": -0.884086692140429, "f17": 1.1383490948528288, "f18": -1.2031295382423803, "f19": 1.420591831352852, "f2": -2.354289588413117, "f20": -1.0908048771362935, "f21": 0.4745047889534904, "f22": -0.8999363918555634, "f23": -0.2485430962640021, "f24": -0.812042432495396, "f25": -1.0280821786006629, "f26": -0.33677397509840756, "f27": -0.9458481132263845, "f28": 0.5494410528828279, "f29": -2.9773278106636303, "f3": -1.0823912855674962, "f30": 1.0788607703257542, "f31": -0.22964563539543437, "f32": -1.1956127747692964, "f33": 0.812832189977174, "f34": 0.8879406982671723, "f35": -1.0425147839428817, "f36": -2.18368786211951, "f37": -1.4956847570561609, "f38": -0.6607718102827209, "f39": -0.5436151090902708, "f4": -1.3648819753124373, "f40": -1.1524203817714351, "f41": 1.9427853309325227, "f42": 1.4573662932700842, "f43": 1.0788623693325876, "f44": -0.19647505657981557, "f45": -0.20756862845539373, "f46": -0.5550445961006352, "f47": -2.9776636077506415, "f48": -0.753823941430682, "f49": 0.6711592929177101, "f5": 1.8887150858259754, "f50": 2.7708040223854016, "f51": 0.6799727323496079, "f52": -1.042029670065137, "f53": -0.16156719550680154, "f54": -0.9943565299217494, "f55": 0.6366474536442069, "f6": -2.2450650843923183, "f7": -1.1618136729672923, "f8": -0.47046446232957706, "f9": 2.585178295637341}, "datetime": {"datetime": "2023-01-25 14:58:40", "elapsed": 1788.099237, "delta": 32.918271}}
