{"target": 0.15002473294048765, "params": {"f0": -0.8472546919297811, "f1": -0.8398115262633452, "f10": 2.3145890628939894, "f11": 0.18862269234468199, "f12": -0.13849516557949493, "f13": 1.1777990356806216, "f14": 1.828539691294017, "f15": 1.4537598443176, "f16": -0.11808136524393986, "f17": 1.0569374075716786, "f18": -1.7872789641112907, "f19": 0.7082849946822383, "f2": -2.0733932827183175, "f20": -1.0273978432063762, "f21": 0.9390284886416542, "f22": -1.427115581407652, "f23": -0.014850793154868591, "f24": -0.14731323840316268, "f25": -0.35178130655120843, "f26": -0.5550281388595912, "f27": -1.5883616817558817, "f28": 0.8226619549512733, "f29": -2.2414569316446586, "f3": -0.44665002951317967, "f30": 0.5626720844772697, "f31": -1.0057583195113011, "f32": -1.413477833476122, "f33": 1.0024742943131648, "f34": 1.8156152367462042, "f35": -0.6548936292722471, "f36": -0.5428646144090341, "f37": -1.6311135623709982, "f38": -2.5187108560148066, "f39": -1.4489248386847327, "f4": -0.7788798034109772, "f40": -1.5557832118571118, "f41": 1.20575359211244, "f42": 1.8978209473092356, "f43": 0.25941311072629347, "f44": -0.03912651130890055, "f45": -0.39649148534175344, "f46": -1.518726012286938, "f47": -0.789993593693989, "f48": -0.9981603762920619, "f49": 0.26024568724811614, "f5": 1.8275927712422113, "f50": 1.9196219370961445, "f51": 0.7157539600624805, "f52": -0.9749411460276431, "f53": -0.4136367420122915, "f54": -1.1674021321412518, "f55": 1.7150360348996756, "f6": -0.7238280209871317, "f7": -0.8612220567327988, "f8": -0.603054637961818, "f9": 2.8621857064543814}, "datetime": {"datetime": "2023-01-25 14:59:21", "elapsed": 1829.267648, "delta": 41.168411}}
{"target": 0.30373316568579534, "params": {"f0": -0.27648115951688235, "f1": -0.9843979823863738, "f10": 1.7404184521910318, "f11": -0.0623893212693285, "f12": -0.5033902231546763, "f13": 0.7138052686000131, "f14": 1.7004978882415434, "f15": 2.1902914255756456, "f16": -0.568058285492232, "f17": 1.2622412070411615, "f18": -1.5095486181879205, "f19": 1.279153721474262, "f2": -2.7036514015348048, "f20": -2.7127382997400886, "f21": 1.180543061948466, "f22": -0.7027486696682641, "f23": -0.3631268028320785, "f24": -0.7170535501566249, "f25": -1.0395012093924898, "f26": -1.230905324543315, "f27": -2.6300700008307576, "f28": 1.318439416812944, "f29": -0.749544381991881, "f3": -0.28389765690325675, "f30": 1.3768494629867503, "f31": -0.5685779653206158, "f32": -1.3332321567276773, "f33": 0.7869279270865255, "f34": 1.105745902511721, "f35": -0.6984121663576942, "f36": -1.0348011648444781, "f37": -1.8656153073562574, "f38": -1.2212139071934547, "f39": -2.2458029048754313, "f4": -2.017543253175486, "f40": -1.4517777769344165, "f41": 0.8790659996398291, "f42": 0.8921945313754622, "f43": 0.5076520859321291, "f44": -0.6153819408532673, "f45": 0.11762792980332576, "f46": -2.231467695573596, "f47": -2.923705752921536, "f48": -1.0772935077316226, "f49": 0.5910950403722468, "f5": 0.5343756683605213, "f50": 2.608244335346018, "f51": 0.5958374481251174, "f52": -0.6674800572139163, "f53": -0.21125662873909545, "f54": -0.5154155670922731, "f55": 0.5624962912227022, "f6": -0.6276080910183164, "f7": -1.2189259966772905, "f8": -0.48372242578783353, "f9": 0.5224391583752283}, "datetime": {"datetime": "2023-01-25 15:00:25", "elapsed": 1893.871237, "delta": 64.603589}}
{"target": 0.022546607690428544, "params": {"f0": -0.8464839418992485, "f1": -1.3653737382386315, "f10": 1.2860559998927767, "f11": -0.049123327250382376, "f12": -0.32618591032514477, "f13": 0.26662236404614154, "f14": 2.1475664170147053, "f15": 2.4710492398077517, "f16": -0.45371040789665895, "f17": 0.677688785964945, "f18": -1.891350856748417, "f19": 1.0773825411863092, "f2": -1.5021658663235622, "f20": -1.1569392393053564, "f21": 0.7700249467767325, "f22": -1.3073701100641015, "f23": -0.025108847073242402, "f24": -0.7958327360478938, "f25": -0.3175849956930301, "f26": -0.27644745590234643, "f27": -2.0504463018508874, "f28": 0.934569887227878, "f29": -1.6817145968293472, "f3": -0.26619918391821196, "f30": 1.2178125976270517, "f31": -0.9298666968086973, "f32": -0.47544032063615815, "f33": 0.9424240159458825, "f34": 0.3989470615467783, "f35": -0.7775247394850037, "f36": -1.172435809048115, "f37": -1.721857829668629, "f38": -2.030385599269663, "f39": -0.9692838291493939, "f4": -1.6838285725657596, "f40": -1.6077181720256337, "f41": 0.6882595002764322, "f42": 1.410111224366081, "f43": 1.1685435375500122, "f44": -0.32478768502941213, "f45": -0.37508174371837344, "f46": -2.376336933927781, "f47": -2.402300837812129, "f48": -1.4065194963305951, "f49": 0.46466970016621323, "f5": 1.6097843601017443, "f50": 0.9074022872956398, "f51": 0.8264915673940036, "f52": -0.8954613251025241, "f53": -0.7687551229454608, "f54": -0.9077754095251984, "f55": 2.15355396677469, "f6": -1.4642379748083578, "f7": -0.3262499799348364, "f8": -0.47459640638492107, "f9": 1.4280319951916782}, "datetime": {"datetime": "2023-01-25 15:01:11", "elapsed": 1939.351991, "delta": 45.480754}}
{"target": 0.27726924566866895, "params": {"f0": -0.670399340781387, "f1": -1.5876338509427688, "f10": 1.2642400814782566, "f11": 0.007164578995782489, "f12": -0.7391365122087434, "f13": 0.9759680595487412, "f14": 1.0828919958567058, "f15": 0.6505644808934434, "f16": -0.34321312559899053, "f17": 0.8628598256953385, "f18": -1.5322782897680858, "f19": 1.516840490140906, "f2": -1.3543690167802866, "f20": -2.4170094838348537, "f21": 0.4087388174584971, "f22": -0.983602583821142, "f23": 0.2421322841310558, "f24": -0.5403955424602522, "f25": -0.34034563488972713, "f26": -1.3205307786392457, "f27": -0.773607125892255, "f28": 1.0587137630028725, "f29": -2.613713743893459, "f3": -0.6213725493594134, "f30": 1.5720679668584858, "f31": -1.2228378887855151, "f32": -1.046198961439818, "f33": 1.3456234053710636, "f34": 1.5228638120278601, "f35": -0.28405077388133937, "f36": -2.0118343377845624, "f37": -1.6147798917263931, "f38": -2.0281156835235388, "f39": -1.6017125110594503, "f4": -1.6666876805139013, "f40": -1.498316118109711, "f41": 0.7723670203583406, "f42": 0.5443413879919611, "f43": 0.5636290836876315, "f44": -0.306228345541524, "f45": -0.008110414942906319, "f46": -0.7821282968835508, "f47": -2.2634114502019336, "f48": -0.9132734869767147, "f49": 0.9324876137255373, "f5": 0.5701940898854332, "f50": 2.552586332879844, "f51": 0.23345206520531475, "f52": -1.5009338517904356, "f53": -0.659899917424106, "f54": -0.29680024186196374, "f55": 2.606293172622943, "f6": -0.7718412793093536, "f7": -0.7770776720453585, "f8": -0.5900938059100919, "f9": 1.6060738308017766}, "datetime": {"datetime": "2023-01-25 15:02:11", "elapsed": 1999.202323, "delta": 59.850332}}
{"target": 2.7640532357017707e-05, "params": {"f0": -1.0559472798259975, "f1": -1.4073792063838675, "f10": 0.8985092981953512, "f11": 0.12404230106356984, "f12": -0.5996201472266138, "f13": 1.0679760818424389, "f14": 1.1416892678619972, "f15": 1.5366278590104812, "f16": -0.2710947685625247, "f17": 0.5119802156989128, "f18": -0.9941490423787465, "f19": 1.1391071898928293, "f2": -2.3697367375994314, "f20": -2.5089151166168713, "f21": 0.39912750961097054, "f22": -1.1364387242232215, "f23": -0.09105105965037597, "f24": -0.46692506869149175, "f25": -0.8062037718208518, "f26": -1.1912390145345422, "f27": -1.1634348295572006, "f28": 1.4853753765983682, "f29": -2.675461121554246, "f3": -1.1385691233337076, "f30": 0.8960950520513993, "f31": -0.2441954956138137, "f32": -0.8656322273728261, "f33": 1.5008051362869472, "f34": 1.313000543732972, "f35": -0.46800103683938066, "f36": -0.7084798137712758, "f37": -1.2690363850350634, "f38": -1.7335258359447432, "f39": -2.350878541909341, "f4": -1.2324230730269354, "f40": -1.3983163359305628, "f41": 0.5276390014683725, "f42": 0.6310858819779269, "f43": 0.8297286038858682, "f44": -0.006567573264801507, "f45": 0.3012421306672807, "f46": -2.2985944694778184, "f47": -2.7695769986058116, "f48": -1.466499191369105, "f49": 0.6201235901362339, "f5": 1.8223516839234708, "f50": 2.4092957575704945, "f51": 0.6220102140428561, "f52": -0.9092850462477711, "f53": -0.6811398532438665, "f54": -1.150819946450298, "f55": 2.4431375829072106, "f6": -1.2974133933926997, "f7": -1.3756292140821866, "f8": -0.6003891264725522, "f9": 0.7430944226291447}, "datetime": {"datetime": "2023-01-25 15:06:05", "elapsed": 2233.484074, "delta": 234.281751}}
{"target": 0.7378802803816747, "params": {"f0": -0.4118753140532516, "f1": -1.9932983869190224, "f10": 1.0539030493060835, "f11": -0.45247975138878366, "f12": -0.6677569736930034, "f13": 0.3963639821882113, "f14": 0.6432997008307788, "f15": 1.5830442624504413, "f16": -0.6046159966815807, "f17": 0.9889303023976165, "f18": -1.6002631608218598, "f19": 1.1975589548497252, "f2": -2.3349311239911272, "f20": -2.9037271497486064, "f21": 0.8973281178623467, "f22": -1.1325441567745562, "f23": -0.43209437989170635, "f24": -0.8331397842796551, "f25": -0.12310188734443772, "f26": -1.018168629204252, "f27": -2.0444361406158302, "f28": 0.8687802717123807, "f29": -0.8014411177013758, "f3": -1.0025584415314366, "f30": 1.1987503222964202, "f31": -1.2409101623433167, "f32": -1.3313557233737148, "f33": 1.4062924886748194, "f34": 1.462958905522916, "f35": -0.7387700862283181, "f36": -1.3054112412989536, "f37": -1.0852595333980537, "f38": -2.084822845506553, "f39": -0.4843873271646486, "f4": -1.6264723015889297, "f40": -0.8304996625784467, "f41": 1.2488888668534994, "f42": 1.748501270411019, "f43": 1.000145063993643, "f44": -0.0662326899393676, "f45": 0.26392717704841, "f46": -2.7796152212459404, "f47": -1.1137875051597355, "f48": -0.9569702869697136, "f49": 0.9135277758969033, "f5": 1.3808133539100576, "f50": 2.3328243837240175, "f51": 0.07261540789536652, "f52": -1.4216030867480367, "f53": -0.349065870312562, "f54": -1.223320276696227, "f55": 0.6883249892595668, "f6": -0.7184127768569408, "f7": -1.3892143113726287, "f8": -0.5890339714130994, "f9": 2.5759385314016185}, "datetime": {"datetime": "2023-01-25 15:07:19", "elapsed": 2307.789369, "delta": 74.305295}}
{"target": 0.4573291783580549, "params": {"f0": -0.43701673787943285, "f1": -0.7126818791354022, "f10": 0.6455791422653634, "f11": -0.5010427494375799, "f12": -0.048663356375016065, "f13": 0.8225275889436315, "f14": 0.9527190702728487, "f15": 2.420348356995619, "f16": -0.6252388481430545, "f17": 0.6584578095993517, "f18": -1.525081657400023, "f19": 0.8224880720648091, "f2": -1.0664551589554987, "f20": -0.9122350933980448, "f21": 1.285826050186711, "f22": -1.120738516249549, "f23": 0.32092115109628805, "f24": -0.21262968999861065, "f25": -0.08094734684868177, "f26": -0.5127473401663437, "f27": -1.2996446336440912, "f28": 1.3331721302714523, "f29": -1.048313705284129, "f3": -0.6080113057614697, "f30": 0.7652436227033899, "f31": -0.9845044774611131, "f32": -1.14162665830006, "f33": 0.9772609708867825, "f34": 0.5331269147785882, "f35": -1.1090875675802558, "f36": -1.6555096309929354, "f37": -1.32294044283193, "f38": -1.1043122206197955, "f39": -0.5575590732620395, "f4": -0.9625140810703854, "f40": -0.7985988042805736, "f41": 0.6625986825841362, "f42": 0.9123760395592866, "f43": 0.40963590701575364, "f44": -0.2571385784107124, "f45": 0.1667403468512853, "f46": -1.1351723899436397, "f47": -2.185993393715637, "f48": -0.7863645887691274, "f49": 0.9955167276865327, "f5": 2.59434719649457, "f50": 0.7631269480894441, "f51": 0.3531160431187272, "f52": -1.5485265729501303, "f53": -0.38527878833804585, "f54": -0.44826371802836296, "f55": 0.8462903950626743, "f6": -1.6739684749669417, "f7": -0.30443556428960084, "f8": -0.9729924809825117, "f9": 1.448143241731253}, "datetime": {"datetime": "2023-01-25 15:08:34", "elapsed": 2382.059904, "delta": 74.270535}}
{"target": 0.3060432156485587, "params": {"f0": -0.44314504009791356, "f1": -0.8751148363545107, "f10": 2.9929766273555227, "f11": -0.35441047096530304, "f12": -0.4790179919793859, "f13": 0.5867870114082303, "f14": 1.5710970848596129, "f15": 1.3001979224888078, "f16": -0.9361461263320626, "f17": 1.021837510166888, "f18": -1.6034637532104816, "f19": 1.1749324871211202, "f2": -1.5647757219388794, "f20": -2.941909787076183, "f21": 1.098536532074386, "f22": -1.6392022556070274, "f23": -0.23177110521943536, "f24": -0.6138335143753242, "f25": -0.5574682906066769, "f26": -0.7905792976314246, "f27": -2.9741555202366676, "f28": 1.1429253526050929, "f29": -2.420626277924302, "f3": -0.7057751869226282, "f30": 0.8331110830651776, "f31": -0.9778180254629317, "f32": -0.456862557840779, "f33": 0.9691150085183105, "f34": 1.4643627418497012, "f35": -0.5601958799363378, "f36": -1.543831098731927, "f37": -1.7214561814579805, "f38": -1.5536128096861572, "f39": -1.4733823424152486, "f4": -1.9750111922121607, "f40": -0.5360727173255211, "f41": 0.9739839551112599, "f42": 0.778182342037975, "f43": 0.8299532978363386, "f44": -0.5627863072868534, "f45": 0.053746847528298614, "f46": -2.5502753671074276, "f47": -2.7318436936363564, "f48": -1.0221833807322602, "f49": 0.5379441490850334, "f5": 2.7953966816036693, "f50": 1.0271954560222332, "f51": 0.7297454462343025, "f52": -0.8844517154663223, "f53": -0.22466534916291203, "f54": -0.46094669671673005, "f55": 2.4111314847281444, "f6": -1.625749257471392, "f7": -1.0481997256553723, "f8": -0.3992286990747371, "f9": 2.904390034088562}, "datetime": {"datetime": "2023-01-25 15:09:50", "elapsed": 2458.111335, "delta": 76.051431}}
{"target": 0.35974664988536337, "params": {"f0": -0.5242980063624665, "f1": -1.25699462047618, "f10": 2.271015616576774, "f11": -0.17687731165340065, "f12": -0.6924044088517948, "f13": 1.2570830623972682, "f14": 1.3529941449589231, "f15": 1.9331340100174916, "f16": -0.22390335328414412, "f17": 1.441590318982213, "f18": -1.096094671390601, "f19": 1.3925504932288364, "f2": -1.8712264633601758, "f20": -0.8932934453738963, "f21": 1.288169255324496, "f22": -0.562713104591912, "f23": 0.21778829461287919, "f24": -0.8877221563265747, "f25": -0.09279290856066169, "f26": -1.2066493965955012, "f27": -2.287490607566947, "f28": 1.0928095413482677, "f29": -2.910878581215571, "f3": -1.1238034326408395, "f30": 0.5840922703886022, "f31": -0.451945402968679, "f32": -0.7764109975530388, "f33": 0.49186129838249143, "f34": 1.004074057996842, "f35": -1.0958341218924805, "f36": -1.1116732238059093, "f37": -0.9810263997437689, "f38": -2.4825776385290865, "f39": -1.5034084172067836, "f4": -0.839459703949935, "f40": -0.7565726075536178, "f41": 2.40948727492032, "f42": 1.6829299840708638, "f43": 0.6921293634964538, "f44": -0.3096906044836295, "f45": 0.056484946863658125, "f46": -2.090638817775148, "f47": -2.2734746043252234, "f48": -1.4960968174745177, "f49": 1.0126291536503134, "f5": 1.7698544320148184, "f50": 1.751505401223227, "f51": 0.3748194398986598, "f52": -1.026579123541802, "f53": -0.7077056624364941, "f54": -1.3090504413049018, "f55": 0.542225043512499, "f6": -1.8767802236468323, "f7": -0.46273140103014443, "f8": -0.4961956709391532, "f9": 0.6927225598933279}, "datetime": {"datetime": "2023-01-25 15:11:15", "elapsed": 2543.249713, "delta": 85.138378}}
{"target": 0.20214988510719403, "params": {"f0": -1.1204954953767963, "f1": -0.8512841965744185, "f10": 2.502191463705167, "f11": -0.04930880503941748, "f12": -0.5252396199113409, "f13": 1.2911010752906396, "f14": 1.9112841313690059, "f15": 0.9248695229464925, "f16": -0.2743471625105859, "f17": 0.4779295485505891, "f18": -2.2601765873880946, "f19": 1.1138550778720706, "f2": -2.0576203266555657, "f20": -1.4425535853094027, "f21": 0.2893707305589499, "f22": -0.44046765734123916, "f23": -0.3875443799273953, "f24": -0.6109962977850333, "f25": -0.4044134167690445, "f26": -0.5784781611981207, "f27": -0.9078931798715137, "f28": 1.3678759485361558, "f29": -1.2254401869340168, "f3": -0.44067708505850356, "f30": 0.8756855700689548, "f31": -0.8339646212511567, "f32": -0.6619093163683178, "f33": 1.2035201098491637, "f34": 0.6572306033218562, "f35": -1.2484273399967272, "f36": -1.3439468154501029, "f37": -1.3181357771145266, "f38": -2.525134297881146, "f39": -1.7814649128429076, "f4": -0.6507786401589761, "f40": -0.37377464056193155, "f41": 1.5266329003834729, "f42": 0.9684719658724938, "f43": 0.3023787129607999, "f44": -0.3211919314472669, "f45": 0.1477526581834802, "f46": -1.3257717556818291, "f47": -2.595489733886737, "f48": -0.7156443652353889, "f49": 0.4021662845584516, "f5": 0.8688140309614634, "f50": 2.1038041126805185, "f51": 0.07652920941375693, "f52": -1.035330186398015, "f53": -0.5313509561146653, "f54": -0.24344498315955, "f55": 1.2016116642755204, "f6": -2.484274899137085, "f7": -0.2659347814130488, "f8": -0.6363313412303551, "f9": 1.7880807979136584}, "datetime": {"datetime": "2023-01-25 15:12:03", "elapsed": 2591.887746, "delta": 48.638033}}
{"target": 0.00016907301190751542, "params": {"f0": -0.34961332254892463, "f1": -0.631019196576635, "f10": 0.9933348837639812, "f11": -0.2382117805480093, "f12": -0.4501447371296229, "f13": 0.34253168139613654, "f14": 0.508157514650075, "f15": 1.529277575130359, "f16": -0.2729928874520827, "f17": 1.4179927498580602, "f18": -1.697461693017856, "f19": 1.0045973989576953, "f2": -1.1585767587309854, "f20": -2.2044710319901086, "f21": 0.6817540927006975, "f22": -1.8652954876363284, "f23": 0.10875348727886225, "f24": -0.8643499845234419, "f25": -0.537694886862295, "f26": -0.3272541387875312, "f27": -0.7506475516981288, "f28": 1.6341937611528352, "f29": -2.9969170491008095, "f3": -0.2428705779487904, "f30": 1.20517746723365, "f31": -0.45980893119003685, "f32": -0.6689840071441657, "f33": 1.5183945517256232, "f34": 1.6040246357760104, "f35": -0.7350682662045581, "f36": -1.4402504286729971, "f37": -1.64876599694942, "f38": -1.0507229209087356, "f39": -0.6519255540947526, "f4": -1.8366923755484594, "f40": -1.0132702703884995, "f41": 1.6700512565647154, "f42": 0.9062010177124555, "f43": 0.8642399851470679, "f44": -0.8360190067701194, "f45": 0.3237989800434488, "f46": -1.4109598974717408, "f47": -1.5866933257538234, "f48": -0.3563663811566724, "f49": 0.520560118285754, "f5": 0.7344472367760986, "f50": 1.4167208109934217, "f51": 0.3944838161522292, "f52": -1.87859181642062, "f53": -0.11328369793632564, "f54": -0.7308107868333209, "f55": 1.1765134915301305, "f6": -1.9876745347943343, "f7": -0.6807998618166584, "f8": -0.766648423552919, "f9": 2.5575599874350794}, "datetime": {"datetime": "2023-01-25 15:16:30", "elapsed": 2858.938396, "delta": 267.05065}}
{"target": 0.18408453164619673, "params": {"f0": -0.354127338394407, "f1": -1.3088357696334736, "f10": 1.8941505064564415, "f11": -0.026780907620197025, "f12": -0.2903122206598908, "f13": 0.2837282850223836, "f14": 1.4555071266842319, "f15": 1.1339499176980647, "f16": -0.5358944534974073, "f17": 0.47444111765047065, "f18": -1.3943471233129796, "f19": 1.540692190824038, "f2": -2.4814523759433076, "f20": -0.8570111005339545, "f21": 0.5165535356397857, "f22": -1.7246602234429977, "f23": -0.2519336562066525, "f24": -0.821578118628775, "f25": -0.15896204330508534, "f26": -0.7954474441104907, "f27": -2.6141902431858597, "f28": 0.3997630076100057, "f29": -1.0495791886301677, "f3": -1.0285648443324966, "f30": 0.40188022718601163, "f31": -0.8841753315923795, "f32": -0.4216322401439936, "f33": 0.8691079576295303, "f34": 1.0820407442476583, "f35": -0.8864242644735467, "f36": -1.032318846338945, "f37": -0.6606882330104604, "f38": -1.8737065997590219, "f39": -0.8756075875925402, "f4": -0.9488704221132169, "f40": -1.4849915512410314, "f41": 1.4438150478269876, "f42": 1.6934277540173401, "f43": 0.24674083083805629, "f44": -0.197677806645143, "f45": -0.4102341254773067, "f46": -1.6756398149622678, "f47": -1.0712746530727417, "f48": -1.3944308466443274, "f49": 0.6749696980256361, "f5": 1.7930372944701953, "f50": 1.886041667791617, "f51": 0.24297237020906343, "f52": -1.4738687489742215, "f53": -0.30532857699408533, "f54": -0.7446088129773485, "f55": 2.277007839708566, "f6": -1.6517982182869142, "f7": -1.1772179225058053, "f8": -0.3895297454027261, "f9": 2.2354199976804843}, "datetime": {"datetime": "2023-01-25 15:17:32", "elapsed": 2920.895028, "delta": 61.956632}}
{"target": 0.11112246283407981, "params": {"f0": -0.8555114772695157, "f1": -1.7145264163623473, "f10": 2.3104989289519695, "f11": -0.46210721317985926, "f12": -0.7175564611369576, "f13": 0.8026045356777096, "f14": 1.288652853483522, "f15": 1.2094109394950072, "f16": -0.8799100742444618, "f17": 1.0640214834430965, "f18": -2.256416614847307, "f19": 1.2667983212250857, "f2": -1.5575221972418247, "f20": -2.813269337997699, "f21": 0.28303885831549086, "f22": -0.6469518258296929, "f23": 0.027370666579446534, "f24": -0.7491241583335209, "f25": -1.0177641162854039, "f26": -1.132937949956418, "f27": -1.6686033602567778, "f28": 0.6177055533909844, "f29": -1.4895878512959395, "f3": -0.7178484713779142, "f30": 0.506996955038357, "f31": -1.2717274929067308, "f32": -0.7521994485679399, "f33": 0.5870139198244468, "f34": 1.1654543764268237, "f35": -0.5190277114665387, "f36": -2.891378815818851, "f37": -1.0488975272866947, "f38": -1.8450281198917582, "f39": -2.198700076582579, "f4": -1.4569468380063695, "f40": -1.2031512257510846, "f41": 1.1035632422971378, "f42": 1.3669827843957438, "f43": 0.8512204930808469, "f44": -0.08679902473933288, "f45": -0.0279503624933104, "f46": -1.6354944757905274, "f47": -0.6947254957798683, "f48": -0.4005644089026035, "f49": 0.40588308637606674, "f5": 0.6229681066333791, "f50": 1.3940016248312825, "f51": 0.6142137983110093, "f52": -1.7925223078995471, "f53": -0.4310481566632113, "f54": -0.4483924796808455, "f55": 2.9168267072170204, "f6": -2.2861538543002045, "f7": -1.2249810320413959, "f8": -0.3035140773358521, "f9": 1.8007685306345405}, "datetime": {"datetime": "2023-01-25 15:18:16", "elapsed": 2964.435974, "delta": 43.540946}}
