{"target": 0.20115221147566467, "params": {"f0": -0.8986723606098822, "f1": -1.2017748630060658, "f10": 2.753082786306537, "f11": -0.2416677960015472, "f12": -0.6107305774286562, "f13": 1.0216186638743294, "f14": 1.4513452344221056, "f15": 2.287485926593035, "f16": -0.6074913870456708, "f17": 0.5660618029188075, "f18": -1.7874519807595322, "f19": 0.7561592232115071, "f2": -2.3542796583257153, "f20": -2.662694338506122, "f21": 1.156020012575285, "f22": -1.5465994528770173, "f23": 0.33625541821638927, "f24": -0.8658587379960707, "f25": -0.92557948807794, "f26": -1.1339865674834753, "f27": -2.17432835811646, "f28": 0.42425871885816135, "f29": -1.5284810543961072, "f3": -0.2502212657147359, "f30": 1.092856326964965, "f31": -0.43681079388367683, "f32": -1.3877902968943154, "f33": 0.5605847980428685, "f34": 1.093096256022256, "f35": -0.5992448439529495, "f36": -2.849362603075884, "f37": -2.0453071898730024, "f38": -1.5231996535047032, "f39": -1.8587251944697254, "f4": -0.7468172367310559, "f40": -1.3666672314611565, "f41": 2.420781380290046, "f42": 2.3123758137853234, "f43": 0.8253971927373982, "f44": -0.6254789872927047, "f45": 0.17479736023163023, "f46": -2.619440193659845, "f47": -2.902924761726706, "f48": -0.8410997224236202, "f49": 0.1609154176014838, "f5": 2.881768275131429, "f50": 1.4585035721282897, "f51": 0.0029643290676825695, "f52": -1.8112276079349456, "f53": -0.8686281138333005, "f54": -0.8891563962142102, "f55": 2.9266816337138235, "f6": -0.565795140273166, "f7": -0.9777193575254572, "f8": -0.7245536015292247, "f9": 1.9870945254900716}, "datetime": {"datetime": "2023-01-25 15:19:13", "elapsed": 3021.150856, "delta": 56.714882}}
{"target": 0.7302076343163798, "params": {"f0": -0.8158476562365011, "f1": -1.593644061657674, "f10": 0.8707439334455576, "f11": -0.2327866751745537, "f12": -0.7519111562983951, "f13": 1.3130789152413722, "f14": 1.0377365344973182, "f15": 2.3163107456916854, "f16": -0.6645777553572443, "f17": 0.6715668537258537, "f18": -1.6502735982007184, "f19": 0.5647734676814007, "f2": -2.7367926680911947, "f20": -1.1441352171246915, "f21": 0.3385237732548689, "f22": -1.4299064773017318, "f23": -0.21075505527043212, "f24": -0.2724405826126185, "f25": -0.08120332178279321, "f26": -1.3511143851029428, "f27": -1.3039662655865163, "f28": 1.0026586098298484, "f29": -1.8912431300928696, "f3": -0.9921780261779981, "f30": 1.2992641889840506, "f31": -1.150911889633425, "f32": -0.7312888108952503, "f33": 1.5429845964849505, "f34": 1.612365908325506, "f35": -1.1156764878267516, "f36": -2.3652721359989886, "f37": -2.12045804857703, "f38": -1.327081828948877, "f39": -1.2335801611673627, "f4": -1.9457751237707015, "f40": -1.6246382578781462, "f41": 0.7689998773504566, "f42": 0.46817195932968575, "f43": 0.31061262266369005, "f44": -0.5598382944729552, "f45": -0.39127422203208867, "f46": -2.3741942191297154, "f47": -2.567744272694196, "f48": -0.7829890337604103, "f49": 0.25896930607761526, "f5": 2.019803871288482, "f50": 1.640764009087408, "f51": 0.22565890316280524, "f52": -1.7452076512019492, "f53": -0.5110657048672115, "f54": -0.9386314701984386, "f55": 0.5384474601387731, "f6": -0.5638390460924576, "f7": -0.8441280510863591, "f8": -0.26931715412862167, "f9": 1.7343971076963838}, "datetime": {"datetime": "2023-01-25 15:20:06", "elapsed": 3074.190282, "delta": 53.039426}}
{"target": 0.3365123502429184, "params": {"f0": -0.7132668713359107, "f1": -1.544582707200957, "f10": 2.6206705377960713, "f11": -0.41395158109889274, "f12": -0.5382330226311867, "f13": 0.8939034284512831, "f14": 2.168813421766192, "f15": 0.7357513108617137, "f16": -0.7805220218164499, "f17": 1.2430343436559217, "f18": -2.045982322823962, "f19": 0.872809750472221, "f2": -1.7258905769938677, "f20": -1.950687088780665, "f21": 0.9996978875809597, "f22": -1.4971674398226764, "f23": 0.25838050343761765, "f24": -0.7300885388336384, "f25": -0.5644627483151557, "f26": -0.4604472602835409, "f27": -2.5866049078233218, "f28": 0.46299564879059263, "f29": -0.9635933714438143, "f3": -1.0085684519831288, "f30": 0.6978406061274873, "f31": -0.27382923550472293, "f32": -0.6424203905681825, "f33": 0.3919372672250711, "f34": 1.2512092820051328, "f35": -1.0896917086275633, "f36": -2.2213525595348584, "f37": -1.53354511565172, "f38": -2.0548413989067056, "f39": -2.311312403920932, "f4": -1.2819423756511223, "f40": -1.5372877907096925, "f41": 2.748643993101005, "f42": 1.105702370822675, "f43": 0.6604450034329767, "f44": -0.02535847039901795, "f45": 0.36942034238826965, "f46": -2.014194232502248, "f47": -1.740164145151045, "f48": -0.332375080033658, "f49": 0.6540022523454638, "f5": 1.129374879981608, "f50": 0.7467779903556524, "f51": 0.20096081427960183, "f52": -1.3000291055668782, "f53": -0.3301486226024062, "f54": -0.3390027883964507, "f55": 0.9707242814398478, "f6": -1.674786877553327, "f7": -1.200239545695775, "f8": -0.2998184174636851, "f9": 2.055052578407528}, "datetime": {"datetime": "2023-01-25 15:20:46", "elapsed": 3114.853075, "delta": 40.662793}}
{"target": 0.031882726166730505, "params": {"f0": -1.127031452153199, "f1": -1.5279306726108906, "f10": 0.8808479774911222, "f11": -0.3138586237768306, "f12": -0.5286531777650143, "f13": 1.0833657268476768, "f14": 1.8270456156225312, "f15": 0.8856866461993683, "f16": -0.5720036152972845, "f17": 0.8461062461879503, "f18": -0.7686325135458811, "f19": 1.1243327378501926, "f2": -1.9794775518099095, "f20": -1.1017205826997578, "f21": 1.2498619377116857, "f22": -0.6717810517364244, "f23": -0.30043995807332224, "f24": -0.5370010143973081, "f25": -0.6214026467040803, "f26": -1.0205430495376664, "f27": -2.7762157519156774, "f28": 0.9936112971068702, "f29": -1.320700766049136, "f3": -0.3359519096859669, "f30": 0.40365158265961193, "f31": -0.5699475542556854, "f32": -0.7399108400951556, "f33": 0.8138613603188625, "f34": 1.7772331195658946, "f35": -0.7494949990237396, "f36": -0.7542520532811894, "f37": -0.8695122375197746, "f38": -1.458789697698325, "f39": -0.5460955435150168, "f4": -2.012516907382905, "f40": -1.076338036024249, "f41": 0.709214283087265, "f42": 2.0644751117831692, "f43": 0.538243982641498, "f44": -0.7859319136981191, "f45": -0.03124592550845129, "f46": -0.7620277538213798, "f47": -2.76807852148723, "f48": -0.9591038435712093, "f49": 0.6687081516450454, "f5": 1.2834571831494135, "f50": 2.758360345265197, "f51": 0.352617082125668, "f52": -0.5642691479211324, "f53": -0.19641949546065007, "f54": -0.6353567390813551, "f55": 2.9951938680782844, "f6": -1.610309485733821, "f7": -1.389886398890164, "f8": -0.9755916459468637, "f9": 2.5212823053680062}, "datetime": {"datetime": "2023-01-25 15:21:28", "elapsed": 3156.977804, "delta": 42.124729}}
{"target": 0.6131846947898586, "params": {"f0": -1.087255353495604, "f1": -0.9255326200025211, "f10": 1.6857426715337611, "f11": -0.4823404146655032, "f12": -0.3345561794096874, "f13": 0.8526985698754708, "f14": 1.1139848570296993, "f15": 2.8857549124035398, "f16": -0.41311172043313094, "f17": 0.7401659926999289, "f18": -1.6696005367556517, "f19": 0.44542102310499454, "f2": -1.2006896974292822, "f20": -1.1011850246918595, "f21": 0.799691197025109, "f22": -1.8472206448108974, "f23": 0.07973501135186001, "f24": -0.39371081548369025, "f25": -0.7614540664673088, "f26": -0.49137628244144516, "f27": -1.1307555629409634, "f28": 1.3385696432838765, "f29": -2.7040565232777887, "f3": -0.5082328424096269, "f30": 0.6873415077911309, "f31": -0.6511151638890436, "f32": -0.745841065439037, "f33": 0.35568191791972936, "f34": 0.4637290836144685, "f35": -0.26773845940100593, "f36": -1.9684981035690114, "f37": -1.1931120394636723, "f38": -0.9021785375956055, "f39": -1.4458823064613515, "f4": -1.0256786932876867, "f40": -1.225617668106621, "f41": 1.723652656471825, "f42": 1.6884635664036156, "f43": 0.19212116349655867, "f44": -0.558659298770693, "f45": -0.15396146172264458, "f46": -2.5769919021911796, "f47": -0.6957742072093129, "f48": -1.3197963942245214, "f49": 0.3195658908604607, "f5": 2.341708419186075, "f50": 2.301218656029445, "f51": 0.7954338296042673, "f52": -1.6007033705771094, "f53": -0.28460985266953154, "f54": -1.2644239007323157, "f55": 0.7427663563249176, "f6": -0.9942313405097751, "f7": -1.0664973443238106, "f8": -0.45764676818650685, "f9": 0.5598867314158097}, "datetime": {"datetime": "2023-01-25 15:22:10", "elapsed": 3198.946058, "delta": 41.968254}}
{"target": 0.442773851798697, "params": {"f0": -0.6976157152242282, "f1": -1.8704811353965132, "f10": 1.7988880653130244, "f11": -0.4975299109495164, "f12": -0.7908527546973902, "f13": 0.9519973624013147, "f14": 1.6525322419794735, "f15": 2.3126755061586843, "f16": -0.7323504285495477, "f17": 0.6012334801750348, "f18": -1.0038388425884608, "f19": 1.5972412604680972, "f2": -2.0909789959528267, "f20": -0.8396133179722813, "f21": 1.1791497942609779, "f22": -1.7205731680656822, "f23": -0.35869252927617534, "f24": -0.7562123843293412, "f25": -0.30699051057586724, "f26": -0.4897358881920012, "f27": -2.12957359061007, "f28": 0.776849596043254, "f29": -2.084298670396905, "f3": -1.0807810612709674, "f30": 0.683213188972503, "f31": -0.8370860773207792, "f32": -1.388385732080825, "f33": 0.42153017889301325, "f34": 1.3228657073154706, "f35": -0.5409959487315807, "f36": -2.4503170181371923, "f37": -0.5050085028450317, "f38": -1.3775420873029023, "f39": -1.9708918841347218, "f4": -1.8272001483646867, "f40": -0.7311116928762716, "f41": 0.8989413794684221, "f42": 1.0342056271968028, "f43": 0.4764831989078229, "f44": -0.01088730624183798, "f45": 0.035209290774965096, "f46": -2.060152004414137, "f47": -2.539308661923093, "f48": -1.2098750094119477, "f49": 0.25253079584895427, "f5": 2.8354308845738347, "f50": 0.7042432173113857, "f51": 0.592789335269528, "f52": -0.9969329664485078, "f53": -0.9094946526398536, "f54": -0.3973537448321124, "f55": 1.0107999757044073, "f6": -1.4066003718037559, "f7": -0.7251406313182599, "f8": -0.32379280276282996, "f9": 2.0600426119684974}, "datetime": {"datetime": "2023-01-25 15:23:03", "elapsed": 3251.366897, "delta": 52.420839}}
{"target": 0.13792462415719567, "params": {"f0": -1.0917489905233757, "f1": -0.6451311779829734, "f10": 0.8351019593702689, "f11": -0.16506544092430953, "f12": -0.6396074172165009, "f13": 1.3135500039522117, "f14": 1.1917473501168674, "f15": 2.3379342442205027, "f16": -1.0123684189506175, "f17": 0.6619516424405423, "f18": -0.6755675924134459, "f19": 1.5862782088886773, "f2": -0.8656555956988763, "f20": -1.1783265134028647, "f21": 1.086395691181146, "f22": -0.4645173189334504, "f23": -0.29150912533449846, "f24": -0.6289800785010284, "f25": -0.11737320266087103, "f26": -0.6043905447097496, "f27": -0.6196717451560834, "f28": 1.4849390656983885, "f29": -1.0525241044633116, "f3": -0.4399792693262936, "f30": 1.5598833874819733, "f31": -0.7776123041858356, "f32": -1.3170391642983144, "f33": 0.5405060863244149, "f34": 0.555302653598368, "f35": -0.6613022002973589, "f36": -2.832309418810316, "f37": -2.1938439604781865, "f38": -0.8609270046304758, "f39": -1.0084306494619737, "f4": -1.6472955670340808, "f40": -1.1163448943681153, "f41": 1.198312585523345, "f42": 1.9217312004756582, "f43": 0.7735419460127344, "f44": 0.009781922010534294, "f45": -0.17363136138089888, "f46": -2.6061669170146122, "f47": -0.6468237629687215, "f48": -0.5245970875927713, "f49": 0.4891923812779635, "f5": 2.0347634224637314, "f50": 2.29081832766665, "f51": 0.14773622479646373, "f52": -0.6968966856705741, "f53": -0.16985610512387106, "f54": -0.38703067805809876, "f55": 2.902099821442054, "f6": -1.6331237933782436, "f7": -0.9318339703101399, "f8": -0.5473026143468184, "f9": 1.5787052663703662}, "datetime": {"datetime": "2023-01-25 15:23:44", "elapsed": 3292.680158, "delta": 41.313261}}
{"target": 0.4599792460856195, "params": {"f0": -0.8438094984735306, "f1": -1.0098420504553447, "f10": 2.156426638833718, "f11": 0.23411987991316474, "f12": -0.6932528467111054, "f13": 0.6671187095640523, "f14": 0.7068572322890587, "f15": 1.3087113623009563, "f16": -0.22431510003674326, "f17": 1.4374191390489808, "f18": -1.7330044722910474, "f19": 0.8595762639106959, "f2": -2.4030134112182555, "f20": -1.746875122355122, "f21": 1.1041702128123894, "f22": -1.2631039473761592, "f23": -0.2602504800995499, "f24": -0.7524200384135651, "f25": -0.4560811111484717, "f26": -1.2356094855270512, "f27": -1.1893281207203676, "f28": 1.018431521353221, "f29": -2.568568961848611, "f3": -1.0331317926429975, "f30": 0.6329124056462124, "f31": -0.5589104998418555, "f32": -1.0125676704885778, "f33": 0.7465848864560818, "f34": 0.44613279848064763, "f35": -1.1609860119613182, "f36": -1.9332618307641352, "f37": -0.807920206333925, "f38": -1.7238401372640095, "f39": -2.24080606219314, "f4": -0.48071989037150087, "f40": -1.0580913207093796, "f41": 1.923539333776576, "f42": 1.4249825994061398, "f43": 0.35871711932266004, "f44": -0.11370120894152369, "f45": -0.11139651216968116, "f46": -2.2860143416710317, "f47": -2.6556485756391175, "f48": -1.177313174224284, "f49": 0.5553746872484058, "f5": 2.1810975879739805, "f50": 0.9988607184131864, "f51": 0.8267153468812076, "f52": -1.6218946963241594, "f53": -0.6981691223306006, "f54": -1.2139075732469307, "f55": 0.6084176089445501, "f6": -1.3935235403447028, "f7": -1.022390040588224, "f8": -0.3679485767725694, "f9": 1.2576496484523418}, "datetime": {"datetime": "2023-01-25 15:24:18", "elapsed": 3327.034511, "delta": 34.354353}}
{"target": 0.17887950360070803, "params": {"f0": -0.3238771540958505, "f1": -1.9459592282992921, "f10": 0.9531501662043694, "f11": -0.5006167234792217, "f12": -0.010276041272415437, "f13": 0.5602759729470774, "f14": 1.8825241592954307, "f15": 0.7545948825511252, "f16": -0.16382714494074024, "f17": 0.9602408409307974, "f18": -2.0965916039251304, "f19": 0.7997401843457088, "f2": -1.2495733190805858, "f20": -2.860928387150079, "f21": 0.5244981163055356, "f22": -1.3964605166812043, "f23": -0.30760778674272016, "f24": -0.22612703772761467, "f25": -0.2096136020392222, "f26": -0.8043461855965729, "f27": -1.2762860928649706, "f28": 0.887882746988711, "f29": -1.7609993765770058, "f3": -0.9569131884211018, "f30": 1.5516373464617659, "f31": -0.9031028828107189, "f32": -0.8861566473366209, "f33": 0.8217097115587246, "f34": 1.2861054965996799, "f35": -1.3029486124575267, "f36": -2.047143467237993, "f37": -1.474460965349918, "f38": -1.9119612768163692, "f39": -0.8945894993174623, "f4": -1.0543969350078761, "f40": -1.552848739141827, "f41": 2.0421313234547713, "f42": 1.4650787458582584, "f43": 0.594260636222516, "f44": -0.4556953192001385, "f45": -0.3638131488483034, "f46": -1.922797622755564, "f47": -2.7505350724023745, "f48": -0.6912803847519634, "f49": 0.3854558290184069, "f5": 1.3826776754504755, "f50": 0.5302132067050698, "f51": 0.7351485616673983, "f52": -1.5089173049946636, "f53": -0.44621695356087415, "f54": -1.1301080272637094, "f55": 1.8035939474551606, "f6": -2.177988618700091, "f7": -0.43840591795641193, "f8": -1.0841650440000408, "f9": 0.6273817300589084}, "datetime": {"datetime": "2023-01-25 15:25:08", "elapsed": 3376.256363, "delta": 49.221852}}
{"target": 0.38059367620564805, "params": {"f0": -0.6083560639244905, "f1": -1.5000299806955462, "f10": 1.0504935202146817, "f11": 0.03055136268562053, "f12": -0.1266506577297546, "f13": 0.8811985793042816, "f14": 1.3153977635996017, "f15": 2.7243837055108435, "f16": -0.24158589107406092, "f17": 0.3468436126679022, "f18": -1.2692309323741988, "f19": 1.5818527357342664, "f2": -0.7426867255170242, "f20": -1.4729047005411122, "f21": 0.3256891657216383, "f22": -0.9208122367324865, "f23": -0.3611115472417416, "f24": -0.4885901749217414, "f25": -0.8538305574469673, "f26": -0.6998011320254093, "f27": -2.3371520109513737, "f28": 1.294213027643643, "f29": -1.661149933735837, "f3": -1.1204502761440047, "f30": 1.4016118789461267, "f31": -1.180240269343651, "f32": -1.3963715892110433, "f33": 1.594180392677333, "f34": 0.8986376884208347, "f35": -0.8240718499447688, "f36": -1.627374570743623, "f37": -2.1064216848231334, "f38": -0.9413083714956323, "f39": -1.019523079387028, "f4": -0.6077432676390064, "f40": -0.5362544552051574, "f41": 1.3827721884096509, "f42": 1.9466716217942586, "f43": 0.6684908076483107, "f44": -0.18322071862902578, "f45": 0.34505152009633605, "f46": -2.3683630545503176, "f47": -2.3754498927464995, "f48": -0.44429336407822917, "f49": 0.3960658663036739, "f5": 2.462201948304954, "f50": 2.551467882703436, "f51": -0.02464874761547301, "f52": -1.3716873336643123, "f53": -0.052068741964530596, "f54": -1.1947416306617982, "f55": 0.9656724678615041, "f6": -2.2602879103283327, "f7": -1.4426473811865264, "f8": -1.082963866247634, "f9": 1.5470502393393222}, "datetime": {"datetime": "2023-01-25 15:25:36", "elapsed": 3404.319785, "delta": 28.063422}}
{"target": 0.3034679312999919, "params": {"f0": -0.7118337501118794, "f1": -1.3852356731862272, "f10": 1.8538944058488938, "f11": -0.44338797714821354, "f12": -0.39367080638083296, "f13": 0.3476379147140377, "f14": 1.5414029040248471, "f15": 1.1487188364058925, "f16": -1.053966484697392, "f17": 1.4739478931628567, "f18": -1.5193542790731063, "f19": 1.0986057601665964, "f2": -2.2766551480586927, "f20": -2.8409667108863124, "f21": 0.7380556830360434, "f22": -1.620115531125543, "f23": 0.29601777960335285, "f24": -0.2604620345813453, "f25": -0.9064078115849413, "f26": -0.8164283376398737, "f27": -2.0583909348371123, "f28": 1.4653916290421363, "f29": -0.9728533037261382, "f3": -0.2259830144706304, "f30": 0.4577865028241166, "f31": -0.3738217095125652, "f32": -0.594124567289001, "f33": 0.5522425624219612, "f34": 0.6243969770567498, "f35": -0.9334955496305393, "f36": -1.279436823315063, "f37": -1.39629282322191, "f38": -1.1386601235997258, "f39": -0.6972683059036313, "f4": -1.7476793456638118, "f40": -0.7351237283590867, "f41": 2.239910819020491, "f42": 0.5718605520549503, "f43": 0.6286223335188907, "f44": -0.48037988481861466, "f45": -0.08739800618321453, "f46": -1.6482409868411432, "f47": -2.129219432941315, "f48": -0.8220673527852016, "f49": 0.17883131190970253, "f5": 2.0985078733577565, "f50": 1.4454053996560816, "f51": 0.38850337840302723, "f52": -0.5375490207910649, "f53": -0.4311562026279411, "f54": -1.006685916909619, "f55": 0.5662127223535827, "f6": -2.4854768133146328, "f7": -0.8481465460679822, "f8": -0.587597600560397, "f9": 2.6806065869539397}, "datetime": {"datetime": "2023-01-25 15:26:15", "elapsed": 3443.941782, "delta": 39.621997}}
{"target": 0.1347722094386508, "params": {"f0": -0.17222935033042963, "f1": -1.1903514437722875, "f10": 1.2838490561516251, "f11": 0.20097279406275648, "f12": -0.2620694530786364, "f13": 0.2751802229543706, "f14": 0.9358086326027091, "f15": 1.80348251227068, "f16": -0.5539988743363908, "f17": 1.1854867114819467, "f18": -1.6532842609016711, "f19": 0.5976586333600944, "f2": -1.7671622540131429, "f20": -2.089047511980108, "f21": 0.9396631886809353, "f22": -0.9340236864131957, "f23": -0.32554608213197544, "f24": -0.9084809389343627, "f25": -0.19012008529758595, "f26": -0.9582422563253472, "f27": -1.8264898888367391, "f28": 0.5721733517931336, "f29": -1.5948134619760181, "f3": -0.5319759834077528, "f30": 1.3982286112754128, "f31": -0.2864142534731158, "f32": -0.8452348032387502, "f33": 0.702390848460529, "f34": 0.7656633910173785, "f35": -0.7725112975095096, "f36": -2.3294322185354623, "f37": -1.1133148124289536, "f38": -1.925995596101194, "f39": -0.7130961092657839, "f4": -1.0290720760526484, "f40": -1.5386239735567395, "f41": 2.462756904682372, "f42": 1.625213842370222, "f43": 0.2532296947203694, "f44": -0.23591794105066932, "f45": 0.1892874184185162, "f46": -1.7885466689172655, "f47": -1.5969257717815422, "f48": -0.8060895336311742, "f49": 0.8834852174221164, "f5": 2.7965313771038933, "f50": 2.7925347032870818, "f51": 0.007976184710148604, "f52": -0.5958565460293133, "f53": -0.6681716483781963, "f54": -1.273851496219134, "f55": 0.6563213583289699, "f6": -2.0226462434280754, "f7": -0.5364619208578169, "f8": -0.22549445609097474, "f9": 1.580313053007543}, "datetime": {"datetime": "2023-01-25 15:27:23", "elapsed": 3511.727245, "delta": 67.785463}}
{"target": 0.31133186167442956, "params": {"f0": -0.6829303055256728, "f1": -1.1623565857554754, "f10": 1.8099998924888394, "f11": 0.08053175137397128, "f12": -0.6244682394900405, "f13": 1.2025022943866341, "f14": 2.1641253014593773, "f15": 2.9376632231705804, "f16": -0.9466395425504022, "f17": 1.185046050288416, "f18": -1.7037899475773757, "f19": 1.0883063842999567, "f2": -1.4412696780949545, "f20": -2.622292856042925, "f21": 1.1029957100111778, "f22": -0.44097978108172375, "f23": -0.04130484569732057, "f24": -0.6506002275579326, "f25": -0.13543117332150234, "f26": -0.8778824002831513, "f27": -0.7436608845017241, "f28": 1.5144089758582104, "f29": -1.5361097717255072, "f3": -0.5871723508670769, "f30": 1.079958641110411, "f31": -0.6593416664300625, "f32": -0.7720671938987982, "f33": 0.8618481844766696, "f34": 1.2241128213794343, "f35": -0.9072359335350261, "f36": -2.609775344376887, "f37": -2.017529194781907, "f38": -1.2705119495955304, "f39": -0.8451088882398354, "f4": -1.60180867718691, "f40": -0.5679717939273488, "f41": 2.8201454465715456, "f42": 1.6374336945812427, "f43": 0.22016980825661978, "f44": -0.2313416150448503, "f45": -0.2153549764246104, "f46": -0.783821154144376, "f47": -1.3447099574504287, "f48": -0.8273852068907285, "f49": 0.5232045287371064, "f5": 0.804098618276389, "f50": 1.672964413600015, "f51": 0.337871247817598, "f52": -1.5869063122670233, "f53": -0.29580737029776716, "f54": -0.5974619918678701, "f55": 1.764703950601833, "f6": -0.5061573945301467, "f7": -0.3344573059748701, "f8": -0.4525749207777382, "f9": 1.7274286931179779}, "datetime": {"datetime": "2023-01-25 15:28:45", "elapsed": 3593.934651, "delta": 82.207406}}
