{"target": 0.5183063692216803, "params": {"f0": -0.328785865526916, "f1": -0.7917785968874038, "f10": 2.2195312851143503, "f11": -0.05281324255934139, "f12": -0.3230562327032954, "f13": 0.8439999199044582, "f14": 0.9450744026124265, "f15": 2.832868880788859, "f16": -0.3596278772931656, "f17": 0.5232411696173862, "f18": -2.1150487628145287, "f19": 1.4379818265133868, "f2": -2.8711383511522404, "f20": -2.426134165400264, "f21": 1.0151145810602658, "f22": -1.4751811137133695, "f23": -0.0242707919554202, "f24": -0.9492264875678582, "f25": -0.08184509807255957, "f26": -0.3435768583314174, "f27": -1.4890914091760084, "f28": 0.4234641197337896, "f29": -0.8312590010741618, "f3": -1.0236006903546668, "f30": 0.7250604502219131, "f31": -0.6262402234080403, "f32": -0.5603318606512775, "f33": 1.4009605051670864, "f34": 1.4589200927585768, "f35": -0.9080837759168728, "f36": -0.9194467892222336, "f37": -1.1360778067273531, "f38": -1.8896413811223716, "f39": -2.3389587594067693, "f4": -2.1017365059268465, "f40": -0.4323782228814843, "f41": 1.070241126251869, "f42": 0.5395703870663509, "f43": 0.5283092922587999, "f44": -0.734570485012135, "f45": 0.10440360024852918, "f46": -0.6345618712310159, "f47": -2.3095870298374765, "f48": -1.271607086210133, "f49": 0.9563911131015328, "f5": 1.8509850007957518, "f50": 1.0099258326217466, "f51": 0.8134184333692782, "f52": -0.8167816183153846, "f53": -0.8575689330720909, "f54": -1.2574569733106986, "f55": 2.3327085288573755, "f6": -1.0807754462606847, "f7": -1.2113720183595673, "f8": -0.25058919253616674, "f9": 0.7424313487172824}, "datetime": {"datetime": "2023-01-25 16:04:02", "elapsed": 5710.987646, "delta": 39.646778}}
{"target": 0.2115378726799965, "params": {"f0": -0.6919379349475091, "f1": -1.7257439364389513, "f10": 0.7522482366566394, "f11": -0.2944486911277564, "f12": -0.4061474366904126, "f13": 1.038411987121906, "f14": 1.8483754149610556, "f15": 2.8135219663075155, "f16": -0.43282646874720965, "f17": 0.5707008712145835, "f18": -2.225628859371658, "f19": 1.585610731785622, "f2": -1.7415473526246568, "f20": -2.5347616929250294, "f21": 1.0988853750326266, "f22": -1.2073539784623168, "f23": -0.3301362680453905, "f24": -0.571819552438071, "f25": -1.0143984190905149, "f26": -1.3280529388307594, "f27": -2.4461718824637653, "f28": 1.2134343075813485, "f29": -2.603737993303394, "f3": -0.9667416807733183, "f30": 0.9558131074912, "f31": -0.45651610331413084, "f32": -0.3671187207730806, "f33": 1.5079547763348944, "f34": 0.4312115266642065, "f35": -0.3382971226553936, "f36": -1.904426911197813, "f37": -0.9058798382227149, "f38": -2.5333000379936452, "f39": -1.3494689055494336, "f4": -1.6954539330300546, "f40": -0.6822605748959913, "f41": 1.4489088390569096, "f42": 2.2043348790825417, "f43": 0.5389885855759499, "f44": -0.1756548194495906, "f45": 0.2645173586806762, "f46": -0.601420417818828, "f47": -2.9866312985855887, "f48": -1.3901380772676701, "f49": 0.7405132210646893, "f5": 1.8937005553385933, "f50": 0.8033797938882488, "f51": 0.4557913697806991, "f52": -1.3538573007259163, "f53": -0.2243640298197207, "f54": -0.4713600960071671, "f55": 0.584463711486446, "f6": -2.1559926981202007, "f7": -0.7873620198977825, "f8": -1.1017705163605493, "f9": 1.0621999015643704}, "datetime": {"datetime": "2023-01-25 16:04:49", "elapsed": 5757.324858, "delta": 46.337212}}
{"target": 0.0867754733274617, "params": {"f0": -0.5276308904919, "f1": -1.855645125281756, "f10": 2.5350144030184687, "f11": -0.08161510886192563, "f12": -0.7662278721252981, "f13": 0.26299588954851505, "f14": 0.5382383553532906, "f15": 0.990604369148117, "f16": -0.2171370973687209, "f17": 0.3523930989107746, "f18": -1.1501680129503467, "f19": 1.145659136200374, "f2": -2.028287180916485, "f20": -0.8069726092399465, "f21": 0.388205282443439, "f22": -1.001917339205328, "f23": 0.1795879058221127, "f24": -0.3504808300486083, "f25": -1.0192182895073123, "f26": -1.02568701011496, "f27": -1.5657495362332117, "f28": 0.46646824526495395, "f29": -2.764026525139326, "f3": -0.8942111269282134, "f30": 0.8298154664943749, "f31": -1.1717389936972422, "f32": -0.7684999537563405, "f33": 0.9569219177271763, "f34": 1.17547634625613, "f35": -0.7293583011458586, "f36": -2.8948944088173874, "f37": -0.9815816973999385, "f38": -0.8421324701626529, "f39": -1.289403521440136, "f4": -0.7118976480123256, "f40": -0.9637289429417607, "f41": 2.883130271502135, "f42": 1.5561988413688859, "f43": 0.7141402608084382, "f44": -0.7559819394145593, "f45": -0.2448292022901427, "f46": -2.6635811711325283, "f47": -1.1038374499425956, "f48": -1.2781381722966585, "f49": 0.44866484565695897, "f5": 1.5393435256052321, "f50": 2.667820315007335, "f51": 0.7240396936233459, "f52": -1.0626036232445613, "f53": -0.5247209206008031, "f54": -0.6106172036567017, "f55": 1.1509191073101004, "f6": -1.279392141324011, "f7": -0.5644780572120017, "f8": -0.5689324418490636, "f9": 1.3972179974814787}, "datetime": {"datetime": "2023-01-25 16:05:18", "elapsed": 5786.811385, "delta": 29.486527}}
{"target": 0.26764298899003514, "params": {"f0": -1.0582828334324523, "f1": -1.2046501224873223, "f10": 2.446041118454544, "f11": -0.43655347829815483, "f12": 0.03208096771816382, "f13": 0.27378935164162804, "f14": 1.5882969590191571, "f15": 0.6968944569175906, "f16": -0.659692695345892, "f17": 1.4278807285534185, "f18": -1.448170088862935, "f19": 1.314431666441039, "f2": -1.144616482429977, "f20": -2.239156246549614, "f21": 1.0415157463330598, "f22": -1.4177785631769848, "f23": 0.1506001657534014, "f24": -0.7633137080296584, "f25": -0.28823161244641515, "f26": -0.749272326257532, "f27": -1.7688710455553276, "f28": 0.4681671764591467, "f29": -1.0218947131999028, "f3": -0.3124287272150973, "f30": 0.6434925652506468, "f31": -0.5617233611515847, "f32": -1.2885181752964785, "f33": 0.5144591945478365, "f34": 0.6321205417880302, "f35": -1.3049912160273478, "f36": -2.4325401655332093, "f37": -0.9285450440809304, "f38": -2.158660465244914, "f39": -2.3085986043940983, "f4": -1.7876308758029276, "f40": -0.39947248839478733, "f41": 2.99794275289063, "f42": 1.8702705039964618, "f43": 0.9337151923768165, "f44": 0.00673449854803343, "f45": 0.1599281384409233, "f46": -1.7693712415355287, "f47": -2.8239333943912617, "f48": -1.2517810419207551, "f49": 0.6206339738648279, "f5": 2.4399542221151282, "f50": 1.0534109725232021, "f51": 0.4853374781533517, "f52": -0.802155234636621, "f53": -0.12584429987726597, "f54": -1.0595711754292874, "f55": 1.3997609514985585, "f6": -0.5174023055786314, "f7": -0.28303583030280377, "f8": -0.36959211559718497, "f9": 1.8593542437352792}, "datetime": {"datetime": "2023-01-25 16:06:10", "elapsed": 5838.869373, "delta": 52.057988}}
{"target": 0.27827499352383517, "params": {"f0": -0.6112948895525794, "f1": -0.9564397621439633, "f10": 2.693539476691313, "f11": -0.4521703817562501, "f12": 0.038266629287753484, "f13": 1.2563697616969154, "f14": 2.062660503263383, "f15": 2.2481904295354913, "f16": -0.5809509591927104, "f17": 0.8690143623922141, "f18": -2.2317657492975274, "f19": 1.684423066033024, "f2": -0.6216456393130825, "f20": -2.7015951324014282, "f21": 0.7214802757594754, "f22": -0.4863141097583785, "f23": 0.29663778470740076, "f24": -0.8501889917013599, "f25": -1.0058179438384776, "f26": -1.2984322621119526, "f27": -2.8405272280585514, "f28": 0.949612001890392, "f29": -2.1376674157459536, "f3": -1.0851082605203117, "f30": 1.491358787422717, "f31": -0.7257063603642662, "f32": -1.3941440615673377, "f33": 1.2813043823928505, "f34": 0.5824666578559362, "f35": -0.3885663693193454, "f36": -2.6074823440442447, "f37": -1.746184930530594, "f38": -2.5394833636393543, "f39": -2.354753977111377, "f4": -0.8585567234376645, "f40": -0.5920620745387006, "f41": 2.062330621838125, "f42": 1.4803530924914237, "f43": 0.1893186648836273, "f44": -0.013024532138104616, "f45": 0.1755705876084615, "f46": -1.7175640870349336, "f47": -1.1525818952963578, "f48": -0.8335365207056397, "f49": 0.8977533077136026, "f5": 1.175799977353653, "f50": 1.9943455323300856, "f51": 0.3082479554502712, "f52": -1.1549245505142376, "f53": -0.5018862367066352, "f54": -0.8701097125171793, "f55": 1.6296993995643687, "f6": -2.1363927535484954, "f7": -0.8632456991659085, "f8": -0.49919464403067926, "f9": 0.8187676887965685}, "datetime": {"datetime": "2023-01-25 16:07:01", "elapsed": 5889.648716, "delta": 50.779343}}
{"target": 0.15608175145923694, "params": {"f0": -0.4511397239429723, "f1": -1.7821424086864377, "f10": 0.5942496177688166, "f11": -0.4559828888399644, "f12": -0.438851264700482, "f13": 0.9684672217884522, "f14": 1.1855832052923354, "f15": 1.2741251986067055, "f16": -0.3036412259323569, "f17": 0.8584659947859108, "f18": -0.8280210669132824, "f19": 0.7629971770047739, "f2": -0.6512350778515112, "f20": -1.92812597035881, "f21": 0.3951066171128444, "f22": -0.6742444469663837, "f23": 0.30553336756474714, "f24": -0.7145453071291006, "f25": -0.5402821766043435, "f26": -1.3514040105807612, "f27": -2.8798554856891654, "f28": 0.716585623260287, "f29": -0.6686889056996685, "f3": -0.24214280794925735, "f30": 0.8624757653482069, "f31": -1.195075950901527, "f32": -0.6358805320556536, "f33": 0.882114431594784, "f34": 0.47155916780962936, "f35": -1.2037315293184672, "f36": -2.209860875731418, "f37": -1.0261166342787436, "f38": -2.357266865648643, "f39": -1.0757860480123032, "f4": -2.1076920466420392, "f40": -1.3219979560507147, "f41": 0.8887117571052245, "f42": 0.9472919373902402, "f43": 1.164447431989426, "f44": -0.0464387961663828, "f45": -0.3163753069140758, "f46": -2.2922814071146798, "f47": -1.602273396372112, "f48": -1.3800997321157034, "f49": 0.6064597513785837, "f5": 2.042984474033842, "f50": 1.8728637597751951, "f51": 0.39179797612639367, "f52": -0.9430482485693897, "f53": -0.8364443850999587, "f54": -0.7009891668241993, "f55": 0.9286251629628072, "f6": -2.8476112096484596, "f7": -1.3183480301335784, "f8": -0.569837066578623, "f9": 2.8091353526907863}, "datetime": {"datetime": "2023-01-25 16:07:44", "elapsed": 5932.278615, "delta": 42.629899}}
{"target": 0.29558308066636113, "params": {"f0": -0.5627670464388957, "f1": -0.5913972748356284, "f10": 0.9358996515495481, "f11": -0.14132185224301091, "f12": -0.6331656907302226, "f13": 0.8531127365890557, "f14": 0.6569519443338289, "f15": 2.209620309523694, "f16": -0.47807613496202905, "f17": 1.5122557641521581, "f18": -1.9647633520221357, "f19": 0.9751318375397062, "f2": -2.334221551790903, "f20": -2.697239983328087, "f21": 0.6013752831920418, "f22": -1.2943633131653591, "f23": 0.1823656577546543, "f24": -0.16724448185003538, "f25": -0.15233916197693875, "f26": -0.5825586497937013, "f27": -2.587716383314149, "f28": 1.1233108063850235, "f29": -1.4800030951432617, "f3": -0.8314245479370219, "f30": 0.3859714010160493, "f31": -0.9567221600783461, "f32": -0.866570405221573, "f33": 0.5685239595918443, "f34": 1.1058375050695584, "f35": -1.109285319187574, "f36": -1.040827793739185, "f37": -2.228197249920757, "f38": -1.4234940229754387, "f39": -2.201923494293568, "f4": -1.5909720282226782, "f40": -1.4337088407050864, "f41": 2.9755856573703574, "f42": 1.7469652011127286, "f43": 0.46243244662663413, "f44": -0.6623532448166931, "f45": 0.3738262984070099, "f46": -2.323123257932959, "f47": -2.77393795273895, "f48": -0.7818115513127532, "f49": 0.274086728183358, "f5": 1.0139732405189903, "f50": 0.7981127199382015, "f51": 0.5226466814711668, "f52": -0.9055795024571642, "f53": -0.20105491936061926, "f54": -0.8497344616775884, "f55": 1.5374561717551507, "f6": -1.7666544518729337, "f7": -1.248631526826734, "f8": -0.6607127269840815, "f9": 2.0867190205987827}, "datetime": {"datetime": "2023-01-25 16:08:37", "elapsed": 5985.748853, "delta": 53.470238}}
{"target": 0.46142223768207485, "params": {"f0": -0.9424153103953099, "f1": -0.8665363610812595, "f10": 0.5542034257952118, "f11": -0.19348422271660914, "f12": -0.5742154849328444, "f13": 0.48390520326029074, "f14": 0.6442187992255388, "f15": 1.5036157984979996, "f16": -0.46281158586264115, "f17": 0.7632480075295789, "f18": -1.6430525570214678, "f19": 0.6781315577317324, "f2": -1.583695468426978, "f20": -1.9468025294428348, "f21": 0.2425960292560809, "f22": -0.8967607552018741, "f23": -0.1815849346797398, "f24": -0.4507032926273983, "f25": -0.5563263652343439, "f26": -0.5798879969619957, "f27": -2.1000565392199855, "f28": 0.6313416015884252, "f29": -1.0285038646674234, "f3": -0.19639459404221127, "f30": 1.6419453227355056, "f31": -1.2418317872870568, "f32": -0.6991513138753223, "f33": 1.042315563468295, "f34": 1.2389739820414478, "f35": -0.9299124190594452, "f36": -2.332654443007346, "f37": -1.5867090265707606, "f38": -1.0258708562197605, "f39": -1.3891269761258516, "f4": -1.3863573298415632, "f40": -0.8503626713003004, "f41": 0.9033479266666371, "f42": 1.074413499945868, "f43": 1.0696420381737735, "f44": -0.24192389716961427, "f45": -0.3650757237687492, "f46": -1.189914192458128, "f47": -1.4495720710065745, "f48": -0.7182562104048223, "f49": 0.6993543989667537, "f5": 2.844192690691255, "f50": 1.8215662570919013, "f51": 0.010306255401145534, "f52": -0.5338733307014076, "f53": -0.2574840970357477, "f54": -0.37868841199496606, "f55": 2.9683400486443277, "f6": -2.061442726008283, "f7": -1.1489002493654847, "f8": -0.13524331013637814, "f9": 1.488271815651494}, "datetime": {"datetime": "2023-01-25 16:09:07", "elapsed": 6015.363316, "delta": 29.614463}}
{"target": 0.24398421815191873, "params": {"f0": -0.30121878847090744, "f1": -1.890457526133333, "f10": 2.9193204213148025, "f11": 0.14435760034652845, "f12": -0.805009282360126, "f13": 0.7664916520992003, "f14": 0.6109372933577186, "f15": 2.59473415627967, "f16": -0.7199660244165946, "f17": 0.9423115676233571, "f18": -1.9900789565780548, "f19": 1.401836027529393, "f2": -0.7287623758044233, "f20": -2.747989591139369, "f21": 0.8940763489505379, "f22": -0.6550211024618673, "f23": 0.11996754304135138, "f24": -0.5353512639523469, "f25": -0.8759932693162497, "f26": -1.3536724076883664, "f27": -2.8202615918066636, "f28": 1.15914630463772, "f29": -2.304996305132199, "f3": -0.8095461180698142, "f30": 0.5482834199324538, "f31": -1.013819318451672, "f32": -1.014600734887309, "f33": 1.071734178040793, "f34": 1.3257456576298468, "f35": -0.6108114961858422, "f36": -1.0962254553760027, "f37": -0.7280833703803342, "f38": -1.5782003310989232, "f39": -1.407646808294418, "f4": -1.6237296264113352, "f40": -0.37522998353505965, "f41": 1.0945551217491785, "f42": 0.5218794933226882, "f43": 0.8744197239149212, "f44": -0.07789222685911135, "f45": 0.2605067602600775, "f46": -0.8162916914083107, "f47": -0.55775436482848, "f48": -0.753293135607652, "f49": 0.3114574227843039, "f5": 1.338061032271098, "f50": 1.949762960277087, "f51": 0.004394516791346059, "f52": -1.521291776037383, "f53": -0.37050394846100543, "f54": -0.8843996652655005, "f55": 2.284773622055214, "f6": -0.5004491166819829, "f7": -1.1285214441522258, "f8": -0.9360179893293434, "f9": 2.2755893473943614}, "datetime": {"datetime": "2023-01-25 16:09:30", "elapsed": 6038.17673, "delta": 22.813414}}
{"target": 0.3259275072451298, "params": {"f0": -0.9886154647828904, "f1": -1.6247503179644902, "f10": 2.1009838620566104, "f11": -0.10098841761730276, "f12": 0.07650950869134177, "f13": 0.9273897305212502, "f14": 1.829592536452719, "f15": 1.9043920188743955, "f16": -0.2737590660974495, "f17": 1.3301622489539922, "f18": -0.750345373114859, "f19": 0.8074282717047887, "f2": -0.7071542626816885, "f20": -1.5730024318844442, "f21": 0.5308271050835802, "f22": -1.2660614616604526, "f23": -0.22976914533012724, "f24": -0.41908433322188343, "f25": -0.84302684317291, "f26": -0.8081057525203068, "f27": -2.6811131206233263, "f28": 0.9122583690722801, "f29": -1.9870196103312687, "f3": -1.0881274505627585, "f30": 0.7686901046659331, "f31": -0.3940367635486277, "f32": -1.2048838947905676, "f33": 0.5790485806463428, "f34": 1.6388969051661286, "f35": -0.9399621780839711, "f36": -2.799867705147661, "f37": -0.6168816893206099, "f38": -2.378839454424758, "f39": -1.3627195652725959, "f4": -1.1912196436535338, "f40": -1.602873335091385, "f41": 2.5147697032708103, "f42": 1.2553488214285462, "f43": 1.0298955338895373, "f44": -0.8167131856402744, "f45": 0.3261008624896164, "f46": -1.8319346606504523, "f47": -2.723590614420145, "f48": -0.48025803206534023, "f49": 0.8929607155665167, "f5": 2.235283814848211, "f50": 1.3353831525665698, "f51": 0.23664808655968977, "f52": -0.5304529113476804, "f53": -0.5032736379068706, "f54": -1.2914193217349161, "f55": 0.6298134293528208, "f6": -1.7746444753632697, "f7": -1.109533890021481, "f8": -0.7505860129873252, "f9": 1.8918281246324327}, "datetime": {"datetime": "2023-01-25 16:10:34", "elapsed": 6103.005143, "delta": 64.828413}}
{"target": 0.4505864710876949, "params": {"f0": -0.42621797006184703, "f1": -1.2392442130846861, "f10": 2.254785804290684, "f11": -0.04149458662073158, "f12": -0.6813258993082799, "f13": 0.8153188554843748, "f14": 0.5032874591902914, "f15": 2.636889412804402, "f16": -0.8517419101656014, "f17": 1.4949436723441507, "f18": -1.3978294966192384, "f19": 0.5936470857642385, "f2": -1.6576877262119871, "f20": -1.8682124429319942, "f21": 1.1366990201269043, "f22": -1.6757546948148343, "f23": -0.15586896533215439, "f24": -0.6628152885934905, "f25": -0.6735736827363614, "f26": -0.9067306145301901, "f27": -1.8122550434018132, "f28": 0.7892618351552183, "f29": -1.7882254531995811, "f3": -0.324547348539865, "f30": 0.6587697864400663, "f31": -0.5769589033433729, "f32": -1.1628159769382298, "f33": 1.6429058422188767, "f34": 0.924208328255189, "f35": -0.9240623123278604, "f36": -1.5011758506378678, "f37": -1.7222385036533288, "f38": -1.1817275885656977, "f39": -2.119645353461406, "f4": -0.8358879177247787, "f40": -0.7146263771380904, "f41": 1.6275032529906739, "f42": 0.7791158976929375, "f43": 0.42757542523491027, "f44": -0.16112514705685332, "f45": -0.09760060482008664, "f46": -0.6107695183455029, "f47": -1.0355846689053678, "f48": -1.3621618713289507, "f49": 0.427054071431885, "f5": 1.5119596272216027, "f50": 1.1332674570792076, "f51": 0.5586878691554504, "f52": -1.7257525793731334, "f53": -0.06590972227785352, "f54": -0.45256324530098924, "f55": 1.1862835686879267, "f6": -1.9590941465920373, "f7": -0.5435846654164702, "f8": -0.6788849677922554, "f9": 1.8556169885796598}, "datetime": {"datetime": "2023-01-25 16:10:36", "elapsed": 6104.118798, "delta": 1.113655}}
{"target": 0.2779042882582937, "params": {"f0": -0.9275115567192332, "f1": -0.8530061325504741, "f10": 1.917703873456244, "f11": -0.3693749043622121, "f12": -0.13176326367623314, "f13": 1.0487689804803082, "f14": 0.898147484083113, "f15": 0.7552958367947379, "f16": -0.5851978243181973, "f17": 0.36545393538757165, "f18": -1.611193903611753, "f19": 1.2302694332304531, "f2": -1.4926525455860309, "f20": -2.5197394285026, "f21": 0.328754380382833, "f22": -1.5546317027483452, "f23": -0.10060048320954584, "f24": -0.1061524527097154, "f25": -0.7003834650626624, "f26": -0.47312726010504136, "f27": -2.5329383915636883, "f28": 1.6139320513831346, "f29": -1.7415074284658982, "f3": -0.9262158013122673, "f30": 1.168162199210253, "f31": -0.5077546924275727, "f32": -0.501569916763207, "f33": 1.531164000699567, "f34": 1.0876628337817664, "f35": -1.0829964711397015, "f36": -1.9380386159912513, "f37": -1.9223519114244176, "f38": -2.0890096565642637, "f39": -0.6429984695254698, "f4": -0.5459641191863938, "f40": -1.2944011105828654, "f41": 2.113596240142924, "f42": 1.9906493382616206, "f43": 0.7461222010273971, "f44": -0.5805076532285888, "f45": -0.05012407515557976, "f46": -1.0482822176497208, "f47": -2.6329297457649092, "f48": -0.4781234740164133, "f49": 0.22242916568115173, "f5": 2.16362070107167, "f50": 2.9934523986432784, "f51": 0.5598231511869374, "f52": -1.5109681196096338, "f53": -0.15880379336561923, "f54": -0.47989158457240744, "f55": 1.4012807030017504, "f6": -2.7360875789247325, "f7": -1.2272037019637505, "f8": -0.6491060603747117, "f9": 1.5044340563688925}, "datetime": {"datetime": "2023-01-25 16:11:24", "elapsed": 6152.649253, "delta": 48.530455}}
{"target": 0.7158386598926108, "params": {"f0": -0.4202610328086084, "f1": -0.44631553067475793, "f10": 1.5456651342837513, "f11": -0.11912958621399872, "f12": -0.30108610015529735, "f13": 0.4271555407603179, "f14": 1.7259362072950746, "f15": 0.7687077212993216, "f16": -0.12967986911243, "f17": 1.377061067041118, "f18": -1.4820408160786602, "f19": 0.5750002491575131, "f2": -1.7619776283141437, "f20": -0.49840988910115147, "f21": 0.406757260855917, "f22": -0.4355803422244444, "f23": -0.2746807537188273, "f24": -0.46674494473093664, "f25": -0.594624589488657, "f26": -0.27701170033441347, "f27": -2.2438504748417167, "f28": 0.686914896819741, "f29": -2.7959737868801806, "f3": -0.9964970378260836, "f30": 1.1459611435598591, "f31": -0.5871242047220596, "f32": -0.7617435586332499, "f33": 0.43509533346341867, "f34": 0.6325435397518525, "f35": -0.29023310155517645, "f36": -1.7669191590314985, "f37": -2.220196505755932, "f38": -1.4778528825889103, "f39": -0.5067094635806841, "f4": -1.1151338627449763, "f40": -1.38303966068287, "f41": 2.881800692904913, "f42": 1.288711344427207, "f43": 0.19048308021970412, "f44": -0.5738081969122637, "f45": -0.3501168410069956, "f46": -1.2481250803849182, "f47": -2.2789864236157182, "f48": -0.7331073531105237, "f49": 0.7364308285016546, "f5": 1.6598391931560657, "f50": 0.9371348580358252, "f51": 0.2784915816235122, "f52": -1.268163468773326, "f53": -0.11126438524576432, "f54": -0.3149491201448209, "f55": 1.266585329124367, "f6": -2.1611368951578243, "f7": -1.1274696193396725, "f8": -0.3836738502566456, "f9": 2.004073467550049}, "datetime": {"datetime": "2023-01-25 16:12:47", "elapsed": 6235.559716, "delta": 82.910463}}
