{"target": 0.39109380867215976, "params": {"f0": -0.9715419082273639, "f1": -2.044571418134887, "f10": 1.951716427436386, "f11": -0.06416468773895168, "f12": -0.001966897063576112, "f13": 1.0036669678850385, "f14": 1.1292865593954173, "f15": 2.4733723366733305, "f16": -0.2576598225560621, "f17": 0.6374817629600817, "f18": -1.8638577909606426, "f19": 1.3104917899055508, "f2": -1.9419532022776713, "f20": -0.6150565518820716, "f21": 0.5192557311657211, "f22": -0.8897008833101157, "f23": -0.2811460430805216, "f24": -0.8192571039032781, "f25": -0.3126214782180061, "f26": -1.3270690827795426, "f27": -1.2992295174249213, "f28": 0.4165393653158502, "f29": -2.003236664266871, "f3": -0.5594613123761298, "f30": 1.4192366236275604, "f31": -0.9560098231714029, "f32": -1.288095986817199, "f33": 1.210603000637059, "f34": 1.0645045515112692, "f35": -1.0522637454073034, "f36": -2.3810425317950155, "f37": -1.700525312450917, "f38": -2.0192108679259255, "f39": -0.5777780237019019, "f4": -2.1136578500140693, "f40": -1.296823034098765, "f41": 1.2475076466478028, "f42": 1.3493729193158115, "f43": 0.7451061366078806, "f44": -0.7600737064573517, "f45": -0.2307853440755185, "f46": -1.2454851235914508, "f47": -1.6778857940740068, "f48": -1.0289360897055835, "f49": 0.7587229980089728, "f5": 1.81061131400164, "f50": 0.593727420677246, "f51": -0.03249964989190075, "f52": -1.1888597488118187, "f53": -0.36018512835384875, "f54": -0.8605692317014438, "f55": 2.3347148823422, "f6": -1.456613702704218, "f7": -0.7426356400840003, "f8": -0.581635022041408, "f9": 2.9939685824772133}, "datetime": {"datetime": "2023-01-25 16:34:03", "elapsed": 7511.545125, "delta": 45.889562}}
{"target": 0.24364838799601393, "params": {"f0": -0.7381427309072941, "f1": -1.1797652409212402, "f10": 1.2683659854450866, "f11": 0.00783025723405495, "f12": -0.24852771465489432, "f13": 0.24266279207218683, "f14": 0.9696904913989757, "f15": 1.3276895755285223, "f16": -0.5397549210556534, "f17": 0.981386849655957, "f18": -1.9989027095446323, "f19": 0.9865280641787719, "f2": -0.6106467894436891, "f20": -1.5637257700404952, "f21": 1.2922249913261443, "f22": -1.2733509519434898, "f23": -0.34598943823848244, "f24": -0.6724493087836614, "f25": -0.9454396485786345, "f26": -0.2976308142330295, "f27": -0.9195625450463734, "f28": 0.86031184606791, "f29": -1.3883835705356593, "f3": -0.542940773332424, "f30": 0.5359904996669842, "f31": -1.1173493160955783, "f32": -1.065128924389629, "f33": 0.9591589509044067, "f34": 0.6806812922413541, "f35": -0.9398144585453698, "f36": -1.6004091790187758, "f37": -2.27543390200075, "f38": -1.4830414379114794, "f39": -1.2394560987046697, "f4": -1.416065949826337, "f40": -0.6396264835698925, "f41": 2.3098243636939992, "f42": 0.84917461175983, "f43": 0.594071470237307, "f44": -0.5678729958065971, "f45": -0.22617487450354548, "f46": -2.8419820992646914, "f47": -2.3176325068856443, "f48": -0.6966301328048643, "f49": 0.8718856066391917, "f5": 0.837090013147318, "f50": 0.9546208281422398, "f51": 0.21331135003094176, "f52": -1.909860055745598, "f53": -0.23576907984061635, "f54": -0.22182917226653198, "f55": 0.5267420466553595, "f6": -1.4709818018197436, "f7": -0.5469678361170153, "f8": -0.8500263669003176, "f9": 2.6961542362050546}, "datetime": {"datetime": "2023-01-25 16:34:39", "elapsed": 7547.395151, "delta": 35.850026}}
{"target": 0.17870147827519428, "params": {"f0": -0.9273219788520417, "f1": -1.3602573494711585, "f10": 0.7309856504599934, "f11": -0.3236571764406415, "f12": -0.7984755211604607, "f13": 0.49625982442987304, "f14": 1.3144814602330928, "f15": 1.1002233704010451, "f16": -0.3390034615089169, "f17": 0.970610614200025, "f18": -2.2484202388130705, "f19": 1.4346312541971589, "f2": -2.61853964680891, "f20": -1.5556811635867602, "f21": 0.3331514368420156, "f22": -1.636114643757864, "f23": 0.042849920443088385, "f24": -0.5081626960213982, "f25": -0.5008019915582812, "f26": -1.0826073380620032, "f27": -0.915485954441821, "f28": 1.5813471970243576, "f29": -2.0647529666446953, "f3": -0.4283891335406885, "f30": 0.6809832970282896, "f31": -0.38779154446187813, "f32": -0.46463277926168134, "f33": 0.5565471808026978, "f34": 1.1351872204619804, "f35": -0.2488170851787186, "f36": -2.359505846887058, "f37": -1.949009824403566, "f38": -0.5256499982521392, "f39": -2.352470324534497, "f4": -1.9605932653124352, "f40": -1.1756469594494274, "f41": 1.700041645315131, "f42": 1.847501417571518, "f43": 1.02172868385486, "f44": -0.19360617341791442, "f45": 0.2660822733030936, "f46": -2.6542234724804206, "f47": -2.823099145585809, "f48": -1.481913596054148, "f49": 0.46174657947133024, "f5": 2.927477164275559, "f50": 1.841105668767018, "f51": 0.5814449412147531, "f52": -1.8342757820971005, "f53": -0.07910236922122926, "f54": -0.6114504573350039, "f55": 2.0178772585895404, "f6": -1.6793615040483143, "f7": -1.003114604508947, "f8": -0.48750488459020036, "f9": 0.6675625831792088}, "datetime": {"datetime": "2023-01-25 16:34:48", "elapsed": 7556.319986, "delta": 8.924835}}
{"target": 0.0903366899874057, "params": {"f0": -1.0674814509642208, "f1": -2.03948474163569, "f10": 1.1652011747315267, "f11": 0.09730620123616007, "f12": -0.11736294358743904, "f13": 0.5359560372410372, "f14": 2.1835325362293236, "f15": 0.49956425507729024, "f16": -0.682015541483146, "f17": 0.9584036876499424, "f18": -1.8007987268682142, "f19": 0.49559486466932884, "f2": -0.4841972915914834, "f20": -1.4782948282667379, "f21": 0.9785900784681685, "f22": -0.7888217712749257, "f23": 0.3289786904383166, "f24": -0.11611800911833603, "f25": -0.37119334463883, "f26": -0.5900902644941424, "f27": -2.5882971237566172, "f28": 0.47714354420999405, "f29": -1.550984784541251, "f3": -0.8464886746672071, "f30": 0.4621405651045801, "f31": -0.4289875009630234, "f32": -0.5853200458206711, "f33": 0.8931237919363345, "f34": 1.8806048601370782, "f35": -0.6678898666452506, "f36": -1.1877716114174979, "f37": -0.5252484930187806, "f38": -1.6276879593827311, "f39": -1.9555686566220403, "f4": -1.3739725821204893, "f40": -1.0468050399353137, "f41": 2.3808307407642526, "f42": 2.036073416876806, "f43": 1.0265995010647249, "f44": -0.5225842568590686, "f45": -0.4020907074222932, "f46": -2.2325479576485883, "f47": -0.7335901567004637, "f48": -0.9763362500350051, "f49": 0.8933823351776055, "f5": 2.8294282341364094, "f50": 0.5909444282797479, "f51": 0.3408405567827764, "f52": -1.2548951865462645, "f53": -0.7249116629092285, "f54": -0.23171424611458935, "f55": 0.5986312756085406, "f6": -2.0976637969865557, "f7": -0.627856121101252, "f8": -0.41579726585935783, "f9": 2.2580361345747892}, "datetime": {"datetime": "2023-01-25 16:35:06", "elapsed": 7574.549503, "delta": 18.229517}}
{"target": 0.7274868506608718, "params": {"f0": -0.7551072300801545, "f1": -2.021800007443989, "f10": 1.294032322506665, "f11": -0.34296635680573323, "f12": -0.7331941153735858, "f13": 0.2461521959273304, "f14": 1.1956814016985653, "f15": 2.460461870416761, "f16": -0.4203683213673123, "f17": 0.36164275993556094, "f18": -0.9234749512116911, "f19": 1.5991078093928446, "f2": -0.5359690194474553, "f20": -0.7271252985147587, "f21": 0.3436707361735827, "f22": -0.8881145285830288, "f23": 0.06689199292650139, "f24": -0.8494322119253692, "f25": -0.6232308287905927, "f26": -1.0046331254629166, "f27": -1.0564504634674217, "f28": 1.1625503207897891, "f29": -2.5096901640899527, "f3": -0.7708970756745339, "f30": 1.5087518608391108, "f31": -0.6068122583514739, "f32": -1.4008297161059422, "f33": 1.4520654272481814, "f34": 0.8598750839653266, "f35": -0.831538454540225, "f36": -2.7898665179899726, "f37": -1.6827191393458993, "f38": -1.1511777089130388, "f39": -1.0181131451086458, "f4": -0.8150528452166659, "f40": -1.6045727853484244, "f41": 2.508768108787047, "f42": 0.5278499539507995, "f43": 0.659531450824711, "f44": -0.359243215575644, "f45": -0.15638667367500925, "f46": -2.492660583658748, "f47": -2.29581123101617, "f48": -1.4779017947653146, "f49": 0.711482284895383, "f5": 0.6675220332451473, "f50": 2.2780152989815727, "f51": 0.8048217579235032, "f52": -0.890545211607773, "f53": -0.5279326285052206, "f54": -1.3073576746663766, "f55": 2.870318483664062, "f6": -2.981977932554789, "f7": -1.2631180387459109, "f8": -0.2795226273607777, "f9": 0.8589556552580355}, "datetime": {"datetime": "2023-01-25 16:36:25", "elapsed": 7653.604756, "delta": 79.055253}}
{"target": 0.07510683569767689, "params": {"f0": -0.2702725791558076, "f1": -0.61174436878193, "f10": 2.6421083638413965, "f11": -0.5546811361318704, "f12": -0.08471816992951142, "f13": 0.5369024624520589, "f14": 0.9896165783875237, "f15": 1.6732297989067422, "f16": -0.18557564243237168, "f17": 0.7351047429659221, "f18": -0.5119295553998044, "f19": 0.54771528958481, "f2": -0.5214130506824395, "f20": -1.6961465292134115, "f21": 1.0870984076903456, "f22": -1.223081060242337, "f23": -0.07272847857611103, "f24": -0.5856541756622786, "f25": -0.24271646339773534, "f26": -0.6414340260879189, "f27": -1.6324319263659253, "f28": 1.1414504074025982, "f29": -2.9890015226793403, "f3": -0.43370876193587393, "f30": 1.5328346832241582, "f31": -0.8966550166575245, "f32": -0.7786641775980089, "f33": 0.3623340647065333, "f34": 1.8655910535800442, "f35": -0.7163708071086288, "f36": -1.897892547154025, "f37": -1.2537927089020335, "f38": -1.391677034793798, "f39": -1.7175301377558332, "f4": -0.5660507760299256, "f40": -1.5693808846955364, "f41": 1.7237839527352394, "f42": 1.251862789992632, "f43": 0.5853715449465403, "f44": -0.04606176003089635, "f45": -0.28078369257844554, "f46": -2.75060618320101, "f47": -0.825648578200767, "f48": -1.3579495276084665, "f49": 0.1284825126173204, "f5": 1.9034614007331079, "f50": 1.8563432257261712, "f51": 0.5192787400821963, "f52": -1.8820270983610279, "f53": -0.7602263690695238, "f54": -0.5154310397560061, "f55": 1.5813523426910305, "f6": -0.7106653801714091, "f7": -1.1661861770374546, "f8": -0.2885177024851934, "f9": 2.0676358330445894}, "datetime": {"datetime": "2023-01-25 16:37:21", "elapsed": 7709.447161, "delta": 55.842405}}
{"target": 0.37784015173052793, "params": {"f0": -0.16904836386149846, "f1": -1.6492051011266753, "f10": 1.691984464506574, "f11": 0.11860056966024579, "f12": -0.03914593691752566, "f13": 0.8863920852974204, "f14": 1.4038637358574328, "f15": 0.6407505020092773, "f16": -0.1689471533286412, "f17": 0.43692750114728696, "f18": -1.6175597568985607, "f19": 0.987547859949736, "f2": -1.5166322701272268, "f20": -2.9168430669119214, "f21": 0.8221898397067986, "f22": -1.4539191941941776, "f23": 0.05589566804995927, "f24": -0.9908509878435279, "f25": -0.23277962789456264, "f26": -0.5560927019221016, "f27": -0.518958196084661, "f28": 1.3051790215707528, "f29": -2.496452261808405, "f3": -0.3181731242005248, "f30": 1.591813340308607, "f31": -0.7772448224626282, "f32": -0.9978918535386038, "f33": 0.9409013665028148, "f34": 1.6421886710267015, "f35": -0.33170127415001893, "f36": -2.927919005466247, "f37": -0.7860511137863535, "f38": -2.4780815201164033, "f39": -1.3235856725256154, "f4": -1.3143704284637656, "f40": -0.34147998009469727, "f41": 1.2347400414182867, "f42": 2.2423548818204666, "f43": 0.5315928618806929, "f44": -0.23803217865506165, "f45": 0.26706246172970877, "f46": -0.793946326230822, "f47": -0.6161066430075648, "f48": -0.3227072821370245, "f49": 0.44630336422927697, "f5": 2.8235827034898056, "f50": 1.6789897481971225, "f51": 0.4925907018004798, "f52": -0.45976485756160823, "f53": -0.6197504984515513, "f54": -0.5088838716951688, "f55": 2.460235319035182, "f6": -1.6280085814708287, "f7": -1.211219740054776, "f8": -1.1170329966333925, "f9": 1.325583463500902}, "datetime": {"datetime": "2023-01-25 16:38:21", "elapsed": 7770.024044, "delta": 60.576883}}
{"target": 0.2674178134414957, "params": {"f0": -0.770072469651834, "f1": -0.6064144755124323, "f10": 0.7301642318788512, "f11": -0.4613398628131208, "f12": -0.7054578839852206, "f13": 1.0765189060836677, "f14": 0.6763194004010457, "f15": 1.0357424363699663, "f16": -1.0542557316551613, "f17": 0.563883259476012, "f18": -0.750024205595345, "f19": 1.2461025888177177, "f2": -2.5607081599133954, "f20": -1.3907498565388028, "f21": 1.2763228353498905, "f22": -1.6660799825534354, "f23": 0.20544582769381037, "f24": -0.18129448164393347, "f25": -0.9176694263942564, "f26": -1.1533227629459244, "f27": -1.0360867693634366, "f28": 1.307511025365897, "f29": -0.8507545535579792, "f3": -1.0508205472680754, "f30": 0.5677159887505299, "f31": -0.9360811374125708, "f32": -0.49564262323215036, "f33": 0.5879198842620066, "f34": 0.7725881966128991, "f35": -1.0285647555898363, "f36": -2.3859791929403773, "f37": -1.8145497355007887, "f38": -1.925304094171513, "f39": -2.3610580546520654, "f4": -1.3268909728411868, "f40": -0.5040677474975266, "f41": 1.6530602697419472, "f42": 1.4851466279951644, "f43": 0.6443455787015646, "f44": -0.726933994123119, "f45": -0.21950457804566145, "f46": -2.8071236636724586, "f47": -1.4431185900473298, "f48": -0.7227286516883464, "f49": 0.11796054723227627, "f5": 2.4825177558308837, "f50": 0.9075929805950165, "f51": 0.30053678546819274, "f52": -1.5919102259110856, "f53": -0.7190876622839018, "f54": -1.2334949765999021, "f55": 2.9205738786369455, "f6": -2.904321817737173, "f7": -0.378402208364639, "f8": -0.9163225468844212, "f9": 0.5694031450050794}, "datetime": {"datetime": "2023-01-25 16:38:35", "elapsed": 7783.454443, "delta": 13.430399}}
{"target": 0.3398290260551369, "params": {"f0": -1.0954219258332603, "f1": -0.962445727982062, "f10": 0.6940239825076594, "f11": -0.4127815531468749, "f12": -0.7506634263034432, "f13": 0.3141453549316298, "f14": 1.3372321987863305, "f15": 0.6027799128197888, "f16": -0.5652415142111591, "f17": 0.7805636074258516, "f18": -1.885759676802539, "f19": 0.5496219728962561, "f2": -1.0705321331576059, "f20": -0.8777737072616456, "f21": 0.23632027190057256, "f22": -0.6103053325144912, "f23": -0.1498016572647038, "f24": -0.6478585943651602, "f25": -0.9613073693612817, "f26": -0.6847336369782392, "f27": -2.4389942899476873, "f28": 0.4697711200427922, "f29": -1.5430086367591898, "f3": -0.8792291507194558, "f30": 0.5023680096516323, "f31": -0.5677585257601347, "f32": -0.806069765567305, "f33": 0.7809166618236252, "f34": 1.082197374263315, "f35": -0.7387823322648168, "f36": -0.6245054928139546, "f37": -2.374884540289286, "f38": -1.2176086080085335, "f39": -0.8408692362282038, "f4": -1.073192413999478, "f40": -0.6264841476872793, "f41": 2.5113432465537855, "f42": 2.150655119552707, "f43": 0.8532223803108703, "f44": -0.25081102523777155, "f45": -0.15180044768069023, "f46": -2.660028546570284, "f47": -2.2356549435879653, "f48": -0.7747174570575183, "f49": 0.7037428160646738, "f5": 2.3572218428666645, "f50": 2.594133277385482, "f51": 0.7365731834534249, "f52": -1.4332109479338557, "f53": -0.39639747518734547, "f54": -0.9082552844764993, "f55": 2.2266946719544096, "f6": -2.0882300718655973, "f7": -0.8454037380307464, "f8": -0.621340323289124, "f9": 2.8840234978931623}, "datetime": {"datetime": "2023-01-25 16:39:01", "elapsed": 7809.074544, "delta": 25.620101}}
{"target": 0.3985908262777718, "params": {"f0": -0.5968147464409936, "f1": -2.154756675505671, "f10": 1.2117223272487119, "f11": 0.050518976743251676, "f12": -0.6690285594990694, "f13": 0.6543677379041262, "f14": 1.8235848719145458, "f15": 1.5997313176854149, "f16": -0.6782277845720767, "f17": 0.8388363136230361, "f18": -0.864659084182642, "f19": 1.4505257887685665, "f2": -2.719403720284239, "f20": -2.775716035245104, "f21": 1.1533945826009726, "f22": -0.8039986457387656, "f23": 0.24898372225267718, "f24": -0.6109390158127701, "f25": -0.06866410001430823, "f26": -1.1783528518978292, "f27": -1.8718314898525543, "f28": 0.4282354579050601, "f29": -1.8050211964618939, "f3": -1.1450721656750307, "f30": 0.8861568877562591, "f31": -0.2654160668971528, "f32": -1.3635006427128284, "f33": 0.9099524255714514, "f34": 0.43344611797559085, "f35": -1.2405052142012627, "f36": -1.3302680009775865, "f37": -1.906754164478947, "f38": -1.0439942417354646, "f39": -0.8255708521775442, "f4": -0.8317090372318996, "f40": -0.5716155913284651, "f41": 2.706334318246284, "f42": 1.9719129722987998, "f43": 0.21333856556102687, "f44": -0.5135262638057596, "f45": -0.3233588652483088, "f46": -0.5750577463752999, "f47": -1.8693174072550385, "f48": -1.3588743820380498, "f49": 0.2080979280752529, "f5": 1.733278437289983, "f50": 0.5317376052546606, "f51": 0.2844699591433178, "f52": -0.8447828604293295, "f53": -0.7379047204661124, "f54": -0.2774532751850114, "f55": 1.0573740404610144, "f6": -1.8336910004069773, "f7": -0.5359746610752331, "f8": -1.1104104100804768, "f9": 2.49527123756443}, "datetime": {"datetime": "2023-01-25 16:39:14", "elapsed": 7822.963186, "delta": 13.888642}}
{"target": 0.4132736215561964, "params": {"f0": -0.9053806174369246, "f1": -1.9574030500678206, "f10": 0.6084054496940794, "f11": -0.5221902884809106, "f12": -0.22150088523682931, "f13": 0.4018396359768151, "f14": 1.9500278224969356, "f15": 1.8096835870540957, "f16": -1.0416486633971778, "f17": 1.040284955355101, "f18": -1.962680717883319, "f19": 1.5844482614073059, "f2": -2.7787502553162255, "f20": -0.7569357751588845, "f21": 0.615712195386444, "f22": -0.6731145737567545, "f23": -0.2914043869521865, "f24": -0.7128670890443927, "f25": -0.8137248630847711, "f26": -0.7653736463799352, "f27": -1.8075726651359518, "f28": 0.7491224815846642, "f29": -1.1147037105680542, "f3": -0.8725826888537741, "f30": 1.1978758304131458, "f31": -1.2947687935134315, "f32": -0.467662980234006, "f33": 1.3258445196256003, "f34": 1.5469818417327648, "f35": -1.1544009621077391, "f36": -1.9114343647019494, "f37": -2.3489205540741898, "f38": -0.603177749468754, "f39": -1.9007209709743185, "f4": -2.0743476829244663, "f40": -0.9808788556775467, "f41": 1.0169788168385248, "f42": 1.760255099841652, "f43": 0.27404727682234076, "f44": -0.11894059285029202, "f45": -0.06923522759001338, "f46": -0.5274601597099235, "f47": -1.1745987010999386, "f48": -1.272184972091694, "f49": 0.3492970835118534, "f5": 0.7222323287283071, "f50": 2.8164340026034873, "f51": 0.17548315027314235, "f52": -0.5696853524278203, "f53": -0.33825302016551173, "f54": -0.8743274801099845, "f55": 2.794157134396428, "f6": -0.5653092415608545, "f7": -1.3336933696205657, "f8": -0.3081125022593465, "f9": 2.3885571227682787}, "datetime": {"datetime": "2023-01-25 16:39:54", "elapsed": 7862.149155, "delta": 39.185969}}
{"target": 0.09980648148064776, "params": {"f0": -0.18742114409585242, "f1": -0.5877693466420659, "f10": 2.5237898142655864, "f11": 0.1277366268156408, "f12": -0.7964339978098764, "f13": 1.3059160453881207, "f14": 1.3513713194425445, "f15": 0.8997715303722899, "f16": -0.1152699056240285, "f17": 0.7096091703073184, "f18": -0.7119482621063955, "f19": 1.4897113795940924, "f2": -2.157818232886074, "f20": -2.8233713405615246, "f21": 0.46412746373813213, "f22": -1.234419909688398, "f23": -0.12164257878213308, "f24": -0.1283923398262069, "f25": -0.8229906121785757, "f26": -0.615636429391902, "f27": -1.8287807532904485, "f28": 0.9947275309148353, "f29": -2.7900905589073357, "f3": -0.24694065932470732, "f30": 0.8727488122622418, "f31": -0.7453089882001975, "f32": -0.39643081569641003, "f33": 0.7090638357247043, "f34": 1.522936489416786, "f35": -1.0579536688086049, "f36": -1.4469827725208404, "f37": -1.5430802994068777, "f38": -1.5701444592694467, "f39": -1.6140836781741579, "f4": -1.1454149780715719, "f40": -0.9161260970042524, "f41": 1.6600787781845612, "f42": 0.9981784960729381, "f43": 0.723298239689596, "f44": -0.16209425365122532, "f45": 0.21769064574228753, "f46": -0.9716777488849186, "f47": -1.7513701489142792, "f48": -1.2202762496236137, "f49": 0.17025605940110627, "f5": 1.888737020382797, "f50": 0.8424459077572188, "f51": 0.7297278232268924, "f52": -0.6322388737473377, "f53": -0.3175543777814994, "f54": -0.2995955293959056, "f55": 2.1700232003163173, "f6": -2.657139814509449, "f7": -0.34657766042567695, "f8": -0.36790495152553704, "f9": 2.4760804948976336}, "datetime": {"datetime": "2023-01-25 16:40:47", "elapsed": 7915.395636, "delta": 53.246481}}
{"target": 0.29563500497099565, "params": {"f0": -0.515524948167962, "f1": -1.9286624611142051, "f10": 2.5099563364650357, "f11": -0.1459256917867331, "f12": -0.31133262280427043, "f13": 0.4219699688381108, "f14": 1.7574068827452527, "f15": 2.4275241034908093, "f16": -0.46202459546613084, "f17": 0.7191808206680529, "f18": -1.8983863608206035, "f19": 0.7909076782483594, "f2": -1.5823917142583899, "f20": -2.858808164047817, "f21": 0.7837573403603303, "f22": -1.3416654469402967, "f23": 0.07236356393774102, "f24": -0.19407718912433747, "f25": -0.3228173309003882, "f26": -0.524437914513372, "f27": -2.2341435336395903, "f28": 0.7436088381212719, "f29": -1.8083554534137227, "f3": -0.5130204691372536, "f30": 1.19320075672186, "f31": -0.28559062474747643, "f32": -1.0453535842341506, "f33": 0.6973828937985518, "f34": 0.6351676865142746, "f35": -0.7905918990275423, "f36": -2.9652835727506934, "f37": -2.0549340613729483, "f38": -2.2556014118242484, "f39": -1.5840203036645537, "f4": -2.051071207915597, "f40": -0.5028215300418404, "f41": 1.9015186879492871, "f42": 1.8100493718814166, "f43": 0.20104462314881505, "f44": -0.6488025490874568, "f45": -0.029841254774945036, "f46": -1.2271557013653454, "f47": -2.1658698371174907, "f48": -1.2275952320055286, "f49": 0.6567436051733182, "f5": 2.2542588710306446, "f50": 2.8223621704065125, "f51": 0.4527193209167859, "f52": -1.6325594743144818, "f53": -0.1307114660679377, "f54": -0.5552137805183454, "f55": 1.963027278290045, "f6": -1.6412425177605705, "f7": -0.8574811988171335, "f8": -0.8151956267399448, "f9": 1.6594818807988532}, "datetime": {"datetime": "2023-01-25 16:41:35", "elapsed": 7963.727752, "delta": 48.332116}}
