{"target": 0.38867268623625567, "params": {"f0": -0.6794448346060681, "f1": -1.5763776775296714, "f10": 2.3474419166509843, "f11": -0.13960586240773104, "f12": 0.06443524048403693, "f13": 0.6209521286958715, "f14": 0.4597705987581572, "f15": 2.1195948429501517, "f16": -0.4539712926435826, "f17": 0.5089422285708335, "f18": -1.393308839506913, "f19": 1.68974736491838, "f2": -1.7215873821067453, "f20": -0.9141137996028297, "f21": 0.5491931621885231, "f22": -1.7117633669976848, "f23": 0.13219153908553216, "f24": -0.9393421620398509, "f25": -0.36591182954874624, "f26": -1.316591806079436, "f27": -0.9041182856754779, "f28": 0.597213517491692, "f29": -0.6222893587790934, "f3": -0.8592390640976322, "f30": 0.3605648835032886, "f31": -0.9018428004178098, "f32": -1.473226101587467, "f33": 1.229494261236407, "f34": 1.2519569030599902, "f35": -0.33265111470541253, "f36": -1.2610020772018167, "f37": -0.8604188126695851, "f38": -0.8518135400565445, "f39": -1.9879618636365004, "f4": -2.0566595751377807, "f40": -0.5285755655166446, "f41": 2.522540160121177, "f42": 1.7914556931341286, "f43": 0.5527691394502539, "f44": -0.37754466405491494, "f45": 0.29445031364099833, "f46": -1.124487751302979, "f47": -1.9914084185252932, "f48": -1.3594904299128496, "f49": 0.43069748287775034, "f5": 0.9647068689637832, "f50": 2.5946675312109795, "f51": 0.7074564090935588, "f52": -1.6071444706866036, "f53": -0.8128718027193637, "f54": -0.4720111135390609, "f55": 2.711482510213232, "f6": -1.368369823436982, "f7": -0.8930002314867058, "f8": -0.8444164049045787, "f9": 1.661174489256732}, "datetime": {"datetime": "2023-01-25 15:29:17", "elapsed": 3625.656002, "delta": 31.721351}}
{"target": 0.07671301938580283, "params": {"f0": -0.8294233975178593, "f1": -1.9301451601678306, "f10": 0.5813572575075655, "f11": -0.17722089051631984, "f12": -0.8179158639303659, "f13": 0.7548603482533256, "f14": 0.610921320344023, "f15": 2.2872386742044575, "f16": -1.0616470619219796, "f17": 0.43990208425800126, "f18": -1.2180999039413403, "f19": 1.5257268402039854, "f2": -0.5697317900068994, "f20": -2.0555392204245635, "f21": 1.0990038295482087, "f22": -0.5644232120079995, "f23": -0.4335622957483354, "f24": -0.7048251075401146, "f25": -0.5120291525475952, "f26": -1.3314996791791522, "f27": -1.4901668433832802, "f28": 1.0926720400497492, "f29": -2.0634409864965617, "f3": -0.8916093440223477, "f30": 1.1903772463246234, "f31": -0.509447348281293, "f32": -0.3116114924131539, "f33": 1.159424219908365, "f34": 1.2381179492037482, "f35": -0.6400949118306534, "f36": -1.1526492832711732, "f37": -0.5327673710973528, "f38": -0.49857848059474064, "f39": -1.051712415601143, "f4": -1.1320449502418823, "f40": -0.7535364126705085, "f41": 1.3779657808188193, "f42": 1.905536490718453, "f43": 0.8327271396697995, "f44": -0.6493926044219136, "f45": -0.2191513575620789, "f46": -0.7191602047523218, "f47": -0.969342731156174, "f48": -1.4451903787134948, "f49": 0.4827729322843691, "f5": 1.6945481757324947, "f50": 2.7604237303871204, "f51": 0.4160906242371442, "f52": -1.6702322867065431, "f53": -0.7596497696502589, "f54": -0.5093948549003909, "f55": 1.787538419132587, "f6": -1.7873381301687077, "f7": -1.0117294952671148, "f8": -0.38384468141757244, "f9": 0.936789448702455}, "datetime": {"datetime": "2023-01-25 15:30:05", "elapsed": 3673.701562, "delta": 48.04556}}
{"target": 0.05981416446782632, "params": {"f0": -0.30894797692413456, "f1": -1.0611240518398564, "f10": 2.564667829154789, "f11": -0.42802206923074343, "f12": -0.15540762667575803, "f13": 0.3315788872687128, "f14": 2.1779484043789648, "f15": 1.990760765739173, "f16": -0.3427180527741974, "f17": 0.3484970723001332, "f18": -1.996402658511838, "f19": 0.8335907359297945, "f2": -0.911690287896207, "f20": -2.627628612918649, "f21": 1.1867331477846443, "f22": -0.9400051235332122, "f23": -0.08624384613928265, "f24": -0.19495400081292358, "f25": -0.1347074746559126, "f26": -0.6851651378866602, "f27": -1.8500788380961835, "f28": 1.1113079213515007, "f29": -2.9131967419286364, "f3": -0.7927199842370096, "f30": 0.9625418549868066, "f31": -0.2386320863925957, "f32": -0.9981975421427575, "f33": 1.4211844529530375, "f34": 0.9585251423114838, "f35": -0.8867445908832269, "f36": -1.9521204636806864, "f37": -0.8542016182457792, "f38": -0.6961342463251303, "f39": -1.9588800649133717, "f4": -0.5957167427019225, "f40": -1.0358204716748447, "f41": 2.605942417651487, "f42": 1.2123034131675587, "f43": 0.8018628002131718, "f44": -0.6364766076295953, "f45": -0.3172005327626024, "f46": -2.895199128642521, "f47": -1.0633418976745674, "f48": -0.30610242443021085, "f49": 0.3225711759031812, "f5": 0.6646919622192047, "f50": 1.1417085350749285, "f51": 0.5809392364482817, "f52": -0.49938042387070136, "f53": -0.32965720026488077, "f54": -0.5711341470819312, "f55": 1.1737908010309024, "f6": -2.1715918584315492, "f7": -1.1816969759936877, "f8": -1.0027059747050584, "f9": 2.9716326991254625}, "datetime": {"datetime": "2023-01-25 15:31:28", "elapsed": 3757.033453, "delta": 83.331891}}
{"target": 0.17922961681433164, "params": {"f0": -0.3523403121844595, "f1": -1.24741636825064, "f10": 0.9693218840522064, "f11": -0.4045650168800023, "f12": -0.5056116572542337, "f13": 0.40144132261561255, "f14": 1.7644386139178159, "f15": 1.1718667147521604, "f16": -0.11649511064624474, "f17": 1.2446658744315626, "f18": -1.4921629385971746, "f19": 0.5368184412230015, "f2": -1.0507812738256728, "f20": -2.1460838696445528, "f21": 0.6709113189042268, "f22": -0.7327670907259907, "f23": 0.14217230909952938, "f24": -0.8583647533019833, "f25": -0.3575182237616542, "f26": -1.1027065548690365, "f27": -1.0643890251426658, "f28": 1.381747151380404, "f29": -1.702176646244124, "f3": -1.0712455256877498, "f30": 0.40629672338257095, "f31": -0.3454558239285088, "f32": -0.8084478904524066, "f33": 1.4078084024083095, "f34": 1.1912018145518268, "f35": -0.6801068599502983, "f36": -1.1265619727147689, "f37": -1.1293103226657761, "f38": -1.5535888250088088, "f39": -1.320760572245501, "f4": -1.6088902642278882, "f40": -1.5342931294472841, "f41": 1.453436912290086, "f42": 1.1746737661022706, "f43": 0.922414795824521, "f44": -0.5105669092013798, "f45": -0.16257581721421227, "f46": -1.6310639954840798, "f47": -2.6861232987891652, "f48": -1.0081685982255852, "f49": 0.3569026660517637, "f5": 0.8782512367112875, "f50": 0.9012312163519726, "f51": -0.04549318456438633, "f52": -0.7915492121086984, "f53": -0.788812428144922, "f54": -1.1564542500499275, "f55": 1.1736168759733931, "f6": -1.9556314212587764, "f7": -0.92396306810106, "f8": -0.899708876594861, "f9": 1.855440954539287}, "datetime": {"datetime": "2023-01-25 15:32:42", "elapsed": 3830.221238, "delta": 73.187785}}
{"target": 0.07051680740112447, "params": {"f0": -0.8342742849097267, "f1": -0.7861761680218025, "f10": 2.5930202450056896, "f11": 0.19472477893321782, "f12": -0.33899912128777365, "f13": 0.25609592294880956, "f14": 1.6795124974177262, "f15": 0.5520683110476964, "f16": -0.6924773369545492, "f17": 0.5705930557455127, "f18": -1.5459534412350986, "f19": 0.9064722980003788, "f2": -1.581514937893629, "f20": -2.543589966975145, "f21": 0.7631638865575344, "f22": -1.3581762797935826, "f23": -0.15638839596894705, "f24": -0.1943407706476078, "f25": -0.4543148251818264, "f26": -0.47667166635466873, "f27": -1.1947540245653927, "f28": 1.6380497003723486, "f29": -0.5616075730559458, "f3": -0.38979381088040754, "f30": 0.544575667278643, "f31": -0.2712563174905749, "f32": -0.4307791307451727, "f33": 1.0621317227354852, "f34": 1.0468544609897228, "f35": -0.4411915980919541, "f36": -2.5640887770884184, "f37": -2.151020172512995, "f38": -1.902843494492246, "f39": -1.6698665234231789, "f4": -1.1962539664419143, "f40": -0.6602160372151309, "f41": 1.7936967707862088, "f42": 0.8269854887331147, "f43": 0.3298910115623348, "f44": -0.4571136245282476, "f45": -0.041479348739735966, "f46": -1.764608004816958, "f47": -0.9659073679081773, "f48": -0.9029495482651094, "f49": 0.17793399790123327, "f5": 1.3937601413544816, "f50": 1.4664951030678628, "f51": 0.5763216848268684, "f52": -0.422693228612967, "f53": -0.49870875453211355, "f54": -0.5785750289434165, "f55": 2.2685442006205663, "f6": -0.5159004799313265, "f7": -1.015110918595939, "f8": -0.32211967429507615, "f9": 2.9593940378413315}, "datetime": {"datetime": "2023-01-25 15:33:41", "elapsed": 3889.624785, "delta": 59.403547}}
{"target": 0.1974569723054311, "params": {"f0": -0.7570261154488784, "f1": -2.230181101220678, "f10": 0.665510459456545, "f11": -0.14613018471677375, "f12": -0.17304373349279267, "f13": 1.2221045630741172, "f14": 1.6371508469717957, "f15": 0.9999380498937791, "f16": -0.6596308137411063, "f17": 1.4233173673345902, "f18": -0.5008191375417061, "f19": 1.0103095727124958, "f2": -0.7473848576534481, "f20": -1.748348616507975, "f21": 0.21938997723915446, "f22": -0.7550007006906647, "f23": -0.2212518233374202, "f24": -0.9606253946490033, "f25": -0.16145101882135016, "f26": -0.5755740766393356, "f27": -1.1398484588047877, "f28": 0.6825902296747275, "f29": -1.63691651179863, "f3": -0.5935435005984618, "f30": 1.5225520311388947, "f31": -0.8548034405019908, "f32": -0.6887219899452194, "f33": 0.9184138880489207, "f34": 1.145668923945033, "f35": -0.8334968978931496, "f36": -0.6163783291572962, "f37": -0.607903473083452, "f38": -1.793134073779827, "f39": -1.4830736276875127, "f4": -1.0966962978084294, "f40": -1.4021581304021347, "f41": 0.9038497185736796, "f42": 2.0182424888889714, "f43": 0.760064362480289, "f44": -0.8089558029823489, "f45": -0.3394773518622827, "f46": -0.6414732176202826, "f47": -2.1608940501273026, "f48": -0.4972658303576629, "f49": 0.4640759716370222, "f5": 1.9485295323388951, "f50": 2.5360755378938555, "f51": 0.5318834950901308, "f52": -1.1871589272270913, "f53": -0.5347087877648891, "f54": -0.9733932395283371, "f55": 1.4531208475794515, "f6": -0.5320259583547595, "f7": -0.44472145630642834, "f8": -0.2133829483440144, "f9": 2.865977316368227}, "datetime": {"datetime": "2023-01-25 15:34:50", "elapsed": 3958.160523, "delta": 68.535738}}
{"target": 0.16527179261173694, "params": {"f0": -0.7063342188339288, "f1": -0.7034470357722844, "f10": 2.8220070575140146, "f11": -0.05990838850863789, "f12": -0.5634652979796564, "f13": 1.2686613077583695, "f14": 1.49158514751532, "f15": 1.928720637760544, "f16": -1.026563529302684, "f17": 1.2524534129132183, "f18": -1.0675159874922593, "f19": 1.603897460437372, "f2": -1.9542085610921391, "f20": -2.5969275474502016, "f21": 1.271488745079468, "f22": -1.2513054335374307, "f23": -0.23832695133803758, "f24": -0.8594355097657735, "f25": -0.15841839767741783, "f26": -0.7644019095771191, "f27": -2.8194580899040593, "f28": 0.6261795275790893, "f29": -1.43976555428588, "f3": -0.7990317887724214, "f30": 1.1298491255561531, "f31": -1.094290817412693, "f32": -0.709840721971602, "f33": 0.5249712550219685, "f34": 0.5810024993876408, "f35": -0.8742774511975926, "f36": -2.4784848897582776, "f37": -1.4379579592972878, "f38": -2.0024215297858157, "f39": -1.0077641621669016, "f4": -2.0310114636911685, "f40": -0.6950803917263361, "f41": 2.3845773103534853, "f42": 0.9392094998863962, "f43": 0.43502060798582837, "f44": -0.29756208615361945, "f45": 0.10094407525274879, "f46": -0.9657000368159938, "f47": -1.9648657092890185, "f48": -1.0824634852917348, "f49": 0.8062801876927532, "f5": 1.5265509099210803, "f50": 1.8873732746431306, "f51": 0.31667792749707985, "f52": -1.3851766939019594, "f53": -0.39483319581353804, "f54": -1.2498041059772942, "f55": 2.0411403145573233, "f6": -1.7692145252352667, "f7": -0.7865649045477651, "f8": -0.29578206659877837, "f9": 1.8812839460856972}, "datetime": {"datetime": "2023-01-25 15:35:37", "elapsed": 4005.634059, "delta": 47.473536}}
{"target": 0.05808198399307845, "params": {"f0": -0.6755123870501427, "f1": -0.6086322716279486, "f10": 2.220394436550917, "f11": 0.1614530603514588, "f12": -0.8153433166842589, "f13": 0.940361408847648, "f14": 0.6477272779123734, "f15": 2.076876538877684, "f16": -1.0213936981930793, "f17": 0.7189038410459442, "f18": -0.6106590822687099, "f19": 1.5554311157742544, "f2": -0.6383039761065259, "f20": -1.6842231852010263, "f21": 0.8480843781141972, "f22": -0.7116478237508097, "f23": -0.33438432189708284, "f24": -0.8455394300960665, "f25": -0.4818302867845421, "f26": -0.8085337934182275, "f27": -0.6012149481769673, "f28": 1.517910314741265, "f29": -2.080757064002959, "f3": -1.1551330194719873, "f30": 0.6529118631744477, "f31": -0.5231762000807743, "f32": -0.9802994461648897, "f33": 0.39219537421849254, "f34": 1.6803563528714045, "f35": -0.3696605479628906, "f36": -2.3972610722016565, "f37": -0.9107897671291094, "f38": -1.3926534961160097, "f39": -2.4286797889382576, "f4": -0.673814837752162, "f40": -0.4471523337131664, "f41": 1.5983432348336235, "f42": 0.5471689495509495, "f43": 1.0685763157962407, "f44": -0.27214795739778874, "f45": -0.37097302246633207, "f46": -2.5002165235808933, "f47": -2.26754117828617, "f48": -0.813410051910739, "f49": 0.6486448447433757, "f5": 1.6841262895035054, "f50": 2.1677638139492093, "f51": 0.7836450675496497, "f52": -1.1179070182974995, "f53": -0.756899081089001, "f54": -0.9591436262632995, "f55": 0.5778804735324631, "f6": -1.0464333943698099, "f7": -0.3338412867666878, "f8": -0.7587968172385733, "f9": 1.9833894908099574}, "datetime": {"datetime": "2023-01-25 15:36:27", "elapsed": 4055.261037, "delta": 49.626978}}
{"target": 0.6403199838716365, "params": {"f0": -1.1202765469108846, "f1": -1.0108826385244976, "f10": 2.999674933841264, "f11": 0.024476707546751908, "f12": -0.29614710030959135, "f13": 0.34748904425096283, "f14": 1.0967069132237195, "f15": 1.5047393757210161, "f16": -0.5765647188468653, "f17": 0.34138754319920656, "f18": -0.8628461612856244, "f19": 0.40502222391487586, "f2": -2.0738421180812296, "f20": -2.3289107804286697, "f21": 0.6853905991827426, "f22": -1.567177339251705, "f23": -0.11642520487411179, "f24": -0.6630177335243903, "f25": -0.5914669339403371, "f26": -1.2887622423959257, "f27": -2.8265699568131453, "f28": 0.38013845569326965, "f29": -2.752585327682143, "f3": -1.0421347405356356, "f30": 1.2460230063557574, "f31": -1.1708086826040238, "f32": -0.7209292427838184, "f33": 1.2807829364526855, "f34": 1.510787677899224, "f35": -0.5643179460090393, "f36": -2.2175649533263706, "f37": -1.6587940046411729, "f38": -1.257011614944684, "f39": -1.6360939677518267, "f4": -0.9163320260423065, "f40": -1.6148673915879521, "f41": 1.2752551021966319, "f42": 1.293935609330973, "f43": 0.9361246625736506, "f44": -0.4086959986769149, "f45": 0.28222156578902097, "f46": -1.9043827263532425, "f47": -2.34553542979579, "f48": -0.8933588474688529, "f49": 0.5681445813352028, "f5": 0.9623632052016952, "f50": 2.152274428121105, "f51": 0.016556153522557154, "f52": -1.903125968799986, "f53": -0.18764979881337396, "f54": -0.8262854004309109, "f55": 1.9834112522278187, "f6": -0.6316484604245711, "f7": -0.5746142379393967, "f8": -1.0790817555254815, "f9": 2.188865788700668}, "datetime": {"datetime": "2023-01-25 15:37:03", "elapsed": 4091.664212, "delta": 36.403175}}
{"target": 0.2467868836570356, "params": {"f0": -0.6831085389283409, "f1": -1.8780207012265882, "f10": 0.8675531873492315, "f11": -0.006407027036927859, "f12": -0.525697794615932, "f13": 1.3309291478898593, "f14": 2.2386380181990746, "f15": 2.7486539919919344, "f16": -0.5696782088253315, "f17": 1.2023209725352888, "f18": -0.4914071407227616, "f19": 1.155696302934127, "f2": -1.0121338154243904, "f20": -0.5033480940520816, "f21": 1.2802052058619884, "f22": -1.732059240415179, "f23": -0.013819821487077666, "f24": -0.3617809944776156, "f25": -0.9065797698117111, "f26": -0.9110467143858094, "f27": -0.6152230796203124, "f28": 1.4913929004555873, "f29": -2.1788068671138046, "f3": -0.45175552694035315, "f30": 1.517700758550087, "f31": -0.42444287045977025, "f32": -1.4648579718296113, "f33": 0.6521133315461967, "f34": 1.1094623262413772, "f35": -1.1431592629864402, "f36": -1.31461658572091, "f37": -1.7367216608639569, "f38": -1.0108198203803531, "f39": -2.004062525600024, "f4": -1.350829457334307, "f40": -0.8740489433185527, "f41": 2.923227159352872, "f42": 1.577033919777667, "f43": 0.820368170140932, "f44": -0.2002091457944054, "f45": -0.1641893993613015, "f46": -2.746353452091397, "f47": -0.5703913821842663, "f48": -0.9478189051054878, "f49": 0.8782491302325066, "f5": 1.6994375423644694, "f50": 2.2758431299352346, "f51": 0.6626020856452064, "f52": -1.872261277442171, "f53": -0.541524944567652, "f54": -0.43611117889899176, "f55": 0.5923816956993706, "f6": -1.9781652976564312, "f7": -0.5098293157209186, "f8": -0.4179260704509965, "f9": 1.781310090911678}, "datetime": {"datetime": "2023-01-25 15:37:56", "elapsed": 4144.327517, "delta": 52.663305}}
{"target": 0.4409981851804812, "params": {"f0": -1.0939700248442936, "f1": -0.8834741845274638, "f10": 1.5939426200169835, "f11": -0.23385889745317057, "f12": -0.5917751129413573, "f13": 0.49365568480701544, "f14": 0.9939852551069286, "f15": 0.8735070960238995, "f16": -0.49824513841303353, "f17": 0.40116922314976844, "f18": -1.0950382708661917, "f19": 0.4712846974595097, "f2": -1.0918800450075785, "f20": -2.5215819043709566, "f21": 0.5273593426942945, "f22": -1.290006473594314, "f23": 0.2934888358565654, "f24": -0.511766124807532, "f25": -0.18280025757513396, "f26": -1.2342369425023232, "f27": -2.0670533936590183, "f28": 1.009347387291199, "f29": -2.9544644697552167, "f3": -0.8742037432627368, "f30": 0.6630757745174596, "f31": -0.5849514795116344, "f32": -1.2956040454180735, "f33": 0.5209226065216324, "f34": 1.640811808301335, "f35": -1.2691182267680057, "f36": -1.4641284794557514, "f37": -2.262563845587102, "f38": -2.248896251193195, "f39": -1.1417392006823754, "f4": -0.43723083603635304, "f40": -1.014120148647539, "f41": 2.2619348098621925, "f42": 0.7579354912469719, "f43": 0.8424957175205954, "f44": -0.24114673034195044, "f45": -0.2814677068447557, "f46": -1.136270491913068, "f47": -2.2518282325961803, "f48": -0.43666635541343846, "f49": 0.4647356399624287, "f5": 1.9594380532986075, "f50": 2.0166034509875805, "f51": 0.34588706010419273, "f52": -1.7043201164225192, "f53": -0.03016986279027889, "f54": -0.7873845905151461, "f55": 2.6295422715528627, "f6": -1.5913269293405736, "f7": -0.4283460959766441, "f8": -0.6190748562329471, "f9": 0.5890999397896383}, "datetime": {"datetime": "2023-01-25 15:38:49", "elapsed": 4197.371366, "delta": 53.043849}}
{"target": 0.23955815420670806, "params": {"f0": -0.9504893573406691, "f1": -1.5445881194688194, "f10": 2.108192268475675, "f11": -0.37815845715664453, "f12": -0.660791079796319, "f13": 1.2623765814212273, "f14": 1.4997694422274181, "f15": 1.6283870187699256, "f16": -0.6346542463202652, "f17": 0.9009094372867443, "f18": -0.8555705477938278, "f19": 0.8566758053294038, "f2": -1.942252573055268, "f20": -2.2087390081864418, "f21": 0.892465236427804, "f22": -0.4675695021855113, "f23": 0.26710094852802013, "f24": -0.5259293319612379, "f25": -0.16939790293118417, "f26": -1.0089939972320736, "f27": -0.7313347156425984, "f28": 1.2506594065725767, "f29": -1.0331333165246979, "f3": -0.4715846944966632, "f30": 0.48033064003793674, "f31": -0.9934287703902128, "f32": -0.5955935871142484, "f33": 0.7244224351664008, "f34": 1.2008853952372398, "f35": -0.3933681046038223, "f36": -2.491288380817014, "f37": -0.8871117807924829, "f38": -1.3735837490015468, "f39": -1.3599311151208024, "f4": -1.6520555463019408, "f40": -1.350010237277179, "f41": 1.6397797445569566, "f42": 0.47479848066648966, "f43": 0.6571498479825009, "f44": -0.788257698043708, "f45": 0.16896521661634284, "f46": -2.575188718691858, "f47": -2.727769781799743, "f48": -0.6314890558446371, "f49": 0.8071400765757467, "f5": 1.4320842706091899, "f50": 1.2052758065748697, "f51": 0.6277760005516249, "f52": -1.4899095829364668, "f53": -0.25100034988332587, "f54": -1.1005635380836702, "f55": 1.1351581677697067, "f6": -2.8431827697482737, "f7": -1.3445824691118426, "f8": -1.0683402809924836, "f9": 2.0114738256788285}, "datetime": {"datetime": "2023-01-25 15:39:48", "elapsed": 4256.846873, "delta": 59.475507}}
{"target": 0.49221604216265746, "params": {"f0": -0.878350765103259, "f1": -1.7047394265420097, "f10": 2.309890882985835, "f11": -0.06020880876869372, "f12": -0.4882740092684439, "f13": 0.25655185115623186, "f14": 0.5617691721303288, "f15": 1.9150343737530275, "f16": -0.3359450845665525, "f17": 0.6392173244708528, "f18": -1.149618152997453, "f19": 1.5403210688399787, "f2": -2.2445323831806605, "f20": -2.453029557625206, "f21": 0.849466688660684, "f22": -0.6976639697538145, "f23": -0.3497711977763643, "f24": -0.29297635597510685, "f25": -0.7767780021597094, "f26": -0.9224573237926265, "f27": -1.1077098464499169, "f28": 1.6209948107165928, "f29": -1.1601199412428949, "f3": -0.43259136286311506, "f30": 1.3301700608310905, "f31": -0.35449379743523846, "f32": -0.9001366162698405, "f33": 1.4362571984250034, "f34": 0.8926732908143544, "f35": -1.2674164635868788, "f36": -0.5082510821338033, "f37": -1.672694759337829, "f38": -2.014886348470788, "f39": -1.4749192137984937, "f4": -1.8183078870182503, "f40": -0.6465598331435839, "f41": 2.6199061954149787, "f42": 1.6714556569140704, "f43": 0.5549784811077461, "f44": -0.3276245960634776, "f45": -0.3207532476528502, "f46": -1.7166787864220328, "f47": -2.4868176107340316, "f48": -0.7174171319856957, "f49": 0.12886190680446835, "f5": 0.7517723231693305, "f50": 0.7834982887792277, "f51": 0.5924848890823743, "f52": -1.6825274959701866, "f53": -0.7803085529383439, "f54": -0.7901354053531499, "f55": 1.4761078577336746, "f6": -2.870365122111842, "f7": -0.7429515900039972, "f8": -0.8133559018156107, "f9": 2.305146060469467}, "datetime": {"datetime": "2023-01-25 15:40:25", "elapsed": 4293.066365, "delta": 36.219492}}
