{"target": 0.1999740958741039, "params": {"f0": -0.7444781267864753, "f1": -2.1659973435535496, "f10": 1.3611539760089149, "f11": 0.08922597983161118, "f12": -0.2914333797231513, "f13": 0.35143521892962504, "f14": 1.695076581827668, "f15": 1.641909968846203, "f16": -0.5603028482062802, "f17": 0.4632087295890501, "f18": -2.1971475344377778, "f19": 0.5932805739135845, "f2": -0.6391804820773501, "f20": -2.590148139752371, "f21": 0.6309657796676762, "f22": -1.774997207034891, "f23": 0.03595595287455766, "f24": -0.40015253958440933, "f25": -0.9952432689144444, "f26": -0.4678903597643621, "f27": -2.073634261815976, "f28": 0.6646638302970582, "f29": -2.9388235584219364, "f3": -0.8734517145692129, "f30": 1.5985333423296184, "f31": -0.44048725393837884, "f32": -0.4600849181319018, "f33": 1.405476910034439, "f34": 1.3837688054524944, "f35": -0.7094368592824396, "f36": -2.101736277790532, "f37": -1.01033299109748, "f38": -0.6148250168728941, "f39": -1.8646647169662733, "f4": -0.8567980413179859, "f40": -0.9449167297254826, "f41": 2.2797424349139557, "f42": 0.5026204915071946, "f43": 0.7427473390965562, "f44": -0.41915215884072227, "f45": -0.14708136885090622, "f46": -0.6560324021711024, "f47": -2.9712581504277735, "f48": -0.6430379888957255, "f49": 0.7468903138522557, "f5": 1.034100721115022, "f50": 1.6259533123421077, "f51": 0.25756481042668405, "f52": -1.5130008324608948, "f53": -0.692534733893977, "f54": -0.37334119948300726, "f55": 2.739872177498165, "f6": -1.3668522776840695, "f7": -0.9131916376804188, "f8": -0.22216199115329205, "f9": 0.7635924198734431}, "datetime": {"datetime": "2023-01-25 16:53:14", "elapsed": 8662.481376, "delta": 74.426778}}
{"target": 1.800519296975561e-05, "params": {"f0": -1.0476699513283805, "f1": -1.3239717812628133, "f10": 2.1573975345307996, "f11": -0.35959722094149116, "f12": 0.06668701937801813, "f13": 0.640721047319772, "f14": 1.2428913201484093, "f15": 1.513417743851962, "f16": -0.8446505873697092, "f17": 1.010132306094956, "f18": -1.1436922497869586, "f19": 1.1833429159434359, "f2": -0.902079399682796, "f20": -2.015943117201325, "f21": 0.5433523453437207, "f22": -0.9024627403297427, "f23": -0.427891709265043, "f24": -0.9482577213224702, "f25": -0.10732075470484326, "f26": -0.6681859970314902, "f27": -2.510095123093336, "f28": 0.8564381316780972, "f29": -0.8749935567243243, "f3": -0.8836081163405954, "f30": 0.3865442702801031, "f31": -0.5162150572809365, "f32": -0.6871134070565087, "f33": 1.457774434669484, "f34": 1.851503110655736, "f35": -0.6543064722963895, "f36": -2.8392017077327796, "f37": -2.0472624485623427, "f38": -1.1305329370954638, "f39": -0.5404257855692083, "f4": -0.5695691955287534, "f40": -1.198712622389734, "f41": 0.8028760008563205, "f42": 0.9583429798377203, "f43": 0.5464877779299284, "f44": -0.6432050053796774, "f45": 0.20399911905557883, "f46": -1.5835562131640892, "f47": -2.808533432430233, "f48": -1.3986159596619256, "f49": 0.6373070277243438, "f5": 2.054900290279738, "f50": 0.6178818672057402, "f51": 0.11010703982835288, "f52": -0.8560426556681657, "f53": -0.7992989055413516, "f54": -1.1769158142028444, "f55": 1.5016496361325196, "f6": -2.6887247643296526, "f7": -0.44304604155374383, "f8": -0.5451187889650961, "f9": 2.0327507312028783}, "datetime": {"datetime": "2023-01-25 16:56:36", "elapsed": 8864.963624, "delta": 202.482248}}
{"target": 0.5745372204053992, "params": {"f0": -0.7917417575104382, "f1": -1.3043963836347463, "f10": 1.828869105843089, "f11": -0.5124283677353086, "f12": -0.6498793307737094, "f13": 0.2978611162669859, "f14": 0.8500890839037643, "f15": 0.7033767942634842, "f16": -0.5158675465477761, "f17": 0.8939131845361575, "f18": -0.5096599713599739, "f19": 1.5464410359948835, "f2": -2.703296851814729, "f20": -2.1547006658364016, "f21": 1.2095938478519428, "f22": -1.4446090566645855, "f23": 0.15712989369448183, "f24": -0.9506826057609558, "f25": -0.7105824435739589, "f26": -1.0450178483247008, "f27": -2.436140111571004, "f28": 0.7781045558799538, "f29": -1.601473516956856, "f3": -0.5265283922794085, "f30": 0.9763594911942659, "f31": -0.33812248459016325, "f32": -1.295661510660525, "f33": 0.6752476946565885, "f34": 0.8110086213352956, "f35": -0.49471401797532, "f36": -2.911269855528216, "f37": -2.302520468757487, "f38": -1.106087326717492, "f39": -1.089918132025272, "f4": -0.4907595526669568, "f40": -0.581702884762171, "f41": 1.9417805349297796, "f42": 1.5473693423871635, "f43": 1.1616228859899107, "f44": -0.5974450518933463, "f45": -0.1251671330810294, "f46": -1.0902395715038935, "f47": -2.1299546048152393, "f48": -1.093615128932921, "f49": 0.780405333960739, "f5": 1.999115922067958, "f50": 1.3105585315695698, "f51": 0.2910338976823831, "f52": -0.4740448480534363, "f53": -0.4230703286099009, "f54": -0.3695281396575597, "f55": 1.9469311755275152, "f6": -0.6714332905064087, "f7": -0.8059642419893984, "f8": -0.19775321555497993, "f9": 1.6553524118075948}, "datetime": {"datetime": "2023-01-25 16:57:04", "elapsed": 8892.124134, "delta": 27.16051}}
{"target": 0.4620256452969291, "params": {"f0": -0.990892358142746, "f1": -1.524168110608081, "f10": 1.406088140543262, "f11": 0.10256820241747411, "f12": -0.21933991875121295, "f13": 1.1526286285491087, "f14": 1.1568483945025656, "f15": 1.2911256326891836, "f16": -0.9573918107737187, "f17": 1.38367405361626, "f18": -1.8195315478696161, "f19": 0.9574429705829453, "f2": -0.6225503922698032, "f20": -0.6835774257302263, "f21": 0.4000475097237781, "f22": -1.1757625399885367, "f23": 0.054996383400951976, "f24": -0.9950286110394624, "f25": -0.622857630532125, "f26": -0.7313640494211654, "f27": -0.6792031263229981, "f28": 0.4674091555575098, "f29": -0.7754320136972406, "f3": -0.7671591522502605, "f30": 0.9710252172713172, "f31": -1.0856630211935994, "f32": -0.5132615834344215, "f33": 1.5617581248152805, "f34": 1.807991409746854, "f35": -0.6169225325632385, "f36": -1.7593870415566817, "f37": -1.9051785730740776, "f38": -0.7213897269148701, "f39": -1.108228421511161, "f4": -0.48714231979919376, "f40": -0.9557431808874712, "f41": 1.0907821103355027, "f42": 0.6698461828614493, "f43": 0.6772785291106085, "f44": -0.4098513486367492, "f45": -0.2121074110765923, "f46": -0.8403610090766604, "f47": -0.5386486414210254, "f48": -1.3502011290715312, "f49": 0.7551150991023072, "f5": 1.8384530394392584, "f50": 1.7102648812739292, "f51": -0.022477641883725218, "f52": -1.301488029242413, "f53": -0.4546746105518789, "f54": -0.29051363429148847, "f55": 2.010566629700904, "f6": -0.7170683306410259, "f7": -0.90897468627671, "f8": -0.636716691601714, "f9": 1.8632526911738605}, "datetime": {"datetime": "2023-01-25 16:57:42", "elapsed": 8930.793912, "delta": 38.669778}}
{"target": 0.03486717893301092, "params": {"f0": -0.14980777862714134, "f1": -1.9980421309556278, "f10": 2.038390900478279, "f11": -0.11250015682206643, "f12": -0.2097888800122314, "f13": 1.0883271574180466, "f14": 1.82134117494406, "f15": 2.003582252542692, "f16": -0.1716299868857556, "f17": 0.44737383703996914, "f18": -0.5664032178859755, "f19": 1.0102138406733054, "f2": -1.632456489093701, "f20": -2.051105121789175, "f21": 0.23826145325388715, "f22": -0.9294930009419944, "f23": 0.23084577393422379, "f24": -0.7825797605969352, "f25": -0.3764395871140961, "f26": -0.7288520574769667, "f27": -0.8191771144924798, "f28": 0.6445286079324937, "f29": -1.9391676429187459, "f3": -0.7845940132602669, "f30": 1.256388722867135, "f31": -0.7140877187901113, "f32": -1.402196493275619, "f33": 1.571753447686432, "f34": 0.5761485181525592, "f35": -0.43364032799134133, "f36": -2.268117045439552, "f37": -1.4876503000562515, "f38": -2.124332329178881, "f39": -1.327688917177018, "f4": -1.9594191776723524, "f40": -0.8322877396226372, "f41": 2.5697070847296484, "f42": 1.8357644888336297, "f43": 0.2791427299308883, "f44": -0.28926490087533563, "f45": 0.29436756582646545, "f46": -1.7413097509280508, "f47": -1.2123032881777602, "f48": -0.7119251592132676, "f49": 0.569906748547685, "f5": 1.2201849480985918, "f50": 0.522039151688835, "f51": -0.06184700525304218, "f52": -1.7690223228576092, "f53": -0.7510343652496261, "f54": -1.1014496030556025, "f55": 1.442715170550223, "f6": -0.503656874452139, "f7": -0.9722605176793866, "f8": -0.5375489429523748, "f9": 1.0156888849545211}, "datetime": {"datetime": "2023-01-25 16:58:18", "elapsed": 8966.148297, "delta": 35.354385}}
{"target": 0.0903366899874057, "params": {"f0": -0.7234340160557413, "f1": -0.729610200787222, "f10": 0.9915032940698484, "f11": -0.4490527995143134, "f12": -0.575434997624163, "f13": 0.31541776419267453, "f14": 1.138213276876387, "f15": 1.6310201304399539, "f16": -0.3554557092715239, "f17": 0.42250569835924545, "f18": -1.3763442757072815, "f19": 1.1903481451429636, "f2": -2.7113257232461625, "f20": -1.1622151151630975, "f21": 0.5659536779901602, "f22": -1.1999675497977456, "f23": 0.2800468914497083, "f24": -0.3768309005991932, "f25": -0.5512875583389347, "f26": -1.09727986665918, "f27": -1.1449821682905017, "f28": 0.7051880333881291, "f29": -2.951136029243162, "f3": -0.7021755713195098, "f30": 1.2025302197385022, "f31": -1.1037869947430556, "f32": -0.7931161838769962, "f33": 0.6565799687072136, "f34": 0.9168035251461619, "f35": -0.6638139965588715, "f36": -1.8312940035202478, "f37": -0.5159349347450308, "f38": -1.3496865992955454, "f39": -1.6213555549677172, "f4": -2.0535130189699227, "f40": -1.5337821230179218, "f41": 1.7642804575005204, "f42": 2.049457347353161, "f43": 0.8900595252871533, "f44": -0.08077786288890376, "f45": 0.21638247090046808, "f46": -1.8582668080034515, "f47": -0.717372045799753, "f48": -0.9451730957640679, "f49": 0.3634222002579458, "f5": 2.069529968605522, "f50": 0.8809874019400696, "f51": 0.3682173297988873, "f52": -1.6141236313592646, "f53": -0.36578150382029073, "f54": -0.7924206958879133, "f55": 2.4087742235211977, "f6": -2.9907302452925366, "f7": -1.1450591813877287, "f8": -0.5325683652610423, "f9": 0.823441819858034}, "datetime": {"datetime": "2023-01-25 16:59:07", "elapsed": 9015.406886, "delta": 49.258589}}
{"target": 0.42803615556614155, "params": {"f0": -1.0856984861428356, "f1": -2.0494777815228704, "f10": 2.122970930564735, "f11": -0.27557117005911574, "f12": -0.12112966381677359, "f13": 0.7639007533586701, "f14": 0.6699258617405646, "f15": 2.573487287958509, "f16": -0.22056551176147676, "f17": 0.7277700692215893, "f18": -0.8589417383707334, "f19": 1.0515833502751206, "f2": -2.8275032964963396, "f20": -2.551201010462218, "f21": 0.939720917455221, "f22": -1.4147934360876298, "f23": 0.07086291661763444, "f24": -0.32015277990415847, "f25": -0.43611630069399066, "f26": -1.1013465684602184, "f27": -1.463784991261182, "f28": 1.2252137321203975, "f29": -1.0943065121638795, "f3": -1.1677428215050205, "f30": 0.8416649213016302, "f31": -1.1250971481544192, "f32": -1.0771216354684467, "f33": 0.8390345682962064, "f34": 0.9249882558373423, "f35": -1.329567834236491, "f36": -1.0862042806547052, "f37": -0.8783477421703458, "f38": -0.5891406643651376, "f39": -1.4714032394374295, "f4": -1.5523904196739053, "f40": -0.5095910513232367, "f41": 1.3993958935188175, "f42": 1.3916645708162934, "f43": 0.5241150608107706, "f44": -0.08874024754252752, "f45": 0.3714463781142255, "f46": -2.333796873035603, "f47": -2.5675643277472164, "f48": -1.3204547118663865, "f49": 0.23216043167995998, "f5": 1.0957760981109945, "f50": 1.7268141431086643, "f51": 0.20904384998548714, "f52": -1.7324241647301117, "f53": -0.12715901650918515, "f54": -0.6861195513178198, "f55": 2.7915093577258108, "f6": -2.5079285078476152, "f7": -1.0580724048758847, "f8": -0.20078955529697762, "f9": 1.4653405763736833}, "datetime": {"datetime": "2023-01-25 16:59:42", "elapsed": 9050.370869, "delta": 34.963983}}
{"target": 0.2674178134414957, "params": {"f0": -0.6212939478941841, "f1": -0.8195938311156081, "f10": 1.4605987575616033, "f11": -0.2332753241740273, "f12": -0.0056087087978522465, "f13": 0.9566448463904392, "f14": 0.6326538903250347, "f15": 1.152272456947814, "f16": -0.8437215008996637, "f17": 1.459234260882979, "f18": -1.3089378692819067, "f19": 1.6593738690111888, "f2": -2.3386323989253297, "f20": -2.5791313421204136, "f21": 0.6208930949371555, "f22": -0.8261921662771008, "f23": -0.11922437398879931, "f24": -0.21006889555697106, "f25": -0.7728901866673187, "f26": -0.40324349978404517, "f27": -0.9516060133180009, "f28": 0.450027682029276, "f29": -2.473029577048229, "f3": -0.21452224794018693, "f30": 1.586799333295758, "f31": -0.30038765636477627, "f32": -0.937015168877092, "f33": 1.5991073598432886, "f34": 0.5631904352881741, "f35": -0.3126108857953869, "f36": -2.5523940264599343, "f37": -2.2571591521051726, "f38": -1.6993053729762169, "f39": -1.2795533223485522, "f4": -1.5189213875814107, "f40": -1.1998436484821382, "f41": 2.3631350677741016, "f42": 1.5505409554593046, "f43": 0.957170547124339, "f44": -0.6163384635144278, "f45": -0.23818833609986403, "f46": -0.7027177317505129, "f47": -1.122332634800448, "f48": -0.5992709698821505, "f49": 0.30018200460070454, "f5": 1.2278653817395195, "f50": 1.2884646573962388, "f51": 0.5493147138362098, "f52": -1.4217218795130462, "f53": -0.5126155705802462, "f54": -0.6447759563152418, "f55": 1.2591364710466943, "f6": -0.517935812414045, "f7": -0.5668225539350564, "f8": -0.8235883553968087, "f9": 2.2498694118030556}, "datetime": {"datetime": "2023-01-25 16:59:43", "elapsed": 9051.321968, "delta": 0.951099}}
{"target": 3.577517757132403e-05, "params": {"f0": -0.8250961259364564, "f1": -1.3873295977857314, "f10": 2.731914147732994, "f11": -0.23238274454855073, "f12": -0.6918062083969538, "f13": 1.2087202303496047, "f14": 1.5521304093291224, "f15": 1.930452182537145, "f16": -0.18197351681719143, "f17": 0.36917171639622737, "f18": -0.766796062722914, "f19": 1.495517943592006, "f2": -1.2120371230832085, "f20": -2.455281603831997, "f21": 0.38730310067886375, "f22": -0.4546329954991406, "f23": 0.31546902118270026, "f24": -0.8338391347133352, "f25": -0.21090261818440326, "f26": -0.42842321889737023, "f27": -0.527741669942543, "f28": 1.088791560283951, "f29": -1.6628463647045744, "f3": -0.8436046391520593, "f30": 0.7272690420812861, "f31": -0.8230823250916285, "f32": -1.1700908023026264, "f33": 1.4710410777227776, "f34": 0.6167131905986767, "f35": -1.3168392671044207, "f36": -2.505734168866605, "f37": -2.3389312535914932, "f38": -1.2155601096844306, "f39": -1.9155634488000608, "f4": -1.2435277869848502, "f40": -1.0847658479548512, "f41": 1.113022956771353, "f42": 0.521052146586041, "f43": 0.7668699293284242, "f44": -0.09829255150764193, "f45": 0.17467453164135976, "f46": -1.335368552022389, "f47": -0.972460948131066, "f48": -1.0125129721655008, "f49": 0.3963908208713711, "f5": 1.8762118622449344, "f50": 2.043572588620575, "f51": 0.16970907405415198, "f52": -1.5688496442163764, "f53": -0.7568418440000356, "f54": -1.025568011244867, "f55": 1.2483181807474601, "f6": -1.553680912567787, "f7": -0.8765459172499114, "f8": -0.21184559595744545, "f9": 1.581101061528707}, "datetime": {"datetime": "2023-01-25 17:03:33", "elapsed": 9281.464618, "delta": 230.14265}}
{"target": 0.14143786373995026, "params": {"f0": -0.7419956903576932, "f1": -1.0559403136918084, "f10": 2.455378078201774, "f11": 0.0021393521521263503, "f12": -0.2419361171364176, "f13": 1.3174420235056854, "f14": 1.5887910771352647, "f15": 1.9123000015740022, "f16": -0.6129337131932558, "f17": 1.0475513114455215, "f18": -0.8084202107379275, "f19": 1.4954232395029787, "f2": -2.2650638489961494, "f20": -1.7853677643960124, "f21": 0.4930748548627994, "f22": -0.4339026786714939, "f23": -0.05871537104830937, "f24": -0.5227387749920426, "f25": -0.16605271209110306, "f26": -1.1585335401300085, "f27": -2.937769847126197, "f28": 1.1436451288482952, "f29": -2.3869218523207905, "f3": -0.7568968575909552, "f30": 0.7468373750134762, "f31": -0.637842610818838, "f32": -1.003335384781778, "f33": 1.4136589926583127, "f34": 1.4382473564065734, "f35": -0.5271792640936206, "f36": -1.3157665344535112, "f37": -2.135541974678041, "f38": -1.5791958217891975, "f39": -1.547648602831802, "f4": -1.0447715156403552, "f40": -1.230336127491329, "f41": 1.5546259211835414, "f42": 1.4055132623473203, "f43": 0.8715221170119154, "f44": -0.5760593873153157, "f45": -0.38486689405778257, "f46": -2.7409974995857924, "f47": -2.941306996560315, "f48": -1.4490904546937355, "f49": 0.2245044169760962, "f5": 2.291677328569172, "f50": 2.4725643725519375, "f51": 0.04160964210371884, "f52": -0.42408489677070293, "f53": -0.701520715062369, "f54": -0.8291971085805638, "f55": 2.3488582469175427, "f6": -2.96511985545211, "f7": -0.3771930931437748, "f8": -0.398828063623185, "f9": 1.1670400032218282}, "datetime": {"datetime": "2023-01-25 17:03:51", "elapsed": 9299.425018, "delta": 17.9604}}
{"target": 0.4568855699426733, "params": {"f0": -0.7292090847819426, "f1": -0.6252411986588051, "f10": 2.8402435512966786, "f11": 0.20219835712867873, "f12": -0.5241066305530586, "f13": 0.830956354275278, "f14": 1.194294936817072, "f15": 0.5255918524651393, "f16": -0.44273773051287757, "f17": 1.3115840903677496, "f18": -1.8977576632455766, "f19": 1.2237400109804528, "f2": -1.9009727032329131, "f20": -2.6600345648695543, "f21": 0.6554542459095101, "f22": -1.8706147272280989, "f23": -0.29196576350882997, "f24": -0.23678367194754713, "f25": -0.3241752164479338, "f26": -0.9520758602210242, "f27": -2.11398638853573, "f28": 1.5747872466134853, "f29": -2.3100678498525316, "f3": -0.9572841084110313, "f30": 1.1494799043814756, "f31": -0.739727344879984, "f32": -0.9789609680667999, "f33": 0.534504675877964, "f34": 1.6092777688312099, "f35": -0.7237240317187834, "f36": -1.9965356857104903, "f37": -1.9032852244264462, "f38": -1.8394668042376083, "f39": -0.575801859492961, "f4": -0.5876699049331666, "f40": -1.6122505396059836, "f41": 2.6203390250847294, "f42": 2.110751732258236, "f43": 0.5761571709640207, "f44": -0.6568949353788578, "f45": -0.197686704122423, "f46": -2.5575208727460432, "f47": -0.8447696501095456, "f48": -0.8442473526598079, "f49": 0.5396156075789471, "f5": 2.813629446137286, "f50": 2.2118188949096607, "f51": 0.7817816314806311, "f52": -0.9224063156732796, "f53": -0.09350579782258628, "f54": -0.8771953975628942, "f55": 1.7444697333312116, "f6": -1.0128704178431789, "f7": -1.260200206626931, "f8": -0.6824233309767278, "f9": 2.8215855271300607}, "datetime": {"datetime": "2023-01-25 17:04:38", "elapsed": 9346.58164, "delta": 47.156622}}
{"target": 0.4343392723482534, "params": {"f0": -1.0277590963755066, "f1": -2.062695611345383, "f10": 1.7308414417034428, "f11": -0.3214497764700847, "f12": -0.6854688243455999, "f13": 1.1526032294191415, "f14": 2.1448082942350437, "f15": 1.4792414251165487, "f16": -0.3981014598400425, "f17": 1.3525431854928318, "f18": -1.5794579666790962, "f19": 0.5909306487872591, "f2": -1.3264523875862835, "f20": -1.7569004382407376, "f21": 0.39784418331972515, "f22": -0.7228124216573122, "f23": -0.13590362943316664, "f24": -0.2987860672400141, "f25": -0.49545904339132063, "f26": -0.517948519042533, "f27": -1.1913981946850292, "f28": 0.6890600235060664, "f29": -1.7044371770935567, "f3": -1.05078588638488, "f30": 1.5611275050376847, "f31": -0.6462564347794674, "f32": -1.4442631108867314, "f33": 0.9694370761354135, "f34": 1.8271881625079394, "f35": -1.2389687495375399, "f36": -2.1858782263455563, "f37": -1.0159421426449542, "f38": -1.610107504991025, "f39": -1.9319776813163765, "f4": -1.9189028309752982, "f40": -0.8790970444545292, "f41": 1.0991869599682775, "f42": 1.1525760973951356, "f43": 0.9691527240406215, "f44": -0.8020943499822384, "f45": 0.036269485807405244, "f46": -2.2188569081636444, "f47": -2.575225648118685, "f48": -1.4575131349258261, "f49": 0.392285717005717, "f5": 1.0954961086097612, "f50": 1.303046618262919, "f51": 0.0798638649414807, "f52": -0.47097031362023434, "f53": -0.5733019885780007, "f54": -1.2966546066139886, "f55": 1.8532695983675531, "f6": -1.5930727806283527, "f7": -1.1871487224741606, "f8": -0.526566993514736, "f9": 1.605249616993203}, "datetime": {"datetime": "2023-01-25 17:05:23", "elapsed": 9392.057158, "delta": 45.475518}}
{"target": 0.13590680456741186, "params": {"f0": -1.1299951513650823, "f1": -0.5166525468427263, "f10": 0.5957054817664604, "f11": 0.10254242518923062, "f12": -0.6129050124391475, "f13": 0.9852593426251418, "f14": 1.9668485531947733, "f15": 1.0553340172480956, "f16": -0.41420084802877033, "f17": 1.3491564260203444, "f18": -0.7583999366481335, "f19": 1.6815777569181194, "f2": -1.6067629193498099, "f20": -1.4727589319920802, "f21": 1.2841813780376752, "f22": -1.4325647248867182, "f23": 0.31889029221014553, "f24": -0.8996604796319132, "f25": -0.7550722589121278, "f26": -1.2630714464583448, "f27": -2.0665770009314652, "f28": 0.6102512772166789, "f29": -2.2850064372352064, "f3": -0.6976807063909645, "f30": 0.7119361173251721, "f31": -1.0450873135395558, "f32": -0.8954734352558885, "f33": 0.7821556179244196, "f34": 1.8187120199045501, "f35": -0.7819053118209859, "f36": -2.515898118507703, "f37": -1.1740069055148232, "f38": -2.448146529803965, "f39": -0.7124526020879494, "f4": -0.5495964720174649, "f40": -0.5691418903770913, "f41": 2.299466231427868, "f42": 2.3391395257917855, "f43": 0.8046884725413954, "f44": -0.08562184472348722, "f45": 0.00454145109297921, "f46": -2.1842303403201395, "f47": -1.8867052165626805, "f48": -0.5289343968873591, "f49": 0.36786456724717154, "f5": 1.761746710889239, "f50": 0.7671042537728107, "f51": 0.2593094641237395, "f52": -0.987014493607685, "f53": -0.11627613639174661, "f54": -0.6264053788344791, "f55": 2.3223961972828104, "f6": -1.639462818165227, "f7": -1.0542633630941987, "f8": -0.36433242215045347, "f9": 2.6287415576035356}, "datetime": {"datetime": "2023-01-25 17:06:32", "elapsed": 9460.926443, "delta": 68.869285}}
