{"target": 0.5963067922597628, "params": {"f0": -0.17021215418648628, "f1": -0.7780798793885808, "f10": 2.9754390216887625, "f11": -0.4942098416703867, "f12": -0.8014806894511936, "f13": 1.0731345230559737, "f14": 1.1135194363231102, "f15": 1.298459071651868, "f16": -0.1398475804092728, "f17": 0.980652269929278, "f18": -1.3277809940183505, "f19": 1.1400880787955714, "f2": -0.49144409112194243, "f20": -2.406119413685025, "f21": 0.7022515843240709, "f22": -0.8535789076443494, "f23": -0.05646620363533589, "f24": -0.4439205899685791, "f25": -0.12750112655972, "f26": -0.9615622528081982, "f27": -0.6170095165429768, "f28": 0.5363122841571176, "f29": -0.48904784617284003, "f3": -0.39264358274210087, "f30": 1.241680531009793, "f31": -1.1241851804451606, "f32": -1.1859598753733562, "f33": 0.7730270222305903, "f34": 1.5818066625209521, "f35": -0.49517382358437134, "f36": -0.6393372651727875, "f37": -0.5149645201497925, "f38": -1.6120672017668132, "f39": -2.0154250286962627, "f4": -1.4851481524234815, "f40": -1.2351492821119185, "f41": 1.0433886410866533, "f42": 1.7057186370489552, "f43": 0.6336467031001669, "f44": -0.17479892191328705, "f45": -0.0847252183618098, "f46": -2.485662226671887, "f47": -2.7887516745225676, "f48": -0.8423605490394706, "f49": 0.7931121011980283, "f5": 2.8798142554421755, "f50": 2.264227819081137, "f51": 0.6848766830475348, "f52": -0.7891373297782576, "f53": -0.44064638167153936, "f54": -0.38167070543097137, "f55": 2.5371943544472626, "f6": -2.8439849147561627, "f7": -0.8451372514138424, "f8": -0.4313948856685409, "f9": 1.7360588602387927}, "datetime": {"datetime": "2023-01-25 17:07:22", "elapsed": 9510.374168, "delta": 49.447725}}
{"target": 0.23851436313148122, "params": {"f0": -0.5705236057600332, "f1": -0.8242882007975065, "f10": 0.573625375545421, "f11": -0.18985098985126797, "f12": -0.3928672766451817, "f13": 0.8846538121762556, "f14": 1.4739810488491736, "f15": 0.8153897429144938, "f16": -0.8417528492026987, "f17": 0.38217381105288495, "f18": -0.814951814359332, "f19": 0.9907057413874392, "f2": -1.4334572987822838, "f20": -1.478930848171461, "f21": 0.5019582397289828, "f22": -1.353982177178089, "f23": -0.09819256825814637, "f24": -0.9191303415201242, "f25": -0.8743705607123795, "f26": -0.7530003163716681, "f27": -1.6004648037540576, "f28": 1.1237888891004797, "f29": -2.9710829345641434, "f3": -0.5347169393544356, "f30": 1.0066374799999966, "f31": -0.40933215749413476, "f32": -1.1332492042220716, "f33": 0.9536207870133048, "f34": 1.7300111131679348, "f35": -0.5655845841690966, "f36": -2.3512357911741217, "f37": -2.0506762392765014, "f38": -1.9858555373146887, "f39": -1.9483317738082317, "f4": -1.7713658026040917, "f40": -1.4400302752941903, "f41": 1.1550273563505555, "f42": 0.9356916847924333, "f43": 1.1609820024351682, "f44": -0.5552298305426626, "f45": 0.07776348632083219, "f46": -2.047846061474666, "f47": -2.7798761844021787, "f48": -1.384136132865413, "f49": 0.22868262074676943, "f5": 2.498879862553526, "f50": 1.8683512765494223, "f51": 0.5808629520140723, "f52": -0.6507410174870312, "f53": -0.19836640086306534, "f54": -0.882142612113347, "f55": 2.6125667564249935, "f6": -1.2583326173429137, "f7": -1.3877184506850209, "f8": -0.7302398626635735, "f9": 2.7942745240255236}, "datetime": {"datetime": "2023-01-25 17:08:27", "elapsed": 9575.178109, "delta": 64.803941}}
{"target": 0.5212139567870501, "params": {"f0": -0.23594908357607858, "f1": -0.6913820968952273, "f10": 1.094133292693148, "f11": -0.33616775868965965, "f12": -0.5173318104272173, "f13": 0.4030076608832596, "f14": 1.533074529722306, "f15": 2.1774124536356814, "f16": -0.8201234349148858, "f17": 1.4155028512979821, "f18": -1.9404502974239781, "f19": 1.6947567036045605, "f2": -1.7084945176437183, "f20": -2.647885882196119, "f21": 0.25753498088965854, "f22": -1.6858075513894517, "f23": -0.3468747103385465, "f24": -0.9007725303435821, "f25": -0.18463423808940205, "f26": -1.3535687362229074, "f27": -2.469313196240193, "f28": 1.5087771828204914, "f29": -1.0757873287247657, "f3": -1.1727334321789995, "f30": 1.542985292868872, "f31": -1.0538159243337935, "f32": -0.8520517640907442, "f33": 1.343787511821498, "f34": 1.152681561099069, "f35": -0.5524376484139135, "f36": -1.427553176683831, "f37": -0.5107456963306216, "f38": -1.8335353764325881, "f39": -0.5180381962454195, "f4": -1.5722160314063547, "f40": -1.5649142718170888, "f41": 1.1224329600410592, "f42": 0.5660209837715118, "f43": 0.20931580393609323, "f44": -0.26956873594826647, "f45": -0.11550767779228777, "f46": -1.9174039218641084, "f47": -2.0533967706483582, "f48": -0.33820722504518574, "f49": 0.5077359417449018, "f5": 1.4128256101462853, "f50": 0.9063164851447701, "f51": 0.4289093775167564, "f52": -1.1685522285282146, "f53": -0.8462281319991285, "f54": -0.8138086218773879, "f55": 1.5849640318264262, "f6": -2.2012333426866726, "f7": -1.3387664067623921, "f8": -0.8708496741712904, "f9": 2.5561110684921076}, "datetime": {"datetime": "2023-01-25 17:09:46", "elapsed": 9654.609589, "delta": 79.43148}}
{"target": 0.05829771689148208, "params": {"f0": -0.2114139704691289, "f1": -1.796065181154368, "f10": 1.8812534557155216, "f11": -0.02997039687140335, "f12": -0.18677956183028155, "f13": 0.31296046821485435, "f14": 0.8577873533110891, "f15": 2.9344522201191503, "f16": -0.5148165593290952, "f17": 0.7773850579102387, "f18": -1.0376590774068717, "f19": 1.4641178027172606, "f2": -0.7439000116731358, "f20": -2.9381085042208004, "f21": 0.6496419012742617, "f22": -0.8556457509612567, "f23": 0.1238109042916985, "f24": -0.13571877289823597, "f25": -0.15544657945850837, "f26": -1.243420395439487, "f27": -1.1444771949697377, "f28": 0.9101065016424768, "f29": -2.1109896411326683, "f3": -0.6509496440798135, "f30": 0.6419217601010576, "f31": -1.2323650615060748, "f32": -0.8954777769910649, "f33": 1.4416515327850044, "f34": 1.4562944088554173, "f35": -0.6648456525380868, "f36": -1.5254075709670802, "f37": -1.9561327714784313, "f38": -0.661508662217555, "f39": -0.5489851292894123, "f4": -1.7786404834918055, "f40": -0.576354224007382, "f41": 2.35419411234869, "f42": 1.992366820055694, "f43": 0.5950148433552858, "f44": -0.437216001161409, "f45": -0.3233869388207185, "f46": -1.4795178205818789, "f47": -2.5729025197995874, "f48": -0.4045924945681101, "f49": 0.5513572589095928, "f5": 2.0601957192554416, "f50": 0.5116004768115446, "f51": 0.5074298978024987, "f52": -1.3122027860932963, "f53": -0.3027984451121767, "f54": -0.9166319450051593, "f55": 1.805885094894645, "f6": -0.755075607071992, "f7": -0.4229285024580218, "f8": -0.1652372868810872, "f9": 2.561264971438359}, "datetime": {"datetime": "2023-01-25 17:10:07", "elapsed": 9675.273601, "delta": 20.664012}}
{"target": 0.10801098114380177, "params": {"f0": -0.829367378379722, "f1": -1.028163677114817, "f10": 1.7726022894308955, "f11": -0.0688077171087591, "f12": -0.7699253932437056, "f13": 1.0385599699466863, "f14": 2.238949781860951, "f15": 2.047836244335306, "f16": -0.4577984498759414, "f17": 0.7415897275905663, "f18": -1.1594535891609932, "f19": 1.1267022207715962, "f2": -0.9464986208508088, "f20": -0.9832758153644727, "f21": 1.142532199210253, "f22": -1.2328430432212536, "f23": 0.2254210661627044, "f24": -0.7265470324180108, "f25": -0.9940820879636633, "f26": -0.6021655468638262, "f27": -1.9043288975470465, "f28": 1.3988137215916419, "f29": -2.814527015414666, "f3": -0.48328026002097624, "f30": 1.2603432409817752, "f31": -0.996145447820338, "f32": -1.2283035532765685, "f33": 0.9713382062288958, "f34": 1.8064098336615066, "f35": -1.2963601771294828, "f36": -0.5186582589471489, "f37": -0.8174756771754244, "f38": -1.0550482664010161, "f39": -2.3694689818850994, "f4": -0.939594078024194, "f40": -0.7517072151668288, "f41": 1.908135175220956, "f42": 0.9374364120340316, "f43": 0.9651570590600895, "f44": -0.20339105950160674, "f45": 0.21824234702371653, "f46": -2.5702572350989175, "f47": -1.292590866216379, "f48": -0.6835257614097305, "f49": 0.6312555185255899, "f5": 1.9466866695661365, "f50": 1.1317048594498083, "f51": 0.3639840288623922, "f52": -1.8913816066239566, "f53": -0.6863734347108112, "f54": -0.3417609289277238, "f55": 1.9166634689782927, "f6": -1.7676025871981713, "f7": -0.6750822896698627, "f8": -0.3405565156791831, "f9": 2.5459690702079727}, "datetime": {"datetime": "2023-01-25 17:10:29", "elapsed": 9697.838745, "delta": 22.565144}}
{"target": 0.20819308759982935, "params": {"f0": -0.7335749203766715, "f1": -0.49420491608220174, "f10": 1.7238056718653645, "f11": 0.23528624834520462, "f12": -0.4031801669363113, "f13": 0.3398500442682563, "f14": 0.7219484190648378, "f15": 1.6261078910061617, "f16": -0.6477975873438442, "f17": 1.441935830417111, "f18": -1.113008554947542, "f19": 1.3219711773918665, "f2": -2.7357284209350365, "f20": -2.917102536377346, "f21": 0.479048737441489, "f22": -1.4405762546331626, "f23": -0.3926569193884679, "f24": -0.835013067455732, "f25": -0.9738487489374856, "f26": -0.5433865600283505, "f27": -0.625939224497194, "f28": 0.6334729947704636, "f29": -2.1170920229971366, "f3": -1.090332261363024, "f30": 0.4979222507904737, "f31": -0.5673590933875973, "f32": -1.1425135339182986, "f33": 0.8214947591567223, "f34": 0.46624557902681846, "f35": -0.6667647333240577, "f36": -2.9169980470170165, "f37": -1.3802690936502944, "f38": -1.0623667930424523, "f39": -0.854179323045789, "f4": -0.8742610721062498, "f40": -0.8579252328293427, "f41": 1.1537384942847835, "f42": 0.9467532342419442, "f43": 0.4851957819350678, "f44": -0.650445561539266, "f45": 0.13318645783916622, "f46": -1.534861224180883, "f47": -2.830184327232536, "f48": -1.0507124826054082, "f49": 0.5885967625031917, "f5": 2.596162282775514, "f50": 2.9063319687468483, "f51": 0.3902239392368524, "f52": -1.4665321779146285, "f53": -0.4622480423491931, "f54": -1.1397452012204552, "f55": 2.9871499583334846, "f6": -0.5534678292169128, "f7": -1.0700504510653654, "f8": -0.4718407409302683, "f9": 1.292185626227186}, "datetime": {"datetime": "2023-01-25 17:11:06", "elapsed": 9734.901218, "delta": 37.062473}}
{"target": 0.31945883397638386, "params": {"f0": -0.47532335141073545, "f1": -0.8392112865308787, "f10": 2.26569398278617, "f11": 0.15297496039289793, "f12": -0.07506055254048283, "f13": 1.0723478925797905, "f14": 1.5922656549186887, "f15": 1.0773556354142213, "f16": -1.0247176036619627, "f17": 1.356408519078192, "f18": -2.224206940852306, "f19": 0.43445897697950564, "f2": -1.2245392139307627, "f20": -0.5150351017176735, "f21": 1.0783150897040061, "f22": -0.453867377550766, "f23": 0.169825484390275, "f24": -0.7018731543838972, "f25": -0.2566986484913396, "f26": -0.3409413621495456, "f27": -2.4044779335628674, "f28": 0.8630882247902469, "f29": -0.493224732421484, "f3": -0.24504183748081632, "f30": 1.2703966928922164, "f31": -0.6996724850667518, "f32": -1.4538299381849773, "f33": 1.3023692142381262, "f34": 1.2869100205368333, "f35": -1.2380292908453816, "f36": -0.5668434634713169, "f37": -0.6377278480832635, "f38": -1.2603275827053462, "f39": -2.1009006173070106, "f4": -0.8848462587308927, "f40": -0.8662037512072688, "f41": 2.7375150832026827, "f42": 2.1822408193830323, "f43": 0.39398659960715565, "f44": -0.6009918713184315, "f45": -0.3214211727949417, "f46": -2.1762834586934234, "f47": -2.8554759621655346, "f48": -0.36595567513443283, "f49": 0.737407116958882, "f5": 1.0378748931184643, "f50": 2.34896101699169, "f51": 0.7552475713293284, "f52": -1.54032300225858, "f53": -0.8506060584101406, "f54": -0.8648804498777052, "f55": 2.0345792997294745, "f6": -1.1575718431078823, "f7": -0.4665659402729305, "f8": -0.9356275067575512, "f9": 1.2539563165259233}, "datetime": {"datetime": "2023-01-25 17:12:06", "elapsed": 9794.16347, "delta": 59.262252}}
{"target": 0.2139697396300818, "params": {"f0": -0.8525158108664598, "f1": -1.165284792288508, "f10": 1.0063292198605476, "f11": -0.5174475065360667, "f12": -0.10819605497497164, "f13": 0.47764208508486994, "f14": 1.7227662863319666, "f15": 1.9806553733122567, "f16": -0.0832730569681015, "f17": 1.2898209434158159, "f18": -0.847731980203615, "f19": 0.5597229786227745, "f2": -2.5445146779256187, "f20": -1.6492842317820409, "f21": 1.1605394605212833, "f22": -0.5618750784516204, "f23": -0.08594392873541673, "f24": -0.6410208775811936, "f25": -0.8521932080683018, "f26": -0.9846509886576249, "f27": -1.2725835803287948, "f28": 0.7994204625432917, "f29": -0.9347244699779607, "f3": -0.7135068308747031, "f30": 0.843921751383743, "f31": -0.32686298792504276, "f32": -0.9500512255035746, "f33": 1.0892404928294734, "f34": 1.124016636363051, "f35": -0.5320386938546925, "f36": -0.9785816255300621, "f37": -2.3449144555547923, "f38": -1.3706882163670753, "f39": -0.5521585507843456, "f4": -1.3531856418858623, "f40": -0.43361842579854826, "f41": 1.6025975697825035, "f42": 0.6585650138516459, "f43": 1.112087382783677, "f44": -0.8798253231265304, "f45": 0.1380998014055536, "f46": -1.347713381341867, "f47": -1.606771262796884, "f48": -1.4835320866734978, "f49": 0.46892630536931434, "f5": 1.5925501238271003, "f50": 1.2648140795346732, "f51": 0.5017286091574674, "f52": -1.1899849792733068, "f53": -0.425582637661176, "f54": -0.33898711153110606, "f55": 2.4666718629365523, "f6": -1.9278956403748808, "f7": -0.790082518938741, "f8": -0.469008114073746, "f9": 1.7524673137012727}, "datetime": {"datetime": "2023-01-25 17:12:56", "elapsed": 9844.919223, "delta": 50.755753}}
{"target": 0.3600989210792995, "params": {"f0": -0.8523112396393304, "f1": -1.3042222460515074, "f10": 0.5550477946556335, "f11": 0.14622910778954823, "f12": -0.3489606906203695, "f13": 0.9172496888841633, "f14": 1.351934888256926, "f15": 1.3519380192291957, "f16": -0.556609515479173, "f17": 1.0538413040093586, "f18": -0.8646797322352726, "f19": 0.9908572818556818, "f2": -0.517852390820464, "f20": -1.133982631724315, "f21": 0.2087725644438506, "f22": -0.571407978478617, "f23": 0.13363654546084724, "f24": -0.7414193184421664, "f25": -0.32714984319424767, "f26": -0.4287192150237116, "f27": -0.8483054609630085, "f28": 1.0985462494805995, "f29": -1.8499069750729829, "f3": -0.7005514151181057, "f30": 0.8961672852901039, "f31": -0.9292576397656945, "f32": -0.857334684939204, "f33": 1.0520551117828627, "f34": 1.0156190095129334, "f35": -0.9843130075233139, "f36": -1.137731022897896, "f37": -1.423321147619067, "f38": -0.5815346134086599, "f39": -1.784663973550058, "f4": -1.5131705723976063, "f40": -1.6112758689176738, "f41": 2.9064663176410925, "f42": 0.6781994007333663, "f43": 0.8678086361435413, "f44": -0.4211498390637006, "f45": -0.2119707242262809, "f46": -1.366406009259345, "f47": -2.7706751363412923, "f48": -0.4897854616450046, "f49": 0.08802059901672013, "f5": 2.6871348234485137, "f50": 2.311678257256015, "f51": 0.09507000866754545, "f52": -0.5534496301808438, "f53": -0.8618886553631032, "f54": -0.9554945162168595, "f55": 0.8838301806853186, "f6": -1.5374777442721415, "f7": -1.1986428450108266, "f8": -0.5069266272421069, "f9": 2.5369114193272453}, "datetime": {"datetime": "2023-01-25 17:13:35", "elapsed": 9883.514395, "delta": 38.595172}}
{"target": 0.7918605679768631, "params": {"f0": -0.3077302663779029, "f1": -1.6723007016438038, "f10": 1.3461060546642427, "f11": -0.44055029817568625, "f12": -0.15426254221840507, "f13": 0.446213886897018, "f14": 2.120856199881449, "f15": 0.5315533564087096, "f16": -0.8604927117782009, "f17": 1.0184714527975345, "f18": -1.7872658297443436, "f19": 1.2078988147209708, "f2": -0.6942948235075503, "f20": -1.8442196012870684, "f21": 1.246665346898764, "f22": -0.6005666164841943, "f23": -0.36715990348126865, "f24": -0.7881593423328368, "f25": -0.39884396238614317, "f26": -0.7978121820806359, "f27": -2.7093987890608067, "f28": 1.2422320693907807, "f29": -1.0711376287584382, "f3": -1.082554843926739, "f30": 0.44593429675616947, "f31": -1.2666784399723356, "f32": -0.3080540274565904, "f33": 0.7068991828187414, "f34": 1.4075449857738251, "f35": -1.3170600034679394, "f36": -1.1347056718487607, "f37": -1.4000570302302942, "f38": -1.2424935522227836, "f39": -1.322509595473989, "f4": -1.940355044938851, "f40": -0.34624710019748917, "f41": 1.798169729078645, "f42": 2.246207004852214, "f43": 1.0578405027749669, "f44": -0.5706712172603693, "f45": 0.19962240630922118, "f46": -1.8884514210295533, "f47": -1.2936062817608207, "f48": -0.47130871462554724, "f49": 0.19853050432939173, "f5": 0.6510528938170432, "f50": 2.064345871920716, "f51": 0.7687086396742133, "f52": -0.585031931585922, "f53": -0.1380767522696168, "f54": -1.1009242451688104, "f55": 2.460039255223212, "f6": -1.7501640554901452, "f7": -1.1695325232356537, "f8": -0.29230268242421875, "f9": 2.821748466691972}, "datetime": {"datetime": "2023-01-25 17:14:47", "elapsed": 9955.701394, "delta": 72.186999}}
{"target": 0.03605505643092375, "params": {"f0": -1.1100348183409425, "f1": -0.9184709248007108, "f10": 1.98601297708015, "f11": -0.39769282964918584, "f12": 0.07655347332689089, "f13": 1.172250349821586, "f14": 1.8438841093363467, "f15": 1.8490758550888589, "f16": -0.12195960642973669, "f17": 1.2438258160850513, "f18": -0.5950373097554664, "f19": 1.6960370386490784, "f2": -1.1515694995455354, "f20": -2.1422698817835144, "f21": 0.44983622299651715, "f22": -0.40542105933031203, "f23": -0.4290345375693726, "f24": -0.5817428548510959, "f25": -0.5120050215365212, "f26": -0.9596641099981116, "f27": -1.1207304426910503, "f28": 0.6212888983117408, "f29": -2.50474968519424, "f3": -0.6292109093400418, "f30": 0.6113160122315362, "f31": -0.24110707023930256, "f32": -0.9838252289937799, "f33": 0.5476723657202074, "f34": 1.1164216390695043, "f35": -0.48139769741007854, "f36": -2.6926870884724625, "f37": -2.030864707582996, "f38": -1.414875835732171, "f39": -2.305399520964417, "f4": -0.5516660423462696, "f40": -1.0337231393764705, "f41": 1.564010085864128, "f42": 2.0624156008774377, "f43": 0.5672713321193936, "f44": -0.7365694130857309, "f45": -0.3378530845466817, "f46": -1.3512448483632031, "f47": -2.101414975498038, "f48": -0.7399577955185472, "f49": 0.12124150664413773, "f5": 1.5261121890779665, "f50": 0.6962362012002659, "f51": 0.8126514252213043, "f52": -1.110718659407795, "f53": -0.4231355602321746, "f54": -1.0151564238710493, "f55": 1.42379765445656, "f6": -1.101969756448265, "f7": -1.0552130739438812, "f8": -0.682183860077768, "f9": 0.995997268343566}, "datetime": {"datetime": "2023-01-25 17:15:58", "elapsed": 10026.272191, "delta": 70.570797}}
{"target": 0.5195551059994542, "params": {"f0": -0.7216401361267786, "f1": -0.8776537421062676, "f10": 0.6225967712715217, "f11": -0.022714123527495356, "f12": -0.4328883856427692, "f13": 0.4247486959268991, "f14": 0.7010057343139574, "f15": 2.0002027918403984, "f16": -0.4392284785665672, "f17": 1.3333823869025025, "f18": -1.65712215500557, "f19": 0.43492717386482854, "f2": -1.005165128121204, "f20": -1.2712459996458703, "f21": 0.45643405764736433, "f22": -1.6046347585567073, "f23": 0.3485968074027359, "f24": -0.9130497176989272, "f25": -0.43099390185883313, "f26": -0.337941609397836, "f27": -1.527114343329709, "f28": 0.7708627426302308, "f29": -2.4404396095592498, "f3": -1.0253287504149435, "f30": 0.4225240009400575, "f31": -0.4734663432190561, "f32": -0.309873091480223, "f33": 1.3188353823928405, "f34": 1.1936261692983927, "f35": -0.8475193702403774, "f36": -1.1845453316838446, "f37": -1.1350222656730098, "f38": -2.0810740971836754, "f39": -1.221795163630619, "f4": -1.5582482581338382, "f40": -0.8205962351098913, "f41": 1.7383868111043408, "f42": 1.8657519787773935, "f43": 1.10000060548057, "f44": -0.7970238669227387, "f45": 0.09096879682168285, "f46": -2.38746026011433, "f47": -1.6636456226578593, "f48": -0.9719927047141433, "f49": 0.8298044825496452, "f5": 2.6992024402263906, "f50": 2.7076736916674835, "f51": 0.605206274742468, "f52": -1.4548347764409242, "f53": -0.46711846866751705, "f54": -0.43885735820338356, "f55": 1.6667327510663275, "f6": -2.2312843947883967, "f7": -1.2881438686119653, "f8": -1.0869622226686486, "f9": 1.5553444313128977}, "datetime": {"datetime": "2023-01-25 17:16:43", "elapsed": 10071.482729, "delta": 45.210538}}
{"target": 0.05829771689148208, "params": {"f0": -0.17981094653335972, "f1": -0.8920430237775396, "f10": 2.6472307852587815, "f11": 0.18092422403301034, "f12": -0.12956026601748238, "f13": 0.7004175438257334, "f14": 1.3653702160449295, "f15": 1.8870748452641737, "f16": -0.7032200854143358, "f17": 0.6800752785346433, "f18": -1.752267613158279, "f19": 1.290821220652811, "f2": -1.3893434078077926, "f20": -1.685204756107882, "f21": 0.46141611167598684, "f22": -0.9137058761503171, "f23": -0.33066664261538925, "f24": -0.5682853971864299, "f25": -0.3686903128897323, "f26": -1.0396728513903841, "f27": -1.983235786676684, "f28": 1.1949669141370647, "f29": -2.8501190859356123, "f3": -0.6103147775254594, "f30": 1.0349504999969381, "f31": -1.2421434454686044, "f32": -0.9790306885929474, "f33": 0.7358657067781145, "f34": 1.3616672009861195, "f35": -0.9982759252451645, "f36": -2.336164643287742, "f37": -1.0761846248243738, "f38": -1.8441927531908593, "f39": -0.7708811232339072, "f4": -1.9238637893062798, "f40": -1.4080491524845855, "f41": 1.7810035491886869, "f42": 1.5729857128750577, "f43": 0.2413346049685385, "f44": -0.6281584243026631, "f45": 0.2811291947942472, "f46": -2.5787043379514807, "f47": -1.9843191599242451, "f48": -0.32947255144089493, "f49": 0.9876475526338446, "f5": 0.9659196313385424, "f50": 2.3867932511991072, "f51": 0.34829506235028046, "f52": -1.7801951354694154, "f53": -0.053642773187792314, "f54": -1.0887446795854534, "f55": 2.5533140175159814, "f6": -2.4599895765535162, "f7": -0.41664205557837986, "f8": -0.3914505787260628, "f9": 2.314814217592675}, "datetime": {"datetime": "2023-01-25 17:16:44", "elapsed": 10072.565266, "delta": 1.082537}}
