{"target": 0.30140031507139436, "params": {"f0": -0.7741579081030121, "f1": -0.8789716606191897, "f10": 1.0849203641185565, "f11": 0.10828201872707377, "f12": -0.7821233157638104, "f13": 0.9482693035984454, "f14": 0.7021156013886849, "f15": 1.4898243624927654, "f16": -0.1096100087995523, "f17": 0.5139264722273881, "f18": -0.6185790273766849, "f19": 1.320955117352196, "f2": -0.8190961898671882, "f20": -2.6222939844308395, "f21": 0.4659576847136104, "f22": -1.7165399840888012, "f23": -0.09573271566768726, "f24": -0.28011138365970545, "f25": -0.46425667027477635, "f26": -1.2021772029317257, "f27": -2.303255810550219, "f28": 1.3354943457108583, "f29": -2.300030918420642, "f3": -0.7134477086613585, "f30": 0.6743323235566544, "f31": -0.467683710999919, "f32": -1.0806867596509446, "f33": 0.5098113043844095, "f34": 1.2531481054208768, "f35": -0.7433097131906345, "f36": -1.1742337173393436, "f37": -1.234206933184521, "f38": -1.1341872738515262, "f39": -1.8966972615351176, "f4": -1.5744754157131953, "f40": -0.6000683398716278, "f41": 0.5757095475877284, "f42": 2.1829500772759824, "f43": 0.5419066072704478, "f44": -0.3622073734508855, "f45": -0.3965274581341586, "f46": -1.087847567206514, "f47": -2.2813227468334243, "f48": -1.0729669102464898, "f49": 0.7848480751718153, "f5": 0.5325914786375425, "f50": 2.0815987324212992, "f51": 0.7890428015334565, "f52": -1.0512371422269973, "f53": -0.27768304949182476, "f54": -0.4136486032899547, "f55": 2.2546137172430427, "f6": -1.2894276982559856, "f7": -1.4553709529612238, "f8": -0.7946579276308301, "f9": 1.0279640409881257}, "datetime": {"datetime": "2023-01-25 16:25:02", "elapsed": 6970.834241, "delta": 27.703074}}
{"target": 0.08456881272461242, "params": {"f0": -0.37026133690021523, "f1": -1.1238249731562708, "f10": 2.8625609725473384, "f11": -0.006746578596884434, "f12": -0.31379420157792504, "f13": 1.20021076400172, "f14": 1.5650907914665135, "f15": 2.0272049272635493, "f16": -0.13042318979688483, "f17": 0.7352027414726634, "f18": -0.5368162875398363, "f19": 0.5942005593698421, "f2": -1.6124009170261422, "f20": -2.5609449794067265, "f21": 1.1326880476141317, "f22": -1.791713299794352, "f23": -0.4053759363080222, "f24": -0.8114900547886301, "f25": -0.32164161367525823, "f26": -0.6298402433641741, "f27": -2.0184382268830707, "f28": 0.8794776731287968, "f29": -1.790518771776513, "f3": -0.6289524207655491, "f30": 1.4083727852982595, "f31": -1.3015934962482971, "f32": -0.8451358206763004, "f33": 1.478667208254246, "f34": 1.4973197163290473, "f35": -1.1053982206431234, "f36": -2.056384117108274, "f37": -2.2915520682026145, "f38": -0.7312221561760712, "f39": -1.773746678587493, "f4": -2.119957376825383, "f40": -0.7496558866595386, "f41": 0.6485403347527319, "f42": 2.2877840174597406, "f43": 0.6596018065010318, "f44": -0.19811199774390287, "f45": 0.12425279156440489, "f46": -2.821236735053978, "f47": -2.889405309269522, "f48": -1.5004762354294041, "f49": 0.2143481701399435, "f5": 0.7133440660353805, "f50": 2.19336373695279, "f51": 0.6322252294848755, "f52": -0.7253780623742696, "f53": -0.6318177238664386, "f54": -0.8404571077233169, "f55": 1.6431062043136497, "f6": -1.7584917715542816, "f7": -0.6286175830322963, "f8": -0.5057335728152985, "f9": 0.5929123430613451}, "datetime": {"datetime": "2023-01-25 16:25:20", "elapsed": 6988.364278, "delta": 17.530037}}
{"target": 0.7612991565449587, "params": {"f0": -0.8936709989399788, "f1": -1.6046038371244542, "f10": 2.4894610543383116, "f11": -0.40675036328619363, "f12": -0.10134547292554608, "f13": 0.6314715230136071, "f14": 1.0548816851684895, "f15": 2.666077037219041, "f16": -0.1027718891738103, "f17": 1.3666446574219313, "f18": -0.9549846004047782, "f19": 1.5666573913739665, "f2": -1.1993293280851502, "f20": -2.648182554306447, "f21": 0.30887650272467815, "f22": -0.5671635181236943, "f23": -0.3862458578775073, "f24": -0.7951398180143602, "f25": -0.17346870373743195, "f26": -0.8306788526986134, "f27": -1.1383451537188556, "f28": 0.8469137482640284, "f29": -1.5236174849277246, "f3": -0.6582376725380679, "f30": 0.5846662777407262, "f31": -0.8056311117902133, "f32": -1.2513880761134166, "f33": 0.45311881644119784, "f34": 1.251943210900051, "f35": -0.7501286862961555, "f36": -1.6778674959038888, "f37": -1.071361724647002, "f38": -0.5309005779216931, "f39": -1.2230291102119792, "f4": -1.1013481362238569, "f40": -1.2689930645000111, "f41": 2.11372659538435, "f42": 1.966242740957353, "f43": 0.5593894201802456, "f44": -0.5181156932791784, "f45": -0.33468271233103186, "f46": -0.889752566599693, "f47": -1.5212882856782355, "f48": -1.4706123063831618, "f49": 0.9652098972453061, "f5": 2.5286439109414722, "f50": 2.8463185285196535, "f51": -0.006829298476055415, "f52": -1.778806577172617, "f53": -0.7861798858105753, "f54": -1.1302441984141558, "f55": 1.0960547183188796, "f6": -1.5142368799505854, "f7": -0.4969223746421666, "f8": -0.9509369882986167, "f9": 2.754173641557425}, "datetime": {"datetime": "2023-01-25 16:26:11", "elapsed": 7039.845274, "delta": 51.480996}}
{"target": 0.3365123502429184, "params": {"f0": -0.6754332393171013, "f1": -1.1883963369730774, "f10": 2.3555342809145117, "f11": -0.5444735844485354, "f12": 0.03282658675089822, "f13": 1.1126100158226495, "f14": 1.1016463222984338, "f15": 1.7177386311082095, "f16": -0.7560003008433616, "f17": 0.6102766148735363, "f18": -2.038776094522232, "f19": 1.2617884199359835, "f2": -1.8664540646433214, "f20": -1.578009020955211, "f21": 0.8197149518477672, "f22": -0.8589514678650678, "f23": -0.048504357452108404, "f24": -0.8902867327043172, "f25": -0.6875713355644757, "f26": -0.2852918494463432, "f27": -0.4962577872184797, "f28": 1.621745002313879, "f29": -0.8768845850530997, "f3": -0.8510917597425045, "f30": 0.7586331615388056, "f31": -1.2414515361927796, "f32": -0.7509554600880866, "f33": 1.2272932740475493, "f34": 0.8443066750005621, "f35": -0.5433910029801192, "f36": -2.63403196609051, "f37": -1.4868738918497195, "f38": -2.4469509866608146, "f39": -1.2496656194274058, "f4": -1.4347004957692167, "f40": -1.2408819837783267, "f41": 1.572008317319857, "f42": 2.295108948250006, "f43": 0.8338632204820948, "f44": -0.16990039261931755, "f45": 0.10044172148251279, "f46": -1.6417919130205458, "f47": -2.969603736891742, "f48": -0.3670254752538089, "f49": 0.7410516794348887, "f5": 1.9227205487682513, "f50": 1.198476756727177, "f51": 0.35105391965351423, "f52": -1.2025886417131195, "f53": -0.3636661175339153, "f54": -0.7742242749978133, "f55": 1.1717629856567258, "f6": -2.7817409771478068, "f7": -1.2354399921798511, "f8": -0.9093166235451781, "f9": 2.797799731771448}, "datetime": {"datetime": "2023-01-25 16:26:12", "elapsed": 7040.813055, "delta": 0.967781}}
{"target": 0.08448487989830729, "params": {"f0": -0.5011745107203184, "f1": -0.5965306701917441, "f10": 0.6237568455548497, "f11": 0.022081190075278978, "f12": -0.7363890412878032, "f13": 0.28619691646786166, "f14": 1.5596121747395386, "f15": 2.173472093045478, "f16": -0.1530472353003216, "f17": 0.6814327168783145, "f18": -1.3448329077973837, "f19": 0.6617160000546616, "f2": -1.3350071330767348, "f20": -0.6574141408108587, "f21": 0.8589445069679007, "f22": -1.0104920692136918, "f23": -0.1483499693554629, "f24": -0.9327708679622881, "f25": -0.5167883263550048, "f26": -0.5320636927868377, "f27": -0.7332553172235041, "f28": 0.6406286178577363, "f29": -2.341580800025834, "f3": -1.1669551850113666, "f30": 1.1574556598262618, "f31": -1.249785558133055, "f32": -0.3339472258767655, "f33": 1.3999917170573046, "f34": 0.7914118546509092, "f35": -0.5770627209073899, "f36": -1.5434584070476718, "f37": -1.5997477417253765, "f38": -1.5487455677797144, "f39": -2.1648840383006447, "f4": -1.8405612536047598, "f40": -1.3371455390293112, "f41": 2.4527272016708657, "f42": 0.5092255421169983, "f43": 0.41498464369555416, "f44": -0.10468809078834418, "f45": 0.36707390984346094, "f46": -1.6987752111439274, "f47": -0.7967189751180643, "f48": -1.0554793888028495, "f49": 0.11733965334592915, "f5": 1.7596936080386245, "f50": 2.2084151840844104, "f51": 0.3946833834099551, "f52": -0.9675967106237477, "f53": -0.47045608650832976, "f54": -1.1852603765082417, "f55": 2.3812586738081705, "f6": -1.5200837959027356, "f7": -1.4156390995827721, "f8": -0.8354202779283276, "f9": 1.8428807120220487}, "datetime": {"datetime": "2023-01-25 16:26:36", "elapsed": 7064.890264, "delta": 24.077209}}
{"target": 0.1640882487415597, "params": {"f0": -0.9464946165117664, "f1": -1.48264833426142, "f10": 0.8269984739604019, "f11": -0.19195041795924572, "f12": -0.43187884799321136, "f13": 1.1964643597527722, "f14": 0.6492377697492563, "f15": 2.695862163363493, "f16": -0.8057368997324836, "f17": 1.2930526236409228, "f18": -2.0249011279195077, "f19": 1.357285810450599, "f2": -0.8851347546326349, "f20": -2.1526285501048155, "f21": 1.243816753221643, "f22": -1.404827461910013, "f23": 0.19799482672291246, "f24": -0.19572858393529824, "f25": -0.5521392819164758, "f26": -0.4458291260598174, "f27": -2.039821314424618, "f28": 0.9799013017846525, "f29": -0.856890775200108, "f3": -0.8003080398681595, "f30": 1.0607997872909563, "f31": -0.7814042318930534, "f32": -0.31145909558402596, "f33": 0.4149900232190617, "f34": 0.5104316248314871, "f35": -0.4011943107653769, "f36": -1.8563994898975267, "f37": -1.8062597982482425, "f38": -0.670113585291181, "f39": -1.9943293100035167, "f4": -0.5815135435033698, "f40": -0.7424033898424198, "f41": 0.9232863036380652, "f42": 0.8929741848408733, "f43": 0.4453989957735009, "f44": -0.254390071288754, "f45": -0.2913372970956397, "f46": -1.6324067451080526, "f47": -0.5165823778839309, "f48": -0.5311914694409433, "f49": 0.27021875995723943, "f5": 2.1175656046521194, "f50": 2.9460940901277395, "f51": 0.6231365186665075, "f52": -1.1695221899642319, "f53": -0.774430112808214, "f54": -0.9677693633595641, "f55": 2.753278897009216, "f6": -0.9836597182421487, "f7": -0.9960275156358371, "f8": -0.8202672851406815, "f9": 0.7573345584998119}, "datetime": {"datetime": "2023-01-25 16:27:25", "elapsed": 7113.69917, "delta": 48.808906}}
{"target": 0.45016407334169684, "params": {"f0": -1.1284854857004547, "f1": -1.576613258096412, "f10": 1.03545308591579, "f11": 0.13335073771803563, "f12": -0.15993047257695026, "f13": 0.6302290659206718, "f14": 0.694485939648758, "f15": 2.325830508805661, "f16": -0.998777000938376, "f17": 1.3653988818829734, "f18": -2.13221675948054, "f19": 1.0041769241221976, "f2": -0.8839905841947877, "f20": -1.4621680469997327, "f21": 0.9522387105545091, "f22": -0.6072005333080885, "f23": 0.23870855745588015, "f24": -0.18618283613573883, "f25": -0.33076588454804456, "f26": -0.5224490794554277, "f27": -0.5306836197471863, "f28": 0.6642373557167485, "f29": -2.475719645703731, "f3": -1.0735634704752508, "f30": 0.9594189843167911, "f31": -0.5703318099070805, "f32": -0.5681201464288, "f33": 0.5210494550136476, "f34": 1.6412118836486638, "f35": -0.26955001154988656, "f36": -0.9471658420635096, "f37": -1.7822662700638983, "f38": -1.032035552603618, "f39": -2.346991052438782, "f4": -0.47931578113582485, "f40": -1.4628106221737014, "f41": 0.9108897701890188, "f42": 0.7113718890141212, "f43": 1.1236619723857437, "f44": -0.08660333590103264, "f45": 0.18784710945095523, "f46": -0.8365300549313086, "f47": -2.914330607983271, "f48": -0.4416628135014917, "f49": 0.8444907543634623, "f5": 2.9319415191480727, "f50": 2.5923131722571444, "f51": 0.06125501562977964, "f52": -1.6203224093854973, "f53": -0.5552906102819141, "f54": -0.9639461657278274, "f55": 2.91622636733106, "f6": -2.5320014563437057, "f7": -1.0000613047370417, "f8": -1.106985869110709, "f9": 2.3907422236517286}, "datetime": {"datetime": "2023-01-25 16:28:30", "elapsed": 7178.776523, "delta": 65.077353}}
{"target": 0.1142105649627994, "params": {"f0": -0.6209235419427331, "f1": -1.1733762278832407, "f10": 2.4175226557300746, "f11": 0.23415947102952583, "f12": -0.6889109551197508, "f13": 0.3485267216440781, "f14": 2.0914913519673584, "f15": 2.191166278558238, "f16": -0.2698845549698955, "f17": 1.2657509225525896, "f18": -1.6953431010392057, "f19": 1.0336968033530851, "f2": -1.8084983802446457, "f20": -2.507441745846361, "f21": 0.3514229653425459, "f22": -1.132017895313442, "f23": -0.39002890570887716, "f24": -0.6058573319407501, "f25": -0.09464939620235979, "f26": -1.1006419003086587, "f27": -2.5346839721759507, "f28": 1.6696349793654701, "f29": -2.2039995763615616, "f3": -0.9825368719447277, "f30": 1.3614878352570288, "f31": -0.30037889562238873, "f32": -0.9556017983880437, "f33": 1.0355267994537538, "f34": 0.8977988245920725, "f35": -0.9662823998221441, "f36": -1.7086074765118775, "f37": -1.1331631369065949, "f38": -1.7069926540065148, "f39": -1.018125053241689, "f4": -1.740090477207984, "f40": -0.9682704941415462, "f41": 1.1595241527678453, "f42": 0.5786390565615023, "f43": 0.2577913993868899, "f44": -0.43122185599921825, "f45": 0.033113005958102515, "f46": -1.5758421021013251, "f47": -1.2208454207893655, "f48": -0.5639466922508117, "f49": 0.10518774508876541, "f5": 2.6542163412329502, "f50": 1.5878619368161007, "f51": 0.7299859738551722, "f52": -1.6958114618426796, "f53": -0.09721276759540687, "f54": -0.3812709698436574, "f55": 2.6046299123638006, "f6": -1.4711180358825615, "f7": -0.9708734459219344, "f8": -0.7803165044795859, "f9": 1.1495578828483701}, "datetime": {"datetime": "2023-01-25 16:29:10", "elapsed": 7218.749438, "delta": 39.972915}}
{"target": 0.09195342596038363, "params": {"f0": -0.3934316872509961, "f1": -0.5883144277370493, "f10": 1.144129602711505, "f11": -0.11901803396903882, "f12": -0.5153333686324462, "f13": 0.9003442971079721, "f14": 1.1666869890303366, "f15": 1.2935522419558934, "f16": -0.23103013124514415, "f17": 0.6716212636472081, "f18": -0.8187873716297573, "f19": 0.5949054895059787, "f2": -1.5106139705639259, "f20": -1.5121512925180225, "f21": 0.9943788466222506, "f22": -0.7587393808953535, "f23": -0.15097324499345144, "f24": -0.7660384324052631, "f25": -1.0233437229741689, "f26": -0.3608645183161525, "f27": -1.8282689106810868, "f28": 1.4319301896622643, "f29": -2.7441241927629245, "f3": -0.9402753008815572, "f30": 0.7391264355618654, "f31": -0.9319742850549892, "f32": -1.1024264944487845, "f33": 1.454458616483787, "f34": 0.8329313200812574, "f35": -1.314323712272517, "f36": -0.8217946831767122, "f37": -0.4836886823465112, "f38": -1.0935059741990256, "f39": -0.892621134195088, "f4": -0.5782870308295776, "f40": -0.8459464799020547, "f41": 2.3032925992437647, "f42": 1.168655511229384, "f43": 0.8779494845422544, "f44": -0.05655234926650987, "f45": 0.11894050782613058, "f46": -1.000143372714197, "f47": -1.0919403078587984, "f48": -1.3971190470881416, "f49": 0.8265975615279859, "f5": 2.7595960504286112, "f50": 2.7145101010108768, "f51": 0.04472727542638519, "f52": -0.7041477199343726, "f53": -0.6636159497957053, "f54": -0.5244647440359143, "f55": 2.1992152443147357, "f6": -2.8849390228010803, "f7": -1.4376509560786686, "f8": -0.3203421696701465, "f9": 1.2781327311072248}, "datetime": {"datetime": "2023-01-25 16:30:03", "elapsed": 7271.104469, "delta": 52.355031}}
{"target": 0.41287501338438065, "params": {"f0": -0.3208908678940985, "f1": -0.5189009759835721, "f10": 1.3573087905282992, "f11": -0.39303358325986737, "f12": -0.15461941491450037, "f13": 0.8734967955870298, "f14": 1.2950565906650575, "f15": 1.3394792792022079, "f16": -0.5628666179974168, "f17": 1.118109490714551, "f18": -0.7722175742386717, "f19": 1.6239552923616911, "f2": -1.512473451796626, "f20": -2.0547583048580504, "f21": 0.8490362356194153, "f22": -1.6536873399649696, "f23": -0.1324526038680448, "f24": -0.9704684212775896, "f25": -0.9183251046371206, "f26": -1.0890667965694552, "f27": -2.2706481578392417, "f28": 1.3283141265954663, "f29": -1.2665070737434858, "f3": -1.0285159180383707, "f30": 0.9191873708684843, "f31": -0.9523436273111905, "f32": -1.129342153666856, "f33": 0.7020988808089859, "f34": 1.6065980324441702, "f35": -1.151038333872093, "f36": -0.5304274567527569, "f37": -1.1697527621850217, "f38": -0.9153701338109685, "f39": -1.0267934348170018, "f4": -1.7159035722338576, "f40": -0.510976166558597, "f41": 2.015142742042405, "f42": 1.1824224041304925, "f43": 0.9039965830860353, "f44": -0.5341688046625174, "f45": -0.3221583648078382, "f46": -1.3245077811311494, "f47": -1.032872190997223, "f48": -0.5059291844008736, "f49": 0.9225182459767438, "f5": 1.1160784460631423, "f50": 2.3536764798626537, "f51": 0.26510922518793817, "f52": -1.7265712713573191, "f53": -0.4827186873153131, "f54": -0.42973136123897226, "f55": 0.8917043968946203, "f6": -1.2032002470214873, "f7": -1.1222790374053435, "f8": -0.9085188036409918, "f9": 2.693421654319746}, "datetime": {"datetime": "2023-01-25 16:31:05", "elapsed": 7333.403927, "delta": 62.299458}}
{"target": 0.3155867990895221, "params": {"f0": -0.7188584235170334, "f1": -1.9482364874936402, "f10": 2.6456759365498925, "f11": -0.553630360263678, "f12": -0.4439499288082826, "f13": 0.8013412091175773, "f14": 1.1441552390070193, "f15": 0.5537114377212354, "f16": -1.0497962424886984, "f17": 0.4541264744429177, "f18": -1.9584176692343407, "f19": 0.5544179498431765, "f2": -1.0806243381132532, "f20": -1.1379344828623315, "f21": 0.7423059449441691, "f22": -1.634326307627409, "f23": 0.30290784697519957, "f24": -0.25630253794084723, "f25": -0.20749576253515145, "f26": -1.1359601009832598, "f27": -1.2300557434711932, "f28": 0.8256316428439632, "f29": -2.4623547310712, "f3": -0.6822568230282883, "f30": 1.3983134036872866, "f31": -0.5538860431941024, "f32": -0.7029758824020932, "f33": 1.4943421637943004, "f34": 0.6068494584832609, "f35": -0.7247897497226854, "f36": -1.6632714322253794, "f37": -2.2244253818539805, "f38": -1.248311375990523, "f39": -1.5309510055521969, "f4": -1.647207802500721, "f40": -0.45738584471601196, "f41": 0.716818591412939, "f42": 0.7104217752538445, "f43": 0.7735563869348452, "f44": -0.21612197259811539, "f45": -0.11114481980299634, "f46": -1.9683201814412559, "f47": -0.5520790968907527, "f48": -1.5003359978620032, "f49": 0.6616504481773227, "f5": 1.6262453577301437, "f50": 2.220351091095081, "f51": 0.512737701812678, "f52": -1.2926178427364927, "f53": -0.15767346533374016, "f54": -0.31613328303752697, "f55": 0.5685715876475526, "f6": -2.743520993256543, "f7": -1.2127952406906333, "f8": -0.14352841105958336, "f9": 0.8665509383978746}, "datetime": {"datetime": "2023-01-25 16:32:05", "elapsed": 7393.971082, "delta": 60.567155}}
{"target": 0.30140031507139436, "params": {"f0": -0.9770913905077276, "f1": -1.253825264240994, "f10": 1.4791712376489468, "f11": -0.19635751188776113, "f12": -0.01877746287535431, "f13": 0.7553830295809577, "f14": 1.436598941057634, "f15": 1.4232654878026119, "f16": -0.8329429965926805, "f17": 0.9510637346414051, "f18": -1.1101461816823592, "f19": 1.5482634377542956, "f2": -1.2812902529279846, "f20": -2.8299139319127797, "f21": 0.28973613440400686, "f22": -0.929766839727213, "f23": 0.2319591041438429, "f24": -0.3886787972897424, "f25": -0.8071208877732421, "f26": -0.8181056216053296, "f27": -1.3026029097862135, "f28": 1.311256674438701, "f29": -2.031798439043304, "f3": -0.8340047724157711, "f30": 1.4273874401319562, "f31": -0.6811462122484755, "f32": -0.688160416505252, "f33": 1.2228585308673021, "f34": 1.3805097085823872, "f35": -0.7500245944935376, "f36": -0.6386183296645465, "f37": -1.5961530778288264, "f38": -2.2084674604836687, "f39": -1.7397162885630806, "f4": -1.8173964943677197, "f40": -1.2869757786455989, "f41": 2.92350482560156, "f42": 1.2384363493703319, "f43": 0.726243682662038, "f44": -0.5756646467429865, "f45": 0.24840851506525902, "f46": -0.9327558767535966, "f47": -2.4352300301529572, "f48": -1.2190184124641101, "f49": 0.3862277795693213, "f5": 1.4605524268214545, "f50": 1.8976301176206516, "f51": 0.5630521370858104, "f52": -1.273376045712872, "f53": -0.5212706260910529, "f54": -0.9396735514835655, "f55": 2.6551105745999126, "f6": -1.0627893953749095, "f7": -0.3441982479276262, "f8": -0.2841853892512529, "f9": 1.4538777296217622}, "datetime": {"datetime": "2023-01-25 16:32:06", "elapsed": 7394.945834, "delta": 0.974752}}
{"target": 0.3701179832677894, "params": {"f0": -1.0831736864370916, "f1": -1.042633736146711, "f10": 0.7583761521758781, "f11": -0.07432825783472113, "f12": -0.02188965648621377, "f13": 0.6378501747186478, "f14": 1.5418295050294994, "f15": 1.9240237367452429, "f16": -0.6264221907673161, "f17": 1.1729150794944334, "f18": -1.4875901286437716, "f19": 1.3361052576160686, "f2": -1.0773370416446293, "f20": -0.7772068019441987, "f21": 0.8718813946956525, "f22": -1.4584867145222886, "f23": 0.1130347582619663, "f24": -0.6401356665138058, "f25": -0.4810912904118828, "f26": -0.715150180837307, "f27": -0.6254313424827784, "f28": 1.475506684175074, "f29": -1.3672980403358745, "f3": -1.0247191387966794, "f30": 1.324062933421072, "f31": -1.2692207149316994, "f32": -1.2014755634654586, "f33": 0.8105291976427649, "f34": 1.0316854413077938, "f35": -0.6673866703777509, "f36": -1.5126214398845101, "f37": -2.235429204792114, "f38": -1.223717186452686, "f39": -1.8443150219901607, "f4": -0.9432558399312574, "f40": -1.4810310958684993, "f41": 2.243874141561553, "f42": 1.36788814684939, "f43": 0.9957870660198287, "f44": -0.8602234782535718, "f45": 0.355408052086093, "f46": -1.3096768927770197, "f47": -2.4030656883630996, "f48": -0.9615531852845235, "f49": 0.741754166133176, "f5": 2.8891827671580255, "f50": 1.6803843647690175, "f51": 0.10148936021036759, "f52": -0.5257395403276044, "f53": -0.7531186934980549, "f54": -1.1835741879921242, "f55": 1.188725174478813, "f6": -1.0122163581222872, "f7": -1.0011566364767743, "f8": -0.6998067419431646, "f9": 2.71563928636974}, "datetime": {"datetime": "2023-01-25 16:33:17", "elapsed": 7465.655563, "delta": 70.709729}}
