{"target": 0.3052432169018892, "params": {"f0": -0.16803407666187342, "f1": -0.7652558641134846, "f10": 2.7560704012856934, "f11": -0.21598054917262127, "f12": -0.09044051316351864, "f13": 1.081331287188803, "f14": 2.0514399806497488, "f15": 2.5159142142486743, "f16": -0.9536725759569936, "f17": 0.7639711771845901, "f18": -1.8965260454003723, "f19": 1.6915552454574472, "f2": -2.401121488747017, "f20": -0.7338726959980875, "f21": 0.36139695011099615, "f22": -1.78535755298827, "f23": 0.16269039229556725, "f24": -0.2926143517765578, "f25": -0.9765279096451556, "f26": -0.6910808876037166, "f27": -2.0141322282971386, "f28": 0.8605718772017994, "f29": -1.4507089095408976, "f3": -0.7448866357291626, "f30": 1.350804070210469, "f31": -0.6442900102290997, "f32": -0.33810083973565974, "f33": 0.8557981690292727, "f34": 0.9061856962914283, "f35": -0.8440371761149383, "f36": -1.2646350724494964, "f37": -1.7503795535554203, "f38": -2.3869731389615074, "f39": -2.140993487648883, "f4": -1.6351438629764492, "f40": -0.9904197695794881, "f41": 2.3301227515909555, "f42": 1.6239889831867875, "f43": 1.0519960929751244, "f44": -0.3742662973546802, "f45": -0.3518736016071503, "f46": -1.8157034638751812, "f47": -1.6592274024557303, "f48": -0.957759385966338, "f49": 0.596599993167189, "f5": 0.6349715260482344, "f50": 1.2812661828405034, "f51": 0.4772615070731878, "f52": -1.2632944438507452, "f53": -0.8274651512710972, "f54": -1.0166292881629384, "f55": 2.2371596420603774, "f6": -2.094087334310528, "f7": -1.1831921281842654, "f8": -0.9710550649894408, "f9": 2.039003000738723}, "datetime": {"datetime": "2023-01-25 15:56:02", "elapsed": 5230.200312, "delta": 65.778751}}
{"target": 0.08143004596411578, "params": {"f0": -0.30710984031835975, "f1": -0.5798819594173152, "f10": 1.9110749937148523, "f11": -0.45784296939060215, "f12": -0.4745600728720022, "f13": 0.8944789052694612, "f14": 1.438749332622064, "f15": 2.601158280184806, "f16": -0.5752058341914901, "f17": 1.173013593949403, "f18": -0.7835547777740526, "f19": 0.9895778309226257, "f2": -0.6320414961997853, "f20": -2.4257547128762837, "f21": 0.5009831302561962, "f22": -0.6644226728256446, "f23": 0.1435368935785053, "f24": -0.3355341477459285, "f25": -0.5150596242245696, "f26": -0.5941868334363478, "f27": -2.9984346341111667, "f28": 0.4744171771210703, "f29": -2.9747412174534578, "f3": -0.8735948418874748, "f30": 0.4989437989624713, "f31": -0.3609093522734861, "f32": -0.6770950502391927, "f33": 1.6408650769678594, "f34": 0.5509120813049664, "f35": -0.6298133466398945, "f36": -0.763209787821352, "f37": -2.235288292807121, "f38": -1.4477122391979267, "f39": -2.4494104747435723, "f4": -1.1958957821876623, "f40": -0.6197283093947543, "f41": 2.4349098777814877, "f42": 1.0123445497752341, "f43": 1.1351298094385103, "f44": -0.3870246862934306, "f45": 0.3033307772409373, "f46": -1.336471048234111, "f47": -2.3010534746514875, "f48": -1.4304038621178925, "f49": 0.19619220245775976, "f5": 2.7100210934011657, "f50": 2.9033558801895585, "f51": 0.05944560053678061, "f52": -1.2096700278388537, "f53": -0.9207716629392322, "f54": -0.8382923175307067, "f55": 1.9249722317247233, "f6": -2.6877341194749267, "f7": -0.7002517999847885, "f8": -0.5900508116899118, "f9": 0.8796738236906856}, "datetime": {"datetime": "2023-01-25 15:56:20", "elapsed": 5248.40668, "delta": 18.206368}}
{"target": 0.05771498218680094, "params": {"f0": -0.15068144820768326, "f1": -1.9142014944669512, "f10": 2.62525755408567, "f11": -0.5154152837970494, "f12": -0.24050864162209695, "f13": 0.4944845343803554, "f14": 1.659091242951232, "f15": 2.478497748766655, "f16": -0.8005306318465351, "f17": 0.5935871648080002, "f18": -0.9588453808428004, "f19": 1.6425934746082969, "f2": -2.8594092013777312, "f20": -0.6742784033419933, "f21": 0.7038661027809002, "f22": -0.8521899093813772, "f23": -0.22060108495018094, "f24": -0.8800900748382339, "f25": -0.33651770769310274, "f26": -0.5777671301099075, "f27": -2.195261747650571, "f28": 0.5843548147840785, "f29": -1.867576419246332, "f3": -0.5781498662791023, "f30": 0.5821814980269724, "f31": -0.71675978794569, "f32": -1.4299981564276496, "f33": 0.39934863695574324, "f34": 0.839697847312848, "f35": -0.24213713815383686, "f36": -2.7981351523397207, "f37": -1.3516749188416022, "f38": -1.9648691463732004, "f39": -2.0256375551120662, "f4": -1.9978371552006906, "f40": -0.48128237576974375, "f41": 1.6810143181780188, "f42": 1.3423572494436968, "f43": 0.887296522652449, "f44": -0.1665744322091145, "f45": -0.05311312423577941, "f46": -1.2459166366320003, "f47": -1.9241389702865375, "f48": -1.2681508586948573, "f49": 0.3440296318978685, "f5": 0.6604003119908503, "f50": 2.3822386044754755, "f51": 0.35741944795561204, "f52": -1.1780307031084818, "f53": -0.4489171334656729, "f54": -0.3128409404948711, "f55": 2.0811340108161307, "f6": -1.241161748928254, "f7": -0.28629514330023564, "f8": -0.6378505160312986, "f9": 1.4077750909020856}, "datetime": {"datetime": "2023-01-25 15:56:45", "elapsed": 5273.366567, "delta": 24.959887}}
{"target": 0.19716195149902635, "params": {"f0": -0.5513056296372655, "f1": -0.7166380261424561, "f10": 1.1252352512097699, "f11": 0.10679760796303794, "f12": 0.030842049112816294, "f13": 0.85440300504221, "f14": 1.9213745717474298, "f15": 0.9313829265150131, "f16": -0.441004221803718, "f17": 1.162908792110334, "f18": -2.077295169899769, "f19": 1.532376041540938, "f2": -0.5802426631876707, "f20": -2.2345430450107835, "f21": 0.20472504450516904, "f22": -1.5701011707168115, "f23": 0.3528201603137606, "f24": -0.24343833752447042, "f25": -0.6557039868291659, "f26": -1.1761463133245704, "f27": -1.3625623340596928, "f28": 1.5443652454644778, "f29": -2.777155524445803, "f3": -0.5512095179651695, "f30": 1.2693545806037219, "f31": -0.8245234235748586, "f32": -0.8866111998223928, "f33": 1.0471252855075748, "f34": 1.5480128934210236, "f35": -1.1545094728684537, "f36": -0.8080204601412735, "f37": -1.6927372342637632, "f38": -1.433717489728562, "f39": -2.056028638388243, "f4": -0.9582977763697069, "f40": -0.948221804490691, "f41": 0.7476571771816569, "f42": 0.991206636796315, "f43": 0.7027476622211393, "f44": -0.049252051729394286, "f45": -0.38982059833168264, "f46": -2.646347391109352, "f47": -0.8898330706617155, "f48": -1.2613537049309371, "f49": 0.9507455967837404, "f5": 1.3235913836220619, "f50": 2.4934461337844898, "f51": 0.5026384658102483, "f52": -1.4801056365270622, "f53": -0.1083568572666469, "f54": -0.9121737442989744, "f55": 1.050600331246431, "f6": -1.27191227344766, "f7": -0.346182185172327, "f8": -0.7338277991819591, "f9": 0.7433850340883849}, "datetime": {"datetime": "2023-01-25 15:57:33", "elapsed": 5321.910305, "delta": 48.543738}}
{"target": 0.4611763123713672, "params": {"f0": -0.3747317297664956, "f1": -1.3619469145700553, "f10": 0.7290581975743236, "f11": -0.33690132301425163, "f12": -0.4550096146058252, "f13": 0.5518130131370139, "f14": 0.851533281467592, "f15": 1.4001038362938667, "f16": -0.5945911525544821, "f17": 0.9000906477284029, "f18": -2.0302582522192765, "f19": 0.5777957239146837, "f2": -1.818326366645689, "f20": -1.8988878329343422, "f21": 0.7323493247603234, "f22": -0.6874056424813393, "f23": -0.2759212138075795, "f24": -0.9144997383716473, "f25": -0.8483534250271038, "f26": -0.6769576848616656, "f27": -1.0824244119579522, "f28": 0.6472548589581864, "f29": -0.9909257018448177, "f3": -0.633071468187498, "f30": 1.2490772523280798, "f31": -0.6877002717382795, "f32": -1.0268313471847443, "f33": 1.3220644492404672, "f34": 1.550578190486453, "f35": -0.7220718067423909, "f36": -2.1627473007485856, "f37": -2.332660620968912, "f38": -2.4400922408289936, "f39": -1.1711860338815407, "f4": -0.8437589388198639, "f40": -0.6949978778327748, "f41": 1.6029765885488978, "f42": 2.2229035708339207, "f43": 0.49505868099265604, "f44": -0.3648389971063343, "f45": -0.14295190163997717, "f46": -1.156290017463085, "f47": -1.748263159116705, "f48": -0.33407150469084645, "f49": 0.6095630128706203, "f5": 1.6031025215306631, "f50": 0.6635256929999427, "f51": 0.04344690737851782, "f52": -1.0186002818231348, "f53": -0.818822152426739, "f54": -0.9497940684282546, "f55": 2.689354889494257, "f6": -1.6820532849012448, "f7": -0.6304563916170203, "f8": -0.943987404531256, "f9": 1.4138961740008353}, "datetime": {"datetime": "2023-01-25 15:58:08", "elapsed": 5356.166429, "delta": 34.256124}}
{"target": 0.5769625233016031, "params": {"f0": -0.8299093234103113, "f1": -2.1338981782933613, "f10": 2.3009926537769685, "f11": 0.03200967326976112, "f12": -0.39924585685589875, "f13": 0.8844205620839802, "f14": 1.532865405220977, "f15": 0.7643400945631594, "f16": -0.13805187266759678, "f17": 1.1271281206152888, "f18": -1.588956881212276, "f19": 1.4764516713609963, "f2": -2.4777290099220597, "f20": -2.3876371325587655, "f21": 0.34307852965132984, "f22": -1.8518306629050774, "f23": -0.38218016926185194, "f24": -0.5108483879289438, "f25": -0.46738738185833806, "f26": -0.9012049554867215, "f27": -2.2561553891892823, "f28": 1.2015766685804028, "f29": -2.7042859380013065, "f3": -0.8295079549916966, "f30": 0.6399243367313645, "f31": -0.6702389502153298, "f32": -0.6419965818891491, "f33": 1.1715101125993967, "f34": 1.5671824002544132, "f35": -0.8452070133929135, "f36": -0.6713434310460471, "f37": -2.3629103191451537, "f38": -2.4646710050535545, "f39": -1.1145208558378206, "f4": -0.6234069800975899, "f40": -0.5653360838006662, "f41": 1.8486495216053918, "f42": 0.8812650943272489, "f43": 0.8862315053555685, "f44": -0.7907376418126022, "f45": -0.0988682987146372, "f46": -2.68988008021798, "f47": -2.662604489567025, "f48": -1.0100276178279366, "f49": 0.11638901010202611, "f5": 1.1465896346604005, "f50": 2.600582636687827, "f51": -0.040986567879176386, "f52": -1.441673016460253, "f53": -0.7517571981948734, "f54": -1.2962210809225048, "f55": 2.9824167616907684, "f6": -1.2543340592667995, "f7": -0.26556808320742253, "f8": -0.18004554706783948, "f9": 1.1950576227868352}, "datetime": {"datetime": "2023-01-25 15:58:49", "elapsed": 5397.942426, "delta": 41.775997}}
{"target": 0.07258145725213316, "params": {"f0": -0.8249096048683304, "f1": -1.395332614471588, "f10": 1.820988509835325, "f11": -0.34082346050589685, "f12": -0.4176560031199982, "f13": 1.006014340378674, "f14": 1.6810444863336131, "f15": 1.9947642020418273, "f16": -0.8590369927646695, "f17": 1.4735403954339674, "f18": -0.4937961869934333, "f19": 1.3636786094876918, "f2": -2.8204673276728403, "f20": -2.313419358480015, "f21": 1.2863971001617616, "f22": -1.263472368451583, "f23": 0.27833449528772747, "f24": -0.5118913960866729, "f25": -0.8428592665895409, "f26": -0.89253200716458, "f27": -1.9341800529777422, "f28": 1.6601166299217534, "f29": -2.607001360060862, "f3": -0.3470135743575974, "f30": 0.6776367689645784, "f31": -1.1322617061658877, "f32": -0.5928288878256116, "f33": 0.7230973024602632, "f34": 1.8336053499290497, "f35": -1.183812623619832, "f36": -2.451116826273978, "f37": -1.9159790318960532, "f38": -1.9357851937827042, "f39": -0.952484806427113, "f4": -1.319441034248882, "f40": -1.4487994500608719, "f41": 0.8491002723600336, "f42": 1.2759570099916309, "f43": 0.3964706273564581, "f44": -0.7345238230385751, "f45": 0.19953916647884623, "f46": -1.5645564911166134, "f47": -0.9057469035294994, "f48": -1.0005386141486756, "f49": 0.9233222688346551, "f5": 2.7546886434418543, "f50": 2.5492757671398376, "f51": -0.012187868452777667, "f52": -1.4522600217913784, "f53": -0.18300145509128707, "f54": -0.7459770413144279, "f55": 2.8019005033955597, "f6": -2.8770727559180456, "f7": -0.9707482810744874, "f8": -0.37544400374972, "f9": 1.9631810029387189}, "datetime": {"datetime": "2023-01-25 15:59:40", "elapsed": 5448.702698, "delta": 50.760272}}
{"target": 0.46606619267158844, "params": {"f0": -0.24588546893458563, "f1": -0.4895994429966908, "f10": 0.7270924584639434, "f11": 0.012917481600041802, "f12": -0.6470971927041922, "f13": 1.0822966486757284, "f14": 0.9887865558073043, "f15": 1.837554410214783, "f16": -0.2545024811727168, "f17": 0.56488642598021, "f18": -0.8933190600525442, "f19": 1.0987035081941894, "f2": -1.2938472366802722, "f20": -0.8728071639988029, "f21": 0.3582131340528786, "f22": -0.7865552226495978, "f23": 0.30409460413554423, "f24": -0.6363089675167202, "f25": -0.35280350768551216, "f26": -0.8175998718593153, "f27": -2.9866134362618406, "f28": 1.5272270424136432, "f29": -1.6320165526133403, "f3": -1.1436145507696327, "f30": 0.5114362295116988, "f31": -0.3700661387001163, "f32": -0.8384989046686975, "f33": 0.48468048111661727, "f34": 1.4087427402235828, "f35": -1.3152171230227139, "f36": -2.704402173842447, "f37": -1.974242370151933, "f38": -2.5001527762962765, "f39": -2.2370632690384498, "f4": -0.5842138008231195, "f40": -1.35684962889669, "f41": 2.596081691732011, "f42": 1.4039629478900417, "f43": 0.34688145996846464, "f44": -0.4930931653163789, "f45": -0.10718875721502397, "f46": -1.1017943113279216, "f47": -1.0441248611548561, "f48": -1.1714889667091568, "f49": 0.7088600803765989, "f5": 1.3997196681056234, "f50": 1.5626697288340199, "f51": 0.18127191081910193, "f52": -1.3892560717508635, "f53": -0.5455222387713357, "f54": -0.8984140537370331, "f55": 2.2803099164580565, "f6": -2.9548157814628335, "f7": -1.3519569072902988, "f8": -0.8715091947581982, "f9": 0.8659431765237484}, "datetime": {"datetime": "2023-01-25 16:00:24", "elapsed": 5492.357188, "delta": 43.65449}}
{"target": 0.08295997258622985, "params": {"f0": -0.24750974590553443, "f1": -1.284781834361957, "f10": 1.8736286811336937, "f11": 0.2233919895412967, "f12": -0.5119788088029533, "f13": 0.43834212712425225, "f14": 1.0305844168479417, "f15": 0.6379770183860206, "f16": -0.6382227865687258, "f17": 1.1044988192006822, "f18": -0.7901416664915579, "f19": 0.5421323389041124, "f2": -1.660475076493562, "f20": -1.8248878544300926, "f21": 1.1343783033195747, "f22": -1.2230645421900215, "f23": 0.016832640424612022, "f24": -0.8282695400138168, "f25": -0.698933532220448, "f26": -0.8700498747624499, "f27": -0.7096689822736804, "f28": 1.4628044536605316, "f29": -1.4136591867138748, "f3": -0.2976148928292356, "f30": 0.4779664925904713, "f31": -0.310879910434545, "f32": -1.0960333854601543, "f33": 0.5606649554684544, "f34": 1.8591070130621583, "f35": -1.1157122793198986, "f36": -2.888159199641004, "f37": -1.4075579903886053, "f38": -1.4801869317718992, "f39": -2.032341700774076, "f4": -1.137166230768441, "f40": -1.3431948470195851, "f41": 1.6441723765775302, "f42": 0.9917238745558494, "f43": 0.6492073442637487, "f44": -0.3760940114696939, "f45": -0.05209382870189033, "f46": -0.5787463040454526, "f47": -0.8243326787447711, "f48": -0.3292504376321057, "f49": 0.592749409603866, "f5": 2.484897261194631, "f50": 2.7057574186646347, "f51": 0.7000027080194619, "f52": -1.416399052382378, "f53": -0.11057705087285663, "f54": -0.9466613995864368, "f55": 2.7418267593176484, "f6": -1.688077264494069, "f7": -0.6681185572117193, "f8": -0.14324523892370422, "f9": 0.5279368251364737}, "datetime": {"datetime": "2023-01-25 16:00:52", "elapsed": 5520.354295, "delta": 27.997107}}
{"target": 0.36452664033681753, "params": {"f0": -0.6651333750096267, "f1": -0.9609412589551325, "f10": 2.9941369339581065, "f11": -0.32769154878864093, "f12": -0.6639174736768696, "f13": 0.3736830265586703, "f14": 2.0867738417210187, "f15": 1.0210865319732934, "f16": -0.7080826229174533, "f17": 0.5516854860107152, "f18": -2.119658321285604, "f19": 1.234524679033702, "f2": -2.7557806809177436, "f20": -2.726996285953843, "f21": 0.6297352918568371, "f22": -1.8218296238247853, "f23": -0.3543185674624634, "f24": -0.602391101248658, "f25": -1.0554371802530855, "f26": -0.664348112010197, "f27": -1.1538740517197426, "f28": 0.8581893228832478, "f29": -0.6209139466479869, "f3": -0.35927054437844164, "f30": 0.8810256408963744, "f31": -0.9664982339297115, "f32": -0.302179746663088, "f33": 1.3109866967343704, "f34": 0.7606369978341516, "f35": -1.1483092139362931, "f36": -1.4412055475791734, "f37": -2.3273115526437627, "f38": -1.2817273497261563, "f39": -1.4185351024172548, "f4": -1.1734965536748052, "f40": -0.8943046035496376, "f41": 1.5035047968250363, "f42": 0.5863432118853082, "f43": 0.9405242384587189, "f44": -0.05334980235162334, "f45": -0.11844096295907358, "f46": -2.7297718436246647, "f47": -2.3090318684497952, "f48": -0.6716229014481415, "f49": 0.27204942566925283, "f5": 0.6187497959980215, "f50": 2.228346926924796, "f51": 0.5432521960532624, "f52": -1.6436192017642508, "f53": -0.8237917111848088, "f54": -0.6710895351576386, "f55": 2.365955890772614, "f6": -1.0574219070263828, "f7": -0.8277640957890565, "f8": -0.6160939059367051, "f9": 1.3072813429715673}, "datetime": {"datetime": "2023-01-25 16:01:29", "elapsed": 5557.321871, "delta": 36.967576}}
{"target": 0.08383697655402741, "params": {"f0": -0.6682033653582005, "f1": -1.903788496695436, "f10": 2.739545864858306, "f11": -0.03260397172045837, "f12": -0.5758305631139862, "f13": 0.5436352548616822, "f14": 1.52284942279444, "f15": 1.4129933836015107, "f16": -0.29149375967422053, "f17": 1.0973926104327587, "f18": -1.847352524865896, "f19": 1.1764094016461681, "f2": -1.7432291737814194, "f20": -1.9516881612681045, "f21": 0.3874139414263056, "f22": -1.1175571406612077, "f23": 0.3174711419980296, "f24": -0.519640471214038, "f25": -1.064599377577537, "f26": -1.3132828245370771, "f27": -1.1794385134749372, "f28": 0.5749659547204549, "f29": -1.0383631502415083, "f3": -0.7623513935654782, "f30": 0.7997893223321466, "f31": -0.381193489731007, "f32": -0.5103856026384616, "f33": 1.1564479459106218, "f34": 1.7020941493109387, "f35": -0.2409977153438283, "f36": -2.5922356270812354, "f37": -2.1651535039688237, "f38": -2.1018526276937832, "f39": -1.882776813959301, "f4": -1.3119742652679842, "f40": -1.147110745355922, "f41": 1.7131105321187097, "f42": 1.8068180934796576, "f43": 1.0709899801233702, "f44": -0.14920803265895655, "f45": -0.2531350888893329, "f46": -0.9618643533841178, "f47": -2.3903708834133104, "f48": -0.43748430488056966, "f49": 0.6571842923072369, "f5": 2.3432170434471393, "f50": 2.1497565953778275, "f51": 0.5042375098081691, "f52": -1.6462563637281253, "f53": -0.44190540251867105, "f54": -0.41218662300864484, "f55": 2.660350088750328, "f6": -2.9307744155536, "f7": -1.425512023438702, "f8": -0.6036814256321317, "f9": 2.3163329912233657}, "datetime": {"datetime": "2023-01-25 16:02:32", "elapsed": 5620.842016, "delta": 63.520145}}
{"target": 0.4383963216638571, "params": {"f0": -0.8782038178860059, "f1": -1.5635576049235176, "f10": 2.37400698793149, "f11": -0.44315667539245684, "f12": -0.09006333963056712, "f13": 1.100398146781874, "f14": 0.5746930919229818, "f15": 2.573324089370777, "f16": -0.5865927133142512, "f17": 1.4945250526247176, "f18": -2.252628545239554, "f19": 1.0480547073057522, "f2": -0.8243030759894547, "f20": -2.0767002779789263, "f21": 1.067693275852093, "f22": -1.5098113034824874, "f23": 0.26149434843447716, "f24": -0.9592158985381741, "f25": -0.5690283577433392, "f26": -1.2992439429205351, "f27": -1.6265222656204414, "f28": 1.2506370959948907, "f29": -2.500203601708902, "f3": -0.8131007978517584, "f30": 1.12108285900487, "f31": -1.0684255621028347, "f32": -0.7432098396010386, "f33": 0.80965906301952, "f34": 1.449428187392933, "f35": -0.9875448022731295, "f36": -2.508418943940241, "f37": -0.72295702492041, "f38": -1.6950372167915984, "f39": -0.7874170295549434, "f4": -1.0744070474265912, "f40": -1.4950942335675308, "f41": 0.9312064303549119, "f42": 2.009358887281199, "f43": 0.24417143482378398, "f44": -0.8553816668202859, "f45": -0.04845944912714101, "f46": -0.9688141184401444, "f47": -0.938297323684413, "f48": -1.0562757800981395, "f49": 0.9468954887988411, "f5": 2.273376460664503, "f50": 0.8316856267477004, "f51": 0.5005667434107236, "f52": -1.345964508734013, "f53": -0.4144053135902549, "f54": -0.37261560444610275, "f55": 1.4692228173768196, "f6": -0.6689848435983365, "f7": -0.9590530543467464, "f8": -0.824142608148985, "f9": 2.482422264640591}, "datetime": {"datetime": "2023-01-25 16:02:55", "elapsed": 5643.887685, "delta": 23.045669}}
{"target": 0.07138551131831979, "params": {"f0": -0.7887526520330981, "f1": -1.45989995302756, "f10": 2.3775668701246286, "f11": -0.5234713380045861, "f12": -0.26892103776965015, "f13": 1.1157905352618296, "f14": 1.5194063628342829, "f15": 2.1509032583925727, "f16": -0.7739556900961353, "f17": 1.334554983066973, "f18": -1.36222425052551, "f19": 0.8254667007742378, "f2": -2.159113213643532, "f20": -2.8940911538316767, "f21": 1.2662716228837203, "f22": -1.4827749192588209, "f23": -0.08187968303072157, "f24": -0.7346173809354636, "f25": -0.8049078333375113, "f26": -0.3709072509285256, "f27": -2.6744051927706454, "f28": 0.8402624376146255, "f29": -2.496965539730943, "f3": -0.9649047188319111, "f30": 0.4812875183155842, "f31": -1.0810515471964124, "f32": -1.3121992322664462, "f33": 1.4230217603845374, "f34": 0.7795512147803534, "f35": -0.48808060450768365, "f36": -1.2057673893176104, "f37": -2.3382152283113746, "f38": -2.2395197278743004, "f39": -1.546167827620583, "f4": -1.759054105102187, "f40": -1.1733872967031216, "f41": 0.8768479017412384, "f42": 1.307071231021931, "f43": 0.3560270399747495, "f44": -0.2672193664284246, "f45": 0.2408202741997934, "f46": -2.11147480799222, "f47": -0.8279868038354512, "f48": -1.0741511225650322, "f49": 0.6371980597262303, "f5": 1.1600724971838476, "f50": 2.1459951138225564, "f51": 0.32086512575052734, "f52": -0.42080865886478636, "f53": -0.7884136422860526, "f54": -1.185598489138723, "f55": 2.0635169578605264, "f6": -1.7885121328412774, "f7": -0.8905878631017615, "f8": -0.2480690582215348, "f9": 0.7093381040038884}, "datetime": {"datetime": "2023-01-25 16:03:23", "elapsed": 5671.340868, "delta": 27.453183}}
