{"target": 0.12244699755850239, "params": {"f0": -0.6706019629719433, "f1": -1.7825424394939056, "f10": 1.1916407359769727, "f11": -0.48993098737857343, "f12": -0.46680706391128607, "f13": 0.43567638283309074, "f14": 2.030387273122995, "f15": 1.797752124687693, "f16": -0.2095005634228878, "f17": 0.34321277815997553, "f18": -2.1324887105994663, "f19": 1.1619085680768766, "f2": -1.3518765941599207, "f20": -0.5670350510632298, "f21": 0.6751899067041989, "f22": -0.600852716615242, "f23": -0.32424179811643955, "f24": -0.22027995366298492, "f25": -0.6487403203674058, "f26": -0.5160571666813285, "f27": -2.4047801098066444, "f28": 0.3834980868794645, "f29": -0.5989330740389214, "f3": -0.2369219866957013, "f30": 0.8768803985650617, "f31": -0.7512302739816501, "f32": -0.8418073529207579, "f33": 1.1967536281084952, "f34": 0.5074560574229618, "f35": -1.2512037450298008, "f36": -2.1539908524965306, "f37": -1.7982737839112803, "f38": -1.8973699169129077, "f39": -1.5639048118404142, "f4": -1.486220260586659, "f40": -1.1505439338916335, "f41": 0.7993313273449272, "f42": 2.25018239860185, "f43": 0.6549964723776864, "f44": -0.7875087790622544, "f45": -0.1179466234422748, "f46": -1.07597288653593, "f47": -2.0150801935425764, "f48": -0.5818007595943039, "f49": 1.0404928295176759, "f5": 2.48333665517246, "f50": 0.5623818198220697, "f51": 0.5285843830566337, "f52": -1.075038725688555, "f53": -0.602900380745865, "f54": -0.30682161556970655, "f55": 1.9371964070890793, "f6": -2.0245197914799666, "f7": -1.4427918687247132, "f8": -0.28725175038817385, "f9": 1.2436106941477498}, "datetime": {"datetime": "2023-01-25 15:41:09", "elapsed": 4337.95324, "delta": 44.886875}}
{"target": 1.338946344291024e-06, "params": {"f0": -0.47830590179963717, "f1": -1.4802813093442713, "f10": 1.8063362258560116, "f11": 0.07143547182967991, "f12": -0.32372603588954213, "f13": 1.045907594838243, "f14": 2.2334956211921355, "f15": 1.6111607592941866, "f16": -0.13828323417032296, "f17": 1.2262976931970595, "f18": -2.1966579140990863, "f19": 1.0194057410440434, "f2": -1.9995003722449827, "f20": -0.7089373902866392, "f21": 0.6440085434855022, "f22": -1.6716957876497973, "f23": -0.03988193921066968, "f24": -0.25447132807799866, "f25": -0.7235254426397553, "f26": -1.0688153403457687, "f27": -0.8856346880538055, "f28": 1.6088103340954716, "f29": -2.384481768073039, "f3": -0.9899669323117661, "f30": 0.5819450003838915, "f31": -1.0191081439734089, "f32": -0.4171164430070722, "f33": 1.385846784320636, "f34": 0.85336214116411, "f35": -0.3320666431576802, "f36": -1.6419007292430856, "f37": -1.556351053472428, "f38": -2.0198500822781775, "f39": -1.7539269653798706, "f4": -1.8996668198080269, "f40": -1.504466456303222, "f41": 2.592832235562291, "f42": 1.351123588411796, "f43": 0.31078011081832957, "f44": -0.1800509071446389, "f45": -0.03321638079994327, "f46": -1.8554042619424165, "f47": -2.953439644092921, "f48": -0.5685458992679022, "f49": 0.2597327146754095, "f5": 2.061507339467979, "f50": 0.5962072540535392, "f51": 0.45984170700965454, "f52": -0.8711750538388929, "f53": -0.6065329633405173, "f54": -0.7677058320466156, "f55": 0.6688721138986011, "f6": -0.8279001581654484, "f7": -1.2508916728932338, "f8": -0.784415499628796, "f9": 2.8908270684065576}, "datetime": {"datetime": "2023-01-25 15:44:32", "elapsed": 4540.962539, "delta": 203.009299}}
{"target": 0.07169203461820588, "params": {"f0": -0.6571942885202416, "f1": -1.967640632797133, "f10": 2.7024857700113674, "f11": -0.38457149154978154, "f12": -0.5645327668607218, "f13": 0.31613905892845034, "f14": 0.6154128213628205, "f15": 2.8618845853171164, "f16": -0.24944411472937533, "f17": 1.1729562757389582, "f18": -1.0352351512776177, "f19": 0.5458840606731132, "f2": -2.2828131816511004, "f20": -1.9034243976240204, "f21": 0.6876569264337491, "f22": -0.7026608468811182, "f23": 0.15250889827475966, "f24": -0.5350046411281122, "f25": -0.9250089597633135, "f26": -0.7969935429393662, "f27": -2.1205622424995116, "f28": 1.4679000727751863, "f29": -2.696490990046253, "f3": -0.5683121896460287, "f30": 1.3633296366119518, "f31": -0.6275105551886803, "f32": -0.6059662374316779, "f33": 1.281398140250058, "f34": 1.6776640424358797, "f35": -0.42601395092448036, "f36": -1.7895260177965204, "f37": -1.7633874085730807, "f38": -1.865179187899108, "f39": -2.4689338645981134, "f4": -2.0120054758844312, "f40": -1.23739603068553, "f41": 1.9685169402805822, "f42": 2.32688235836184, "f43": 0.5342483336026688, "f44": -0.3560313164431369, "f45": -0.2954245028811882, "f46": -1.3303716498440548, "f47": -1.550962943545763, "f48": -1.1285439059653792, "f49": 0.506523110493441, "f5": 1.075719964331264, "f50": 2.3839496650992844, "f51": 0.6336309826626659, "f52": -1.004175167279211, "f53": -0.04733838849928995, "f54": -1.1906059369206154, "f55": 1.3131694110179402, "f6": -0.4984194554829502, "f7": -0.7828259246395043, "f8": -0.2231986738868279, "f9": 2.0456217160444403}, "datetime": {"datetime": "2023-01-25 15:45:28", "elapsed": 4596.147082, "delta": 55.184543}}
{"target": 0.0133163698845214, "params": {"f0": -0.4787609557366166, "f1": -1.633197674767671, "f10": 2.7007216203095754, "f11": -0.3201775726035606, "f12": -0.3634934891013492, "f13": 0.8944712773845259, "f14": 0.4955172805911452, "f15": 2.609882408130316, "f16": -0.3399684477516859, "f17": 0.45211358652118394, "f18": -2.050950080883189, "f19": 0.7082017862573657, "f2": -1.5781780146106823, "f20": -1.1077550313788547, "f21": 0.8473508719778281, "f22": -0.6940812147426358, "f23": 0.160208588518283, "f24": -0.934055641053161, "f25": -0.7576317133932025, "f26": -1.1437422374454524, "f27": -1.756387685733062, "f28": 1.0738701335002494, "f29": -2.2699069220965065, "f3": -0.9726345835338086, "f30": 1.4211324715743505, "f31": -0.9926849681289245, "f32": -0.3137765783627626, "f33": 0.35609314256891594, "f34": 0.7348105687199484, "f35": -0.7983763190136656, "f36": -2.6859549055219807, "f37": -2.3428932161839295, "f38": -0.8630534294368537, "f39": -0.4928534401866469, "f4": -1.9414969160139268, "f40": -0.7404126388368917, "f41": 0.6676497476161645, "f42": 0.8629260991288679, "f43": 0.24736957848345006, "f44": -0.7448748560818179, "f45": -0.32156449657695796, "f46": -2.05574463845604, "f47": -1.2781942561059523, "f48": -1.3234605587367603, "f49": 0.24414329150087527, "f5": 1.7706412385174188, "f50": 0.8548265427826807, "f51": 0.12189157142431181, "f52": -1.8659897243184942, "f53": -0.15882665952590724, "f54": -0.9582430753981558, "f55": 1.2390408633498915, "f6": -2.4947247863893733, "f7": -1.0402077298549164, "f8": -0.5922256357161991, "f9": 2.426239031703429}, "datetime": {"datetime": "2023-01-25 15:47:14", "elapsed": 4702.564811, "delta": 106.417729}}
{"target": 0.19930759436294526, "params": {"f0": -1.0687999121319929, "f1": -0.9612740898677661, "f10": 1.223226856536396, "f11": -0.17655096775517065, "f12": -0.3095472790490549, "f13": 0.722852369384255, "f14": 1.7678365229152493, "f15": 1.642423074500907, "f16": -0.7205752208176774, "f17": 1.278459152480148, "f18": -0.6731489714428467, "f19": 0.7222166155278404, "f2": -0.976918519602124, "f20": -0.5577842549253562, "f21": 1.1686211136226796, "f22": -1.8130205366087204, "f23": -0.36362646533100706, "f24": -0.8617176374955398, "f25": -0.658929870577543, "f26": -0.3165130898469697, "f27": -1.4788514850956915, "f28": 1.1778029328084203, "f29": -1.9325715141572193, "f3": -0.9758392978232409, "f30": 1.0176786472951818, "f31": -1.0461677307523238, "f32": -1.2919094790855485, "f33": 1.2766434376626399, "f34": 0.9654654112378216, "f35": -0.7923663901677734, "f36": -2.189281658638276, "f37": -2.285294761325308, "f38": -1.3040086693311934, "f39": -0.9479978886518365, "f4": -1.8611716891841397, "f40": -1.1393857460457795, "f41": 1.7790019644360484, "f42": 1.0272888153945376, "f43": 0.7024771700440406, "f44": -0.00634689256375176, "f45": 0.2576578326237727, "f46": -0.6974913647579672, "f47": -2.983529159341976, "f48": -0.34356841386588544, "f49": 0.5555434579131808, "f5": 1.31564158886669, "f50": 2.1714932846602997, "f51": 0.11549528929754291, "f52": -0.5294663554342305, "f53": -0.4063124683346534, "f54": -0.9121221130734458, "f55": 2.4221289827390446, "f6": -1.3719001246475102, "f7": -1.304630971486735, "f8": -1.0738670096462097, "f9": 1.1322921067124212}, "datetime": {"datetime": "2023-01-25 15:47:50", "elapsed": 4738.690351, "delta": 36.12554}}
{"target": 0.33613208384618004, "params": {"f0": -1.048238584652052, "f1": -2.199608510035691, "f10": 1.1782756272233446, "f11": -0.5626836557631238, "f12": -0.14046699480935532, "f13": 0.8792602820854066, "f14": 0.9273074506129177, "f15": 1.4350698661241166, "f16": -0.6263289930629211, "f17": 0.9849006526004501, "f18": -2.1117201726394605, "f19": 1.6263648369228618, "f2": -1.5650567442939185, "f20": -2.510566085513985, "f21": 0.23947033494185005, "f22": -1.7994054990673598, "f23": -0.3980819350127631, "f24": -0.5227830016217008, "f25": -0.3264615381418614, "f26": -0.8284340155782856, "f27": -2.52400803058465, "f28": 0.7396615662510742, "f29": -0.6103616205189919, "f3": -0.9621975872050228, "f30": 0.8847605827055198, "f31": -0.6345164339626181, "f32": -0.4053230592316137, "f33": 1.4344872376731996, "f34": 0.42129491898158206, "f35": -0.500667525497673, "f36": -1.7660417544990064, "f37": -1.7913030011693196, "f38": -2.580336326492862, "f39": -1.1608384298778733, "f4": -1.5679871622904868, "f40": -0.8541989588988381, "f41": 1.9889542692159625, "f42": 0.6423863376580128, "f43": 0.20263663242644564, "f44": -0.5161175710386205, "f45": 0.31730974202927736, "f46": -0.8299638781685608, "f47": -0.5140377197227242, "f48": -1.2431741432255716, "f49": 1.00528027873309, "f5": 0.9636892184452759, "f50": 2.2379381395282825, "f51": 0.7413148961536921, "f52": -1.3638345977451312, "f53": -0.5159805190837277, "f54": -0.5890322704528558, "f55": 2.3420182809708336, "f6": -2.9001064977676756, "f7": -0.829764545576895, "f8": -0.19694830138924313, "f9": 2.522825911131126}, "datetime": {"datetime": "2023-01-25 15:48:37", "elapsed": 4785.588655, "delta": 46.898304}}
{"target": 0.3402421398444135, "params": {"f0": -0.7362934102151488, "f1": -1.0185060287351733, "f10": 2.2055139092874736, "f11": -0.5432548566954154, "f12": -0.7073429347785304, "f13": 0.8172806034718003, "f14": 0.5606821204750401, "f15": 0.6307248857652974, "f16": -1.0475791752003207, "f17": 0.48100506018693934, "f18": -0.47657953808094544, "f19": 1.2907989149143533, "f2": -2.183148798132727, "f20": -2.65839768323392, "f21": 0.7528677718904944, "f22": -1.589944592156794, "f23": 0.24044026473504454, "f24": -0.18912055858877674, "f25": -0.17273816343650872, "f26": -1.3541238718465756, "f27": -1.3183621153465446, "f28": 1.0236460831655045, "f29": -2.6971685124614106, "f3": -0.6013827344435491, "f30": 0.47512005208663427, "f31": -1.2802058609666047, "f32": -0.9942322062776571, "f33": 1.212625295937225, "f34": 1.7147564278881426, "f35": -1.1336701993309817, "f36": -2.9545813541219528, "f37": -0.6067630812342988, "f38": -2.2757183008826183, "f39": -2.330096247946694, "f4": -0.6925578605736051, "f40": -1.3161508842706702, "f41": 2.049492639296852, "f42": 1.7071679145478746, "f43": 0.2104348811540408, "f44": -0.6510979514011568, "f45": 0.2984718731569093, "f46": -2.2980853396164598, "f47": -1.3404423925120341, "f48": -1.2702234819443758, "f49": 0.9524468708596433, "f5": 0.6509270376119167, "f50": 1.7849035435713398, "f51": 0.38085033661155787, "f52": -1.8539173181581505, "f53": -0.09083983233872084, "f54": -0.3591897231549137, "f55": 2.9679521514304126, "f6": -2.4501506839900133, "f7": -0.7447826791709551, "f8": -0.6539143672753149, "f9": 1.369126406318502}, "datetime": {"datetime": "2023-01-25 15:49:46", "elapsed": 4854.946946, "delta": 69.358291}}
{"target": 0.3146703777303494, "params": {"f0": -1.1163080782642678, "f1": -1.8826736399348332, "f10": 1.6549803427281018, "f11": 0.15271491119242542, "f12": -0.46779903076810075, "f13": 0.492961410984034, "f14": 1.02746589910417, "f15": 1.0120594693411482, "f16": -0.9657139490526849, "f17": 1.3337236674138528, "f18": -2.1671311528249033, "f19": 1.6276095549125593, "f2": -0.977253273243998, "f20": -2.1008422927847334, "f21": 0.5717892923735959, "f22": -0.8981755804767217, "f23": -0.4166574976894093, "f24": -0.746953372988613, "f25": -0.12871494171773223, "f26": -1.090101774782327, "f27": -1.2531418250863613, "f28": 0.866696532335085, "f29": -2.6204757624659645, "f3": -0.49332421793627956, "f30": 1.4667171378961317, "f31": -0.8165308924510538, "f32": -0.36789255379547203, "f33": 1.5893692121915226, "f34": 1.2278916541559621, "f35": -0.6297392924763985, "f36": -0.6881740880860239, "f37": -1.0024775292491221, "f38": -0.530151783117423, "f39": -0.5386372499713774, "f4": -1.717143794386586, "f40": -0.65171123761337, "f41": 1.7221047350124006, "f42": 1.9208507248684235, "f43": 0.7793161120491019, "f44": -0.1228592967390506, "f45": 0.3699369893889988, "f46": -1.7539545203508906, "f47": -2.8541262905621174, "f48": -1.3261530789531222, "f49": 0.22037864815833824, "f5": 1.9847244195309635, "f50": 2.7219997271045355, "f51": 0.6094883591720355, "f52": -1.0360501197926917, "f53": -0.27049733125395925, "f54": -1.179623827014185, "f55": 1.8639037775788483, "f6": -0.6815519148991478, "f7": -1.147011368078143, "f8": -0.9055076055501783, "f9": 1.8029363089860873}, "datetime": {"datetime": "2023-01-25 15:50:39", "elapsed": 4907.519199, "delta": 52.572253}}
{"target": 0.40563412121132625, "params": {"f0": -0.4917076419301526, "f1": -1.1878081955876156, "f10": 1.535358448187437, "f11": 0.0879315787437438, "f12": -0.5118002712129015, "f13": 1.1498510356047529, "f14": 1.6866861625847227, "f15": 1.7592974751515082, "f16": -0.8077327526968643, "f17": 1.3431999727900494, "f18": -1.0006969310590046, "f19": 1.131604652966425, "f2": -1.2433375206390225, "f20": -0.7722703977660359, "f21": 1.0620506335900863, "f22": -1.663571702296363, "f23": -0.04790313710510885, "f24": -0.8115012868742291, "f25": -0.9911639895526924, "f26": -1.0944041725741185, "f27": -1.7382730779650095, "f28": 1.054081557975095, "f29": -1.8995102950035347, "f3": -0.46836799698403453, "f30": 1.5606434109257044, "f31": -0.9239561573721311, "f32": -1.3696782397304403, "f33": 1.119167751799644, "f34": 1.3824177286066357, "f35": -0.8679102148212016, "f36": -0.8697294383206935, "f37": -1.4335615391855245, "f38": -0.5235057846617517, "f39": -1.4764842016424768, "f4": -1.2691732995149465, "f40": -0.682774876479799, "f41": 1.0998833346221268, "f42": 0.47908074993667826, "f43": 0.9315337681859281, "f44": -0.5904017392470309, "f45": 0.29648020480606635, "f46": -2.6143171910788365, "f47": -2.463997940708725, "f48": -1.2715314683490844, "f49": 1.0152640526982686, "f5": 2.100178469568677, "f50": 2.9998081897715942, "f51": 0.027550060898063458, "f52": -1.6103974243444734, "f53": -0.21127901900957868, "f54": -0.9411594145500758, "f55": 2.6578163773645205, "f6": -1.350132588853952, "f7": -0.8458728129600819, "f8": -0.7168721725461966, "f9": 0.9407126450375197}, "datetime": {"datetime": "2023-01-25 15:51:49", "elapsed": 4977.448754, "delta": 69.929555}}
{"target": 0.4856494156839944, "params": {"f0": -0.7016504063872975, "f1": -1.056957171720554, "f10": 1.2089622815435677, "f11": 0.21130861469030204, "f12": -0.4228919623542946, "f13": 1.1250243589731848, "f14": 2.1975803189723933, "f15": 2.752724068624477, "f16": -0.7194926216091029, "f17": 0.8993509543375441, "f18": -1.6456332915975458, "f19": 1.6624167745486567, "f2": -1.9817828755638485, "f20": -2.9621583733118566, "f21": 0.389983930082962, "f22": -1.0568625011308994, "f23": 0.12077272321000465, "f24": -0.5964813319364098, "f25": -0.6751599256676883, "f26": -0.579105956642984, "f27": -1.1543017449254975, "f28": 0.7196876373088124, "f29": -0.9210987972441882, "f3": -0.6933565212079621, "f30": 0.7827095667310071, "f31": -0.7904122727082797, "f32": -1.1412520495346827, "f33": 0.48613241035751653, "f34": 1.4602959461559195, "f35": -0.7199111270148633, "f36": -1.1531222797945193, "f37": -0.5594195094909449, "f38": -1.084020066511028, "f39": -1.728811688211343, "f4": -0.5285878153950598, "f40": -0.7139193611252949, "f41": 2.5747121570772595, "f42": 0.5575332239822206, "f43": 0.5921020219923897, "f44": -0.5047561649871788, "f45": -0.005325132013068001, "f46": -0.5354369085588022, "f47": -2.8445979789271565, "f48": -0.36478645376230734, "f49": 0.37947537875320747, "f5": 1.7894472562834267, "f50": 1.578197584457262, "f51": 0.13090276254163125, "f52": -1.3247399196050411, "f53": -0.29307480550569, "f54": -0.6168775163738529, "f55": 1.0535526437524663, "f6": -2.467875894731768, "f7": -0.996329803795266, "f8": -0.5188314803244215, "f9": 1.7090747325651308}, "datetime": {"datetime": "2023-01-25 15:52:21", "elapsed": 5009.913944, "delta": 32.46519}}
{"target": 0.20043761043298888, "params": {"f0": -0.35923319903339757, "f1": -0.8582303998772296, "f10": 0.5991666185386273, "f11": -0.3473708352695054, "f12": -0.5488489300690178, "f13": 1.1873925373709886, "f14": 1.9673036031391078, "f15": 2.0334243492787367, "f16": -0.8181883264266605, "f17": 0.5353283342520797, "f18": -1.262194043711172, "f19": 0.9513033746665172, "f2": -0.5494151696803526, "f20": -1.2078972656448235, "f21": 0.7645221341202285, "f22": -1.1096292045901872, "f23": 0.22332417235390045, "f24": -0.5957580217454777, "f25": -0.10482577792633818, "f26": -0.40352379460218324, "f27": -2.7128307132187173, "f28": 0.5506828558775035, "f29": -1.9621202881724213, "f3": -0.7595215969248506, "f30": 0.6545164659109926, "f31": -1.0645095617061404, "f32": -0.5682977266169355, "f33": 1.1445628743777245, "f34": 0.797845276324976, "f35": -1.326324615272431, "f36": -2.0115422708263497, "f37": -1.026777548789343, "f38": -1.100862737474288, "f39": -1.095054506304722, "f4": -0.9102332725917985, "f40": -1.254630902938987, "f41": 2.4856323448750306, "f42": 0.6945422512963925, "f43": 1.0484565918568443, "f44": -0.3326737299058832, "f45": -0.2691982353845737, "f46": -2.809051790716271, "f47": -2.723944674591097, "f48": -0.36807286622889657, "f49": 0.1401784304455988, "f5": 1.3880063852867286, "f50": 2.5715515960769144, "f51": 0.13830598192189275, "f52": -0.7700161806085897, "f53": -0.3789905356812775, "f54": -0.5923608335384904, "f55": 0.5392034992791026, "f6": -2.8390064676218945, "f7": -0.43102174952162486, "f8": -0.2341486638161533, "f9": 1.8935337390803697}, "datetime": {"datetime": "2023-01-25 15:52:47", "elapsed": 5035.476938, "delta": 25.562994}}
{"target": 0.21126949803248382, "params": {"f0": -0.36190711176927015, "f1": -1.0690297204185075, "f10": 0.6148086362071424, "f11": -0.446665493490532, "f12": -0.4513186255062833, "f13": 0.9318734258975512, "f14": 1.2558109439338634, "f15": 0.7145835348923384, "f16": -0.3647448137440752, "f17": 0.6042944804751327, "f18": -1.8497350594249096, "f19": 0.9280231492322348, "f2": -1.0165023920172607, "f20": -0.6727978457463943, "f21": 0.7888613438594223, "f22": -0.9756772115690182, "f23": 0.08737516323672367, "f24": -0.8708950181895779, "f25": -0.7032744160516329, "f26": -1.0139562159208013, "f27": -0.9779854905448846, "f28": 1.173856793462176, "f29": -1.2515603434035745, "f3": -0.3231661517671891, "f30": 1.4303578761559297, "f31": -0.9863072495531525, "f32": -1.145930888273874, "f33": 0.4702272321665212, "f34": 1.5037696811517534, "f35": -0.41340102487704833, "f36": -0.6014289169970946, "f37": -1.0414889207588374, "f38": -0.5807911310186649, "f39": -2.241412542116544, "f4": -1.3439440625593768, "f40": -0.7422595853720934, "f41": 2.2025253446723605, "f42": 0.5225842837145896, "f43": 0.4265685369215991, "f44": -0.6959007644668862, "f45": -0.1201088803224602, "f46": -1.2162306915482903, "f47": -0.7284963049124022, "f48": -0.45986933965200705, "f49": 1.0187768072258887, "f5": 2.5850468458453655, "f50": 1.0103864118303694, "f51": 0.30962277571004004, "f52": -0.7902883721296394, "f53": -0.709840910709253, "f54": -0.6019746587111369, "f55": 1.4045587664440438, "f6": -1.8238717221136467, "f7": -1.0818744283870818, "f8": -0.7350730568384996, "f9": 0.7248703430975598}, "datetime": {"datetime": "2023-01-25 15:53:58", "elapsed": 5106.389534, "delta": 70.912596}}
{"target": 0.335696642664192, "params": {"f0": -0.3849096139425442, "f1": -0.5195787272415195, "f10": 1.7546333228502027, "f11": -0.4084909151070045, "f12": -0.7346988328496715, "f13": 0.24326034913041278, "f14": 1.8595712977381444, "f15": 2.1215959960559965, "f16": -0.08924108697628685, "f17": 1.350105018130887, "f18": -1.322360420024277, "f19": 1.0847012697735106, "f2": -1.2374666672432, "f20": -1.808185987282225, "f21": 0.6503233338280039, "f22": -1.310376779574114, "f23": 0.32599006022595767, "f24": -0.8555221437684782, "f25": -0.46909977911413525, "f26": -0.2773545483442599, "f27": -2.9113048877676313, "f28": 1.0888344008471231, "f29": -2.3771946352381317, "f3": -0.8646876713484101, "f30": 0.8142560795272733, "f31": -0.32897164010819757, "f32": -0.816932208461245, "f33": 0.46362782369177846, "f34": 1.2598147071938, "f35": -0.45224725988630987, "f36": -2.957926698947826, "f37": -1.1104890017979752, "f38": -0.5228173660959783, "f39": -1.3993969132547652, "f4": -0.4866308806649646, "f40": -1.0345470452948513, "f41": 2.339296264341913, "f42": 1.1936824436265292, "f43": 0.4243309871970307, "f44": -0.7870956879860187, "f45": -0.14339069040860264, "f46": -1.3775055148112638, "f47": -1.3197664302290202, "f48": -0.9553576424458649, "f49": 0.12683584758848404, "f5": 2.203501037928266, "f50": 1.6915362461847459, "f51": -0.04066639019197034, "f52": -1.7725218477027036, "f53": -0.12830745154897294, "f54": -1.245577233102499, "f55": 2.8813969954382523, "f6": -1.4232026926971126, "f7": -1.1531197905591255, "f8": -0.4443777715587466, "f9": 0.5931056848032985}, "datetime": {"datetime": "2023-01-25 15:54:56", "elapsed": 5164.421561, "delta": 58.032027}}
