{"target": 0.41384955529714806, "params": {"f0": -0.8232303833307704, "f1": -1.6024113477535518, "f10": 2.727564003440214, "f11": 0.14437160569742669, "f12": -0.14427142318968744, "f13": 0.8901674914647294, "f14": 1.0335427549077632, "f15": 2.3359249141974066, "f16": -0.7885248691565749, "f17": 0.7099490806241011, "f18": -1.7197952782508192, "f19": 1.1881318234945797, "f2": -1.6766256766042842, "f20": -1.9465917943202742, "f21": 0.818223857026439, "f22": -1.050780588254038, "f23": 0.25823192188944377, "f24": -0.8290101020870635, "f25": -0.44144208070312274, "f26": -0.9546470858958707, "f27": -2.2131718301250882, "f28": 0.9619663198677357, "f29": -1.276623686716309, "f3": -1.1224445708559112, "f30": 1.3708005137104322, "f31": -0.2778889671690119, "f32": -0.4403766105739242, "f33": 1.5224722263428947, "f34": 0.7129019297565019, "f35": -0.7652176015175636, "f36": -2.6950756312140913, "f37": -1.8156851061198265, "f38": -2.042999550130912, "f39": -1.6122493259952007, "f4": -1.2253349272479261, "f40": -0.5464830957832558, "f41": 2.638120744143127, "f42": 1.2360653581224326, "f43": 0.6980961784737456, "f44": -0.41860548167255235, "f45": -0.06653594424809517, "f46": -1.9650156697168768, "f47": -0.5782656342684338, "f48": -1.3438966741644105, "f49": 0.5322249290020967, "f5": 2.37095717810874, "f50": 1.8724700587492096, "f51": 0.4286177119862362, "f52": -0.8003453882690621, "f53": -0.500476901101122, "f54": -0.6409860684872101, "f55": 2.8844018858751808, "f6": -2.606929032010893, "f7": -0.9328963246398645, "f8": -0.7848709401904934, "f9": 2.294154410551456}, "datetime": {"datetime": "2023-01-25 16:42:15", "elapsed": 8003.595686, "delta": 39.867934}}
{"target": 0.16012233878397705, "params": {"f0": -1.0689652949056574, "f1": -1.2575481508075854, "f10": 2.51566691218933, "f11": 0.05374567963730392, "f12": -0.13162399193579355, "f13": 0.29633763677679625, "f14": 0.4590376158770223, "f15": 2.037199914962535, "f16": -0.15414301241263273, "f17": 0.37030028327360354, "f18": -1.2908054666710427, "f19": 0.6992385189102367, "f2": -1.7497234068614813, "f20": -2.5197976074714434, "f21": 0.2630337156143021, "f22": -0.7502739668358764, "f23": -0.08778764766889696, "f24": -0.43673528270537354, "f25": -0.19541331673868434, "f26": -1.0280217136524596, "f27": -2.994799950368278, "f28": 0.8021282103853457, "f29": -2.9499965083451696, "f3": -0.5533554078723586, "f30": 1.0570856966538842, "f31": -0.6934006049162119, "f32": -0.7273689143137629, "f33": 1.1292500433257928, "f34": 1.545831079007276, "f35": -1.045956423309252, "f36": -2.354507228226992, "f37": -1.7501843119530436, "f38": -1.781301789259397, "f39": -1.3894845974099381, "f4": -0.7698392889730876, "f40": -0.8932998606762589, "f41": 2.098154185972498, "f42": 1.2725998348432914, "f43": 0.463095926052084, "f44": -0.48272874966950013, "f45": 0.21373156509593322, "f46": -1.2674411171759707, "f47": -1.929830497686181, "f48": -0.7373216550799168, "f49": 0.7882404407131846, "f5": 1.1819981355106601, "f50": 2.5989223828055614, "f51": 0.16359416797464696, "f52": -1.0397062941609412, "f53": -0.34692948436233884, "f54": -1.2174260605625775, "f55": 1.9171679648570799, "f6": -1.967818042118081, "f7": -0.6825147158770625, "f8": -0.7557192227199647, "f9": 2.4434848106208884}, "datetime": {"datetime": "2023-01-25 16:43:13", "elapsed": 8061.33314, "delta": 57.737454}}
{"target": 0.023566078174939983, "params": {"f0": -0.37392118863700796, "f1": -2.2271207419984775, "f10": 0.8710471702604929, "f11": -0.0024788626838493366, "f12": -0.07043747299757397, "f13": 0.9612074242125216, "f14": 1.3719589537144365, "f15": 0.6630827141272531, "f16": -0.7166771555550988, "f17": 1.11037571416813, "f18": -0.5637716880505983, "f19": 1.3907190617872238, "f2": -1.4531772437686086, "f20": -1.572402889975689, "f21": 1.1184321403951762, "f22": -0.7127758753663771, "f23": 0.07944624010478962, "f24": -0.1727516415759719, "f25": -0.5699571012054221, "f26": -1.0246667436326569, "f27": -2.05927651063301, "f28": 1.191750007633442, "f29": -1.996156521758552, "f3": -0.7049409011373178, "f30": 1.3892269464804416, "f31": -1.0514427344638715, "f32": -0.5727807505078181, "f33": 1.3531984072670293, "f34": 0.7275248542835788, "f35": -0.8363947528930207, "f36": -1.7592918844721062, "f37": -2.01989788525691, "f38": -2.2758037791248307, "f39": -2.0893826072066815, "f4": -1.2481971974566792, "f40": -0.7084223978367783, "f41": 1.5207663823250797, "f42": 1.5069045249918585, "f43": 0.658149492576749, "f44": -0.6096312563096886, "f45": 0.21029545156910884, "f46": -0.5709906871072321, "f47": -1.928211018061233, "f48": -0.7911235716314742, "f49": 0.14670139487511352, "f5": 2.1174788890630794, "f50": 1.128748901756264, "f51": -0.03853290877769951, "f52": -0.5847982149207498, "f53": -0.3555631525934245, "f54": -0.48194176827817736, "f55": 2.3559560406135907, "f6": -2.9007814947597312, "f7": -1.3185008694190818, "f8": -1.081488114952759, "f9": 0.8716304070118477}, "datetime": {"datetime": "2023-01-25 16:44:05", "elapsed": 8113.694233, "delta": 52.361093}}
{"target": 0.21153351153347577, "params": {"f0": -1.1217995665639582, "f1": -2.155395169036696, "f10": 2.2059372720204142, "f11": -0.4003826706896726, "f12": -0.06412621042411593, "f13": 1.3164149028134855, "f14": 2.2244102624050854, "f15": 2.4663967945036775, "f16": -0.4195663709060553, "f17": 0.9662447997476658, "f18": -0.8489373974287062, "f19": 1.0076548753297996, "f2": -1.7645617986147275, "f20": -2.5570773385070424, "f21": 0.4725179896001381, "f22": -1.8773643694650424, "f23": 0.1249636698852502, "f24": -0.7379000122637491, "f25": -0.8869324044430021, "f26": -0.709206322691567, "f27": -1.5905672024431294, "f28": 1.6070621217810024, "f29": -1.9931497967865346, "f3": -0.7689326638225502, "f30": 0.7318326122321477, "f31": -1.1169242652943705, "f32": -0.8864947187950638, "f33": 0.40407174965772485, "f34": 0.40139420016824223, "f35": -0.3158044720995483, "f36": -1.0673142489404606, "f37": -0.5141288885363666, "f38": -1.7036686067960558, "f39": -1.0193745800058014, "f4": -0.570850131849332, "f40": -1.4115771663543293, "f41": 1.8777874939336912, "f42": 1.8299899238660398, "f43": 0.28071166393757496, "f44": -0.8831901988845328, "f45": 0.15592568446095173, "f46": -2.469066914046672, "f47": -2.2772837645153654, "f48": -0.3191660664018894, "f49": 0.8867919531040476, "f5": 2.230982028933574, "f50": 2.6683808862769047, "f51": 0.01019401850152328, "f52": -1.5005396165676856, "f53": -0.3381474363375446, "f54": -0.9176040165486878, "f55": 1.5483485249241524, "f6": -2.4050744103327206, "f7": -1.0293488362034608, "f8": -0.47500871212060924, "f9": 1.6842208402516965}, "datetime": {"datetime": "2023-01-25 16:45:16", "elapsed": 8184.873149, "delta": 71.178916}}
{"target": 0.28846439689532943, "params": {"f0": -0.1924673940648024, "f1": -2.0510817401411323, "f10": 1.961469957692211, "f11": -0.2718032253846741, "f12": -0.46225334097399057, "f13": 0.34000402577115046, "f14": 1.8868016054992065, "f15": 1.9608688789025168, "f16": -0.8069109066605353, "f17": 0.7972483852729215, "f18": -1.8440629680550544, "f19": 0.6296736324762605, "f2": -1.126624452183749, "f20": -1.8038686547138358, "f21": 0.9924802562086932, "f22": -1.5545794317669546, "f23": -0.21647709163987736, "f24": -0.5970265153784395, "f25": -0.09343933352701161, "f26": -0.8839575210599161, "f27": -1.227830048896904, "f28": 1.1753705655063087, "f29": -1.3058756822590663, "f3": -0.5271941036325326, "f30": 0.47919676348911966, "f31": -1.1772430871145627, "f32": -0.4808078276819563, "f33": 1.6343489122140054, "f34": 0.42700246169491973, "f35": -0.45783896024140114, "f36": -2.8075719146617075, "f37": -0.7325672391584923, "f38": -2.5678861653205374, "f39": -0.8014455347011145, "f4": -1.710323612694301, "f40": -0.8662521980162899, "f41": 1.7441079769192287, "f42": 1.4773579216469879, "f43": 1.1304243780877068, "f44": -0.0011416978676925815, "f45": 0.0813417587010194, "f46": -0.8847625906168926, "f47": -1.0145111185255535, "f48": -0.38319154939635136, "f49": 0.9320860966392178, "f5": 1.5928780056482028, "f50": 1.4027367208756534, "f51": 0.4400290344441583, "f52": -1.2181189013148261, "f53": -0.16603913923700364, "f54": -0.9797955979847449, "f55": 2.732715631902631, "f6": -1.637284343194335, "f7": -0.7825265566284603, "f8": -1.0569196776418428, "f9": 0.842254751997067}, "datetime": {"datetime": "2023-01-25 16:46:09", "elapsed": 8237.985063, "delta": 53.111914}}
{"target": 0.41889742478532904, "params": {"f0": -0.5908741740969076, "f1": -1.0370896221242618, "f10": 1.7453172589874208, "f11": -0.48582185716594867, "f12": 0.04125025394899806, "f13": 1.2736552480325436, "f14": 1.5615746263588977, "f15": 1.4213943370967983, "f16": -0.729519343582457, "f17": 1.4448131809051095, "f18": -0.8143655681490423, "f19": 1.2100484640251734, "f2": -2.3316093304781513, "f20": -0.8896665610482954, "f21": 0.24673056931642517, "f22": -0.8977696663927575, "f23": -0.06410979559690422, "f24": -0.8207688581145463, "f25": -0.7340696126343775, "f26": -0.9399797785894979, "f27": -1.8372362841595657, "f28": 1.6558100036875056, "f29": -1.4853528083004994, "f3": -0.8729776422782187, "f30": 1.21317341313554, "f31": -0.714013593147805, "f32": -0.36445579563582475, "f33": 1.5695902855639736, "f34": 1.4857354945090702, "f35": -0.4907104092464776, "f36": -2.907395779921836, "f37": -1.2648991997736396, "f38": -2.1719522242512435, "f39": -2.0693231404101726, "f4": -1.1970925523784532, "f40": -1.3572380336565644, "f41": 1.796274791266129, "f42": 1.2559017879424221, "f43": 0.8623933328914037, "f44": -0.1979855477005572, "f45": -0.32649897640573045, "f46": -1.7122333273364327, "f47": -0.8430649352974928, "f48": -1.015043036133762, "f49": 0.7212051430253871, "f5": 0.652207961295912, "f50": 1.6112693801863405, "f51": 0.0866198365129259, "f52": -0.8107035673648517, "f53": -0.6098148380334656, "f54": -0.890929209065707, "f55": 2.775988580815502, "f6": -0.6953105503703467, "f7": -0.5924026860718682, "f8": -0.751345597234395, "f9": 1.771352737539479}, "datetime": {"datetime": "2023-01-25 16:47:12", "elapsed": 8300.695688, "delta": 62.710625}}
{"target": 0.1785511837002838, "params": {"f0": -0.3759264245776385, "f1": -1.4624630105171792, "f10": 2.3861037609738798, "f11": -0.3588480040031998, "f12": -0.7755881114664165, "f13": 0.25629957660583713, "f14": 2.245848995845107, "f15": 1.0477998694325277, "f16": -0.6325128624674701, "f17": 1.204026876716111, "f18": -2.2737985530510247, "f19": 1.1827657085821548, "f2": -0.6009411797751731, "f20": -1.0729442267846465, "f21": 1.1131971575561175, "f22": -1.5918705340286885, "f23": 0.11441085967312203, "f24": -0.35832962600840323, "f25": -0.8722961670131147, "f26": -1.350419296359802, "f27": -1.431895261511576, "f28": 1.022538240136605, "f29": -1.792371454166947, "f3": -1.0790956863611543, "f30": 1.6470444515843905, "f31": -0.767293930450126, "f32": -0.462888232225098, "f33": 0.6495965005049453, "f34": 1.4674607779982376, "f35": -0.30864124937940574, "f36": -2.640819644295523, "f37": -1.556439365271211, "f38": -1.35875510193442, "f39": -0.5183632961441493, "f4": -0.5569768430498132, "f40": -1.1053060248281117, "f41": 0.8106000706103886, "f42": 2.3303227662408075, "f43": 0.7728046680146234, "f44": -0.7101327169015006, "f45": 0.0310623417537087, "f46": -2.1055282354429585, "f47": -2.866206935812446, "f48": -1.027878601343328, "f49": 0.4958518702786645, "f5": 2.1342870767748106, "f50": 2.0362925706009163, "f51": 0.08626231984510802, "f52": -1.6239764282209728, "f53": -0.7367834805935237, "f54": -0.8990645702035427, "f55": 2.6797430980553987, "f6": -0.6045878129934459, "f7": -1.219486670840434, "f8": -1.0319288445662793, "f9": 1.1756540717146087}, "datetime": {"datetime": "2023-01-25 16:48:31", "elapsed": 8379.394213, "delta": 78.698525}}
{"target": 0.19909357076669482, "params": {"f0": -0.8116391071582012, "f1": -1.0145225105821534, "f10": 1.7601784976539059, "f11": -0.5386375018671856, "f12": -0.507658108488579, "f13": 0.6299109711330528, "f14": 1.9226881338182071, "f15": 0.6075376083938926, "f16": -0.24251506013201152, "f17": 1.2629922099760051, "f18": -1.6286000525768203, "f19": 1.6414787477720005, "f2": -1.6090707911127686, "f20": -1.4655599820353002, "f21": 0.5379379085558057, "f22": -0.9865799455004388, "f23": -0.013206443851345895, "f24": -0.255225568278415, "f25": -0.15347520373593204, "f26": -1.1862858423851819, "f27": -2.0167698085581005, "f28": 0.5613467201809138, "f29": -0.9389375134241025, "f3": -0.47373487590869745, "f30": 1.3128896241440433, "f31": -0.7294869599320447, "f32": -0.5709266450798576, "f33": 0.9828499254064565, "f34": 1.721931566076461, "f35": -0.3745456917959553, "f36": -2.5717224296948458, "f37": -0.5591368609126479, "f38": -0.935099712917403, "f39": -0.9036542410410711, "f4": -0.8765712250996558, "f40": -1.3252254288519507, "f41": 1.266270419563516, "f42": 2.23959376900508, "f43": 0.23288943175527974, "f44": -0.047804878771798176, "f45": -0.06534701874501336, "f46": -0.7143341160468863, "f47": -0.673562038062256, "f48": -1.3113012002814548, "f49": 0.5813637866184268, "f5": 0.5256911495526988, "f50": 2.823924644033379, "f51": 0.7519577071895212, "f52": -1.5122203337166211, "f53": -0.7002620754660517, "f54": -0.38912784846574067, "f55": 2.0376243804752145, "f6": -2.703691611898067, "f7": -0.5173830913656242, "f8": -0.5818046657343869, "f9": 1.0752545919716014}, "datetime": {"datetime": "2023-01-25 16:49:17", "elapsed": 8425.122128, "delta": 45.727915}}
{"target": 0.40623694351420075, "params": {"f0": -0.59643288522893, "f1": -1.8089139734253306, "f10": 0.7795240142348279, "f11": -0.42091208969648675, "f12": -0.3195630077413716, "f13": 0.5892724189929536, "f14": 1.3521345253373418, "f15": 0.7672539898557658, "f16": -0.3378917295954076, "f17": 1.2890491677555278, "f18": -0.6239553623259744, "f19": 0.9074542670051244, "f2": -1.932823133235237, "f20": -1.4815232615736242, "f21": 0.22078118980111694, "f22": -0.8847705909359769, "f23": 0.0444528918621393, "f24": -0.6040908203238463, "f25": -0.6628704349051331, "f26": -0.7810891382625884, "f27": -1.552632495705215, "f28": 0.47475609716519596, "f29": -0.8018538827632193, "f3": -0.46143510082071837, "f30": 0.6399733115443125, "f31": -0.27248492558937865, "f32": -0.8678931800982487, "f33": 0.38164275461078767, "f34": 0.5665906961953879, "f35": -0.7094287574099568, "f36": -1.376527074049613, "f37": -1.6011037109753459, "f38": -2.5377099037760114, "f39": -0.731701878281821, "f4": -1.390290223258726, "f40": -1.5018269480167867, "f41": 0.6614730957892911, "f42": 2.210705110909469, "f43": 0.3829619304734986, "f44": -0.2830334097922379, "f45": 0.29445474212562733, "f46": -2.2412459252891055, "f47": -1.743396978931363, "f48": -0.6443745940639299, "f49": 0.957179120789979, "f5": 2.420522841444123, "f50": 0.5460728721736784, "f51": 0.058124933806430606, "f52": -1.0186969012042857, "f53": -0.10738037371794351, "f54": -0.9003825895951633, "f55": 1.4244296611338576, "f6": -2.9267504305185192, "f7": -1.3748686967181685, "f8": -0.2865052837952089, "f9": 1.9481848686854388}, "datetime": {"datetime": "2023-01-25 16:50:09", "elapsed": 8477.122755, "delta": 52.000627}}
{"target": 0.28658608806298663, "params": {"f0": -1.1120604118667938, "f1": -2.2141753809456755, "f10": 2.708812986581401, "f11": -0.47044490820385165, "f12": -0.5858962530208005, "f13": 1.1791834511345174, "f14": 0.9258927711742213, "f15": 0.5766146926078014, "f16": -0.28007856055873315, "f17": 1.4581264921372887, "f18": -1.2852757931033385, "f19": 0.9273905731153003, "f2": -0.5283559479816531, "f20": -1.815770254706838, "f21": 0.8011226256806713, "f22": -1.3759546990418046, "f23": -0.4366692766885868, "f24": -0.7207135657689991, "f25": -0.09620173510240615, "f26": -1.2359009220016826, "f27": -0.97265198292724, "f28": 0.8374401207931421, "f29": -0.9989461959669943, "f3": -0.7681733728327, "f30": 1.4434059275194506, "f31": -0.8223847739012476, "f32": -0.4631802834179357, "f33": 0.41324346649118626, "f34": 1.393809645742955, "f35": -0.8702375629558463, "f36": -1.1233966280464769, "f37": -2.335565876440291, "f38": -0.5254583520879463, "f39": -1.0559168567440036, "f4": -1.13945418919617, "f40": -0.603983721303768, "f41": 1.631166390683492, "f42": 1.8473518471504935, "f43": 0.18378615153006111, "f44": -0.24048133034289665, "f45": 0.15795985950714692, "f46": -1.3195928278563966, "f47": -1.6114691678774717, "f48": -1.4631778848157733, "f49": 0.8176172774565509, "f5": 0.7949822232678923, "f50": 2.002237203874973, "f51": 0.11461430953158039, "f52": -0.4182026777565093, "f53": -0.3525650210678969, "f54": -0.7797594542033695, "f55": 1.363042747949843, "f6": -1.0868926198685083, "f7": -0.2872808177843209, "f8": -0.581744580402364, "f9": 1.9332853425019245}, "datetime": {"datetime": "2023-01-25 16:50:46", "elapsed": 8515.022674, "delta": 37.899919}}
{"target": 0.022809016643696167, "params": {"f0": -0.7579449647977687, "f1": -1.664589536402775, "f10": 2.7287051997972336, "f11": -0.3884947675137657, "f12": -0.4246139219948336, "f13": 1.3091165395334996, "f14": 2.2113092335878872, "f15": 2.3041120966810418, "f16": -0.4022200324437357, "f17": 0.34740635954969723, "f18": -0.745583490276053, "f19": 1.2185712754973972, "f2": -1.547613778710318, "f20": -1.2463625815808714, "f21": 1.281685734872395, "f22": -0.6237769173945953, "f23": -0.2921037644340344, "f24": -0.26003069742101415, "f25": -0.7512525463758541, "f26": -1.0800759302137513, "f27": -0.9695732431954394, "f28": 0.5530539193186523, "f29": -1.0808622923627371, "f3": -0.446157112998789, "f30": 1.1370717617156032, "f31": -1.1415945220736508, "f32": -1.274340333342373, "f33": 0.8701497973966954, "f34": 0.546183586947606, "f35": -1.2533939970840924, "f36": -1.7199821532472468, "f37": -0.7334297761885007, "f38": -1.3189943599455918, "f39": -1.3383062590313635, "f4": -1.2246455859893444, "f40": -1.3716911582557805, "f41": 1.8901161204762036, "f42": 1.723847740463243, "f43": 0.9960995896904881, "f44": -0.5171980057900603, "f45": 0.00249038570410387, "f46": -2.690536704723127, "f47": -1.387440530328163, "f48": -0.3327685812945078, "f49": 0.7844076070151357, "f5": 1.5792850536841994, "f50": 1.839722724504747, "f51": 0.37785481539496985, "f52": -1.6032678921355004, "f53": -0.028368228129092676, "f54": -0.4696762634417271, "f55": 2.05795332708225, "f6": -0.6608813437179855, "f7": -1.1264496292655668, "f8": -0.364600685789357, "f9": 1.1823990629795915}, "datetime": {"datetime": "2023-01-25 16:51:07", "elapsed": 8535.552336, "delta": 20.529662}}
{"target": 0.16439223107106948, "params": {"f0": -1.0742624975399657, "f1": -2.0622181149337786, "f10": 1.424590011804054, "f11": -0.07357279602139738, "f12": -0.727256720843091, "f13": 1.174664780639438, "f14": 1.3429404346292784, "f15": 1.9412371545330467, "f16": -0.9347219008778337, "f17": 1.2898763258749515, "f18": -0.6429164104098155, "f19": 0.6553237567823236, "f2": -1.4959636855586513, "f20": -0.6707163814961024, "f21": 0.4690839999731184, "f22": -0.7084676830860583, "f23": 0.07029062542403086, "f24": -0.1078206566545642, "f25": -0.8708680926136972, "f26": -0.8040877225566135, "f27": -2.6423819019773647, "f28": 1.264893145100592, "f29": -2.958212036095378, "f3": -0.9796863024540438, "f30": 0.36432286790740664, "f31": -0.4820113259299449, "f32": -1.130786418653896, "f33": 0.5693908877728406, "f34": 1.8201311245321634, "f35": -1.0701351601524798, "f36": -1.0965461671026027, "f37": -1.6935555006260152, "f38": -2.051769014767562, "f39": -2.0499164038547955, "f4": -1.9071227833219062, "f40": -0.8469832048531488, "f41": 1.5492386706428622, "f42": 0.513013115763688, "f43": 0.6873324343460139, "f44": -0.35701127486144646, "f45": -0.11866733148439096, "f46": -2.1232411552277775, "f47": -1.0175597932395688, "f48": -1.14479884013784, "f49": 0.2940833479567653, "f5": 0.7397336492493762, "f50": 1.8856698875346878, "f51": 0.3381480055081696, "f52": -0.7896445817744178, "f53": -0.41123700751184566, "f54": -0.39239956574324963, "f55": 2.697847865301329, "f6": -0.6191935010193879, "f7": -0.6159761097162433, "f8": -0.18096417590039282, "f9": 2.5529723937525524}, "datetime": {"datetime": "2023-01-25 16:51:24", "elapsed": 8552.378249, "delta": 16.825913}}
{"target": 0.670510291770089, "params": {"f0": -0.8294281553264028, "f1": -1.1316748613887222, "f10": 2.4148592360728998, "f11": 0.1257092343888917, "f12": -0.6270668052967856, "f13": 1.1156247378276432, "f14": 2.107583710848456, "f15": 1.145426752564595, "f16": -0.38855114680095304, "f17": 0.5420590908922505, "f18": -1.9595979480891614, "f19": 0.6759053251597376, "f2": -2.4390218129734786, "f20": -1.812514706357768, "f21": 1.2553539499127604, "f22": -0.8479051195438769, "f23": 0.06694367014689029, "f24": -0.45650811231568145, "f25": -0.2608931328825871, "f26": -0.28154001341692303, "f27": -2.951860589101274, "f28": 1.442749069927361, "f29": -0.5116377897361089, "f3": -1.012924758120973, "f30": 0.961230367889544, "f31": -0.6272543452711659, "f32": -1.1668499286248302, "f33": 1.1566207843080316, "f34": 1.6336746441844423, "f35": -0.3843231442876086, "f36": -2.3842684729311676, "f37": -1.4496003840346376, "f38": -0.5717362691501497, "f39": -2.274820577591108, "f4": -0.9864663241755958, "f40": -0.7407032689787606, "f41": 2.015031693876738, "f42": 0.7732301392488283, "f43": 0.4788596767444981, "f44": -0.41254728804113516, "f45": 0.11811830213865299, "f46": -1.1892942762338854, "f47": -0.784535325644204, "f48": -0.8873957232552474, "f49": 0.8425150660596435, "f5": 2.4101569335119617, "f50": 2.3531706813289563, "f51": 0.4577258315747216, "f52": -1.6990114441097999, "f53": -0.9218491350031248, "f54": -0.5389970364997934, "f55": 1.5239865613311219, "f6": -2.9962713238715355, "f7": -1.3341740073575208, "f8": -0.9058341071765083, "f9": 2.6365604343384423}, "datetime": {"datetime": "2023-01-25 16:51:59", "elapsed": 8588.054598, "delta": 35.676349}}
