{"target": 0.7592552010984117, "params": {"f0": -0.6105317505964547, "f1": -1.8161183817021074, "f10": 1.4281549462153493, "f11": 1.4020151088336181, "f12": 0.02008961040292199, "f13": 0.8654653393679617, "f14": -0.7678689670433418, "f15": -2.5774661803312124, "f16": -0.46066967649993396, "f17": -1.9594442667867513, "f18": 1.0416747937105746, "f19": -0.3582296438217881, "f2": -2.0883057246543193, "f20": 1.5495225010399702, "f21": -2.3791956534935403, "f22": 2.572801940909609, "f23": 1.6201892336392258, "f24": -1.9744557642786806, "f25": -0.2415386246956427, "f26": -1.9279937443583623, "f27": -2.106561383649047, "f28": 1.0202567975640298, "f29": 1.8504459515246825, "f3": 0.260601882164713, "f30": 1.0489042615742667, "f31": -1.1704943504017757, "f32": -0.31430477476201235, "f33": 1.6770462701910567, "f34": 2.846004721424618, "f35": -0.016587062478650622, "f36": 0.49265762754943293, "f37": -0.07699917475939437, "f38": 2.681012723764218, "f39": 0.808212440132983, "f4": 2.07051033945499, "f40": 1.1174793326429409, "f41": 0.9387938534403897, "f42": -2.412543729165856, "f43": 1.8627427844837212, "f44": -1.2887743738148738, "f45": 1.0429250727622998, "f46": 1.4215127129050034, "f47": -1.846011617699131, "f48": 0.19027567818856353, "f49": -0.3235583259359671, "f5": 0.9469341459283611, "f50": -2.4650209077940377, "f51": -0.7398794466609919, "f52": -1.6644813781449632, "f53": 1.9014999954308205, "f54": 1.8918800434259346, "f55": -0.32916915556065446, "f6": -2.4296201362729914, "f7": 1.366216137029395, "f8": 2.264274659656426, "f9": -1.7384470841257307}, "datetime": {"datetime": "2023-01-24 18:13:23", "elapsed": 6565.92858, "delta": 6.542656}}
{"target": 0.7592552010984117, "params": {"f0": -0.5887335805486351, "f1": -1.7071669506543392, "f10": 1.157424520697842, "f11": 1.3872774163913209, "f12": 0.04277892831649557, "f13": 0.524014144278209, "f14": -0.833408703468759, "f15": -2.9159289758707594, "f16": -0.43217527198211747, "f17": -1.7905327290946729, "f18": 1.0785332754725054, "f19": -0.32127215040966584, "f2": -1.9967613485949642, "f20": 1.40387324051398, "f21": -2.2800208184961077, "f22": 2.069188014234713, "f23": 1.5614785203395778, "f24": -1.9303601633318215, "f25": -0.09103771715441031, "f26": -1.6979177237460585, "f27": -1.9626960561119295, "f28": 0.9600049087135776, "f29": 1.6986900369991784, "f3": 0.10435307668573805, "f30": 1.1066829440120678, "f31": -1.428832928218124, "f32": -0.6449267519194962, "f33": 1.5920174568227745, "f34": 2.595985923740415, "f35": -0.15819563094315045, "f36": 0.5726959867861633, "f37": -0.07344234467989436, "f38": 2.403477579301347, "f39": 0.8508955203613964, "f4": 2.2722247551712953, "f40": 1.5078488725003296, "f41": 1.1015944667375848, "f42": -2.6713752856553885, "f43": 2.043662730189094, "f44": -1.4976433509403597, "f45": 0.9903006729800047, "f46": 1.3091298884516478, "f47": -1.6840194483692512, "f48": 0.059562168769904354, "f49": -0.16728157842321614, "f5": 0.9772204391372168, "f50": -2.4678627509840116, "f51": -0.9457084663835589, "f52": -1.9504988834031725, "f53": 1.9558164116291443, "f54": 1.9928920278478301, "f55": -0.08857522367371845, "f6": -2.200958175778299, "f7": 1.5150549873112928, "f8": 2.17476385942838, "f9": -1.8925660894141305}, "datetime": {"datetime": "2023-01-24 18:13:30", "elapsed": 6573.715452, "delta": 7.786872}}
{"target": 0.7592552010984117, "params": {"f0": -0.42167935693621694, "f1": -1.6881173891379524, "f10": 1.1156886156200974, "f11": 1.5939501309572044, "f12": 0.19691287426120352, "f13": 0.5401651959901926, "f14": -0.7572784362988714, "f15": -2.614371053553393, "f16": -0.624011300783784, "f17": -1.6814098528928316, "f18": 1.3432829464650236, "f19": -0.6173373344471429, "f2": -1.8560457445891443, "f20": 1.4380729312720255, "f21": -1.986663152744865, "f22": 2.2565998949975916, "f23": 1.6753119240869838, "f24": -1.787373019402389, "f25": -0.17733154610523444, "f26": -1.76023716096734, "f27": -2.0891700344887876, "f28": 0.8302122254934301, "f29": 1.737096555377796, "f3": 0.6051899331812721, "f30": 1.256361944521481, "f31": -1.2410345067424182, "f32": -0.3815285261785713, "f33": 1.523974277607052, "f34": 2.9810957117170194, "f35": -0.015344070443371601, "f36": 0.4248803718741918, "f37": 0.026757907103720092, "f38": 2.9595041479506614, "f39": 0.7876002499623687, "f4": 2.1365416101233934, "f40": 1.633173523686306, "f41": 0.9550509418015246, "f42": -2.7567239895282225, "f43": 1.9548321669137152, "f44": -1.3926908315815731, "f45": 0.9734734503352046, "f46": 1.5451372374440833, "f47": -1.7213614396441388, "f48": 0.3126271354473424, "f49": -0.453762955336102, "f5": 1.251587568529138, "f50": -2.4451473852179624, "f51": -0.7014583609304106, "f52": -1.7757383692341382, "f53": 1.9642106678597044, "f54": 2.1181321221594818, "f55": -0.3152608882563388, "f6": -2.12028898077178, "f7": 1.310294411781405, "f8": 2.492088045668993, "f9": -1.7787291172798099}, "datetime": {"datetime": "2023-01-24 18:13:34", "elapsed": 6577.254636, "delta": 3.539184}}
{"target": 0.7592552010984117, "params": {"f0": -0.2706788068420338, "f1": -1.627570649921814, "f10": 1.4694042878268068, "f11": 1.6765867264311831, "f12": 0.326258294992832, "f13": 0.4501689136950446, "f14": -1.067982323873942, "f15": -2.778823707059258, "f16": -0.29468952549375665, "f17": -1.69378623322279, "f18": 1.0222872053144285, "f19": -0.45285256745126634, "f2": -1.9235039205003555, "f20": 1.6407918781788695, "f21": -2.275897630757994, "f22": 2.484938490412531, "f23": 1.9125319597996322, "f24": -1.666457489749053, "f25": -0.3673791849130387, "f26": -1.7367740292984537, "f27": -1.9288345040625177, "f28": 1.058408765635762, "f29": 1.5774721754728533, "f3": 0.1256875416337678, "f30": 1.1832082809493372, "f31": -1.4127000786599224, "f32": -0.2369019985156074, "f33": 1.516455047611977, "f34": 2.5608893462301716, "f35": 0.16652090456762816, "f36": 0.8219875454881496, "f37": 0.0616158279272192, "f38": 2.9639779497835343, "f39": 0.6383384852393547, "f4": 2.438103430559988, "f40": 1.3126197870599874, "f41": 0.8784156576706648, "f42": -2.730915802002766, "f43": 1.8228147570113469, "f44": -1.1501257184559817, "f45": 0.9531113641088708, "f46": 1.2288118647516377, "f47": -1.687242156744298, "f48": 0.07482629927563225, "f49": -0.5029361395871164, "f5": 1.1596411158741977, "f50": -2.418072146085609, "f51": -0.7643607895383295, "f52": -1.708001929003686, "f53": 1.7464304217560729, "f54": 1.77627031913927, "f55": 0.07612921854336913, "f6": -2.2631779824832368, "f7": 1.4717170907373587, "f8": 2.421387268928169, "f9": -1.9640902379652123}, "datetime": {"datetime": "2023-01-24 18:13:38", "elapsed": 6581.225909, "delta": 3.971273}}
{"target": 0.7592552010984117, "params": {"f0": -0.4481509111504258, "f1": -1.4182999021428708, "f10": 1.3235202306084497, "f11": 1.726297155652975, "f12": 0.0897142014575941, "f13": 0.5849159088153286, "f14": -0.968820550713106, "f15": -2.41580958513478, "f16": -0.04399459482717461, "f17": -1.7188104990407824, "f18": 1.206124017779579, "f19": -0.476563347091292, "f2": -2.0661242886837616, "f20": 1.7036219646211324, "f21": -2.303457102886432, "f22": 2.1460334642109715, "f23": 1.560240660921395, "f24": -1.9269656779084359, "f25": -0.2764954562467889, "f26": -2.152668210837739, "f27": -2.0932041193852533, "f28": 0.96766234324911, "f29": 1.3602782910421292, "f3": 0.5377252763242922, "f30": 1.0465826093794033, "f31": -1.550839030175773, "f32": -0.560824720866423, "f33": 1.800397960778402, "f34": 2.486973639273198, "f35": 0.13579709125594025, "f36": 0.4558952177419517, "f37": 0.1405971435217754, "f38": 2.8741923592285747, "f39": 0.9698717807152352, "f4": 1.9514771260033825, "f40": 1.3697601366550798, "f41": 0.9025013640955861, "f42": -2.7103452267674863, "f43": 1.8494018426925463, "f44": -1.2749208293759655, "f45": 1.3426966564138247, "f46": 1.5119773189474401, "f47": -1.5410501089645123, "f48": -0.23806548391375376, "f49": -0.3517435368343202, "f5": 1.0567187100122908, "f50": -2.3809769770662284, "f51": -0.5129106827454639, "f52": -1.9678395298307245, "f53": 1.628462119821137, "f54": 2.0738690025364823, "f55": -0.15002414044635506, "f6": -2.256768506587715, "f7": 1.3046203340919131, "f8": 2.1260132902971915, "f9": -1.666888689522388}, "datetime": {"datetime": "2023-01-24 18:13:41", "elapsed": 6584.620684, "delta": 3.394775}}
{"target": 0.7592552010984117, "params": {"f0": -0.2241483610458103, "f1": -1.7625295660308153, "f10": 1.2390546290411906, "f11": 1.765018224928465, "f12": 0.391103946710833, "f13": 0.4903320677501806, "f14": -0.8679928000142083, "f15": -2.815428292892539, "f16": -0.006373427324404534, "f17": -1.6832242842175786, "f18": 1.3675799498960153, "f19": -0.4736530946853658, "f2": -1.8925755209508448, "f20": 1.4430143390021766, "f21": -2.3606411707304003, "f22": 1.9578514755293857, "f23": 1.4338484672758134, "f24": -1.5797721988368472, "f25": -0.36543711847692084, "f26": -1.986252895961475, "f27": -2.0345278538209426, "f28": 1.3226806498459864, "f29": 1.8581496959227974, "f3": 0.22583785810906562, "f30": 0.8437287003620695, "f31": -1.4098930818315156, "f32": -0.0816197454348018, "f33": 1.719288555925646, "f34": 2.5634311889952865, "f35": -0.05342025309557214, "f36": 0.5403448464317028, "f37": -0.3707471134583982, "f38": 2.8328697428507987, "f39": 0.8918570571367339, "f4": 2.122734040121066, "f40": 1.5714867515207918, "f41": 1.2387223066753985, "f42": -2.1214381114741587, "f43": 1.8050087402372463, "f44": -1.1841561439247967, "f45": 1.2956818122757237, "f46": 1.4886153374812294, "f47": -1.9585467358862088, "f48": 0.057522680716645666, "f49": -0.33144233750832275, "f5": 0.970420465955701, "f50": -2.3283398455108326, "f51": -0.4842646739214871, "f52": -1.6966752679414319, "f53": 1.7556249655113743, "f54": 2.079871766378484, "f55": -0.43678520448270863, "f6": -2.0457684876817184, "f7": 1.5772132520026134, "f8": 2.483054026793937, "f9": -1.9476973594895224}, "datetime": {"datetime": "2023-01-24 18:13:44", "elapsed": 6587.716853, "delta": 3.096169}}
{"target": 0.6493879897263989, "params": {"f0": -0.547707421084033, "f1": -1.4214583451229177, "f10": 1.15611221683521, "f11": 1.4459125238719612, "f12": 0.3545715127012937, "f13": 0.4465056962364269, "f14": -0.5768437427481036, "f15": -2.8735281160183113, "f16": -0.4356903784383683, "f17": -1.6798212536321793, "f18": 1.2200355374471288, "f19": -0.4213590211337995, "f2": -2.1497387155854617, "f20": 1.513766417254484, "f21": -2.4471715533067395, "f22": 2.590844121567965, "f23": 1.4656008621382144, "f24": -1.5667155336103216, "f25": -0.09259632032549132, "f26": -1.9690679086576897, "f27": -1.6249707059790708, "f28": 0.9197804028889022, "f29": 1.7902856342611038, "f3": 0.29894621578967445, "f30": 0.7597309405168345, "f31": -1.0838139717082171, "f32": -0.5374131096936857, "f33": 2.0721020868246316, "f34": 2.864735589216436, "f35": -0.017814016919255996, "f36": 0.4248803718741918, "f37": -0.4411053102494295, "f38": 3.2070654738837736, "f39": 1.0223229790454476, "f4": 1.9163536138010668, "f40": 1.7096724974918445, "f41": 0.7693954485786473, "f42": -2.562509830873808, "f43": 1.7183784575464705, "f44": -1.3187587235498555, "f45": 1.2423420598902697, "f46": 1.183985078285027, "f47": -1.8975382646580425, "f48": -0.3130865854197832, "f49": -0.17665343881185283, "f5": 1.2296171664289282, "f50": -2.2511271569006404, "f51": -0.48909629759707757, "f52": -1.7643662314914876, "f53": 1.6982341790970823, "f54": 1.7431575754585071, "f55": 0.24061844365481638, "f6": -2.123205704036683, "f7": 1.5122065895840004, "f8": 2.4002366796069023, "f9": -1.9574726030499623}, "datetime": {"datetime": "2023-01-24 18:13:48", "elapsed": 6590.818732, "delta": 3.101879}}
{"target": 0.6687810365027238, "params": {"f0": -0.24071891812505852, "f1": -1.5611166739483067, "f10": 1.0711453689073818, "f11": 1.5944667927840221, "f12": -0.006320167342748369, "f13": 0.4877463282044724, "f14": -0.8147521350375273, "f15": -2.6452218920915977, "f16": -0.13422849912411064, "f17": -1.6806090218361498, "f18": 1.3714726191686422, "f19": -0.03585145440041426, "f2": -1.8954198124498887, "f20": 1.462056201133384, "f21": -1.8182852828707676, "f22": 2.675821093466543, "f23": 1.6563511943350837, "f24": -2.167841091109381, "f25": -0.6134372724816884, "f26": -1.5160393563042116, "f27": -2.2485823002758427, "f28": 1.3239132220716505, "f29": 1.8425065583369722, "f3": 0.036652575007527465, "f30": 1.2871887732223226, "f31": -1.5913068062129883, "f32": -0.07612215744768332, "f33": 1.789449906107931, "f34": 2.528947549276482, "f35": -0.16301656446745716, "f36": 0.4249711933227367, "f37": 0.260122093707981, "f38": 2.8845751364138805, "f39": 0.8883963786753605, "f4": 1.9963643722597368, "f40": 1.67772310206946, "f41": 1.169019098871247, "f42": -2.625504651182987, "f43": 2.0445282919579495, "f44": -0.9198585551002244, "f45": 1.266687749135867, "f46": 1.4265809897493884, "f47": -1.3798561269425038, "f48": 0.16260580529435492, "f49": -0.14615520493674058, "f5": 0.9414285080627975, "f50": -2.208504368846738, "f51": -0.4271073963148024, "f52": -1.6716304902733825, "f53": 1.7226113169961421, "f54": 1.7735989099042675, "f55": -0.5914960741289169, "f6": -2.1340150988589848, "f7": 1.7060388164555849, "f8": 2.0301207625961872, "f9": -1.8243821218673582}, "datetime": {"datetime": "2023-01-24 18:14:43", "elapsed": 6646.547178, "delta": 55.728446}}
{"target": 0.7592552010984117, "params": {"f0": -0.3858371136650135, "f1": -1.930774571035422, "f10": 1.4731367248758371, "f11": 1.3105035432430456, "f12": 0.32065703791890326, "f13": 0.44650569623642683, "f14": -1.1024299923069092, "f15": -2.133283011614421, "f16": 0.09926258464001601, "f17": -1.6798212536321793, "f18": 1.014580636344875, "f19": -0.09781023097348253, "f2": -2.14586018895968, "f20": 1.7380816835192476, "f21": -1.9711323957088875, "f22": 1.8110896819604916, "f23": 1.5410161016259394, "f24": -1.5666861405701984, "f25": 0.1255599253471918, "f26": -1.6967482286339484, "f27": -2.246252985145199, "f28": 1.0794795527440584, "f29": 1.6029848035372742, "f3": 0.5202619016561129, "f30": 1.2480338276873382, "f31": -1.55453854790305, "f32": -0.07581440995218447, "f33": 1.7831930443165451, "f34": 2.8125087297431497, "f35": 0.029056942682289897, "f36": 0.4248803718741918, "f37": -0.2232554023036358, "f38": 2.38780497726064, "f39": 0.7027053215249642, "f4": 2.382061393079082, "f40": 1.4205867770612917, "f41": 0.9255277169432, "f42": -2.6855028935621257, "f43": 1.5679452736196708, "f44": -1.0440518950142212, "f45": 0.9415954585830241, "f46": 1.4702292374845471, "f47": -1.971423655932904, "f48": -0.16158600343894752, "f49": -0.5891964562648478, "f5": 0.8867755955080607, "f50": -2.1626028078005146, "f51": -0.42603882335533383, "f52": -1.6618447637890732, "f53": 2.4086421273919703, "f54": 1.7743845716162268, "f55": -0.2474062982068287, "f6": -2.0367793850721627, "f7": 1.158574904072105, "f8": 2.2395918531119423, "f9": -1.8700281701248749}, "datetime": {"datetime": "2023-01-24 18:14:49", "elapsed": 6652.367956, "delta": 5.820778}}
{"target": 0.362357311015364, "params": {"f0": -1.1650722116325918, "f1": -1.3976097944512675, "f10": 0.9402544649676736, "f11": 1.965308632172797, "f12": 0.3956805138074291, "f13": 0.4465056962364269, "f14": -1.380248972247478, "f15": -3.0783022806381437, "f16": -0.874775134812924, "f17": -1.6798212536321793, "f18": 0.6545167398196581, "f19": -0.03585145440041426, "f2": -2.1769630897587997, "f20": 1.7380816835192476, "f21": -2.6016442563152467, "f22": 2.675821093466543, "f23": 1.3405514965642409, "f24": -1.5666861405701984, "f25": 0.12555992534719174, "f26": -2.250197506489356, "f27": -2.2486502427695547, "f28": 1.4012743169808286, "f29": 1.092629035153525, "f3": 0.8747216998171359, "f30": 1.4365777764546168, "f31": -1.5913068062129883, "f32": -0.07581440995218447, "f33": 2.1067476593026173, "f34": 3.255087847053842, "f35": 0.19781155463565, "f36": 0.4248803718741918, "f37": -0.447810525958122, "f38": 2.2968757041412236, "f39": 1.0429877006894257, "f4": 2.865710942252294, "f40": 0.7096724974918445, "f41": 1.6528534602793545, "f42": -2.9318421758880957, "f43": 1.5679452736196708, "f44": -0.9192915493146867, "f45": 0.6475046600520624, "f46": 1.0879697783330835, "f47": -1.306193889154173, "f48": 0.5346743479532807, "f49": -0.7790260772220554, "f5": 0.8867755955080607, "f50": -2.1502672531553126, "f51": -0.42603882335533383, "f52": -1.6618447637890732, "f53": 2.4086421273919703, "f54": 2.5299579618698296, "f55": -0.6451558113225682, "f6": -2.0367793850721627, "f7": 1.9000775379589037, "f8": 2.0295631022594485, "f9": -1.2569686440342305}, "datetime": {"datetime": "2023-01-24 18:15:27", "elapsed": 6690.723519, "delta": 38.355563}}
{"target": 0.7592552010984117, "params": {"f0": -0.16507221163259178, "f1": -2.073604033923092, "f10": 1.2917694917734657, "f11": 1.3450824847444482, "f12": -0.005976535480653023, "f13": 0.44650569623642683, "f14": -0.6582418599389699, "f15": -2.0783022806381437, "f16": -0.06276712556465765, "f17": -1.6798212536321793, "f18": 1.0477052098166648, "f19": -0.7357929194845602, "f2": -1.9560232848592507, "f20": 1.7380816835192476, "f21": -2.26081066350467, "f22": 1.675821093466543, "f23": 1.8106161289142182, "f24": -1.9900066683430568, "f25": 0.12555992534719176, "f26": -1.7784217293502198, "f27": -2.2486502427695547, "f28": 1.1330917959955313, "f29": 2.092629035153525, "f3": 0.10261436000490352, "f30": 0.858860550726047, "f31": -1.3584637790527325, "f32": -0.07581440995218441, "f33": 1.266699209252784, "f34": 2.255087847053842, "f35": -0.040255734427343, "f36": 0.4248803718741918, "f37": 0.39748884006089347, "f38": 2.8303520072195765, "f39": 0.7054881243975952, "f4": 1.865710942252294, "f40": 1.5675423965077706, "f41": 0.6528534602793545, "f42": -2.5769903650409027, "f43": 1.67103499850534, "f44": -1.4550752354049703, "f45": 1.235253464888852, "f46": 1.3455687228000328, "f47": -1.8222815642912202, "f48": 0.006612730260732971, "f49": -0.1853293602723931, "f5": 0.8867755955080607, "f50": -2.270366825711956, "f51": -0.42603882335533383, "f52": -1.6618447637890732, "f53": 2.0429933288208924, "f54": 1.715989447707436, "f55": 0.04645862413462239, "f6": -2.198109857212741, "f7": 1.2328755248990595, "f8": 2.5119930833704203, "f9": -2.168093680521833}, "datetime": {"datetime": "2023-01-24 18:15:33", "elapsed": 6695.890032, "delta": 5.166513}}
{"target": 0.7592552010984117, "params": {"f0": -0.16507221163259178, "f1": -1.5677015263987537, "f10": 1.652036036922907, "f11": 1.0039046779052045, "f12": 0.3956805138074291, "f13": 0.4465056962364269, "f14": -0.6553475026961398, "f15": -2.172944101678681, "f16": 0.125224865187076, "f17": -1.6798212536321793, "f18": 1.359743263939754, "f19": -0.22343918604465293, "f2": -1.985000850119081, "f20": 1.7380816835192476, "f21": -2.0407891095941313, "f22": 1.7541046270312424, "f23": 1.5663638938089677, "f24": -1.7918531826964756, "f25": 0.1255599253471917, "f26": -1.5751561560118517, "f27": -2.1207827577193226, "f28": 0.9160198264511327, "f29": 2.092629035153525, "f3": 0.4589691104536701, "f30": 1.2887893773055892, "f31": -1.2744279236738998, "f32": -0.07581440995218447, "f33": 1.8197763688457707, "f34": 2.255087847053842, "f35": -0.07780729344483973, "f36": 0.4248803718741918, "f37": -0.21349226026109497, "f38": 2.7365845958578534, "f39": 0.5524316017539731, "f4": 1.865710942252294, "f40": 1.2979403070697586, "f41": 0.6528534602793545, "f42": -2.609216069219419, "f43": 2.2438095197204286, "f44": -0.9192915493146867, "f45": 1.0662076941555994, "f46": 1.50516662270515, "f47": -1.8350275414381212, "f48": -0.1996278418274182, "f49": -0.5030183013372107, "f5": 0.8867755955080607, "f50": -2.2986259629928365, "f51": -1.4260388233553338, "f52": -1.6618447637890732, "f53": 1.4087259870819906, "f54": 2.0537721995165006, "f55": -0.24063138940975742, "f6": -2.161060184929318, "f7": 1.3470637778461394, "f8": 2.5683993777690817, "f9": -1.9178361859686373}, "datetime": {"datetime": "2023-01-24 18:15:41", "elapsed": 6703.845032, "delta": 7.955}}
{"target": 0.46377184493301254, "params": {"f0": -0.16507221163259178, "f1": -1.3976097944512675, "f10": 0.9402544649676736, "f11": 0.965308632172797, "f12": 0.3956805138074291, "f13": 1.4465056962364269, "f14": -0.380248972247478, "f15": -2.0783022806381437, "f16": 0.125224865187076, "f17": -1.6798212536321793, "f18": 1.654516739819658, "f19": -0.03585145440041426, "f2": -2.1769630897587997, "f20": 1.7380816835192476, "f21": -2.6016442563152467, "f22": 1.675821093466543, "f23": 2.340551496564241, "f24": -2.5666861405701984, "f25": 0.12555992534719174, "f26": -1.2501975064893558, "f27": -2.2486502427695547, "f28": 1.4012743169808286, "f29": 2.092629035153525, "f3": 0.8747216998171359, "f30": 1.4365777764546168, "f31": -1.5913068062129883, "f32": -0.07581440995218447, "f33": 1.1067476593026173, "f34": 2.255087847053842, "f35": 0.19781155463565006, "f36": 0.4248803718741918, "f37": -0.447810525958122, "f38": 3.2968757041412236, "f39": 1.0429877006894257, "f4": 1.865710942252294, "f40": 1.7096724974918445, "f41": 0.6528534602793545, "f42": -2.9318421758880957, "f43": 1.5679452736196708, "f44": -0.9192915493146867, "f45": 1.6475046600520624, "f46": 1.0879697783330835, "f47": -2.306193889154173, "f48": -0.4653256520467193, "f49": 0.22097392277794461, "f5": 0.8867755955080607, "f50": -3.1502672531553126, "f51": -0.42603882335533383, "f52": -1.6618447637890732, "f53": 2.4086421273919703, "f54": 1.5299579618698296, "f55": 0.35484418867743184, "f6": -2.0367793850721627, "f7": 1.9000775379589037, "f8": 3.0295631022594485, "f9": -2.2569686440342305}, "datetime": {"datetime": "2023-01-24 18:16:50", "elapsed": 6773.237, "delta": 69.391968}}
