{"target": 0.49567906638860404, "params": {"f0": -0.6114711213804602, "f1": 2.59349895344754, "f10": 0.6582671807991796, "f11": -1.0490870631501477, "f12": 1.0555771140057537, "f13": 0.6016774759240713, "f14": -1.926722508525527, "f15": 1.2166275059240315, "f16": -1.3236351313572887, "f17": 1.203351272658404, "f18": -0.9853739606046514, "f19": -0.9005083483362757, "f2": -1.8539534945445884, "f20": -2.9381526176329924, "f21": -0.9585875676392961, "f22": 0.22781102318032342, "f23": 0.5108751496439887, "f24": 2.157456018328457, "f25": 2.7093314700844626, "f26": 2.6559511716504858, "f27": 1.1636872379876166, "f28": -0.8770834108852594, "f29": -1.2360787822587258, "f3": -1.2698094855691675, "f30": 1.852538623329579, "f31": 2.4375762914311174, "f32": 0.8220802551074282, "f33": -0.5501882947086845, "f34": 1.784312407834065, "f35": 1.8786504973797813, "f36": 1.8201411973518304, "f37": -1.6032271238036344, "f38": -2.3052620397975065, "f39": -1.4227915846144608, "f4": -2.5975244277134752, "f40": -2.0374468248687947, "f41": 0.7790664968336096, "f42": -2.7253777320994024, "f43": 2.460786798017308, "f44": -0.2759891328027022, "f45": -1.6452749524096402, "f46": -0.1303125111343144, "f47": 1.681662794313719, "f48": -2.031700699588126, "f49": -2.383918832276261, "f5": 2.8204222892776656, "f50": -2.615779395281058, "f51": -1.581335506483723, "f52": -1.9850775770083264, "f53": -0.7683513923847185, "f54": 1.7344701193818395, "f55": 2.925299684690211, "f6": -2.753744254122605, "f7": -1.8696664512559524, "f8": -0.6567860022943321, "f9": 0.7424021434679702}, "datetime": {"datetime": "2023-01-24 17:39:45", "elapsed": 4548.758573, "delta": 49.962686}}
{"target": 0.3007757411991586, "params": {"f0": 1.6161738355843225, "f1": 0.40556723028269737, "f10": -2.45755607847844, "f11": 2.7695672239150397, "f12": 2.242032143099859, "f13": 2.5382428474453285, "f14": -2.3534475217934316, "f15": -1.7045304467585825, "f16": -0.5681108801544528, "f17": -0.2773140736199995, "f18": -1.3277112431605096, "f19": -1.8995267526985944, "f2": -1.963776249764434, "f20": 0.9979574203688406, "f21": -1.7343400718823891, "f22": -0.07554040536974904, "f23": -1.207455842160871, "f24": 1.0025200980584987, "f25": -1.890089291201916, "f26": -0.0013306573786504572, "f27": -2.8512814139790055, "f28": 2.16749090743207, "f29": 1.9232433117139651, "f3": 2.8163726127640096, "f30": 1.9582265340295466, "f31": 2.2306972948733854, "f32": 2.8968757407911854, "f33": 2.5924041819024897, "f34": -1.6919548168750613, "f35": -1.150746791483874, "f36": -2.096925406162414, "f37": -2.1111977925844663, "f38": -1.6247617875397389, "f39": 0.5581535119832433, "f4": -2.6849885765348267, "f40": -0.299508993754543, "f41": -2.306574947770711, "f42": -2.921076085684452, "f43": -2.9701518271405445, "f44": -0.26756629107211083, "f45": -2.330734956439596, "f46": 2.316538351454952, "f47": -0.8671653393969674, "f48": -1.2886941669329726, "f49": -2.0531153787081093, "f5": -1.4332361433754772, "f50": 0.953987392036924, "f51": 0.2834425878234743, "f52": 2.0591883391709738, "f53": 2.0170225436470046, "f54": 2.341250561618984, "f55": 0.5577493617946665, "f6": 0.19565441107369708, "f7": -0.8755134179814119, "f8": 0.5684243987235602, "f9": -0.5741344155531776}, "datetime": {"datetime": "2023-01-24 17:40:57", "elapsed": 4619.838621, "delta": 71.080048}}
{"target": 0.02274385927196504, "params": {"f0": 1.712937585234867, "f1": 1.9993258999119732, "f10": 0.08487898437367303, "f11": 1.835577122464163, "f12": -0.01929845096803362, "f13": -2.136929205114404, "f14": 2.6254716616411597, "f15": -1.3764920643358212, "f16": -0.7749105295858998, "f17": -2.1598333902507365, "f18": -0.138133854725631, "f19": 0.427975485232607, "f2": 2.4343177743999016, "f20": -1.6931573418905046, "f21": -0.6642807107527418, "f22": 2.8066012047475635, "f23": 1.0929145672000846, "f24": 2.498487369879193, "f25": -0.058406296682096404, "f26": -2.38119205776363, "f27": 0.2671454225852008, "f28": 0.6700523406886285, "f29": 0.5329090217964172, "f3": -1.5458094560789728, "f30": 1.3025025450015724, "f31": -0.12839592426331237, "f32": 1.2508630415712396, "f33": 0.19338755237021177, "f34": 1.9507620132949608, "f35": -1.7794678374642985, "f36": -2.1369745307416608, "f37": -2.1461828577800297, "f38": -0.173344595838814, "f39": -2.389034200336182, "f4": 1.3030723240003725, "f40": 1.019530629514394, "f41": 1.062774930256552, "f42": 0.04835783354928136, "f43": -2.0723360497380643, "f44": -0.009806310805437146, "f45": -2.039726199988455, "f46": 1.9126391182490536, "f47": -2.6011695943750865, "f48": -0.7042144253145857, "f49": -1.1667640247789852, "f5": 1.652875825289426, "f50": -1.9198343277432077, "f51": -0.8333140284082745, "f52": 1.2762073090477877, "f53": -1.5405603599916944, "f54": -2.869012720125837, "f55": -2.5913782557571587, "f6": -1.9148726351486673, "f7": -0.47346836846285356, "f8": -2.915997185194805, "f9": 1.2932980873801974}, "datetime": {"datetime": "2023-01-24 17:41:07", "elapsed": 4630.71866, "delta": 10.880039}}
{"target": 0.32286498157029775, "params": {"f0": -2.9742336342511226, "f1": -0.7325488858249036, "f10": 1.6236385002314853, "f11": -1.6215583558274702, "f12": 1.0508094390422, "f13": -1.450022338981963, "f14": 1.5884041558809532, "f15": 2.969285841395317, "f16": -2.8545066123416363, "f17": 1.5372622584569537, "f18": -1.5782855198878893, "f19": 2.3884768564983947, "f2": -2.0195920179629026, "f20": -0.5194262749842271, "f21": -2.073385397239276, "f22": 1.7488402714477607, "f23": -0.40196314437646263, "f24": 1.2807115282837804, "f25": 2.500108541130464, "f26": -0.5803480760409858, "f27": 0.4993007637536553, "f28": 2.1024754619858887, "f29": 0.45075473129172394, "f3": -1.9466637426374858, "f30": -1.522861530969974, "f31": -1.274522448059273, "f32": 2.0836631164026524, "f33": -0.825383254958675, "f34": -2.83024821651067, "f35": 1.2231330788894432, "f36": -1.4006010144146819, "f37": -1.074682839484902, "f38": 2.1564648739122223, "f39": 0.02296249834858699, "f4": -1.7182415254555308, "f40": -2.9199508663970946, "f41": -1.3092923663325808, "f42": 2.3802165121750916, "f43": -1.401785452062295, "f44": -0.9551286126841418, "f45": 1.0221097145118492, "f46": -1.763722245589885, "f47": -0.15447723119997825, "f48": 0.4393562315491, "f49": -1.4535052562866564, "f5": -0.5101734734873435, "f50": 2.2424971228177046, "f51": 0.5059327351226348, "f52": 1.262491022443169, "f53": 1.3784971425196613, "f54": 1.349349678933308, "f55": -1.2819547224371404, "f6": -2.338324847828166, "f7": 2.8667184028213786, "f8": 1.4899622787442226, "f9": 2.4458470725213415}, "datetime": {"datetime": "2023-01-24 17:41:58", "elapsed": 4681.45564, "delta": 50.73698}}
{"target": 0.3386148402090452, "params": {"f0": -0.4483309095277219, "f1": -1.9705157817354846, "f10": -2.853926843996004, "f11": -2.2490879121564986, "f12": -1.2415568089033893, "f13": 0.811451349991021, "f14": 1.7662440380918865, "f15": 0.2877747028704656, "f16": -0.9819545704955548, "f17": -2.20379546880765, "f18": -2.4361304603129224, "f19": 1.4158363735260808, "f2": -2.764925471949975, "f20": 1.8051442446977175, "f21": -0.08636942953967397, "f22": -2.943515720494018, "f23": -1.723370582311766, "f24": -0.43154895612667143, "f25": 2.639215471326974, "f26": -0.6287397311537166, "f27": -1.3109674978760486, "f28": -2.6197242720406084, "f29": -2.7314379837988048, "f3": -1.3146544587203257, "f30": -1.2956633632358834, "f31": -0.06709018953258283, "f32": 0.6945493910736813, "f33": 0.5741627854124802, "f34": -2.09934872760188, "f35": -1.688153514166973, "f36": 2.9200274699425144, "f37": -1.8290194337636088, "f38": 0.9210920237284155, "f39": 2.155524550896452, "f4": -0.709254280312364, "f40": -2.2722507552103046, "f41": -0.503879008219938, "f42": -0.7856919912879468, "f43": 2.625582563371548, "f44": 0.8671057916252307, "f45": -0.5637745172404545, "f46": -0.7354711666802345, "f47": -1.9735877899711338, "f48": -0.12405652959738056, "f49": -2.7920903259097383, "f5": -1.6972782629831744, "f50": 0.3482213857888241, "f51": 1.9891866567509267, "f52": 0.0739605326077788, "f53": -0.30217630058361244, "f54": -1.5499708602930864, "f55": -1.6493615041202576, "f6": -0.8916386005712367, "f7": -2.468637618728332, "f8": -1.2975642307052495, "f9": 2.013712281899325}, "datetime": {"datetime": "2023-01-24 17:42:25", "elapsed": 4708.572441, "delta": 27.116801}}
{"target": 0.38865115794099214, "params": {"f0": 0.5159138273746997, "f1": -1.9121886605401814, "f10": 0.3228718097509127, "f11": -0.7441452280173979, "f12": -0.30387542838570925, "f13": -2.7215128860772175, "f14": 2.2633504697903977, "f15": -2.2590088621053397, "f16": 1.2947561235021725, "f17": 1.6566163971999295, "f18": -0.6564960265277122, "f19": -2.3588272336967346, "f2": 0.7944983346654122, "f20": 0.9675563861334382, "f21": -0.1428599202983296, "f22": -1.6544154048458553, "f23": -1.9493065229628863, "f24": -1.9477665947068923, "f25": 2.152044785242274, "f26": -1.2164751746753653, "f27": 1.6853148367158033, "f28": 1.573511915865602, "f29": 0.7354054868380713, "f3": -1.825647545678246, "f30": 0.5802466465932996, "f31": 2.069212332701335, "f32": 2.884698552810762, "f33": -2.2996558238539926, "f34": 0.964106749223566, "f35": -2.139495111545473, "f36": -0.6102715771647542, "f37": 2.6449614988148547, "f38": 0.9097696956346293, "f39": -2.0326793256212667, "f4": -2.1232279179280673, "f40": 1.7937375728441909, "f41": 0.48560673690854017, "f42": 2.247717192488607, "f43": -0.5045529291273807, "f44": 0.8392882818139729, "f45": 2.234030467926585, "f46": 0.12437382685487375, "f47": 2.375631287886339, "f48": 0.6467599600519103, "f49": -1.524005400688188, "f5": -0.14684870895414992, "f50": -0.4690593132650078, "f51": 1.5516381042339065, "f52": 1.5920425198473271, "f53": -1.56171031371737, "f54": 0.6192174038852607, "f55": 0.5947840267657805, "f6": -1.79867306201709, "f7": -0.8874828198013445, "f8": -2.012280898649653, "f9": 1.2223084108263738}, "datetime": {"datetime": "2023-01-24 17:43:15", "elapsed": 4757.941359, "delta": 49.368918}}
{"target": 0.3880427568939333, "params": {"f0": 1.5176385270004547, "f1": -1.0853878458600312, "f10": 0.8882605769556715, "f11": 2.1926658740251934, "f12": -0.4189285307747026, "f13": 1.2536113000948834, "f14": 2.302559672461486, "f15": 2.5353501043422524, "f16": -0.12988693235985682, "f17": 0.8732773892230892, "f18": -0.8814560785247059, "f19": -2.455650337546202, "f2": 2.924650453710555, "f20": -0.7333785808697453, "f21": -0.2728702880680416, "f22": 1.8973696874637058, "f23": 2.9383882972996584, "f24": -2.0776941225580483, "f25": 0.5305330573840985, "f26": 2.857332093450947, "f27": -2.2135564257963942, "f28": 0.8930608721193427, "f29": -1.5858013299755622, "f3": 2.121262650435069, "f30": -0.7673004751991197, "f31": 0.8637446515511815, "f32": 1.447596379905673, "f33": -0.8455888546414174, "f34": 0.12777640957224, "f35": -2.8205022604989756, "f36": -0.21422302314610464, "f37": -1.6389243362112702, "f38": -0.17158319278894618, "f39": -0.7553028239039543, "f4": 1.0171267970915583, "f40": -1.3378516621018224, "f41": 2.0153065150455554, "f42": -2.8256256140208236, "f43": 2.9047190219110526, "f44": -1.6880681919646603, "f45": -0.6615136975026679, "f46": -1.5585751396379532, "f47": -1.5789739932310316, "f48": -2.906773533027537, "f49": 2.0006050533712303, "f5": 1.0964991804272213, "f50": 2.245397068732742, "f51": -0.9481894379132996, "f52": -0.4113282716804836, "f53": -2.4031019261991466, "f54": -1.751062760901161, "f55": 1.3119454834270785, "f6": -0.982410282270993, "f7": 1.0186413067789175, "f8": 0.7319300314340755, "f9": 0.1959000988566384}, "datetime": {"datetime": "2023-01-24 17:44:25", "elapsed": 4827.9939, "delta": 70.052541}}
{"target": 0.14832862251412027, "params": {"f0": -0.9776828233417376, "f1": -0.27362065917231426, "f10": 2.6218862428327023, "f11": -1.0985341622860176, "f12": -2.0881530645577806, "f13": 1.9677469871953903, "f14": -2.7254709126561254, "f15": 0.08062391305344185, "f16": 0.24331737342671378, "f17": 0.7105344081863487, "f18": 0.9776886717829774, "f19": 2.744029210837594, "f2": 0.6919266202233247, "f20": -0.4410341401897333, "f21": -1.4843480427203317, "f22": -1.1645665076539378, "f23": -0.6869880942742119, "f24": -2.2199987067517846, "f25": 1.4937343047006744, "f26": 2.968862316012487, "f27": -2.053160673490545, "f28": -1.376197675259303, "f29": -1.616740759231046, "f3": -2.130980551567271, "f30": -1.2187733260893794, "f31": 2.5665479369838593, "f32": -1.2844696870562253, "f33": 1.9045963416955676, "f34": -1.8134905544227924, "f35": 0.7198662619623555, "f36": -1.6806735568495381, "f37": 1.1285333193720106, "f38": 0.24004190367839273, "f39": -2.771547090964674, "f4": -2.941892380670754, "f40": 1.1234893512235384, "f41": 2.5819365663696434, "f42": 0.25162997220847494, "f43": 0.7375010469186787, "f44": 0.5909030220035607, "f45": -0.6360993088031694, "f46": 1.1291071746822414, "f47": -1.0831303061346824, "f48": 0.844234732387843, "f49": 2.5881254611499473, "f5": -1.8963900770516273, "f50": 0.24750176202034435, "f51": 2.4710407259560867, "f52": -0.15452514658093897, "f53": -0.8333098965521413, "f54": 2.5093543562454492, "f55": -0.20724407286865576, "f6": -0.508970301768203, "f7": -1.495178936582056, "f8": 0.7693840754060957, "f9": -0.5200302067865388}, "datetime": {"datetime": "2023-01-24 17:45:29", "elapsed": 4892.222284, "delta": 64.228384}}
{"target": 0.11104380643329596, "params": {"f0": 2.415629949826597, "f1": -0.8766939334935406, "f10": -1.9092361955693813, "f11": 1.738803065074496, "f12": -1.9536484295591177, "f13": -2.439316288578955, "f14": 1.6100951274167326, "f15": 0.7543063784454169, "f16": -0.46951105138218985, "f17": 1.507142571341923, "f18": 2.577466187604859, "f19": 0.3721485469288961, "f2": -0.638104809896987, "f20": 0.8912248137260992, "f21": -0.3450297873147816, "f22": -2.2993086073425157, "f23": 1.3293226617998606, "f24": 0.045408892150140545, "f25": -0.40238193464819627, "f26": -1.6418622235761833, "f27": 2.0513525919629227, "f28": -2.115731518906558, "f29": -1.4524618241958713, "f3": 0.2978338858963543, "f30": -2.3756583012161436, "f31": 0.21805265825372144, "f32": 0.014388491263758851, "f33": 0.34781497741982115, "f34": -0.6230283245114414, "f35": 2.6212614471882976, "f36": -1.5782921261313803, "f37": -0.6654266586063144, "f38": 2.1682507690926016, "f39": 1.6532240957461353, "f4": -0.9102971297116378, "f40": 0.6745450324816691, "f41": -1.6523188888766267, "f42": 2.3737234863608645, "f43": -1.9882043571269248, "f44": -2.79361268355575, "f45": -0.8108823543381889, "f46": -2.637057915329242, "f47": -2.1084980365701407, "f48": -1.2977425342419942, "f49": 2.682516359364185, "f5": 0.6899118343246933, "f50": -1.715862585696307, "f51": 2.900325575565038, "f52": -2.306751777075288, "f53": 0.015307899656196167, "f54": 0.43972771794798504, "f55": -2.660209235664844, "f6": 2.5474449535151455, "f7": -0.18629687945248818, "f8": -2.5804297982933764, "f9": 0.8729144518253227}, "datetime": {"datetime": "2023-01-24 17:46:02", "elapsed": 4924.937968, "delta": 32.715684}}
{"target": 0.3792018954526918, "params": {"f0": 0.9910776471990603, "f1": -0.9691906845652003, "f10": -2.438552981153448, "f11": -1.221945106370237, "f12": 0.3879219088810961, "f13": 0.8851222960985741, "f14": 0.9343320523326857, "f15": 2.4033747127090184, "f16": 2.864849681855153, "f17": 2.3034029556497266, "f18": -0.11107257584349828, "f19": 1.871816829685545, "f2": -0.890131576412073, "f20": 1.551624221964227, "f21": -2.332671817666684, "f22": 1.9628340663037145, "f23": 2.6955384897043766, "f24": -2.3457853279692893, "f25": 2.891725839890759, "f26": 2.7547126338959913, "f27": 0.3186486184920847, "f28": 0.28365945171706075, "f29": -1.0209638927904305, "f3": -2.2944042544434904, "f30": -1.1207387207541641, "f31": 2.0302143434081312, "f32": -2.0159958051039872, "f33": 0.2689570877265366, "f34": 2.950698500044324, "f35": -2.757358969100061, "f36": 2.8442683417590082, "f37": 1.9420365498440209, "f38": -2.6022982276210476, "f39": 0.003586481327104707, "f4": -0.07455349868918759, "f40": 0.8140980045465769, "f41": -1.8560985448264358, "f42": 1.2653212970410124, "f43": -0.09880891860051388, "f44": 1.3029343107397189, "f45": -1.188142886947906, "f46": -1.9026269656309678, "f47": -0.6852258687246802, "f48": -2.192435332875009, "f49": 1.9562854123971363, "f5": 1.304895788942118, "f50": -2.063342375219199, "f51": -0.30488717592994075, "f52": 2.276108562569103, "f53": 0.13484503840772, "f54": 0.059337902566444, "f55": -0.5003483390509267, "f6": -2.1226446679350195, "f7": -0.20114969477184674, "f8": -0.40071814220470037, "f9": -2.9542722679179216}, "datetime": {"datetime": "2023-01-24 17:46:56", "elapsed": 4979.030261, "delta": 54.092293}}
{"target": 0.33918813079822235, "params": {"f0": 1.3251614554091127, "f1": -0.4227460926570572, "f10": 2.2805097190222705, "f11": -1.8387232703305711, "f12": -1.1509454091839009, "f13": -0.13768474255821284, "f14": -2.105336597713495, "f15": -2.0315629697860524, "f16": -1.2649334083511155, "f17": 2.05912086483739, "f18": -1.3065455249096214, "f19": -1.355505561451945, "f2": -1.9216027195404157, "f20": -1.7181539008498494, "f21": 2.6278580276031125, "f22": 1.4983862346409058, "f23": 0.591622859045811, "f24": -0.3855114774965829, "f25": 2.599496569330907, "f26": -2.62811999823431, "f27": 1.1553978140398913, "f28": 1.4030770671933013, "f29": -2.1966918958921298, "f3": -1.7530030500112324, "f30": 1.2814379615325793, "f31": 2.6497379638202867, "f32": -0.4466229042572145, "f33": 0.9753814155619329, "f34": 2.5427727118131394, "f35": 2.2179467698375035, "f36": 0.2663581980952503, "f37": 1.7951606828440445, "f38": -0.863666591987327, "f39": -1.7021276933760061, "f4": 0.10164248038633783, "f40": -0.443060181276711, "f41": 2.9901196828981735, "f42": -0.2220315750392161, "f43": 1.477354936316293, "f44": 1.2862470907456691, "f45": -0.2813988289820597, "f46": -0.6233893946935352, "f47": 0.80364943293407, "f48": -0.9028262315705535, "f49": 0.8503341444857266, "f5": 1.8282875541374963, "f50": -2.45565954669455, "f51": -2.580292460840586, "f52": 1.7211881396977713, "f53": -0.31759769208223343, "f54": -2.3333145612979074, "f55": -0.7103579299364116, "f6": -2.2405634133507473, "f7": -2.348895889812827, "f8": -2.238852399014534, "f9": -0.04760594414660524}, "datetime": {"datetime": "2023-01-24 17:49:05", "elapsed": 5108.108871, "delta": 129.07861}}
{"target": 0.7056293190508268, "params": {"f0": 0.5339315740865116, "f1": 2.956485494913432, "f10": -0.39030444376537954, "f11": 1.5582776951353274, "f12": 1.7648254820647713, "f13": -1.6004887735336857, "f14": 2.2878957335613688, "f15": 2.898159973039366, "f16": 0.5771188571951491, "f17": -1.6386507447498748, "f18": -0.8844137429357466, "f19": -0.9270269572020604, "f2": -2.3124853290384513, "f20": 0.7155883511019896, "f21": 2.43941358843451, "f22": 0.1725960629579566, "f23": -2.0542582436832655, "f24": -2.68121841173902, "f25": -2.6684408142632767, "f26": -0.8206435445602778, "f27": -1.8676939131744899, "f28": 2.5334633662061687, "f29": 1.9440952630411727, "f3": 2.9652068615667915, "f30": -2.4122057433784585, "f31": -0.8618872087668557, "f32": -1.1349980717544497, "f33": 0.5533216480334961, "f34": -0.7299233798644207, "f35": -0.7466796425577069, "f36": -2.7667472770354884, "f37": -0.837624564360615, "f38": -1.6162382681819132, "f39": 1.8626800183485344, "f4": -0.636205846816452, "f40": -1.6823950039646285, "f41": -2.7602241166420516, "f42": 2.839957793662089, "f43": -2.219322488039329, "f44": 1.2028555719411873, "f45": -1.5302477971595196, "f46": -0.27689808600717214, "f47": -1.6480413890400636, "f48": 0.5602722281818835, "f49": 1.3942988949886796, "f5": 2.8484572778787314, "f50": 2.6656295397605048, "f51": 1.3882768100213108, "f52": 2.224690025642995, "f53": 2.924921436867585, "f54": -0.6612661927966323, "f55": -1.651680123568885, "f6": -2.1718406701245807, "f7": 0.7912659698737365, "f8": -0.17446189943155233, "f9": 2.8200284623622007}, "datetime": {"datetime": "2023-01-24 17:50:10", "elapsed": 5173.108348, "delta": 64.999477}}
{"target": 0.06647522828093437, "params": {"f0": 2.994526050802097, "f1": -0.16943391168096245, "f10": -1.2434305615398897, "f11": 1.6308431152065204, "f12": -1.9480916581211976, "f13": -0.27435303336429984, "f14": 0.3005701811967789, "f15": 0.7074917873122142, "f16": -0.41983614941697756, "f17": 1.442271855695349, "f18": -1.133244233428725, "f19": 0.8534717327180421, "f2": 0.9522421967714658, "f20": 2.5504825172878007, "f21": 0.19555191559112206, "f22": 2.266697522526975, "f23": 0.5815364758283152, "f24": 0.573771998148259, "f25": -2.652657852638467, "f26": -2.065474075801683, "f27": 2.3465318300461755, "f28": -1.3253509718664036, "f29": -0.598292162925401, "f3": 0.20211903805609222, "f30": 1.8991840560098412, "f31": -0.2376969867506702, "f32": -2.995367724372719, "f33": 2.4373205764419055, "f34": -1.049039029493696, "f35": 0.285485132423382, "f36": -1.6636150130433878, "f37": 1.7187552084835174, "f38": -2.9436940937996448, "f39": -1.8368083721127626, "f4": -1.3078821491239112, "f40": 1.594621965066624, "f41": 2.44611793028497, "f42": -0.9918490322309319, "f43": -1.9312224915522718, "f44": 1.5470966704513618, "f45": 2.054384873658514, "f46": -1.3602456764924944, "f47": 1.007709381377678, "f48": 1.1168437644165676, "f49": -1.5558225769450027, "f5": 0.2920688191764764, "f50": -1.1730283789276705, "f51": -1.6634575438114032, "f52": -2.0043733961114443, "f53": -1.8847996007047487, "f54": -0.32973128522035067, "f55": 2.121307742808007, "f6": 0.3100849262023617, "f7": -1.9000053569219746, "f8": 1.656526081515734, "f9": -0.42211213417978044}, "datetime": {"datetime": "2023-01-24 17:50:36", "elapsed": 5199.477383, "delta": 26.369035}}
