{"target": 0.5978079439405437, "params": {"f0": -0.16507221163259178, "f1": -1.9027155798849034, "f10": 1.9402544649676736, "f11": 1.4387305381848963, "f12": 0.3956805138074291, "f13": 0.44650569623642694, "f14": -0.8996831297360268, "f15": -2.3999046953359033, "f16": 0.01553876804592478, "f17": -1.6798212536321793, "f18": 0.7710598297606783, "f19": -0.4841692931352046, "f2": -2.1769630897587997, "f20": 0.7380816835192476, "f21": -1.9155895178571405, "f22": 2.0944522408743933, "f23": 1.3405514965642409, "f24": -1.5666861405701984, "f25": 0.12555992534719174, "f26": -1.7730728582906705, "f27": -1.8400354959104814, "f28": 0.9199807491859748, "f29": 1.9753605360891342, "f3": -0.1041411467411091, "f30": 0.6858051142426795, "f31": -1.4506382973926146, "f32": -0.07581440995218441, "f33": 2.1067476593026173, "f34": 2.255087847053842, "f35": 0.09768383766875771, "f36": 0.42488037187419175, "f37": 0.33521287370275277, "f38": 2.5367790348659165, "f39": 0.5312863704482369, "f4": 1.865710942252294, "f40": 1.507124860552187, "f41": 0.6528534602793545, "f42": -2.9318421758880957, "f43": 2.0246410053925485, "f44": -1.4908107891703377, "f45": 0.8038207123747225, "f46": 1.5453986869499619, "f47": -1.5677039294156399, "f48": -0.1669741927452195, "f49": -0.514560094525152, "f5": 0.8867755955080607, "f50": -2.287570197347658, "f51": -0.45098436554859633, "f52": -1.6618447637890732, "f53": 1.8226175195166991, "f54": 2.0931280868266873, "f55": -0.6451558113225682, "f6": -2.0367793850721627, "f7": 0.9000775379589037, "f8": 2.577515397899637, "f9": -1.8236922442327337}, "datetime": {"datetime": "2023-01-24 18:16:58", "elapsed": 6781.1056, "delta": 7.8686}}
{"target": 0.28504667267746436, "params": {"f0": -0.16507221163259178, "f1": -1.8669311018413546, "f10": 1.1229027099995643, "f11": 1.2803093810222022, "f12": 0.25713757857287445, "f13": 0.44650569623642694, "f14": -1.1558187243882514, "f15": -2.1553060232898096, "f16": -0.2624792308402628, "f17": -1.6798212536321793, "f18": 1.654516739819658, "f19": -0.3973689922981688, "f2": -2.081440452557206, "f20": 1.7380816835192476, "f21": -2.328761687806487, "f22": 1.6839676333950813, "f23": 1.3405514965642409, "f24": -1.5666861405701984, "f25": 0.12555992534719174, "f26": -1.7737457140248185, "f27": -2.2486502427695547, "f28": 1.1144408568714936, "f29": 1.092629035153525, "f3": 0.06132139128419008, "f30": 1.4365777764546168, "f31": -0.8930663233974772, "f32": -0.07581440995218447, "f33": 1.5411345933728342, "f34": 2.4700807516481746, "f35": -0.80218844536435, "f36": 0.42488037187419175, "f37": -0.05965993066945222, "f38": 2.8309634305062703, "f39": 0.5381828152397949, "f4": 1.865710942252294, "f40": 1.3631534305138042, "f41": 0.6528534602793545, "f42": -2.1607551959807294, "f43": 2.1172790384854228, "f44": -0.9192915493146867, "f45": 1.0233397991795103, "f46": 1.3130119788203811, "f47": -1.694695836671053, "f48": 0.2825602356026055, "f49": -0.3430903636528645, "f5": 0.8867755955080607, "f50": -2.1502672531553126, "f51": -0.5690757805177058, "f52": -1.6618447637890732, "f53": 1.8039391636613566, "f54": 1.9038201279474323, "f55": 0.2037403606476205, "f6": -2.667445400815283, "f7": 1.2156404483883028, "f8": 2.0295631022594485, "f9": -2.077043282373481}, "datetime": {"datetime": "2023-01-24 18:17:55", "elapsed": 6838.356383, "delta": 57.250783}}
{"target": 0.7592552010984117, "params": {"f0": -0.4237735010754196, "f1": -1.6157171688763727, "f10": 1.5622561486807334, "f11": 1.3348068212355988, "f12": 0.053640024625111346, "f13": 0.4465056962364269, "f14": -0.380248972247478, "f15": -2.5593498541508906, "f16": 0.12522486518707598, "f17": -1.6798212536321793, "f18": 0.6850538173699212, "f19": -0.37884325767572263, "f2": -1.7518987428371007, "f20": 1.7380816835192476, "f21": -1.9922693125374664, "f22": 2.038224544769886, "f23": 1.9544949024910605, "f24": -1.9465424068216206, "f25": -0.1695407276816484, "f26": -1.7625192512514751, "f27": -2.0860486178515463, "f28": 1.0242260629257034, "f29": 2.092629035153525, "f3": 0.6721788723069916, "f30": 0.8698465573310117, "f31": -1.5913068062129883, "f32": -0.07581440995218441, "f33": 1.4365959951436, "f34": 2.6408653676894835, "f35": 0.19781155463565003, "f36": 0.4248803718741918, "f37": 0.02740587936349385, "f38": 2.5839255132924386, "f39": 0.9672278257642121, "f4": 2.301461675287621, "f40": 1.4884274079370015, "f41": 1.1297976410453703, "f42": -2.83212790577591, "f43": 1.5679452736196708, "f44": -1.3890376838446914, "f45": 1.3308755894499016, "f46": 1.4967867449728216, "f47": -2.039282819982199, "f48": -0.45699136525235984, "f49": -0.29918899320204856, "f5": 1.0512376758479118, "f50": -2.2573706805513645, "f51": -1.0721941696306447, "f52": -1.6618447637890732, "f53": 1.7627018682820395, "f54": 1.7340841373351634, "f55": -0.5772026078842643, "f6": -2.0367793850721627, "f7": 1.5292771350874208, "f8": 2.651471090814483, "f9": -1.6222915714643706}, "datetime": {"datetime": "2023-01-24 18:17:59", "elapsed": 6841.823437, "delta": 3.467054}}
{"target": 0.7592552010984117, "params": {"f0": -0.5074748427184516, "f1": -1.7906091105388096, "f10": 1.4303269664644882, "f11": 1.639640545969089, "f12": 0.22449970980408956, "f13": 0.4465056962364269, "f14": -0.380248972247478, "f15": -2.14885902588178, "f16": 0.12522486518707598, "f17": -1.6798212536321793, "f18": 1.1786585470689692, "f19": -0.2000661962387136, "f2": -2.1570041391366006, "f20": 1.7380816835192476, "f21": -2.128653609568134, "f22": 2.0435988875963056, "f23": 1.7403339596617275, "f24": -2.4095730341348798, "f25": -0.45762619150494244, "f26": -1.5953440571739268, "f27": -1.7339017368973735, "f28": 0.9736862698162261, "f29": 2.092629035153525, "f3": 0.4457404730995885, "f30": 1.001584937412601, "f31": -1.5913068062129883, "f32": -0.6729889751091419, "f33": 1.840570309466356, "f34": 2.255087847053842, "f35": 0.19781155463565003, "f36": 0.6974198769468914, "f37": -0.30786056569807574, "f38": 2.7742921500047486, "f39": 0.6467651138038362, "f4": 1.9795692640937455, "f40": 1.3844041719355586, "f41": 1.1552508675880342, "f42": -2.7252669117619486, "f43": 1.5679452736196708, "f44": -1.229353392469797, "f45": 0.7342869727664358, "f46": 1.516847670371509, "f47": -1.8232982841798824, "f48": 0.0784652664719545, "f49": -0.5385680758912972, "f5": 0.8867755955080607, "f50": -2.302754129898209, "f51": -0.7097629053233431, "f52": -1.6618447637890732, "f53": 2.136970117411085, "f54": 2.0448152712772494, "f55": -0.2722371282094417, "f6": -2.0367793850721627, "f7": 1.3513015151040666, "f8": 2.766471232497948, "f9": -1.9413398613753703}, "datetime": {"datetime": "2023-01-24 18:18:04", "elapsed": 6847.403443, "delta": 5.580006}}
{"target": 0.7592552010984117, "params": {"f0": -0.16507221163259178, "f1": -1.8698600658756785, "f10": 1.3665773206583822, "f11": 1.3020451521533436, "f12": 0.0482131973451914, "f13": 0.44650569623642683, "f14": -0.8535358343190484, "f15": -2.6791521142617065, "f16": 0.009779199116227853, "f17": -1.6798212536321793, "f18": 1.0495272523696104, "f19": -0.6420774274097266, "f2": -1.879024950879287, "f20": 1.7380816835192476, "f21": -2.066177378789328, "f22": 2.3801514621291413, "f23": 1.9298478958279195, "f24": -1.708416218115888, "f25": -0.05744508865773418, "f26": -1.2964253251964672, "f27": -2.2486502427695547, "f28": 0.8582525842675948, "f29": 2.092629035153525, "f3": 0.6545746385216118, "f30": 1.0592599625842973, "f31": -1.5913068062129883, "f32": -0.2561085923920655, "f33": 2.0290439756603185, "f34": 2.255087847053842, "f35": 0.19781155463565003, "f36": 0.7875664072811754, "f37": -0.2858315062369145, "f38": 2.8104985442111925, "f39": 0.7116647409241839, "f4": 2.143151465212438, "f40": 1.2147180403921716, "f41": 0.6528534602793545, "f42": -2.4970748785203405, "f43": 1.5679452736196708, "f44": -1.390011771470536, "f45": 1.4519032245760424, "f46": 1.8190808840899093, "f47": -1.672105699840636, "f48": -0.2667382747209423, "f49": 0.2209739227779446, "f5": 0.8867755955080607, "f50": -2.3771997632291226, "f51": -0.9017325670562878, "f52": -1.6618447637890732, "f53": 2.348602545621359, "f54": 2.2936116807102924, "f55": -0.33261581562801557, "f6": -2.0367793850721627, "f7": 1.3106458382903399, "f8": 2.310974069712249, "f9": -1.7481370486076535}, "datetime": {"datetime": "2023-01-24 18:18:13", "elapsed": 6856.097304, "delta": 8.693861}}
{"target": 0.6687810365027238, "params": {"f0": -0.16507221163259178, "f1": -1.3976097944512675, "f10": 1.83441065102045, "f11": 1.3452023242252478, "f12": -0.06858334071199576, "f13": 0.4465056962364269, "f14": -0.8369414701332345, "f15": -2.5137696180843716, "f16": -0.7428274779259902, "f17": -1.6798212536321793, "f18": 1.4094417969476307, "f19": -0.03585145440041426, "f2": -1.7903928068611938, "f20": 1.7380816835192476, "f21": -1.9271329269123258, "f22": 2.0037825083276553, "f23": 1.686633143479359, "f24": -2.409834218282127, "f25": 0.059052756232934336, "f26": -1.9086669371257925, "f27": -2.2486502427695547, "f28": 0.7474688889289867, "f29": 2.092629035153525, "f3": 0.3290179769103127, "f30": 0.7493379984123612, "f31": -1.5913068062129883, "f32": -0.07581440995218447, "f33": 1.7673628765584475, "f34": 2.2863825814577003, "f35": 0.19781155463565003, "f36": 0.4852886075819583, "f37": -0.19379445809969967, "f38": 2.3169841184020235, "f39": 0.8160663990876103, "f4": 2.489867134629197, "f40": 1.335694523142249, "f41": 0.6528534602793545, "f42": -2.534893610941659, "f43": 1.5679452736196708, "f44": -1.2868471384385423, "f45": 1.2730442997996632, "f46": 1.719627977755626, "f47": -1.875542037542175, "f48": -0.2907667882917316, "f49": -0.430904631036779, "f5": 1.3792855835273399, "f50": -2.3633620318865196, "f51": -0.42603882335533383, "f52": -1.6618447637890732, "f53": 1.8522493315940614, "f54": 2.0262137235225484, "f55": -0.2731872064549308, "f6": -2.0367793850721627, "f7": 1.6426932973423434, "f8": 2.656523542287895, "f9": -2.0447067330363495}, "datetime": {"datetime": "2023-01-24 18:18:25", "elapsed": 6868.740078, "delta": 12.642774}}
{"target": 0.47863929792087856, "params": {"f0": -0.7644036889851317, "f1": -1.7638743745414998, "f10": 1.1253550284006213, "f11": 1.252091605877734, "f12": 0.3221725186132337, "f13": 0.44650569623642683, "f14": -1.0353489906448103, "f15": -2.5609340828431524, "f16": 0.12522486518707598, "f17": -1.6798212536321793, "f18": 1.0086484183379503, "f19": -0.2736700945383341, "f2": -1.8687262739127366, "f20": 1.7380816835192476, "f21": -2.26577976632948, "f22": 1.6834992311589279, "f23": 1.8671658940265237, "f24": -1.9629819252903429, "f25": -0.40178397063563714, "f26": -1.3527160443497606, "f27": -1.92292061146291, "f28": 1.3667464753802416, "f29": 2.092629035153525, "f3": 0.24872201690854723, "f30": 0.9332572861482438, "f31": -1.5913068062129883, "f32": -0.36954235364869853, "f33": 2.0597748990664284, "f34": 3.255087847053842, "f35": 0.19781155463565003, "f36": 0.4248803718741918, "f37": 0.4490752201929012, "f38": 3.0035582846510023, "f39": 0.6327547065312777, "f4": 1.865710942252294, "f40": 1.1711234840640243, "f41": 0.6528534602793545, "f42": -2.690783352259318, "f43": 1.5679452736196708, "f44": -1.4868984818926647, "f45": 1.4863361521224099, "f46": 1.3209442313316244, "f47": -1.790060306411109, "f48": -0.33035136783315855, "f49": -0.6072798129370723, "f5": 0.8867755955080607, "f50": -2.4143774479870443, "f51": -1.1242782110831961, "f52": -1.6618447637890732, "f53": 2.023707713185765, "f54": 2.0504378180084335, "f55": -0.5981584476646271, "f6": -2.0367793850721627, "f7": 1.40681591294002, "f8": 2.485544588595422, "f9": -2.1587339549506552}, "datetime": {"datetime": "2023-01-24 18:18:36", "elapsed": 6879.00514, "delta": 10.265062}}
{"target": 0.7592552010984117, "params": {"f0": -0.16507221163259178, "f1": -2.0667990664421914, "f10": 1.5985143054882647, "f11": 1.4427750621641617, "f12": 0.02474222546170524, "f13": 0.6365109194521242, "f14": -0.380248972247478, "f15": -2.169269698369324, "f16": 0.12522486518707598, "f17": -1.686589905852605, "f18": 0.8856030924363755, "f19": -0.6761286091924674, "f2": -1.9839634327107805, "f20": 1.7380816835192476, "f21": -1.9184520745826452, "f22": 2.548078021832573, "f23": 1.6008348897555902, "f24": -1.6603329683721633, "f25": 0.12555992534719174, "f26": -2.1178829413132507, "f27": -2.0612909203929144, "f28": 0.9722644658669204, "f29": 2.092629035153525, "f3": 0.7461801270785278, "f30": 1.0407981809018574, "f31": -1.5913068062129883, "f32": -0.17882391648515097, "f33": 1.5013613886806343, "f34": 2.255087847053842, "f35": 0.19781155463565006, "f36": 0.6186015324490947, "f37": -0.41001179996306353, "f38": 2.5458380113672443, "f39": 0.8219829435957059, "f4": 2.3817897230869263, "f40": 1.7096724974918445, "f41": 1.412270877023011, "f42": -2.875229215954054, "f43": 2.232966875863, "f44": -0.9236043026386864, "f45": 0.9817795102253589, "f46": 1.5143740769918375, "f47": -1.7115103500227815, "f48": 0.06741226026098864, "f49": 0.17768758212289282, "f5": 0.9367275548852305, "f50": -2.4070554380829647, "f51": -0.5654891691555665, "f52": -1.7188740037401842, "f53": 1.8788749834136682, "f54": 1.8440627664759592, "f55": 0.20037946736493975, "f6": -2.0367793850721627, "f7": 1.4344201655843938, "f8": 2.5388030667730828, "f9": -1.4743883983489177}, "datetime": {"datetime": "2023-01-24 18:18:39", "elapsed": 6882.79262, "delta": 3.78748}}
{"target": 0.7592552010984117, "params": {"f0": -0.16507221163259178, "f1": -1.3976097944512675, "f10": 1.3831568156043506, "f11": 1.604595580919788, "f12": 0.2851526592706601, "f13": 0.4465056962364269, "f14": -0.380248972247478, "f15": -2.4393661522566976, "f16": 0.12522486518707598, "f17": -2.6798212536321793, "f18": 0.7667574211955343, "f19": -0.3521836613313109, "f2": -2.0537990362181655, "f20": 1.3767483123518678, "f21": -2.32994907365833, "f22": 2.279654370578166, "f23": 2.0216533776064964, "f24": -1.7546116478222258, "f25": 0.12555992534719174, "f26": -1.5461692716692848, "f27": -2.2486502427695547, "f28": 0.6136940864938305, "f29": 2.092629035153525, "f3": 0.6138315092337752, "f30": 1.2226598344461632, "f31": -1.5913068062129883, "f32": -0.07581440995218447, "f33": 1.339600022293362, "f34": 2.255087847053842, "f35": 0.19781155463565003, "f36": 0.4248803718741918, "f37": -0.3416416991273808, "f38": 2.7841547198967542, "f39": 0.8846053555535012, "f4": 2.1292260936291654, "f40": 1.6598221385326786, "f41": 1.2301015590101925, "f42": -2.384881584479914, "f43": 1.7261879549603254, "f44": -1.2128443138244993, "f45": 0.8987634375717833, "f46": 1.4914983044066843, "f47": -1.661021121026887, "f48": -0.13623776658077558, "f49": -0.4548130024471945, "f5": 1.3007367153780898, "f50": -2.28165547978492, "f51": -0.510428552043414, "f52": -1.82864255921753, "f53": 2.110557482412632, "f54": 1.8260848119976987, "f55": -0.18103190288518078, "f6": -2.0367793850721627, "f7": 1.2205754599454721, "f8": 2.1938828405611277, "f9": -1.5509830398058408}, "datetime": {"datetime": "2023-01-24 18:18:48", "elapsed": 6891.015464, "delta": 8.222844}}
{"target": 0.7592552010984117, "params": {"f0": -0.16507221163259178, "f1": -1.4372864634062419, "f10": 1.3351100049209652, "f11": 1.8276984241862417, "f12": -0.10878683872147883, "f13": 0.4465056962364269, "f14": -0.380248972247478, "f15": -2.715212048231367, "f16": 0.12522486518707598, "f17": -1.6798212536321793, "f18": 0.9179705883379907, "f19": -0.7519648115070938, "f2": -2.1769630897587997, "f20": 1.5797587036906606, "f21": -1.769899254735401, "f22": 2.314480501741051, "f23": 1.5385123679419768, "f24": -1.9583308558087145, "f25": 0.12555992534719174, "f26": -1.5837813920341743, "f27": -1.8437829600231497, "f28": 1.4012743169808286, "f29": 2.092629035153525, "f3": 0.45942084988397347, "f30": 1.1087243787632466, "f31": -1.3118225877236465, "f32": -0.07581440995218447, "f33": 1.24153886983615, "f34": 2.255087847053842, "f35": 0.19781155463565003, "f36": 0.4248803718741918, "f37": -0.447810525958122, "f38": 2.7991137873241043, "f39": 1.0429877006894257, "f4": 2.25922040446121, "f40": 0.9722023506832695, "f41": 0.6886265127610351, "f42": -2.9318421758880957, "f43": 1.9640283448793823, "f44": -1.1255009348964864, "f45": 0.8673182672672024, "f46": 2.0483814031079004, "f47": -2.306193889154173, "f48": -0.046702427882132413, "f49": -0.3569351536688272, "f5": 0.8867755955080607, "f50": -2.2756120484671936, "f51": -0.5634200304697933, "f52": -2.2574577893324066, "f53": 2.1968013084231854, "f54": 1.5664076040049877, "f55": -0.20132165935798424, "f6": -2.0367793850721627, "f7": 1.3791516504772097, "f8": 2.32260305233293, "f9": -1.474510570402773}, "datetime": {"datetime": "2023-01-24 18:18:55", "elapsed": 6898.263591, "delta": 7.248127}}
{"target": 0.5638242566885787, "params": {"f0": -0.16507221163259178, "f1": -1.3976097944512675, "f10": 1.9402544649676736, "f11": 1.965308632172797, "f12": 0.3956805138074291, "f13": 0.4465056962364269, "f14": -0.380248972247478, "f15": -3.0783022806381437, "f16": 0.12522486518707598, "f17": -1.6798212536321793, "f18": 0.6545167398196581, "f19": -1.0358514544004143, "f2": -2.1769630897587997, "f20": 1.7380816835192476, "f21": -1.6016442563152467, "f22": 2.675821093466543, "f23": 2.340551496564241, "f24": -2.5666861405701984, "f25": 0.12555992534719174, "f26": -2.250197506489356, "f27": -2.2486502427695547, "f28": 0.4012743169808286, "f29": 2.092629035153525, "f3": -0.12527830018286412, "f30": 0.4365777764546168, "f31": -1.5913068062129883, "f32": -0.07581440995218447, "f33": 1.5457609799610688, "f34": 2.255087847053842, "f35": 0.19781155463565003, "f36": 0.4248803718741918, "f37": -0.447810525958122, "f38": 3.2968757041412236, "f39": 1.0429877006894257, "f4": 1.865710942252294, "f40": 1.7096724974918445, "f41": 1.6528534602793545, "f42": -2.9318421758880957, "f43": 1.5679452736196708, "f44": -1.9192915493146867, "f45": 0.6475046600520624, "f46": 2.0879697783330835, "f47": -1.306193889154173, "f48": 0.5346743479532807, "f49": 0.2209739227779446, "f5": 0.8867755955080607, "f50": -2.1502672531553126, "f51": -1.4260388233553338, "f52": -1.6618447637890732, "f53": 2.4086421273919703, "f54": 1.5299579618698296, "f55": 0.35484418867743184, "f6": -2.0367793850721627, "f7": 1.9000775379589037, "f8": 3.0295631022594485, "f9": -1.2569686440342305}, "datetime": {"datetime": "2023-01-24 18:19:44", "elapsed": 6946.905608, "delta": 48.642017}}
{"target": 0.7592552010984117, "params": {"f0": -0.3383872145906038, "f1": -1.669898896642157, "f10": 1.9397843167439395, "f11": 1.965308632172797, "f12": 0.24706086461043616, "f13": 0.4465056962364269, "f14": -0.380248972247478, "f15": -2.3173090631591413, "f16": 0.12522486518707598, "f17": -1.6798212536321793, "f18": 0.6920304382301158, "f19": -0.30232662757978657, "f2": -2.1769630897587997, "f20": 1.6714124693416301, "f21": -1.664667920539472, "f22": 2.320010981034798, "f23": 2.340551496564241, "f24": -1.8785364366956565, "f25": 0.12555992534719174, "f26": -1.8310853245927279, "f27": -2.0233602558672485, "f28": 1.2997010052552038, "f29": 2.092629035153525, "f3": 0.7907099978472425, "f30": 1.2499490658355839, "f31": -0.6823036091472768, "f32": -0.5212431638261115, "f33": 1.2815981685177786, "f34": 2.255087847053842, "f35": 0.19781155463565003, "f36": 0.4248803718741918, "f37": -0.44781052595812193, "f38": 2.6998054131148748, "f39": 1.0429877006894257, "f4": 2.570049731886496, "f40": 1.7096724974918445, "f41": 0.8378350242266095, "f42": -2.5874837881267214, "f43": 1.8361373985030576, "f44": -1.4471421636296051, "f45": 0.9424372298105715, "f46": 1.217428271807097, "f47": -1.8951951035040395, "f48": -0.0740552555049943, "f49": 0.2209739227779446, "f5": 0.8867755955080607, "f50": -2.287022532392511, "f51": -0.4554758249582563, "f52": -1.6618447637890732, "f53": 1.8286940403142193, "f54": 2.2818926633353094, "f55": -0.6183122433929269, "f6": -2.0367793850721627, "f7": 1.3481841294748493, "f8": 2.0295631022594485, "f9": -2.076172012502093}, "datetime": {"datetime": "2023-01-24 18:20:00", "elapsed": 6963.382461, "delta": 16.476853}}
{"target": 0.7592552010984117, "params": {"f0": -0.16507221163259178, "f1": -2.3976097944512675, "f10": 0.9402544649676736, "f11": 1.965308632172797, "f12": -0.6043194861925709, "f13": 0.4465056962364269, "f14": -0.380248972247478, "f15": -2.8865672991267273, "f16": 0.12522486518707598, "f17": -1.6798212536321793, "f18": 0.6545167398196581, "f19": -0.03585145440041426, "f2": -2.1769630897587997, "f20": 1.7380816835192476, "f21": -2.6016442563152467, "f22": 2.675821093466543, "f23": 2.340551496564241, "f24": -1.5666861405701984, "f25": -0.711322400712753, "f26": -1.2501975064893558, "f27": -2.2486502427695547, "f28": 0.4012743169808286, "f29": 2.092629035153525, "f3": 0.8747216998171359, "f30": 0.4365777764546168, "f31": -1.5913068062129883, "f32": -0.07581440995218447, "f33": 1.1067476593026173, "f34": 2.255087847053842, "f35": 0.19781155463565003, "f36": 0.4248803718741918, "f37": -0.447810525958122, "f38": 2.2968757041412236, "f39": 1.0429877006894257, "f4": 2.865710942252294, "f40": 1.7096724974918445, "f41": 0.6528534602793545, "f42": -2.9318421758880957, "f43": 2.567945273619671, "f44": -0.9192915493146867, "f45": 0.6475046600520624, "f46": 1.7498993881101277, "f47": -2.306193889154173, "f48": -0.4653256520467193, "f49": 0.2209739227779446, "f5": 0.8867755955080607, "f50": -2.1502672531553126, "f51": -0.42603882335533383, "f52": -1.6618447637890732, "f53": 1.4086421273919703, "f54": 2.5299579618698296, "f55": -0.6451558113225682, "f6": -2.0367793850721627, "f7": 0.9000775379589037, "f8": 3.0295631022594485, "f9": -1.2569686440342305}, "datetime": {"datetime": "2023-01-24 18:20:07", "elapsed": 6969.978023, "delta": 6.595562}}
