{"target": 0.3419860744222152, "params": {"f0": -1.0672612246900628, "f1": 2.2896092410512168, "f10": -0.6827014217328768, "f11": -1.0510819910888338, "f12": -0.17888604439157074, "f13": -0.9994289656524966, "f14": 2.345617546333627, "f15": 2.137875830193507, "f16": -0.17707965321148578, "f17": -2.477406619579509, "f18": -2.111033311618187, "f19": -1.7600888851637853, "f2": 0.15299314394933328, "f20": 2.406585109552708, "f21": 0.6826242610795927, "f22": 1.3985342152127807, "f23": -0.7263376917291917, "f24": -0.3310053499467678, "f25": 0.48928690982944856, "f26": -1.8321561036386462, "f27": -1.2319855674525857, "f28": 1.7243130744873616, "f29": 1.5295017896804461, "f3": 1.8380850205094754, "f30": -2.4048432464250853, "f31": -1.443779337903655, "f32": 2.712151719114148, "f33": 1.0156945232414536, "f34": -1.4626350492068023, "f35": -1.3304057599189085, "f36": 1.4233677484849014, "f37": -0.362164909185855, "f38": 2.4769276054775204, "f39": 0.10244500981203242, "f4": -1.1531665003405451, "f40": -2.0460119368407064, "f41": 1.3285311690861876, "f42": 0.6526958649462751, "f43": 0.878070912305879, "f44": -1.527790569066638, "f45": 2.7809249767292075, "f46": 0.41619606871869363, "f47": 1.7202194683034566, "f48": 1.8150765257085126, "f49": -1.9843045620519135, "f5": -0.8022179562009284, "f50": -1.6017633025074607, "f51": -1.333343506449911, "f52": 0.4481215788008157, "f53": 2.2362174133952424, "f54": 0.6258200958861373, "f55": 1.076880352814272, "f6": -0.48788190799431597, "f7": 0.9266839568580383, "f8": 2.4203606719366197, "f9": 1.366847633810166}, "datetime": {"datetime": "2023-01-24 16:23:57", "elapsed": 0.0, "delta": 0.0}}
{"target": 0.3594037757855114, "params": {"f0": -0.8118203508622912, "f1": -0.9471304015118136, "f10": -0.23636421892198722, "f11": -2.7045426421634, "f12": -0.754892350371561, "f13": 2.8143963269958263, "f14": -1.8883082795021604, "f15": 2.941802855149904, "f16": -1.436959614051315, "f17": -1.2500218785759478, "f18": -0.2985176975226924, "f19": -1.3234974948960478, "f2": 0.2910474180619689, "f20": -1.199178714552689, "f21": -2.6395957856139614, "f22": -2.3811143380852893, "f23": -2.7177020704805006, "f24": 1.834722849905761, "f25": 2.6258507774864484, "f26": -2.9957784121712834, "f27": 2.103037294144726, "f28": -2.0223811148945074, "f29": -2.3934185277602618, "f3": 1.6225005729684163, "f30": 1.5031426010970428, "f31": -2.810571978677962, "f32": 2.2065861984799753, "f33": -1.4065151148497634, "f34": 1.5675825059975033, "f35": -2.640201963620928, "f36": 1.24452923187952, "f37": 0.2732406939098295, "f38": -1.812483254599979, "f39": -0.15090125362688234, "f4": -2.380053202090326, "f40": 2.798793478457002, "f41": -1.5455257012701504, "f42": 1.449059502961874, "f43": 2.000082050144469, "f44": 1.09858219729343, "f45": -0.36304133271876715, "f46": 2.6074584408274593, "f47": 0.6199106665026681, "f48": -2.723494593096759, "f49": -2.1022037091244243, "f5": 1.3682088426101187, "f50": -2.2212629852653887, "f51": 2.077126893433028, "f52": -2.1239626842089043, "f53": -2.6061065109955135, "f54": -1.696177040594455, "f55": -1.4261269845217293, "f6": -1.4404112880693425, "f7": -0.9978267730356798, "f8": 2.0953697727823233, "f9": 0.13501987958618766}, "datetime": {"datetime": "2023-01-24 16:24:26", "elapsed": 28.936967, "delta": 28.936967}}
{"target": 0.1023187299495191, "params": {"f0": 1.8755913836922335, "f1": -2.908787837957494, "f10": -2.878753665122683, "f11": 1.5132031331822073, "f12": -2.65828158359873, "f13": 1.566256856689277, "f14": 2.0048954541449833, "f15": 2.6377343246331177, "f16": -2.1102047317804136, "f17": -2.002270218847423, "f18": 0.7290487811578403, "f19": 1.627592994550227, "f2": -1.2209917661971699, "f20": 0.10857965765550404, "f21": -2.57844966680344, "f22": 2.7077508382274296, "f23": -1.4957981479693756, "f24": 2.665497973894194, "f25": -0.19043945433269194, "f26": -0.21840137278133476, "f27": -0.8903402072967439, "f28": 2.7584751734009973, "f29": -0.4618650292210411, "f3": 1.42338821203486, "f30": -0.2510745805295391, "f31": 1.598182643883649, "f32": 0.9940511609918357, "f33": 1.0668231303901052, "f34": -1.9521853020689433, "f35": 2.7553917113731163, "f36": 1.2225419029278992, "f37": -0.2657607070652759, "f38": -0.31415580311178415, "f39": 2.4568363008459695, "f4": -1.3136101833785696, "f40": 1.2454746625818833, "f41": -2.810896814907047, "f42": 2.4337723693572215, "f43": -0.5001834579243756, "f44": -0.6045090687961108, "f45": 0.2548040149754476, "f46": -1.3726825776253277, "f47": -1.9589247523928728, "f48": 2.599392609658258, "f49": 0.21889534179874515, "f5": 2.2512382243416127, "f50": -0.9822444113418021, "f51": -1.7879137599088846, "f52": -2.110717805829137, "f53": -1.5660424686980863, "f54": 0.024746796242760993, "f55": 1.0808888547363527, "f6": -0.7237450879607525, "f7": -0.8915946945519981, "f8": 1.7889408548954995, "f9": -1.5552118586876678}, "datetime": {"datetime": "2023-01-24 16:24:49", "elapsed": 52.306784, "delta": 23.369817}}
{"target": 0.2196493938124714, "params": {"f0": -2.16107116496571, "f1": 2.223361714618348, "f10": -1.398876098429944, "f11": 1.7689038314452956, "f12": -2.048229998685936, "f13": 0.23194428392872446, "f14": 2.794727976399212, "f15": -2.7559090517688487, "f16": 2.0839534840326888, "f17": 2.7138194493051184, "f18": -1.6582994736856458, "f19": 2.0386976614948242, "f2": -0.8691991940650183, "f20": -0.7625337473366818, "f21": 2.588945025677692, "f22": 1.1365615824434272, "f23": 1.1486992682571477, "f24": 1.770073822069584, "f25": 0.6663354618687141, "f26": -0.8021583066335629, "f27": -0.47442636380040515, "f28": 2.66181983537784, "f29": -1.3523714786023946, "f3": 2.5091260753750984, "f30": 1.7263098341695633, "f31": -0.5423483376674891, "f32": -1.4269728770582508, "f33": 1.5389446550832897, "f34": -2.4144471445881264, "f35": -1.4147617302800957, "f36": -2.4959082046798278, "f37": -2.709247806557016, "f38": 0.8832168091429176, "f39": 1.030367610827006, "f4": 1.2186913075892596, "f40": -0.22796519538913484, "f41": 2.6875930602356437, "f42": 1.8551575184943978, "f43": -0.4588142607078831, "f44": 1.375013818297603, "f45": 0.5563220136361853, "f46": 0.6651479666514675, "f47": 1.9946155883694132, "f48": -1.072015169368994, "f49": 1.919296995550896, "f5": -0.4940704104781548, "f50": 2.191008083855463, "f51": 0.5773091867681988, "f52": 0.4192078859242976, "f53": 2.8121596411460414, "f54": -1.2871592080719707, "f55": 1.0328583307886046, "f6": -1.1542714681881843, "f7": -1.904970049283645, "f8": -0.5083050083864196, "f9": 0.005879211056587508}, "datetime": {"datetime": "2023-01-24 16:25:44", "elapsed": 107.149322, "delta": 54.842538}}
{"target": 0.24467060953130376, "params": {"f0": 1.3526856080505016, "f1": 2.6673075924315865, "f10": 1.826849056035508, "f11": 0.48405663476281635, "f12": -1.856930957030577, "f13": 0.04050311773023019, "f14": -0.9495014818996617, "f15": -1.639995618723962, "f16": -2.0142087106905415, "f17": 0.8349541239169174, "f18": -2.804140242201805, "f19": 2.324318314789944, "f2": -2.6091947623500666, "f20": -0.36193962140587477, "f21": -1.1669968487199378, "f22": 2.9566845055153417, "f23": -0.7811749003723634, "f24": 1.791162496058659, "f25": 1.6817442249146106, "f26": -2.6672713242955632, "f27": -1.416219946364183, "f28": -1.601969437147791, "f29": 0.7019104669322793, "f3": -0.05115673666013976, "f30": -0.21449106357939485, "f31": -1.390539757156401, "f32": 0.6753707355951653, "f33": -0.581194397862911, "f34": 1.8045069167223922, "f35": -2.7509998353978418, "f36": -1.1920112920477441, "f37": -2.5539986139121207, "f38": -0.9741510880955682, "f39": -1.2357553611443959, "f4": 0.27490505300409085, "f40": -1.1590212133284234, "f41": 0.6882870170314161, "f42": -1.3486734849375444, "f43": -0.8038780581881131, "f44": -0.5358151630484485, "f45": 0.6204086252711236, "f46": -0.3120716503279519, "f47": 0.42827180832343537, "f48": -2.9812856485212045, "f49": 1.1298339619287665, "f5": 2.469989138279171, "f50": 0.43457405181255027, "f51": 0.5781186696765932, "f52": 2.6434504570708297, "f53": -2.2594137653403865, "f54": -2.8266204654254423, "f55": 0.20098446302636752, "f6": 1.2100557963711838, "f7": 2.8873561896763933, "f8": 0.5767771627876987, "f9": -1.8216756751529253}, "datetime": {"datetime": "2023-01-24 16:26:28", "elapsed": 151.06215, "delta": 43.912828}}
{"target": 0.5322559343438809, "params": {"f0": 2.1781643022996713, "f1": 1.6870075637978958, "f10": 1.195405938546326, "f11": -2.513880374015214, "f12": 0.3582208138695355, "f13": -1.8075995482021716, "f14": 0.17925184862018373, "f15": 1.4722669733313154, "f16": 2.1160845401926203, "f17": -2.1604378233826824, "f18": 1.966578200029712, "f19": -2.705106652558188, "f2": 1.9190585588131999, "f20": 0.14144984226482515, "f21": -1.1126833299701049, "f22": 1.0847302182123126, "f23": -1.6916536356098397, "f24": -0.8544072411119492, "f25": -2.942452903175959, "f26": 0.4338529461939533, "f27": 1.8900645032911463, "f28": -1.720481031755959, "f29": -1.8158255740240037, "f3": -1.2093070116103077, "f30": 1.1927256939017274, "f31": -0.5894366251930281, "f32": -2.6211025701149273, "f33": -2.814579287539818, "f34": 0.965631519189861, "f35": 0.622948558283472, "f36": 0.0671463791771103, "f37": -0.763579369061179, "f38": -2.1833111690924683, "f39": 0.38612742880109696, "f4": 0.2134379540759359, "f40": 2.5986234508004236, "f41": 1.7524276692101637, "f42": -0.18586725971447082, "f43": 2.8295665109316577, "f44": -0.13937648659459523, "f45": -2.6356770334251394, "f46": 2.145324078061101, "f47": 0.7905812012990081, "f48": 1.7552591788279184, "f49": 1.659523196095268, "f5": 2.801555950425688, "f50": 2.116168932093542, "f51": 2.140073332279406, "f52": -1.8000676408376606, "f53": -0.9822320872926715, "f54": 1.3727101017116468, "f55": -0.7949430300902316, "f6": 1.7750892486364416, "f7": -0.016803204334026933, "f8": -1.302312916234607, "f9": 2.167899936082242}, "datetime": {"datetime": "2023-01-24 16:27:40", "elapsed": 223.498046, "delta": 72.435896}}
{"target": 0.2346063729516602, "params": {"f0": -2.2913788559075847, "f1": -2.6935541234249216, "f10": 0.9516802727426583, "f11": -0.034328829031249786, "f12": -2.3569245555352074, "f13": -2.2932457785879645, "f14": -0.9014898787988512, "f15": 1.3124607661378684, "f16": 1.4452308229820447, "f17": -0.24671963793139895, "f18": 2.7275275417048244, "f19": -1.9524006804271448, "f2": 1.2385062186420548, "f20": 1.6713051824161314, "f21": 0.5549603145098381, "f22": -2.2367635915433346, "f23": 0.3764237583871406, "f24": -2.954510283578577, "f25": 2.5222776089375216, "f26": -0.7469565503674538, "f27": -0.45920694311520727, "f28": 1.534125075915811, "f29": -0.9721609301086067, "f3": 1.7972192761434274, "f30": 2.096499404180708, "f31": 2.0676971101732953, "f32": 1.3685741586673794, "f33": -1.7885730612678032, "f34": 0.9082384372846146, "f35": -2.130743593271305, "f36": 0.06611764716593171, "f37": 1.1496931851511514, "f38": 1.9136418021035873, "f39": 1.7288227513586678, "f4": -2.6195958758978524, "f40": 0.0746480647289065, "f41": 2.847013073887906, "f42": 2.962030593113652, "f43": 2.956204909380838, "f44": -1.6452569119774008, "f45": 1.1738317580621276, "f46": -0.474967850504306, "f47": 2.9246007390379445, "f48": -0.29465052395219615, "f49": 0.05956802156650198, "f5": -1.255926681073744, "f50": 2.948687998074112, "f51": 2.8565680867919685, "f52": 2.7840260131686403, "f53": -1.8935770556083353, "f54": 0.656332491959823, "f55": 0.3471953401708694, "f6": -1.1887661465750763, "f7": -0.5137568225328062, "f8": -0.282026106440874, "f9": -2.327075982030439}, "datetime": {"datetime": "2023-01-24 16:28:27", "elapsed": 270.788759, "delta": 47.290713}}
{"target": 0.32000728777310933, "params": {"f0": 2.766117948865662, "f1": -2.5354850897328074, "f10": 2.602707534162846, "f11": -0.4929046392460332, "f12": -2.4393375881006882, "f13": -0.21782353300858404, "f14": 2.4864135316668774, "f15": 0.29283832590654013, "f16": 0.1248175320647027, "f17": 0.4104741773997427, "f18": 2.7985471636609045, "f19": -0.05636419387024727, "f2": 2.0578392422690728, "f20": -1.5771016460557705, "f21": 0.7068409582284687, "f22": 1.4611413276916956, "f23": -2.568050036893359, "f24": -0.6169696391183659, "f25": -1.0681196910343513, "f26": 0.6313986098660882, "f27": -0.6635478217585842, "f28": 1.5010240794941394, "f29": 0.12433550976121444, "f3": 0.5509101712062345, "f30": 2.645304399486667, "f31": -0.12426093122695292, "f32": -2.8472926432615924, "f33": -0.7765860645910596, "f34": -2.536140400922975, "f35": -2.131603762296826, "f36": 0.16403889218506107, "f37": 0.5312276871251367, "f38": 2.5315502046027785, "f39": -0.7404542289584706, "f4": -0.21701702200218342, "f40": -0.680447520013737, "f41": -1.3270806991920991, "f42": 0.6001705379160915, "f43": -1.8124821989170259, "f44": 1.9451896565753701, "f45": -2.277305993839229, "f46": -2.926382849593428, "f47": 2.5518561945043707, "f48": -2.4676442418033515, "f49": -0.26016483848343963, "f5": -1.529070148456146, "f50": 0.5187341300106572, "f51": -1.0048554200628708, "f52": -0.8402207106742701, "f53": -2.70124940547681, "f54": -0.3247084092381991, "f55": -2.1474430248702836, "f6": 2.6482593715053504, "f7": 1.0041887252106054, "f8": -1.6742815155850268, "f9": 1.974934219210743}, "datetime": {"datetime": "2023-01-24 16:29:40", "elapsed": 343.204544, "delta": 72.415785}}
{"target": 0.3238318900262016, "params": {"f0": -0.2672775397989353, "f1": 0.7044117269425971, "f10": 2.282971856904445, "f11": 1.2093372436171128, "f12": 2.118524456726708, "f13": 0.0006318084063008378, "f14": -2.907727922927417, "f15": 0.6292095045624428, "f16": -2.0653503467919685, "f17": -1.187552732296727, "f18": 1.3745316759321256, "f19": -2.6503202513645876, "f2": 0.7906645485208625, "f20": -1.5155051950131326, "f21": -1.518227653837047, "f22": -1.1293895416488005, "f23": 1.1085462633225998, "f24": -1.246552625494698, "f25": 0.7619846846567331, "f26": 2.162808161461168, "f27": -0.7823501593196283, "f28": 1.8454064139198074, "f29": -1.5981869365704218, "f3": 0.27474424797215136, "f30": -1.0932506121077243, "f31": 2.709478103110409, "f32": -0.16873736447464172, "f33": -0.8701237328897382, "f34": 0.2210696577889557, "f35": 1.4539455820337075, "f36": 0.899672962404154, "f37": -2.256411124383142, "f38": 0.9911353536607757, "f39": -0.7945645830424422, "f4": -2.431294359606246, "f40": -2.174017615970973, "f41": -0.728522102721815, "f42": 0.16492660354844624, "f43": 1.8279706391891484, "f44": 0.08740423221050708, "f45": -2.207818734498448, "f46": -0.6284745112726253, "f47": 0.36982559824925776, "f48": 0.04333653144926819, "f49": 2.820008460135629, "f5": -0.8646874147874124, "f50": 0.9060100081905005, "f51": 0.7705287691478819, "f52": -2.415212606972675, "f53": -0.36312932894740424, "f54": 1.7990447778441219, "f55": -2.809673408244332, "f6": -1.7429968362077777, "f7": 1.913856512984931, "f8": 1.5636694629171268, "f9": -2.4160536058566686}, "datetime": {"datetime": "2023-01-24 16:31:02", "elapsed": 425.671391, "delta": 82.466847}}
{"target": 0.07835998986341483, "params": {"f0": 0.6055830604892067, "f1": -0.34592246963901596, "f10": -2.7088063495721633, "f11": 2.743845555050301, "f12": -1.7895220454896206, "f13": 1.3252420317347156, "f14": 0.8930971727022516, "f15": -2.8589813624978406, "f16": 0.6990709024141823, "f17": -0.3052780132552284, "f18": -1.97525372703651, "f19": 1.8228800852258562, "f2": -1.37428103259325, "f20": 1.2234756888201836, "f21": -1.4997242250991907, "f22": 2.0968717937905623, "f23": -1.8277309571068818, "f24": 0.4300732069188582, "f25": 0.4826277132556225, "f26": -2.6705980421635567, "f27": 2.4051709913347388, "f28": 0.6529327849563598, "f29": 0.6237433136647521, "f3": 2.0025368057549793, "f30": -2.6658886294977724, "f31": 1.3222855115888832, "f32": 2.9374675669471504, "f33": -1.5119617781691703, "f34": -2.2692282639936945, "f35": -1.3469284648968678, "f36": -1.672751768570137, "f37": 0.41395503583457227, "f38": 2.2474963182258136, "f39": 0.30864704267562226, "f4": -2.4579897744734165, "f40": -1.005267865870659, "f41": -0.341847219637315, "f42": -2.9309835306415364, "f43": 2.3603970737387785, "f44": 2.3640664885898017, "f45": -1.3542013166206046, "f46": 0.049687209845162617, "f47": 0.807949978706973, "f48": -0.7371619857981271, "f49": -1.6623352453999127, "f5": 2.1668459987164965, "f50": -0.3250985406181921, "f51": -2.5916725361188213, "f52": 1.0941295537535778, "f53": -2.4461094843569544, "f54": -1.5017645231710566, "f55": -2.620219411805994, "f6": -1.753294741028641, "f7": 1.7869405516860626, "f8": 2.909118076518384, "f9": -0.9572840475717923}, "datetime": {"datetime": "2023-01-24 16:31:19", "elapsed": 441.851183, "delta": 16.179792}}
{"target": 0.3709291152789346, "params": {"f0": -2.728858964954248, "f1": -1.6020115155899204, "f10": -1.8935855215547672, "f11": -2.764728153859665, "f12": 0.11265741917067507, "f13": 1.71350012492654, "f14": -2.254347889052894, "f15": -1.8247898845431647, "f16": 1.248749817887978, "f17": 0.07614988070374373, "f18": -2.90536577731301, "f19": 2.7713897774284177, "f2": -1.3267933406249364, "f20": -1.1781613989548632, "f21": -2.136912417208169, "f22": 0.557002143572034, "f23": 2.59393060938422, "f24": 2.678998059764476, "f25": 1.1607739121663894, "f26": 1.1227047425085566, "f27": 2.6404163467514747, "f28": 2.2598946969713243, "f29": 0.25537684985404585, "f3": 2.673283080760311, "f30": -2.723270793224853, "f31": -2.6382620643161423, "f32": -2.8132019003802684, "f33": 1.5264077084048706, "f34": -0.6354182603665306, "f35": 0.7314889883412539, "f36": -0.9815990341691956, "f37": -0.38933204865289994, "f38": -2.4861473826642753, "f39": -0.6518333654108481, "f4": 0.5443195572147115, "f40": 0.6364686053671047, "f41": -1.9044597235660987, "f42": -0.5122636003084189, "f43": 0.4624786901556188, "f44": 2.2868858452744476, "f45": -2.7630701863902885, "f46": 1.7605502192796978, "f47": 1.9766869449556, "f48": -0.9814029078249211, "f49": -1.6575165780733747, "f5": 0.6877554658120211, "f50": 1.8716430651974356, "f51": -0.35299944490616486, "f52": 0.8139650446383797, "f53": -2.0354206166160114, "f54": 2.5958969551479196, "f55": -0.3834654660029493, "f6": -1.200067697672662, "f7": 1.0558941186893929, "f8": 1.3067682025236351, "f9": 2.41820960846779}, "datetime": {"datetime": "2023-01-24 16:32:25", "elapsed": 508.591994, "delta": 66.740811}}
{"target": 0.14751166281266, "params": {"f0": 2.4226651340797005, "f1": -2.5759787715849667, "f10": 0.2995562691554148, "f11": -1.7380197360973315, "f12": -0.22555988734973464, "f13": 1.22143328191141, "f14": -1.0349885023993957, "f15": -1.3794194731840106, "f16": -0.9122090703112473, "f17": -0.04033205495946168, "f18": 1.2043385331635479, "f19": -2.722147506211251, "f2": 1.0013630820004664, "f20": -1.4251397255414566, "f21": -0.03528686429808037, "f22": 2.307261909437484, "f23": -0.17950456729798514, "f24": 2.8639952102129467, "f25": -1.725975995910076, "f26": 2.907916260670591, "f27": -0.1917104691745184, "f28": 0.09158881384354745, "f29": 2.7881227322581736, "f3": -1.7858851256762158, "f30": -1.944950695612052, "f31": -2.078735804899133, "f32": -0.47408365756257353, "f33": 1.1298624349729236, "f34": -1.3104235936382973, "f35": -1.0477588914385456, "f36": -2.0459764341733173, "f37": 2.2169828472690476, "f38": 1.1157088875648205, "f39": -0.44268563264830263, "f4": 2.824692910885447, "f40": -1.7964301295247012, "f41": 0.4490778012595964, "f42": 0.6093300268240185, "f43": -0.20686349005354288, "f44": -0.13048443886283279, "f45": -0.5859157594267339, "f46": -1.0720048772516917, "f47": -0.3188299481147654, "f48": -2.974780412396627, "f49": 1.263952200368804, "f5": -1.8356453552604277, "f50": -2.1060825003549244, "f51": -1.5777656587298559, "f52": -2.2782186646225644, "f53": -1.7915383067256587, "f54": -2.2802122266748226, "f55": -1.9043196518083747, "f6": 1.3386111033851993, "f7": -1.2477210341716922, "f8": 1.5386174193779034, "f9": 1.577885764292521}, "datetime": {"datetime": "2023-01-24 16:33:34", "elapsed": 577.609184, "delta": 69.01719}}
{"target": 0.5036130588568157, "params": {"f0": -0.6648915253744718, "f1": 1.0507457897411943, "f10": 1.2097128285443866, "f11": -2.7898831731363503, "f12": -1.0898384378934034, "f13": -1.0906756392552324, "f14": 2.182597876490415, "f15": 0.12822874592041433, "f16": -2.2112802811860526, "f17": 1.0930480688662048, "f18": -0.2306820968136023, "f19": -2.3235668691690132, "f2": -0.3082367983297889, "f20": -2.3877408967080385, "f21": -2.8236943484768466, "f22": -0.5951496075628997, "f23": 2.861445573770702, "f24": 0.1870930969496971, "f25": 1.9865440932429212, "f26": -1.7181289972457086, "f27": -2.539864500284071, "f28": -0.5607691412750948, "f29": -0.4592769717093157, "f3": 0.4515023628191237, "f30": -2.9670293481812084, "f31": 0.25778771686877944, "f32": 0.5127541044548605, "f33": 1.5137139673626443, "f34": 1.6466567415265514, "f35": -0.27347059532101436, "f36": -1.3229223068353018, "f37": -1.8112953355236432, "f38": 0.24082692551248108, "f39": -0.09109433999272998, "f4": -2.0105092922677086, "f40": -1.1500017808972682, "f41": 2.9815696734445414, "f42": 1.983857612534167, "f43": -0.28497799115111055, "f44": 2.49955916803299, "f45": -2.8660674875512564, "f46": 2.987691474354664, "f47": 0.44274600491507954, "f48": 1.9772785162601947, "f49": -2.720709366248082, "f5": 0.20283268695164125, "f50": -1.7217240148322424, "f51": -0.22312960586569286, "f52": 1.840959936223749, "f53": -0.7859827739187262, "f54": 0.5731584682919482, "f55": -2.2821892607128023, "f6": 2.0086677758733966, "f7": -2.3437898166606335, "f8": 0.8617233365237911, "f9": -2.467355048611898}, "datetime": {"datetime": "2023-01-24 16:35:10", "elapsed": 673.082742, "delta": 95.473558}}
