{"target": 0.37216560297064016, "params": {"f0": -0.16507221163259178, "f1": -1.3976097944512675, "f10": 1.9402544649676736, "f11": 1.965308632172797, "f12": -0.6043194861925709, "f13": 0.4465056962364269, "f14": -0.380248972247478, "f15": -2.0783022806381437, "f16": -0.874775134812924, "f17": -1.6798212536321793, "f18": 0.6545167398196581, "f19": -1.0358514544004143, "f2": -2.1769630897587997, "f20": 1.7380816835192476, "f21": -2.6016442563152467, "f22": 2.675821093466543, "f23": 2.340551496564241, "f24": -1.5666861405701984, "f25": 0.12555992534719174, "f26": -1.2501975064893558, "f27": -2.2486502427695547, "f28": 1.4012743169808286, "f29": 2.092629035153525, "f3": 0.8747216998171359, "f30": 1.1716052428520878, "f31": -1.5913068062129883, "f32": -1.0758144099521845, "f33": 2.1067476593026173, "f34": 2.255087847053842, "f35": 0.19781155463565003, "f36": 0.4248803718741918, "f37": -0.447810525958122, "f38": 2.2968757041412236, "f39": 1.0429877006894257, "f4": 2.3894027351430185, "f40": 1.7096724974918445, "f41": 1.6528534602793545, "f42": -2.9318421758880957, "f43": 2.567945273619671, "f44": -0.9192915493146867, "f45": 1.6475046600520624, "f46": 2.0879697783330835, "f47": -2.306193889154173, "f48": -0.4653256520467193, "f49": -0.16394865300690176, "f5": 0.8867755955080607, "f50": -2.1502672531553126, "f51": -0.42603882335533383, "f52": -1.6618447637890732, "f53": 1.4086421273919703, "f54": 1.5299579618698296, "f55": -0.6451558113225682, "f6": -2.0367793850721627, "f7": 0.9000775379589037, "f8": 3.0295631022594485, "f9": -1.8708664459695175}, "datetime": {"datetime": "2023-01-24 18:20:54", "elapsed": 7017.467533, "delta": 47.48951}}
{"target": 0.47863929792087856, "params": {"f0": -0.3942482932123716, "f1": -2.3976097944512675, "f10": 1.0221824720967865, "f11": 1.3373223200869466, "f12": 0.3956805138074291, "f13": 0.4465056962364269, "f14": -0.380248972247478, "f15": -2.915440104134994, "f16": 0.12522486518707598, "f17": -1.6798212536321793, "f18": 0.8248110467112568, "f19": -0.03585145440041426, "f2": -2.1129452484882987, "f20": 1.6661215353978687, "f21": -1.6016442563152467, "f22": 2.327153628854619, "f23": 1.813856348107103, "f24": -2.2046642888970878, "f25": -0.19990160733793164, "f26": -1.9955623384157555, "f27": -2.2486502427695547, "f28": 0.4012743169808286, "f29": 2.092629035153525, "f3": 0.6877729386819857, "f30": 0.4365777764546168, "f31": -1.5913068062129883, "f32": -0.07581440995218447, "f33": 1.1067476593026173, "f34": 2.255087847053842, "f35": 0.19781155463565003, "f36": 0.5841891098773966, "f37": -0.32814020769316254, "f38": 3.165344639122966, "f39": 0.9557023140487625, "f4": 2.4700217885944835, "f40": 1.4035601314767616, "f41": 0.6528534602793545, "f42": -2.7419950363098615, "f43": 1.969453928310061, "f44": -1.051406615705147, "f45": 0.6475046600520624, "f46": 1.0879697783330835, "f47": -2.301954350982694, "f48": -0.28410846450948524, "f49": -0.09113923554041307, "f5": 0.8867755955080607, "f50": -2.283529663845958, "f51": -0.42603882335533383, "f52": -1.7914561262137336, "f53": 1.8735226963112022, "f54": 2.5299579618698296, "f55": -0.20945415014611843, "f6": -2.0367793850721627, "f7": 1.2980045415440677, "f8": 2.0295631022594485, "f9": -1.2569686440342305}, "datetime": {"datetime": "2023-01-24 18:20:59", "elapsed": 7022.749797, "delta": 5.282264}}
{"target": 0.24048437221037688, "params": {"f0": -0.16507221163259178, "f1": -1.5745021878353995, "f10": 1.3401825853291747, "f11": 1.8872027918585939, "f12": -0.24996691557360778, "f13": 0.6444801116513984, "f14": -0.4718606082849789, "f15": -2.3550794260658017, "f16": 0.12522486518707598, "f17": -1.6798212536321793, "f18": 0.9069361762844909, "f19": -0.03585145440041426, "f2": -1.9904582198273228, "f20": 1.6739152218014048, "f21": -2.6016442563152467, "f22": 2.4174209852014195, "f23": 1.5942452955965787, "f24": -1.5666861405701984, "f25": -0.5445224915504709, "f26": -1.6689145723375793, "f27": -1.774172568819901, "f28": 0.8965971976654743, "f29": 2.092629035153525, "f3": 0.6587940405648892, "f30": 1.2446600714925584, "f31": -0.9417328235785271, "f32": -0.07581440995218447, "f33": 1.1067476593026173, "f34": 2.255087847053842, "f35": 0.19781155463565003, "f36": 0.4248803718741918, "f37": -0.16836309843716582, "f38": 2.2968757041412236, "f39": 1.0429877006894257, "f4": 2.4821826528355047, "f40": 1.7096724974918445, "f41": 0.6528534602793545, "f42": -2.7211735647462536, "f43": 1.68223330162021, "f44": -1.5069746853610886, "f45": 0.6502342940467004, "f46": 2.0836439480848203, "f47": -1.306193889154173, "f48": -0.09637522688758816, "f49": 0.2209739227779446, "f5": 1.0036057269467178, "f50": -2.265800878270658, "f51": -0.75705456573658, "f52": -1.6939918122247573, "f53": 2.141185488488822, "f54": 1.9778109405379982, "f55": -0.21938583117405092, "f6": -2.0367793850721627, "f7": 1.5066902133159732, "f8": 2.9890818399825645, "f9": -1.818605120948695}, "datetime": {"datetime": "2023-01-24 18:22:00", "elapsed": 7082.855301, "delta": 60.105504}}
{"target": 0.7592552010984117, "params": {"f0": -0.2667554725670157, "f1": -1.6249806496968513, "f10": 1.747722223281456, "f11": 1.4818454061538615, "f12": 0.1391843928010009, "f13": 0.4465056962364269, "f14": -0.5788480360342445, "f15": -2.5776105473699826, "f16": 0.12522486518707598, "f17": -1.8362796354409459, "f18": 1.1440307186630732, "f19": -1.0358514544004143, "f2": -2.130780644683525, "f20": 1.5115460837492825, "f21": -1.6016442563152467, "f22": 2.034136807537162, "f23": 2.2748681261152717, "f24": -2.077972852578326, "f25": 0.12555992534719174, "f26": -1.7963096284100761, "f27": -2.157620899422166, "f28": 1.1728974845704034, "f29": 2.0009163793772395, "f3": 0.424992176250695, "f30": 1.1467705947485278, "f31": -1.5896298228653685, "f32": -0.18842818607222528, "f33": 1.988965358449123, "f34": 2.255087847053842, "f35": 0.19781155463565003, "f36": 0.5591743265508871, "f37": -0.447810525958122, "f38": 2.611713062322699, "f39": 0.681123906219661, "f4": 1.9794465506181784, "f40": 1.3920918483310354, "f41": 1.2592892243367348, "f42": -2.7205940934938164, "f43": 1.7268465786683265, "f44": -1.1451104514295793, "f45": 1.2264082930102527, "f46": 1.0879697783330835, "f47": -2.2183683975169517, "f48": 0.3674062994498258, "f49": -0.3363268141664576, "f5": 1.210881698841822, "f50": -2.4317457461659315, "f51": -0.6648681565542102, "f52": -1.7975103764193365, "f53": 1.8293331833628266, "f54": 1.7250426046862388, "f55": -0.2609958819490025, "f6": -2.0367793850721627, "f7": 1.3586446497458353, "f8": 2.0295631022594485, "f9": -1.7060073293516829}, "datetime": {"datetime": "2023-01-24 18:22:03", "elapsed": 7086.636554, "delta": 3.781253}}
{"target": 0.7592552010984117, "params": {"f0": -0.16507221163259178, "f1": -1.6541984736606956, "f10": 1.8678411623876605, "f11": 1.4477640689870905, "f12": 0.3956805138074291, "f13": 0.4465056962364269, "f14": -0.5041193121005235, "f15": -2.1977828447224246, "f16": -0.27196675962263406, "f17": -1.9351333324694868, "f18": 0.8591827579223625, "f19": -0.7357879375676101, "f2": -1.7844214800791776, "f20": 1.66572243696875, "f21": -1.6017671425230566, "f22": 2.3034428795853708, "f23": 1.3405514965642409, "f24": -2.034425165762038, "f25": 0.12555992534719174, "f26": -1.76049192663328, "f27": -2.2486502427695547, "f28": 1.3697326668720873, "f29": 2.001409047311206, "f3": 0.266013891725563, "f30": 1.1617992870342992, "f31": -1.5884063414128395, "f32": -0.5435011082571887, "f33": 1.378542876005597, "f34": 2.255087847053842, "f35": 0.19781155463565003, "f36": 0.6503614014774584, "f37": -0.447810525958122, "f38": 3.2968757041412236, "f39": 0.7741802259912728, "f4": 2.2200749193952007, "f40": 1.3500904756256285, "f41": 1.4222210647346047, "f42": -2.5430370005746474, "f43": 1.9089076996461602, "f44": -1.296280988131618, "f45": 1.3282805579500303, "f46": 1.2487223725064818, "f47": -1.8144843558094057, "f48": -0.41158430127859646, "f49": -0.4892854733284026, "f5": 0.8867755955080607, "f50": -2.3910398506433084, "f51": -0.7879450206032137, "f52": -1.7585118410059049, "f53": 2.2269576804756057, "f54": 1.8253696145900578, "f55": -0.3539990062536628, "f6": -2.0367793850721627, "f7": 1.376412685052102, "f8": 2.135057819559974, "f9": -1.8622694525358814}, "datetime": {"datetime": "2023-01-24 18:22:08", "elapsed": 7091.774418, "delta": 5.137864}}
{"target": 0.7592552010984117, "params": {"f0": -0.16507221163259178, "f1": -2.1173283335137083, "f10": 1.323850212436993, "f11": 1.965308632172797, "f12": 0.3956805138074291, "f13": 0.4465056962364269, "f14": -0.380248972247478, "f15": -2.4131364742786556, "f16": 0.12522486518707598, "f17": -2.132751689372692, "f18": 1.349733267616885, "f19": -0.8918159363640994, "f2": -2.171798090901355, "f20": 1.7380816835192476, "f21": -2.0333429909517244, "f22": 2.335429701138957, "f23": 2.022231070493169, "f24": -2.1778440993216996, "f25": 0.12555992534719174, "f26": -1.2501975064893558, "f27": -2.2486502427695547, "f28": 1.073641752652319, "f29": 1.7786610073463685, "f3": 0.2397317390694409, "f30": 0.6007637043664311, "f31": -1.5913068062129883, "f32": -0.1957281926777016, "f33": 1.6567348149455892, "f34": 2.582123176757292, "f35": 0.19781155463565003, "f36": 0.4248803718741918, "f37": -0.447810525958122, "f38": 2.5120027832381595, "f39": 0.8234978165310698, "f4": 2.718947240022706, "f40": 1.4362533396688433, "f41": 0.9704178086915883, "f42": -2.776495028946914, "f43": 2.0726139928262777, "f44": -0.9192915493146867, "f45": 1.2100709132943235, "f46": 1.3419578030649553, "f47": -1.850760762806434, "f48": -0.3049395084352015, "f49": -0.2816517319925586, "f5": 0.8867755955080607, "f50": -2.37024358089405, "f51": -0.7478252649194552, "f52": -1.6618447637890732, "f53": 1.5644996061239278, "f54": 1.8364081641220567, "f55": -0.4479613045460595, "f6": -2.0367793850721627, "f7": 1.0321374355489148, "f8": 2.3838775528183587, "f9": -1.620073751519797}, "datetime": {"datetime": "2023-01-24 18:22:16", "elapsed": 7099.227789, "delta": 7.453371}}
{"target": 0.7592552010984117, "params": {"f0": -0.16507221163259178, "f1": -1.842299951771936, "f10": 1.542117177089203, "f11": 1.6626966477697518, "f12": 0.3422503080806071, "f13": 0.4465056962364269, "f14": -0.416266316973592, "f15": -2.7673105754732488, "f16": 0.12522486518707598, "f17": -1.8266570636407096, "f18": 0.6545167398196581, "f19": -0.32781043755346106, "f2": -1.1769630897587997, "f20": 1.7380816835192476, "f21": -2.284536332804677, "f22": 2.184829525059001, "f23": 2.171557956602802, "f24": -2.0563852130294777, "f25": 0.12555992534719174, "f26": -1.8976024794782633, "f27": -2.2486502427695547, "f28": 1.102241986118253, "f29": 1.8643786182855915, "f3": 0.4081360607875586, "f30": 1.0362499162362746, "f31": -1.5913068062129883, "f32": -0.4910623585113131, "f33": 1.7627581471793508, "f34": 2.3563926631102725, "f35": 0.19781155463565003, "f36": 0.4248803718741918, "f37": -0.447810525958122, "f38": 2.7972035715721537, "f39": 0.20392974307430303, "f4": 1.962269677940196, "f40": 1.5451877899782749, "f41": 0.9877353222996791, "f42": -2.8557468246963604, "f43": 2.252049371834212, "f44": -0.9192915493146867, "f45": 1.042265748948233, "f46": 1.7726084958976829, "f47": -2.306193889154173, "f48": 0.011857411339959222, "f49": -0.25397179347975274, "f5": 0.8867755955080607, "f50": -2.3573405475365563, "f51": -0.42603882335533383, "f52": -1.6618447637890732, "f53": 1.8880064949390785, "f54": 1.7677614020971344, "f55": -0.405733642113047, "f6": -2.0367793850721627, "f7": 1.2721195399215521, "f8": 2.105589055604275, "f9": -1.7378795572821564}, "datetime": {"datetime": "2023-01-24 18:22:29", "elapsed": 7112.137446, "delta": 12.909657}}
{"target": 0.7592552010984117, "params": {"f0": -0.16507221163259178, "f1": -2.2530440941226737, "f10": 1.6945602929153616, "f11": 1.7573033041647845, "f12": -0.2589465366643247, "f13": 0.4465056962364269, "f14": -0.42441965629174183, "f15": -2.746224510574898, "f16": 0.12522486518707598, "f17": -1.9726368404139552, "f18": 0.6545167398196581, "f19": -0.4490918321247142, "f2": -2.1769630897587997, "f20": 1.7380816835192476, "f21": -1.6763539835254921, "f22": 2.2581204246546522, "f23": 2.057850627956119, "f24": -1.6948462976849132, "f25": 0.12555992534719174, "f26": -1.3942770906265143, "f27": -2.1121794288137874, "f28": 0.9247563872346237, "f29": 1.8248795505734978, "f3": 0.2065762710146255, "f30": 1.4055985347184878, "f31": -1.5913068062129883, "f32": -0.37673589370902794, "f33": 1.6382288818702828, "f34": 2.3501219702222143, "f35": 0.19781155463565003, "f36": 0.4248803718741918, "f37": -0.20282562047055638, "f38": 2.715937306051293, "f39": 1.0031907671058409, "f4": 1.8906302843959137, "f40": 1.448478851798391, "f41": 1.1235214246729244, "f42": -2.492138365096177, "f43": 2.0180477685056966, "f44": -0.9192915493146867, "f45": 1.4590085177858787, "f46": 1.3651112246059303, "f47": -2.273824218159985, "f48": -0.13760458665651842, "f49": -0.7790260772220554, "f5": 0.8867755955080607, "f50": -2.3611017071520566, "f51": -0.42603882335533383, "f52": -1.6618447637890732, "f53": 1.7281695416214324, "f54": 2.4159517523601113, "f55": -0.030495733809906615, "f6": -2.0367793850721627, "f7": 1.7469076306410922, "f8": 2.6941470073192773, "f9": -1.536662846045266}, "datetime": {"datetime": "2023-01-24 18:22:45", "elapsed": 7128.076285, "delta": 15.938839}}
{"target": 0.7592552010984117, "params": {"f0": -0.16507221163259178, "f1": -1.6542786616851788, "f10": 1.203927048770504, "f11": 1.2814743969795932, "f12": 0.3687161610500849, "f13": 0.4465056962364269, "f14": -0.859488783987223, "f15": -2.8198401919781477, "f16": 0.12522486518707598, "f17": -1.9631755330001992, "f18": 0.6545167398196581, "f19": -0.6785303625033935, "f2": -2.147336641701999, "f20": 1.7380816835192476, "f21": -1.640204841243811, "f22": 2.5158488121584472, "f23": 1.8308586576346688, "f24": -2.317981231154528, "f25": 0.12555992534719174, "f26": -1.5852887605919443, "f27": -2.1438561117743955, "f28": 1.400301148074102, "f29": 1.9683674346822009, "f3": 0.8747216998171359, "f30": 1.202683213041314, "f31": -1.5913068062129883, "f32": -0.08352799440755963, "f33": 1.7587202655098262, "f34": 2.255087847053842, "f35": 0.19781155463565003, "f36": 0.4248803718741918, "f37": 0.03222075804811624, "f38": 2.6526566399853757, "f39": 0.6305586485034217, "f4": 2.1815096809884977, "f40": 1.3577048151945557, "f41": 1.5955947047916552, "f42": -2.2698669820901674, "f43": 1.934657741392146, "f44": -1.323194294448909, "f45": 0.8077011448521905, "f46": 1.5920610809338391, "f47": -2.306193889154173, "f48": -0.25834844736854895, "f49": -0.23596509465904916, "f5": 0.8867755955080607, "f50": -2.348393827978152, "f51": -0.42603882335533383, "f52": -1.6618447637890732, "f53": 1.4086421273919703, "f54": 2.0314322035927477, "f55": 0.05058966648980142, "f6": -2.0367793850721627, "f7": 0.9295536999992969, "f8": 2.5957467392482942, "f9": -2.0597559045737843}, "datetime": {"datetime": "2023-01-24 18:23:01", "elapsed": 7144.508439, "delta": 16.432154}}
{"target": 0.6687810365027238, "params": {"f0": -0.16507221163259178, "f1": -1.4855852068415503, "f10": 1.3630811427431486, "f11": 1.1473363556707468, "f12": -0.5669893294095054, "f13": 0.4465056962364269, "f14": -0.7351576524478745, "f15": -2.4367864673619737, "f16": 0.12522486518707598, "f17": -1.843427513835718, "f18": 1.2080326662086136, "f19": -0.5182405134250756, "f2": -2.1769630897587997, "f20": 1.7380816835192476, "f21": -2.0594291523287387, "f22": 2.551975136800872, "f23": 2.340551496564241, "f24": -1.5741786113879082, "f25": 0.12555992534719174, "f26": -1.7287227905442362, "f27": -1.9464567830755142, "f28": 1.3382281622533962, "f29": 2.06378481960459, "f3": 0.3292477227279038, "f30": 0.4365777764546168, "f31": -1.5913068062129883, "f32": -0.07581440995218447, "f33": 1.3200628265699865, "f34": 2.255087847053842, "f35": 0.19781155463565003, "f36": 0.4248803718741918, "f37": -0.3921653017355493, "f38": 2.9090699185676243, "f39": 0.44042427548603313, "f4": 2.205555478033029, "f40": 1.615350971347274, "f41": 1.5919198099355465, "f42": -2.9318421758880957, "f43": 1.9313047236976286, "f44": -0.9192915493146867, "f45": 1.0194396664573335, "f46": 1.4402369676509745, "f47": -2.244053826039007, "f48": -0.14892178803738695, "f49": -0.6746227777721875, "f5": 0.8867755955080607, "f50": -2.3360278936031054, "f51": -0.7328120484153858, "f52": -1.6618447637890732, "f53": 1.9036635896090497, "f54": 2.527755349645285, "f55": -0.38792111944651897, "f6": -2.0367793850721627, "f7": 1.083596652999542, "f8": 2.095217690501825, "f9": -1.840662208814196}, "datetime": {"datetime": "2023-01-24 18:23:14", "elapsed": 7157.435829, "delta": 12.92739}}
{"target": 0.7592552010984117, "params": {"f0": -0.16507221163259178, "f1": -1.7389963201705398, "f10": 1.6758448954531906, "f11": 1.5618973941420742, "f12": 0.3956805138074291, "f13": 0.4465056962364269, "f14": -0.5893035588950752, "f15": -2.35985690432644, "f16": 0.12522486518707598, "f17": -1.6798212536321793, "f18": 0.6843090155299968, "f19": -0.30838173577562494, "f2": -2.1769630897587997, "f20": 1.7380816835192476, "f21": -2.1444102675928334, "f22": 2.1661629574904646, "f23": 1.6716725560401762, "f24": -2.13770493543514, "f25": 0.12555992534719174, "f26": -1.2501975064893558, "f27": -1.9647567646123485, "f28": 0.9568480710898527, "f29": 2.092629035153525, "f3": 0.8747216998171359, "f30": 0.9400257651482469, "f31": -1.5913068062129883, "f32": -0.07581440995218447, "f33": 1.9052688007741394, "f34": 2.255087847053842, "f35": 0.19781155463565003, "f36": 0.9969026419646709, "f37": -0.04248968572828656, "f38": 2.92971216573276, "f39": 0.8733085041956145, "f4": 2.5256386781812905, "f40": 1.640451780015043, "f41": 1.1119969063564596, "f42": -2.3787407859557925, "f43": 2.4019607185828953, "f44": -1.6752867979214985, "f45": 1.6164910260617118, "f46": 1.3881463028681673, "f47": -2.306193889154173, "f48": 0.5346743479532807, "f49": -0.6007448101924718, "f5": 0.8867755955080607, "f50": -2.335795175711382, "f51": -0.42603882335533383, "f52": -1.6618447637890732, "f53": 1.7020435735005452, "f54": 1.5472210794936312, "f55": -0.19307294878357395, "f6": -2.0367793850721627, "f7": 1.4486636369486756, "f8": 2.081899925553408, "f9": -1.2830859999136954}, "datetime": {"datetime": "2023-01-24 18:23:30", "elapsed": 7173.167238, "delta": 15.731409}}
{"target": 0.21755767589520503, "params": {"f0": -0.16507221163259178, "f1": -2.294199233826925, "f10": 1.7610431074967396, "f11": 1.8267238601130598, "f12": 0.266054557557337, "f13": 0.4465056962364269, "f14": -0.7884229219970454, "f15": -2.739055270481184, "f16": 0.12522486518707598, "f17": -1.6798212536321793, "f18": 0.6545167398196581, "f19": -0.2413735903596235, "f2": -2.0497707553105076, "f20": 1.7380816835192476, "f21": -1.984959172048446, "f22": 2.141641318615439, "f23": 1.6264847078199038, "f24": -1.915303608084632, "f25": 0.12555992534719174, "f26": -1.2501975064893558, "f27": -2.2486502427695547, "f28": 0.6552184065306658, "f29": 2.092629035153525, "f3": 0.8747216998171359, "f30": 0.890285484069722, "f31": -1.5913068062129883, "f32": -0.11273768679292831, "f33": 1.5464207922223567, "f34": 2.255087847053842, "f35": 0.19781155463565003, "f36": 0.4248803718741918, "f37": -0.447810525958122, "f38": 2.920389350972759, "f39": 1.0429877006894257, "f4": 1.865710942252294, "f40": 0.8385353852315326, "f41": 1.597445151742306, "f42": -2.9174375463251625, "f43": 1.971668060179119, "f44": -0.9192915493146867, "f45": 1.4364488335363335, "f46": 1.2108716142858373, "f47": -1.9394508945356175, "f48": 0.29030098936429566, "f49": -0.05369037937487859, "f5": 1.4706212471751083, "f50": -2.3237234942983624, "f51": -0.5166788440760739, "f52": -2.073480734809893, "f53": 1.5564959876585769, "f54": 1.5299579618698296, "f55": -0.4689760714898082, "f6": -2.0367793850721627, "f7": 1.0887960425422207, "f8": 2.372331809476019, "f9": -2.2569686440342305}, "datetime": {"datetime": "2023-01-24 18:23:59", "elapsed": 7201.814659, "delta": 28.647421}}
