{"target": 0.6493879897263989, "params": {"f0": -0.8433148001352168, "f1": -2.023270180068561, "f10": 1.3792534658490312, "f11": 1.855133806685696, "f12": -0.009062037718702967, "f13": 1.0632374366604112, "f14": -1.088076796560191, "f15": -2.707246523026809, "f16": -0.4365559611671792, "f17": -2.338666348411993, "f18": 1.0937149412534757, "f19": -0.4564086425159013, "f2": -1.865522586854093, "f20": 1.4791565439243277, "f21": -2.4215483283769963, "f22": 2.6436439760626, "f23": 2.0655706567929415, "f24": -2.3114707291673806, "f25": -0.26082392010870226, "f26": -1.9672729039345513, "f27": -2.338042484268858, "f28": 1.252583861652885, "f29": 1.8900265417554132, "f3": 0.663744034648209, "f30": 0.8065261292455013, "f31": -1.514988362059843, "f32": -0.5475477063105444, "f33": 2.088359908133492, "f34": 2.8326748633081866, "f35": -0.5034583353646652, "f36": 0.7888446886306119, "f37": -0.2218310271980693, "f38": 2.8588289877780984, "f39": 0.7909100406700411, "f4": 2.5659322622718617, "f40": 1.2370454939767825, "f41": 1.0827094294438029, "f42": -2.905970496915807, "f43": 2.277566171611454, "f44": -1.5321594693926932, "f45": 1.3589879637973954, "f46": 1.5577173720597752, "f47": -1.920782258787484, "f48": 0.10249874077196916, "f49": -0.493068410280041, "f5": 1.1964140595251886, "f50": -2.7289890657799525, "f51": -0.8924620239381732, "f52": -2.1446920710493096, "f53": 2.2834782173297876, "f54": 2.3605381172408992, "f55": -0.04974073811232897, "f6": -2.721911384476819, "f7": 1.7957648795250487, "f8": 2.8142533084195613, "f9": -2.127494440432615}, "datetime": {"datetime": "2023-01-24 18:08:19", "elapsed": 6261.921125, "delta": 38.406229}}
{"target": 0.40570764935610637, "params": {"f0": -0.3949780740733374, "f1": -2.0399126404230272, "f10": 1.2547669382426798, "f11": 1.9206477959136885, "f12": -0.47195101345400553, "f13": 1.1003353794704265, "f14": -0.8371264835068442, "f15": -2.7863305757602417, "f16": -0.10046137732764406, "f17": -2.586043292672633, "f18": 1.640678841989971, "f19": -0.4229799163045404, "f2": -1.3929261705320795, "f20": 1.4525842653770236, "f21": -1.959759192945936, "f22": 2.448079523210655, "f23": 1.8564043073800236, "f24": -1.9034554126430856, "f25": -0.36978509276174054, "f26": -2.1352621540975107, "f27": -1.9470919520566958, "f28": 0.6281797824999092, "f29": 1.6718674021034647, "f3": 0.5509362903282967, "f30": 1.0162342455044486, "f31": -1.2325498166847775, "f32": -0.7820241997218487, "f33": 2.097393194119732, "f34": 2.8225359507084575, "f35": -0.37556594882569333, "f36": 1.0950194045108665, "f37": 0.19191318015582143, "f38": 2.901119193418475, "f39": 0.6523817781949629, "f4": 2.7755591218320967, "f40": 1.037616506865174, "f41": 1.297859067723733, "f42": -2.7429023795474796, "f43": 2.2224245446842548, "f44": -1.918657087424155, "f45": 1.1950223341793997, "f46": 1.3479805344044986, "f47": -2.183160735153791, "f48": -0.018922416863645448, "f49": -0.4561081375740799, "f5": 1.0992731323661282, "f50": -2.613637241731319, "f51": -0.9650652913456899, "f52": -2.278296982482589, "f53": 2.071288158400795, "f54": 1.944487988014037, "f55": -0.17158399041754863, "f6": -2.5030866390606676, "f7": 1.5226788911965299, "f8": 2.615421310303264, "f9": -2.3100590507923884}, "datetime": {"datetime": "2023-01-24 18:09:00", "elapsed": 6302.896192, "delta": 40.975067}}
{"target": 0.3906520948141413, "params": {"f0": -0.7909849747528981, "f1": -2.1685812616498064, "f10": 1.8699237381632958, "f11": 1.4772405465812295, "f12": 0.07790505544002801, "f13": 0.8990416884414483, "f14": -1.1041763716651645, "f15": -2.857402722016001, "f16": -0.2934524753490839, "f17": -2.330559044342539, "f18": 1.293133368388966, "f19": -0.663189794661853, "f2": -2.0360910532014627, "f20": 1.4662798451035972, "f21": -2.438819314578719, "f22": 2.3608192044790366, "f23": 1.9946942178100258, "f24": -2.408838126514959, "f25": -0.5030717704398606, "f26": -1.8017633408837639, "f27": -1.9982381484755682, "f28": 1.0899375849207513, "f29": 1.772317972939068, "f3": 0.33752570592436776, "f30": 1.0420216152519461, "f31": -1.2791198366172039, "f32": -0.6900686829780913, "f33": 1.6634782918431328, "f34": 2.967304515081236, "f35": -0.4235870506524119, "f36": 1.0060265977218648, "f37": 0.009775075641457834, "f38": 2.927462846374917, "f39": 0.6467793172399244, "f4": 2.5015339170177584, "f40": 1.6158682114819596, "f41": 1.2853514082661721, "f42": -2.7424333249699058, "f43": 2.2978980646061564, "f44": -1.4407833096093239, "f45": 1.3017698552008754, "f46": 1.974330453273374, "f47": -2.058828059582231, "f48": -0.090623712752705, "f49": -0.25325798720136505, "f5": 1.7303054715081754, "f50": -3.0, "f51": -0.9065533811019788, "f52": -2.427932600355347, "f53": 2.170759083260194, "f54": 2.3028410078866743, "f55": -0.14119902400894602, "f6": -2.9150991236464034, "f7": 1.4935678028946553, "f8": 2.6367657652968477, "f9": -1.87766588653732}, "datetime": {"datetime": "2023-01-24 18:09:41", "elapsed": 6344.51002, "delta": 41.613828}}
{"target": 0.4137343610727075, "params": {"f0": -0.8245468245051316, "f1": -1.9493795855380802, "f10": 1.4732476820664484, "f11": 1.6506750620240072, "f12": -0.15514527676948786, "f13": 1.2801524867013285, "f14": -0.8767767316899011, "f15": -2.7037343190153784, "f16": -0.4924074905016421, "f17": -2.5560046372794796, "f18": 1.1867975146935577, "f19": -0.6268586771876982, "f2": -1.6732273927240693, "f20": 1.2519142802456071, "f21": -2.4259281017881005, "f22": 2.285314776342135, "f23": 2.028062992358628, "f24": -2.3218178553565534, "f25": -0.1651550813454957, "f26": -1.899550890911592, "f27": -1.9854785003457773, "f28": 0.9828606528338472, "f29": 1.611129498378166, "f3": 0.557573433483342, "f30": 0.9090700947617326, "f31": -1.1530243004181238, "f32": -0.5630358526369867, "f33": 1.7638769054628447, "f34": 2.8145259375346328, "f35": -0.3956780060537679, "f36": 1.2622337608312721, "f37": 0.0593847424239057, "f38": 2.858376865386863, "f39": 0.5680514736865377, "f4": 2.5041091514759537, "f40": 0.88465240662908, "f41": 1.2209122921491942, "f42": -2.7373103845822286, "f43": 2.371659962778042, "f44": -1.6455872312715019, "f45": 1.1646548022237402, "f46": 1.4983190057763929, "f47": -1.8563435602445275, "f48": 0.16066862705974208, "f49": -0.3004332865806445, "f5": 1.2945681128819604, "f50": -2.7042460044940357, "f51": -1.0448783708101435, "f52": -2.301620111737947, "f53": 2.0961775929051076, "f54": 2.403813518728845, "f55": -0.24829016583833086, "f6": -2.7605626803612022, "f7": 1.654658195566073, "f8": 2.929661232398761, "f9": -1.9296068574972205}, "datetime": {"datetime": "2023-01-24 18:10:21", "elapsed": 6384.013751, "delta": 39.503731}}
{"target": 0.7592552010984117, "params": {"f0": -0.6493578735160772, "f1": -1.9325403946894315, "f10": 1.323343110103273, "f11": 1.6437473173676576, "f12": -0.06583476741366352, "f13": 0.8468213337130523, "f14": -0.9870451705885376, "f15": -2.5779892837988703, "f16": -0.33005281248167895, "f17": -2.0847111555492748, "f18": 1.1267312115955952, "f19": -0.4107165178976828, "f2": -1.7368964765469308, "f20": 1.3782649578533808, "f21": -2.0707508918851567, "f22": 2.4134921899195647, "f23": 1.8606913327061159, "f24": -2.025756925760859, "f25": -0.4097060679617466, "f26": -1.8301919623610485, "f27": -1.9768335951294183, "f28": 1.0328918745041917, "f29": 1.758552315942677, "f3": 0.47126993652265403, "f30": 0.8668363821097573, "f31": -1.3167149571479584, "f32": -0.5721136792962712, "f33": 1.8579257332643764, "f34": 2.7545640083171077, "f35": -0.3697327367482313, "f36": 0.6522045838677561, "f37": -0.10814525794367294, "f38": 2.796761862422271, "f39": 0.6842233230856754, "f4": 2.435107168293471, "f40": 1.3577040862108298, "f41": 1.0690607589282226, "f42": -2.5517479982204825, "f43": 2.0162805655366784, "f44": -1.4024878049818554, "f45": 1.259761471969336, "f46": 1.5604277363537666, "f47": -1.857666320062625, "f48": 0.01289328575663594, "f49": -0.41996357228970554, "f5": 1.25982167872645, "f50": -2.6402707504550462, "f51": -0.8420007314870293, "f52": -2.05435421535864, "f53": 2.025410888918391, "f54": 1.988754708259023, "f55": -0.028470716845721215, "f6": -2.4840605204218598, "f7": 1.50484564873329, "f8": 2.476109495290932, "f9": -1.9282895676226932}, "datetime": {"datetime": "2023-01-24 18:10:26", "elapsed": 6389.020838, "delta": 5.007087}}
{"target": 0.7592552010984117, "params": {"f0": -0.6648220321081589, "f1": -1.8732888746072967, "f10": 1.3563099523102013, "f11": 1.4915139034921336, "f12": -0.03428825674907103, "f13": 0.8233680712914528, "f14": -0.9391490993622155, "f15": -2.5121385692727154, "f16": -0.37678979155836345, "f17": -2.004030836210065, "f18": 1.053177162661108, "f19": -0.45149692817533477, "f2": -1.7300504368394929, "f20": 1.2790571934234651, "f21": -2.0378713537059947, "f22": 2.262063156236981, "f23": 1.8171526397466247, "f24": -2.0075386888783595, "f25": -0.41369405502006174, "f26": -1.7244094300585593, "f27": -1.819813399380934, "f28": 1.0009968623214152, "f29": 1.672211393470073, "f3": 0.3921092525180432, "f30": 0.8759813002211609, "f31": -1.1943784825568464, "f32": -0.5371063917411159, "f33": 1.6746986963630823, "f34": 2.721814086784831, "f35": -0.3148710496645444, "f36": 0.6785061816076221, "f37": -0.06855721547727384, "f38": 2.762860946692625, "f39": 0.6059447017766132, "f4": 2.325184758857702, "f40": 1.3389435915047, "f41": 1.0603652768274892, "f42": -2.4045081874589007, "f43": 1.9589088048932382, "f44": -1.3081807386580406, "f45": 1.199477490979551, "f46": 1.5874022827788004, "f47": -1.7606395514637196, "f48": 0.022031485666048164, "f49": -0.3434069027225471, "f5": 1.3321971233145482, "f50": -1.9909338576815092, "f51": -0.853414710504332, "f52": -2.039646730668197, "f53": 1.9182771531962168, "f54": 1.950251156417709, "f55": -0.05411865839928368, "f6": -2.4533709189240285, "f7": 1.4115987735368116, "f8": 2.426541729960576, "f9": -1.7581558271945237}, "datetime": {"datetime": "2023-01-24 18:10:37", "elapsed": 6400.551836, "delta": 11.530998}}
{"target": 0.7592552010984117, "params": {"f0": -0.6472899110269899, "f1": -1.7805916300725324, "f10": 1.2328442345204091, "f11": 1.4508401014867423, "f12": -0.03539713927762957, "f13": 0.7830263855346619, "f14": -0.8955534690838376, "f15": -2.399758552768837, "f16": -0.41807251394174033, "f17": -1.8746373589403862, "f18": 0.9501870361270595, "f19": -0.4022431741069389, "f2": -1.668306659586382, "f20": 1.2085824313609699, "f21": -1.931299834812218, "f22": 2.2072893212481937, "f23": 1.7617858390057102, "f24": -1.9048606749127248, "f25": -0.3956167816687391, "f26": -1.6679356559308687, "f27": -1.7443299159805692, "f28": 0.9930647873403575, "f29": 1.6354950433063231, "f3": 0.38567900859504367, "f30": 0.8272072221593779, "f31": -1.1545191582426388, "f32": -0.48031294982695727, "f33": 1.6299949356966332, "f34": 2.6493225850767033, "f35": -0.275508244785914, "f36": 0.5720356511097877, "f37": -0.09745449650538379, "f38": 2.7118981286843016, "f39": 0.585313307795337, "f4": 2.239780074918622, "f40": 1.2843769771593088, "f41": 0.9878731763814959, "f42": -2.2773806114972333, "f43": 1.8471247318263353, "f44": -1.2269934807768368, "f45": 1.165256112634797, "f46": 1.5041104467765614, "f47": -1.6485088971060289, "f48": 0.05356318165030065, "f49": -0.3508119918763783, "f5": 1.2523583686062973, "f50": -2.7992917692743986, "f51": -0.8342172808904379, "f52": -1.9235989491435848, "f53": 1.8295622667794753, "f54": 1.8510076760943652, "f55": -0.027890040779986514, "f6": -2.3243920415062425, "f7": 1.3709128174934264, "f8": 2.3519127268530164, "f9": -1.6743502309733842}, "datetime": {"datetime": "2023-01-24 18:10:44", "elapsed": 6406.881105, "delta": 6.329269}}
{"target": 0.47863929792087856, "params": {"f0": -0.7548986181858817, "f1": -2.0047444825076046, "f10": 1.306854527386928, "f11": 1.5882148233469786, "f12": -0.0478183421019717, "f13": 0.9320416216913425, "f14": -0.9700614025322025, "f15": -2.4235921153961755, "f16": -0.4712270951960635, "f17": -2.076415280067648, "f18": 1.058970708991754, "f19": -0.35581111102923973, "f2": -1.5701967500636627, "f20": 1.1893275405638113, "f21": -1.8647356358147784, "f22": 2.442652080127283, "f23": 1.8796587768711985, "f24": -1.8537623163735935, "f25": -0.672933384910742, "f26": -1.7484234997236965, "f27": -1.8997197289458474, "f28": 1.078154607541909, "f29": 1.6836065524025259, "f3": 0.4126847565771265, "f30": 0.7811928473376472, "f31": -1.269670055083138, "f32": -0.8091414311575721, "f33": 1.5645875261789188, "f34": 2.634936425848975, "f35": -0.40617453274795196, "f36": 0.6216189987705364, "f37": -0.13143772151205754, "f38": 2.6069649031567304, "f39": 0.494173849858315, "f4": 2.3785185402117928, "f40": 1.3616538256964243, "f41": 0.999260565271978, "f42": -2.2508373972653706, "f43": 1.8293801152143476, "f44": -1.445059780927195, "f45": 1.3876190147853111, "f46": 1.656323739471333, "f47": -1.87497591980016, "f48": 0.1769655313558014, "f49": -0.49547655483368636, "f5": 1.391329739717742, "f50": -2.53093733432597, "f51": -1.0601577827832596, "f52": -2.2847881429326735, "f53": 1.7649090071180449, "f54": 1.8749890720237314, "f55": 0.12321308398100504, "f6": -2.361320868452735, "f7": 1.1830695354581262, "f8": 2.4067146779611144, "f9": -1.7111858649490321}, "datetime": {"datetime": "2023-01-24 18:11:50", "elapsed": 6473.250679, "delta": 66.369574}}
{"target": 0.7592552010984117, "params": {"f0": -0.5063264157124636, "f1": -1.7336163005578233, "f10": 1.3245202096520992, "f11": 1.4450431303499918, "f12": -0.07008088661397274, "f13": 0.6780138843362684, "f14": -0.8964941995298753, "f15": -2.582532180430063, "f16": -0.23466474930021303, "f17": -1.9016463238224368, "f18": 1.0863092562337784, "f19": -0.4916578609929703, "f2": -1.8290360359569255, "f20": 1.3885544031404802, "f21": -2.1100133749357433, "f22": 2.114363138010585, "f23": 1.718350194356356, "f24": -2.0664607308945775, "f25": -0.1805899131165416, "f26": -1.7313908433437712, "f27": -1.73567805707293, "f28": 0.8785762550731533, "f29": 1.6724578977712117, "f3": 0.38149899995417824, "f30": 0.9655356074241614, "f31": -1.1392632009095363, "f32": -0.2848151226227374, "f33": 1.846033402183965, "f34": 2.7889960081536587, "f35": -0.21714533268281988, "f36": 0.6654263952142025, "f37": -0.006034128893768306, "f38": 2.9124596366615014, "f39": 0.7366082301637704, "f4": 2.2981685910759073, "f40": 1.324968075320219, "f41": 1.106331311123559, "f42": -2.536290493845745, "f43": 2.034258521121074, "f44": -1.1966524882222003, "f45": 1.0165977967331572, "f46": 1.464570310937538, "f47": -1.6702840098377123, "f48": -0.14721619193749721, "f49": -0.2313959483543161, "f5": 1.2060453930268202, "f50": -2.532723054907971, "f51": -0.6280656667302239, "f52": -1.7541892194462552, "f53": 2.0530810753547097, "f54": 1.9297136260561358, "f55": -0.20368797492872878, "f6": -2.4659027373760947, "f7": 1.6202075300525143, "f8": 2.381593775224278, "f9": -1.8569530528737437}, "datetime": {"datetime": "2023-01-24 18:11:55", "elapsed": 6478.219962, "delta": 4.969283}}
{"target": 0.7592552010984117, "params": {"f0": -0.8563065740307597, "f1": -1.578249912840283, "f10": 1.4049178066236587, "f11": 1.5848618218560542, "f12": 0.002099658354834068, "f13": 0.8171116039878968, "f14": -0.9244715369342471, "f15": -2.4811838615372817, "f16": -0.31517012071874734, "f17": -1.8030738448190442, "f18": 1.1256457187439377, "f19": -0.3720832252638858, "f2": -1.7781207952506328, "f20": 1.3215563298175999, "f21": -2.058632005544327, "f22": 2.3138022074776936, "f23": 1.9277428568992503, "f24": -1.9334526721542977, "f25": -0.08922126685873506, "f26": -1.51126094320978, "f27": -1.9871087221312698, "f28": 0.9082058585702212, "f29": 1.5652414108429993, "f3": 0.2650978206627827, "f30": 0.8627907756805506, "f31": -1.3474835344718723, "f32": -0.27603711655727275, "f33": 1.6367533938166345, "f34": 2.8386997583173055, "f35": -0.1930329087675856, "f36": 0.7091859677261002, "f37": -0.21443213957392748, "f38": 2.8086139106457444, "f39": 0.6466149972944458, "f4": 2.091092458126459, "f40": 1.3448019373214377, "f41": 1.1519714999972042, "f42": -2.451769513185104, "f43": 2.1578267930307904, "f44": -1.3827922589211727, "f45": 1.1756818644259752, "f46": 1.5096380410137904, "f47": -1.7316192227616463, "f48": -0.054118290348821846, "f49": -0.2551442782417029, "f5": 1.0073314445698072, "f50": -2.512605360627534, "f51": -0.5923630747300852, "f52": -1.9828530365808854, "f53": 1.901405979167705, "f54": 1.9391592843975234, "f55": -0.08068095506743712, "f6": -2.431386616308536, "f7": 1.4157518724674774, "f8": 2.594103439120867, "f9": -1.8867010465730927}, "datetime": {"datetime": "2023-01-24 18:11:59", "elapsed": 6482.375471, "delta": 4.155509}}
{"target": 0.5978079439405437, "params": {"f0": -0.754663319707428, "f1": -1.6775458940988157, "f10": 1.257489479559883, "f11": 1.672574864162448, "f12": -0.19085369715787104, "f13": 0.7491519254192638, "f14": -1.1478002982256226, "f15": -2.4159419102337027, "f16": -0.29814387866603625, "f17": -1.8679408579327441, "f18": 0.8155044644841547, "f19": -0.6294766285077735, "f2": -1.596065981470301, "f20": 1.2022205375734005, "f21": -1.890035213243852, "f22": 2.064544794382279, "f23": 1.9750039947975928, "f24": -2.1444524629212998, "f25": -0.32732567457102063, "f26": -1.5620829947406802, "f27": -1.734995454997912, "f28": 0.7817534667928989, "f29": 1.7087589197928472, "f3": 0.5040765198877413, "f30": 0.6421602155706134, "f31": -1.2493053130921223, "f32": -0.4097335614479203, "f33": 1.817832443108862, "f34": 2.845647559608748, "f35": -0.37789200857308103, "f36": 0.673875041524673, "f37": -0.2611345705572053, "f38": 2.892656310101692, "f39": 0.6952086716011914, "f4": 2.362121930957809, "f40": 1.3575115220868845, "f41": 1.1397773234295678, "f42": -2.3106644552696247, "f43": 2.2182835408233363, "f44": -1.1959728359123825, "f45": 1.0459465742869962, "f46": 1.636912150921974, "f47": -1.535260971127309, "f48": -0.15633080445961994, "f49": -0.3884500431644807, "f5": 1.2021737562839383, "f50": -2.501601280703311, "f51": -0.7507437848362323, "f52": -1.8968442239355179, "f53": 2.036447431743033, "f54": 1.9477759300974755, "f55": 0.04305551788922177, "f6": -2.629722300679438, "f7": 1.690543259071221, "f8": 2.4596422216803298, "f9": -1.930917108684579}, "datetime": {"datetime": "2023-01-24 18:13:09", "elapsed": 6552.142684, "delta": 69.767213}}
{"target": 0.7592552010984117, "params": {"f0": -0.6618045302607053, "f1": -1.8672314593194042, "f10": 1.2254770880811419, "f11": 1.5568740806540362, "f12": 0.0160704791459201, "f13": 0.7776573647236217, "f14": -1.0128493859507472, "f15": -2.470387852340131, "f16": -0.4740202392096073, "f17": -2.0282804552870584, "f18": 1.1742957816963728, "f19": -0.19341070457104312, "f2": -1.8651840233822208, "f20": 1.3377654566938526, "f21": -2.1960896440432167, "f22": 2.232176000740086, "f23": 1.6864624228148473, "f24": -1.9718002719307444, "f25": -0.1119968019814859, "f26": -1.7089170551544548, "f27": -1.9367605219999264, "f28": 1.2766728359309865, "f29": 1.5597879172620877, "f3": 0.363995533530729, "f30": 1.0586702744339094, "f31": -1.1707262382791601, "f32": -0.2060653504718554, "f33": 1.8138114579686178, "f34": 2.520572403798437, "f35": -0.1976312906663733, "f36": 0.702646493859477, "f37": -0.08317723004357322, "f38": 2.8833148918326392, "f39": 0.6129760397680015, "f4": 2.1243937635419554, "f40": 1.4871507086239497, "f41": 0.9665824985546587, "f42": -2.7559524754315836, "f43": 1.823272082090762, "f44": -1.3275297660920136, "f45": 1.1286737676729266, "f46": 1.30388557906156, "f47": -1.852900114277925, "f48": -0.0816510090105251, "f49": -0.12058313730476203, "f5": 1.2512580002951943, "f50": -2.4994587779310704, "f51": -0.7752553649205942, "f52": -1.9264708253355354, "f53": 1.9009531932725905, "f54": 1.9491803570897717, "f55": -0.20161601371780846, "f6": -2.195966111093271, "f7": 1.5042798672514859, "f8": 2.5937155367783418, "f9": -1.5892285857078752}, "datetime": {"datetime": "2023-01-24 18:13:12", "elapsed": 6555.628292, "delta": 3.485608}}
{"target": 0.7592552010984117, "params": {"f0": -0.5421042838662347, "f1": -1.6844719130586865, "f10": 1.3254983310024686, "f11": 1.2223039837240488, "f12": 0.31351051998539814, "f13": 0.7506099343391118, "f14": -0.5045141476986177, "f15": -2.6541699716149916, "f16": -0.2737688510656364, "f17": -1.7814873057327494, "f18": 1.2005829418329084, "f19": -0.30572771015994216, "f2": -1.868576716547944, "f20": 1.370916136446397, "f21": -2.1931280953586256, "f22": 2.3614177509289904, "f23": 1.75563676292979, "f24": -1.899156809283284, "f25": -0.10874046592461724, "f26": -1.7434392283817968, "f27": -1.8715636250646095, "f28": 1.199585039884264, "f29": 1.5730891740830808, "f3": 0.3945644054411925, "f30": 0.9877845078741658, "f31": -1.3335760025395647, "f32": -0.4022650886562966, "f33": 1.739119574401007, "f34": 2.6569346914281584, "f35": -0.33843826438050045, "f36": 0.5497893095368707, "f37": 0.09846308384928594, "f38": 2.6986901464905877, "f39": 0.638872893820915, "f4": 2.334968400548626, "f40": 1.1359958978169116, "f41": 1.0232146306110097, "f42": -2.6531846748760826, "f43": 1.8827699398004518, "f44": -1.2222556574083314, "f45": 1.4266812046746142, "f46": 1.3945751166002778, "f47": -1.6096466740625917, "f48": 0.13381477295861105, "f49": -0.32202277857600403, "f5": 1.2346918749094677, "f50": -2.483680375879638, "f51": -0.5311006252455495, "f52": -1.8917139658952093, "f53": 2.0596239997642503, "f54": 2.124073975914711, "f55": -0.10083959490201065, "f6": -2.2652459137884753, "f7": 1.4456445017446158, "f8": 2.5282893423038764, "f9": -1.8819703492469189}, "datetime": {"datetime": "2023-01-24 18:13:16", "elapsed": 6559.385924, "delta": 3.757632}}
