{"target": 0.7592552010984117, "params": {"f0": -0.6650722116325918, "f1": -1.8976097944512675, "f10": 1.4402544649676736, "f11": 1.465308632172797, "f12": -0.10431948619257092, "f13": 0.9465056962364269, "f14": -0.880248972247478, "f15": -2.5783022806381437, "f16": -0.374775134812924, "f17": -2.1798212536321793, "f18": 1.154516739819658, "f19": -0.5358514544004143, "f2": -1.6769630897587997, "f20": 1.2380816835192476, "f21": -2.1016442563152467, "f22": 2.175821093466543, "f23": 1.8405514965642409, "f24": -2.0666861405701984, "f25": -0.37444007465280826, "f26": -1.7501975064893558, "f27": -1.7486502427695547, "f28": 0.9012743169808286, "f29": 1.592629035153525, "f3": 0.3747216998171359, "f30": 0.9365777764546168, "f31": -1.0913068062129883, "f32": -0.5758144099521845, "f33": 1.6067476593026173, "f34": 2.755087847053842, "f35": -0.30218844536434997, "f36": 0.9248803718741918, "f37": 0.052189474041878015, "f38": 2.7968757041412236, "f39": 0.5429877006894257, "f4": 2.365710942252294, "f40": 1.2096724974918445, "f41": 1.1528534602793545, "f42": -2.4318421758880957, "f43": 2.067945273619671, "f44": -1.4192915493146867, "f45": 1.1475046600520624, "f46": 1.5879697783330835, "f47": -1.806193889154173, "f48": 0.034674347953280726, "f49": -0.2790260772220554, "f5": 1.3867755955080607, "f50": -2.6502672531553126, "f51": -0.9260388233553338, "f52": -2.161844763789073, "f53": 1.9086421273919703, "f54": 2.0299579618698296, "f55": -0.14515581132256816, "f6": -2.5367793850721627, "f7": 1.4000775379589037, "f8": 2.5295631022594485, "f9": -1.7569686440342305}, "datetime": {"datetime": "2023-01-24 17:17:32", "elapsed": 3215.57346, "delta": 38.796148}}
{"target": 0.31067497012500184, "params": {"f0": -0.4712283230938299, "f1": 0.9178585029116992, "f10": -1.5448482121570817, "f11": 0.5697598133169368, "f12": -1.5389312659240948, "f13": 1.5500696788671338, "f14": 1.411383542032146, "f15": -0.2592712457506803, "f16": -2.835388156586427, "f17": 0.5970549350390959, "f18": 0.6846380986813285, "f19": -2.1798019805936333, "f2": -1.3562098721435984, "f20": 0.15030286556947736, "f21": 0.4834590786381012, "f22": 1.0873683694737881, "f23": 0.2156600229233021, "f24": -2.6012280847572664, "f25": 2.248693051929961, "f26": -1.059477207577839, "f27": -2.3794707568203353, "f28": -0.2764504663859846, "f29": -2.517242692478459, "f3": 1.5407014219190884, "f30": 0.8877510077097988, "f31": 2.2610246763914947, "f32": 0.543836488878136, "f33": 1.8413214075624609, "f34": 2.6853289949656016, "f35": -0.4860955213309208, "f36": 2.1969142829168637, "f37": 0.5978839237854183, "f38": 0.4064063176608821, "f39": -1.1156379871909192, "f4": -1.9392619591984814, "f40": -2.0441329115454363, "f41": 1.4603528241458363, "f42": -1.7728615891087176, "f43": 2.3483335492195874, "f44": -1.8063316964776668, "f45": -1.9232126376758132, "f46": -2.306559203446893, "f47": -0.7440703873981329, "f48": 1.1833408651549995, "f49": -0.00567591337603135, "f5": 0.8506159523225718, "f50": -0.20990279965557335, "f51": -0.7256203842530526, "f52": 0.1145011554585178, "f53": 0.2740581722516655, "f54": 2.0284448836844344, "f55": -1.050228226446264, "f6": 0.27876346017944664, "f7": -0.5792629804059608, "f8": 1.959189797846789, "f9": 1.8495482625907709}, "datetime": {"datetime": "2023-01-24 17:18:17", "elapsed": 3259.959603, "delta": 44.386143}}
{"target": 0.06355711953485885, "params": {"f0": 1.0124664831972696, "f1": -1.0545199553249849, "f10": -1.3788305916800712, "f11": 1.9303660524049215, "f12": 0.3216657731111985, "f13": 0.9332571861002252, "f14": 2.2393616273207417, "f15": 1.623211910702123, "f16": 0.6635468478636595, "f17": 0.4205568341667658, "f18": -0.49843782823751814, "f19": -1.1292397764063669, "f2": 2.501452870564746, "f20": -2.4148652816891394, "f21": 0.3342624942670165, "f22": 2.460391031059454, "f23": -0.34723859063007456, "f24": -0.24713125570714478, "f25": -1.170749675575408, "f26": -2.7173551548789483, "f27": -0.7656748892477125, "f28": 0.9861815163751939, "f29": -0.5660563340903293, "f3": 1.9066480537366504, "f30": -2.9858908386170535, "f31": -0.39080300853443095, "f32": -1.5153375328230958, "f33": -0.24847069833112467, "f34": -2.4551400132940504, "f35": 1.3985141935459575, "f36": -2.0443983331511575, "f37": 0.7508824423278071, "f38": -2.540870059939441, "f39": -1.940696876560882, "f4": 0.0800206551247844, "f40": 1.1507473842288203, "f41": 0.8180169641412549, "f42": 1.7165885258318152, "f43": 0.31664473578760166, "f44": 2.376430214933106, "f45": -2.4070387548116416, "f46": -1.458335149684437, "f47": 0.6504099028998622, "f48": 1.6719691231247573, "f49": 2.0378598067887372, "f5": -1.7964929070591786, "f50": 1.4619401359952313, "f51": 1.0574555088374709, "f52": -1.8304182747415343, "f53": 1.0314144037918318, "f54": -2.400690155698987, "f55": -2.8804106278568202, "f6": -1.929967391454626, "f7": -0.14408167486080403, "f8": 0.3540508021301241, "f9": -2.2612817339049727}, "datetime": {"datetime": "2023-01-24 17:18:44", "elapsed": 3287.108262, "delta": 27.148659}}
{"target": 0.49555128610347465, "params": {"f0": 0.38464578560477136, "f1": -0.47778839881522916, "f10": 2.739062961418555, "f11": -2.3456670261982504, "f12": 1.002814466052972, "f13": 1.8136703009601858, "f14": 0.7500146133640615, "f15": -0.4927819252991603, "f16": -2.539796669341854, "f17": 0.6101832744689859, "f18": -0.26648699875745496, "f19": -0.1182978071245735, "f2": -1.606220665067704, "f20": 2.7092463558281477, "f21": -1.8268842986621148, "f22": -2.2099981442778165, "f23": 2.0655886797010607, "f24": 2.2051644387400966, "f25": 1.2816032531044517, "f26": 1.2782301162139706, "f27": 0.6848669147567747, "f28": 2.2871520615939644, "f29": 0.39127562670370963, "f3": 0.029607952822281902, "f30": 1.797521226436536, "f31": -0.8479383619934673, "f32": -2.7661872305061603, "f33": -1.9148662656539277, "f34": -0.5928207811751554, "f35": -1.94546848050689, "f36": -0.4315309880062319, "f37": -2.2253700970298547, "f38": 2.0451235233775638, "f39": -1.2517142738849747, "f4": -2.2353484959744314, "f40": 1.2153366280889015, "f41": 1.8079733438722236, "f42": -0.24086835661768236, "f43": -2.4763285073156838, "f44": 1.313157689852825, "f45": 1.643872025891918, "f46": 1.5839034339220737, "f47": 1.1484673975826354, "f48": -0.5681558943978819, "f49": -0.7876089066473688, "f5": 1.2916651288726966, "f50": -2.7507601192045144, "f51": 0.3433287410513701, "f52": -0.16543560473233931, "f53": -0.24839347380364618, "f54": 1.0628922392341833, "f55": 1.7141175395188961, "f6": 2.053117247959567, "f7": -0.3032153451375805, "f8": 1.2401728140120936, "f9": 1.796193176259579}, "datetime": {"datetime": "2023-01-24 17:20:20", "elapsed": 3383.366929, "delta": 96.258667}}
{"target": 0.010092126067432006, "params": {"f0": -0.021709307531528665, "f1": -2.3058210491746483, "f10": -1.6564574169474107, "f11": 1.4585541868355136, "f12": 0.3601151650572003, "f13": 2.1063198135658316, "f14": 2.9647966799004255, "f15": 0.8386293511500602, "f16": -2.954557774300903, "f17": 0.2742010324372508, "f18": -1.7729071494030628, "f19": -1.6366716013078597, "f2": 0.4988748445293414, "f20": -1.8421465933220156, "f21": -1.6304513558480844, "f22": -1.474260319396194, "f23": 1.5425319431923077, "f24": -1.0694012857321635, "f25": 2.5106916168850137, "f26": -1.0913270747394048, "f27": 0.28796761213207756, "f28": 0.1850957511720841, "f29": -2.6336755863109746, "f3": -1.2177156912570635, "f30": 1.1397889788500128, "f31": 0.4432371196718732, "f32": -2.5970988402442527, "f33": 1.276104814642494, "f34": -0.1271355514613468, "f35": 0.8056512930847672, "f36": -2.225754205967221, "f37": 0.42403320426220237, "f38": -1.1764717495719148, "f39": 2.7562150120549314, "f4": 1.4601387452892993, "f40": 0.6228047221205495, "f41": 2.376754142650153, "f42": -0.6940338387275875, "f43": -2.517895757224246, "f44": -1.615442607465934, "f45": 1.5189532260087475, "f46": 1.5316682819949783, "f47": 0.8141712977013995, "f48": -1.06222223360757, "f49": -1.2982579589945307, "f5": -0.44033839349434434, "f50": -0.1131839947748734, "f51": -2.6748607371811244, "f52": -2.9252272024162513, "f53": 0.30648431356877737, "f54": -0.9361650970844311, "f55": 2.070985709802197, "f6": 0.1520078974076231, "f7": -2.1155775651575417, "f8": -1.5464419756277785, "f9": 0.05575078839730763}, "datetime": {"datetime": "2023-01-24 17:20:23", "elapsed": 3386.087621, "delta": 2.720692}}
{"target": 0.17030065487903429, "params": {"f0": -2.362684260722931, "f1": -2.5615113556370384, "f10": 1.7278293250416894, "f11": 1.3409329801350625, "f12": -1.6871793302719669, "f13": -0.9153283930925382, "f14": -1.857128062885147, "f15": -0.6913749879294824, "f16": 0.25732029039313886, "f17": 0.0025344840119863044, "f18": -2.0743944958789564, "f19": 0.006421978581528265, "f2": -0.06596273872066805, "f20": 0.10438583500740561, "f21": -2.6507610636577157, "f22": -2.754690691014332, "f23": 2.618587783822356, "f24": 2.6363211651206804, "f25": -0.9804656411753538, "f26": -2.4001271804030324, "f27": 2.5246378179651527, "f28": -1.6167881777901814, "f29": -1.8487371538659667, "f3": -1.705220630325436, "f30": -2.6584083882668175, "f31": -0.9018655973305183, "f32": 1.0807947674500333, "f33": -1.6020270983320304, "f34": 2.862039384337339, "f35": 2.3246649914369772, "f36": 2.810505109227643, "f37": 1.1971978402674228, "f38": 2.581186349768066, "f39": -1.203883299842086, "f4": -0.9117272204434594, "f40": 1.0995536287413987, "f41": 1.5944776639744003, "f42": 2.536041703577779, "f43": 0.8268959401781517, "f44": -1.2543379252668607, "f45": -0.6917080466562346, "f46": -1.8930215402535722, "f47": -0.0701598524555167, "f48": 1.6792103727566623, "f49": -1.0165785468583441, "f5": -1.9698456880008175, "f50": -0.5643168007890456, "f51": -1.7758210974600346, "f52": -2.274650694725345, "f53": -0.06695679050989156, "f54": 0.18326904963827628, "f55": -0.6645377129667183, "f6": -0.007876135290036501, "f7": -0.9030342023761384, "f8": 0.3327532093276169, "f9": 1.3762459138127792}, "datetime": {"datetime": "2023-01-24 17:21:00", "elapsed": 3423.297237, "delta": 37.209616}}
{"target": 0.6571263213313915, "params": {"f0": -2.8632156835677938, "f1": -2.1743276150217237, "f10": -0.4057202701595348, "f11": 1.010126297630257, "f12": 1.2767598355261462, "f13": -2.058629792295175, "f14": -1.3334402500354903, "f15": 2.511533546228603, "f16": -2.3671056380154822, "f17": 1.0601861181749967, "f18": -2.6614581051236543, "f19": -0.539748581489707, "f2": -0.4613358856230807, "f20": 1.80428815594252, "f21": -1.1829843534068298, "f22": 0.9393555701522454, "f23": 0.9168820102462889, "f24": -0.17851575648156892, "f25": -2.1648279660319116, "f26": 1.221733665417032, "f27": 1.3955516968793233, "f28": 2.29121565678395, "f29": -0.6138369081326784, "f3": 1.0185807888441412, "f30": 1.423127926782863, "f31": 2.742647449620142, "f32": 0.6751522458970203, "f33": 2.093027761800574, "f34": 1.4329486156095754, "f35": -2.0883739102044787, "f36": -2.8939154295402654, "f37": -0.7027816098499802, "f38": -0.4048173976244529, "f39": -2.2108362063797795, "f4": -2.4904343210996798, "f40": 2.7111047387205147, "f41": -2.313927216850268, "f42": -1.1379428495332382, "f43": 1.237383744522103, "f44": 2.414636790982267, "f45": 2.6419919540792636, "f46": -0.18214604062660733, "f47": 1.1339703862188033, "f48": 2.066449788328689, "f49": 0.5963632080317729, "f5": -2.60371474130304, "f50": -0.670780890633563, "f51": 2.206616907645638, "f52": 0.7860894304550428, "f53": -0.7815026140889669, "f54": -1.1801793957646527, "f55": 0.7638750352029371, "f6": -0.77288461493655, "f7": 1.1475110475590151, "f8": -2.1528579921645905, "f9": 2.0221217980664887}, "datetime": {"datetime": "2023-01-24 17:21:31", "elapsed": 3454.560017, "delta": 31.26278}}
{"target": 0.26859649111181944, "params": {"f0": 0.314982056751556, "f1": -0.34881108139181727, "f10": -1.8613814964922089, "f11": 0.8824734633437501, "f12": -2.5075035671873045, "f13": -1.5512478932477773, "f14": -2.5762491926615274, "f15": 0.5329526022494195, "f16": -2.384486464721297, "f17": 2.064465066863119, "f18": -2.2949364657342874, "f19": 2.192905214697644, "f2": -0.9907314618522172, "f20": -1.487673128514446, "f21": -1.5141727066614206, "f22": -1.5168600320083812, "f23": 1.205649911078706, "f24": -0.4207943755064174, "f25": -2.8144639889434675, "f26": 1.4345411072633816, "f27": -1.6642746181250754, "f28": -2.948592507643042, "f29": -1.8470185204092886, "f3": 2.319350248919795, "f30": -0.6539614052269398, "f31": 0.03928833798089837, "f32": -1.723278321877782, "f33": 2.898894057256796, "f34": 0.8618495723331492, "f35": 2.6475351173933177, "f36": 0.48493355728735876, "f37": -1.2749325025078346, "f38": 0.6363810281773858, "f39": -0.2545645448315206, "f4": 1.9738856497648944, "f40": 2.324504264756845, "f41": -2.3972793858438064, "f42": -1.5767471824434685, "f43": -1.4452733808703189, "f44": 1.8089200904067884, "f45": 0.08640614195653917, "f46": -0.003436643382711768, "f47": 2.1327521739458524, "f48": -0.44842914601162054, "f49": 1.0419650213030245, "f5": -2.5487076251864087, "f50": 2.8300761127146394, "f51": -2.5080047222129025, "f52": -1.4205913978449445, "f53": -0.2680676929614947, "f54": 0.377947485064384, "f55": 0.009930458131286013, "f6": -1.0397445355342185, "f7": 1.9525186082615251, "f8": 2.8638933987431923, "f9": -2.426458800898401}, "datetime": {"datetime": "2023-01-24 17:22:17", "elapsed": 3500.103269, "delta": 45.543252}}
{"target": 0.2846416355967142, "params": {"f0": 0.6853523389828449, "f1": 2.3986057697897447, "f10": 2.258367579798197, "f11": -2.0541787898874166, "f12": -2.2826867187057944, "f13": -1.0340427728013515, "f14": -1.482951227970834, "f15": 1.104828356925566, "f16": 0.4155487776839104, "f17": 0.018408865680619613, "f18": -0.07017326570477866, "f19": 0.25565713585897676, "f2": -0.48620234387105166, "f20": -2.6510320039634916, "f21": 2.032005318575006, "f22": 1.1257499530160047, "f23": -2.335950884154694, "f24": 0.7257212193606328, "f25": -2.826230998756537, "f26": 0.5516055896612797, "f27": -0.04972152423816212, "f28": 1.375308393251684, "f29": -0.16214911688423417, "f3": 2.578698749639913, "f30": 1.847022014262662, "f31": -1.6375130015645218, "f32": -0.6925485441247923, "f33": 2.989428235124535, "f34": 1.893285098803993, "f35": 1.2662557653192223, "f36": 2.8529715263442634, "f37": 2.7143362257001407, "f38": -0.7999014366989043, "f39": -1.4799519342782808, "f4": -2.133867710960646, "f40": 0.7194735159930188, "f41": -2.205214097952017, "f42": 1.1759956628464776, "f43": -2.7243929418345876, "f44": 1.5501826697670635, "f45": 2.2387135041987456, "f46": 2.9023677621812727, "f47": -2.1676174370994628, "f48": 0.3483703427365423, "f49": 0.46341887388530223, "f5": 2.437112232196742, "f50": 0.20920861613143726, "f51": -1.2039376512590885, "f52": 1.5245560679848165, "f53": 0.3155885982356388, "f54": -1.368321520232312, "f55": -0.16657471132321255, "f6": 1.8575970707470182, "f7": 2.6090828462968245, "f8": 0.2747455990800347, "f9": 2.1407980701031573}, "datetime": {"datetime": "2023-01-24 17:23:30", "elapsed": 3573.545675, "delta": 73.442406}}
{"target": 0.09907623352356656, "params": {"f0": 2.15799497520755, "f1": 1.3250190435181404, "f10": 1.9002289475392242, "f11": 2.0736097650309295, "f12": 1.6956751748790033, "f13": 1.5219271723039283, "f14": -2.2572996041546687, "f15": 2.9102962048373344, "f16": 1.5732926518223005, "f17": -2.866344368353893, "f18": 2.8922131619224443, "f19": 2.828696082812102, "f2": 2.4660854682698803, "f20": -2.4584891990888615, "f21": 1.5410593570222177, "f22": -1.1297474580445903, "f23": 1.1648494028765928, "f24": -2.33332941884664, "f25": 1.1111973127647063, "f26": -0.4230430355756676, "f27": -2.4660647274489915, "f28": 2.3336403027816335, "f29": -2.5924613035593524, "f3": -1.0619884865796185, "f30": 2.5033428918386784, "f31": 0.45759174254541524, "f32": 2.162734281418781, "f33": -2.1259619111975434, "f34": -1.8273791927717629, "f35": 1.048169857645811, "f36": -1.8403630236195603, "f37": -1.717476659319054, "f38": 0.6330311830832365, "f39": -1.766724577051645, "f4": 0.03109261882773451, "f40": -1.5772746184305466, "f41": 0.2198088857058318, "f42": -1.3376334219708095, "f43": 1.3674602015434436, "f44": 2.7771045198863815, "f45": -2.706617303252836, "f46": -0.09034139673998887, "f47": -1.5503965099287944, "f48": -1.5636803906530627, "f49": -2.930807026945252, "f5": -0.6535494298831974, "f50": 1.3106478050616852, "f51": 1.821438720447368, "f52": -0.3868436180609196, "f53": 0.12244225233901496, "f54": 2.2808080158462065, "f55": 2.1074367787905732, "f6": -0.2897709282868437, "f7": 2.9056553567099224, "f8": 0.7793342922579627, "f9": -2.5945889377922358}, "datetime": {"datetime": "2023-01-24 17:24:50", "elapsed": 3653.564186, "delta": 80.018511}}
{"target": 0.3589586979855536, "params": {"f0": 2.7140733523582714, "f1": 2.2976237780436772, "f10": 1.093533273776238, "f11": -2.9491394506638446, "f12": 2.5614332076000395, "f13": -1.9093727737360868, "f14": -2.0241475580943322, "f15": 0.8119406388295651, "f16": 2.1884087351054173, "f17": 2.9969002548418464, "f18": 2.8248020924874035, "f19": 0.07860770416143881, "f2": -0.05204697938682967, "f20": -2.974285022761184, "f21": -1.4950088523388259, "f22": -2.213775714448465, "f23": 2.370094914105211, "f24": -0.216801324875175, "f25": -2.939017117646479, "f26": 2.6026751290176104, "f27": 1.4699071992915513, "f28": 1.3621365024935264, "f29": 0.2484160830066946, "f3": 2.449743304109405, "f30": -0.1983112488653136, "f31": 1.340257731443769, "f32": 2.964981827410681, "f33": -2.0788304736848624, "f34": -2.1155175113113573, "f35": -2.167412009771545, "f36": -1.0207551284208485, "f37": -2.327422316263807, "f38": -2.363787807467669, "f39": -1.1810493460186318, "f4": 2.995368111629534, "f40": 1.9702514409609915, "f41": -0.9197296667757975, "f42": 1.2133258544301295, "f43": -1.8503535907563666, "f44": 0.11694488557225924, "f45": -1.0445014366150571, "f46": 1.7979018482569868, "f47": 0.673300287030413, "f48": 2.7478403862528182, "f49": -1.3006646962284865, "f5": 1.943802681248008, "f50": 2.800062090625522, "f51": 2.285435393472703, "f52": 2.3668574794464536, "f53": -2.8485929902699216, "f54": 1.0825579870031978, "f55": -0.2891098711400115, "f6": -2.8485547791117476, "f7": 2.3697631568595154, "f8": 2.4481318453049097, "f9": 2.108243596193354}, "datetime": {"datetime": "2023-01-24 17:27:38", "elapsed": 3821.124928, "delta": 167.560742}}
{"target": 0.6161469807124366, "params": {"f0": 2.053499508934496, "f1": 1.6568926594886975, "f10": -2.7032727361376936, "f11": 1.8062153560521725, "f12": 2.8141097138431537, "f13": -1.9206466424978303, "f14": 1.5176146834730577, "f15": -0.3146027077727851, "f16": 2.7531743346050117, "f17": 2.713536038253472, "f18": -1.3076269895321437, "f19": -0.2602922346269363, "f2": -2.0976945988219144, "f20": 2.9027506137418957, "f21": -0.6089464170583985, "f22": 1.484320879891067, "f23": -1.185284264054963, "f24": 1.2071554725909213, "f25": 2.442158504830023, "f26": -2.203004612351222, "f27": -0.8329380360748226, "f28": 2.014708164592853, "f29": -2.855290878630529, "f3": -2.820716065610257, "f30": 0.10676493503450146, "f31": -1.8447755476239334, "f32": -2.259922592659111, "f33": -0.22195414050801343, "f34": 0.808040416521985, "f35": -1.4327081882479564, "f36": -1.0678134017590235, "f37": -1.24191541814405, "f38": -1.4451067626071203, "f39": -0.5169518445644612, "f4": -2.682089248835525, "f40": 1.9698985048297208, "f41": 2.2039132792771206, "f42": -0.588758710049627, "f43": 2.0195933192968054, "f44": 2.4135294415044974, "f45": -2.474639975440902, "f46": 1.2932852037331717, "f47": -1.3617610744418698, "f48": 1.7758750627404796, "f49": 0.274541559168473, "f5": -0.4983266403582869, "f50": 1.4722966712978538, "f51": -1.2674995838100764, "f52": 1.9372558960770316, "f53": -1.0707416505712979, "f54": 0.8286633640150027, "f55": 2.374616456723901, "f6": 2.7303800636353888, "f7": 1.0888040078623398, "f8": -2.2175833299829177, "f9": 0.0907636292332894}, "datetime": {"datetime": "2023-01-24 17:28:33", "elapsed": 3876.444054, "delta": 55.319126}}
{"target": 0.002140657234010531, "params": {"f0": -0.48382660474219064, "f1": 0.43195759342504214, "f10": 2.3253119351766935, "f11": -0.2635895317984067, "f12": 1.7804761281097932, "f13": -2.625918802595729, "f14": 0.19169119305228577, "f15": -0.8748092128387439, "f16": -2.9444372996892856, "f17": -1.475267415394658, "f18": 0.6949528668275295, "f19": 2.8407517711009476, "f2": 2.138419573553737, "f20": -0.7684632683974164, "f21": 1.7310243542220567, "f22": 0.5212217569899482, "f23": 0.49205597578637583, "f24": 1.1716188088808792, "f25": -0.825146362170412, "f26": -0.858895392803956, "f27": -1.8868220670831735, "f28": -0.37065473276635874, "f29": -0.6779004714906431, "f3": 2.3220686215658173, "f30": -0.13663634802843605, "f31": 2.210469672921344, "f32": 0.4802975717616409, "f33": -1.6716491873772257, "f34": -2.764138773613894, "f35": -1.5406286603288937, "f36": 1.3483425282202965, "f37": 0.16276633574492472, "f38": -2.5907261805940944, "f39": -1.065423294561371, "f4": 1.0510559654994704, "f40": 1.2534875222364734, "f41": -1.1610702603065615, "f42": 1.0728938424670496, "f43": -0.7895157227754299, "f44": -1.1345678118717129, "f45": -2.6580160344012285, "f46": 1.2493912113806793, "f47": 2.263828889706165, "f48": -1.8934802364487757, "f49": 2.290394887722776, "f5": -0.136837331406646, "f50": 1.179790491770138, "f51": -1.0847053358365997, "f52": -0.9789988916245784, "f53": -0.9542012891667655, "f54": -1.2598721625054057, "f55": 2.5490052644012016, "f6": 2.127401226402032, "f7": -2.525379890408476, "f8": 2.253455024241746, "f9": -1.7317693434242605}, "datetime": {"datetime": "2023-01-24 17:28:37", "elapsed": 3879.839178, "delta": 3.395124}}
