{"target": 0.23061544844585888, "params": {"f0": 1.3099508760930378, "f1": 0.1894571470105877, "f10": 1.0319200226847425, "f11": -1.5101844214615796, "f12": 0.8307929855786194, "f13": -2.2189130711808778, "f14": -0.6305452362898496, "f15": -2.9788775279856283, "f16": 1.9888367750415687, "f17": -0.8048029785813542, "f18": -0.3249419489874379, "f19": 1.301209459145519, "f2": 0.17572359696602646, "f20": -0.2624520071279557, "f21": -0.9112926039873512, "f22": 0.48117218078591506, "f23": -1.4410998429229498, "f24": 0.9062085600101764, "f25": 2.237165947995761, "f26": -1.4496113459778561, "f27": 1.078872437695904, "f28": 2.660090059718426, "f29": 2.28068383333137, "f3": -2.5471448751439913, "f30": 0.9103880983131072, "f31": 2.938553453879086, "f32": -2.51559649246816, "f33": 2.6266046522003847, "f34": 1.2199718168387665, "f35": -0.9191589316509488, "f36": -2.655961026693998, "f37": 2.4088433478507625, "f38": 1.1963267404074074, "f39": 2.7551728003648197, "f4": 2.482225704427657, "f40": 2.820200088044615, "f41": -2.753972513214311, "f42": 2.3053461938873347, "f43": 0.5654256077468967, "f44": 2.6659535706684556, "f45": -2.8435955220552387, "f46": 0.7191905503411657, "f47": 2.486671877480477, "f48": 1.3741626841356398, "f49": -1.2570106706776756, "f5": 2.0312412818219467, "f50": 2.340256555951834, "f51": 2.654705788622495, "f52": 1.9750014901010946, "f53": -2.529394797572805, "f54": 2.418973855854315, "f55": -0.48600205648310224, "f6": 1.4750433381981312, "f7": 0.9709912918803658, "f8": -2.757462643248904, "f9": 0.9121550512253171}, "datetime": {"datetime": "2023-01-24 16:36:27", "elapsed": 750.033902, "delta": 76.95116}}
{"target": 0.14197089205931868, "params": {"f0": 0.8846983506661319, "f1": -2.4396152267940794, "f10": 2.4188775833806915, "f11": -0.7483080451902762, "f12": 2.366934717930392, "f13": -0.2952208568802783, "f14": -1.2485122994858555, "f15": -1.2887207760229347, "f16": 0.7411372593510812, "f17": 2.5449148337691128, "f18": 0.6444629437208778, "f19": 1.37409671646504, "f2": 1.2907617222159002, "f20": -0.379979465168069, "f21": -1.2820712653279402, "f22": 0.9805995150547728, "f23": -2.5206270832685767, "f24": 1.8874018111185462, "f25": -1.6827089808648623, "f26": 2.209625240588112, "f27": 2.1942473915898937, "f28": 1.127896721426957, "f29": 1.4755921675579167, "f3": 2.6144082766179366, "f30": 0.4841955448015951, "f31": -2.33403619146041, "f32": -1.510248120426116, "f33": 0.5541765031926817, "f34": -0.8909032616493349, "f35": -0.18886691862690785, "f36": -1.3491144421571735, "f37": 1.2962326708486112, "f38": -2.868760180070235, "f39": -1.9774051174904355, "f4": -2.145676478275813, "f40": -0.9120149384229834, "f41": -1.3515337077230698, "f42": -1.5959232156066665, "f43": 1.743334801067208, "f44": -1.041257466400251, "f45": -1.4870265261678564, "f46": 1.1149090205546432, "f47": -2.0759933164361097, "f48": -1.2977491156608667, "f49": 1.5361155245577436, "f5": 2.0682232103515483, "f50": 2.8781603988764086, "f51": -0.19479917688135373, "f52": 1.2187515218722282, "f53": 1.9666850097174002, "f54": -1.0285302784668657, "f55": 1.8703116890021132, "f6": -0.43772564985388485, "f7": 1.4886638474753093, "f8": -0.8957989529638448, "f9": -0.7154869539732509}, "datetime": {"datetime": "2023-01-24 16:36:58", "elapsed": 781.428338, "delta": 31.394436}}
{"target": 0.7077735439963583, "params": {"f0": -1.0592596147118756, "f1": 1.1577782578047424, "f10": -2.880565036635924, "f11": 0.0963491041827007, "f12": 0.7321674936697931, "f13": 0.8150814053456199, "f14": -0.21822024779689286, "f15": -1.8406451816610723, "f16": -2.33528532348, "f17": 2.525922278187342, "f18": -2.8938804733109658, "f19": 1.4978140027744233, "f2": -2.2761456077592133, "f20": -1.8388527809556028, "f21": -2.9602360173147844, "f22": 1.7880288980462042, "f23": 1.1762432217523822, "f24": -0.5020650249134642, "f25": 0.32704930396795184, "f26": -1.0072010401344555, "f27": -0.3002494626002412, "f28": 1.6078037995883552, "f29": 2.9593302384088958, "f3": -1.4980042963276625, "f30": -0.17904300726588884, "f31": -1.4574647071925282, "f32": 2.0881551131733467, "f33": -0.6917752939701742, "f34": -0.8378788325499364, "f35": 1.8321480906392367, "f36": -2.64336244034824, "f37": -2.58154658146678, "f38": -1.6464973136773269, "f39": 1.4636018937829043, "f4": 2.3664997126635967, "f40": 0.8238634516941037, "f41": -1.9407496405174214, "f42": -0.9470584382641967, "f43": -0.36963617370478374, "f44": 0.92365294131901, "f45": 1.2949552687610328, "f46": 0.02965847520399212, "f47": 2.311311350071845, "f48": 2.7161094165678756, "f49": 0.15248349807259753, "f5": -0.28670776355946437, "f50": 0.09974719455619274, "f51": -2.365200515765406, "f52": 1.0938012661601109, "f53": 0.8679426145069593, "f54": 2.5024070093411366, "f55": 1.951273031807494, "f6": -0.2533780733166311, "f7": 2.9315941148764786, "f8": 2.277239353740799, "f9": -0.8055592392345048}, "datetime": {"datetime": "2023-01-24 16:38:02", "elapsed": 844.93484, "delta": 63.506502}}
{"target": 0.3141414658474029, "params": {"f0": 2.548986729128388, "f1": -1.3678560530748176, "f10": 1.6864824490351378, "f11": 0.9132150158693619, "f12": 1.3281126291343037, "f13": -1.1504735910113206, "f14": 0.15439250615918798, "f15": -0.047214971530201044, "f16": 2.168445639203185, "f17": 0.9584451354680628, "f18": -1.627707472121676, "f19": 0.7685074050660372, "f2": -2.0966912220724945, "f20": -1.905517969731119, "f21": -1.5490309350389644, "f22": -2.727222752004925, "f23": -1.3395932888461644, "f24": -1.7270590798351064, "f25": -2.8748083628292447, "f26": 2.9648006184209263, "f27": 0.10810472151894723, "f28": -1.6830265066653791, "f29": -1.984453263579832, "f3": 1.8917695674039, "f30": 2.5513404697662816, "f31": 2.0029893465137416, "f32": -0.20078941626888547, "f33": -2.1314507823209734, "f34": 0.6777269868260278, "f35": -2.1568642848390702, "f36": 0.6860521182359962, "f37": 0.9127595659657981, "f38": 0.9258941647026271, "f39": -0.29241889115817354, "f4": -0.3734557321855294, "f40": -0.5599537653985402, "f41": -1.6118895056647435, "f42": -2.6524920215578573, "f43": -1.2069837190115988, "f44": 1.1562547855696037, "f45": -0.5963727584501068, "f46": 1.1618701394538098, "f47": 2.222921223601114, "f48": 1.2360857910762757, "f49": 0.18383601493750268, "f5": 0.3703990714706671, "f50": -0.6908892538001847, "f51": 1.7880420859152988, "f52": -0.11906621169909304, "f53": -1.3368542761694315, "f54": 1.8976076499798626, "f55": -1.0811187507814277, "f6": 1.0136774652450917, "f7": 0.13850896286901992, "f8": -2.208994640859509, "f9": -0.5599835826712569}, "datetime": {"datetime": "2023-01-24 16:38:53", "elapsed": 895.830156, "delta": 50.895316}}
{"target": 0.13278074853413915, "params": {"f0": -1.9073359741448954, "f1": -2.3046690914875327, "f10": -1.5052904530204305, "f11": 0.8795249200069937, "f12": -2.6677006596326853, "f13": 2.162296841804407, "f14": -0.48073539276099186, "f15": -0.7607319389903133, "f16": 2.078306523504051, "f17": 2.871047978783267, "f18": -2.653755276794035, "f19": 1.4655502213018305, "f2": 1.308809017268783, "f20": 0.4635751347605064, "f21": 1.0502574293794584, "f22": 1.5591318300706831, "f23": 0.4029192666848478, "f24": -2.7710827068728543, "f25": 1.1835759306052331, "f26": 0.24417268399073944, "f27": 2.408520470096984, "f28": 2.1471789709592777, "f29": -0.3348963626061403, "f3": -1.8517997019139594, "f30": 1.3805899442063856, "f31": -2.215425086991347, "f32": 2.6465622787563188, "f33": -1.541688991972853, "f34": 1.4862801605223668, "f35": 0.8391509462449736, "f36": 1.9594808067199505, "f37": 2.9463079112328945, "f38": 1.5696268777062699, "f39": 2.0162187237820604, "f4": -2.953846399714174, "f40": 1.1979924807476054, "f41": 0.3527913890810268, "f42": -0.8569390164774444, "f43": -2.485326197549223, "f44": 1.7535775139746068, "f45": -2.221988380491349, "f46": -1.1611547394143726, "f47": -1.0763469031082566, "f48": 2.3661455172844965, "f49": 0.9690549154549966, "f5": -0.1803732351618894, "f50": 2.574538347813464, "f51": -0.17776110317300242, "f52": -1.8320249424007495, "f53": -1.9198942857001304, "f54": -0.4390875426187968, "f55": -0.5758828319663065, "f6": 2.7791168247161844, "f7": 0.33056234566361553, "f8": -1.3169338230440037, "f9": 0.11857046310057218}, "datetime": {"datetime": "2023-01-24 16:39:26", "elapsed": 928.878852, "delta": 33.048696}}
{"target": 0.139875171600151, "params": {"f0": -2.751599403478674, "f1": 0.6235189840173252, "f10": 1.862221156575198, "f11": 2.4588203465911835, "f12": -2.3603234773577664, "f13": 2.2084298418784982, "f14": 0.04948791690485699, "f15": 0.8735401864327406, "f16": 0.9482706395895639, "f17": -0.12764501556072494, "f18": -2.443182884181266, "f19": 0.44921029047150096, "f2": 2.860672054767056, "f20": -2.5845879380026107, "f21": 0.9078046451729489, "f22": -1.6664485486104428, "f23": 2.5763763318989374, "f24": 0.7588400314654526, "f25": 1.7614079123786706, "f26": -1.3362072886357217, "f27": 0.1907347665787369, "f28": -1.512645019087194, "f29": 2.8492654742331753, "f3": 0.02095410553028021, "f30": -1.893420334004365, "f31": 1.684795359998489, "f32": 2.724033539259798, "f33": -0.32947018427286423, "f34": -0.3670245614084826, "f35": -2.768758055810152, "f36": -2.240212848849679, "f37": 0.7471287704301943, "f38": 2.562155546277152, "f39": 1.2003055004757064, "f4": 1.9760741541866933, "f40": 2.014202220598011, "f41": -1.8907033975344387, "f42": 0.9848227280853905, "f43": 1.2610438542664726, "f44": -0.9148184095300973, "f45": 1.0450882020010779, "f46": 0.42915254510071144, "f47": 0.7886122996463083, "f48": -2.2400334452192814, "f49": 1.6354169865212551, "f5": -2.8216431732854854, "f50": 2.7177248583755667, "f51": 1.659242149962, "f52": -1.736504995777946, "f53": -1.6793208917652507, "f54": -2.995197406755252, "f55": -0.6513521283105344, "f6": 0.10139233050253038, "f7": 2.209229328637031, "f8": 1.5603813323893387, "f9": -2.440073110997334}, "datetime": {"datetime": "2023-01-24 16:39:31", "elapsed": 933.891522, "delta": 5.01267}}
{"target": 0.21295677223502799, "params": {"f0": 2.4941401926345392, "f1": -2.403680525534824, "f10": -0.38970478786440266, "f11": 2.455391969747094, "f12": 2.065778593981042, "f13": 0.8475624019650119, "f14": -2.909868697246635, "f15": -0.5557346143002682, "f16": 1.626945839977223, "f17": -0.8859876944381195, "f18": 0.1757856429052227, "f19": 1.3241183142295814, "f2": -1.7261540459778721, "f20": -2.6494693465028947, "f21": 1.1049253662403622, "f22": 1.602736321136149, "f23": 1.7624668371762544, "f24": -1.9251355974968467, "f25": 1.5435587570729865, "f26": -1.0522295677657838, "f27": -0.8437083333859645, "f28": -0.33800133908192365, "f29": 0.16521275422871984, "f3": -0.5567553116066026, "f30": -2.8624663791265217, "f31": 1.2319289633873431, "f32": 0.674726638156093, "f33": -1.157486640735517, "f34": 2.5617871784743382, "f35": -1.3483436657542491, "f36": -1.4512461847889733, "f37": -2.65628742933536, "f38": 0.7540550163780035, "f39": 2.950624846376363, "f4": -1.581911148927632, "f40": -0.7344473841060051, "f41": -2.656931048511354, "f42": -1.8746406753674716, "f43": 0.353430521839897, "f44": -0.8922155322229663, "f45": -1.4571988823382802, "f46": -0.33170022284632283, "f47": -1.7349914947636216, "f48": 1.0849345333267184, "f49": 1.3258356325268057, "f5": 2.375370971225256, "f50": -1.4754184688828758, "f51": 0.29632373222394914, "f52": 1.4271566901272443, "f53": 2.5781023649626142, "f54": 0.5770856419899895, "f55": 2.012891328998551, "f6": 2.4889690211985105, "f7": -2.05148101546542, "f8": 1.741242860903383, "f9": 1.9686637432011285}, "datetime": {"datetime": "2023-01-24 16:40:28", "elapsed": 991.470819, "delta": 57.579297}}
{"target": 0.30214034318958505, "params": {"f0": -1.058943652118745, "f1": 1.437250655968314, "f10": 1.9942422008919092, "f11": -0.9420124212321079, "f12": 2.46964675487781, "f13": -0.8897458412665413, "f14": -1.666184770787921, "f15": 0.8166011915360238, "f16": 0.20691584746606395, "f17": -0.31377770220288337, "f18": -2.4521624914616886, "f19": -2.2715032980719023, "f2": 0.5995431377511782, "f20": -2.205912918099316, "f21": 1.8877901489097306, "f22": 0.6619085233951143, "f23": 1.4357709388181608, "f24": 2.3037804662771366, "f25": 2.2750587637097563, "f26": 2.0144330038531715, "f27": -0.7035998829628158, "f28": -1.456766447659335, "f29": 1.135236553266724, "f3": 1.5883046678361747, "f30": -1.8013033213746807, "f31": 1.9785840483719657, "f32": -1.0665242782938544, "f33": -1.820487738388258, "f34": -1.1591327340196644, "f35": -2.7104744783202523, "f36": -1.4198390957277307, "f37": -2.150877160138635, "f38": 1.1010862616028518, "f39": -0.04244858243536198, "f4": -1.4023820060176553, "f40": 0.3501759857560076, "f41": 0.37569439042663744, "f42": -2.87678906347055, "f43": -0.18510912263868917, "f44": -1.1933766730908715, "f45": -2.140253621772685, "f46": -2.7439213239338205, "f47": -2.4559712838521826, "f48": -1.8801222973252316, "f49": 1.9540181581415892, "f5": -2.9128066760016784, "f50": 2.838289852395677, "f51": -2.002901362929228, "f52": -1.8225738404781018, "f53": -1.3632883623141747, "f54": -2.91464810626075, "f55": 1.5186269445928886, "f6": 0.29957317436170516, "f7": 0.44379866601730633, "f8": 0.05142618900435991, "f9": -0.006652641416294625}, "datetime": {"datetime": "2023-01-24 16:41:53", "elapsed": 1076.041695, "delta": 84.570876}}
{"target": 0.19649903765513838, "params": {"f0": 0.16498124706816686, "f1": 1.5246024987747742, "f10": 2.3736292368062584, "f11": 0.07868005916912413, "f12": 1.4038370730271197, "f13": -0.3544083403191589, "f14": 0.7646931886277377, "f15": -0.9437998839001391, "f16": -1.8823007131900968, "f17": -2.121534479817229, "f18": -2.4225775453046245, "f19": -2.0266418055389126, "f2": -0.9096631632896504, "f20": 0.005621597866396932, "f21": -2.9088809210269826, "f22": 2.733425591660721, "f23": -1.053520501434763, "f24": 0.54434558158226, "f25": -0.8718668859762255, "f26": -0.2816042464696822, "f27": -1.3696161490997392, "f28": -1.0480769403088486, "f29": -2.481597754331954, "f3": -0.7988438578928987, "f30": -0.5145515451228766, "f31": -1.1848629477513741, "f32": -1.2139171410262553, "f33": -2.202821603457483, "f34": 1.7077180854203053, "f35": -0.9601598050126743, "f36": -2.8742115353702147, "f37": 1.0145258196338185, "f38": -2.10570107717068, "f39": 0.751493982256132, "f4": 1.420832634154789, "f40": 0.027432664817967023, "f41": -1.9959973474057258, "f42": -2.0154626811718046, "f43": -1.0308927770444027, "f44": 2.7911311168790274, "f45": -1.7868871364763408, "f46": 1.1894527655296239, "f47": 1.3885916204509323, "f48": -0.21322801080897813, "f49": -2.163262525111767, "f5": -1.5613389216693228, "f50": -2.9761936322659155, "f51": 2.789572642965406, "f52": 2.2098650095607226, "f53": -1.3328234104350236, "f54": 0.8113545553881636, "f55": -1.1431968410995261, "f6": -0.34275405886078847, "f7": -1.208659502753234, "f8": -0.8573896317167988, "f9": 2.1526226686621417}, "datetime": {"datetime": "2023-01-24 16:42:42", "elapsed": 1125.042281, "delta": 49.000586}}
{"target": 6.563378884827228e-05, "params": {"f0": -2.8601231320965432, "f1": -2.3759216484331196, "f10": -1.102878943675527, "f11": -2.4510357523657333, "f12": -1.3245281793812318, "f13": -1.110370804792047, "f14": -0.23336024681197687, "f15": -2.676264764020446, "f16": 0.03854149735276824, "f17": 2.845928576379171, "f18": 2.488600068595426, "f19": 2.7184907063669312, "f2": 1.7714080748135315, "f20": 0.2536532883845979, "f21": 2.521297075797512, "f22": 0.16033130371843463, "f23": 1.1090354693946916, "f24": -0.23139973829908467, "f25": -1.507473358473898, "f26": -1.9482515316529654, "f27": 1.2569658842298015, "f28": 2.95829319279094, "f29": -1.6181183900787262, "f3": 0.25637471291922065, "f30": 2.232929206016868, "f31": 1.4417839310502059, "f32": -2.951023944352602, "f33": 2.2993201366714615, "f34": -0.7193893555780275, "f35": 1.3815642939080117, "f36": -1.323164925134572, "f37": 2.912003373825268, "f38": -2.5020491285588506, "f39": -0.8551215691568603, "f4": -0.5044224569765694, "f40": 1.7835586008161002, "f41": 1.0257542478664288, "f42": -0.656867662730654, "f43": 0.09301112565128866, "f44": 1.5084684083251148, "f45": -1.3560642158857887, "f46": 1.3453805227532918, "f47": 0.08981494428705172, "f48": -1.2113319024871352, "f49": 1.364138458461258, "f5": 2.851794135394366, "f50": 0.7866775742902217, "f51": -0.43856982151783797, "f52": 1.9651791771307394, "f53": 0.9723303706001483, "f54": 0.2680983918304536, "f55": -2.038639847252054, "f6": 1.7035555394420099, "f7": 1.6153542426520149, "f8": 1.8739626926814754, "f9": -2.1311483699325104}, "datetime": {"datetime": "2023-01-24 16:46:34", "elapsed": 1357.57068, "delta": 232.528399}}
{"target": 0.0688296282934934, "params": {"f0": -0.5791180260741475, "f1": 2.6598611419136677, "f10": -0.09065988413577752, "f11": -0.7588256512119069, "f12": 0.03036764556245064, "f13": -2.294012691607718, "f14": 2.738444502962439, "f15": -2.253564507367532, "f16": 1.8492391865037217, "f17": -0.41897469061185433, "f18": 0.7125829947270343, "f19": -2.039388184649879, "f2": 0.43685788867536646, "f20": -0.32143618998686296, "f21": 2.6402021410184506, "f22": -2.210689276047205, "f23": 2.384347068942306, "f24": -0.2801477038936184, "f25": -1.077660984957326, "f26": -1.8321414484386966, "f27": -2.4293212160020623, "f28": 0.07319313929510107, "f29": 0.23972941909352885, "f3": -2.2372646228006268, "f30": -2.3432797519736956, "f31": 0.06740986894111511, "f32": 0.11053188374907297, "f33": 0.22064002762185808, "f34": 0.6362288424296594, "f35": -2.5486756301254827, "f36": 0.6172865187757788, "f37": -1.2091171108000949, "f38": 0.3432004030304254, "f39": -1.6227061230429758, "f4": 1.1854733333436123, "f40": -0.19495904512254514, "f41": 0.17899029440142922, "f42": -2.720503302534362, "f43": -0.5328813951225486, "f44": -0.10521729522278545, "f45": -1.6340653714829614, "f46": 2.020297295309481, "f47": -1.6579912655651192, "f48": -0.04490929567498947, "f49": 2.9422411158777635, "f5": 2.4171293605938464, "f50": -2.3385613531147182, "f51": -1.7487262297046569, "f52": 0.3790552620473231, "f53": 0.6668694934848567, "f54": -0.19632363220006965, "f55": 2.6540882834059767, "f6": 1.131073408808037, "f7": 1.7407244589321866, "f8": -0.4854598155792642, "f9": -1.3962836141326138}, "datetime": {"datetime": "2023-01-24 16:48:08", "elapsed": 1450.951788, "delta": 93.381108}}
{"target": 0.06793503455567099, "params": {"f0": 2.6489495600707436, "f1": -0.21529508836564215, "f10": 0.14857216148347252, "f11": -0.1399775751346346, "f12": -1.1036363825441817, "f13": 2.862021816183179, "f14": 2.4354101403826327, "f15": -0.6541428697296343, "f16": 1.1803125449591212, "f17": -1.511733711942866, "f18": 1.813320147403843, "f19": 1.6082015164171928, "f2": -2.510299851008239, "f20": -0.39068757031637125, "f21": -0.768482977678504, "f22": 1.838480486536966, "f23": -1.0807020121029232, "f24": -1.1327431325113104, "f25": 2.8402805132115976, "f26": -2.3104892236242325, "f27": 2.897527337816939, "f28": -1.5108162332318895, "f29": 1.9416781263726435, "f3": 2.2845962576159327, "f30": 1.2861841142105161, "f31": -1.2575114678573278, "f32": -1.3101264186743924, "f33": 2.3434367698955363, "f34": 0.9885353729771147, "f35": 2.1767365375753043, "f36": 1.3247052195092905, "f37": -0.31587675301479123, "f38": -1.1509250005414648, "f39": 0.315150266803796, "f4": -2.0850663589766674, "f40": -0.2821975981757685, "f41": 2.1498384037359104, "f42": 2.789648376715788, "f43": -1.6724109004161047, "f44": -1.7555093378095075, "f45": 2.5228292012870313, "f46": 2.6385829959506477, "f47": -0.21993900446948977, "f48": 2.4400273788391162, "f49": 1.2372718070745172, "f5": 0.9848697123982397, "f50": -2.2797698432867017, "f51": 0.9388088260370919, "f52": 2.255317380467826, "f53": -0.6153381804837128, "f54": -1.6709437444947637, "f55": -2.708621857787757, "f6": -1.9562344614952731, "f7": -2.3875840475946255, "f8": 2.2185021679509713, "f9": -2.1478911967004244}, "datetime": {"datetime": "2023-01-24 16:48:37", "elapsed": 1480.599797, "delta": 29.648009}}
{"target": 0.18823269120467226, "params": {"f0": -2.4358867775300226, "f1": -1.4961106427738087, "f10": -2.5324634557400643, "f11": -1.703409264645148, "f12": -1.808177522882165, "f13": 0.6878392920592002, "f14": 1.9866707315753214, "f15": -0.4225123448560364, "f16": 1.0923337678356448, "f17": 0.5113761417065708, "f18": -2.846198958796702, "f19": 0.20873213484693665, "f2": -2.617973540610908, "f20": -2.04452810032842, "f21": 1.1771151467372398, "f22": 0.9695599589612511, "f23": -0.7259130256400512, "f24": 1.3097500392884571, "f25": -2.1339755154369984, "f26": -2.2638208235071504, "f27": 1.3288905756079918, "f28": 1.961802444155781, "f29": 0.8642696920406676, "f3": 1.4072142168688302, "f30": -1.0859807376873813, "f31": -1.9496065725085558, "f32": 2.793721690981129, "f33": -1.5404918293264438, "f34": -1.9121381765227523, "f35": 2.8092618110220107, "f36": 0.6126208350698121, "f37": -0.39028460560457257, "f38": 2.651645907604773, "f39": -2.276673575966032, "f4": -2.895312107535106, "f40": -1.4433056465132772, "f41": 0.1619797102102991, "f42": -2.0548659497798596, "f43": -1.7938815948807163, "f44": 0.9063324911598212, "f45": -0.9951527572593548, "f46": 2.375757051172222, "f47": -0.2198009091367643, "f48": -0.8937148735773874, "f49": 2.109370886513987, "f5": -0.44947443613866067, "f50": -2.297671866910955, "f51": 1.2706750520665615, "f52": 2.7228053421521574, "f53": -1.8434896663537195, "f54": 1.8295931627346826, "f55": -1.525134822540511, "f6": -1.7156347622911952, "f7": -1.2281944293002771, "f8": -0.6714539954414231, "f9": -1.0548047314805964}, "datetime": {"datetime": "2023-01-24 16:49:34", "elapsed": 1537.280249, "delta": 56.680452}}
