{"target": 0.20610815948327732, "params": {"f0": -0.33797440408533586, "f1": -1.4012448895785379, "f10": 1.7778898122025266, "f11": 1.143977249660903, "f12": -2.888226441557462, "f13": -0.523030591225309, "f14": 1.3719989481417567, "f15": 2.5706773653838972, "f16": 0.9232591743169873, "f17": 1.8742494037938915, "f18": -0.9271759260299026, "f19": -0.25414998888515417, "f2": -2.823992817603098, "f20": -2.9793216201048773, "f21": -1.6057199853305575, "f22": 0.11743862169535468, "f23": -0.08724313101201497, "f24": 0.972319017336301, "f25": 1.2459633646771797, "f26": 1.8679313263694795, "f27": 0.22670518342493917, "f28": -1.8236138383224243, "f29": -2.01942484683939, "f3": -1.456517476147288, "f30": 2.868591471301632, "f31": 2.775832343343531, "f32": 1.5562093110802362, "f33": -0.3336976551666142, "f34": -0.4175605165948033, "f35": -0.45414284477878564, "f36": 0.7160630908725474, "f37": -0.7557868283643474, "f38": 0.262998330908248, "f39": -2.988027152466466, "f4": 1.7878385457424333, "f40": -1.2006464050921593, "f41": 1.9999702848385068, "f42": 1.4000657418994518, "f43": 0.382303081030563, "f44": -1.5413889974551809, "f45": 1.3205265058179734, "f46": 1.3241227055837275, "f47": -2.996135405480966, "f48": -2.930941746973806, "f49": 2.2214233942693555, "f5": -1.2930826957453017, "f50": 0.2182235833024544, "f51": 2.0501410951848307, "f52": -0.40913307872697846, "f53": 0.015769467079628008, "f54": -2.991199010806647, "f55": -2.9071764149378696, "f6": -0.22855351950136615, "f7": 0.9542960392773789, "f8": 2.6103821837973236, "f9": 0.33062317573989874}, "datetime": {"datetime": "2023-01-24 16:51:14", "elapsed": 1636.862047, "delta": 99.581798}}
{"target": 0.1480484496002136, "params": {"f0": 2.5440607702244575, "f1": 1.469039329756506, "f10": 0.07180156636748158, "f11": 1.8438287513016451, "f12": 2.841704569390566, "f13": -2.176325984645018, "f14": 0.09111132609092909, "f15": 2.058541960223412, "f16": 2.9932194186089545, "f17": 2.296429029322667, "f18": -1.3810838407506358, "f19": 2.8999288453379846, "f2": -0.8568643094598034, "f20": -0.8435939010497835, "f21": 1.9619378072686082, "f22": -0.9983513242951583, "f23": -2.3201564810974307, "f24": 0.6867703803778928, "f25": 0.3889435806184185, "f26": 1.9046500556883004, "f27": 0.9189846206703223, "f28": 0.45862862403377846, "f29": -1.8316576564025238, "f3": 1.8161050075516716, "f30": 0.6882360392616484, "f31": 2.1562499699107756, "f32": -2.564143637776435, "f33": -2.186640717675465, "f34": 2.5313787894083175, "f35": -0.32738058339515996, "f36": 2.1308855626469683, "f37": 2.220434969624314, "f38": 1.0574304059105222, "f39": -2.331508580916882, "f4": -1.5708742604627093, "f40": -0.39242313061356393, "f41": -1.5353490672505221, "f42": 2.7621225889905228, "f43": 2.2095120884830433, "f44": -0.11899856522294838, "f45": 1.2931542031405847, "f46": -0.05882420607734007, "f47": -0.24017800561130853, "f48": 1.8757681895278537, "f49": -2.006607025164405, "f5": -0.4393648184401582, "f50": 0.3457817062968376, "f51": -0.7601942347156019, "f52": -2.4501646668355894, "f53": -1.277665753616584, "f54": 1.607029395835915, "f55": 2.50183614800825, "f6": -1.4370155058262686, "f7": 1.379365554017424, "f8": -1.4631717562112083, "f9": -2.7028034172766047}, "datetime": {"datetime": "2023-01-24 16:52:08", "elapsed": 1691.733182, "delta": 54.871135}}
{"target": 0.08658347070586549, "params": {"f0": -0.025648204579870715, "f1": -2.7034785570892437, "f10": -2.085888471951457, "f11": -1.415481136629832, "f12": -2.863378019717226, "f13": -1.3586387583538952, "f14": -0.8384778446784491, "f15": 1.6076286794907757, "f16": 2.577095844479783, "f17": -2.3746461603156095, "f18": 0.03831541806865246, "f19": -1.3253409287674431, "f2": 0.39845519167545396, "f20": 0.33502290970317494, "f21": 1.5338260435093396, "f22": -2.1724554638960356, "f23": -0.1596819133862546, "f24": -0.5487290070646771, "f25": -2.0237031460771844, "f26": -0.09563144596881434, "f27": 0.633873852546885, "f28": -0.15562093537493826, "f29": 1.212524461488071, "f3": 1.1472034740707482, "f30": 1.1682931555279668, "f31": -2.5738158312032917, "f32": 0.8924994579518977, "f33": -2.23620130070836, "f34": -1.1066227346278703, "f35": -0.8863945953448948, "f36": 2.923556607141964, "f37": -0.47891702224858124, "f38": -0.39172223273526363, "f39": 2.9824108591159266, "f4": -1.666809725087273, "f40": 0.5822868876035239, "f41": -1.3686815693475936, "f42": -1.9453441135610643, "f43": -0.873358524066651, "f44": 2.96761511694693, "f45": -1.3851882422149844, "f46": 0.4210690743080008, "f47": -2.6279765947580978, "f48": 1.1265197183650262, "f49": -2.233885225346045, "f5": 1.2758949484426791, "f50": 2.1636843936542327, "f51": 1.0997055535486702, "f52": -0.39550347787958406, "f53": 1.6582889894576773, "f54": 1.1311519407133002, "f55": 1.809529816028208, "f6": -1.5452371164166285, "f7": 0.38012904459419117, "f8": -2.196992517345145, "f9": -1.1936966065367753}, "datetime": {"datetime": "2023-01-24 16:53:03", "elapsed": 1745.941244, "delta": 54.208062}}
{"target": 0.2901343428676681, "params": {"f0": 1.4029472334223012, "f1": 0.9771484313737218, "f10": -2.719736960909591, "f11": 1.2119714621912943, "f12": -2.1785430661921383, "f13": 2.0179994319341024, "f14": -2.712504530722823, "f15": -0.2794501455886138, "f16": 1.02710903385554, "f17": -2.683866878626511, "f18": -2.2423340784155537, "f19": 0.32513783214927194, "f2": -0.9363053795858929, "f20": -0.14135551086822185, "f21": -1.05964453858401, "f22": 0.955802700297415, "f23": -1.2901898474348632, "f24": -0.11281948848070655, "f25": 1.495998809917137, "f26": -1.46912371830168, "f27": -2.878646850533644, "f28": 0.9859144691400576, "f29": -2.167377206614768, "f3": 2.8839770126969464, "f30": 1.1010739278087707, "f31": 2.3067331336241823, "f32": 0.19389347037401405, "f33": 2.831546458090031, "f34": 2.9395605399800075, "f35": 0.21874403827911681, "f36": -1.8406408375151306, "f37": 0.09764902006077447, "f38": -1.206177873135294, "f39": -1.5559162646661564, "f4": -1.3745888034716853, "f40": -2.6306799213610788, "f41": 0.605870382537522, "f42": -2.8200685984684846, "f43": 2.8819886862436874, "f44": 1.0526928365588493, "f45": 0.4803948392552142, "f46": -2.774303481758933, "f47": 0.879753718964281, "f48": -0.9699014093157712, "f49": 2.638173119764307, "f5": 1.5564111348342777, "f50": -2.861192872028124, "f51": 0.3465466266537591, "f52": -0.906502512846723, "f53": -2.4593146203839864, "f54": 1.7478654909690734, "f55": 1.4253875471167445, "f6": 0.5929190405809686, "f7": -0.11590031897028563, "f8": -2.3487630832954727, "f9": -2.3045559013422867}, "datetime": {"datetime": "2023-01-24 16:54:09", "elapsed": 1812.584468, "delta": 66.643224}}
{"target": 0.5297675192277723, "params": {"f0": -0.25301901031908347, "f1": -1.7532211772866138, "f10": 2.057678003312473, "f11": -1.933236990102811, "f12": -0.03989408982006548, "f13": -0.25075789724658337, "f14": 1.9930491964814134, "f15": 1.460316908492719, "f16": -1.5260131184989916, "f17": -0.2066030505299068, "f18": -0.3221655148477538, "f19": 0.8095101208267925, "f2": -2.1605706399514872, "f20": 0.8535404718704642, "f21": -0.5636918192242195, "f22": -2.257085964462039, "f23": -0.12444479340807924, "f24": -2.6789639119180033, "f25": 1.6336546072651688, "f26": 1.452189089821073, "f27": 1.248517011331315, "f28": 1.312622247266562, "f29": -1.4930762138550964, "f3": 1.4717802677437746, "f30": 2.2312914558190693, "f31": 2.950056426076271, "f32": 2.8343703801663827, "f33": -2.496407819729612, "f34": 0.008489105426213506, "f35": 1.0977179524660023, "f36": 2.773489782640322, "f37": -0.8435782644629088, "f38": 2.9952205277161266, "f39": 1.3659824435505374, "f4": -2.5088182522658, "f40": -1.5631717161718781, "f41": -2.356818186694168, "f42": -0.7642863460937135, "f43": -1.3389656848179452, "f44": 1.7565149449660877, "f45": -1.0321063246455509, "f46": 0.6887606059944784, "f47": -1.6718211796940257, "f48": 2.5563340384092506, "f49": 2.8089351199549997, "f5": 1.7918784097535063, "f50": 1.0853001200614933, "f51": -1.9597440864702098, "f52": -1.8201673270133465, "f53": 2.609094606091988, "f54": 1.6122521510027887, "f55": 1.2049231249991, "f6": -2.5023106450673707, "f7": -2.3064739567051844, "f8": 1.457509511923483, "f9": 2.220628584156996}, "datetime": {"datetime": "2023-01-24 16:55:12", "elapsed": 1875.10412, "delta": 62.519652}}
{"target": 0.43298552550604513, "params": {"f0": 2.29570783893797, "f1": -2.1302979881495903, "f10": -1.7331043463201175, "f11": -0.10639718893676697, "f12": 2.7403195452673597, "f13": -2.5327010945591466, "f14": -0.8786652902342187, "f15": -0.6591571726915841, "f16": -0.18376893451179566, "f17": -0.3706736555645054, "f18": 0.45113989568863655, "f19": 1.552197648999286, "f2": 2.6390364525110233, "f20": -1.396375995785969, "f21": 0.7304471210874324, "f22": 0.34169622190643434, "f23": 0.21262983634369803, "f24": 2.336676006337484, "f25": -0.9567685139231368, "f26": 0.8014424360371075, "f27": -0.9001421049570371, "f28": -1.4502335839370755, "f29": 1.857047769055817, "f3": -2.931409292364325, "f30": -0.782744536226831, "f31": -0.3937433043131957, "f32": 2.637636276783775, "f33": 2.6227972823430603, "f34": 0.32505581572611764, "f35": 2.5480486219169594, "f36": -2.7641873623987188, "f37": 1.169069061638882, "f38": -0.8412142013466335, "f39": -2.2908786866493904, "f4": 0.8552475537087147, "f40": 0.2603475712350165, "f41": 1.4596061663822724, "f42": 2.1000851978618975, "f43": -2.411748121088764, "f44": -0.9363519551930279, "f45": -2.253844193553888, "f46": -2.0985095734652273, "f47": 1.6256054353395761, "f48": -0.862641904920352, "f49": -2.103142952323979, "f5": -2.185856307794303, "f50": 0.07723948701973526, "f51": 1.5792444639834446, "f52": 2.3013916510251926, "f53": -0.5984826639953922, "f54": 0.8456040765732684, "f55": 1.2946726845897745, "f6": 2.4803579274024132, "f7": -0.41976074472600633, "f8": 1.9861030716223187, "f9": -1.9068315503097812}, "datetime": {"datetime": "2023-01-24 16:55:52", "elapsed": 1915.018118, "delta": 39.913998}}
{"target": 0.3381621183942504, "params": {"f0": 0.262806943939915, "f1": 1.8083412198174855, "f10": 2.549616735877537, "f11": 0.10703902053104208, "f12": 0.20001800682072002, "f13": 0.9025280770984185, "f14": 0.9929133990833221, "f15": 1.9686096379557387, "f16": -1.3767100841024267, "f17": -1.6749496590709847, "f18": -1.2977680891545562, "f19": -1.778654608686448, "f2": 2.0068623904075853, "f20": -1.7883524437741156, "f21": 1.5784153602767432, "f22": -0.1906278294819126, "f23": -0.652482472040246, "f24": 1.4514391334785985, "f25": -2.1504320420206997, "f26": 1.4180994886599638, "f27": -2.8785158648935534, "f28": -1.3087403948044518, "f29": 2.232295064644533, "f3": 1.341840217915677, "f30": -1.4673097312886685, "f31": -0.34336132993757573, "f32": 1.2612096990529666, "f33": 0.13057081584747365, "f34": -1.440346031122012, "f35": -0.7042674732674454, "f36": -1.0606001697683132, "f37": -2.578555404999927, "f38": -2.168664174601843, "f39": 2.6672876934573546, "f4": -2.6564031235988423, "f40": 0.48015460935910115, "f41": -1.5205733182423644, "f42": -0.9622094637524716, "f43": -1.1501930425787807, "f44": 2.288280874992145, "f45": -1.929294268586776, "f46": 0.43013205575439084, "f47": 0.0951399122987251, "f48": -2.58527990396177, "f49": -0.7885974634418682, "f5": 0.44594340077214634, "f50": 2.826935834064664, "f51": 1.2780036946743554, "f52": 1.3209239640553756, "f53": 0.1259697681112355, "f54": -2.687031762529461, "f55": -1.6385800989402093, "f6": -0.32354140143466914, "f7": 0.8504273128471329, "f8": 1.6756990835083787, "f9": -2.6907471670271628}, "datetime": {"datetime": "2023-01-24 16:56:42", "elapsed": 1965.022293, "delta": 50.004175}}
{"target": 0.0954671399700408, "params": {"f0": 2.278002266087972, "f1": -0.9500042408356726, "f10": 1.656244522433635, "f11": 2.636533585568192, "f12": 0.30687318434673116, "f13": 2.597197638504169, "f14": -0.07832169935041389, "f15": 0.0915792425835309, "f16": -1.3740751741835753, "f17": 2.974039585733605, "f18": 0.39756866815809255, "f19": -1.007193565605737, "f2": -2.3702842856648636, "f20": -2.636956274963206, "f21": -1.9197032507105718, "f22": -0.09551365734507744, "f23": -0.7425575895533933, "f24": 1.6344119878625234, "f25": 1.2571472350800041, "f26": 1.548072294243088, "f27": 2.956845187497489, "f28": -0.5947739069319979, "f29": 0.40357760580747293, "f3": 1.912637482464266, "f30": -0.6275741537580934, "f31": -0.9798479194027241, "f32": 1.9306927590012632, "f33": 2.0327125511999533, "f34": 0.4451867320392786, "f35": -1.0154040091660566, "f36": 2.728755498832993, "f37": -1.651151074073599, "f38": 1.354075033403399, "f39": 0.08739675943987812, "f4": -1.7824161389817526, "f40": -2.3707944180359046, "f41": -1.6776378658666626, "f42": -1.5403842017006208, "f43": -2.6403304842081097, "f44": 1.5910065361869687, "f45": -0.3736360968801691, "f46": 2.5296101342631268, "f47": 1.5670832365658312, "f48": -2.8011046383926006, "f49": 2.7641177391677534, "f5": -1.6351693653193495, "f50": 2.171850559595221, "f51": -1.6361096806938769, "f52": -2.475742159240398, "f53": 1.4755097077545924, "f54": -1.1707302928363283, "f55": -0.019635947981739843, "f6": 0.05615047732296308, "f7": 1.5514733072321558, "f8": 1.3123988709004761, "f9": 2.974703272589249}, "datetime": {"datetime": "2023-01-24 16:57:06", "elapsed": 1989.752676, "delta": 24.730383}}
{"target": 0.32803920224594796, "params": {"f0": 1.9310446501665313, "f1": -0.5146954994904513, "f10": -2.374338108845133, "f11": -2.369055623321543, "f12": -0.12775783188553635, "f13": 2.4289390039744587, "f14": -1.556602904127493, "f15": -2.152052643315599, "f16": 1.5074428125399146, "f17": 0.07768572141907093, "f18": 1.767829012845083, "f19": 2.4246905045613314, "f2": -0.9783727003440381, "f20": -0.6564705768959112, "f21": -1.7721904494978462, "f22": -0.5931123888490024, "f23": -2.718708266120963, "f24": 1.7589589011210593, "f25": -1.6046833197902637, "f26": -2.1765209708285047, "f27": -0.7423017965509229, "f28": 0.9660482418872434, "f29": -1.9479233637884679, "f3": -0.4592927961266877, "f30": -1.1403463971518755, "f31": -1.9518685538971485, "f32": -0.8207323957201913, "f33": -0.40209769958277075, "f34": 0.11445495444954012, "f35": 1.9948786717594942, "f36": 0.03528524959836332, "f37": -2.9004254696249765, "f38": -0.5650450540183298, "f39": 0.32289624231508274, "f4": 2.3217895879633357, "f40": -2.4014541730807273, "f41": -2.6087040625047777, "f42": 1.7737827885620998, "f43": -1.8402659347737174, "f44": 2.9372043426773153, "f45": 2.320402004539133, "f46": -0.5884083530498305, "f47": -0.8955125256888419, "f48": 1.127298747176816, "f49": 0.32924186743296957, "f5": 0.17640617224566313, "f50": 1.135441840175904, "f51": 1.1902520787429687, "f52": 1.8993829282420158, "f53": 1.195642083590962, "f54": 2.1173359922356783, "f55": -2.5770133088548697, "f6": -0.520547757219822, "f7": -1.9405037407152643, "f8": 1.197209335955499, "f9": 2.266950150228978}, "datetime": {"datetime": "2023-01-24 16:58:46", "elapsed": 2088.819653, "delta": 99.066977}}
{"target": 0.5554478938609235, "params": {"f0": -1.8356087950259372, "f1": -0.30124090485920707, "f10": 2.1606298367574173, "f11": -0.7174530487024251, "f12": 1.9657779273933738, "f13": 1.8614536703317164, "f14": 0.0711438533283455, "f15": -2.233197506679711, "f16": -1.5561502868358625, "f17": -2.14559601214033, "f18": -2.517710523317435, "f19": -2.2637537286260727, "f2": -2.3631932290199087, "f20": -1.9813302261552483, "f21": -2.657271647028515, "f22": -2.486618163975271, "f23": 1.279299566424256, "f24": -1.3979348192662269, "f25": -0.6727810239774543, "f26": 0.8064934588798618, "f27": 2.248878881636604, "f28": 0.1472995464520661, "f29": 0.8077854140456262, "f3": -2.891239920673061, "f30": 0.27833648697963387, "f31": 1.0384593101231978, "f32": 0.7832861024294266, "f33": -2.4967806568023025, "f34": 2.9562384887689603, "f35": 1.887339073823771, "f36": 1.0661595382847269, "f37": 2.239681476047557, "f38": 2.3380091882955893, "f39": -1.3985095788274857, "f4": -0.9854720155481971, "f40": 0.9855283059026663, "f41": 0.855009125438162, "f42": 2.905024856004263, "f43": 1.2058708679619574, "f44": 0.9103471780991677, "f45": 0.7086731453306756, "f46": 2.8745990369571546, "f47": 2.4267229880480663, "f48": 0.7368688496920921, "f49": 2.160923157619594, "f5": 1.881688765247258, "f50": -0.716135622489428, "f51": -1.3184702224459575, "f52": -0.6438362745148343, "f53": -1.6540199332792735, "f54": 2.266728551002161, "f55": -1.1093708010660324, "f6": -2.504382994284775, "f7": 0.3107207966063168, "f8": 2.994095491626714, "f9": 2.80895941624635}, "datetime": {"datetime": "2023-01-24 16:59:44", "elapsed": 2147.532162, "delta": 58.712509}}
{"target": 0.09917203646818426, "params": {"f0": 2.299075981371245, "f1": -1.1408796982793017, "f10": 2.2421070354855885, "f11": 2.7858271813651836, "f12": -2.6744839909900078, "f13": -0.12279114739316199, "f14": 2.983969797480486, "f15": -1.7756699647024432, "f16": 1.6526500019743748, "f17": 2.141166420384163, "f18": 1.9603232090062157, "f19": 1.4655282409425698, "f2": 2.8858460467115483, "f20": -0.9306945024277855, "f21": -2.949634713588168, "f22": -1.575557879873874, "f23": -1.427209055000925, "f24": 0.4557426561259117, "f25": -2.4697319282769543, "f26": -2.5768883833023013, "f27": 0.7859396500955742, "f28": 0.3786998987195376, "f29": 2.9318846837714077, "f3": 0.17185399331192297, "f30": -2.9201917432250104, "f31": -2.9971948154122368, "f32": 0.993223572756468, "f33": -1.18324153981087, "f34": -2.502864413874743, "f35": -2.23295878612749, "f36": 2.7258307971621, "f37": 2.893493202350375, "f38": 1.9315917049134885, "f39": 2.8726622522930674, "f4": -0.5577008832199386, "f40": -1.5563082632802319, "f41": -2.6197644113809773, "f42": 2.956430817474625, "f43": -0.9781766332879345, "f44": -1.2919383989209592, "f45": -1.81700648479834, "f46": 0.18314647969013453, "f47": 2.3323863325413248, "f48": 2.5584203037277105, "f49": -0.9713274514845107, "f5": -1.1980781174655049, "f50": -2.530271539087172, "f51": -1.5095910173286609, "f52": -2.8636856704876656, "f53": -1.766957964943966, "f54": 0.6520787947531108, "f55": -1.5325443806490195, "f6": 2.9811260098775314, "f7": 2.394180822165513, "f8": -1.3950055021267571, "f9": 2.431909742683768}, "datetime": {"datetime": "2023-01-24 17:00:10", "elapsed": 2173.283902, "delta": 25.75174}}
{"target": 0.206226824609704, "params": {"f0": 0.2325422587918342, "f1": 0.7443328179953381, "f10": 2.9862887430328673, "f11": 0.02967741182155592, "f12": -1.379990540443551, "f13": -2.113621761492869, "f14": -1.6630825520000658, "f15": -2.551904521988469, "f16": -2.69676621502209, "f17": -1.4222390731833428, "f18": 0.4450683933220603, "f19": -2.2158267637356923, "f2": 1.8958724054524936, "f20": -1.4341949029637462, "f21": -2.547298069293817, "f22": -1.602432178931293, "f23": -0.041196924048576555, "f24": 1.4501036501618376, "f25": -2.853127607624073, "f26": -2.5203974659046526, "f27": -2.2330229028003874, "f28": -1.308697388648195, "f29": -2.3352770616154626, "f3": 0.49226838851484267, "f30": -2.6877418232011463, "f31": -1.0690825278304297, "f32": 1.991019477813464, "f33": -2.602594003229872, "f34": 2.6126406573999628, "f35": -2.5995556519392604, "f36": -1.1562257430326501, "f37": 2.4460700227609617, "f38": -1.4597764385090388, "f39": 1.6826373132399821, "f4": -2.240382401959521, "f40": -1.4927927566606105, "f41": 0.9230737134893414, "f42": -1.6215990609402127, "f43": 0.24552391505360438, "f44": 2.703611380604894, "f45": -0.9445447467045995, "f46": 0.05107050972615834, "f47": 2.0914215651111814, "f48": -2.289006528263808, "f49": 2.1821142735474712, "f5": 1.7171681324194878, "f50": -2.5937540782876445, "f51": 2.8314459109536667, "f52": 2.9707089892797116, "f53": -0.9254082143243938, "f54": -0.719435876304376, "f55": -1.870263592214572, "f6": -2.8872543001075828, "f7": -0.031248982026011785, "f8": -0.8787382083068769, "f9": -2.189837087139596}, "datetime": {"datetime": "2023-01-24 17:00:41", "elapsed": 2204.629536, "delta": 31.345634}}
{"target": 0.12473882580853898, "params": {"f0": -1.6338041833159576, "f1": -0.512580518992992, "f10": 0.7066372562300502, "f11": -1.4598376077747974, "f12": -2.0816911410997614, "f13": -0.43274835963212865, "f14": -0.9434246839883174, "f15": -2.705119681400224, "f16": 1.0642841698371264, "f17": -1.2284190506198336, "f18": 2.0737168123425365, "f19": 0.5141305514525119, "f2": -2.9117091848554697, "f20": 1.6838980968521593, "f21": -0.5558561688349268, "f22": -0.22666792427710725, "f23": 1.6893200008969336, "f24": 1.387817717166321, "f25": 1.4003214986685704, "f26": -1.9092162454184773, "f27": 0.830838479781967, "f28": 1.3419590624347322, "f29": 2.990496702184238, "f3": -1.5669580802553484, "f30": -1.4293939795802404, "f31": 1.8857615500875449, "f32": -2.334693571847172, "f33": 1.6600531487499994, "f34": -0.8643549688795247, "f35": -2.7878770897551233, "f36": 2.6030522396455185, "f37": 1.9253433049596014, "f38": 2.319905143233038, "f39": 1.4140566087461943, "f4": 1.6613557929959732, "f40": 1.7151317414353136, "f41": -2.210630126078567, "f42": 2.0410348455030496, "f43": 1.5965482894510972, "f44": 2.2486693897593657, "f45": 0.9474353746168513, "f46": 1.1103514859011465, "f47": 1.7264941331270647, "f48": 2.065911356042518, "f49": 2.78513158182568, "f5": -0.3079196371364423, "f50": 0.7019653567622095, "f51": 0.7834691558779383, "f52": 0.75573025270391, "f53": 2.049176905846835, "f54": 1.5645168258262627, "f55": 2.738107048934811, "f6": 2.4474520867528478, "f7": -1.9846364510089545, "f8": -1.9398838782162322, "f9": 0.7938930770842614}, "datetime": {"datetime": "2023-01-24 17:01:37", "elapsed": 2259.950297, "delta": 55.320761}}
