{"target": 0.0903366899874057, "params": {"f0": -0.45515199728540434, "f1": -2.2542087673323845, "f10": 0.6519744554909037, "f11": 1.84176300110859, "f12": 1.1601566413753535, "f13": -2.0265615662294048, "f14": 1.6679008814662906, "f15": -2.037681332554797, "f16": 2.480184150043443, "f17": 2.1470682180465808, "f18": 1.711470816842449, "f19": 1.1209492949573576, "f2": -0.6407931076324695, "f20": 2.9133968358867364, "f21": -1.2253440241705154, "f22": 1.2074011497307682, "f23": 2.3312197598015727, "f24": 0.8289752273487574, "f25": -0.9022039869436718, "f26": -1.2510797117974974, "f27": 2.6035737168298256, "f28": 1.3770129391907755, "f29": -0.3522520109758638, "f3": 1.6753470144243128, "f30": -0.5850615031827768, "f31": -0.32510421567241066, "f32": 2.8922596542425607, "f33": -1.6596790696574726, "f34": 1.040266329086501, "f35": -0.7853026714901632, "f36": 2.5045495125432637, "f37": -2.2369772787029225, "f38": 0.05484462057209427, "f39": -2.3213414799144365, "f4": -1.136829818292424, "f40": -0.28437608180915674, "f41": -0.609072243495234, "f42": 0.000525625609649083, "f43": -1.828849126740915, "f44": 2.407549433629991, "f45": 0.09546891057172502, "f46": -1.67958870942079, "f47": -1.86476367396474, "f48": 1.0828232195716527, "f49": 1.2706829652151628, "f5": -0.6694871861522538, "f50": -0.6474073973210901, "f51": 0.7870571074014556, "f52": 0.8404089748663375, "f53": 2.317429341822482, "f54": -1.3204576533224726, "f55": -1.5775144174616467, "f6": 1.5861367059155809, "f7": -1.281419249666666, "f8": 2.0916665194379176, "f9": -0.3644694146276093}, "datetime": {"datetime": "2023-01-24 17:28:37", "elapsed": 3880.72151, "delta": 0.882332}}
{"target": 0.07348258078601162, "params": {"f0": 2.712863754492111, "f1": 2.060713275540115, "f10": 2.323549244761349, "f11": -2.806259839882052, "f12": 0.9361695797412759, "f13": 0.33517639863132587, "f14": 2.141336912609866, "f15": 2.1656706367957304, "f16": 1.3269571845536987, "f17": -0.8832701515643233, "f18": -1.2044254815065607, "f19": -1.4396012876080195, "f2": -0.9750104907133692, "f20": -0.576854339626808, "f21": -2.9322854117969, "f22": 0.9382199808454157, "f23": -1.389403531977209, "f24": 1.5799936213807895, "f25": -0.5465199944345644, "f26": -0.5282780139290795, "f27": -2.6991839189740916, "f28": 0.0674517999163573, "f29": 1.7456905956265691, "f3": -1.8871742888911687, "f30": 2.9029527649724427, "f31": 1.3976568647195835, "f32": -0.05394806832434096, "f33": -0.027134189456112345, "f34": 1.8845676659395405, "f35": 2.3818042176026637, "f36": 0.5286822263012558, "f37": -2.3200728636407826, "f38": -1.671289091581999, "f39": 2.9046660516460614, "f4": 1.7586687025322565, "f40": -1.2201167720911368, "f41": -1.1354292857284352, "f42": -1.1340205720629595, "f43": 1.682550276150275, "f44": -2.959045057425449, "f45": 0.03869317722198051, "f46": -2.2758032431501536, "f47": 1.187938127359848, "f48": 1.5481132070286625, "f49": 1.4133399533820192, "f5": 1.320863786131178, "f50": 1.2552918514921956, "f51": -0.4798678522281694, "f52": 1.1779658831891275, "f53": -0.8157470428293925, "f54": 2.4993934674886296, "f55": 0.8696972139463268, "f6": 0.1010223479304635, "f7": -0.777735551871539, "f8": 1.2487337273085242, "f9": -2.0072497985542075}, "datetime": {"datetime": "2023-01-24 17:29:51", "elapsed": 3954.078696, "delta": 73.357186}}
{"target": 0.062300879100892145, "params": {"f0": 2.6837130741868993, "f1": 1.0524557565704553, "f10": -0.7861272062333864, "f11": 2.2445326278681765, "f12": 1.0972806531759387, "f13": 0.9871929350195718, "f14": -2.1497021871127053, "f15": 2.040887002017823, "f16": 1.6401295793074437, "f17": -2.5871802523053247, "f18": -2.781031266095915, "f19": -1.8023142355611566, "f2": -2.872618498081995, "f20": 2.3724300721462015, "f21": 1.0900606255546101, "f22": 0.6387528003247027, "f23": 2.280008196149627, "f24": 2.6140430243232755, "f25": 2.605015487966403, "f26": 2.8894703252871636, "f27": 0.5145873132793488, "f28": -0.09911965478592677, "f29": -2.9754784809382198, "f3": -1.460755505032406, "f30": 2.0301307808251092, "f31": 0.10447389986913924, "f32": -0.5103186881181574, "f33": 2.3035540790755116, "f34": 1.9166323620448544, "f35": -2.9577408065229616, "f36": -0.9960064744197146, "f37": 0.14477520798164267, "f38": 0.028668435744643617, "f39": 2.503387711710034, "f4": -0.4426672043251676, "f40": -0.9400171285381522, "f41": 0.5409176077740931, "f42": 1.1630597632485742, "f43": 2.859007297561984, "f44": -0.7003287315093107, "f45": -2.903371954941967, "f46": 0.7901376147161212, "f47": 2.7362598014406334, "f48": -0.5591508353280488, "f49": -2.080859734232627, "f5": 2.844649153752216, "f50": -2.2746372416070164, "f51": -2.7811427379190503, "f52": 1.8178882050779173, "f53": -1.3683547113900403, "f54": 1.4624740724380825, "f55": 0.6293296967369781, "f6": -1.28702618888414, "f7": 1.0661191519434885, "f8": 0.6569948440877931, "f9": 0.3167430932028479}, "datetime": {"datetime": "2023-01-24 17:30:40", "elapsed": 4003.681972, "delta": 49.603276}}
{"target": 0.15372239113363678, "params": {"f0": -0.2506030302490587, "f1": 2.495454235436359, "f10": -2.7964370125878424, "f11": -1.8446946391613663, "f12": 1.439847467304288, "f13": 2.0250520576730144, "f14": -0.4453309835581871, "f15": 2.899822489419413, "f16": 0.00018735957362503441, "f17": -2.626829424741496, "f18": 2.1814731153925306, "f19": 2.4956736893467717, "f2": 1.703983299059371, "f20": -1.8651112534654972, "f21": 2.473169713013677, "f22": 0.9317175609557289, "f23": -0.04141023325708204, "f24": 2.275968104915159, "f25": 0.4968508002862495, "f26": 2.9458441498877983, "f27": 0.5213677413554825, "f28": 0.09030605524295643, "f29": -0.9750791176467031, "f3": -2.605250436530656, "f30": 1.188925052289603, "f31": 1.8343760224495824, "f32": -2.587619546375421, "f33": 1.435229542308674, "f34": -2.7586391143703377, "f35": -0.33397196275710117, "f36": -1.3101945452923414, "f37": -0.45202699036336913, "f38": 2.685201031604204, "f39": -2.1668849963188603, "f4": -2.852460737294076, "f40": -2.2411869609849373, "f41": -2.4559008863869005, "f42": 1.0649267804243232, "f43": 1.3816780910420103, "f44": 0.9697430297482037, "f45": -2.8653354682588668, "f46": -2.39070773811164, "f47": 1.6888815032199957, "f48": 0.23313795935242876, "f49": 0.38587089512348616, "f5": 0.35894686659567654, "f50": 2.5740365777176644, "f51": 2.492572693032624, "f52": 0.4047208699426168, "f53": -2.134309012901593, "f54": 1.5995914773213178, "f55": -0.17475958509211953, "f6": 2.75669513655797, "f7": -0.37303148432463384, "f8": -2.550444515180521, "f9": 1.7168897064329798}, "datetime": {"datetime": "2023-01-24 17:31:37", "elapsed": 4060.625114, "delta": 56.943142}}
{"target": 0.09345112735466067, "params": {"f0": 2.8713714553433096, "f1": 0.6822127975774945, "f10": 1.839667347423278, "f11": -2.922089640013205, "f12": 1.304485404613665, "f13": 2.3291140410557656, "f14": 2.9008009095474314, "f15": -1.0779663401120283, "f16": -1.1519247638934969, "f17": 1.1337884436995846, "f18": 2.5282205561309734, "f19": -0.22934433328610648, "f2": 2.6893136620610605, "f20": 0.3583903657759233, "f21": -0.6334480775919875, "f22": 1.716299468433892, "f23": -2.615869849162571, "f24": -1.3103612897281383, "f25": 2.369812632397627, "f26": 1.44417714187008, "f27": 2.862689888334442, "f28": 1.3537317446565131, "f29": -0.4829325957665729, "f3": 1.0992116804826848, "f30": -1.1089489322765398, "f31": -0.6139869067934147, "f32": -2.1963420814191634, "f33": 1.6305895630472804, "f34": 1.5930018994871435, "f35": 1.3046688809968705, "f36": 0.09994180942589193, "f37": 2.144410980249126, "f38": -2.796966593784888, "f39": -2.7929810535402244, "f4": 1.5527424003390644, "f40": -0.017800482454772837, "f41": 0.035064416514952956, "f42": -1.5504066804570293, "f43": 0.4578824650667803, "f44": -2.1249983670009387, "f45": 1.8925193103335758, "f46": 2.0035478282856367, "f47": -0.15260523490841837, "f48": -0.6044270434676777, "f49": -1.564900638542208, "f5": 2.8514410894250224, "f50": 2.7738886540396237, "f51": 2.995609394573499, "f52": 0.31419643261369234, "f53": -2.1335730145550915, "f54": -2.6802546049737836, "f55": -2.3454557485777476, "f6": 0.9116411354662701, "f7": -1.9410010066243313, "f8": 1.1962691082426824, "f9": 2.6325143576421173}, "datetime": {"datetime": "2023-01-24 17:32:26", "elapsed": 4109.439585, "delta": 48.814471}}
{"target": 0.4348875248327792, "params": {"f0": 2.3065939445967603, "f1": -0.7681135438774653, "f10": 0.3534683547024082, "f11": 2.959097962833643, "f12": -1.6045389523218019, "f13": 1.8027668529985412, "f14": -1.5526154250641182, "f15": 0.1461332502194228, "f16": 1.7974837408576043, "f17": 0.47442378071450264, "f18": -0.2310629567793594, "f19": 0.2747179673736646, "f2": 1.7119366657406871, "f20": -0.9688626626666119, "f21": 0.8278665725469865, "f22": 2.327539993551448, "f23": 2.2717699539971132, "f24": 2.4520459013239444, "f25": 1.959373513571399, "f26": 1.45081686316587, "f27": 1.8120134002516268, "f28": 2.8047304875225416, "f29": 2.2575797694509454, "f3": 0.8982427227064198, "f30": 0.9437934494501268, "f31": -2.2314552815296045, "f32": 1.2216566343919935, "f33": -1.6875920239333095, "f34": -0.05498203300598403, "f35": -2.2694046808191675, "f36": -1.6105668242791067, "f37": 0.1216713369002469, "f38": -0.48854509846322536, "f39": 1.465764194619278, "f4": -0.10288520314990146, "f40": -0.2846200611469687, "f41": 2.0013111513132067, "f42": -0.3773782486745647, "f43": 2.7515373541671693, "f44": 1.1418255806509396, "f45": 2.1368892843937255, "f46": -2.3591890251981993, "f47": 1.22500875191359, "f48": -1.332750113051395, "f49": 1.8063578818295651, "f5": -1.4472259086554036, "f50": 0.26363599184846276, "f51": -2.351284077003499, "f52": 0.6244381922787681, "f53": -2.9058559873780068, "f54": 2.9696814619385687, "f55": 1.2978370630074156, "f6": 1.8811027493912826, "f7": 0.522284130723027, "f8": -1.9528518383077424, "f9": 0.8381173743750803}, "datetime": {"datetime": "2023-01-24 17:33:18", "elapsed": 4161.034912, "delta": 51.595327}}
{"target": 0.2004132027348559, "params": {"f0": 0.5524857126574241, "f1": 1.9340353103749806, "f10": -2.2564196641399388, "f11": -0.6962154473563773, "f12": -2.0115667071536603, "f13": -2.7479405980272884, "f14": -1.1794627686817143, "f15": 1.8840965936346201, "f16": 2.072603931298735, "f17": -1.6518393602083752, "f18": -1.5444065044438993, "f19": -0.5238558869437724, "f2": 0.14523956322545173, "f20": 2.713124711263804, "f21": -0.9663073575305372, "f22": 1.2630644816454923, "f23": -1.1502276692541737, "f24": 2.147017504757252, "f25": 0.06923614788652799, "f26": 0.8963808720995194, "f27": -1.8197837931871557, "f28": -1.7969994860730696, "f29": 0.053098569500942716, "f3": -0.385365228199833, "f30": -2.697059235997476, "f31": 2.2106739917914195, "f32": 0.923584500121911, "f33": 1.434773953197789, "f34": 0.012473640288912069, "f35": 1.416061330238879, "f36": 1.6285297490528832, "f37": 1.5307052360545201, "f38": -1.110839883123183, "f39": 2.339378297851776, "f4": 1.0238557059855218, "f40": -2.490403909701847, "f41": 0.9838273169959137, "f42": 1.6882418284835143, "f43": -1.758457769849381, "f44": 0.3695204472286271, "f45": -2.6018649338294373, "f46": 0.40919039638356214, "f47": 1.4211067647206246, "f48": -1.9956003992419062, "f49": -0.791123214990324, "f5": -2.7823878091301895, "f50": 2.3136656322966607, "f51": 0.7579123585623027, "f52": 0.7614908246840209, "f53": -0.037784504991251744, "f54": 0.5393057732172362, "f55": -0.8010708968050633, "f6": 1.9543683802575513, "f7": 0.1812124838447584, "f8": 2.321394663628488, "f9": -0.7320397315239715}, "datetime": {"datetime": "2023-01-24 17:34:01", "elapsed": 4204.147976, "delta": 43.113064}}
{"target": 0.3772972504545891, "params": {"f0": 2.448220624300112, "f1": 1.956037371003232, "f10": 1.7694400284912088, "f11": 2.9935602105275647, "f12": -0.922791751207451, "f13": -1.3717065742618904, "f14": -1.262829184176381, "f15": 2.703845031149445, "f16": -1.5378579762482287, "f17": -2.37674283969036, "f18": 1.0444604047506871, "f19": 2.454720256571157, "f2": 2.236643879959681, "f20": 1.326510905682885, "f21": 1.5403719609149906, "f22": 2.522298670980942, "f23": -2.911196936523817, "f24": -0.7025644411977723, "f25": -0.1841496695513789, "f26": -1.8861471849173774, "f27": -1.9585454713434673, "f28": 2.1076322596275263, "f29": -0.7285197371242189, "f3": 2.4265970278905886, "f30": -1.7699238900373413, "f31": 2.1162304610024147, "f32": -1.6801560008765601, "f33": -1.066520760373237, "f34": 2.0600731360764186, "f35": 0.3828888914630135, "f36": -2.13842668503592, "f37": 2.274599434096208, "f38": 0.5729877548561779, "f39": 1.4468902324197694, "f4": -1.1265324423035201, "f40": 0.5973388735185017, "f41": 2.596002799594836, "f42": -0.11033440813162043, "f43": -0.17754499804806878, "f44": 1.2789387900771576, "f45": -2.4424630804016854, "f46": 1.080984986788497, "f47": 2.175686561233926, "f48": -1.514112070011708, "f49": 2.0043566743467727, "f5": -1.3378395884999967, "f50": -2.0230357812561977, "f51": -0.5265227980603386, "f52": 2.0061426183418565, "f53": -1.81695085003144, "f54": 1.8802046085102795, "f55": -2.7221433296541773, "f6": -0.11304980168385725, "f7": -1.895888280011919, "f8": -1.489441070825447, "f9": 0.7768075160440402}, "datetime": {"datetime": "2023-01-24 17:34:37", "elapsed": 4240.67745, "delta": 36.529474}}
{"target": 0.20072497510284532, "params": {"f0": 0.46272207429997536, "f1": -1.6363035419746412, "f10": -1.2767402100616396, "f11": -0.5197880231140282, "f12": -1.244719031758526, "f13": -2.334765547108167, "f14": 2.2815642248606416, "f15": 1.377900800360834, "f16": -1.1016981276503752, "f17": -1.2279876295776742, "f18": 1.0194757527662057, "f19": -2.1769166987384843, "f2": -1.152293204061593, "f20": -1.167529741017474, "f21": 2.1149513213891415, "f22": 0.7896794996746932, "f23": 1.7331665576699624, "f24": 2.896629288751952, "f25": -2.731307143303079, "f26": 1.725965200772154, "f27": 0.6411733122944039, "f28": 0.5889916166576796, "f29": -0.37987101524015277, "f3": 0.08805085546312341, "f30": -1.66829002501513, "f31": -2.6512962665139144, "f32": -1.3524054737963818, "f33": -1.864673963836464, "f34": 2.1593905393170525, "f35": -0.65871192122479, "f36": 1.706643074822984, "f37": 0.7805779121552101, "f38": 1.445129300700085, "f39": 0.8228187493993655, "f4": -2.8722019538783985, "f40": 2.766285783143716, "f41": -0.4705373250534848, "f42": -1.3910750543549304, "f43": 2.8382441840819705, "f44": 0.37000665498156105, "f45": -1.00086802444165, "f46": 0.4628271463542175, "f47": -2.853902606048391, "f48": -1.0932116422556264, "f49": 0.23965915201349475, "f5": 1.8584586879535054, "f50": -1.9946304535734238, "f51": -2.544634556413783, "f52": -2.115935800311724, "f53": -1.7914394379966203, "f54": 2.0237006315560215, "f55": -1.1938543100534136, "f6": 2.6018034416197793, "f7": 2.439609333230343, "f8": -2.120377998760339, "f9": -0.8574679902461453}, "datetime": {"datetime": "2023-01-24 17:35:32", "elapsed": 4294.963007, "delta": 54.285557}}
{"target": 0.19950633737188608, "params": {"f0": 2.3111617035989678, "f1": 0.7553023993218861, "f10": 0.39658542326892077, "f11": 2.060392348452794, "f12": 1.7502171104858562, "f13": 1.9237528867139506, "f14": -0.7990496014549988, "f15": -2.950468086499777, "f16": 2.3522327383997856, "f17": -2.1775318676375024, "f18": -2.564421844038046, "f19": 1.9217603600392668, "f2": -0.36606821068067497, "f20": 2.371108456193771, "f21": -1.7226862810950168, "f22": 2.1437736328773793, "f23": 2.8093017644448803, "f24": -0.9913353686480657, "f25": -1.4187012743704948, "f26": 2.072132392407614, "f27": 1.3975169176346105, "f28": 0.9241474385149964, "f29": 1.1206964328520428, "f3": -2.897427433317248, "f30": 2.461777561375005, "f31": 1.7309610243212212, "f32": -1.7505080316943686, "f33": -2.148122245112267, "f34": -1.0241378042796705, "f35": 2.101640052864223, "f36": -1.5199648409298525, "f37": -0.8171788557341308, "f38": -1.6822809495970807, "f39": -2.1833578248446255, "f4": 2.626356715506123, "f40": -1.5801401042299015, "f41": 1.6049049153534476, "f42": 0.19783815783172098, "f43": 2.647493385605004, "f44": 0.032329280751212774, "f45": 1.5797026507464702, "f46": 2.3359599870019325, "f47": -1.8775993907217225, "f48": -1.5990818450028634, "f49": -1.9628418358876665, "f5": 0.7980040664177426, "f50": -1.7269031818143536, "f51": -1.0659852551900255, "f52": -0.33767111315035514, "f53": -0.06767747495303134, "f54": -1.2232862699543534, "f55": 2.5238793277533658, "f6": -1.2673874061221357, "f7": -2.7332638761988246, "f8": -0.5352530445034054, "f9": -0.6853620933791573}, "datetime": {"datetime": "2023-01-24 17:36:52", "elapsed": 4374.853693, "delta": 79.890686}}
{"target": 0.2774858006973605, "params": {"f0": -0.6402810059829336, "f1": 1.1287119332329683, "f10": 0.19933015171248858, "f11": -1.8423957588177668, "f12": 2.061350313723336, "f13": -0.17802969931244306, "f14": 2.810884864613775, "f15": 2.998643663409359, "f16": 0.5667118382092315, "f17": -1.5358482623845402, "f18": 0.5006495918040681, "f19": -2.440584440312571, "f2": 2.36105678805138, "f20": -2.300512510896821, "f21": 0.5238249460987072, "f22": 0.16324210629683833, "f23": 0.3127959637402564, "f24": -2.518871337629415, "f25": 2.895322839929949, "f26": 2.9983087521437266, "f27": -2.8820568552401573, "f28": 0.9340875138976665, "f29": -2.221902401886015, "f3": 0.9817231811318763, "f30": -1.6415186213979434, "f31": -2.2685302391105484, "f32": -2.642331493064324, "f33": 0.41676001926947315, "f34": -2.192681838780989, "f35": -0.3022362889196213, "f36": 2.647278686632686, "f37": 0.46550950001963765, "f38": -2.4584599592321945, "f39": 1.0995232730583782, "f4": -1.467968901490889, "f40": 2.3493839827740803, "f41": 1.5652508129817901, "f42": 1.589240873190831, "f43": 1.6334821301463194, "f44": 1.7514296590748115, "f45": -1.350757804195759, "f46": 0.7922549527244671, "f47": -0.9484349223607906, "f48": -1.9820062591800758, "f49": 1.97553149109034, "f5": -1.645593287149639, "f50": 2.810608140772997, "f51": 2.4628098298806833, "f52": -2.0740257717837416, "f53": 1.0536548581197458, "f54": 1.2809075546102848, "f55": -1.8387078303264492, "f6": -2.9292943589189493, "f7": -0.5534353184467662, "f8": 1.4734974307488047, "f9": 0.6345077164630353}, "datetime": {"datetime": "2023-01-24 17:37:54", "elapsed": 4437.768725, "delta": 62.915032}}
{"target": 0.4905215006273137, "params": {"f0": -2.6023999755739924, "f1": -0.25162688634357533, "f10": 2.694410881885153, "f11": -1.9428134860802417, "f12": 2.587116001522893, "f13": -1.7620663900565448, "f14": -1.2352446738625251, "f15": 1.5713346451583838, "f16": -1.8432482414301734, "f17": -0.45469136734878335, "f18": -2.800400284426578, "f19": 0.45261618604523024, "f2": 0.7413882564871912, "f20": -2.0650106011468825, "f21": -2.4023228543617883, "f22": 0.8092663798338648, "f23": 0.15865322689798234, "f24": -2.4668456088507114, "f25": 0.09265138697733466, "f26": 1.4211410595456817, "f27": 0.760519354486207, "f28": -2.3931307263812, "f29": 0.6264588552971162, "f3": 1.379501891391362, "f30": 0.2629222650315084, "f31": -2.3738802759573483, "f32": 2.8593583382869694, "f33": -0.6667769494671574, "f34": -1.4615942638200392, "f35": 2.812617954845205, "f36": 2.567005648563981, "f37": -1.0667125797045451, "f38": 0.5710435255361443, "f39": -0.7934930247960459, "f4": -0.9790515697888296, "f40": -1.4949668859320515, "f41": 0.9950817608070439, "f42": 0.8006043017201074, "f43": 1.4707359179676747, "f44": -0.6182588553300077, "f45": -0.47658164352159993, "f46": 1.3540774585878692, "f47": 0.12996567848894713, "f48": -2.2240433310859897, "f49": 0.8028807981324535, "f5": -2.380678959623446, "f50": -1.5773497235847125, "f51": -0.9774704513964729, "f52": -2.1281007589027547, "f53": -2.582821604291017, "f54": -1.6921748301302664, "f55": -2.568617748273039, "f6": 1.8388332155389655, "f7": 0.05416529214516963, "f8": -1.8950440580195298, "f9": 2.772027814081113}, "datetime": {"datetime": "2023-01-24 17:38:31", "elapsed": 4474.384375, "delta": 36.61565}}
{"target": 0.05073610829989388, "params": {"f0": 2.5318940510192114, "f1": 0.3641918034238141, "f10": 0.3829922861172106, "f11": 0.31163236917324344, "f12": -0.8407988067180057, "f13": -1.6631032634504685, "f14": -2.4159783720728045, "f15": 0.4754180163144053, "f16": -2.5003328598040753, "f17": 1.3528337599017233, "f18": 1.5579993023373788, "f19": -2.832135679787148, "f2": -1.0711341218539803, "f20": 0.92016948084839, "f21": 1.6722340595318297, "f22": 1.0637729671342848, "f23": -2.107888068798001, "f24": 0.9865458132397098, "f25": 0.4208045048631508, "f26": 1.420268439644854, "f27": 1.194115093756821, "f28": -1.7976610385416196, "f29": 0.5673160227292566, "f3": -0.30365964479977103, "f30": 2.3130029667953593, "f31": 0.7830292897159419, "f32": 2.2929127369614086, "f33": 0.9779991428009631, "f34": 2.94846364802612, "f35": 1.009910788328451, "f36": 1.0767680052000212, "f37": 2.2677997879841048, "f38": 2.470342450154522, "f39": 0.02325097090623318, "f4": 1.336038761894124, "f40": 2.883294550087453, "f41": 0.696045818082422, "f42": 1.0110136481368723, "f43": 1.8295956707265422, "f44": -2.2920557496120395, "f45": 2.779386042220999, "f46": -0.8971854234703245, "f47": 1.8605104482015404, "f48": -2.439327809983541, "f49": -0.09016725861522445, "f5": -0.8694851279658793, "f50": -0.5977516744067115, "f51": 0.5521811823308864, "f52": -1.6077649046650306, "f53": -1.3317696103576686, "f54": 0.8613367618726038, "f55": 2.1559513779625643, "f6": -1.6010128981529506, "f7": -0.7891104520631633, "f8": 2.2263712392445765, "f9": -0.672528970302622}, "datetime": {"datetime": "2023-01-24 17:38:55", "elapsed": 4498.795887, "delta": 24.411512}}
