{"target": 0.10516922613695845, "params": {"f0": 0.5287762751025324, "f1": 1.432789250853581, "f10": -2.82095008879836, "f11": -0.5993832685398077, "f12": -1.0384194932313087, "f13": -2.590470605754467, "f14": -0.6384314410862562, "f15": -2.096393904389104, "f16": 0.15797352142444332, "f17": 0.2855057565673791, "f18": -1.9472099827632314, "f19": 0.0011772214672456371, "f2": 2.868404849153329, "f20": 1.6190837048421827, "f21": 2.27563762895568, "f22": 2.243080874022956, "f23": -1.4024771766287618, "f24": -1.29513153751086, "f25": -2.079481937338806, "f26": -2.8538172334175718, "f27": -1.247077078161885, "f28": -0.9236376749284902, "f29": -0.7895889310044208, "f3": -1.6342366603734042, "f30": -1.7643576198912378, "f31": -1.2198095835388647, "f32": -1.6400614272860963, "f33": -1.8107326985768246, "f34": 1.4350589744565134, "f35": -0.5558407832696162, "f36": -2.9258592360923164, "f37": 2.4261602617544424, "f38": -2.7103997638025357, "f39": 1.1306105148051486, "f4": 1.8268410833823632, "f40": -1.1902660394868612, "f41": -0.48037033893808445, "f42": 2.14739106479972, "f43": 0.5344806585444872, "f44": -1.5328850304626713, "f45": 2.9897387768236525, "f46": 2.0098049783329888, "f47": -2.3493010737655124, "f48": 2.2799884654751468, "f49": 1.7336865329790108, "f5": 2.4517506495954304, "f50": 0.7126309365440422, "f51": -0.466256753583592, "f52": 0.4016265916284407, "f53": -1.04712021643669, "f54": -0.3095411304722653, "f55": -0.8492429947196252, "f6": 0.4132535805630515, "f7": 2.534703508072317, "f8": 2.5489142964834715, "f9": -2.776324800962996}, "datetime": {"datetime": "2023-01-24 17:02:18", "elapsed": 2301.57161, "delta": 41.621313}}
{"target": 0.25469228574095165, "params": {"f0": -0.2317208103510442, "f1": -0.8546507311611538, "f10": 2.842476063395484, "f11": -1.4848423987663741, "f12": -2.742438072471653, "f13": -1.5974073522050514, "f14": 1.442139627500902, "f15": -2.057924004073791, "f16": 0.44537162186284185, "f17": -1.7451781430936741, "f18": 1.750500795341277, "f19": 1.0584579765397208, "f2": -1.753789399251878, "f20": -1.901866757458004, "f21": 2.7103080098044305, "f22": 2.8404280364944476, "f23": 1.4565934103478302, "f24": -1.6111269071837975, "f25": -1.4662011684697693, "f26": -1.892279826170735, "f27": -0.8125462152518419, "f28": 0.20225786371696675, "f29": -1.0934703940239934, "f3": -2.870744327506736, "f30": -2.647179242613681, "f31": 0.43278422928859683, "f32": -2.427459437898591, "f33": 1.3145581866190952, "f34": 2.0907618872777505, "f35": 2.1150502017834647, "f36": 1.1098487255438627, "f37": -0.5103406272799993, "f38": 1.6794352604758762, "f39": -2.875808488988521, "f4": -2.1631094270203297, "f40": -1.2530899531185498, "f41": 1.490176276654247, "f42": -0.8640788599774449, "f43": 0.5676223417650741, "f44": -0.06905916817733893, "f45": -2.902299319172673, "f46": -2.8260943964394496, "f47": 2.395249267394706, "f48": -1.4946331475328718, "f49": 1.572457201149815, "f5": 1.0814122693110058, "f50": 1.4413607003582207, "f51": -1.3181936455415952, "f52": 2.520806148387428, "f53": 2.995065618144234, "f54": 0.27242609426439524, "f55": -1.8451931811052804, "f6": -0.31159957830498985, "f7": 1.490610868714895, "f8": -2.00401452022982, "f9": -1.3467105040789222}, "datetime": {"datetime": "2023-01-24 17:04:06", "elapsed": 2408.893461, "delta": 107.321851}}
{"target": 0.08980429347051416, "params": {"f0": -0.26315712147765824, "f1": -2.6978895991248955, "f10": 0.5684888375190078, "f11": 2.215457975237314, "f12": -2.8148408760560244, "f13": 1.1861509408871331, "f14": -1.1519288288213911, "f15": 2.77829886448899, "f16": -2.905602256012118, "f17": 0.7818433875502615, "f18": 1.123603746812508, "f19": 2.4372406406184854, "f2": -1.335355025591281, "f20": 0.9078671628931723, "f21": 1.8746607449723705, "f22": -1.0236309458935189, "f23": 1.5455601256285414, "f24": -0.32147033817800175, "f25": -0.48702135122520573, "f26": -0.9104090736191068, "f27": -2.2013960116905773, "f28": -2.9511523830115207, "f29": 1.7844413331570044, "f3": 1.4956224161645961, "f30": 0.8901500284257127, "f31": 1.121553464491707, "f32": -2.5967892460232562, "f33": -1.0912863332257148, "f34": 2.2267193723754755, "f35": 2.8336726746315444, "f36": -1.943320396656036, "f37": 2.311843330088263, "f38": 0.9001705104276141, "f39": -0.6904656420490207, "f4": 0.8537186084007446, "f40": -2.67073646241352, "f41": 2.718374648044697, "f42": -0.9070181974567824, "f43": 1.7186691186264413, "f44": -1.7649118114319906, "f45": -2.7753041549843327, "f46": -2.088021934181838, "f47": -2.893914573286462, "f48": -2.255464819497966, "f49": -2.5950767170426294, "f5": 1.1723198290829027, "f50": -1.2840688937877092, "f51": -0.4457422634430581, "f52": 0.2968699846938754, "f53": 0.8531688751384809, "f54": -2.2050995100018222, "f55": -0.5932887882319959, "f6": 1.4709970528886052, "f7": -1.1265699375465619, "f8": 1.6555058898087402, "f9": 2.7235487433319676}, "datetime": {"datetime": "2023-01-24 17:04:54", "elapsed": 2457.470299, "delta": 48.576838}}
{"target": 1.436278396060696e-05, "params": {"f0": 0.6760268319666283, "f1": 0.7665898234710928, "f10": -1.9136995431886623, "f11": -1.052850448691407, "f12": -1.3927868289149525, "f13": 2.217284792715356, "f14": -1.4804819062632553, "f15": 1.453224569091434, "f16": -1.3559246967464058, "f17": -2.29830037873021, "f18": 0.9315448231262486, "f19": -0.1331080994814391, "f2": -0.6080535382239618, "f20": 0.6471070850579848, "f21": 1.2298705238055643, "f22": 1.5994733095631837, "f23": 1.1495103306681607, "f24": 1.3865455041237533, "f25": -1.5690642798366325, "f26": 0.4067438126077434, "f27": -0.7688615370547023, "f28": 0.13489163155108264, "f29": 1.3684063402190283, "f3": -1.4218773778168199, "f30": 0.3251939675640223, "f31": 2.5594736483046647, "f32": -1.6332971123451174, "f33": 0.0889073190999623, "f34": -0.19644874296843629, "f35": 2.9392310279584954, "f36": -2.587828808814417, "f37": 1.363915802459621, "f38": 1.7751631703948823, "f39": -1.4004197268752663, "f4": 1.855669167689733, "f40": 2.5760951758790664, "f41": 2.2180577404052633, "f42": 2.205233792172354, "f43": -0.9148903450933066, "f44": -2.423174531721701, "f45": 2.5343182205966457, "f46": -2.0278184565582955, "f47": 1.7660375522747351, "f48": 0.9957870791648951, "f49": -1.678928351954467, "f5": -2.171443071499429, "f50": -1.6246618324826363, "f51": -2.241352975078122, "f52": -2.345187061158817, "f53": 2.8496428883385265, "f54": 2.0540251586329923, "f55": 0.8977456919687805, "f6": 2.0989264684081723, "f7": 2.9253425086342624, "f8": -0.2228233491104703, "f9": 1.9016384469174579}, "datetime": {"datetime": "2023-01-24 17:09:34", "elapsed": 2737.188545, "delta": 279.718246}}
{"target": 0.13642421560853585, "params": {"f0": 0.7633554419946957, "f1": -0.23224384351903238, "f10": 1.4373092622690784, "f11": -0.9253653028226667, "f12": 0.11727304941667516, "f13": 0.5396516348035325, "f14": -0.5235242993985505, "f15": 0.11012650235163424, "f16": 2.7233035880403875, "f17": -2.0348682893317718, "f18": 0.19523387077481846, "f19": 2.6863927648360324, "f2": 0.0471172997355751, "f20": 1.8743546693843323, "f21": -0.11740058943774923, "f22": 1.4624976682817907, "f23": -1.1239835858246152, "f24": -2.1975295712702128, "f25": -1.0849599266362484, "f26": -2.6903110019247443, "f27": 2.9006432477554256, "f28": 1.120857546638569, "f29": 1.9897098836193852, "f3": -1.98094047589089, "f30": -1.0553176305541483, "f31": 2.6247328390841487, "f32": -0.2300222894181645, "f33": -0.37012961253592636, "f34": -1.1660949222122359, "f35": -1.9295407102415638, "f36": 0.1273365317808337, "f37": -2.7112634848679638, "f38": -0.5049025874947688, "f39": -0.40073168793431524, "f4": 2.2376062487277464, "f40": -2.297489277422513, "f41": 2.034619269785594, "f42": -1.163098314813618, "f43": 0.8624010432247249, "f44": 0.4848361578189051, "f45": -2.844932645204615, "f46": 2.9838886772462763, "f47": -1.1761553895982957, "f48": 0.7028661768427589, "f49": -2.795992070695985, "f5": 0.5209669266844434, "f50": 2.9390564542525537, "f51": -2.711474244670633, "f52": 1.8939492100516429, "f53": -1.7376533701834938, "f54": 0.7771374780315545, "f55": 1.0515162253120094, "f6": 0.33714085302378205, "f7": -2.7067070548238066, "f8": -1.9199655796803778, "f9": 0.763350198854396}, "datetime": {"datetime": "2023-01-24 17:10:41", "elapsed": 2804.135104, "delta": 66.946559}}
{"target": 0.1321304737656481, "params": {"f0": 1.0472563656891412, "f1": 0.828731035229386, "f10": -2.6580760857799444, "f11": 1.8016949576210495, "f12": 2.6516628980846235, "f13": -0.7150005986550627, "f14": -2.300657520859153, "f15": -2.953158164210142, "f16": 2.9812051050799617, "f17": 1.5224269678739706, "f18": 0.40948498530769495, "f19": -1.2336760904026134, "f2": 0.10143688737561085, "f20": -1.2684042044363146, "f21": 0.6693177164756587, "f22": -1.0212495809816065, "f23": -0.1392966994633218, "f24": -1.8415561907611804, "f25": 0.7317293767070576, "f26": 2.1631068719518387, "f27": -1.7317943206316495, "f28": -1.0662196294042618, "f29": -1.0093723423229268, "f3": -2.7584328474032827, "f30": -2.647926233639708, "f31": 0.07377544769983224, "f32": 0.00045587658573609247, "f33": -2.9373500063357207, "f34": 0.600487156167576, "f35": -0.9418822629411618, "f36": 2.2144263918489493, "f37": 1.6637783604606113, "f38": -1.3300269404619327, "f39": -0.7320108258508782, "f4": -2.253154065499782, "f40": 2.246851158451353, "f41": 1.420574534485418, "f42": 1.051068701518341, "f43": 1.320152194003252, "f44": -1.959539764957804, "f45": -0.7907104646279897, "f46": -0.2315045481023823, "f47": 2.077948441170519, "f48": 2.3668441500267843, "f49": -0.40961328692651566, "f5": -2.528614105344947, "f50": -1.0734927341797955, "f51": 2.799121308908153, "f52": 0.5429921269872366, "f53": -1.7604389858059362, "f54": -1.269620403892152, "f55": 0.035962074464157556, "f6": 1.484909609834185, "f7": 2.9493789485271034, "f8": 1.7851994780166978, "f9": -1.9152104754911161}, "datetime": {"datetime": "2023-01-24 17:11:45", "elapsed": 2868.000776, "delta": 63.865672}}
{"target": 0.22061018142676364, "params": {"f0": -0.5662605247617121, "f1": 2.1636239677986557, "f10": 0.5376496947496361, "f11": 0.48666131054818607, "f12": -1.773902183713633, "f13": 1.0362633572376438, "f14": 0.033448527442947906, "f15": -0.9663248377817042, "f16": 1.2430097529076516, "f17": 1.724170468458765, "f18": -2.618596808169242, "f19": 0.575387848055513, "f2": 1.1759319722781427, "f20": 2.1252676585462265, "f21": -0.9003072340351284, "f22": 2.2105817040369047, "f23": -0.6368124771989114, "f24": -0.658701048423068, "f25": 1.4815322521071908, "f26": 2.4766005438242864, "f27": -1.4358829095737828, "f28": -0.4920895927635245, "f29": 2.4066146873288528, "f3": 0.1695793946343489, "f30": 2.6451886272499037, "f31": 0.5133493249168373, "f32": 0.3645650785478143, "f33": 0.4896524303891132, "f34": -0.6195502377365352, "f35": 0.08839441035155637, "f36": 0.28983916811084764, "f37": -0.8695867748852661, "f38": 2.5748621577042012, "f39": 0.28387840808781295, "f4": 1.105265848275418, "f40": 1.6303078770280672, "f41": 2.4871668398338134, "f42": 2.067048701071184, "f43": 2.2248640613348103, "f44": 0.30422962915783636, "f45": 0.9464412176144767, "f46": -2.9915712170994517, "f47": 1.312608299607401, "f48": -2.100319651698691, "f49": 1.957375245448973, "f5": -1.7109651157593007, "f50": 0.44025301140293127, "f51": -0.9932820040929808, "f52": -1.4096858540573087, "f53": 0.1645215681876353, "f54": 2.2361227588461627, "f55": 2.221647056978748, "f6": 1.1759342591208224, "f7": 1.3889469235358014, "f8": -1.1277231718199905, "f9": 2.700644143351406}, "datetime": {"datetime": "2023-01-24 17:12:13", "elapsed": 2895.818773, "delta": 27.817997}}
{"target": 0.07682922479328237, "params": {"f0": 0.14780002650874646, "f1": 0.41737822794429924, "f10": 2.648038188316084, "f11": -2.7000597671408055, "f12": 1.9336957535343817, "f13": -1.516811337774626, "f14": -0.6675515643139933, "f15": -2.285452176445184, "f16": -2.5049845876995986, "f17": 1.5993716973065606, "f18": -1.7857876038561191, "f19": 1.490996659297167, "f2": 1.664090286030012, "f20": 0.5831195262764548, "f21": -0.010692046315030623, "f22": 2.886474046817715, "f23": 1.3983454099367396, "f24": 2.447370495219987, "f25": 1.522727092173815, "f26": 1.4081338198740436, "f27": 2.439847108113197, "f28": -2.170914867970596, "f29": 0.7662677938102984, "f3": 0.2375903854316821, "f30": -1.2898207897604197, "f31": 1.503588906023376, "f32": 2.352985391952755, "f33": 2.9405845828222024, "f34": -2.814687857583632, "f35": -2.443445795613206, "f36": 2.8584564042469136, "f37": 1.0940989858297447, "f38": -1.9431629595580362, "f39": -2.784606626494381, "f4": -0.3504250574902992, "f40": -0.4128393930165699, "f41": -0.8044000018241082, "f42": -2.984377076499759, "f43": 2.1916156791057633, "f44": -1.760313021597409, "f45": -2.8526636363026356, "f46": -1.1312296711043761, "f47": 2.8490279297240857, "f48": 2.429894540612324, "f49": 0.3343070026421646, "f5": -1.7643195138712957, "f50": 0.5058635266746943, "f51": -1.9632280812123837, "f52": 1.1314283933294602, "f53": 2.9703067020418636, "f54": 0.32363215442600524, "f55": -1.8569083096023895, "f6": 0.40497454309138003, "f7": -0.4682105895989901, "f8": -1.9521298212744214, "f9": -1.3851002674657102}, "datetime": {"datetime": "2023-01-24 17:12:59", "elapsed": 2942.192198, "delta": 46.373425}}
{"target": 0.16567863894648924, "params": {"f0": -0.09940102002703188, "f1": 2.046359115908377, "f10": 0.7689519795515505, "f11": 0.5214523483325841, "f12": 0.9196756716435179, "f13": 2.278025690400308, "f14": -2.987496695594714, "f15": 2.5551842209990863, "f16": 0.19226203223728344, "f17": -2.136557714415499, "f18": 1.620240509801846, "f19": -2.92182469465174, "f2": -1.3145710049083634, "f20": 0.34376745299384215, "f21": 2.4896149690949443, "f22": -0.11164833133286223, "f23": 0.34431931554048845, "f24": 0.4876939626056336, "f25": -2.2288342091125344, "f26": -2.9327944568801563, "f27": 0.09956263870377402, "f28": -2.154304261082916, "f29": -2.5436745494750603, "f3": 0.12000438269128022, "f30": 1.251659054423505, "f31": 0.8274367052904692, "f32": 2.74535587357519, "f33": -0.5420446560524335, "f34": -0.2067513232978131, "f35": -0.20598130354029376, "f36": 0.48587721166299636, "f37": 0.8531549970751953, "f38": 2.180833603068808, "f39": -0.09872826001856305, "f4": 2.4348724355146842, "f40": 0.015210658215339734, "f41": -0.9289888215654409, "f42": -1.023898389450901, "f43": 1.363452592334018, "f44": 2.967464594754116, "f45": 0.21423199404475213, "f46": 2.787816733351491, "f47": 0.025185580766303506, "f48": 1.3542798436179737, "f49": -2.230294855767741, "f5": -0.7882804894291375, "f50": -2.1003594564859145, "f51": 1.4973442783809041, "f52": -2.174266619199038, "f53": -2.8879598694075588, "f54": -0.3418275045395003, "f55": -2.3584545398115524, "f6": -0.9588528095946875, "f7": -2.829240828469846, "f8": -0.4012359640088681, "f9": -1.1682219489786871}, "datetime": {"datetime": "2023-01-24 17:14:02", "elapsed": 3005.197487, "delta": 63.005289}}
{"target": 0.16197252485970334, "params": {"f0": 0.4460163747586705, "f1": -0.7622845694387577, "f10": 0.7087247686237275, "f11": 2.0741228643418266, "f12": 2.2166113931124016, "f13": 2.05963447624106, "f14": 2.0204470137399557, "f15": -0.3968885772559547, "f16": -2.0210027850270693, "f17": 1.6341529990398111, "f18": 1.0754965431677572, "f19": -0.1355060374873629, "f2": 0.9267723830780246, "f20": -2.5985005020051744, "f21": 0.8058939756245431, "f22": -0.17827173539652819, "f23": 1.0941971072553685, "f24": 1.5397480504580532, "f25": -1.6755300921102136, "f26": 2.458442699328412, "f27": -1.5179952972008819, "f28": -2.5650844691064023, "f29": 0.9231405866392501, "f3": 0.15046706350933015, "f30": 2.982976303987642, "f31": -2.036668398795984, "f32": -0.9159265262632905, "f33": -0.6415480459845853, "f34": 1.7833458519410677, "f35": 0.29459434892267566, "f36": -2.3011850386390567, "f37": -1.3935984922585787, "f38": 0.00205630118197897, "f39": -0.6962748263239922, "f4": 2.599395610392561, "f40": -1.6577879151360277, "f41": -1.1396890461616274, "f42": -0.49844665420840606, "f43": 0.18337057324272488, "f44": -2.4890663903008683, "f45": -2.9023832831920826, "f46": 2.5966461931301215, "f47": -2.0181935517533622, "f48": 2.5567924580662416, "f49": 0.06491257390871308, "f5": 0.6125196213964035, "f50": -2.867346007295835, "f51": -2.12231713879394, "f52": 1.3392817594265498, "f53": -0.6219926372902149, "f54": 1.1350245202379234, "f55": -2.873455763164686, "f6": -1.1064075278803485, "f7": 1.5977449548963039, "f8": -2.2808663481150955, "f9": -0.7278407392499573}, "datetime": {"datetime": "2023-01-24 17:14:20", "elapsed": 3023.359536, "delta": 18.162049}}
{"target": 0.054822880312149255, "params": {"f0": -1.9135308618743525, "f1": -0.6753681184768467, "f10": -1.2774451173487429, "f11": 2.546160598887118, "f12": 1.5633896004707521, "f13": 2.488673656965368, "f14": 0.7273122558016434, "f15": -2.6308624732406862, "f16": 0.5302599704912367, "f17": 1.9606737967496626, "f18": 0.7800920285150625, "f19": -0.6743909931454626, "f2": 2.50033488250037, "f20": -2.981509984274699, "f21": -0.5754464253826042, "f22": -1.0150633301169787, "f23": 0.17827849651626204, "f24": 1.0303699665424624, "f25": 1.961246907634286, "f26": 1.5952322679500153, "f27": 1.4032647241418754, "f28": -1.1742042949424323, "f29": -1.8456596611801594, "f3": 2.808525380053693, "f30": 1.5592121649341921, "f31": -2.1455131054784884, "f32": -2.217340274776056, "f33": 0.6961106878294494, "f34": 2.2870382823815234, "f35": -1.707852150135148, "f36": -0.04941190139312379, "f37": 2.517347245730482, "f38": -2.9321591859533287, "f39": -0.7412000047975189, "f4": 0.8258721514014504, "f40": -2.2514570076119336, "f41": -1.272677965544662, "f42": 0.9803133443488252, "f43": 0.2212520429150091, "f44": 2.9185488429212887, "f45": -2.2045631482122454, "f46": -2.8654979020868963, "f47": -1.7007360778685991, "f48": 1.15227959085858, "f49": -2.638916734218144, "f5": -2.0813250526620934, "f50": 2.3270019774672512, "f51": 0.515028363249026, "f52": -2.10822992682376, "f53": -1.9139408782820524, "f54": 0.23866647134969288, "f55": -1.6701120739393422, "f6": -0.9015175342684079, "f7": 2.842022489170004, "f8": -2.8231156661347834, "f9": 0.0348558258746241}, "datetime": {"datetime": "2023-01-24 17:14:45", "elapsed": 3048.669493, "delta": 25.309957}}
{"target": 0.1027006409239829, "params": {"f0": -0.8345806522313874, "f1": 0.09891008670922652, "f10": -2.2348921831213344, "f11": -0.7031827819611616, "f12": -2.3191576905561986, "f13": -1.8963940645316455, "f14": 0.056290059891515476, "f15": 0.437390293723964, "f16": -1.455454209272152, "f17": -2.91174563815704, "f18": 0.7699965688081445, "f19": -0.6563594313923664, "f2": -2.284720700889221, "f20": -0.5558388224007551, "f21": -1.782405473069372, "f22": 2.00777647284451, "f23": 0.9465369023406547, "f24": -1.4231514303076584, "f25": -0.5212378346858619, "f26": -2.9664711079659503, "f27": 0.6283670242887869, "f28": -2.1264701774463517, "f29": -2.4683874885980757, "f3": -1.134493399020574, "f30": 1.1386934375001747, "f31": -1.64202480324701, "f32": -0.4501847386181228, "f33": 2.070876854862526, "f34": 2.9262666118038956, "f35": -1.4350279247184148, "f36": 0.29029055228948675, "f37": -1.8436722447156706, "f38": -1.5932847399760752, "f39": -0.09324283136775513, "f4": -1.7095018224456546, "f40": -0.802366495285681, "f41": 0.6808242816400139, "f42": -0.6435677293506918, "f43": -2.818159948825211, "f44": 0.4561756355699029, "f45": -1.0268195467605477, "f46": -2.7026515186520275, "f47": -0.18258931727452632, "f48": -1.2263685230699177, "f49": -0.38505689750763894, "f5": -1.950243965674508, "f50": 2.28710847097316, "f51": 0.3385611727889777, "f52": 1.0436117919690835, "f53": -0.7994583497402967, "f54": -2.526516759413811, "f55": -0.28113060244299604, "f6": 1.472018108431734, "f7": -0.9051663992773857, "f8": -0.03116732178512782, "f9": 1.137660052688453}, "datetime": {"datetime": "2023-01-24 17:15:16", "elapsed": 3078.824728, "delta": 30.155235}}
{"target": 0.41248431046862477, "params": {"f0": 0.9464882260349468, "f1": 1.0051218032776283, "f10": 2.3327113092543055, "f11": -1.276896625334026, "f12": -2.901466705521603, "f13": 1.1588729894348928, "f14": -0.24686705045995438, "f15": 2.4772704528378835, "f16": -2.610963815431484, "f17": 2.9186725382263248, "f18": 2.119199937370115, "f19": 2.472181813254548, "f2": -1.2812296926270073, "f20": 1.4335655749295757, "f21": -1.1664658265141976, "f22": -2.619025120410469, "f23": -2.856218874568029, "f24": -2.495377901118295, "f25": 1.1417926217787704, "f26": 1.0524311129875752, "f27": 1.5698811478893715, "f28": -1.8577568762995873, "f29": -0.7283878205049303, "f3": -2.3994466813342665, "f30": -0.1416695177054228, "f31": 2.450520701198748, "f32": -1.393986589403098, "f33": -1.7163215258376232, "f34": -1.939890890286931, "f35": -0.13526969820072132, "f36": 2.5533955737478573, "f37": 0.07333242735323875, "f38": 1.8774759623151756, "f39": -2.3719703476701337, "f4": -1.4385895921608056, "f40": -0.7845571987406617, "f41": 2.098074284957357, "f42": -1.7943816008276465, "f43": -1.3861096390877852, "f44": -2.9818650775194633, "f45": 1.8642678097842795, "f46": 2.740610130524707, "f47": -2.030530794430858, "f48": -0.49335770341530827, "f49": -2.947730312673868, "f5": 0.6399709523374364, "f50": -1.155204148489454, "f51": -0.6715650678774794, "f52": 1.1120231235066633, "f53": 1.769665936067426, "f54": 1.1499276716868057, "f55": 1.2707578591716793, "f6": -2.863268463740589, "f7": 2.9248829166034955, "f8": -2.613051630939942, "f9": -2.705278742017665}, "datetime": {"datetime": "2023-01-24 17:16:53", "elapsed": 3176.777312, "delta": 97.952584}}
