{"target": 0.026517171398406477, "params": {"f0": -1.0408634425643746, "f1": -0.5831788806322029, "f10": 0.8552408509943419, "f11": 2.4587992949524713, "f12": -2.0423345778075794, "f13": 1.1473765178726172, "f14": 2.017923801767, "f15": -0.9037915885761141, "f16": -1.6621677115028675, "f17": 0.2608958884836863, "f18": -1.40588940351127, "f19": 1.5965003309492882, "f2": 2.5323333743904435, "f20": 1.0949000223968035, "f21": -1.9350289571937402, "f22": -0.4624490671014678, "f23": -1.8124139358556077, "f24": -1.1367125568678689, "f25": 2.3397977452503866, "f26": 0.3889096653095203, "f27": 0.7228271114541913, "f28": -2.55929089331327, "f29": -1.2497567295054761, "f3": 1.7322750445795103, "f30": 2.065439479109605, "f31": 1.848073000914618, "f32": 2.846857275103667, "f33": 0.27111455610784985, "f34": -2.198614448478982, "f35": 2.7514746331591464, "f36": -0.07315436446043933, "f37": -1.4587786078795961, "f38": 2.613832502965681, "f39": -0.20012104698854394, "f4": -1.264331935124995, "f40": -0.5931909048656561, "f41": 2.5170540168718585, "f42": -2.5824041266109923, "f43": 2.2883596160409247, "f44": -0.06593043368388107, "f45": 1.4276675603793976, "f46": -1.5772118264909847, "f47": -1.7515767376602398, "f48": -2.3938411150020933, "f49": -0.782277819950941, "f5": -1.1538635224450908, "f50": -0.009071529901051534, "f51": -0.5547807863442431, "f52": 0.9086781991350392, "f53": -1.758860451210395, "f54": -2.689837511227699, "f55": -1.1883841739308558, "f6": -0.9858800985285612, "f7": 1.96862619682922, "f8": -2.0809315592540094, "f9": 1.1503637062880525}, "datetime": {"datetime": "2023-01-24 17:50:51", "elapsed": 5214.62549, "delta": 15.148107}}
{"target": 0.15608415576850707, "params": {"f0": 1.9361521774321488, "f1": 1.236241103706086, "f10": -2.086174319086978, "f11": -2.908907252283278, "f12": -2.317111525077883, "f13": 2.1908679941451936, "f14": -1.4154805564596455, "f15": 1.081277114612833, "f16": -2.6789947467068256, "f17": 1.9838104208593617, "f18": 0.9848869426630422, "f19": -0.038706501294858864, "f2": 2.4198984381431305, "f20": 2.296489954058626, "f21": -1.1054622842550856, "f22": -1.5872076772448835, "f23": 0.9301827510421523, "f24": 0.981086578412862, "f25": 0.2712237942242135, "f26": 1.7937693512094928, "f27": -1.547541919213242, "f28": 2.7309015414223117, "f29": 1.2516526029131558, "f3": 1.9093655653951451, "f30": 2.9127199001479926, "f31": -1.0906468902834499, "f32": -0.06568275173198224, "f33": 0.7560506700270562, "f34": 1.219094142196517, "f35": 2.147351356931418, "f36": 1.1716305264236597, "f37": -2.482570015452171, "f38": 1.3300873994927542, "f39": -0.6322705019077368, "f4": 2.4750449521038735, "f40": -2.954457854754403, "f41": 1.5577819718144532, "f42": 1.2477738141896726, "f43": -2.5333609912397974, "f44": -1.8785287895543228, "f45": 1.3696828190888466, "f46": 0.6932945767763901, "f47": 1.0183372790996366, "f48": 1.2301182193651448, "f49": -2.2043629175471127, "f5": 0.31009776705676106, "f50": -0.7622560106577638, "f51": 0.3199753412910189, "f52": 1.7665601537308628, "f53": -1.8620803338265857, "f54": 1.8957599611109153, "f55": -0.11380851784080193, "f6": -0.40556752470595825, "f7": -1.5800675723280035, "f8": 1.5494666126081746, "f9": -0.8576718038526425}, "datetime": {"datetime": "2023-01-24 17:52:08", "elapsed": 5291.576453, "delta": 76.950963}}
{"target": 0.17314425417924106, "params": {"f0": 1.5733423665118407, "f1": -2.4486616486254045, "f10": 0.020974471077035428, "f11": 2.2855186010805797, "f12": -1.5093597503220078, "f13": -0.26474686172978323, "f14": -2.5626162951134592, "f15": -2.9136463340447345, "f16": -0.6049736826221235, "f17": 2.5197649189588063, "f18": 2.8469070933196754, "f19": 2.745562126327817, "f2": -0.5330200070539286, "f20": -1.9790485944106833, "f21": -1.43747216224643, "f22": -2.5653315191601704, "f23": -2.4693242644366284, "f24": 0.1531310589615491, "f25": -2.6038348109559033, "f26": -2.5513337401164273, "f27": 2.5952579788075116, "f28": 0.07045860888599176, "f29": -0.14199376259896823, "f3": -0.18604730838971717, "f30": 1.03259663263327, "f31": -1.9488295213943283, "f32": -0.4311650017979849, "f33": -1.2985487455285445, "f34": 1.9490783919645578, "f35": 2.559879063813776, "f36": -2.139507531008507, "f37": -2.3955305479696536, "f38": 1.2420664171655842, "f39": 1.6530573039421288, "f4": -0.5528289023223079, "f40": -0.07720430846306581, "f41": 1.4073596066238023, "f42": -1.1177725405222965, "f43": 0.8408127568870363, "f44": -2.2548655909226776, "f45": -1.0549520260581366, "f46": -2.898551309391798, "f47": 1.3364896343747663, "f48": 0.9198651858916524, "f49": -0.518819741632508, "f5": -2.4629760265804848, "f50": -2.555962439684893, "f51": 1.5107956634171664, "f52": -2.963539138846717, "f53": 0.5741546900066434, "f54": -0.8436382967101501, "f55": 2.6356577100424046, "f6": 1.5675814421597458, "f7": -1.1094255462545874, "f8": 1.1805608257948048, "f9": 2.711585743607934}, "datetime": {"datetime": "2023-01-24 17:52:57", "elapsed": 5340.47141, "delta": 48.894957}}
{"target": 0.19528871124538136, "params": {"f0": -0.35194211328486347, "f1": -2.7980665579711586, "f10": 1.546144379468183, "f11": 0.005296478863806797, "f12": -2.0346936219073157, "f13": -1.65605178014995, "f14": -2.242371022926491, "f15": 0.943705326128149, "f16": -2.0298158896363296, "f17": 1.3296845380482054, "f18": -2.973090158587926, "f19": -2.3231832704744555, "f2": 2.8780583758924703, "f20": -0.8115843361214612, "f21": 0.43419258334949085, "f22": -1.2686761492782699, "f23": -1.995524997047749, "f24": -2.322346551376274, "f25": 2.812293769761986, "f26": 2.6841840117391804, "f27": -0.8231981953013814, "f28": 1.894885025989482, "f29": 2.594734071864261, "f3": -1.3559384193384532, "f30": -1.5827914429913392, "f31": -1.7028312680396005, "f32": 1.983653857727722, "f33": 0.6998674655128778, "f34": -2.1870014002433598, "f35": 1.1589733629318513, "f36": 2.518122884899155, "f37": -0.28854757159669386, "f38": -0.6750746725617116, "f39": -2.21735662150743, "f4": 0.9482367172297703, "f40": -2.1423197583084175, "f41": -2.1212601024371973, "f42": 1.1914098111986062, "f43": 2.156547726306261, "f44": 0.15517486873255493, "f45": -0.27555395751045975, "f46": 2.6775435371320073, "f47": -2.4488955593028665, "f48": -2.17584482001949, "f49": -0.6191783487253266, "f5": -1.5024156713103038, "f50": 2.4401253167629315, "f51": -0.25681521334879953, "f52": -1.8448952322129075, "f53": 0.16011028360106216, "f54": -2.822698071170194, "f55": -0.9558725450354562, "f6": -2.694243418472382, "f7": -2.3958581000881347, "f8": 1.177326826152263, "f9": 1.1343367885513107}, "datetime": {"datetime": "2023-01-24 17:53:03", "elapsed": 5345.980902, "delta": 5.509492}}
{"target": 0.2717775964662633, "params": {"f0": 2.2260384564785882, "f1": -2.9000765541916707, "f10": 2.9730571630094724, "f11": 0.19316803152117457, "f12": 0.8170479368437276, "f13": -2.9617657735111624, "f14": 0.7368194557940719, "f15": -0.812609476443261, "f16": 2.9018153026761224, "f17": 1.4032519693180063, "f18": 0.8789730007418735, "f19": -2.031925004988179, "f2": 1.3358326098087554, "f20": -0.6744741931452078, "f21": -0.2270729955676618, "f22": -1.8208113445087144, "f23": -2.9311402367313177, "f24": -0.7404231016740663, "f25": 2.8921597731260187, "f26": 1.47714482388976, "f27": -2.312197951047252, "f28": -1.385594875748253, "f29": -0.1217573215360721, "f3": 0.35499421993456437, "f30": -1.9277228867068306, "f31": -2.7359624241072065, "f32": 1.3404138398004797, "f33": -2.3351946545622835, "f34": 2.8221675086098035, "f35": -1.4281273627006759, "f36": 0.24899180285095168, "f37": 0.026339884466248797, "f38": 2.1981807465144145, "f39": -2.201700971972206, "f4": -0.5577830017200238, "f40": 2.7879341441472807, "f41": 0.47920382198441347, "f42": -2.352765623996405, "f43": -2.105171939078917, "f44": 1.5597627537710306, "f45": -1.3254274784093585, "f46": 0.5347388249884144, "f47": 2.6146744610996677, "f48": 0.6926993934789096, "f49": 2.8879755027874516, "f5": 2.002916137114921, "f50": -0.535904980267679, "f51": -2.965067407113848, "f52": 2.9911241324866777, "f53": -0.9068857410356581, "f54": -2.9821165229260256, "f55": 0.44960169027144037, "f6": -2.0227085661339723, "f7": -1.363819926131402, "f8": -1.105547420746611, "f9": -1.8611738561554703}, "datetime": {"datetime": "2023-01-24 17:53:47", "elapsed": 5390.457164, "delta": 44.476262}}
{"target": 0.6846139706056386, "params": {"f0": -1.2765073638018376, "f1": -0.8821220767292477, "f10": 2.3702225393497276, "f11": 2.2485122321267585, "f12": 2.1265872408206334, "f13": -0.1455421727640842, "f14": -2.2380409612930534, "f15": -0.36747324945794, "f16": -1.1024197016632653, "f17": 2.8827589607468385, "f18": -2.9330635612017524, "f19": -1.4127874957614104, "f2": -0.15856187377801145, "f20": 0.42097476265186806, "f21": 2.1168954326632594, "f22": 2.3933068484577973, "f23": 1.4566624692854209, "f24": -1.3646996241563574, "f25": 0.5047768986333043, "f26": 1.4772240754661201, "f27": -2.3398257291196325, "f28": 2.2233394457957942, "f29": -1.4912130032729234, "f3": 0.7213247896210806, "f30": -2.298801196155661, "f31": -0.566236000310095, "f32": 0.7322054150822273, "f33": 1.0595122516477256, "f34": -2.342537853335426, "f35": 0.12264377798292614, "f36": -2.244448767349793, "f37": 0.9491009515808413, "f38": 1.872088585690288, "f39": 1.3769842666551373, "f4": -1.4807354745865764, "f40": -0.29781102839294205, "f41": -1.6351009987586629, "f42": 2.2422539904168843, "f43": -2.3596301073988855, "f44": 1.6542245817531551, "f45": -1.6997093312263662, "f46": 1.9511835603352132, "f47": 1.560384719306727, "f48": -2.613578720703055, "f49": -1.476141786072151, "f5": 2.2260358246124525, "f50": -2.1887039136224473, "f51": 2.853242119398736, "f52": -0.5008125552093796, "f53": 1.7926265126293455, "f54": -1.458703107281488, "f55": -0.35257997118303885, "f6": 1.1023150243702986, "f7": -1.492915495117895, "f8": 2.8617438343012003, "f9": 2.1634969157298958}, "datetime": {"datetime": "2023-01-24 17:55:07", "elapsed": 5470.292447, "delta": 79.835283}}
{"target": 0.21688943692324666, "params": {"f0": -2.179321867607764, "f1": 0.463552399213107, "f10": 0.6668336011948579, "f11": 0.3611222329512467, "f12": 0.678269492310557, "f13": -0.11402015826981682, "f14": 0.5407188935094274, "f15": 0.508345717032018, "f16": -2.912945346097284, "f17": 2.3161090214587974, "f18": -1.329827569786406, "f19": -1.7306473252573362, "f2": -2.883415850692564, "f20": 1.493539062150532, "f21": -1.383890022541265, "f22": -1.7889462992528624, "f23": -1.1860101979181572, "f24": -0.02610899484483209, "f25": 1.9308689045480838, "f26": -2.1342380241617214, "f27": 1.3116205592874817, "f28": -2.802257011260915, "f29": -0.22756071426063995, "f3": -0.7094724037569224, "f30": 1.027646794546321, "f31": 2.8490788963170157, "f32": -1.7888692400800836, "f33": -1.693471671256613, "f34": -2.0083548178758845, "f35": -1.0102838057383936, "f36": -1.2279088447185535, "f37": -1.995269554230344, "f38": 0.055827146078642365, "f39": 2.913550717461936, "f4": -0.9477412230666511, "f40": 1.1898691690942709, "f41": -1.4715289309854718, "f42": 1.3322264381728743, "f43": -2.5050788404443294, "f44": -0.898523436915442, "f45": 2.2344749656900706, "f46": -2.4018344712163, "f47": 1.0384662555416888, "f48": -1.026919118327532, "f49": 0.9032505607944996, "f5": -1.9634346462920296, "f50": 1.773275374930181, "f51": -1.1701040991311429, "f52": -0.03630567129902307, "f53": 1.0680624977510451, "f54": 2.596681998588778, "f55": 0.5063637212597989, "f6": 0.9058667730035745, "f7": 1.140938393333137, "f8": 1.1440422227466769, "f9": 1.7545812664644966}, "datetime": {"datetime": "2023-01-24 17:55:42", "elapsed": 5505.619326, "delta": 35.326879}}
{"target": 3.0368581656649035e-05, "params": {"f0": 1.646705177316024, "f1": -1.7473501490447623, "f10": -2.974062064285838, "f11": 2.944161405803241, "f12": -0.5418419291317282, "f13": 2.909384454480911, "f14": 0.31294936659398687, "f15": 0.889026018400557, "f16": 1.8296117474576707, "f17": 2.2960676800009434, "f18": -1.9037784107615712, "f19": -1.3424649754410143, "f2": -1.5672569068462618, "f20": -1.8059968775552042, "f21": 2.99892927731464, "f22": 2.9586808079704756, "f23": -2.7417039545593536, "f24": -2.7417470972560753, "f25": -0.4226540512664334, "f26": -0.2130155342185649, "f27": 1.2559058763749098, "f28": 0.16113107335062704, "f29": 2.9608074232336126, "f3": -1.9689121218603798, "f30": 1.6195511067653374, "f31": 2.5379713648124262, "f32": -1.678414649959184, "f33": 2.102931036812395, "f34": -1.3000843712664647, "f35": 2.353533015778199, "f36": 0.821327302204419, "f37": -1.2007867137385106, "f38": -1.4514132763729604, "f39": -0.034192847807640536, "f4": -1.9153540491295975, "f40": -2.370609050610789, "f41": 1.1062260788755998, "f42": 2.9600308579815575, "f43": 2.1426784031704376, "f44": 0.6893606964009731, "f45": 0.7608538694892619, "f46": 0.975076783544246, "f47": 0.6355077916602303, "f48": 0.6472341933027139, "f49": -1.9316576538037649, "f5": 1.7206049748584178, "f50": 0.9907971396320083, "f51": -2.458979326444167, "f52": 0.8176515553376449, "f53": 1.0671158055775134, "f54": -1.1055417766991216, "f55": -1.0572100576975976, "f6": -2.3354606010792063, "f7": -2.75161909103209, "f8": 2.649539499932045, "f9": 0.6141413020410069}, "datetime": {"datetime": "2023-01-24 17:57:55", "elapsed": 5638.146857, "delta": 132.527531}}
{"target": 1.9460641715240147e-05, "params": {"f0": 2.2455651366287217, "f1": 2.080582574205792, "f10": 2.5088309349763724, "f11": -2.3749301921176924, "f12": 2.653215095254657, "f13": -2.5701593237034817, "f14": 2.448324192138384, "f15": -0.6355224063020084, "f16": -1.1366403190582308, "f17": 0.6190603504754346, "f18": 0.3466232414682504, "f19": -2.4417027579481174, "f2": -0.24106309928325187, "f20": 1.9146086875807846, "f21": -0.049987744260957534, "f22": -2.745319923703533, "f23": 2.877142717725004, "f24": -1.1376089263492284, "f25": 2.838758979675297, "f26": 1.7567110127467958, "f27": 0.5622192627126936, "f28": -2.3298364600991253, "f29": -1.1777347905957318, "f3": 1.701576837843847, "f30": 2.7495771649916625, "f31": -2.589147397758283, "f32": -2.430298620972028, "f33": 1.8270990873998407, "f34": 0.4750476684635081, "f35": 2.5151309171023284, "f36": 0.550295586284391, "f37": -1.1849150568601134, "f38": 2.1266744885493107, "f39": -2.020938571255523, "f4": -1.302073878959887, "f40": -2.5123052422011862, "f41": 2.373052614863928, "f42": 1.7479927128678945, "f43": -0.1520969174365332, "f44": 0.739308070732327, "f45": 1.4416510873637725, "f46": 1.1183177276672582, "f47": -0.6594958297696469, "f48": 1.5325641953251603, "f49": 0.009933456029729726, "f5": -1.8383899706563758, "f50": -0.531656578127329, "f51": 2.5373079103713874, "f52": 2.046045113075426, "f53": -0.08241204560497728, "f54": 2.901818157837093, "f55": 2.053020601230646, "f6": 0.35301889588345503, "f7": 2.5800721610382373, "f8": 0.012247657719038685, "f9": 2.7493699697426903}, "datetime": {"datetime": "2023-01-24 18:04:00", "elapsed": 6002.879405, "delta": 364.732548}}
{"target": 0.3288487244049645, "params": {"f0": -1.9671251198190733, "f1": -1.322064653534236, "f10": 1.6743070275267724, "f11": 0.4106132942668813, "f12": 1.3171128739572093, "f13": 0.6941470024333892, "f14": -1.2049259931890497, "f15": -1.7634368361634463, "f16": -1.6680088728266869, "f17": -0.8409815682775589, "f18": -0.9745272132308943, "f19": -0.7496303473543833, "f2": -2.781052029780893, "f20": 0.6103314000703683, "f21": -3.0, "f22": 1.785311964758359, "f23": 2.0875119978822534, "f24": -2.895561344057753, "f25": -0.009659937733881307, "f26": -0.6184459830039316, "f27": -1.8408026946375555, "f28": 2.4344923376142873, "f29": 1.6361425903319164, "f3": 0.2833302457786899, "f30": 0.2902413958422951, "f31": -1.1181059081614335, "f32": 0.3922755312604827, "f33": 0.5236108747077837, "f34": 2.447675783779448, "f35": -0.2829927664506077, "f36": 0.0485955598482816, "f37": -0.9325499967517962, "f38": 2.39110513587225, "f39": 0.45693793827134216, "f4": 1.0202147843816765, "f40": 1.4532230420637064, "f41": 0.35940949059358873, "f42": -1.8451880423828417, "f43": 1.7068305343761312, "f44": 0.2912588899073578, "f45": 1.1927703710482827, "f46": 2.0895825231841947, "f47": -0.30947855517708533, "f48": 0.5160315516509738, "f49": 0.011805751285498267, "f5": 1.8347157855009995, "f50": -2.573820700943318, "f51": -0.7678694580714178, "f52": -1.4721650425228892, "f53": 1.738892647312954, "f54": 2.8009595009955466, "f55": 0.08711166038448993, "f6": -2.709756308006925, "f7": 1.600219230171245, "f8": 2.7153768704448304, "f9": -0.17607632520689848}, "datetime": {"datetime": "2023-01-24 18:05:42", "elapsed": 6105.035534, "delta": 102.156129}}
{"target": 0.7592552010984117, "params": {"f0": -0.7288548273980836, "f1": -2.207568176394265, "f10": 1.7524572643361913, "f11": 1.7695795595894437, "f12": -0.22344523996953303, "f13": 1.275730681803947, "f14": -0.9749866274111225, "f15": -3.0, "f16": -0.2600553999495661, "f17": -2.833046411162234, "f18": 1.5728570254290857, "f19": -0.6969492298474818, "f2": -1.7647772723301562, "f20": 1.476545162669185, "f21": -2.523717920623382, "f22": 2.430185409551103, "f23": 2.0888842873012328, "f24": -2.4380265039434055, "f25": -0.3105199930725384, "f26": -2.070274263286471, "f27": -2.1042764224410555, "f28": 0.885024542669498, "f29": 1.707321071043351, "f3": 0.5225731076238088, "f30": 1.0797590096703518, "f31": -1.2472794626446604, "f32": -0.7742940222261805, "f33": 1.910061799144308, "f34": 3.0, "f35": -0.46891382084018657, "f36": 1.4528295908878788, "f37": 0.18298178195012355, "f38": 3.0, "f39": 0.6322812662068469, "f4": 2.763302712195567, "f40": 1.1320543664431917, "f41": 1.426818065917543, "f42": -3.0, "f43": 2.5695311567063355, "f44": -1.881700444695533, "f45": 1.2503891091546249, "f46": 1.7064825043818377, "f47": -2.2246827803962836, "f48": 0.0042761326893075435, "f49": -0.3029204819905247, "f5": 1.4930459822440116, "f50": -2.9436294264659417, "f51": -1.0566863386547272, "f52": -2.5852720633245907, "f53": 2.275683802915968, "f54": 2.472908173136215, "f55": -0.2863523968472235, "f6": -2.993674490494481, "f7": 1.665042427446655, "f8": 2.9638848646219995, "f9": -2.1960544812333707}, "datetime": {"datetime": "2023-01-24 18:05:47", "elapsed": 6110.518189, "delta": 5.482655}}
{"target": 0.565139161681842, "params": {"f0": -0.2167140864794523, "f1": -2.3750144778831936, "f10": 1.4239186090853073, "f11": 2.1491840060702287, "f12": -0.26538140035408575, "f13": 0.5120223563327148, "f14": -1.2504542137924253, "f15": -3.0, "f16": 0.3008639603347831, "f17": -2.2502608530154444, "f18": 1.8634122800354123, "f19": -0.20003371240389967, "f2": -1.7962326225187104, "f20": 1.9891909107610992, "f21": -1.820650723353755, "f22": 3.0, "f23": 1.8273862501540108, "f24": -1.832890624307262, "f25": -0.8307068635869967, "f26": -2.2639441898666526, "f27": -2.3690588693634598, "f28": 0.8625912033615167, "f29": 2.148783744738148, "f3": 0.5002979265146559, "f30": 1.0745665576792869, "f31": -1.78414049445409, "f32": -0.9837386538770995, "f33": 2.543918148258938, "f34": 3.0, "f35": -0.5275708789546046, "f36": 0.3568631961031317, "f37": -0.08682694872724094, "f38": 3.0, "f39": 1.0068158212125669, "f4": 3.0, "f40": 2.080792188342485, "f41": 1.2632375672373601, "f42": -3.0, "f43": 2.054581497430682, "f44": -1.7926757501584767, "f45": 1.5454273285259423, "f46": 1.7564861509706273, "f47": -2.6049095135975118, "f48": -0.36785150862419197, "f49": -0.6957839978839925, "f5": 1.2818921702324957, "f50": -3.0, "f51": -0.666060535391513, "f52": -2.2497640326521435, "f53": 2.3700923750552563, "f54": 1.6741893288536378, "f55": 0.14971375374463067, "f6": -2.5338258441460892, "f7": 1.5203487064591934, "f8": 2.167277521318199, "f9": -2.6930463431567637}, "datetime": {"datetime": "2023-01-24 18:06:28", "elapsed": 6151.589691, "delta": 41.071502}}
{"target": 0.12860197741867876, "params": {"f0": -0.5163736004495688, "f1": -2.119092895113495, "f10": 2.158718539603322, "f11": 1.0720542205291357, "f12": -0.45423913206611216, "f13": 1.364431288973903, "f14": -0.5752529683113321, "f15": -3.0, "f16": -0.17309550575737478, "f17": -3.0, "f18": 1.8838135989525633, "f19": -1.0580178312784547, "f2": -1.4629177278947363, "f20": 1.0420720066542035, "f21": -2.280695297050901, "f22": 1.5282897130123152, "f23": 1.836547120800501, "f24": -2.3009763154033798, "f25": -0.4177719174886481, "f26": -1.772914633976813, "f27": -1.078113050297589, "f28": 0.18786692365156132, "f29": 1.0993157970234468, "f3": 0.01746646001376713, "f30": 1.4347706153188557, "f31": -0.38772951002532313, "f32": -0.9118355859570361, "f33": 0.9806041108483518, "f34": 3.0, "f35": -0.15350849496333488, "f36": 2.2428719428348574, "f37": 0.8594026611064248, "f38": 3.0, "f39": 0.11570304266854191, "f4": 2.543217270552672, "f40": 0.8914366854875303, "f41": 1.766059400248048, "f42": -2.3831018330619904, "f43": 2.545438253864001, "f44": -1.9262240830384565, "f45": 0.8363142692293314, "f46": 1.8649500693514636, "f47": -2.1744568446416523, "f48": -0.09050366149566418, "f49": 0.19840462232448902, "f5": 2.016487147468535, "f50": -2.9756500087243447, "f51": -1.2712041264920741, "f52": -2.947258377939462, "f53": 1.7261485679451212, "f54": 2.2314857747437737, "f55": -0.6428344468284575, "f6": -3.0, "f7": 1.0458667493873997, "f8": 2.7925769456223093, "f9": -1.6003744343245236}, "datetime": {"datetime": "2023-01-24 18:07:40", "elapsed": 6223.514896, "delta": 71.925205}}
