{"target": 0.40822983930491646, "params": {"f0": 0.2663165729534951, "f1": -1.7724719691283708, "f10": 0.3123933074200087, "f11": 0.10326069311885355, "f12": 2.826118853930696, "f13": 0.551603099774093, "f14": 1.139142924352031, "f15": -2.7207719698283546, "f16": -0.8398507812571676, "f17": -0.8303959791911248, "f18": -1.9584883801966873, "f19": -0.26739754111319325, "f2": -0.22522407425504198, "f20": 1.3655355527752038, "f21": 1.40630535323168, "f22": 0.6243852652904778, "f23": 1.9092384894034016, "f24": 1.523404951598346, "f25": 1.1205923300980611, "f26": -0.8162365619428931, "f27": 1.0544211003845314, "f28": -1.124823654587147, "f29": -0.6844223485888143, "f3": 1.0523405542983433, "f30": -1.36873223598472, "f31": 2.335044287644096, "f32": -0.22952626780095509, "f33": 2.4205648992310067, "f34": -0.5720437457187133, "f35": -2.97819125005975, "f36": -2.408564513779414, "f37": -0.4621614967448062, "f38": -0.781980145067569, "f39": -1.1646582255346267, "f4": 0.9180819542000385, "f40": -2.1852567849835305, "f41": 2.6199242619567444, "f42": 0.5880680208683944, "f43": -2.414353738750865, "f44": 2.0801268240009403, "f45": 2.018977037213064, "f46": 0.5656619567711134, "f47": 2.944792593757038, "f48": 2.5322604806987403, "f49": -2.7897704019467375, "f5": 1.1577172660496133, "f50": 2.669992432916038, "f51": 2.850124204208102, "f52": -0.0144029808297379, "f53": 2.0422469700069046, "f54": 2.7808469012448516, "f55": 1.936406585074426, "f6": -1.8483035043172766, "f7": 0.8383883308517479, "f8": 1.376810391376015, "f9": -1.9763254406421291}, "datetime": {"datetime": "2023-01-23 17:01:30", "elapsed": 3951.170381, "delta": 47.623349}}
{"target": 0.08737944329657872, "params": {"f0": 1.3101225595007193, "f1": -1.0440127033956297, "f10": -1.3968799622615315, "f11": 1.924906390030678, "f12": -0.6074253925218231, "f13": 1.909385717433147, "f14": -1.3529365229958925, "f15": -0.585473020010677, "f16": 0.8056704180404992, "f17": 1.2384566620809236, "f18": 0.5178469295389712, "f19": -2.990617300859193, "f2": 1.8223611358317306, "f20": -2.0510617692739976, "f21": -2.5735739787345673, "f22": -2.2501447354650264, "f23": 2.5066469819159085, "f24": 0.20599896192405343, "f25": 1.169592737413021, "f26": 2.2951096447103616, "f27": 1.6352138221146229, "f28": 1.3792539499201713, "f29": -1.2924564232546014, "f3": -2.4154900085057878, "f30": 1.9556881370504442, "f31": -2.6115289131183257, "f32": -1.6802641978412292, "f33": 2.9670322041290955, "f34": 1.6601946582186908, "f35": 2.8959049144433058, "f36": -0.7936521267645382, "f37": 2.145864407140455, "f38": 0.636995215274855, "f39": 0.49744278306990264, "f4": -0.955746802238103, "f40": -0.9056340461574717, "f41": -1.7947170999980238, "f42": 2.524796111747298, "f43": -2.196422590084725, "f44": 0.18926575557263137, "f45": 1.3644690188648845, "f46": -2.2230088335044744, "f47": 1.7191056930864148, "f48": -0.3163858113872191, "f49": 1.285683732703787, "f5": -0.07446624762660203, "f50": 0.7793633176097248, "f51": -2.7151144608861153, "f52": -2.5528907111623256, "f53": 2.9335208291321218, "f54": 0.7023700228868615, "f55": 0.9299796485254879, "f6": 2.984934682532735, "f7": -2.1184318547520355, "f8": 0.2671121835141905, "f9": 0.9916598428664276}, "datetime": {"datetime": "2023-01-23 17:02:09", "elapsed": 3989.633513, "delta": 38.463132}}
{"target": 0.30642808405142347, "params": {"f0": -0.05750122499792276, "f1": 2.043634809100759, "f10": 2.6219503304154923, "f11": 2.2118875654051076, "f12": 0.5530469103144107, "f13": 0.384942027054481, "f14": 2.775972914461043, "f15": -2.807270806559444, "f16": -2.101759474729203, "f17": -1.9631565743316677, "f18": 2.895008718102474, "f19": -1.5204656029623842, "f2": 0.2976615494700807, "f20": -0.9643175368393342, "f21": 1.898565761449209, "f22": 0.07978731647825654, "f23": -1.103757464336036, "f24": 2.2480156576921058, "f25": 0.7819807839631503, "f26": 0.707120935305154, "f27": -0.6523426186288406, "f28": -1.0660150363436214, "f29": -0.6968318750639035, "f3": 1.8580781917756317, "f30": -1.108555272027556, "f31": 1.814347694402798, "f32": -0.7906521919255196, "f33": -2.390073779524128, "f34": -2.9579616206384056, "f35": 0.83051913806342, "f36": -0.23957085237470155, "f37": 0.9087751021140864, "f38": -0.44791937367812906, "f39": -0.6016203208703002, "f4": 1.003023197526316, "f40": -1.163944455673538, "f41": -2.0760871376903527, "f42": 2.0446675105701493, "f43": -2.8275877127765785, "f44": 0.7159474166156681, "f45": 0.29434424929098624, "f46": 1.697838084819093, "f47": 1.4713013570752622, "f48": -1.141032864298167, "f49": 1.313292320435826, "f5": 1.9362717533242204, "f50": -0.1634263254951578, "f51": 2.1794747717793257, "f52": -0.4545305470273098, "f53": 2.321039424780695, "f54": 0.3975324447228079, "f55": -2.3874144587117163, "f6": 1.6246146492945819, "f7": -2.4583899229338284, "f8": -0.08243541308740632, "f9": -0.6476271479156166}, "datetime": {"datetime": "2023-01-23 17:02:33", "elapsed": 4014.514649, "delta": 24.881136}}
{"target": 0.20387490219390783, "params": {"f0": 2.1860140395475893, "f1": 0.08467148427856452, "f10": -0.731515816028316, "f11": 2.508746497021783, "f12": 1.084739055733353, "f13": -1.3915173077348433, "f14": -0.665996889073952, "f15": -2.869018172100432, "f16": -1.8533565932047802, "f17": -2.1753290989600913, "f18": -2.327795565652534, "f19": -0.5098783340749597, "f2": 1.301173781368698, "f20": 1.9343309158080526, "f21": -2.0953911272041807, "f22": 2.7977481242008446, "f23": 2.4212697718638916, "f24": 0.7523120743238811, "f25": 2.4678920262697215, "f26": 2.9331598221844004, "f27": -0.5220632397806146, "f28": 1.3877637907660993, "f29": 2.016301072442685, "f3": 1.9304205843243416, "f30": 1.4460666066473902, "f31": -0.04858476239198195, "f32": -1.2468996578308422, "f33": 1.1759555615382222, "f34": -2.765983167043249, "f35": 2.524569105394291, "f36": -0.03136334641112848, "f37": -2.465143635903389, "f38": -0.5771133058736888, "f39": 2.192607089519311, "f4": 2.7794993634291245, "f40": -2.5967742043471573, "f41": -0.3700724133313944, "f42": -1.6210237860255239, "f43": 0.029558323053429092, "f44": 0.10357420377122395, "f45": 2.9848087875341687, "f46": -0.01075584447860578, "f47": -1.0456770615896949, "f48": -1.2407408333103749, "f49": 2.0914392603534644, "f5": 0.6664064256270557, "f50": 0.36427971407562687, "f51": 2.9233833047947897, "f52": -1.3169559123456902, "f53": -2.9461464618527735, "f54": -1.745415671897913, "f55": -1.767175917860939, "f6": 0.7264213130436508, "f7": 2.1000693096726586, "f8": -1.1550949393208356, "f9": 2.3502100725206443}, "datetime": {"datetime": "2023-01-23 17:02:57", "elapsed": 4038.119173, "delta": 23.604524}}
{"target": 0.40486561886540234, "params": {"f0": 1.39976911458389, "f1": -2.9390960277715967, "f10": 1.8197382169570595, "f11": -1.617475613876809, "f12": -2.390278500519063, "f13": -1.266728656899627, "f14": -2.0965191904938045, "f15": -0.5337551276709673, "f16": -2.057605564319316, "f17": 2.531989877968715, "f18": 0.8591202450900433, "f19": -2.9659820668983454, "f2": -0.3330296379707862, "f20": 2.5772421261474285, "f21": 0.2407029605864328, "f22": 0.8259031504095518, "f23": 1.994214531150841, "f24": -0.623740409608021, "f25": 2.9028246212022726, "f26": -1.8147793184584473, "f27": -2.461992984721668, "f28": 2.468173628738363, "f29": 0.5014064907105, "f3": -1.8720489254063, "f30": 1.9587373209724097, "f31": 2.068798932827378, "f32": 1.7343486776610346, "f33": 0.6263212129144957, "f34": -0.8707375284323602, "f35": -1.157395235049455, "f36": 0.5187615425234289, "f37": -0.19995828352009948, "f38": 1.0904822779080767, "f39": -2.4825480279491488, "f4": 2.0224629423476417, "f40": -2.4185846556443034, "f41": -2.2914489738174115, "f42": -1.7632317121026961, "f43": -1.5863674606787037, "f44": -1.5760643487741495, "f45": 0.3771680030031508, "f46": -0.6781129843997782, "f47": -2.4213005894304716, "f48": -2.585230851553911, "f49": 2.475382751384858, "f5": 1.6312691642623527, "f50": -2.309609221154033, "f51": -1.1528384841127102, "f52": -0.7332235198112604, "f53": -1.1357944886439213, "f54": 2.0236016709501143, "f55": -2.705582286115549, "f6": -0.2499524563527986, "f7": -2.0885361956516317, "f8": 2.5020024462228516, "f9": 1.245364945038606}, "datetime": {"datetime": "2023-01-23 17:04:16", "elapsed": 4116.823091, "delta": 78.703918}}
{"target": 3.245028068904019e-05, "params": {"f0": 2.4801794503452212, "f1": 0.21538648804319838, "f10": -0.17447374309339203, "f11": -1.22122213806059, "f12": 2.467169499644773, "f13": 1.225093160183489, "f14": 2.420531919284601, "f15": 0.8327532036825471, "f16": 0.87780048441501, "f17": 2.84029861595514, "f18": -0.4370054802301606, "f19": -2.6340396737532066, "f2": -1.8830151686787595, "f20": 1.5936659816263834, "f21": -1.2443673760908447, "f22": -2.238123275714618, "f23": -1.0263912041780847, "f24": 2.5682926047612185, "f25": -1.2865296579902872, "f26": -0.11287589451636437, "f27": -2.135132382727898, "f28": -2.132006035861128, "f29": 2.071309586744622, "f3": -0.8977650160174697, "f30": 2.2710300963957444, "f31": -0.5426203961678016, "f32": -0.29840684661373995, "f33": 0.2884352590658672, "f34": 1.5275836942604428, "f35": -1.26990149571141, "f36": -2.0408749833377846, "f37": -2.8131436644094583, "f38": 1.8222702285476622, "f39": 0.9417352312028084, "f4": -0.1215600250468909, "f40": 0.6673274423781068, "f41": -1.0538478367383943, "f42": 0.9575217642937499, "f43": -2.6896958946105625, "f44": 1.9759094609123338, "f45": 2.872474638451762, "f46": 0.5918725062246502, "f47": -1.8918272751040734, "f48": -1.5144338123793055, "f49": -1.549678916512444, "f5": 1.7272370854625212, "f50": 1.2030761933781644, "f51": -1.4652887924863107, "f52": 2.285786606152781, "f53": 1.8368091307497387, "f54": 2.9299897353162017, "f55": 1.0892119109958074, "f6": -0.45286706886841, "f7": 1.5436340284723347, "f8": -1.308525895641694, "f9": 2.9345700711634075}, "datetime": {"datetime": "2023-01-23 17:07:53", "elapsed": 4334.213448, "delta": 217.390357}}
{"target": 0.3775890195126336, "params": {"f0": -0.4572897022699145, "f1": 0.505427333550851, "f10": 2.0384716169249213, "f11": -1.3693350330063443, "f12": 2.203905206357647, "f13": 2.9584913316005306, "f14": -2.3792723587350846, "f15": -2.5775731321580886, "f16": -0.9231432440890086, "f17": 2.2994610542100453, "f18": -1.7913017266480398, "f19": 2.526192848325281, "f2": 2.0074296083467464, "f20": 0.3383013030498825, "f21": 1.1141829695472234, "f22": 2.1249621216227723, "f23": 0.14815911091904077, "f24": 2.7420402670385586, "f25": 1.415862670885856, "f26": 2.69791413929093, "f27": -2.194020182497085, "f28": -2.2463589182651216, "f29": -0.1312808012954383, "f3": 0.26112469291017115, "f30": 0.4686471728595434, "f31": 0.8239830830427719, "f32": 0.9962053278118477, "f33": 0.2808690602485653, "f34": 0.8236157798983896, "f35": 1.5638709563008097, "f36": -1.215600422563425, "f37": 0.23983410418256135, "f38": 1.4881846320015821, "f39": 0.19803478989432843, "f4": -0.9431412591536703, "f40": -0.3985109963325302, "f41": -1.8317963604121223, "f42": -2.0363598341731297, "f43": -1.8992204866907838, "f44": -0.8645941666344528, "f45": 0.6398564796179125, "f46": 2.860980126913824, "f47": 1.6099472307868297, "f48": -0.7594246604526544, "f49": -0.8988579951613929, "f5": 0.06254061176900372, "f50": 2.3236311447548976, "f51": -2.5970087755708584, "f52": 1.0916234604242918, "f53": 0.5361062875851514, "f54": 0.23467592865707054, "f55": -2.9997444849951362, "f6": -0.5978322518248165, "f7": 2.916187501966463, "f8": 0.672073241123293, "f9": 0.3900937451946236}, "datetime": {"datetime": "2023-01-23 17:08:36", "elapsed": 4377.410567, "delta": 43.197119}}
{"target": 0.17009341202878706, "params": {"f0": 2.503858452302235, "f1": 1.807770364823754, "f10": 1.403646859047467, "f11": 2.1533216968680096, "f12": -2.1695383448651033, "f13": -0.3842490395050442, "f14": -2.6449552789760506, "f15": 0.49004097220533893, "f16": -1.2053871252641504, "f17": -0.019620324992691174, "f18": 2.014906045990875, "f19": 1.6164478275977423, "f2": 1.2801491348691707, "f20": 2.6527553361256384, "f21": 1.8509643469064345, "f22": 1.0678392638694616, "f23": 2.6572694640195778, "f24": -0.8468885795131849, "f25": 2.3505712303797788, "f26": -2.891104171716999, "f27": -2.494842614149084, "f28": 2.3733401042866733, "f29": 1.6075871354298972, "f3": 1.4519919224352424, "f30": -0.599747220482012, "f31": -2.9774254754996163, "f32": 1.198542557452237, "f33": -0.9906743352281469, "f34": -0.13443657093091677, "f35": -0.7118521133515934, "f36": 2.329901390046256, "f37": 0.7735431332824185, "f38": 2.480291117922417, "f39": -0.9118920899053036, "f4": 0.47782428691915424, "f40": 0.24892161087109121, "f41": -0.16170051595135249, "f42": -0.3854110794207317, "f43": -1.4848789087752097, "f44": 1.3696940788244554, "f45": -1.1919674759068066, "f46": -2.6163505786581513, "f47": 0.6211629125255347, "f48": 1.0701591555994838, "f49": -2.5745142391479137, "f5": -0.06799249404804852, "f50": 0.025849681876087605, "f51": 1.5809513358940617, "f52": 0.060972681663463035, "f53": 1.8845769020442527, "f54": 1.330075146552736, "f55": -2.986036034324033, "f6": -0.6738658989322106, "f7": -0.3896108217546166, "f8": 2.9047391982455952, "f9": -0.3660423729438582}, "datetime": {"datetime": "2023-01-23 17:09:35", "elapsed": 4436.091956, "delta": 58.681389}}
{"target": 0.046494722076819865, "params": {"f0": -0.34307189671356086, "f1": -2.3234167872487363, "f10": -2.035162885865374, "f11": 2.97760486159752, "f12": 0.649111124540994, "f13": -2.2648577940930337, "f14": -2.6309589587521254, "f15": 2.9628543244550354, "f16": 2.5295344588128366, "f17": -0.12611992439244712, "f18": 1.3807266600291523, "f19": 1.789266093303361, "f2": -0.12910764713698608, "f20": 1.2570852371835946, "f21": -1.5395722503883544, "f22": 0.8061443234204546, "f23": 0.7688054847897554, "f24": 2.8365284759523757, "f25": -2.10040466496993, "f26": 0.4722076830266273, "f27": -2.729087851948117, "f28": 1.2456519378480309, "f29": -2.409865003772727, "f3": -1.7442904581090137, "f30": -1.0513456742686746, "f31": -1.4066189746875628, "f32": 1.3972964358584612, "f33": 1.6526648216410678, "f34": 2.4999502028837703, "f35": 2.120497956958358, "f36": 1.8249441943047229, "f37": 0.018544889396268083, "f38": 1.230768514230788, "f39": 2.2284469392036907, "f4": -0.5601887770510348, "f40": -2.3157928270468746, "f41": 2.778964598234065, "f42": 2.058209691462542, "f43": -2.3169653830258845, "f44": -0.24675513392294235, "f45": -1.3751307557756627, "f46": -2.0243517179643664, "f47": -2.7762021384237325, "f48": -2.001473029622705, "f49": -2.0767580765255897, "f5": 0.07892688333278652, "f50": -1.0980899926942482, "f51": -0.9128131212386386, "f52": -2.727790183147996, "f53": 1.5430629933402278, "f54": -0.3798441475901573, "f55": 0.6008405725533246, "f6": 0.8490017904069891, "f7": 2.168096584857608, "f8": 1.4356612894042415, "f9": -0.7803311944623772}, "datetime": {"datetime": "2023-01-23 17:10:01", "elapsed": 4461.931745, "delta": 25.839789}}
{"target": 0.07922917773174896, "params": {"f0": -1.9271303363275003, "f1": 1.74698168678424, "f10": -2.076602912389184, "f11": 2.907697368840248, "f12": -1.7334226320257764, "f13": -2.5429797365976117, "f14": -1.0314047815414065, "f15": 2.859097422830951, "f16": 1.1240273369004345, "f17": 1.3189325418831404, "f18": -0.2599134273546122, "f19": -2.941917497649901, "f2": 2.695068944168665, "f20": 1.889179323248058, "f21": 2.3344331387938357, "f22": 1.7075722266441158, "f23": -2.5369297720204464, "f24": 1.1004320640865508, "f25": 1.747827376342733, "f26": -0.44616788120462125, "f27": -1.6122469941174618, "f28": -1.6905609476255181, "f29": 2.451613156902928, "f3": -2.9236198027768774, "f30": 2.2829544864724385, "f31": -0.5096014530825754, "f32": -2.1627351812981637, "f33": 1.867122236297388, "f34": -2.6183545140717372, "f35": -0.2119940694596707, "f36": 1.0886815995790435, "f37": 2.3586785996973116, "f38": -1.0212593526329266, "f39": 1.1928588636891142, "f4": -2.4860348681683737, "f40": -1.1986184682387655, "f41": -0.3343080469641522, "f42": -2.497128930381968, "f43": -0.6935959371324718, "f44": 2.8125238586630106, "f45": -2.4805248123664434, "f46": 0.09845827738089552, "f47": -0.4982171027930655, "f48": 1.0182018390336633, "f49": 1.5468357584321843, "f5": -2.836247190468439, "f50": 1.2085704541239002, "f51": 0.2163799588643065, "f52": 0.707163652412321, "f53": 0.46193079586283137, "f54": 1.4929080075812182, "f55": -1.4326640428901811, "f6": 0.9069088623296042, "f7": -0.057669210935992865, "f8": -1.9251526810530117, "f9": 0.85363306252248}, "datetime": {"datetime": "2023-01-23 17:10:20", "elapsed": 4481.538214, "delta": 19.606469}}
{"target": 0.28792272249307194, "params": {"f0": -2.891459944231796, "f1": 2.146228182990363, "f10": 0.5831811806398779, "f11": 1.9582203231347979, "f12": -1.806099009134093, "f13": -0.663691429086338, "f14": -0.4259490144001665, "f15": -0.8144777603476916, "f16": 2.1953055698287347, "f17": -2.470681633856443, "f18": 2.0414643851823495, "f19": -0.3150790862025161, "f2": 2.122491050231247, "f20": -0.18260747181434933, "f21": 0.006700426817173533, "f22": 1.9163953788134442, "f23": 1.2893616932468905, "f24": 2.3357182116742976, "f25": -0.12114242563054578, "f26": 2.368861188370575, "f27": -1.1244116753916915, "f28": -0.1915221485027523, "f29": 2.895597827184149, "f3": -1.2913044948284458, "f30": -2.9885839201928595, "f31": -2.6432275583143463, "f32": 0.8111147142706492, "f33": -0.25344790242763704, "f34": 1.138274443505642, "f35": 0.743144650541189, "f36": -2.193491475608976, "f37": 2.1024690235310945, "f38": 2.092780259556619, "f39": -0.9596098021111441, "f4": 2.209966556232006, "f40": 1.138938301947757, "f41": -0.8825966473824138, "f42": -2.7205979373220837, "f43": 1.1947439555447508, "f44": 0.6552007248891938, "f45": 1.3204987760145892, "f46": -2.6079712125274845, "f47": 2.021474365761983, "f48": -1.1934736566789086, "f49": -2.7813456589167123, "f5": -1.0208860939292206, "f50": 1.4108805059785299, "f51": -1.8160729809118097, "f52": 2.138115646894237, "f53": -2.2870835691998574, "f54": -1.3808562261162673, "f55": 2.2467215647777703, "f6": -2.4526452748423315, "f7": -0.12632350814732707, "f8": -0.9523709559318201, "f9": -0.6765624613121659}, "datetime": {"datetime": "2023-01-23 17:10:29", "elapsed": 4490.171507, "delta": 8.633293}}
{"target": 0.3613484186773401, "params": {"f0": -0.8221032264942227, "f1": -2.3906184900828764, "f10": -1.6669536879001232, "f11": -1.0162477630057138, "f12": -0.7751088554714309, "f13": 0.9328459761742467, "f14": -2.301744232591149, "f15": 0.17325021056252465, "f16": 2.9305789374997175, "f17": 0.7749221725436444, "f18": -2.999051657954621, "f19": 0.037695365563043204, "f2": 1.6685641249686665, "f20": 2.617735643341378, "f21": 1.3304222140247477, "f22": 1.9178573131665955, "f23": -0.0527906830409286, "f24": -1.5694654543037867, "f25": 0.46115100288906197, "f26": 0.47939798710672754, "f27": 2.633228298522628, "f28": -2.071928146339194, "f29": -2.0256473219798794, "f3": 2.3092485484001415, "f30": -1.28685036115121, "f31": -1.7484116456185455, "f32": 0.8536291129002285, "f33": -2.0265908283263423, "f34": 1.991624428236399, "f35": 2.1157416870387626, "f36": 0.906032136731068, "f37": 2.6891792062057744, "f38": 2.3808405641162986, "f39": -1.1142244671381494, "f4": 1.04024045065285, "f40": 1.2057380429618814, "f41": -0.8027685677896494, "f42": 2.2715015062405373, "f43": -2.0086757733932874, "f44": 0.6606477651062717, "f45": -2.883111956302519, "f46": 1.8865492137128985, "f47": -2.785619047366665, "f48": 2.0310156265039527, "f49": -2.9858878623870235, "f5": -0.9882598957915643, "f50": -2.683096568513426, "f51": 2.9443093642801266, "f52": 2.9782124453517813, "f53": 1.3410106985086108, "f54": -1.263948844948789, "f55": 1.2888248036459418, "f6": 0.33154564912351336, "f7": -1.6405711290929734, "f8": -2.0129747908591487, "f9": -0.07972028321837676}, "datetime": {"datetime": "2023-01-23 17:10:55", "elapsed": 4516.018107, "delta": 25.8466}}
{"target": 0.11575016634648792, "params": {"f0": 1.943996745841595, "f1": -1.9463333367965108, "f10": 0.6296851520402416, "f11": 0.10257598598889839, "f12": 0.8050589845771579, "f13": -0.49023827316391433, "f14": -2.5826045603601115, "f15": -1.932296222682461, "f16": 2.5192466192218834, "f17": -2.5807843874905965, "f18": -1.5573886342238281, "f19": -1.3233567801279522, "f2": 1.5058968908168433, "f20": -0.38037489520229695, "f21": 1.3950139899549132, "f22": -1.162757150071575, "f23": 2.0089602027341025, "f24": 2.4556009300258745, "f25": -2.0570700741700767, "f26": 1.0156781795038352, "f27": -1.1071480440337893, "f28": -1.3787565178646917, "f29": 2.152894315757891, "f3": -2.631859649376737, "f30": 0.9239505704016775, "f31": 2.0481667600129727, "f32": 0.17344153966830866, "f33": -1.0161466124957006, "f34": -2.3416463830347882, "f35": -0.03872905838751173, "f36": -2.222240582483398, "f37": 1.5669794201261151, "f38": 1.7685914328816228, "f39": 2.919274712718246, "f4": -2.002485496391339, "f40": -1.403245872214529, "f41": 0.5559871893644752, "f42": 1.3787472979301612, "f43": -1.5999776746783403, "f44": -1.9887375752676881, "f45": 2.552091351359599, "f46": 2.8339526923269425, "f47": -0.4117549412047765, "f48": 2.042214183192433, "f49": -1.3672473191437733, "f5": 1.7719869825280892, "f50": -0.8625585352316083, "f51": 1.0815588177550985, "f52": 0.5228258304722546, "f53": -2.0132453840903146, "f54": -2.0391385184299393, "f55": -2.387547774389006, "f6": -1.8396761713311445, "f7": 0.05926401257592406, "f8": -0.08784139070612085, "f9": 1.3629381499841884}, "datetime": {"datetime": "2023-01-23 17:12:01", "elapsed": 4581.732265, "delta": 65.714158}}
