{"target": 0.3469924670735289, "params": {"f0": 0.42316915251101017, "f1": -1.8825249369480437, "f10": 2.9444262361059934, "f11": -2.8364983079445536, "f12": -2.8623158318228477, "f13": 1.576101851061285, "f14": -0.9525495863050786, "f15": 1.8526561726931847, "f16": 0.14090852798934117, "f17": 1.2671186827344103, "f18": -0.42609279113478493, "f19": -0.089202590992838, "f2": 1.8086681157449744, "f20": 1.315795781827493, "f21": -0.7349538703136509, "f22": -1.1067567217658516, "f23": 0.10773674608782535, "f24": -1.5063413748989396, "f25": -0.6814971908289449, "f26": -1.467812083136341, "f27": -0.3414048345816916, "f28": -2.9441099778553026, "f29": 2.638594736471383, "f3": -1.3635983732369594, "f30": 2.07057126517579, "f31": 0.31147628846079645, "f32": -2.8796529252995122, "f33": 1.2619378652604407, "f34": 1.916968683569074, "f35": 2.761747783458075, "f36": 1.0598981581741649, "f37": 2.044492128684814, "f38": 0.818179497197483, "f39": 1.7007934493983132, "f4": -2.965110050776104, "f40": 1.7366299584582343, "f41": -2.722489833315607, "f42": -2.4873342725681518, "f43": 2.533141376264905, "f44": 2.1330894944914123, "f45": 0.6248661298758704, "f46": 0.38620842065838357, "f47": 2.6088561049273267, "f48": -0.9927568045044115, "f49": 1.6763958054661385, "f5": 1.5506622250804432, "f50": 0.6084382948796163, "f51": -0.7794833187365895, "f52": -0.41868219115485417, "f53": -0.987965385136218, "f54": 0.711063541371963, "f55": -1.9858957119542466, "f6": 2.4417759393938, "f7": -2.8208648399861187, "f8": 1.0130749695095504, "f9": 1.340730472827521}, "datetime": {"datetime": "2023-01-23 15:55:39", "elapsed": 0.0, "delta": 0.0}}
{"target": 0.13443532997432447, "params": {"f0": -1.5260003304366019, "f1": 2.912390072853773, "f10": 1.5916314674181056, "f11": -0.9576641316038765, "f12": -2.8409412890344585, "f13": -2.149094288972505, "f14": -1.6844034838542568, "f15": -2.393611081500985, "f16": -0.981219670475598, "f17": 1.3522819024713577, "f18": -1.7410489902159754, "f19": 0.08450350329470568, "f2": -1.8235858220540604, "f20": 2.2289218844203855, "f21": -0.14051958878322157, "f22": -2.5795745295132235, "f23": -2.059611965909888, "f24": -2.918565973406963, "f25": 2.5327941672803185, "f26": 2.656215042006661, "f27": -2.9779402408040596, "f28": 1.209787625858473, "f29": 1.0634337506022522, "f3": 1.2794294741772045, "f30": -1.0548441588161195, "f31": 2.404584468270782, "f32": 0.5811119789028387, "f33": 1.866201810872508, "f34": -2.4602951260082175, "f35": -0.2601687791677665, "f36": -0.9283009157726285, "f37": -1.2487656513757435, "f38": 1.7015607820371947, "f39": -1.2212720493685127, "f4": 1.2881020803742977, "f40": -2.379255448463846, "f41": -1.4446598675692714, "f42": 1.723403286325416, "f43": 0.8603885054388583, "f44": 2.1745599773116844, "f45": 1.7167771948711144, "f46": 2.3693539537323502, "f47": -0.5358643035014632, "f48": -1.6688588082490419, "f49": 2.052580986669036, "f5": -1.6411258625293093, "f50": 2.748467995027104, "f51": 0.9598182040682071, "f52": 2.360150596215341, "f53": -2.3181964521405796, "f54": 1.1398822926653303, "f55": -2.344846197095015, "f6": 2.0122030640972106, "f7": 0.873360278366687, "f8": 2.0988936619719842, "f9": 0.08235048964033176}, "datetime": {"datetime": "2023-01-23 15:56:25", "elapsed": 46.260671, "delta": 46.260671}}
{"target": 0.3212350558709292, "params": {"f0": -0.9266375082467544, "f1": 2.9557015409923837, "f10": -1.2798029597072103, "f11": -2.7070023327819817, "f12": -2.0611286198322176, "f13": -0.7213963446879301, "f14": 2.070328162875909, "f15": -1.8600330533060638, "f16": -0.9468742191368822, "f17": 2.3985433000350875, "f18": -1.3052922985413593, "f19": 2.686745530178775, "f2": -0.16563617047807888, "f20": -0.5102880795829439, "f21": 2.5961554745935738, "f22": -0.6232520849325036, "f23": 0.5106467557575209, "f24": -2.477367931548975, "f25": 0.7374567313991305, "f26": 0.8147145444115482, "f27": -1.539490833678677, "f28": -2.9140052405946326, "f29": 2.456398572611973, "f3": 0.3740559983681342, "f30": -0.890842754303284, "f31": 0.7332872793980547, "f32": -2.688904965094313, "f33": -2.851291786238619, "f34": 0.26251290686696693, "f35": -0.109198792989873, "f36": -2.3747359810101774, "f37": 2.8921761182736407, "f38": 2.580585831531982, "f39": -2.880939331337338, "f4": 2.464748997695615, "f40": -0.7847074741727802, "f41": -0.5596800737752714, "f42": 1.9186382611283381, "f43": -0.16996332690373706, "f44": -1.1470220966029776, "f45": 1.6804096357695117, "f46": 1.0309832960703318, "f47": -1.1683199487954934, "f48": -1.0328460177406396, "f49": 0.8568062016013114, "f5": -2.1576802059467024, "f50": 0.43933506278430157, "f51": -1.872189870302614, "f52": -2.5962553146007608, "f53": -1.473991695401422, "f54": 2.7904978637727664, "f55": -2.3949118146227732, "f6": -1.599749435313204, "f7": -1.7389967542092482, "f8": 0.4036203510962717, "f9": -1.6345908978985872}, "datetime": {"datetime": "2023-01-23 15:56:43", "elapsed": 64.517547, "delta": 18.256876}}
{"target": 0.333663839077677, "params": {"f0": 2.3394553937010087, "f1": -1.2565293454058215, "f10": 2.867069381835699, "f11": 0.36543569122858344, "f12": 2.31234293514523, "f13": -2.0071507011267524, "f14": -1.3257779863407864, "f15": 0.3574311940470061, "f16": 2.908467021643803, "f17": -2.7308835412404227, "f18": -2.6651648222399973, "f19": -0.9312973703562566, "f2": 0.6161760512424994, "f20": 0.3217673792502218, "f21": 1.62875906561516, "f22": 1.54960762983829, "f23": 1.2584818701957179, "f24": -0.9574114844235408, "f25": 0.42069957119393386, "f26": 0.7961627579109818, "f27": 0.1780068987053598, "f28": 2.053325268022272, "f29": -2.9513247923933577, "f3": 2.5446763112737907, "f30": -1.9868678967207274, "f31": 2.4302487741061976, "f32": -1.3955335194370442, "f33": 1.677570525644378, "f34": 2.2300806301137213, "f35": 2.428562953529614, "f36": -2.965469992219931, "f37": -1.318859312719633, "f38": -1.4202938495207709, "f39": -0.7920934844745533, "f4": 1.7775918499566092, "f40": -2.065245236868112, "f41": -1.4127316618734846, "f42": -1.958253564502487, "f43": 0.7785251026191569, "f44": 2.131177281913013, "f45": -0.6776433824350923, "f46": -0.6739803920053777, "f47": 2.4465622764072528, "f48": 1.694435302082752, "f49": -1.1814017888114228, "f5": -2.3659995944252934, "f50": -1.606009972386447, "f51": 2.6767566011276225, "f52": -1.5271134251836538, "f53": -0.48968490741017234, "f54": 1.5873215908098075, "f55": 1.5793146211484723, "f6": -0.8873659219013699, "f7": 0.25685082190001296, "f8": -1.1633659646982748, "f9": 0.6337823156174993}, "datetime": {"datetime": "2023-01-23 15:58:09", "elapsed": 149.966778, "delta": 85.449231}}
{"target": 0.5549280021514607, "params": {"f0": 1.518150371561351, "f1": 1.4079446305598697, "f10": -2.1222077115933446, "f11": -0.5525860868987849, "f12": -0.0027686551261765224, "f13": 0.799007730405414, "f14": 2.633667419720931, "f15": 2.476767437761323, "f16": -2.157413126225618, "f17": 1.6562789747065274, "f18": 0.5426170619670314, "f19": 2.8729029841629643, "f2": 1.0001181464583304, "f20": -0.25590350376191573, "f21": -1.9472467877185595, "f22": -0.3702644313799013, "f23": -0.1238311501618039, "f24": -0.3181989816077744, "f25": 2.9399070380129526, "f26": 2.244902528843409, "f27": -0.4107110203086206, "f28": 0.7376712393195608, "f29": 1.9885313427745714, "f3": 2.0970245415200237, "f30": 2.5201119707547104, "f31": -1.406459222782106, "f32": 2.9816645077564488, "f33": -2.1923574124256504, "f34": 1.7967976736483564, "f35": 2.361447364742535, "f36": -2.6016521793725573, "f37": 0.6215161702548677, "f38": -1.6721828213599779, "f39": -2.248373422904269, "f4": -0.6561898921007057, "f40": 1.8299953494842027, "f41": 2.9244557077834896, "f42": 0.1901460406108555, "f43": -0.9145758279467109, "f44": 2.537736768328376, "f45": -2.281349960932915, "f46": -1.1920780515262408, "f47": -1.1404993899327822, "f48": -2.61390154136547, "f49": 2.889481629192402, "f5": -0.07862969947366771, "f50": -2.567252307091603, "f51": 2.9944832257574374, "f52": -2.7826563716687236, "f53": -2.944581326346123, "f54": 2.7411024108335393, "f55": 1.1075750780032632, "f6": -1.6160191811195759, "f7": 0.9369411502663061, "f8": 1.4985040240516145, "f9": 1.2228906105090296}, "datetime": {"datetime": "2023-01-23 15:59:08", "elapsed": 208.829163, "delta": 58.862385}}
{"target": 0.2258849627508454, "params": {"f0": 0.8081153434482995, "f1": 2.382064421678737, "f10": 2.397382863288822, "f11": -1.7782891704074446, "f12": -2.178411201836078, "f13": -1.4476363961164498, "f14": 2.1933984505097843, "f15": -0.7456033926081034, "f16": -1.7594368688182092, "f17": -1.406462269733619, "f18": 1.8314008243397248, "f19": -1.5209309916629776, "f2": 2.3860515076250515, "f20": -0.004277994556600717, "f21": 0.02498902029092065, "f22": 2.9185776806068597, "f23": 0.09362181629846145, "f24": 1.797787621560432, "f25": 1.3039311685041053, "f26": 1.5282337833662272, "f27": 0.3347257447399836, "f28": -1.4024963926797156, "f29": 2.186576051316057, "f3": -1.516600878527453, "f30": -1.306182903653738, "f31": -2.7678385030403536, "f32": 2.7215413854796378, "f33": -2.663474038079968, "f34": 0.3391675386239821, "f35": -2.2193592498317742, "f36": -1.5674791542768163, "f37": 1.7736101657488224, "f38": -0.6906230497936328, "f39": -1.2919561990083872, "f4": -1.4345908939769316, "f40": -1.0747750016655504, "f41": -0.4110085502889089, "f42": 2.2862822060844943, "f43": -2.741258523035293, "f44": 0.44160367668608913, "f45": 2.184884212942899, "f46": 1.9265952646347335, "f47": 0.17773286300784719, "f48": 2.4727325314477433, "f49": 2.493533467607193, "f5": -0.6857781628174715, "f50": 0.5375250269738912, "f51": 1.0647807629553165, "f52": -2.342323102929452, "f53": 0.7065200862994381, "f54": -1.8347225596632566, "f55": -0.3819839624482322, "f6": -0.7396202707143456, "f7": 2.8365804364769236, "f8": -2.908932725939144, "f9": -1.9493691358465108}, "datetime": {"datetime": "2023-01-23 15:59:35", "elapsed": 236.19211, "delta": 27.362947}}
{"target": 0.8501523818349674, "params": {"f0": 1.0228147203642326, "f1": -0.9360061231522598, "f10": 0.8405144571635583, "f11": 2.0062754407994667, "f12": -0.15097289645323508, "f13": -2.388939435979176, "f14": -0.532783754910021, "f15": 0.15546646361099103, "f16": 0.1998775312023522, "f17": -0.7378066854897058, "f18": -1.470156028246433, "f19": -2.3787352714244476, "f2": -2.6359697025115283, "f20": -2.5453188200887435, "f21": -0.6635920838916443, "f22": 2.5792595848629087, "f23": 1.3964155634879534, "f24": 1.8280971245027047, "f25": 1.2677265799635666, "f26": -0.3048157733395822, "f27": 2.313485787868303, "f28": 2.767329588454709, "f29": 0.15844959553204063, "f3": -2.507562325868316, "f30": 0.6950442846814133, "f31": 0.5876907718203883, "f32": -1.9448312360803106, "f33": -2.5633478055799395, "f34": -2.3452486469343783, "f35": -1.1561948259374815, "f36": 0.2088199487266138, "f37": -1.8700661406813444, "f38": 1.5195092370062468, "f39": 0.7714432310705837, "f4": 1.112990476420297, "f40": 0.21671652474090175, "f41": -2.660982928250008, "f42": -1.503769062860438, "f43": 2.4255806117203695, "f44": 0.6678618642293532, "f45": -2.6581745450307688, "f46": -2.2084839501553573, "f47": -2.0957092009614118, "f48": 2.729736985333984, "f49": 0.7079585737534089, "f5": -1.7873765016124978, "f50": -0.8923359588673807, "f51": 1.5116892212456872, "f52": -2.7544349326469773, "f53": -2.6998254072793966, "f54": 1.2534505997331031, "f55": -1.7153121514664953, "f6": -1.2148034182282585, "f7": 0.42316064609844073, "f8": -1.5168575970611287, "f9": 1.3003475932928943}, "datetime": {"datetime": "2023-01-23 16:00:26", "elapsed": 286.719088, "delta": 50.526978}}
{"target": 0.08605192208599743, "params": {"f0": -1.1960020474817337, "f1": -0.6451257940380213, "f10": 2.3909238377215143, "f11": 0.01023313792519609, "f12": -1.9125219141233265, "f13": -0.9652186932065416, "f14": -0.6821179491669858, "f15": -2.1825920600605455, "f16": -0.7413338687608606, "f17": 1.7882626823739871, "f18": -0.551382119075817, "f19": 0.9479796390927966, "f2": -1.0246168620693825, "f20": -1.4539676955749148, "f21": -2.2830684852891103, "f22": 1.5851719752264062, "f23": 0.8627852954268374, "f24": 1.0000539536332322, "f25": -2.2947466410812596, "f26": 0.007512413115906114, "f27": 0.6256592796076115, "f28": -0.7717343667794005, "f29": 1.0709726484953297, "f3": -0.38250219976979416, "f30": 1.723448016008252, "f31": 1.157195533366905, "f32": -2.8310958026746444, "f33": 0.6063445006812476, "f34": 1.9256525903453419, "f35": 0.15691278638177586, "f36": 1.8595679324381384, "f37": -0.677003680577704, "f38": -1.1625378991251054, "f39": 2.826290975137865, "f4": 2.7441834707435326, "f40": -1.13396804977487, "f41": 2.6806119602427065, "f42": 1.3520758272361402, "f43": 2.4555365790307766, "f44": 0.5942162998656624, "f45": -2.763196742026342, "f46": 1.2644624139168439, "f47": -1.1766751728754894, "f48": -2.8661002687032813, "f49": -1.8145929772768803, "f5": -0.13372669129704517, "f50": 1.3838793073692557, "f51": -1.6159528261471845, "f52": 0.882016667136178, "f53": -2.817883892745853, "f54": 2.5782424152523724, "f55": -1.2782958199617909, "f6": -1.5500205723376126, "f7": 2.2617198979889306, "f8": -0.05935542399245719, "f9": -1.5814742406722615}, "datetime": {"datetime": "2023-01-23 16:00:52", "elapsed": 312.663589, "delta": 25.944501}}
{"target": 0.3094061938042172, "params": {"f0": 1.3588231066809202, "f1": -1.1189008213100267, "f10": -1.2332916693754932, "f11": -2.4347509609451468, "f12": 1.688251530431761, "f13": 0.05266389976921948, "f14": -1.3623776612244698, "f15": -2.3024428348344137, "f16": -0.5107672080149772, "f17": -1.720823709484849, "f18": -0.5023717803657566, "f19": 0.9955942674514286, "f2": 0.7245222561160718, "f20": 1.5217834733312774, "f21": -2.431962582548854, "f22": 1.3618466529894997, "f23": -0.3721556849619412, "f24": -1.643966018354105, "f25": -0.6056640761538601, "f26": 0.2590987102171969, "f27": 0.7075965146345569, "f28": 1.994884841715968, "f29": 1.4596002624078324, "f3": -0.7602025136133856, "f30": 0.6052858914720609, "f31": 1.8814639818027867, "f32": 2.352856709554037, "f33": 2.659047659205134, "f34": 1.514659641663104, "f35": 2.378216984407481, "f36": -0.8180126116919721, "f37": -0.1648137120685358, "f38": -0.34029166044045045, "f39": 0.8854642663252115, "f4": -0.47423201718262886, "f40": 2.3547822250528307, "f41": -2.4793499201059426, "f42": 1.4320644108240588, "f43": 1.137950459947005, "f44": 0.5508026115284741, "f45": -2.388842305969764, "f46": 1.8605898707568445, "f47": -2.2719198796183955, "f48": -2.6165869568316515, "f49": 2.0698494664742633, "f5": 2.539389214862469, "f50": 1.8323136283312351, "f51": -0.4298231426850876, "f52": -2.104009195871527, "f53": -0.6215057395660564, "f54": 0.6733922637031373, "f55": -2.585262380308527, "f6": -0.35017109460841134, "f7": -1.2650749950876086, "f8": -1.993762206168695, "f9": 2.1156732899654465}, "datetime": {"datetime": "2023-01-23 16:02:24", "elapsed": 404.793231, "delta": 92.129642}}
{"target": 0.1240653665100611, "params": {"f0": 1.160658945249052, "f1": -0.5143114798987831, "f10": -0.735125846818466, "f11": 0.5206904090851534, "f12": 0.9107275598364906, "f13": -2.35458308030618, "f14": -1.0099054476755354, "f15": 2.69170924834709, "f16": -2.178972458042021, "f17": -2.090915874534733, "f18": -0.8231111082065872, "f19": 0.08040851946725214, "f2": 0.9462619273378099, "f20": 1.9616737389510392, "f21": -1.2195458843466325, "f22": -2.354220242627659, "f23": 1.3062397807926907, "f24": -1.3950155261146189, "f25": 1.9850966485000665, "f26": 0.4208383225711061, "f27": 0.6439345041074942, "f28": -0.4815621813968418, "f29": -2.0651076356147855, "f3": 1.3846510049928948, "f30": 2.854853257371051, "f31": -0.15689929014709048, "f32": 0.16205254130471847, "f33": -2.396900904212538, "f34": 0.19245351080201356, "f35": -0.09872166843389962, "f36": -0.30018670330958397, "f37": 0.5400785718850569, "f38": -0.24032111232170505, "f39": 0.09368562342695297, "f4": 1.0349457886708464, "f40": -1.4875374616608168, "f41": 0.9584461576611596, "f42": 0.6450943755319125, "f43": 2.2742214365161324, "f44": -1.0664956194772066, "f45": 1.146607498883796, "f46": 1.3353884544946997, "f47": 2.564953661393468, "f48": 0.3542583207189107, "f49": -1.6414131213793548, "f5": 0.033981925901559684, "f50": -1.52212355266988, "f51": 0.13255938142454848, "f52": -1.8869486251154095, "f53": 2.553795233448607, "f54": -1.8665759154217125, "f55": -2.8096467198774677, "f6": -1.3985662309305664, "f7": 0.664639626057884, "f8": 0.332900546955182, "f9": -1.8911365584956117}, "datetime": {"datetime": "2023-01-23 16:03:50", "elapsed": 491.538221, "delta": 86.74499}}
{"target": 0.05297579886418807, "params": {"f0": 1.7783561317398648, "f1": 1.933512645771363, "f10": -2.6802063410647508, "f11": 1.7248306219478318, "f12": -0.796356354337135, "f13": 2.714609521117209, "f14": 1.9828443964354978, "f15": -2.5788200471903475, "f16": -2.47674662378778, "f17": -2.736829297312265, "f18": 0.47932551155751124, "f19": 1.531596494658527, "f2": 0.6475269805465769, "f20": -1.2474244759537523, "f21": 1.7794399978463948, "f22": 0.3231009877586617, "f23": -2.03350510316665, "f24": 2.6596536667292723, "f25": -1.4024542326172191, "f26": 1.770377126568115, "f27": 0.4627434406604478, "f28": -0.7491068606668554, "f29": 1.0829728257190174, "f3": -0.5819045706546553, "f30": -0.27179269652220883, "f31": -0.36967391118990234, "f32": -2.460794936313996, "f33": 0.1630920288957114, "f34": -2.961433710066457, "f35": 0.7819497620531406, "f36": 0.687548312651511, "f37": 2.5439123673682964, "f38": -1.231784421216014, "f39": -2.1520857794287296, "f4": 0.802813268847288, "f40": 0.189389465015239, "f41": 2.4420286562728135, "f42": -1.8356035626977731, "f43": 0.46489868094504283, "f44": -0.7156321164029209, "f45": 2.6627482249390635, "f46": 2.804528941007133, "f47": 1.7873934372943303, "f48": 0.54337234771147, "f49": 1.591601200795794, "f5": -2.7044435861236424, "f50": -2.554256833226967, "f51": -0.8447017811765751, "f52": 0.7661174617657309, "f53": 2.3130301494909125, "f54": 0.9604806960540735, "f55": -0.7045509335176279, "f6": 1.0417961567408893, "f7": 0.31958495398199194, "f8": 2.2323345862226898, "f9": -1.4922176830741924}, "datetime": {"datetime": "2023-01-23 16:04:15", "elapsed": 516.396709, "delta": 24.858488}}
{"target": 0.056295716506332236, "params": {"f0": -1.6089848803746296, "f1": -2.9099317159012497, "f10": -1.685297526103364, "f11": -0.7206706177774782, "f12": 0.05383217574031107, "f13": -0.2668140222915678, "f14": 1.162078667437953, "f15": 0.48532765946781176, "f16": -2.4519390374290557, "f17": -2.035760601381355, "f18": 1.0681267332520257, "f19": -1.9363778324924397, "f2": 0.45076527149122647, "f20": -1.5030666009833187, "f21": 0.19040747491672594, "f22": -0.8708810560315925, "f23": 1.5100226088785158, "f24": -1.6224165798014076, "f25": 1.735759882937824, "f26": 1.0043540470999393, "f27": 2.060622040028009, "f28": 2.7120749463986877, "f29": -2.5840999842860475, "f3": -0.3779475153842311, "f30": 1.9907319377926314, "f31": 1.3136869085738834, "f32": 0.840620100137643, "f33": 1.4845585582778256, "f34": -2.677573357586706, "f35": -2.727677201332712, "f36": 2.356867463833357, "f37": 1.677003912226228, "f38": -2.765023147815328, "f39": 2.34087475914197, "f4": -2.73370711481142, "f40": -0.3460538743673385, "f41": -0.973967957444863, "f42": -1.6449663936841246, "f43": -0.00306192327482524, "f44": -0.8152378122315875, "f45": -1.8272137891041098, "f46": 0.30558378578618317, "f47": 2.22608694682875, "f48": -1.7009721025231812, "f49": -2.1507031495199023, "f5": 0.8272019670180306, "f50": 2.5320435439723443, "f51": 0.9434668168454738, "f52": -2.9564840601566464, "f53": -0.8768294086712851, "f54": -2.3921228809609847, "f55": 0.2886240026244522, "f6": 1.431913387662159, "f7": 2.508242982392386, "f8": -1.958164214344434, "f9": -0.22930583844817676}, "datetime": {"datetime": "2023-01-23 16:05:12", "elapsed": 572.599939, "delta": 56.20323}}
{"target": 0.22078503844106143, "params": {"f0": 0.8422384743194282, "f1": -0.13229091112283964, "f10": 0.21043439988092727, "f11": 2.5611201042416667, "f12": -1.7917575009319857, "f13": 2.9499462120573234, "f14": 1.1440604794065825, "f15": 0.7375152631442479, "f16": -0.19814269805311202, "f17": -0.4038116710551307, "f18": -1.1138501196451254, "f19": -1.7807372457872634, "f2": 0.38780964793675476, "f20": 1.831264223198069, "f21": -1.9572459478982105, "f22": 2.227249052851265, "f23": 0.5411938075545386, "f24": 0.4271418609903712, "f25": -1.9456288802370567, "f26": 0.04788896054761249, "f27": 0.3396166482531795, "f28": -1.3313367870332442, "f29": -0.9106108214791258, "f3": -2.1154122351854774, "f30": -1.8259463870638961, "f31": 1.6119726873663138, "f32": 2.3840399853670746, "f33": 2.6698370451145577, "f34": -0.5495519962444422, "f35": 0.13122381521249826, "f36": -2.3245083518426384, "f37": -1.5383668733023848, "f38": -1.972563359076544, "f39": -2.7377666204214064, "f4": -1.8965837094657187, "f40": 0.1992632517141315, "f41": 1.6364099118879416, "f42": 1.6549276777198303, "f43": 2.8052466467300485, "f44": -0.2561309692000555, "f45": -2.315776833028738, "f46": -1.1559092934570592, "f47": 1.7595059113556264, "f48": 1.2810544397112267, "f49": -2.125382973331064, "f5": -0.5501676020933699, "f50": -2.9742168159413964, "f51": 1.8532742721147892, "f52": -0.4831112047581536, "f53": 0.30129615971406665, "f54": 1.4234310789822864, "f55": 0.4561261907160725, "f6": 2.61238124553598, "f7": 2.6705987191511538, "f8": -0.4980490233278392, "f9": -2.154537295521958}, "datetime": {"datetime": "2023-01-23 16:05:27", "elapsed": 588.436842, "delta": 15.836903}}
