{"target": 0.2682960825663328, "params": {"f0": 1.7231550468065313, "f1": -2.867548554358926, "f10": 2.168085796261157, "f11": -2.161545609137854, "f12": 0.6149534244983061, "f13": 1.9281176860924178, "f14": 0.150994011276274, "f15": 2.703547065422441, "f16": 0.29464071049258145, "f17": -2.7897560968807573, "f18": -1.4311223597676703, "f19": -1.7795374299630335, "f2": -0.12159610857630598, "f20": 1.5376281629110071, "f21": -0.4242589877233476, "f22": -0.02414923974731842, "f23": -2.802147914915334, "f24": -0.13565837970282946, "f25": -1.8420694709174017, "f26": 0.6673402698477875, "f27": -0.026712124404021154, "f28": 2.6908654287059335, "f29": 0.8300122555417713, "f3": 2.256227980776764, "f30": -2.232174775291496, "f31": 1.568328145596154, "f32": 0.6430554641510788, "f33": 1.0653050234411827, "f34": 0.2823776614024416, "f35": 2.1425657161551035, "f36": -2.469076787431292, "f37": 0.11237934243219527, "f38": 1.9714583911875367, "f39": -1.1265740869330423, "f4": 2.9723610969338603, "f40": 1.930454616562736, "f41": 2.3737167126006034, "f42": -1.1135248726555391, "f43": 0.3255601107362107, "f44": -0.989249811658734, "f45": 1.9732077284037572, "f46": 1.7961684650292762, "f47": -1.7621640589028433, "f48": -0.9409930709075169, "f49": -2.0157084366656184, "f5": 0.35832160058788887, "f50": 2.067992911832805, "f51": 1.03012459056111, "f52": -1.6679224140979378, "f53": 2.4533723047266296, "f54": -2.3474877296800196, "f55": 2.6533962748060373, "f6": 1.4046778714796124, "f7": 1.6655824171188574, "f8": -1.1477912133177237, "f9": -2.587639470630572}, "datetime": {"datetime": "2023-01-23 16:06:42", "elapsed": 663.119263, "delta": 74.682421}}
{"target": 0.20821563697664286, "params": {"f0": -0.4136014436076021, "f1": 0.694634916073769, "f10": -1.4246810208247123, "f11": 2.2735888749790707, "f12": 1.9169693582057556, "f13": -1.5049880069738133, "f14": -0.028180626083843308, "f15": 0.7343556520248788, "f16": 0.25796084869818037, "f17": 1.556847919547435, "f18": 2.438070804046985, "f19": 0.9748625204446952, "f2": 2.5144382429982963, "f20": -0.7839553512856745, "f21": 1.1852721963367046, "f22": -1.5766042452666078, "f23": -2.7302082819275117, "f24": -1.927704930166863, "f25": 2.2187556725820308, "f26": 2.26790299101212, "f27": -1.0437158025368827, "f28": -0.37614908916355194, "f29": -2.450373027839462, "f3": -2.045388669065293, "f30": -1.9520487759776044, "f31": 0.6524201296033727, "f32": -2.667813395709176, "f33": -1.2607489433419456, "f34": 0.17179548621079288, "f35": -0.48361066919606666, "f36": -1.422783632793944, "f37": -0.5263388455617526, "f38": -1.6420272774683191, "f39": -0.1645691632931765, "f4": 1.8086606708813902, "f40": -1.9980942520724372, "f41": 0.9622210925920283, "f42": 2.2737914106874566, "f43": -0.6034479512453239, "f44": -1.4782563363116155, "f45": 0.08309586016788639, "f46": 2.3113403293659918, "f47": 1.0836061362195428, "f48": 1.4219296440333213, "f49": -2.5440531149438277, "f5": 0.3925975618399331, "f50": 2.0539463309423613, "f51": 0.31987317026020756, "f52": 0.02822005001767236, "f53": 1.1768396798997642, "f54": -2.307017482942788, "f55": 1.142185149109837, "f6": 2.3607400739575652, "f7": -0.5351747950821428, "f8": -2.6405218141031614, "f9": 2.36685159599869}, "datetime": {"datetime": "2023-01-23 16:07:39", "elapsed": 720.330298, "delta": 57.211035}}
{"target": 0.10945242704742109, "params": {"f0": 1.4965595066201907, "f1": 2.702631842174438, "f10": -1.2914564068801644, "f11": -2.8622425513977845, "f12": 0.1110482642855688, "f13": 0.02936587173272276, "f14": 1.4314775146143166, "f15": 2.0071689443022285, "f16": -0.2565657581291685, "f17": 1.670156126375943, "f18": 0.42824014655221143, "f19": 0.1634528303134708, "f2": -2.484181481219415, "f20": 2.4709093357783125, "f21": 0.3542923039667274, "f22": -1.7804985441331267, "f23": -0.2797919915325169, "f24": 0.4048444565771385, "f25": -0.05549795880369235, "f26": -2.441141674552932, "f27": -2.1706604275085555, "f28": 2.672775095550202, "f29": -1.3253496222663839, "f3": -0.8136668972018306, "f30": 2.3536379570534134, "f31": 1.479170388974838, "f32": 0.7000267907960103, "f33": -2.9985759707105206, "f34": -1.9528125510554903, "f35": -0.38869682678158046, "f36": -0.13857146961605782, "f37": 1.821180522013158, "f38": -1.8896908262995344, "f39": -0.50898040363837, "f4": 2.9331841551372344, "f40": 0.44215468757738474, "f41": -1.6786055395840525, "f42": -2.225536895894167, "f43": -2.5170753435975, "f44": 0.3629397713772775, "f45": -0.06440946650425605, "f46": 0.05249266177702561, "f47": -0.45488552849466046, "f48": 2.932880623422907, "f49": -1.7638951767731943, "f5": 0.04452132256181773, "f50": 0.023147127830418945, "f51": -1.2361964836819817, "f52": -2.110961813056993, "f53": 1.7789950373210992, "f54": 0.6192821435682143, "f55": 1.2405699794006608, "f6": -1.8940942441553983, "f7": -2.003080756367443, "f8": -2.959142662869623, "f9": 1.8755701589437983}, "datetime": {"datetime": "2023-01-23 16:09:21", "elapsed": 821.755071, "delta": 101.424773}}
{"target": 0.2134988477706748, "params": {"f0": 2.58697414501803, "f1": 2.4366575090085405, "f10": 0.9149806478231435, "f11": 1.4102138194689582, "f12": -2.6142008666149135, "f13": 0.6544635948049486, "f14": -2.45123895177092, "f15": 0.5180963083104517, "f16": 2.0184205791209973, "f17": 2.043193396301226, "f18": 0.45398006206135744, "f19": 0.3345205638739541, "f2": -2.6387659506547028, "f20": 0.8190100907881899, "f21": 2.4412071424662534, "f22": 0.1946546065565835, "f23": 1.3165036099359257, "f24": 0.382176501180691, "f25": 0.8942537623989968, "f26": -2.879839190602115, "f27": -2.5628859117929985, "f28": -2.3797118207034895, "f29": -2.2937744385626444, "f3": 1.0220418994061786, "f30": 1.77583594966669, "f31": -2.9788575628976544, "f32": 2.8307860132695772, "f33": -1.7763182796745622, "f34": -0.5276175627943918, "f35": -2.685526073607808, "f36": 0.9438713874447848, "f37": -1.4535561348100254, "f38": -2.9123968933622946, "f39": -0.6752025981972243, "f4": -1.715618776291689, "f40": -0.132830530423643, "f41": 0.17147963379693998, "f42": -1.8890751709076117, "f43": -0.5834732891218346, "f44": -1.9520473198346762, "f45": -2.8688909286920596, "f46": -0.8230920520955114, "f47": -1.7086826042429102, "f48": -2.674141093758463, "f49": -0.9301133040704008, "f5": 0.661342633799276, "f50": -1.8588949976460554, "f51": 1.5048966216607615, "f52": -0.33507858341772856, "f53": -0.09934626167093841, "f54": -1.6157338299064494, "f55": 2.3128379736779223, "f6": 1.4890349292713898, "f7": 2.65742362535783, "f8": 0.4220166934604914, "f9": -1.774157115269096}, "datetime": {"datetime": "2023-01-23 16:09:55", "elapsed": 856.510454, "delta": 34.755383}}
{"target": 0.2412536596470952, "params": {"f0": -1.4004467140331314, "f1": 0.9366066218590481, "f10": 0.4174530641100338, "f11": -2.1726747918161493, "f12": 1.336265212705582, "f13": 0.4009907141855926, "f14": -0.022998573250418097, "f15": 1.276710103002742, "f16": 0.20708233178338276, "f17": -2.870886646950628, "f18": -0.0895703854034231, "f19": 1.6572824757880857, "f2": 1.9022694228628936, "f20": 1.789631077109334, "f21": 2.2818687643082445, "f22": 2.6938888673525767, "f23": -0.10887567020992694, "f24": -1.5923992203910484, "f25": 2.667317026344543, "f26": -1.667875429494795, "f27": -2.4597551652804825, "f28": -0.869678988957928, "f29": 0.22406544899423242, "f3": -1.0443775738155947, "f30": 2.975880323679858, "f31": 0.789836672782144, "f32": -1.1530793687495389, "f33": 2.7123702336375786, "f34": 1.0200306933393115, "f35": 2.247785435033091, "f36": 0.33343917149939895, "f37": -1.3086488782212669, "f38": 2.4679524391148604, "f39": 0.9991531752366218, "f4": -2.078899746829485, "f40": 1.5639243463339483, "f41": -0.9218422420724952, "f42": -0.9288645530929678, "f43": 2.4831624734748603, "f44": -1.268921150944871, "f45": 2.820386003169274, "f46": 2.054841867362324, "f47": -2.1524474321952543, "f48": -0.4886007721378265, "f49": 1.352151478418345, "f5": 0.6907775992367915, "f50": 1.1440463790359567, "f51": -1.5391190171198512, "f52": -1.2568908118358473, "f53": 0.01034143246617747, "f54": 1.758171779631894, "f55": 1.293229460994569, "f6": -0.36031050538295917, "f7": 0.4524609425064474, "f8": -1.9065649180800874, "f9": 0.18318159429267888}, "datetime": {"datetime": "2023-01-23 16:11:12", "elapsed": 932.679545, "delta": 76.169091}}
{"target": 0.4692125249207774, "params": {"f0": -1.2267974539479856, "f1": 2.1355990410603205, "f10": 1.317227568744622, "f11": -1.4146490326635928, "f12": -1.5932707781821955, "f13": 2.8612953202099467, "f14": 0.9881454837627892, "f15": 2.6615181750482293, "f16": 0.5129506953403036, "f17": -0.06504988165452552, "f18": -0.039357625987115785, "f19": -2.295098848097833, "f2": -0.6618031571518577, "f20": -2.187675423954485, "f21": -2.596857350958417, "f22": 1.045795490075066, "f23": 2.700305346586111, "f24": -2.356409823327965, "f25": 2.5636364198243644, "f26": 1.4598475115644671, "f27": -0.5005937213888849, "f28": 0.13177144086541404, "f29": -2.0485864562111393, "f3": 2.592708202316607, "f30": 1.6103754341053023, "f31": 2.880709981988863, "f32": -0.1585528472548221, "f33": 0.8475208485110461, "f34": -1.4258888912733603, "f35": -0.6319536976959963, "f36": 0.934267699622712, "f37": 0.4295654977844423, "f38": 0.21136930126278175, "f39": -0.9478815799357605, "f4": 0.6541789877354898, "f40": -1.7836999729610363, "f41": 2.8932860648883256, "f42": 0.8844842054663165, "f43": -1.8664687637125317, "f44": -2.9778123876584255, "f45": 2.4047433866720587, "f46": 0.32230104354852473, "f47": -0.7345807525216426, "f48": 0.07030226527496808, "f49": 2.890294603012788, "f5": -2.753340849554739, "f50": 2.3866217115589174, "f51": 0.4294872451103475, "f52": -1.3194342396349512, "f53": 0.882400998417646, "f54": 0.28751568859060095, "f55": 0.8910939941337439, "f6": -2.0937556556304555, "f7": 0.09577768211619464, "f8": -0.28866445501474125, "f9": -0.2893215950971042}, "datetime": {"datetime": "2023-01-23 16:12:10", "elapsed": 991.418013, "delta": 58.738468}}
{"target": 0.3986304260411198, "params": {"f0": 2.608024819096327, "f1": 0.5439153550729592, "f10": 0.36121983599716634, "f11": 2.5195368587744547, "f12": 2.642390316199263, "f13": -0.07120754759425107, "f14": -2.5560639916485055, "f15": -0.4254779837034346, "f16": 0.7352777696152755, "f17": 0.6825741757669705, "f18": 1.3582964777213693, "f19": -1.19064126337877, "f2": 1.5351855222945137, "f20": 2.5007966446890277, "f21": 0.6605846361534722, "f22": 1.9502748549904263, "f23": 0.25680036731427514, "f24": 0.9680450429265575, "f25": 1.654259348901494, "f26": 0.30637113781025693, "f27": 1.6711424386324119, "f28": 2.346397339114702, "f29": -0.9637419456119529, "f3": -1.070431304863592, "f30": -2.581328820746829, "f31": 0.5432908634391023, "f32": -0.733326958186602, "f33": 0.8146943894280003, "f34": 2.826666393376277, "f35": -0.42636139399138173, "f36": -1.7626658260660983, "f37": -1.9998672952592833, "f38": -0.3342255590897647, "f39": 2.9739781143921773, "f4": -1.7491176272834954, "f40": 2.376204554650914, "f41": 2.888163991863162, "f42": -0.3644426641098235, "f43": 1.0746657521276877, "f44": 0.2192704243115502, "f45": 1.811202337511217, "f46": -0.35667869297428023, "f47": 2.3346315788083434, "f48": -2.4039158663007116, "f49": 2.50700686307151, "f5": 2.629785820643102, "f50": -0.20647031783451242, "f51": -1.7640806566010037, "f52": 2.8074640382648273, "f53": -1.8865963178129055, "f54": 0.7993690687145629, "f55": -1.2570978502408474, "f6": -1.8246633936937966, "f7": -1.488441747826246, "f8": -0.09604602402579188, "f9": 2.6493735359628054}, "datetime": {"datetime": "2023-01-23 16:12:55", "elapsed": 1035.892236, "delta": 44.474223}}
{"target": 0.4715459148520303, "params": {"f0": 1.0246044088113537, "f1": 1.9153940023824045, "f10": -2.843737630293988, "f11": -2.875780400819531, "f12": -2.881055715088167, "f13": -2.257525735813677, "f14": -1.7533406597019054, "f15": 0.36905251479028145, "f16": 1.3935871874059131, "f17": 0.5086444633866787, "f18": -2.667634044433014, "f19": 0.6285765669324688, "f2": 2.597599098881057, "f20": -1.9417641231479807, "f21": -2.823983912318996, "f22": 1.9025747440333909, "f23": -1.1208080708019592, "f24": 1.3801280665460656, "f25": -0.7867794924883005, "f26": 2.46078357993529, "f27": 2.8856604547281783, "f28": 0.2622519265042782, "f29": -2.2234192552032788, "f3": 0.3830925600466495, "f30": -2.20192486414107, "f31": -1.1110858576702203, "f32": -1.157649603307675, "f33": -2.1253375155648264, "f34": 0.38933640170086825, "f35": 0.9457482750310198, "f36": -2.9147146799558064, "f37": -0.6334165087675765, "f38": -2.085031014562723, "f39": 2.6133503806668745, "f4": -0.040987156700129646, "f40": -0.29053744949247706, "f41": -2.1992280553585832, "f42": 1.8497206881584916, "f43": -0.5250875865222664, "f44": 2.6779227837623187, "f45": -0.007827184263195619, "f46": 1.5596304522299604, "f47": 2.6492036361781715, "f48": 2.151993154275062, "f49": -0.3487934241014443, "f5": 2.2371743233921535, "f50": -2.2846309106663907, "f51": 0.7451800040026031, "f52": 0.03371109992467414, "f53": -1.1273357256231642, "f54": 2.8539247700380646, "f55": 0.7351577123053676, "f6": 1.9012465869098332, "f7": 2.5602962053994522, "f8": 0.7859970154018181, "f9": -0.9771174866287606}, "datetime": {"datetime": "2023-01-23 16:13:51", "elapsed": 1091.734178, "delta": 55.841942}}
{"target": 0.09672483007534736, "params": {"f0": 2.727376295822598, "f1": -0.6484295161742777, "f10": -2.5072744336470487, "f11": 2.584048980377566, "f12": 0.13073803293466035, "f13": -1.3270297708703493, "f14": 0.7149634644494482, "f15": -1.4597241181168934, "f16": -0.3089833555886887, "f17": 1.909503181319752, "f18": 2.2874414745184417, "f19": -2.559935026561819, "f2": 0.6137325106143456, "f20": 1.0321156452402738, "f21": -2.732177048281345, "f22": -0.14411167125092295, "f23": -2.840350330731598, "f24": -0.7960709730093378, "f25": -1.9388536399582361, "f26": 2.1091255906691035, "f27": 2.738208225628296, "f28": -2.2199430453650297, "f29": 1.7397262449196162, "f3": 2.561138897209462, "f30": -1.8420184319070163, "f31": -1.0085641630855122, "f32": 0.44493507931594367, "f33": -1.4847410352132258, "f34": -1.3446784454428367, "f35": -1.9313536275108938, "f36": 2.9936644117686484, "f37": -2.070547984444402, "f38": 0.4637250527770411, "f39": 2.0137867381013397, "f4": 1.0938159412931139, "f40": -1.7109659358813483, "f41": -1.318298328894097, "f42": -1.260806081365884, "f43": -2.624721660796057, "f44": -2.4437090612304506, "f45": 1.3804983325117766, "f46": 0.06932303285468455, "f47": 0.2014576845534357, "f48": -0.32848797270936236, "f49": 0.4012790353791482, "f5": -1.7566278226972545, "f50": 0.7710807694823938, "f51": -0.3801122543372273, "f52": 0.303203729954737, "f53": -2.9630828447907787, "f54": -1.3097155589295364, "f55": 0.599662456920024, "f6": -0.06336739444954809, "f7": -1.7116111984593405, "f8": 1.0155713859230087, "f9": -1.8145339523618813}, "datetime": {"datetime": "2023-01-23 16:14:16", "elapsed": 1117.069557, "delta": 25.335379}}
{"target": 0.3055478307286156, "params": {"f0": -0.7128311244882886, "f1": -0.23387184283961737, "f10": 1.7976240599501638, "f11": -1.9813049571562458, "f12": -2.0606955775016305, "f13": -1.7868022945583937, "f14": 2.01103706035659, "f15": -0.13840319156876024, "f16": 0.4495034589815372, "f17": -2.7579693455848506, "f18": 0.2118014167916633, "f19": 2.1700250581844784, "f2": -1.872570418320122, "f20": 0.8816861497923787, "f21": -0.1740271745839408, "f22": -1.2458723572140171, "f23": -1.618988201714597, "f24": -0.7682100264301561, "f25": 2.118951401509163, "f26": -0.6810544211102072, "f27": -2.456473276227038, "f28": 0.13710193388522418, "f29": -0.35195296335263393, "f3": -1.447863619188621, "f30": 0.3660660767519248, "f31": -0.5512640757921301, "f32": -0.5719827882591808, "f33": -2.848003338068599, "f34": 0.2095435718445664, "f35": -0.43145932511399643, "f36": 1.7939634361624233, "f37": -0.637779851707005, "f38": -2.041622171332858, "f39": -2.810037325581364, "f4": 1.4404310808022522, "f40": 2.4768477968211418, "f41": 2.0189433370412555, "f42": 1.2989697139231549, "f43": 2.435168378441751, "f44": -2.0491629808701415, "f45": -1.6419314331818518, "f46": -2.714990468723189, "f47": -0.4052730074467661, "f48": 0.4154772526659487, "f49": 0.6238002046415021, "f5": -1.792986054644853, "f50": 0.8777134678090048, "f51": 2.7029591634125794, "f52": -2.4727595226636057, "f53": 0.7036002993117645, "f54": 0.5043432558495473, "f55": 1.9316984822510612, "f6": -0.29889172492433946, "f7": -1.527728307642866, "f8": 0.8836774127970335, "f9": -0.4661769785214007}, "datetime": {"datetime": "2023-01-23 16:15:26", "elapsed": 1186.987294, "delta": 69.917737}}
{"target": 0.3030716823612058, "params": {"f0": -1.9538983101886305, "f1": -0.10858237398868287, "f10": 0.33847129722811164, "f11": -0.46605800724665514, "f12": 1.818233481938388, "f13": 2.762864461771956, "f14": 2.483346900394233, "f15": 2.834631940240298, "f16": 2.1718905000004183, "f17": 1.2618233144454454, "f18": 2.409873964117608, "f19": -1.3391617598796361, "f2": -2.935849150806196, "f20": 2.0686283159243075, "f21": 0.5345419891511018, "f22": -2.79067970563297, "f23": 1.4451623702993182, "f24": 0.6650603597967768, "f25": 1.676359506183445, "f26": -1.8875741733365494, "f27": 2.9536200613670776, "f28": -0.766001075022718, "f29": -2.3715771020034087, "f3": 0.6235279823946107, "f30": -0.5085639159557624, "f31": 0.5181474190402309, "f32": -0.49131465507676797, "f33": -1.3304033052458797, "f34": 2.5272855152977174, "f35": 0.86696475735264, "f36": -2.2324361678362274, "f37": 1.3088482968828012, "f38": 1.1117556119868581, "f39": -2.9130349241911566, "f4": -1.9138648691708233, "f40": 1.7569846873782993, "f41": -0.8013206606768937, "f42": 0.7238431134428138, "f43": 2.812482427528824, "f44": 1.7201610359262416, "f45": 1.6157878812051099, "f46": -2.3902804096632613, "f47": 0.7199327089204219, "f48": 2.143046273067238, "f49": 1.6212290701637144, "f5": -0.7807180390383031, "f50": 0.39403541676505727, "f51": 2.9224104512787346, "f52": -0.6397988592812607, "f53": 2.354754238768205, "f54": 2.4240056998766804, "f55": -1.5225159574594633, "f6": 1.1844911115328554, "f7": -2.1194483235701784, "f8": -0.31520815889814235, "f9": 2.068509315015845}, "datetime": {"datetime": "2023-01-23 16:16:16", "elapsed": 1236.924528, "delta": 49.937234}}
{"target": 0.12797974449802477, "params": {"f0": -0.45650386694927025, "f1": -1.6093365905206727, "f10": -0.9292760688539765, "f11": -0.9414108551570912, "f12": 2.3412972754849823, "f13": -1.7473787140798576, "f14": -2.96601727410217, "f15": 1.7646173775438196, "f16": 0.6186086371416764, "f17": 0.1965405373549478, "f18": 1.6995188008503845, "f19": -1.3462691085000615, "f2": 2.392209104996959, "f20": 0.1372290624366581, "f21": -2.0294955744983376, "f22": 0.7377265473943391, "f23": -1.3565057743209332, "f24": 2.9148776730034998, "f25": 1.1917902610184772, "f26": -2.9367669446836704, "f27": 0.379814224907852, "f28": -2.1318763868972126, "f29": -1.0694386376414124, "f3": -1.4750989653344655, "f30": 0.9367358379852444, "f31": 1.079069007168064, "f32": 1.6309151873739438, "f33": -1.0287316243402038, "f34": -1.304402829014421, "f35": 2.0499071808507985, "f36": -2.1814822612625395, "f37": -0.591633087673153, "f38": -2.852238897684785, "f39": 2.352102794933586e-05, "f4": 1.184112283405919, "f40": -1.5000048144635938, "f41": -0.24913134091742517, "f42": 1.6108189020032064, "f43": 2.598944122046423, "f44": -0.7433015496343831, "f45": 0.8862378808548819, "f46": -1.1652195896145987, "f47": -1.844763102530756, "f48": -1.0183850241682457, "f49": -1.850542437167233, "f5": -0.2547802516381896, "f50": -2.9255901898308982, "f51": -1.1714824161578885, "f52": -0.9400447122975781, "f53": 2.4207039135488095, "f54": 0.3801422915195376, "f55": -2.9527017982067933, "f6": -2.5141013918181496, "f7": -1.2736817714706323, "f8": -2.9093424954701654, "f9": 1.438111708960677}, "datetime": {"datetime": "2023-01-23 16:17:02", "elapsed": 1283.261299, "delta": 46.336771}}
{"target": 0.1462818321238074, "params": {"f0": -0.17139524406246043, "f1": 2.0648546551504, "f10": -2.602678075978771, "f11": -1.3815634718594847, "f12": 2.9356794155205312, "f13": -1.1556525358033736, "f14": -2.2188718351043937, "f15": 1.4553966747213334, "f16": 2.132489519810944, "f17": -2.1546170177955912, "f18": -1.446051796370586, "f19": 2.4580273732473756, "f2": -0.16409941626754865, "f20": -2.7453816780471687, "f21": -0.44344042561309926, "f22": 2.043609600927578, "f23": -1.2763164815639743, "f24": 2.4858516843722045, "f25": -1.7349999391212867, "f26": -2.7415463239816233, "f27": -1.6774943530729511, "f28": 1.1281800253136192, "f29": 1.5259810602032982, "f3": -0.8689881194375788, "f30": -1.3428861347162881, "f31": -2.6962380814762295, "f32": -1.5593062878312478, "f33": -1.449251145973454, "f34": 0.7595639021747331, "f35": -1.3684767182675739, "f36": -2.124202808927633, "f37": 2.5002788022430993, "f38": -2.6060137896762883, "f39": 2.494678609617875, "f4": -2.2802035645604968, "f40": -2.442521318992217, "f41": 2.599710970996541, "f42": 2.700892087880235, "f43": -0.4847884416074857, "f44": -2.4881416867117165, "f45": -2.1508286484132, "f46": -1.833905990026123, "f47": -2.3886841101845726, "f48": 0.7294395366973028, "f49": -0.46046470267349093, "f5": 2.352220274195906, "f50": -0.7360079467161418, "f51": 1.870414652401318, "f52": -1.4625256108707063, "f53": -1.3803520495343744, "f54": 1.9777465051666399, "f55": 0.4539435082720331, "f6": -2.818939189159126, "f7": 1.5208947374992325, "f8": 1.7681125446918857, "f9": -0.19459294339234834}, "datetime": {"datetime": "2023-01-23 16:17:55", "elapsed": 1335.560586, "delta": 52.299287}}
