{"target": 0.8501523818349674, "params": {"f0": 1.0922563535251193, "f1": -0.775120902827387, "f10": 0.4464423425431923, "f11": 2.2696292424801148, "f12": 0.037484678884526716, "f13": -2.451250301309962, "f14": -0.5132877187110121, "f15": 0.0991592366113998, "f16": 0.3690371795657974, "f17": -0.8199947089498201, "f18": -1.8171848320121538, "f19": -2.406615584511733, "f2": -2.4404894151863514, "f20": -2.6316329592650525, "f21": -1.0571368558627132, "f22": 2.1709947727403076, "f23": 0.9341399101362239, "f24": 2.3280971245027047, "f25": 0.890126668565602, "f26": -0.5326021241027574, "f27": 2.3973097726029198, "f28": 2.748593093460433, "f29": 0.6377184059741369, "f3": -2.9540237923596173, "f30": 1.0666455480552233, "f31": 0.1367940730963929, "f32": -1.7731361256945197, "f33": -2.398024488672005, "f34": -2.349521947465154, "f35": -1.1071101185744106, "f36": 0.06836158044588374, "f37": -2.1441510316314334, "f38": 1.3090951930789951, "f39": 0.5979144114977847, "f4": 1.033817972440053, "f40": 0.35219325544059943, "f41": -2.748960684249893, "f42": -1.3267364666056962, "f43": 2.5180025526934626, "f44": 0.34938268635505204, "f45": -2.3480296381847676, "f46": -2.2072973095766946, "f47": -2.0723086359254164, "f48": 2.89924085259629, "f49": 1.026786134072654, "f5": -1.7759045150837374, "f50": -0.6793226029152061, "f51": 1.8174557994775926, "f52": -2.7887332022744427, "f53": -3.079498422159984, "f54": 1.7534505997331031, "f55": -1.5409801253974966, "f6": -1.207318538636355, "f7": -0.014970700143042451, "f8": -1.5939343728039188, "f9": 0.9620732982567337}, "datetime": {"datetime": "2023-01-23 18:05:28", "elapsed": 7788.779969, "delta": 8.988595}}
{"target": 0.8501523818349674, "params": {"f0": 0.6814328466160513, "f1": -0.8716598610320535, "f10": 0.40164108277423477, "f11": 2.2732498288892327, "f12": -0.19515158702588192, "f13": -2.655847179928914, "f14": -0.7715304981608309, "f15": -0.020281042662843606, "f16": 0.18556295379337123, "f17": -0.695248142122556, "f18": -1.5507030264005792, "f19": -2.505486635365514, "f2": -2.811466078293655, "f20": -2.643930073061683, "f21": -1.1635920838916443, "f22": 2.2641128710548983, "f23": 1.1079068206108593, "f24": 2.3280971245027047, "f25": 0.8480168466194744, "f26": -0.8048157733395822, "f27": 2.6326987172919436, "f28": 2.8486090649055558, "f29": 0.5519014573922082, "f3": -2.7125385409519214, "f30": 1.192000815742705, "f31": 0.29639255448311774, "f32": -1.8477465783333409, "f33": -3.0154429311084825, "f34": -2.60771550811083, "f35": -1.3732112949631476, "f36": 0.16256317569716117, "f37": -1.9882618891806645, "f38": 1.4145492834677442, "f39": 1.2318163277035954, "f4": 1.161761410859649, "f40": -0.08364210520975793, "f41": -2.5518315167707284, "f42": -1.7242849563936111, "f43": 2.666190963915839, "f44": 0.35151861114838484, "f45": -2.7581803873395954, "f46": -2.319920382549242, "f47": -2.3837914339579687, "f48": 3.1736218149402218, "f49": 0.8772623971190308, "f5": -1.9990946027712972, "f50": -0.3923359588673807, "f51": 1.4880602172211792, "f52": -3.0773426557223993, "f53": -2.745813276415044, "f54": 1.7534505997331031, "f55": -2.016384791073391, "f6": -1.0830643262051272, "f7": 0.27547380531720694, "f8": -1.764207235597966, "f9": 1.6000258655775377}, "datetime": {"datetime": "2023-01-23 18:05:37", "elapsed": 7798.212133, "delta": 9.432164}}
{"target": 0.22245652168715294, "params": {"f0": 0.9343698439633435, "f1": -0.8360912717581868, "f10": 0.9717864564540677, "f11": 2.355731311526829, "f12": -0.352932926431256, "f13": -2.888939435979176, "f14": -0.2754646462232708, "f15": -0.17868154151745672, "f16": 0.34169093151832053, "f17": -1.0762341818913268, "f18": -1.9682450700956633, "f19": -2.2755154253708265, "f2": -2.2752878052255916, "f20": -2.997959494009829, "f21": -1.1635920838916443, "f22": 2.1361233889452733, "f23": 0.9868614319299702, "f24": 2.3280971245027047, "f25": 1.2178289195184866, "f26": -0.8048157733395822, "f27": 2.3973410423376893, "f28": 3.211683845474643, "f29": 0.6009076210343983, "f3": -2.841254981223817, "f30": 0.8690646866242635, "f31": 0.08769077182038837, "f32": -1.6843814894575704, "f33": -2.617535319620393, "f34": -2.417068400324382, "f35": -1.05211475036513, "f36": 0.0860720818425975, "f37": -1.8645836867304826, "f38": 1.696185893088524, "f39": 0.976276996894505, "f4": 1.0158957277786425, "f40": 0.12875571318209303, "f41": -2.4247859515480443, "f42": -1.8858490662487175, "f43": 2.6040596171875348, "f44": 0.22103008735301763, "f45": -2.9850291782246074, "f46": -2.1303867099064218, "f47": -2.142878299754103, "f48": 3.0831672541168174, "f49": 0.43230252310205675, "f5": -1.508291263628001, "f50": -0.39233595886738065, "f51": 1.6950954921720012, "f52": -2.486166705993964, "f53": -3.1776784545006236, "f54": 1.7534505997331031, "f55": -1.5674005864160663, "f6": -1.3796334171096893, "f7": 0.8717898263251587, "f8": -1.9012177655834621, "f9": 1.3520200802021891}, "datetime": {"datetime": "2023-01-23 18:06:32", "elapsed": 7852.755993, "delta": 54.54386}}
{"target": 0.8501523818349674, "params": {"f0": 0.9928186472927868, "f1": -0.8500667246616233, "f10": 0.3405144571635583, "f11": 2.1573618816792974, "f12": -0.08317699041179458, "f13": -2.357896342280066, "f14": -0.8510754423987941, "f15": 0.23123857912668774, "f16": 0.3122158055272551, "f17": -0.6408581772600667, "f18": -1.320495041220212, "f19": -2.606765540917014, "f2": -2.9244632360660194, "f20": -2.4604928856581494, "f21": -0.75692195890201, "f22": 2.4838265793195076, "f23": 1.17537235366324, "f24": 2.1743321477700595, "f25": 0.8686469621142894, "f26": -0.2843762401340639, "f27": 2.4794415845537836, "f28": 2.539924310070676, "f29": 0.3663534372098655, "f3": -2.8584506301731123, "f30": 1.1950442846814133, "f31": 0.5209895338877678, "f32": -2.1462686808031366, "f33": -2.7937891898136495, "f34": -2.504871698751179, "f35": -1.358632759647135, "f36": 0.42766444701537315, "f37": -2.170173917027549, "f38": 1.314960761835292, "f39": 0.6835438612054717, "f4": 1.180833773693966, "f40": -0.050194422494529024, "f41": -3.015332559657742, "f42": -1.23521927360134, "f43": 2.4074442537381158, "f44": 0.4583832728206796, "f45": -2.4162735198244434, "f46": -2.4844965817227784, "f47": -2.2588928907342973, "f48": 2.898964177613086, "f49": 1.1412203401048433, "f5": -2.003924956182469, "f50": -0.807287883697812, "f51": 1.717503465071016, "f52": -3.1868533628109654, "f53": -2.711067566836034, "f54": 1.5367641255587003, "f55": -2.077451276414381, "f6": -1.1482543911068306, "f7": -0.07683935390155922, "f8": -1.5371866982968347, "f9": 1.2006652086783876}, "datetime": {"datetime": "2023-01-23 18:06:35", "elapsed": 7855.670051, "delta": 2.914058}}
{"target": 0.8501523818349674, "params": {"f0": 1.012401529211705, "f1": -0.9269868415223175, "f10": 0.34051445716355827, "f11": 2.190424939610416, "f12": -0.09214897912974754, "f13": -2.3529968592821446, "f14": -0.5963125263773901, "f15": 0.2867663361548853, "f16": 0.33397761515951413, "f17": -0.8419196692990548, "f18": -1.6625561157271276, "f19": -2.3644105538411395, "f2": -2.7710513057997654, "f20": -2.5251612671106547, "f21": -0.8741163580210342, "f22": 2.372652880849087, "f23": 0.9005857434424145, "f24": 1.3280971245027047, "f25": 0.9779183949883091, "f26": -0.5135130063023057, "f27": 2.596489482443956, "f28": 2.863278181215887, "f29": 0.5197709496656475, "f3": -2.93012874201818, "f30": 1.1950442846814133, "f31": 0.4949929106789733, "f32": -2.049974673985155, "f33": -2.7039492226221857, "f34": -2.578761591025813, "f35": -1.3086289098222024, "f36": 0.3652383206060188, "f37": -2.0370828400916503, "f38": 1.3508126882757818, "f39": 0.7134241677859067, "f4": 1.2854119291618753, "f40": 0.12313379047061301, "f41": -2.779520934724078, "f42": -1.4985423333782943, "f43": 2.4918941006792044, "f44": 0.38492901107785454, "f45": -2.599075310323929, "f46": -2.47522806527682, "f47": -2.4385535847922784, "f48": 3.01206796141935, "f49": 0.8541585900748212, "f5": -1.8046004398673428, "f50": -0.7945208520860181, "f51": 1.6399175640200594, "f52": -2.9108682752972754, "f53": -2.886771440473793, "f54": 1.3196405526883628, "f55": -1.9927976270293322, "f6": -1.2751852915755095, "f7": -0.07683935390155927, "f8": -1.7231115533988142, "f9": 1.3100344346477693}, "datetime": {"datetime": "2023-01-23 18:06:51", "elapsed": 7871.992572, "delta": 16.322521}}
{"target": 0.8501523818349674, "params": {"f0": 0.9655536851664596, "f1": -0.8471225644876564, "f10": 0.3405144571635583, "f11": 2.004920671114769, "f12": -0.36985715291077487, "f13": -2.5521562187274167, "f14": -0.494432474000193, "f15": 0.1391074990289152, "f16": 0.3787202832245126, "f17": -0.4697562566189498, "f18": -1.3026693267365683, "f19": -2.584241722822926, "f2": -2.523347193555877, "f20": -2.4710109588993188, "f21": -0.6843321415296085, "f22": 2.44838246135615, "f23": 1.115534637215278, "f24": 2.2049658557435157, "f25": 1.1983321033868486, "f26": -0.22965486366115678, "f27": 2.3954689590977565, "f28": 2.622078606561937, "f29": 0.31764239075584194, "f3": -2.8200710499576234, "f30": 1.1950442846814133, "f31": 0.11844645281660424, "f32": -2.2055055155642758, "f33": -2.8128400189439975, "f34": -2.253722765405223, "f35": -1.2684569498952183, "f36": 0.39184497524246426, "f37": -1.9062714103215923, "f38": 1.2560398268693331, "f39": 0.8339781660182555, "f4": 1.060500480139358, "f40": 0.04256597814837873, "f41": -2.6279015879801957, "f42": -1.2602105250779843, "f43": 2.217083863492215, "f44": 0.3580128805802361, "f45": -2.5796593364474534, "f46": -2.232495334925537, "f47": -2.5935856427906416, "f48": 2.6350640885861747, "f49": 0.8777566502224141, "f5": -1.5892527998835395, "f50": -0.39831427320530544, "f51": 1.4083758709631566, "f52": -2.8206699001661413, "f53": -2.6850649923854, "f54": 1.7534505997331031, "f55": -1.9583768151583247, "f6": -1.1206290243872112, "f7": -0.07683935390155927, "f8": -1.540633438904052, "f9": 1.2038841033386067}, "datetime": {"datetime": "2023-01-23 18:07:05", "elapsed": 7886.526355, "delta": 14.533783}}
{"target": 0.6362805501646082, "params": {"f0": 1.1085751699423425, "f1": -1.1389123493096214, "f10": 0.3405144571635583, "f11": 1.9782040768973603, "f12": -0.13832859571718462, "f13": -2.425115620538713, "f14": -0.6266438198460471, "f15": 0.2525613355281265, "f16": 0.35568400004745565, "f17": -0.8326840413310457, "f18": -1.6548527326606446, "f19": -2.1787265984100515, "f2": -2.956116112723226, "f20": -2.354292913338639, "f21": -0.9238850592661839, "f22": 2.4971206195726845, "f23": 1.2841741614514455, "f24": 2.3280971245027047, "f25": 1.0622922178957437, "f26": -0.28542947397716073, "f27": 2.6337302210799365, "f28": 2.7396380548961323, "f29": 0.26826675809273376, "f3": -2.5848650711189847, "f30": 1.1950442846814133, "f31": 0.0879170387999706, "f32": -2.1502202479287273, "f33": -2.6377880691393902, "f34": -2.3618064919236943, "f35": -1.245161066207032, "f36": 0.5168928888225486, "f37": -2.0793902888177156, "f38": 1.3313892404847414, "f39": 0.6540314916841226, "f4": 1.1650187193794856, "f40": -0.05354833646489557, "f41": -2.9840857309853326, "f42": -1.8103885490504936, "f43": 2.539466909539494, "f44": 0.5214034228685879, "f45": -2.5793295146803183, "f46": -2.320308568160923, "f47": -1.598643825995833, "f48": 2.808857608108003, "f49": 0.6889185775773369, "f5": -1.762007864146526, "f50": -0.7390518847146582, "f51": 1.634610533887807, "f52": -3.1206707769228546, "f53": -2.8249557499621796, "f54": 1.7534505997331031, "f55": -2.1632107752019483, "f6": -1.3103445604013917, "f7": -0.07683935390155924, "f8": -1.4736143784093463, "f9": 1.3556854469519417}, "datetime": {"datetime": "2023-01-23 18:08:13", "elapsed": 7954.088353, "delta": 67.561998}}
{"target": 0.8501523818349674, "params": {"f0": 0.8098125513946194, "f1": -0.6721384581180523, "f10": 0.3405144571635583, "f11": 2.3875978503326754, "f12": -0.36534412384568654, "f13": -2.5222701639929106, "f14": -0.6147193704745628, "f15": -0.019186802244620087, "f16": 0.20818286322404012, "f17": -0.7757671868218723, "f18": -1.260957488648183, "f19": -2.866150369904466, "f2": -2.5077956335668365, "f20": -2.8584808071993835, "f21": -0.6215490277172825, "f22": 2.3453307923277946, "f23": 1.0301218535092584, "f24": 2.2189593756643613, "f25": 1.026069054647042, "f26": -0.4359332451921754, "f27": 2.214884078918267, "f28": 2.6213475530434907, "f29": 0.5281957920395569, "f3": -2.986972392598504, "f30": 0.7035802177137382, "f31": 0.9511983316645484, "f32": -1.8523511702255824, "f33": -2.835073593183901, "f34": -2.6574299460112627, "f35": -1.3616455266353564, "f36": 0.1413541395250456, "f37": -2.1150254327780496, "f38": 1.5486664818729343, "f39": 0.863079701489573, "f4": 1.2183552614827926, "f40": 0.1071779457772716, "f41": -2.6732706918548264, "f42": -1.1037420505732927, "f43": 2.328886316899381, "f44": 0.4454329588519222, "f45": -2.586896624217072, "f46": -2.3495591730698533, "f47": -2.5957092009614118, "f48": 2.9782034054645763, "f49": 1.1398458838464423, "f5": -1.9409464431654893, "f50": -0.9675658020466328, "f51": 1.8234530385210401, "f52": -2.7792206517256104, "f53": -2.654765019997657, "f54": 1.438393560779774, "f55": -1.7448528804597947, "f6": -1.0948529466438062, "f7": -0.01701884960813579, "f8": -1.7700693030574441, "f9": 1.1414680883469126}, "datetime": {"datetime": "2023-01-23 18:08:18", "elapsed": 7958.72125, "delta": 4.632897}}
{"target": 0.8501523818349674, "params": {"f0": 1.03072420116626, "f1": -0.7305810859734058, "f10": 0.3405144571635583, "f11": 2.141939080489875, "f12": -0.03290034375316143, "f13": -2.471270993787946, "f14": -0.9241583850952345, "f15": -0.05005196452125936, "f16": 0.09968437455592244, "f17": -0.7237310114369899, "f18": -1.2862261517574944, "f19": -2.757669028468756, "f2": -2.7395754864759425, "f20": -2.6955350818270296, "f21": -0.9754300548216704, "f22": 2.287807135108883, "f23": 1.1230626263906185, "f24": 1.8277421060603305, "f25": 1.0096742554620777, "f26": -0.21821601018590628, "f27": 2.339651499183905, "f28": 2.5076266839400256, "f29": 0.5313689267221617, "f3": -2.870627355152315, "f30": 1.1424339892797977, "f31": 0.4351230901256013, "f32": -2.019904942367382, "f33": -2.6477485684181263, "f34": -2.323130572408899, "f35": -1.0739167577964714, "f36": 0.19936857251196813, "f37": -2.0379466486055327, "f38": 1.3750272380444641, "f39": 0.5610307222666128, "f4": 1.1737588134287587, "f40": -0.10886625141199746, "f41": -2.7007614025270343, "f42": -1.0953242270720416, "f43": 2.4301146141750927, "f44": 0.27074444265719055, "f45": -2.24470573512328, "f46": -2.5277477110860462, "f47": -2.5957092009614118, "f48": 2.833050696669647, "f49": 1.2079585737534089, "f5": -1.8159289319795646, "f50": -0.507184625869005, "f51": 1.7750719665002048, "f52": -2.994438429475927, "f53": -2.8001655212215097, "f54": 1.308420867407443, "f55": -1.820313502889228, "f6": -1.0398538721015846, "f7": 0.9231606460984407, "f8": -1.6789064404604879, "f9": 1.1410581540115143}, "datetime": {"datetime": "2023-01-23 18:08:23", "elapsed": 7963.951566, "delta": 5.230316}}
{"target": 0.6665999135766734, "params": {"f0": 0.9063787027739525, "f1": -0.7830787522344753, "f10": 0.4407954264856342, "f11": 2.0040737080053272, "f12": 0.055916971214842896, "f13": -2.2227984239455503, "f14": -0.6664487748103868, "f15": 0.3229106684228313, "f16": 0.533353965672738, "f17": -0.6607120363936854, "f18": -1.5963461487350281, "f19": -2.496400418018205, "f2": -2.485689002421364, "f20": -2.307985801031286, "f21": -0.7562314994293948, "f22": 2.7052936023621337, "f23": 1.0019452652811438, "f24": 2.3280971245027047, "f25": 0.9318616259299732, "f26": -0.3918948808209395, "f27": 2.214421388330547, "f28": 2.7566913913705453, "f29": 0.35696111796453966, "f3": -3.006927077401783, "f30": 1.1950442846814133, "f31": 0.8533568520027262, "f32": -2.213915962096146, "f33": -2.7148837220190094, "f34": -2.72783409623431, "f35": -1.4325909619984158, "f36": 0.2613880055395781, "f37": -2.014416947896134, "f38": 1.2544938630446416, "f39": 0.793083550740755, "f4": 1.2436779972000171, "f40": 0.3456237597052064, "f41": -2.8125612742208275, "f42": -1.003769062860438, "f43": 2.2764023459536302, "f44": 0.3405919897963658, "f45": -2.8101799728599555, "f46": -2.5725562140463087, "f47": -2.5957092009614118, "f48": 2.848787874205754, "f49": 1.2079585737534089, "f5": -1.943160115937348, "f50": -0.8113455245809207, "f51": 1.7068628728387696, "f52": -2.8965730244550363, "f53": -3.0226758998247747, "f54": 1.7534505997331031, "f55": -1.666255719192193, "f6": -1.211049854538789, "f7": 0.6489162004005702, "f8": -1.7448701874190413, "f9": 1.5543398761599958}, "datetime": {"datetime": "2023-01-23 18:08:33", "elapsed": 7974.0711, "delta": 10.119534}}
{"target": 0.8501523818349674, "params": {"f0": 1.1070771068961403, "f1": -0.7190449373388373, "f10": 0.6268556740505354, "f11": 2.5062754407994667, "f12": -0.07669058885191561, "f13": -2.6932634199427854, "f14": -0.5722245772898742, "f15": 0.17494143139681873, "f16": 0.019853098159762068, "f17": -0.6604394871599976, "f18": -1.1350990922415847, "f19": -2.7420371397937138, "f2": -2.884997152189623, "f20": -3.0321964916238087, "f21": -0.6347219618313299, "f22": 2.0959175010023694, "f23": 1.0222458809355845, "f24": 1.8718145539801692, "f25": 0.9732265246756053, "f26": -0.5382267423458016, "f27": 2.5401748194861087, "f28": 2.781202362750654, "f29": 0.29142658342736083, "f3": -2.9417563039989085, "f30": 0.7706976861841064, "f31": 0.253291213815465, "f32": -2.0239586242238254, "f33": -2.544771067010451, "f34": -2.2654308901415363, "f35": -1.1381025752554925, "f36": 0.45519698723716673, "f37": -1.9773771462491359, "f38": 1.7247468041593466, "f39": 0.7829172842502508, "f4": 0.9965622593217939, "f40": -0.24147499171681525, "f41": -3.134914321577773, "f42": -1.387163928911054, "f43": 2.576344321939935, "f44": 0.5593383265560448, "f45": -2.272589540972568, "f46": -2.2561439291034286, "f47": -2.5957092009614118, "f48": 3.09073075523454, "f49": 1.2079585737534089, "f5": -1.9095353327254603, "f50": -0.6574437929739421, "f51": 1.4833923169416843, "f52": -2.814837837684127, "f53": -2.48596005178122, "f54": 1.4984667743834135, "f55": -2.0673401259384883, "f6": -1.3743019014961397, "f7": 0.019215665392872703, "f8": -1.5040604152602632, "f9": 0.8003475932928943}, "datetime": {"datetime": "2023-01-23 18:08:39", "elapsed": 7980.016586, "delta": 5.945486}}
{"target": 0.8501523818349674, "params": {"f0": 0.7780031866224998, "f1": -0.7456624612455007, "f10": 0.5052500403118098, "f11": 2.5062754407994667, "f12": -0.2992677416005636, "f13": -2.603242754784807, "f14": -0.9615343175742154, "f15": 0.11795224069082941, "f16": 0.17137802293708596, "f17": -0.742097744340282, "f18": -1.412753351625165, "f19": -2.7252122183293204, "f2": -2.7051818884379335, "f20": -2.8732205596623626, "f21": -0.8836858839787833, "f22": 2.2079507231948226, "f23": 1.2867834721392013, "f24": 1.998473864224538, "f25": 1.0552378779487834, "f26": -0.09453528612707766, "f27": 2.4304199463286267, "f28": 2.569911234004043, "f29": 0.5186507880773232, "f3": -3.007562325868316, "f30": 0.7454295868582558, "f31": 0.23646127430216596, "f32": -2.1272947931542134, "f33": -2.7377826283372215, "f34": -2.5119838091803803, "f35": -1.3398533139472384, "f36": 0.02524179033898385, "f37": -1.9925884112928254, "f38": 1.3271607000347567, "f39": 0.6989816577825898, "f4": 0.9956437595592292, "f40": -0.28328347525909825, "f41": -2.7715281178638005, "f42": -1.3313303300289376, "f43": 2.266651661940415, "f44": 0.43878892153958754, "f45": -2.3512011620062956, "f46": -2.5115925917887827, "f47": -2.5957092009614118, "f48": 2.828771923714849, "f49": 0.20795857375340887, "f5": -1.8806028341346417, "f50": -0.7177776654157918, "f51": 2.011689221245687, "f52": -3.220363169821157, "f53": -2.806979299779969, "f54": 1.0389882510016144, "f55": -2.012364518624123, "f6": -0.9584360302715554, "f7": -0.07683935390155927, "f8": -1.5989541148639974, "f9": 0.8003475932928943}, "datetime": {"datetime": "2023-01-23 18:08:48", "elapsed": 7988.636631, "delta": 8.620045}}
{"target": 0.9172148359312202, "params": {"f0": 1.0575708188914863, "f1": -0.7630506395224838, "f10": 0.3405144571635583, "f11": 2.196072949853423, "f12": -0.6509728964532351, "f13": -2.6112693685770085, "f14": -0.8307832290361725, "f15": -0.08715919688545883, "f16": 0.10022559819835916, "f17": -0.9474454439663625, "f18": -1.2966322087054944, "f19": -2.716542509995991, "f2": -2.8359940730371664, "f20": -2.606787214106225, "f21": -0.811076034917024, "f22": 2.705457422878684, "f23": 1.6702536228540366, "f24": 1.6346261720069333, "f25": 1.0094260933465398, "f26": -0.4544812108205314, "f27": 2.334884107093231, "f28": 2.6035375259872, "f29": 0.6571812698283089, "f3": -3.007562325868316, "f30": 1.1950442846814133, "f31": 0.4051405549755092, "f32": -1.6739096168942016, "f33": -2.6899328095128676, "f34": -2.451959095205391, "f35": -1.0884766573284104, "f36": 0.46502183065086183, "f37": -2.3700661406813444, "f38": 1.892030670727849, "f39": 0.687126989244645, "f4": 0.6380016016549811, "f40": -0.28328347525909825, "f41": -2.655661135652665, "f42": -1.4735707672083451, "f43": 2.381175522693399, "f44": 0.38680080093724495, "f45": -2.6733262875609363, "f46": -2.302936853648901, "f47": -2.5957092009614118, "f48": 2.6224195791501983, "f49": 1.2079585737534089, "f5": -1.7716335429744852, "f50": -0.7606134066437805, "f51": 2.011689221245687, "f52": -2.9346485760513166, "f53": -2.7099078046912703, "f54": 1.4383832883517627, "f55": -1.8991041309422032, "f6": -1.0787336318084488, "f7": -0.07683935390155927, "f8": -1.591907793871513, "f9": 0.8003475932928943}, "datetime": {"datetime": "2023-01-23 18:09:59", "elapsed": 8060.28873, "delta": 71.652099}}
