{"target": 0.2207023845377814, "params": {"f0": 0.5043737219323017, "f1": -0.4233680193520515, "f10": -0.19461675281807622, "f11": -1.6116026370323748, "f12": 1.8936484841441734, "f13": 1.7196558498411267, "f14": -0.13505436146633087, "f15": -2.608742988045339, "f16": -2.3173109054375045, "f17": 2.4777446458151653, "f18": -0.3789919674739828, "f19": -0.13237104774449637, "f2": 0.8307491076480824, "f20": -1.9645372150257305, "f21": 1.3922659653226805, "f22": -2.128974811599597, "f23": 0.5279972657390886, "f24": 1.8355388864172815, "f25": -0.7326174451362575, "f26": -1.7127774443005024, "f27": -1.086547715492295, "f28": -2.460448746078109, "f29": 2.7549834021977633, "f3": -2.4571034203025732, "f30": -2.759532754914512, "f31": -1.6662049127028808, "f32": 0.7027601213977741, "f33": -2.900811496749456, "f34": -1.359525495704565, "f35": -2.3304282122986155, "f36": -0.925773037567196, "f37": -0.2450885631034625, "f38": 2.496177074872686, "f39": 2.8561225753349193, "f4": -1.4003721037528993, "f40": -2.6179947849889507, "f41": -2.313353176028353, "f42": -2.505084165582195, "f43": -1.75539714818617, "f44": -0.7531499003241926, "f45": -0.9745065291024684, "f46": -2.046970006435772, "f47": -1.4389481664290626, "f48": -1.3342211759834837, "f49": -2.945037804654076, "f5": -0.7235457113391521, "f50": -2.878912797245434, "f51": 0.07796027730204313, "f52": 2.8663867937978953, "f53": 1.3969299622740303, "f54": 0.41086968443117655, "f55": 2.6553866687398777, "f6": -2.313685139138726, "f7": -0.08163304126574467, "f8": 0.6429021791322391, "f9": 0.7678162419112624}, "datetime": {"datetime": "2023-01-23 17:13:50", "elapsed": 4691.49301, "delta": 109.760745}}
{"target": 0.1607322282904017, "params": {"f0": -0.24827630683453839, "f1": 2.4025770653493215, "f10": 0.8443888555376713, "f11": 2.57431927412242, "f12": -0.3280697463850939, "f13": 0.39891998916950966, "f14": -1.454104180106905, "f15": 0.17172986504957155, "f16": 0.006042195616828394, "f17": -2.1216500949257435, "f18": 1.1822749797865848, "f19": 1.644360432268428, "f2": -1.255441218738821, "f20": 0.9057606494436632, "f21": 0.8942384121207576, "f22": -1.4870069412468587, "f23": -0.12006239921174844, "f24": -0.7804375523631659, "f25": 2.944473878128788, "f26": 1.994846685075096, "f27": -0.03900442171042595, "f28": 1.8583605665384368, "f29": -0.5254141060766724, "f3": -1.4539457406740095, "f30": -2.7840455754842224, "f31": -2.188045491689853, "f32": -0.9259655156031137, "f33": 1.9339133219144973, "f34": -0.1667929820157399, "f35": 1.9792380965028622, "f36": -2.033435255143519, "f37": -2.1029523464442335, "f38": -0.8258839769263355, "f39": -2.018896189787723, "f4": 0.9793832366236477, "f40": -2.880263910678667, "f41": 0.01748292615567948, "f42": -1.1092419871635844, "f43": 0.8459415341394738, "f44": 1.2090960551334744, "f45": 0.02865450492334176, "f46": 1.945582264663476, "f47": 1.033775772955492, "f48": -0.6546853641026704, "f49": 2.1263366698754904, "f5": -0.023236314805600955, "f50": 2.486178718635344, "f51": -0.8692924528254582, "f52": -1.795367091960075, "f53": 0.6673153090310002, "f54": -0.5605764141962748, "f55": 0.4981588516492583, "f6": -0.7672015116999766, "f7": -2.069278617382527, "f8": 0.17526735942684546, "f9": 0.572452556226156}, "datetime": {"datetime": "2023-01-23 17:14:37", "elapsed": 4738.056172, "delta": 46.563162}}
{"target": 0.367553439057738, "params": {"f0": -0.28081882288688087, "f1": 0.7117434819869906, "f10": -0.12801153882765126, "f11": -1.0462918922108233, "f12": 1.1024458608509615, "f13": -2.2301129264792436, "f14": -2.159488443364668, "f15": 2.4980669236420097, "f16": 1.5365888550558822, "f17": 2.839068445905374, "f18": -2.720848030819515, "f19": -2.4934870967854104, "f2": -0.8688675718413039, "f20": -2.5908715482837867, "f21": -0.9572168915709192, "f22": -2.4697251764494244, "f23": -0.30229676992209953, "f24": 0.6432886504766526, "f25": -0.12485189350261328, "f26": -1.3830690372766297, "f27": 0.1646553502397632, "f28": 1.2195494190055243, "f29": 1.4606123995658589, "f3": -0.33106065004354335, "f30": -1.033415639396863, "f31": 0.543805861585624, "f32": 2.490244082399923, "f33": 2.076487149452192, "f34": 1.5231429583853826, "f35": -2.5653565899942565, "f36": 0.08574281406310913, "f37": -2.1597279868094006, "f38": 0.005047869387913906, "f39": 2.8794388518054728, "f4": -2.1307131016538743, "f40": 1.9820701632401256, "f41": 0.9796013057811406, "f42": 0.9997919649094538, "f43": 2.0197618721950628, "f44": 2.956869288376409, "f45": -2.815258731710634, "f46": 1.6221916404098131, "f47": 0.1623837625831248, "f48": -0.8131120997913186, "f49": 2.4513022761935206, "f5": 2.0701997309516624, "f50": -0.6597137456198516, "f51": 0.9709610902630619, "f52": -1.010051000107184, "f53": 2.3553696288296564, "f54": 0.1644438649298796, "f55": -0.8727688752896321, "f6": -1.0068846254088202, "f7": 1.8418174667513423, "f8": -1.8086502596172853, "f9": -2.897372292715703}, "datetime": {"datetime": "2023-01-23 17:15:23", "elapsed": 4783.70758, "delta": 45.651408}}
{"target": 0.1240925896501202, "params": {"f0": -0.713080398543581, "f1": -1.272792271124279, "f10": -2.809591946462306, "f11": 1.3995090873195313, "f12": 2.0200954616346847, "f13": -1.5868312871098313, "f14": -1.5021618123168214, "f15": 1.4289963393233833, "f16": -2.9784218977497665, "f17": 2.261162481050749, "f18": 0.47041488340679294, "f19": 1.5102767067526424, "f2": -2.4444818132941437, "f20": 0.8965527624805762, "f21": -1.9062566451495262, "f22": 2.927956657042537, "f23": 1.0476720226857381, "f24": 0.37366217275788305, "f25": 2.7154948454812153, "f26": -2.0102648983105067, "f27": -0.7180647951925616, "f28": 1.4114391940086506, "f29": 1.4736786357092155, "f3": -2.7171949953645242, "f30": 1.4716957137967412, "f31": -0.7427592610368796, "f32": 0.6950622116629339, "f33": -2.845413077490158, "f34": -1.880617560128109, "f35": -1.966932311266078, "f36": -0.7286966582584942, "f37": 0.2197407695871023, "f38": -1.2348742330981217, "f39": -0.38321269924432855, "f4": -0.9670126853230849, "f40": 2.169471167397738, "f41": 2.499880926407821, "f42": 2.2657362428751977, "f43": -2.7869848078052666, "f44": 1.6276719705098008, "f45": 2.1717462392412656, "f46": -0.4734885548850345, "f47": 1.8583731272956712, "f48": 0.9384969480959438, "f49": -2.5978244959673624, "f5": 1.7677172186759318, "f50": 2.5008900676105004, "f51": 1.7328321956240815, "f52": -1.4666932375349158, "f53": -2.8305810388704806, "f54": 0.33073818722765935, "f55": -1.9468436329932859, "f6": -1.6501717934680293, "f7": 2.206254577052614, "f8": -1.5836928183834993, "f9": -2.9891119160684565}, "datetime": {"datetime": "2023-01-23 17:16:53", "elapsed": 4874.068588, "delta": 90.361008}}
{"target": 0.1268400385131016, "params": {"f0": -0.13812532084295048, "f1": 2.946636234319908, "f10": 2.025640810057503, "f11": -0.3077334186269294, "f12": 1.147313984129628, "f13": -1.497612343037483, "f14": -0.10541711612482274, "f15": 1.4691183161614587, "f16": 0.3416166435676242, "f17": -1.6201484474591272, "f18": -1.6393402011914617, "f19": -1.3949294548620363, "f2": -2.5355713400030555, "f20": 1.844658325854935, "f21": -0.80075418115503, "f22": -1.2059655513314913, "f23": 0.4203311164131285, "f24": 0.5760829218217389, "f25": -2.6599482713471816, "f26": -2.1845061109961703, "f27": -1.7190098901501474, "f28": 0.0796370226165024, "f29": -2.725640978846374, "f3": -0.48359655324575623, "f30": -2.2096854817456153, "f31": 1.4657351632450926, "f32": 1.8137980069494466, "f33": 2.718809618527894, "f34": 1.8388606195385186, "f35": -0.9102039385705827, "f36": 1.0529950043138383, "f37": 1.4416584797006875, "f38": 1.4572396470030577, "f39": -1.698480426591608, "f4": -1.320599690842183, "f40": 2.9517905404737315, "f41": 0.1706554525136541, "f42": 1.0253521578642477, "f43": -1.605539902419341, "f44": -0.9487664294053264, "f45": 1.0501489875374705, "f46": -1.4098496115895944, "f47": 2.8195689049941013, "f48": -0.38615216792455964, "f49": -1.4992675556120785, "f5": 0.7025662201346283, "f50": 2.7584461703340075, "f51": -1.8863532599194661, "f52": -1.3715229906152504, "f53": -0.3714152704911706, "f54": -1.929364032529498, "f55": 1.7783933994548597, "f6": 2.1645998426741926, "f7": -2.3167962826806376, "f8": -1.810411392732282, "f9": -2.8176510417940555}, "datetime": {"datetime": "2023-01-23 17:17:27", "elapsed": 4908.02287, "delta": 33.954282}}
{"target": 0.1626880038825915, "params": {"f0": -2.7910599088372448, "f1": 0.7094313729277961, "f10": -2.5183158563489796, "f11": 2.412786247977227, "f12": -0.7426515056955667, "f13": 2.2543115780537875, "f14": -1.6562446686260415, "f15": 2.5589041597755067, "f16": -2.3264418150501722, "f17": 0.7398459647097222, "f18": 0.8203082438480305, "f19": 2.5347125034103133, "f2": -1.4208512892222247, "f20": -2.3785947583551525, "f21": -0.6090270261208817, "f22": -0.8640953601606256, "f23": 0.9615533481658449, "f24": -2.219666654485091, "f25": -2.0538422489774795, "f26": -2.4686311333634974, "f27": -2.9743801252597026, "f28": -1.5519581940487561, "f29": 0.6723803624899172, "f3": -2.791472340430362, "f30": -2.4127286745776892, "f31": -1.5138106546418153, "f32": 0.5294678433817186, "f33": -0.897270674107959, "f34": -2.2063167377196624, "f35": -1.3934376648914288, "f36": -0.10765348099968541, "f37": -0.13548159289624895, "f38": 1.8106822065450228, "f39": 1.9918275309552165, "f4": 0.5162502282473951, "f40": 0.30364822054440577, "f41": 1.4894348090644751, "f42": -1.6026610149935276, "f43": 2.8557055998511807, "f44": 1.0356818863616093, "f45": -0.682071069074738, "f46": 0.783703114741042, "f47": -0.27619037443971983, "f48": -2.350007955957843, "f49": -1.1792582560894131, "f5": 1.1093987364300046, "f50": 1.4317947681527476, "f51": 1.4143415200076914, "f52": -0.5407407720638977, "f53": 1.142863143454604, "f54": -2.1725018392414803, "f55": -2.9020772035240006, "f6": -2.2631937238513857, "f7": 1.571109404436255, "f8": 0.6611670109922567, "f9": -1.785302163631276}, "datetime": {"datetime": "2023-01-23 17:17:33", "elapsed": 4913.778919, "delta": 5.756049}}
{"target": 0.09773073355480749, "params": {"f0": 2.32195758172662, "f1": 0.9605541245145051, "f10": -0.7758415692710998, "f11": -1.7051675877103412, "f12": -0.7039627061380953, "f13": -2.9669690104783326, "f14": -1.6766895080850144, "f15": -2.8265590074020794, "f16": -2.4965114581867445, "f17": -0.8949870948088865, "f18": 1.6247470091233094, "f19": 1.4262686887785563, "f2": -1.1174768881697612, "f20": -2.671400540583008, "f21": 0.25474580551221315, "f22": -1.3234456032166257, "f23": -0.8647369430127596, "f24": 1.1710759406694615, "f25": -2.2026231515671117, "f26": 0.45806468099592745, "f27": -0.2998889744512523, "f28": 2.5719934071126946, "f29": -0.10389532858106332, "f3": 0.33127576710597495, "f30": 1.104511097801831, "f31": -0.790941345712981, "f32": 2.756328123185643, "f33": 2.335028615960516, "f34": 1.9200836161346109, "f35": -1.303654592277529, "f36": 2.933597492996955, "f37": -2.4494194574643164, "f38": -0.7706650913559248, "f39": -1.6878686326807686, "f4": -2.6741023557962627, "f40": -2.7662316385319667, "f41": 2.620895549249399, "f42": -0.8542806958723013, "f43": 0.2287457377940747, "f44": 0.6404124879738795, "f45": 0.055605967191759476, "f46": 2.163156641225177, "f47": 1.7930519126757751, "f48": 2.13360108419724, "f49": -2.0771657869535343, "f5": 1.8301475560004192, "f50": 0.8413866956516909, "f51": 0.49637259828511215, "f52": -1.1921310321713832, "f53": 1.2386033721336487, "f54": -2.5191045194735775, "f55": 0.4148191407965194, "f6": 0.8459596025746206, "f7": -0.11854306955494742, "f8": 0.8844228604914415, "f9": -0.25100234433473334}, "datetime": {"datetime": "2023-01-23 17:18:25", "elapsed": 4965.569403, "delta": 51.790484}}
{"target": 0.3173995979779714, "params": {"f0": -2.451580250365901, "f1": 2.23163052093233, "f10": -0.9232127319770056, "f11": -2.640324067285385, "f12": 2.7460649537423745, "f13": 0.822437054648951, "f14": -0.42029450791452927, "f15": 2.751126027101611, "f16": -2.6528325195188533, "f17": -1.3556801237393765, "f18": 2.5576256732017706, "f19": 2.248103322561687, "f2": -1.5670888617738312, "f20": 1.5497979314639228, "f21": 0.4579095572656522, "f22": 0.7264556369916377, "f23": 1.173427620610525, "f24": 1.845419257202522, "f25": -1.3927573416227879, "f26": 1.9793070748787995, "f27": 0.8273421314339058, "f28": -1.8928686718200018, "f29": 1.5890036818502828, "f3": -0.016296673165060227, "f30": 1.7729432745618512, "f31": 1.5341716891674189, "f32": 2.7028181738598587, "f33": -0.18307803371533105, "f34": -2.7004863978491747, "f35": 1.4938164239081724, "f36": -1.1682035571970328, "f37": 0.7803840921321323, "f38": 0.5322739050638408, "f39": -2.575470832874088, "f4": -2.434410564445422, "f40": 0.30798119566981796, "f41": -1.9458754978912223, "f42": -0.25140646892514784, "f43": 1.2319552643502325, "f44": 0.0050164498022597925, "f45": 2.7060860606456174, "f46": -2.8535123510046114, "f47": 1.7441192889111257, "f48": -0.8877894613792057, "f49": -2.605791834648401, "f5": 0.08927904379227591, "f50": -1.602826810962612, "f51": -0.3738246550798481, "f52": -1.0464660160099812, "f53": 2.5823550920412988, "f54": 1.2921638711474257, "f55": -2.2346721129422917, "f6": -1.1387431734814424, "f7": -1.0935262022005507, "f8": 2.4736983472269145, "f9": 0.3624660206402943}, "datetime": {"datetime": "2023-01-23 17:19:36", "elapsed": 5037.046374, "delta": 71.476971}}
{"target": 0.1639886324891322, "params": {"f0": 1.1133803224804844, "f1": 1.4346803415013696, "f10": -1.9038719565779523, "f11": 2.892152958869307, "f12": -2.552046355320221, "f13": -0.7098481244060859, "f14": -1.4442660986043168, "f15": 2.8162801107721194, "f16": -0.2561028896113289, "f17": 0.8371679597575854, "f18": 1.8796536333803786, "f19": 1.1229163969907576, "f2": 1.1327532478209905, "f20": -2.1554123233170657, "f21": 2.1183377388055122, "f22": 2.991969792358722, "f23": 2.2857629823995183, "f24": -1.9548841519411766, "f25": -2.0650693959670274, "f26": -1.1615912300306692, "f27": -1.1800745522258134, "f28": 0.6311626026515889, "f29": 1.7280518137639262, "f3": -1.0794964937647082, "f30": -1.9653415386556259, "f31": -0.598655121956635, "f32": -2.8370710751263957, "f33": -0.00800375269799547, "f34": -1.240556924706791, "f35": -2.9579907691780405, "f36": 0.17077885673495974, "f37": 1.9514234672540756, "f38": 0.47064325572412713, "f39": -0.6491727894295889, "f4": 0.03822103296936774, "f40": 1.8848904324216615, "f41": 2.6184033461560317, "f42": -0.8897469273513874, "f43": -2.1876623203881076, "f44": -1.2465491065814924, "f45": 0.10258173065173581, "f46": -1.8007425528961476, "f47": -2.0325439571026847, "f48": 1.3636855725212182, "f49": 0.28534210951648964, "f5": -0.2215647479141536, "f50": 1.9912615145191204, "f51": 0.7075195037269078, "f52": -0.9064410572280828, "f53": 1.0149702959017581, "f54": -0.2209703159283909, "f55": 1.1108472349582472, "f6": 1.4091608594808624, "f7": 1.6474150871905042, "f8": -0.4522014981480993, "f9": 0.16715418485757771}, "datetime": {"datetime": "2023-01-23 17:20:35", "elapsed": 5096.17968, "delta": 59.133306}}
{"target": 0.05586047969765163, "params": {"f0": -2.029235244100019, "f1": -2.6249647613028415, "f10": 2.3791875645190084, "f11": 0.5809222981582955, "f12": 0.8970008237429106, "f13": -2.9787636687986123, "f14": -1.1956564621627321, "f15": -1.279576143093378, "f16": -2.6238392904794052, "f17": 0.2970080359322047, "f18": -1.4157165330739678, "f19": 2.8096409153489876, "f2": -1.7002946384842965, "f20": -0.23735690367700535, "f21": 0.9966004851137757, "f22": 2.7231955859305925, "f23": -2.3442109640870203, "f24": 2.9030822516063015, "f25": -0.022820379675773772, "f26": -1.1737676264068317, "f27": 1.2273361442660686, "f28": -2.528531827174001, "f29": -0.6549249021632182, "f3": 1.015633155349886, "f30": 2.580172184713927, "f31": 0.3211321088885106, "f32": 1.092897910152229, "f33": 2.9204662011293134, "f34": -1.1097880071249993, "f35": 1.3142677125938462, "f36": 0.3668339992816385, "f37": 1.1829865076982298, "f38": -2.0290133787822455, "f39": -0.04148975929134302, "f4": -1.1512088600204358, "f40": -2.381796816429232, "f41": 2.2103107447600117, "f42": 2.856698501094181, "f43": -2.50878774151768, "f44": 2.70511849038766, "f45": 0.1585591757467295, "f46": -2.89497813650419, "f47": 1.2616758815855196, "f48": -2.184239088514046, "f49": 2.07333669773863, "f5": -2.86755077854441, "f50": 0.7234805768419514, "f51": 0.11925048502290103, "f52": 0.30635926245528067, "f53": 1.4373487721546416, "f54": 0.9891561129479771, "f55": -0.11717399778885218, "f6": -0.33923943035810034, "f7": 2.147057278518, "f8": -0.48040931564835887, "f9": -2.823239948416882}, "datetime": {"datetime": "2023-01-23 17:20:47", "elapsed": 5108.121974, "delta": 11.942294}}
{"target": 0.20616928144146598, "params": {"f0": -0.21525907685473378, "f1": -2.5365086768447656, "f10": -0.9606053547890401, "f11": 0.2620684871549326, "f12": -0.1965311212993046, "f13": 1.3412175657050165, "f14": 1.8005215442248304, "f15": 0.11890698897007912, "f16": -2.5668451581091984, "f17": 2.02467699261416, "f18": 1.8455039207116357, "f19": -2.999158494217089, "f2": 2.5614374632446832, "f20": 0.09306670923940485, "f21": 0.42431587463059106, "f22": -1.3286786501411587, "f23": 0.13959474223657864, "f24": 0.66268722190526, "f25": 1.3621021541617413, "f26": -2.007106281173848, "f27": 1.6535386027406638, "f28": -0.21188707944961127, "f29": 2.5277910416026224, "f3": 2.9514801029226225, "f30": -0.09021950477688279, "f31": 1.6511118671267528, "f32": -2.6984313782135985, "f33": -2.5168823512508878, "f34": 1.1655979155116283, "f35": -1.3397068606306453, "f36": 2.9787046366756753, "f37": -1.5611007760447184, "f38": -0.9309726952275703, "f39": -1.0960661124807718, "f4": -0.5327089800701224, "f40": -2.9722629099582036, "f41": 1.175480577798048, "f42": 2.016748423304568, "f43": -0.8594767463384163, "f44": -1.8706136459222407, "f45": 2.1666204440339767, "f46": 1.6711075666267003, "f47": -2.72183498846057, "f48": -2.5228709579283626, "f49": -2.9431776191279893, "f5": 2.4422855625235513, "f50": -2.2940784210425598, "f51": 2.693049634389122, "f52": 0.4511309258830227, "f53": -2.968188108194639, "f54": 0.4699521019973494, "f55": -1.0640408373473065, "f6": -2.390623496660642, "f7": -0.6380726547079782, "f8": -2.5277337546073433, "f9": -2.449746948336862}, "datetime": {"datetime": "2023-01-23 17:21:31", "elapsed": 5152.17128, "delta": 44.049306}}
{"target": 0.16535636304465098, "params": {"f0": 2.0261676492522156, "f1": -2.384865538551158, "f10": 0.08548506293893876, "f11": -1.1918792029311016, "f12": 0.6088264987535759, "f13": -1.9387766385635197, "f14": 0.2286614983787958, "f15": 1.4669537299397426, "f16": -1.8718975027576301, "f17": 1.4502382950934, "f18": 2.65402060756034, "f19": -0.624749349303948, "f2": -2.2193677047677562, "f20": 1.5013016337006837, "f21": 0.7546380484249511, "f22": 1.8371410173148037, "f23": 0.6526407378121184, "f24": -1.2788856577497982, "f25": -2.8982471803571066, "f26": 2.9616734695632108, "f27": -1.950803069271717, "f28": 2.67259253523015, "f29": 1.7481988658118732, "f3": -2.963404965449053, "f30": 1.791923614295519, "f31": 2.6952678063317332, "f32": 1.1791734666428315, "f33": 1.2557639195795343, "f34": 0.370281466739093, "f35": 2.1789335149352684, "f36": -2.0878643675432382, "f37": 0.47742080842913026, "f38": 2.0288562840214084, "f39": 0.8495543631281333, "f4": -1.3325264060588347, "f40": -0.6797355325243779, "f41": 0.16925580503767446, "f42": -1.9411709956234915, "f43": 2.4486555842847233, "f44": -1.7910997869755712, "f45": -1.6941642725322636, "f46": -2.983702548172802, "f47": 0.1667537992112389, "f48": -0.3518093412476748, "f49": -2.5769662656046037, "f5": -2.0188679598357138, "f50": 2.872779071632144, "f51": 2.2931697758679945, "f52": -0.6722073178512682, "f53": 2.7539618954737977, "f54": -0.8533430762881453, "f55": 0.8898826160526401, "f6": 2.1169981147771306, "f7": -2.786430463612464, "f8": -0.6198778270522034, "f9": 1.493030967810376}, "datetime": {"datetime": "2023-01-23 17:22:50", "elapsed": 5230.586058, "delta": 78.414778}}
{"target": 0.0903366899874057, "params": {"f0": -2.600686504529464, "f1": 0.8776537279509502, "f10": 0.8778478458843786, "f11": -1.6020445824186882, "f12": -0.9672792158808257, "f13": 2.3483090284031913, "f14": 2.4204910029892694, "f15": 0.5823797155386132, "f16": -1.6127709877485037, "f17": 1.108868405737665, "f18": 0.5375806280964395, "f19": -0.5915338870824409, "f2": 1.1917521621235325, "f20": -2.290405776919652, "f21": -0.3353379662864455, "f22": -1.3401086705293275, "f23": -1.5698271433808793, "f24": -2.126339345690484, "f25": 2.6850748110856477, "f26": 2.7569401313652913, "f27": 1.7933405434928895, "f28": 0.258482657369953, "f29": -1.222463949122003, "f3": -2.406345909389167, "f30": 1.2966465777248635, "f31": 0.6481097193052912, "f32": -1.885337161243446, "f33": -2.7804075719535257, "f34": 1.8260855223338153, "f35": 1.8041049977260055, "f36": -0.7632690541056135, "f37": 0.8770104073857952, "f38": -2.5120284037985847, "f39": 2.9120572642916294, "f4": 0.6618037659176674, "f40": 2.091086542236619, "f41": -1.3078769947095226, "f42": 0.645373909057116, "f43": 0.6925530205090586, "f44": -1.627347683992007, "f45": -0.7089739262651893, "f46": -2.6709625580981067, "f47": 1.8045571795978983, "f48": 2.893535538397094, "f49": 1.5235965364560142, "f5": 1.3700317562399356, "f50": 1.5390592319669123, "f51": -0.8310335506128537, "f52": 1.4000659116718959, "f53": -1.15826627849655, "f54": 2.2651724420198045, "f55": -1.1182126310361225, "f6": 1.360924605950867, "f7": -2.739868227168764, "f8": -0.3026430507612927, "f9": -2.1042648064670595}, "datetime": {"datetime": "2023-01-23 17:27:59", "elapsed": 5540.482715, "delta": 309.896657}}
