{"target": 0.8501523818349674, "params": {"f0": 1.412295785108292, "f1": -1.2202500449798444, "f10": 0.35251739579928454, "f11": 1.9655497361421481, "f12": -0.513903841604508, "f13": -2.8388497191741746, "f14": -0.7921607789260379, "f15": 0.07287525739773557, "f16": 0.6002255981983592, "f17": -0.44744544396636254, "f18": -1.6780936925787802, "f19": -2.7044838960509723, "f2": -3.0306182462167217, "f20": -2.832535385895951, "f21": -0.6370181384054924, "f22": 2.379888984539932, "f23": 1.1702536228540366, "f24": 2.0618321163533655, "f25": 0.7837211358414063, "f26": -0.45612025898380015, "f27": 2.254080359634262, "f28": 2.8215045873877966, "f29": 0.5264145026301512, "f3": -2.856880474155089, "f30": 0.9030273630415506, "f31": 0.3606271026839582, "f32": -2.1739096168942016, "f33": -2.4236884875935347, "f34": -2.2332432494058865, "f35": -1.409496917853439, "f36": 0.03449084985783342, "f37": -2.2073618848850827, "f38": 1.392030670727849, "f39": 0.9693907220563579, "f4": 1.138001601654981, "f40": -0.6858883028015171, "f41": -2.2773452435181962, "f42": -1.282136789873858, "f43": 2.240561419832469, "f44": 0.1775351912493681, "f45": -2.1733262875609363, "f46": -2.2240941143515105, "f47": -2.4049004905016007, "f48": 2.925000894808899, "f49": 1.0529871411142835, "f5": -2.2716335429744854, "f50": -1.1303282120239873, "f51": 1.5904380106483589, "f52": -2.6684171725925414, "f53": -2.669838444412074, "f54": 1.102189989949849, "f55": -1.967489005029877, "f6": -1.4737452778724947, "f7": 0.13270896191782636, "f8": -2.091907793871513, "f9": 1.0268776073729164}, "datetime": {"datetime": "2023-01-23 18:21:34", "elapsed": 8754.747812, "delta": 8.461706}}
{"target": 0.21829618684430066, "params": {"f0": 1.1350062820807614, "f1": -0.8147254360006957, "f10": 0.35691505746903773, "f11": 1.9799070633213256, "f12": -0.38777459546104176, "f13": -2.1112693685770085, "f14": -0.7661455486733706, "f15": 0.22719652436794968, "f16": 0.6002255981983592, "f17": -0.44744544396636254, "f18": -1.7101510721710036, "f19": -2.6774941861531896, "f2": -3.00936991683804, "f20": -3.077310717336833, "f21": -1.1909453531267669, "f22": 2.3627610494150795, "f23": 1.1702536228540366, "f24": 2.0713165178525874, "f25": 1.4731249259361543, "f26": -0.9544812108205314, "f27": 2.138593561882085, "f28": 2.8346416715832143, "f29": 0.38618685877040443, "f3": -2.810305629127379, "f30": 0.8866364637535089, "f31": 0.37570298540650526, "f32": -2.1739096168942016, "f33": -3.0353082551031543, "f34": -2.0918339082924797, "f35": -1.5884766573284104, "f36": -0.034978169349138166, "f37": -2.225710637371374, "f38": 1.392030670727849, "f39": 0.45614160517802804, "f4": 1.138001601654981, "f40": -0.42967938335694, "f41": -3.155661135652665, "f42": -1.1857635935359172, "f43": 2.1974590287536166, "f44": 0.3722112578847772, "f45": -2.451283957329747, "f46": -2.0432315306811537, "f47": -2.4303877843542376, "f48": 2.9467637703196736, "f49": 0.991147567505485, "f5": -1.6346325726146484, "f50": -0.6789397444903461, "f51": 1.880234491042888, "f52": -2.6927511327824125, "f53": -2.2667523124924274, "f54": 1.0767568291174598, "f55": -1.9249415496536337, "f6": -0.9578810843124931, "f7": 0.09864180037580297, "f8": -2.072491809126042, "f9": 1.073151995428905}, "datetime": {"datetime": "2023-01-23 18:21:53", "elapsed": 8773.620633, "delta": 18.872821}}
{"target": 0.8501523818349674, "params": {"f0": 0.913076466428994, "f1": -0.6714668517924997, "f10": 0.3821365170617968, "f11": 2.0764798604606267, "f12": -0.4147686958191052, "f13": -2.9517754863496277, "f14": -0.7939265658387319, "f15": -0.2094868813002587, "f16": 0.26106099596417626, "f17": -0.44744544396636254, "f18": -1.6276053878368342, "f19": -2.5073365935215786, "f2": -2.6918026786280063, "f20": -2.7452359732891938, "f21": -0.31107603491702396, "f22": 2.226846473171009, "f23": 1.1702536228540366, "f24": 1.9959252207288052, "f25": 0.5094260933465398, "f26": -0.021584441853403857, "f27": 2.399463944816558, "f28": 2.7723259056682585, "f29": 0.44487286562485745, "f3": -2.60662879788699, "f30": 0.9439309768130275, "f31": -0.02418375935154722, "f32": -1.624789593950557, "f33": -2.4769702968585334, "f34": -2.790140083570263, "f35": -1.4038808079185219, "f36": 0.5411520178238479, "f37": -2.3271151553373857, "f38": 1.392030670727849, "f39": 0.6243387414239535, "f4": 1.138001601654981, "f40": -0.4395072149202302, "f41": -2.266478533653568, "f42": -1.3988357056583107, "f43": 2.823066796099006, "f44": 0.5722766444465325, "f45": -2.623230858790799, "f46": -2.802936853648901, "f47": -2.5641934039282233, "f48": 2.6370530421520266, "f49": 1.1506995927139592, "f5": -1.9843719463138048, "f50": -0.9120370209765322, "f51": 1.694928950183275, "f52": -2.745821527188758, "f53": -2.7647102212324812, "f54": 1.3060913637383949, "f55": -1.8604960048310126, "f6": -1.3820238029457064, "f7": 0.12919765107864062, "f8": -1.6572378127540262, "f9": 1.1169037388161875}, "datetime": {"datetime": "2023-01-23 18:21:56", "elapsed": 8777.520589, "delta": 3.899956}}
{"target": 0.8501523818349674, "params": {"f0": 1.0287319497717053, "f1": -0.7636441287579343, "f10": 0.36646272752155945, "f11": 2.022568050876339, "f12": -0.5290309549587466, "f13": -3.004250768204492, "f14": -0.9811475044451548, "f15": 0.17162162425939625, "f16": 0.39172611523895057, "f17": -1.2656022286717945, "f18": -1.4889244078938895, "f19": -2.652751648281371, "f2": -3.1238934335720008, "f20": -2.6145586002565397, "f21": -0.31107603491702396, "f22": 2.348900833673355, "f23": 1.1702536228540366, "f24": 2.0305589732067784, "f25": 0.5094260933465398, "f26": -0.5934068642311806, "f27": 2.4157341015232574, "f28": 2.8043497451511885, "f29": 0.6349670654566955, "f3": -2.830154997122885, "f30": 1.0008911652316999, "f31": 0.12624817437763883, "f32": -2.0399129686187547, "f33": -2.6093783891685005, "f34": -2.7288197535505905, "f35": -0.9764436274978948, "f36": -0.034978169349138166, "f37": -2.1586196327052405, "f38": 1.392030670727849, "f39": 0.6273638170075443, "f4": 1.138001601654981, "f40": -0.40226916324133977, "f41": -2.5214483915221377, "f42": -1.5944585130339208, "f43": 2.478478886523417, "f44": 0.4622825829544778, "f45": -2.7113206569052957, "f46": -2.5901617273740434, "f47": -2.4809874754127828, "f48": 2.5559209798671594, "f49": 1.297402426341227, "f5": -2.0370547295969024, "f50": -0.5798224444420483, "f51": 1.8853722358377503, "f52": -2.6187940345897553, "f53": -2.240850817152365, "f54": 1.3749682749175864, "f55": -1.9372403311026307, "f6": -1.1559514015207957, "f7": 0.16980897032844447, "f8": -1.8407968057659267, "f9": 1.0256627166350711}, "datetime": {"datetime": "2023-01-23 18:22:03", "elapsed": 8783.70649, "delta": 6.185901}}
{"target": 0.8501523818349674, "params": {"f0": 0.5768354716879226, "f1": -1.2594889566023073, "f10": 0.3761276866803382, "f11": 1.9579592666247623, "f12": -0.7778638930767905, "f13": -2.338770517005165, "f14": -1.0638154878194106, "f15": 0.024342303401189692, "f16": -0.13884198823355579, "f17": -0.44744544396636254, "f18": -1.5601505902373616, "f19": -2.5262193786588285, "f2": -2.7264645853594036, "f20": -2.8050559320189548, "f21": -0.31107603491702396, "f22": 2.2985314629687754, "f23": 1.1702536228540366, "f24": 2.014024592876652, "f25": 0.956618473471214, "f26": -0.5121431836191378, "f27": 2.3982155278454855, "f28": 2.784822599204894, "f29": 0.6964043513984806, "f3": -2.807887996988177, "f30": 0.9963401239195769, "f31": 0.16422633028152286, "f32": -1.5966646721407036, "f33": -2.3315815380170273, "f34": -2.4929403893943585, "f35": -1.2323467006064783, "f36": 0.4149022288626291, "f37": -2.3532568419177675, "f38": 1.392030670727849, "f39": 0.7131263647458546, "f4": 1.138001601654981, "f40": -0.4978937124892802, "f41": -2.8519225155665344, "f42": -1.4823094685515878, "f43": 2.5610736960871923, "f44": 0.4242908498253735, "f45": -2.4874486568726257, "f46": -2.511629137785766, "f47": -2.4990850244223433, "f48": 2.7052032957796044, "f49": 1.1759100520819996, "f5": -2.2377364726172218, "f50": -0.6486890149738543, "f51": 2.010820233166342, "f52": -2.6785025813013035, "f53": -2.9724391857109405, "f54": 1.3620572125808021, "f55": -1.928068542158104, "f6": -1.3454637282760296, "f7": 0.14301008657256198, "f8": -2.091907793871513, "f9": 1.0051860497638985}, "datetime": {"datetime": "2023-01-23 18:22:09", "elapsed": 8789.781821, "delta": 6.075331}}
{"target": 0.8501523818349674, "params": {"f0": 0.8782554858907381, "f1": -0.3226855567173256, "f10": 0.35815589107229706, "f11": 2.0475300500132967, "f12": -0.7317858012589606, "f13": -2.5161123806155454, "f14": -0.5166208509140787, "f15": -0.20685440201598887, "f16": 0.34772091148222184, "f17": -0.5007730181894261, "f18": -1.7337209087837295, "f19": -2.5009252573039777, "f2": -3.3359940730371664, "f20": -3.024368196625671, "f21": -0.31107603491702396, "f22": 2.307685830228121, "f23": 1.1702536228540366, "f24": 1.9209915748344282, "f25": 0.8252770676831392, "f26": -0.6361538432004932, "f27": 2.0200241856403727, "f28": 2.692695048927648, "f29": 0.4714230874774425, "f3": -2.7720121275565592, "f30": 0.953893169576284, "f31": 0.1719909513151968, "f32": -2.1739096168942016, "f33": -2.293678754628946, "f34": -2.376172037113568, "f35": -1.2774901697217405, "f36": 0.699686410964482, "f37": -2.397457900939586, "f38": 1.392030670727849, "f39": 0.7022515832910837, "f4": 1.138001601654981, "f40": -0.30272883991754745, "f41": -2.198733691722712, "f42": -1.3185117481280213, "f43": 2.489408666780387, "f44": 0.5616260738684461, "f45": -2.5264297320664073, "f46": -2.457144125539751, "f47": -2.414600552986125, "f48": 2.7074718021109825, "f49": 1.1883257109671272, "f5": -1.9029372679188101, "f50": -1.0248815303556211, "f51": 2.1563854156255657, "f52": -2.7385327558462405, "f53": -2.710387122965071, "f54": 1.3648937864984212, "f55": -1.8019995282697325, "f6": -1.1195092958489932, "f7": 0.13577846370897823, "f8": -1.4170582826382643, "f9": 1.0908569635234622}, "datetime": {"datetime": "2023-01-23 18:22:17", "elapsed": 8797.597545, "delta": 7.815724}}
{"target": 0.8501523818349674, "params": {"f0": 1.5047124325293664, "f1": -0.9766469433873183, "f10": 0.39249248647206175, "f11": 2.082099321624138, "f12": -0.5889791924263073, "f13": -2.9295944243571688, "f14": -1.2339286926791169, "f15": 0.07017689275995598, "f16": 0.15230706840007907, "f17": -0.44744544396636254, "f18": -1.6966617024309898, "f19": -2.5582167860847007, "f2": -2.3359940730371664, "f20": -2.9650423618772144, "f21": -0.31107603491702396, "f22": 2.2866570650028972, "f23": 1.1702536228540366, "f24": 1.9567880909719824, "f25": 0.5094260933465398, "f26": -0.4802291502211597, "f27": 2.466265885958269, "f28": 2.7159729928813765, "f29": 0.4313749513987734, "f3": -2.734988327242652, "f30": 0.915060752722408, "f31": 0.35178003432183236, "f32": -2.0736036279845615, "f33": -2.58070277362045, "f34": -2.5656682545010097, "f35": -1.3283139577396081, "f36": 0.5203048607952816, "f37": -2.2938698984845893, "f38": 1.392030670727849, "f39": 0.3309400524784921, "f4": 1.138001601654981, "f40": -0.5796802449946349, "f41": -2.6834967080344523, "f42": -1.3441187687217333, "f43": 2.58461860200977, "f44": 0.5871161201293318, "f45": -2.8291682037740116, "f46": -2.200068229165651, "f47": -2.4637494637300845, "f48": 2.7474581421455206, "f49": 1.123709468270526, "f5": -1.6595684751447595, "f50": -1.1158820057450858, "f51": 1.5801827251645648, "f52": -2.735408672346227, "f53": -2.6764248659426504, "f54": 1.299550225839123, "f55": -1.8504588934382, "f6": -0.6806198735974133, "f7": 0.1576513201073547, "f8": -1.6880355586213753, "f9": 1.1106219798844075}, "datetime": {"datetime": "2023-01-23 18:22:25", "elapsed": 8806.221146, "delta": 8.623601}}
{"target": 0.8501523818349674, "params": {"f0": 1.1961036144361414, "f1": -0.8206690289307028, "f10": 0.39389034460455175, "f11": 2.098738907352146, "f12": -0.7037054159979041, "f13": -2.550371504073277, "f14": -0.38010599637156234, "f15": 0.08085854655210759, "f16": 0.4842663311993814, "f17": -0.44744544396636254, "f18": -1.7966322087054944, "f19": -2.7132811662062633, "f2": -2.7985592569892366, "f20": -2.7098167217233504, "f21": -0.31107603491702396, "f22": 2.353020822787752, "f23": 1.5646683315171417, "f24": 1.8881394171598682, "f25": 0.628706251148509, "f26": -0.06589573814532164, "f27": 2.116203207631868, "f28": 2.678899473414088, "f29": 0.6043761501132343, "f3": -3.0768829169507246, "f30": 0.9429435480200278, "f31": 0.09731055468629347, "f32": -1.2945651716612538, "f33": -2.671712720996837, "f34": -2.675046573794999, "f35": -1.2190495788269904, "f36": 0.004584726660168495, "f37": -2.192486655116414, "f38": 1.392030670727849, "f39": 0.47601775267914737, "f4": 1.138001601654981, "f40": -0.7231168518429751, "f41": -2.9185468050709162, "f42": -1.278377709503408, "f43": 2.285662836449883, "f44": 0.3488762423067982, "f45": -2.5557047560351007, "f46": -2.802936853648901, "f47": -2.3792578712537718, "f48": 2.6660928759694174, "f49": 1.3513030639692007, "f5": -1.4740703875390924, "f50": -1.147384903711013, "f51": 1.729035087604769, "f52": -2.5054308314584977, "f53": -2.4090007499415274, "f54": 1.2546236538607252, "f55": -1.9594093434777415, "f6": -1.5787336318084488, "f7": 0.130662913517098, "f8": -1.5707630634065417, "f9": 0.871207965139034}, "datetime": {"datetime": "2023-01-23 18:22:32", "elapsed": 8812.669523, "delta": 6.448377}}
{"target": 0.9172148359312202, "params": {"f0": 0.8482166444450278, "f1": -0.8497387233819732, "f10": 0.3484093005195276, "f11": 1.9376760438673117, "f12": -0.9078271236020278, "f13": -2.704089554179795, "f14": -0.9008763662784458, "f15": -0.312074315781668, "f16": 0.3532530700120594, "f17": -0.44744544396636254, "f18": -1.2918204363343735, "f19": -2.7833022768171714, "f2": -3.216254637523618, "f20": -2.865278356175574, "f21": -0.31107603491702396, "f22": 2.845327303368566, "f23": 1.1702536228540366, "f24": 1.7693134643941606, "f25": 0.7049782905337614, "f26": -0.3863314250592215, "f27": 2.1893842637588343, "f28": 2.649663626029216, "f29": 0.18675033028226, "f3": -2.530196508851344, "f30": 0.774253146758885, "f31": 0.1367538760063639, "f32": -1.751452716890365, "f33": -3.1571678059781028, "f34": -2.7107338105951255, "f35": -1.5693581807224466, "f36": 0.44985972077968345, "f37": -2.150276700810472, "f38": 1.392030670727849, "f39": 0.9919227466775059, "f4": 1.138001601654981, "f40": -0.7832834752590982, "f41": -2.6131228304742815, "f42": -1.5182100577376156, "f43": 2.6030328458486287, "f44": 0.2855425178760516, "f45": -3.00060657448604, "f46": -2.802936853648901, "f47": -2.760836261194063, "f48": 2.7708263766771766, "f49": 0.9284609638353692, "f5": -1.92999799952863, "f50": -0.720295935560917, "f51": 1.5116892212456872, "f52": -2.9008226972464484, "f53": -2.3779287293390787, "f54": 0.9383832883517627, "f55": -2.209377334743155, "f6": -1.253092661109144, "f7": 0.2956790914526049, "f8": -1.8213838277519145, "f9": 1.3003475932928943}, "datetime": {"datetime": "2023-01-23 18:22:41", "elapsed": 8822.213776, "delta": 9.544253}}
{"target": 0.8501523818349674, "params": {"f0": 0.9380201115354971, "f1": -0.7155762481244026, "f10": 0.43731038945273004, "f11": 1.7593398096898438, "f12": -0.5208907916841063, "f13": -2.6707694166096427, "f14": -0.9489265934439657, "f15": -0.34882204673199035, "f16": 0.6002255981983591, "f17": -0.7970841307613082, "f18": -1.7966322087054944, "f19": -2.849751399428489, "f2": -2.8662035137671342, "f20": -2.727829692713087, "f21": -0.31107603491702396, "f22": 2.639683595500248, "f23": 1.1702536228540366, "f24": 1.8463196304137677, "f25": 0.5094260933465398, "f26": -0.4941498686250324, "f27": 2.1090723331407286, "f28": 2.6132285164654223, "f29": 0.17655398937800726, "f3": -2.507030719321286, "f30": 0.9049034369671302, "f31": -0.09485944502449078, "f32": -1.3463624041086948, "f33": -2.650025441155925, "f34": -2.520344220251165, "f35": -1.5884766573284104, "f36": 0.2697252713129518, "f37": -2.333408498619796, "f38": 1.392030670727849, "f39": 0.7388373223927902, "f4": 0.1380016016549811, "f40": -0.7832834752590982, "f41": -2.6849124344418716, "f42": -0.9735707672083451, "f43": 2.6351399767169603, "f44": 0.3492375177962468, "f45": -2.647232232980821, "f46": -2.469859469554316, "f47": -2.5666976449744277, "f48": 2.5619449073263447, "f49": 1.525607423888358, "f5": -2.2619897751441167, "f50": -0.7014505463865125, "f51": 1.8457644817993653, "f52": -2.608588312514941, "f53": -2.5635284877531825, "f54": 0.9383832883517627, "f55": -1.7119255978267656, "f6": -1.0684219620727815, "f7": -0.32305853506842686, "f8": -1.8577850810350978, "f9": 1.1407931615533968}, "datetime": {"datetime": "2023-01-23 18:22:48", "elapsed": 8829.299447, "delta": 7.085671}}
{"target": 0.9172148359312202, "params": {"f0": 0.9845823906509158, "f1": -0.7736110438297713, "f10": 0.336913029833873, "f11": 2.073551606418171, "f12": -0.2220304618883327, "f13": -2.7054130274316144, "f14": -0.7863810974627444, "f15": -0.08699074766783703, "f16": 0.6002255981983592, "f17": -0.6222190336617558, "f18": -1.1996685893234154, "f19": -2.389127183354476, "f2": -2.8673019282334153, "f20": -2.732296644250435, "f21": -0.31107603491702396, "f22": 2.205457422878684, "f23": 2.1702536228540366, "f24": 2.0337371548236702, "f25": 0.8904320329471286, "f26": -0.40532803089257446, "f27": 2.5308281357321785, "f28": 3.1035375259872, "f29": 0.5140723595109383, "f3": -2.507083879975989, "f30": 0.9324434000288594, "f31": 0.0019935803805714485, "f32": -2.0630025095841567, "f33": -2.7610741951939195, "f34": -2.5846668742207477, "f35": -1.5884766573284104, "f36": 0.2141518532616222, "f37": -2.4448933277998837, "f38": 1.392030670727849, "f39": 0.786895588730172, "f4": 1.138001601654981, "f40": -0.26708105197254467, "f41": -2.6904442818145005, "f42": -1.4164068966483538, "f43": 2.739296441355215, "f44": 0.3784757040528949, "f45": -2.5487418927136916, "f46": -2.802936853648901, "f47": -3.066553775802316, "f48": 2.8364787956365167, "f49": 1.1116227441199578, "f5": -2.0964179674328656, "f50": -0.8488784204718869, "f51": 1.6896886124928945, "f52": -2.4789625518393343, "f53": -2.6971390327074363, "f54": 1.213388501559106, "f55": -2.094731781236572, "f6": -1.200872181243122, "f7": 0.20906389316503096, "f8": -1.9455026547920935, "f9": 1.0170595512539238}, "datetime": {"datetime": "2023-01-23 18:22:55", "elapsed": 8836.126123, "delta": 6.826676}}
{"target": 0.42463670900462164, "params": {"f0": 1.0841638328390646, "f1": -0.5274536351413502, "f10": -0.15948554283644167, "f11": 2.3694010207774094, "f12": -0.7665519330192497, "f13": -2.3260015137024377, "f14": -1.0416639455519916, "f15": -0.15818826119922544, "f16": 0.475248667335416, "f17": -0.44744544396636254, "f18": -1.7966322087054944, "f19": -2.5442435146041698, "f2": -3.2450147531694227, "f20": -2.7743289415262606, "f21": -0.31107603491702396, "f22": 2.205457422878684, "f23": 1.2175921863998604, "f24": 2.134626172006933, "f25": 0.5094260933465398, "f26": -0.7011195972879204, "f27": 2.7621586821926405, "f28": 2.6074096316367448, "f29": 0.850258164615899, "f3": -2.5956358680349547, "f30": 1.0056269545115486, "f31": -0.09485944502449078, "f32": -1.1739096168942016, "f33": -3.0760284066695003, "f34": -2.5827164109789673, "f35": -1.5884766573284104, "f36": 0.11916746265654342, "f37": -2.39542191921031, "f38": 1.392030670727849, "f39": 0.5768204959414527, "f4": 1.138001601654981, "f40": -0.7832834752590982, "f41": -2.155661135652665, "f42": -1.3968731137352193, "f43": 2.62395442158201, "f44": 0.10721054227363933, "f45": -2.208018428143524, "f46": -2.802936853648901, "f47": -3.0957092009614118, "f48": 2.7948054620612766, "f49": 1.1738846119996076, "f5": -2.1079737573936614, "f50": -0.8357975476908612, "f51": 1.5116892212456872, "f52": -3.05438995941087, "f53": -2.472985310116514, "f54": 1.1692940610820988, "f55": -2.0129931445328877, "f6": -0.7953534862078281, "f7": -0.07849558214068918, "f8": -1.8422284089294632, "f9": 1.0524506162316243}, "datetime": {"datetime": "2023-01-23 18:23:44", "elapsed": 8884.754381, "delta": 48.628258}}
{"target": 0.8501523818349674, "params": {"f0": 0.9205822164448841, "f1": -0.8102302552958449, "f10": 0.7957279575661317, "f11": 1.696072949853423, "f12": -0.23817220422241517, "f13": -3.0146510051046325, "f14": -0.910415399102179, "f15": 0.07806100075618992, "f16": 0.2976112374160541, "f17": -0.5650327478162291, "f18": -1.0550311464249171, "f19": -2.5215931059048025, "f2": -2.8401180101662886, "f20": -3.0061621716743163, "f21": -0.31107603491702396, "f22": 2.494588248526698, "f23": 1.1702536228540366, "f24": 2.134626172006933, "f25": 0.8392899475240503, "f26": -0.14056100666170082, "f27": 2.0632844530667227, "f28": 3.1035375259872, "f29": 0.15718126982830893, "f3": -2.5071747846955312, "f30": 0.813428334327455, "f31": 0.3072622320727534, "f32": -2.1739096168942016, "f33": -2.3749615333182965, "f34": -2.7034545870508473, "f35": -1.5884766573284104, "f36": 0.38148779842085245, "f37": -2.322150251652755, "f38": 1.392030670727849, "f39": 0.6966700681862793, "f4": 0.7756518817951564, "f40": -0.7832834752590982, "f41": -2.94490646298923, "f42": -1.2933311503593965, "f43": 2.509012508997906, "f44": 0.6319789208281422, "f45": -2.8491884055917587, "f46": -2.802936853648901, "f47": -2.736978274460254, "f48": 2.424639203385256, "f49": 0.9712642205783246, "f5": -1.7726820435731077, "f50": -1.005466761808871, "f51": 2.2232202201973488, "f52": -2.4346485760513166, "f53": -2.5607295023500436, "f54": 0.9383832883517627, "f55": -2.1459212665669445, "f6": -1.5787336318084488, "f7": 0.18204607481468188, "f8": -1.7576342881155276, "f9": 0.6986818951348679}, "datetime": {"datetime": "2023-01-23 18:23:49", "elapsed": 8890.313556, "delta": 5.559175}}
