{"target": 0.8074657191392078, "params": {"f0": 1.0068800761881622, "f1": -0.8078601525175495, "f10": 0.07805782536995763, "f11": 2.341594224532325, "f12": -0.3837396000687874, "f13": -2.7025625731752125, "f14": -0.6694998424737761, "f15": -0.34592549681172424, "f16": 0.42263406282215127, "f17": -0.883344210068706, "f18": -1.3553630913769013, "f19": -2.3782357983526876, "f2": -2.737561854577824, "f20": -2.8987413530677526, "f21": -0.714714890086847, "f22": 2.205457422878684, "f23": 1.2699695754441784, "f24": 2.016838504482405, "f25": 1.1598406479107768, "f26": -0.16642922355048742, "f27": 2.230052206977319, "f28": 2.521266244489191, "f29": 0.1784241903554617, "f3": -2.4620058345804177, "f30": 1.6950442846814133, "f31": 0.7878076063504437, "f32": -1.7447567221649605, "f33": -3.0043821493354015, "f34": -2.1809660150252417, "f35": -1.1136942747066134, "f36": 0.38502382514864086, "f37": -2.0384092931284785, "f38": 1.5037139643906632, "f39": 0.5495796240643295, "f4": 1.138001601654981, "f40": -0.2633709551886915, "f41": -2.788503989551664, "f42": -1.5509687930394038, "f43": 2.3961902884566317, "f44": 0.4512888260557418, "f45": -2.5379101231583765, "f46": -2.168422062003271, "f47": -2.7657288908926945, "f48": 3.1224195791501983, "f49": 1.200526831592175, "f5": -1.7705767830024923, "f50": -0.7688347271324468, "f51": 1.91788278361773, "f52": -2.944759366425175, "f53": -2.8093056290684135, "f54": 0.9383832883517627, "f55": -1.8962479832343666, "f6": -1.2498429431736982, "f7": -0.18349641427096253, "f8": -1.666758988414121, "f9": 0.4830642019505498}, "datetime": {"datetime": "2023-01-23 18:10:52", "elapsed": 8112.845064, "delta": 52.556334}}
{"target": 0.7471703393846761, "params": {"f0": 1.1297910794896993, "f1": -0.628089202622846, "f10": 0.366667412088613, "f11": 2.004548195158336, "f12": -0.5982080103724817, "f13": -2.864582874029548, "f14": -0.8648867543858217, "f15": 0.04282327492462448, "f16": 0.14762546539787688, "f17": -0.7961009278602045, "f18": -0.7966322087054944, "f19": -3.216542509995991, "f2": -2.7143380332460803, "f20": -2.805564795817025, "f21": -0.6673985789624035, "f22": 2.207631802471973, "f23": 1.2329733822312356, "f24": 1.8248236858263462, "f25": 1.02249555359278, "f26": -0.5033619877283241, "f27": 2.5125475754543007, "f28": 2.8563103789993955, "f29": 0.9267721473703266, "f3": -2.764292246546126, "f30": 1.4854657653465895, "f31": 0.3427221046864501, "f32": -1.8824539484393898, "f33": -2.7356748490418576, "f34": -2.4653171849711932, "f35": -1.2207379656468784, "f36": 0.5051188678723437, "f37": -2.6235470879585256, "f38": 1.8048585634545642, "f39": 0.7137853083233746, "f4": 1.138001601654981, "f40": 0.12237176902719776, "f41": -2.942694200425184, "f42": -0.9735707672083451, "f43": 2.283431636955891, "f44": 0.24608360725984862, "f45": -2.2562607474662784, "f46": -2.4298330058904103, "f47": -2.0957092009614118, "f48": 2.780639211734364, "f49": 0.7079585737534089, "f5": -1.6692458892542237, "f50": -0.7144523911976233, "f51": 1.916985930306476, "f52": -2.557378669793806, "f53": -2.6823032719544995, "f54": 0.9383832883517627, "f55": -2.0164988919450195, "f6": -1.2523739791133524, "f7": -0.1664241787407447, "f8": -1.4415919079334467, "f9": 1.3003475932928943}, "datetime": {"datetime": "2023-01-23 18:11:58", "elapsed": 8179.307489, "delta": 66.462425}}
{"target": 0.8501523818349674, "params": {"f0": 1.1319413910393574, "f1": -0.6182588075664414, "f10": 0.2793742113718046, "f11": 2.696072949853423, "f12": -0.7392523958812767, "f13": -2.3827459011271697, "f14": -0.4395017994663797, "f15": -0.2496135468729043, "f16": 0.3600808000571032, "f17": -0.697107796102998, "f18": -1.615336734889474, "f19": -2.7674368022934073, "f2": -2.790752501664171, "f20": -3.0154401951331375, "f21": -0.5860693683854915, "f22": 2.646604040278736, "f23": 1.2293548503399472, "f24": 1.503453775577351, "f25": 0.8651659433126754, "f26": -0.3231866552280836, "f27": 2.2085346534624164, "f28": 2.1035375259872, "f29": 0.31869683356113204, "f3": -3.469943146967628, "f30": 0.7793090048655282, "f31": 0.11879161361290204, "f32": -1.7930587062606451, "f33": -2.9202359217015874, "f34": -2.232169109300941, "f35": -1.0741742989832554, "f36": 0.4137317402680565, "f37": -1.9396799363396706, "f38": 1.5450679523364124, "f39": 0.5599010951884817, "f4": 1.138001601654981, "f40": -0.5310213844024, "f41": -2.7583889944477313, "f42": -1.2091054538828505, "f43": 2.3637333312285365, "f44": 0.19875638774318508, "f45": -2.628664605505934, "f46": -2.207959340731723, "f47": -2.0957092009614118, "f48": 2.833541447033113, "f49": 1.3671052709282412, "f5": -1.863923453489807, "f50": -0.7181797326053104, "f51": 1.6229594051810008, "f52": -3.4272460656923913, "f53": -2.722158537153017, "f54": 1.3018363464045086, "f55": -1.8837941937791354, "f6": -0.8655231792364422, "f7": -0.11105484653107636, "f8": -1.7868915103745664, "f9": 1.3003475932928943}, "datetime": {"datetime": "2023-01-23 18:12:05", "elapsed": 8186.027677, "delta": 6.720188}}
{"target": 0.23145181469843676, "params": {"f0": 0.8879886801094246, "f1": -0.8002677192669232, "f10": 0.013002660655144164, "f11": 2.696072949853423, "f12": -0.23395891022338217, "f13": -2.857557022625573, "f14": -0.8167051954653779, "f15": -0.1631265723942952, "f16": 0.21437441030284657, "f17": -0.580150238166204, "f18": -1.1109978710072903, "f19": -2.64966410071591, "f2": -2.6217284113022643, "f20": -2.6638056081184023, "f21": -0.7445398631266785, "f22": 2.227108742223307, "f23": 1.1702536228540366, "f24": 1.3420782945439194, "f25": 1.3806160228351863, "f26": 0.01374125596238828, "f27": 2.4587239664885283, "f28": 2.4745435486824987, "f29": 0.5057187278836152, "f3": -3.4733269485642815, "f30": 0.8090731258547934, "f31": 0.8532186050781231, "f32": -2.130503101839823, "f33": -3.1364653031735417, "f34": -2.363275377478462, "f35": -1.2816527618496296, "f36": 0.3918963300841844, "f37": -2.3311391724939705, "f38": 1.41204323231692, "f39": 0.7469615798390151, "f4": 0.1380016016549811, "f40": 0.09998858674880841, "f41": -2.626326954497315, "f42": -1.6532293550743848, "f43": 2.395194897009957, "f44": 0.5101534191204933, "f45": -2.44368831037808, "f46": -2.364799427101947, "f47": -2.0957092009614118, "f48": 2.9251367033195037, "f49": 1.2767725849107279, "f5": -1.7557896671511288, "f50": -0.5898724856828826, "f51": 1.9364912095601303, "f52": -3.3706212820030066, "f53": -2.574218068709721, "f54": 1.8692421342246006, "f55": -2.0176640783251325, "f6": -1.1958889165815303, "f7": 0.08564753703357633, "f8": -1.717819877384377, "f9": 0.8019179134712371}, "datetime": {"datetime": "2023-01-23 18:13:01", "elapsed": 8242.400381, "delta": 56.372704}}
{"target": 0.9172148359312202, "params": {"f0": 1.0617236286199907, "f1": -0.7285752104395133, "f10": 0.5556976184849017, "f11": 2.0366942720384826, "f12": -0.5691779385477155, "f13": -2.179590942323636, "f14": -0.5856531416491867, "f15": 0.10936358295686022, "f16": 0.17696410397437504, "f17": -1.00506925622493, "f18": -1.6865635590803782, "f19": -2.7397127459878723, "f2": -2.950105597735683, "f20": -2.896668158806876, "f21": -0.7941007991163976, "f22": 2.6806825629488853, "f23": 1.3259679155849646, "f24": 2.134626172006933, "f25": 0.5823986425740426, "f26": -0.6660403047391588, "f27": 2.2545603638224594, "f28": 2.543800724427587, "f29": 0.3867427677622893, "f3": -2.6206388798033107, "f30": 1.0942815992808326, "f31": -0.05126837535816565, "f32": -1.7083375410699637, "f33": -2.4036571969148697, "f34": -2.4895331572065715, "f35": -1.1138247225084972, "f36": 0.2953624516261934, "f37": -1.8700661406813444, "f38": 1.6938922970238859, "f39": 0.6254656804866602, "f4": 1.138001601654981, "f40": -0.6769057861041577, "f41": -2.923790716318672, "f42": -1.0236096589535217, "f43": 2.4094281050691104, "f44": 0.27039670040936153, "f45": -2.633965817875622, "f46": -2.3257743797697663, "f47": -2.93653099754139, "f48": 2.7819720419069336, "f49": 1.0276004573749962, "f5": -1.9697070638480507, "f50": -0.8875716424261217, "f51": 1.6892387203220078, "f52": -2.748709498995074, "f53": -2.8181819473776604, "f54": 1.0163458903223583, "f55": -1.9085825338043834, "f6": -0.9422972425514761, "f7": -0.15421925676250747, "f8": -1.650685322728819, "f9": 1.1450318154494707}, "datetime": {"datetime": "2023-01-23 18:13:04", "elapsed": 8245.358752, "delta": 2.958371}}
{"target": 0.16483921204024612, "params": {"f0": 1.1976422109194989, "f1": -0.7034767681218722, "f10": 0.8405144571635583, "f11": 2.1787542601451606, "f12": -0.3289137140527418, "f13": -2.5759429862381626, "f14": -0.5563549225416007, "f15": 0.03165654756296412, "f16": 0.08026272438383868, "f17": -0.9156099969957794, "f18": -1.3384416868999955, "f19": -2.561253532481571, "f2": -2.7785053004516267, "f20": -2.783609593875341, "f21": -0.815120105920003, "f22": 2.652644027698658, "f23": 1.5222455543974833, "f24": 2.134626172006933, "f25": 0.8118009129750846, "f26": -0.6798815765289128, "f27": 2.2048540021915706, "f28": 2.237250319673007, "f29": 0.5046657330612075, "f3": -3.29167447433306, "f30": 1.3439037008642292, "f31": 0.407335868280661, "f32": -1.6969047122882404, "f33": -2.3322983379573388, "f34": -2.3623705721813906, "f35": -1.0467887626346686, "f36": 0.44236492180215686, "f37": -1.8700661406813444, "f38": 1.8895761253821537, "f39": 0.599710711012212, "f4": 1.138001601654981, "f40": -0.04380831355003087, "f41": -2.943472542153159, "f42": -1.3787121814382062, "f43": 2.4382596041468303, "f44": 0.3610675663331888, "f45": -2.4581279994957654, "f46": -2.26662745913052, "f47": -2.9793128559946767, "f48": 2.6888981809640335, "f49": 0.8395774649915806, "f5": -1.8060427680150744, "f50": -0.5882774406062047, "f51": 1.5997706272540926, "f52": -3.4346485760513166, "f53": -2.816601015380893, "f54": 0.9383832883517627, "f55": -1.739994318093635, "f6": -1.2553347574176537, "f7": -0.24244667455849997, "f8": -1.5467777235928244, "f9": 1.3003475932928943}, "datetime": {"datetime": "2023-01-23 18:13:48", "elapsed": 8288.784368, "delta": 43.425616}}
{"target": 0.8501523818349674, "params": {"f0": 0.9418432422514021, "f1": -0.7342860269307362, "f10": 0.17792457256430813, "f11": 2.28093142182524, "f12": -0.6107578040120296, "f13": -2.2553623315355416, "f14": -0.7646798376979504, "f15": 0.04867291079164047, "f16": 0.3291667587476769, "f17": -0.7658536648364096, "f18": -1.6394312781409606, "f19": -2.798573360145862, "f2": -2.86893633324453, "f20": -2.81337217981216, "f21": -0.6918596498559333, "f22": 2.4403258781200106, "f23": 1.1779953059907728, "f24": 1.8332530823267048, "f25": 0.8948632309030625, "f26": -0.3511967925476522, "f27": 2.453728019747092, "f28": 2.930776782524892, "f29": 0.3890671465133171, "f3": -2.4815800406585176, "f30": 0.8758846686332671, "f31": -0.017713029778058585, "f32": -1.8674560888390475, "f33": -2.878150163591144, "f34": -2.4318676611707413, "f35": -1.1983426901214362, "f36": 0.21181384290675753, "f37": -2.174629163597093, "f38": 1.4287570170070665, "f39": 0.7379322014463334, "f4": 1.138001601654981, "f40": -0.5856515632335731, "f41": -2.685644338718321, "f42": -1.1200423730863691, "f43": 2.3554871066809127, "f44": 0.3282126832692509, "f45": -2.676399647322568, "f46": -2.3473810224486873, "f47": -2.261794289548027, "f48": 2.9174257152816243, "f49": 1.1624228805395325, "f5": -1.9301818997275388, "f50": -0.9584389424681035, "f51": 1.8309042766592263, "f52": -2.4346485760513166, "f53": -2.7414296307490287, "f54": 1.4243645538542342, "f55": -1.9978688237263718, "f6": -0.8416647030629004, "f7": 0.1753318738205154, "f8": -1.6547461860405785, "f9": 0.7858517086843233}, "datetime": {"datetime": "2023-01-23 18:13:51", "elapsed": 8292.087382, "delta": 3.303014}}
{"target": 0.8501523818349674, "params": {"f0": 0.9327221410898738, "f1": -0.8476519622394016, "f10": -0.15948554283644167, "f11": 2.095725363657185, "f12": -0.406245091961299, "f13": -2.5835936890183016, "f14": -0.5342922460126668, "f15": 0.04757244403162832, "f16": 0.17760038481171628, "f17": -0.9885636349436261, "f18": -1.544404401257138, "f19": -2.7213429656861696, "f2": -2.8267931711710474, "f20": -3.095126108908459, "f21": -0.8732714116177251, "f22": 2.4586855543692705, "f23": 1.2142740638711402, "f24": 1.9242266716746346, "f25": 0.9093780885337323, "f26": -0.3787597203219367, "f27": 2.4164199858196405, "f28": 2.2730086631086386, "f29": 0.44114172660815204, "f3": -2.483800152886082, "f30": 0.8620306761212276, "f31": 0.29546633916474835, "f32": -1.940187572121521, "f33": -2.608939859305593, "f34": -2.519688978092851, "f35": -1.2938091329857342, "f36": 0.2149201458018814, "f37": -1.9591476536516765, "f38": 1.516050857493015, "f39": 0.6105278433066641, "f4": 1.0260041170397187, "f40": -0.37272202005632504, "f41": -2.945365993875205, "f42": -1.279763766637078, "f43": 2.451011549068224, "f44": 0.420670675249927, "f45": -2.451489907808568, "f46": -2.373180769203262, "f47": -2.5375963194445728, "f48": 2.8774164643052162, "f49": 0.8986946028237384, "f5": -1.8726098237186688, "f50": -0.795552921950948, "f51": 1.8074464577050242, "f52": -2.4346485760513166, "f53": -2.8408495899940527, "f54": 1.4862946755355786, "f55": -2.0694156923138, "f6": -1.1345688008825745, "f7": 0.08226562877279078, "f8": -1.739645205991742, "f9": 1.3003475932928943}, "datetime": {"datetime": "2023-01-23 18:13:57", "elapsed": 8298.016257, "delta": 5.928875}}
{"target": 0.8501523818349674, "params": {"f0": 0.9457057711387498, "f1": -0.8620941472263504, "f10": 0.37756403909698094, "f11": 2.385768547026682, "f12": -0.3534803622266658, "f13": -2.2000868964174116, "f14": -0.6163347846844864, "f15": -0.038047550413960296, "f16": 0.14901698331759552, "f17": -0.9718432993337914, "f18": -1.4244869348035705, "f19": -2.7171378448044554, "f2": -2.5838858474968496, "f20": -2.475311482536528, "f21": -0.7988644972277047, "f22": 2.205457422878684, "f23": 1.1702536228540366, "f24": 2.11089495943552, "f25": 0.9552514738419128, "f26": -0.34013177773470527, "f27": 2.231556027989449, "f28": 3.1035375259872, "f29": 0.5104342651003041, "f3": -2.4857982538908896, "f30": 0.8719919686635513, "f31": 0.19106730230295008, "f32": -2.0473841119064176, "f33": -2.574657636091071, "f34": -2.4736253711291996, "f35": -1.0510181939360954, "f36": 0.5104077324312052, "f37": -2.0643647439369643, "f38": 1.444041146650093, "f39": 0.740401276986393, "f4": 1.0718257968821976, "f40": -0.5487071782809821, "f41": -2.6509972966199054, "f42": -1.1506757910628047, "f43": 2.3765371480382993, "f44": 0.13361345733200622, "f45": -2.6291415994538747, "f46": -2.3459334947619195, "f47": -2.4789343278143847, "f48": 3.047962694902163, "f49": 1.1919057415997154, "f5": -1.652007572404549, "f50": -0.8090281803407704, "f51": 1.9025967780020983, "f52": -2.999238156599209, "f53": -2.4530567537953116, "f54": 1.1009565816256868, "f55": -1.9830778964609794, "f6": -1.0958786741942839, "f7": -0.03474544561910637, "f8": -1.838341643684457, "f9": 1.2003548180219976}, "datetime": {"datetime": "2023-01-23 18:14:04", "elapsed": 8304.927123, "delta": 6.910866}}
{"target": 0.8501523818349674, "params": {"f0": 1.0047362762492342, "f1": -0.8063900791066464, "f10": 0.8405144571635583, "f11": 1.9204969896044266, "f12": -0.6372755719274519, "f13": -2.4250742989732026, "f14": -0.6346253471774186, "f15": -0.018782726595938527, "f16": 0.24914670716064535, "f17": -0.8433100908703348, "f18": -1.5176755840597165, "f19": -2.846779066835172, "f2": -2.9873229852538215, "f20": -3.041421666996188, "f21": -0.7914529406982261, "f22": 2.205457422878684, "f23": 1.1702536228540366, "f24": 1.8524241289274785, "f25": 0.8887434077926387, "f26": -0.41089993153947313, "f27": 2.352240652246091, "f28": 2.9408297203758216, "f29": 0.4120756512426466, "f3": -2.487596544795216, "f30": 1.1854008952343642, "f31": 0.4819028049953165, "f32": -1.9255921784130736, "f33": -2.8744423707813733, "f34": -2.585440645508277, "f35": -1.357623665783284, "f36": 0.16351597148063682, "f37": -1.9318739756870682, "f38": 1.496911168119478, "f39": 0.6360576762458007, "f4": 1.138001601654981, "f40": -0.28169859294275984, "f41": -2.820198854161576, "f42": -1.1303879337247942, "f43": 2.3822907919852083, "f44": 0.2791697487477685, "f45": -2.6048498455302163, "f46": -2.56904550053184, "f47": -2.3589621316948857, "f48": 2.629154613170163, "f49": 1.0681584107053956, "f5": -1.9663318872248885, "f50": -0.7624447060849185, "f51": 1.5332780557764967, "f52": -2.973251884350883, "f53": -2.979410033975405, "f54": 1.6220533047507428, "f55": -1.9874109770206496, "f6": -0.8891762972153923, "f7": 0.018526680622415054, "f8": -1.7590341591732124, "f9": 0.6596856744399723}, "datetime": {"datetime": "2023-01-23 18:14:11", "elapsed": 8311.919386, "delta": 6.992263}}
{"target": 0.8501523818349674, "params": {"f0": 0.9300838141754373, "f1": -0.6988552855799307, "f10": 0.8405144571635583, "f11": 2.2085021535356075, "f12": -0.2053478869651704, "f13": -2.314057982315843, "f14": -1.0085246337620122, "f15": 0.20410757562928195, "f16": 0.3122562851223321, "f17": -0.7927468960442517, "f18": -1.5376464420734575, "f19": -2.679003171324577, "f2": -2.7611468249889928, "f20": -2.745876728545323, "f21": -0.6565354364764783, "f22": 2.4554552009779105, "f23": 1.1702536228540366, "f24": 2.024872204875387, "f25": 1.1824503342155612, "f26": -0.4578433162455561, "f27": 2.65094522815863, "f28": 2.1727952071946914, "f29": 0.33398327497953434, "f3": -2.734040007320251, "f30": 1.202498816478332, "f31": 0.10616026379069823, "f32": -1.9755439805043817, "f33": -2.893284304643549, "f34": -2.394026845558431, "f35": -1.0386001658988573, "f36": 0.23257932813844331, "f37": -2.3881032136549316, "f38": 1.5517175653807276, "f39": 0.931136931508471, "f4": 1.138001601654981, "f40": -0.4588960139558924, "f41": -2.5736118529062537, "f42": -1.1966182397895622, "f43": 2.4438102269034996, "f44": 0.3656876132680256, "f45": -2.8187434715609774, "f46": -2.4678983474891094, "f47": -2.518857736757762, "f48": 3.1224195791501983, "f49": 1.0224371609897533, "f5": -1.8053465306560825, "f50": -1.010881311318782, "f51": 1.8723049767301612, "f52": -2.4346485760513166, "f53": -2.7196110748735984, "f54": 1.359426535354218, "f55": -1.9433036317852266, "f6": -1.1675502469898968, "f7": 0.06334083759348834, "f8": -1.6590004820518103, "f9": 0.8942233220388641}, "datetime": {"datetime": "2023-01-23 18:14:20", "elapsed": 8320.74682, "delta": 8.827434}}
{"target": 0.8501523818349674, "params": {"f0": 0.8661076914364036, "f1": -0.6961989035413628, "f10": 0.6393936618244052, "f11": 2.3456165990620237, "f12": -0.49546612335139834, "f13": -2.5832115339074706, "f14": -0.7040668294665339, "f15": 0.01657568813843508, "f16": 0.20367799279539947, "f17": -0.6490529353364759, "f18": -1.5461456403751515, "f19": -2.662032718189376, "f2": -2.85992067486687, "f20": -2.750977659398053, "f21": -0.8358968308898885, "f22": 3.1371621665393805, "f23": 1.1702536228540366, "f24": 2.0754754431026403, "f25": 0.7621119795006632, "f26": -0.10402779922745764, "f27": 2.409680203877437, "f28": 3.1035375259872, "f29": 0.5628379550949133, "f3": -2.7877451211713513, "f30": 1.1005897959295414, "f31": 0.21320751601242388, "f32": -1.850777629190126, "f33": -2.7993672456985803, "f34": -2.411199641028761, "f35": -1.3440173465073162, "f36": 0.3204708442627684, "f37": -2.0246108403115795, "f38": 1.392030670727849, "f39": 0.4943409334873814, "f4": 1.138001601654981, "f40": -0.19648560045107097, "f41": -2.8244542697195096, "f42": -1.4346897142136714, "f43": 2.323946061248369, "f44": 0.5854365840886473, "f45": -2.314850852604423, "f46": -2.181504759550056, "f47": -2.560208367942913, "f48": 3.1224195791501983, "f49": 1.1102078626483838, "f5": -2.0334755691385396, "f50": -0.6872987243718606, "f51": 1.9527221515003346, "f52": -2.4346485760513166, "f53": -2.6471640255713575, "f54": 1.2422455501939484, "f55": -2.1093423419551702, "f6": -0.852219537960655, "f7": 0.1558813940454025, "f8": -1.629264558725162, "f9": 0.9719789566200819}, "datetime": {"datetime": "2023-01-23 18:14:29", "elapsed": 8329.989309, "delta": 9.242489}}
{"target": 0.8501523818349674, "params": {"f0": 0.9229537755286772, "f1": -0.9193268464540405, "f10": 0.12225169050712278, "f11": 2.186231891194023, "f12": -0.3185620768720974, "f13": -2.2658319941960503, "f14": -0.9943790040418417, "f15": -0.2092116022775979, "f16": 0.27028367482437576, "f17": -0.8688491415111397, "f18": -1.452176888571768, "f19": -2.6587503404549775, "f2": -3.0307622020774843, "f20": -2.627009594388671, "f21": -0.8117651432744202, "f22": 2.205457422878684, "f23": 1.1702536228540366, "f24": 2.0337196242004367, "f25": 0.843163366330905, "f26": -0.2581466712647925, "f27": 2.1687458148190575, "f28": 3.1003039695054504, "f29": 0.15718126982830893, "f3": -3.1525517791902287, "f30": 1.0873991450028715, "f31": 0.25103046915071114, "f32": -1.7791689504638568, "f33": -2.7546517622385363, "f34": -2.2923010500810244, "f35": -1.0598763739277963, "f36": 0.2585898638027784, "f37": -2.1905770247846252, "f38": 1.6204643320513226, "f39": 0.8598821126667182, "f4": 1.138001601654981, "f40": -0.38482317006058986, "f41": -2.9621030819513705, "f42": -1.2296223348040098, "f43": 2.5703477871203155, "f44": 0.5143092150930949, "f45": -2.755359140954691, "f46": -2.1949248650936286, "f47": -2.6468175403084806, "f48": 2.4105374174905165, "f49": 0.7496790566968462, "f5": -2.0940432799098776, "f50": -1.0882084231365161, "f51": 1.6992809285102273, "f52": -2.4346485760513166, "f53": -2.6485507057864397, "f54": 1.4027191942937074, "f55": -1.8912304983458343, "f6": -0.9791324765574018, "f7": 0.16687077608471726, "f8": -1.4617200579955685, "f9": 1.0303713546086535}, "datetime": {"datetime": "2023-01-23 18:14:40", "elapsed": 8340.648805, "delta": 10.659496}}
