{"target": 0.17748246910283472, "params": {"f0": -0.1595366616656939, "f1": 2.104468921737862, "f10": -1.085817994492651, "f11": 2.9865313540022846, "f12": -1.3930553899664666, "f13": -0.8008133856582522, "f14": -2.0505762939858276, "f15": 2.195147143147885, "f16": -2.210679030722246, "f17": -2.4228224665288076, "f18": 0.2963630304041214, "f19": -0.4501620766458454, "f2": 0.00017065235596724904, "f20": -0.762782750946136, "f21": -2.5619848189592833, "f22": 1.516357073632153, "f23": -0.6648150000955377, "f24": -2.5352619456809045, "f25": -1.383415181014118, "f26": 2.795029730951426, "f27": -2.350832675854303, "f28": 2.363171593219228, "f29": 0.7995521779086596, "f3": -2.763368328110303, "f30": -0.7909025020660545, "f31": 2.7291977283162634, "f32": -0.8151300027847261, "f33": 2.501638592814235, "f34": 1.765012574834211, "f35": 1.3585014659717398, "f36": -2.127950652168213, "f37": 0.40457390765733026, "f38": 2.8522512226822636, "f39": -0.8588650891422214, "f4": -1.8861213390104041, "f40": -2.773798310839105, "f41": -1.724394233049147, "f42": 2.9281940839585188, "f43": -1.2932984885098744, "f44": 0.3435277418824292, "f45": 2.3086444380560547, "f46": -0.7287417578928714, "f47": 2.199929538561376, "f48": -2.425265652219914, "f49": -0.7948972059724024, "f5": -2.372361465631064, "f50": -2.0470597204632472, "f51": 2.0257098451851405, "f52": -2.8997491980301966, "f53": -1.9602532458729054, "f54": 2.842476866885372, "f55": -2.7975741093056667, "f6": -0.8568357853743707, "f7": -1.823055692031036, "f8": 2.9052304200940595, "f9": -1.848296394173309}, "datetime": {"datetime": "2023-01-23 17:28:26", "elapsed": 5567.234012, "delta": 26.751297}}
{"target": 0.15998020154559134, "params": {"f0": -2.1537077936422335, "f1": -1.8237123625336065, "f10": -1.0045267539088576, "f11": 0.7635942335274071, "f12": 1.7836857134294846, "f13": 1.9445459283187896, "f14": 2.378544645391047, "f15": -1.2395239189616547, "f16": 2.243846592278919, "f17": -2.2915451433920526, "f18": -1.6260058909008466, "f19": -0.5358999970298601, "f2": 1.8404562899325176, "f20": -0.4802892566632737, "f21": 2.740891520360904, "f22": 1.69405647117489, "f23": 2.0332257507383407, "f24": 2.66481819087542, "f25": 2.3643611882864555, "f26": -2.7474825215228242, "f27": -2.250317926859215, "f28": -1.066900530578784, "f29": 1.674400443252411, "f3": 0.7040423638002666, "f30": 0.6655755072950615, "f31": 0.5889065873653108, "f32": -1.2256129331139127, "f33": 1.0282785650302024, "f34": -1.899188584206297, "f35": -2.697047840515148, "f36": 2.579052349862785, "f37": -2.1226976150121475, "f38": 0.7565126326121643, "f39": -2.149912573123743, "f4": 0.08736999340695473, "f40": -2.332466151844693, "f41": -1.832542529246001, "f42": 2.1883147104884957, "f43": 1.2698599905384684, "f44": -0.7682014297120054, "f45": 1.4299232892126312, "f46": 2.406503551546325, "f47": -0.3792356625035924, "f48": 1.315799328488076, "f49": -0.8221247168946899, "f5": 1.6827205458996355, "f50": 0.5867868075368365, "f51": 2.3964918522390963, "f52": 0.6808112915891202, "f53": -1.3670365410538048, "f54": -2.665483295871941, "f55": -1.3572607160371377, "f6": 1.8436255928111374, "f7": 0.7397359381157838, "f8": -2.2990168112884346, "f9": -2.044857843999946}, "datetime": {"datetime": "2023-01-23 17:28:41", "elapsed": 5582.078992, "delta": 14.84498}}
{"target": 0.4051966359536046, "params": {"f0": -1.1932791535182663, "f1": -2.7103390388509556, "f10": -1.4115678729682228, "f11": 1.9697222088850914, "f12": 2.0795079139270243, "f13": 2.422074186170038, "f14": 1.345417459816498, "f15": -0.40950186447125514, "f16": -1.031237136970789, "f17": -0.982852701796948, "f18": 2.7768073796866517, "f19": 2.5405561127425296, "f2": -1.8777359500400832, "f20": 2.3118006311650756, "f21": 2.1548086661973924, "f22": 1.6557990693951226, "f23": -1.5313181218341565, "f24": 1.143299390933075, "f25": 0.9107221911740968, "f26": -2.6072295352113333, "f27": -1.9656509620685345, "f28": -0.6781734218682143, "f29": 0.11446065142433515, "f3": 0.662720126287498, "f30": -0.27193552164663704, "f31": 0.05684698426769286, "f32": 1.6779807887193918, "f33": 0.7763105852873511, "f34": 2.680059201093293, "f35": 1.8505666481100658, "f36": -0.05643521651968264, "f37": -1.9285294899770484, "f38": -0.8079691924783079, "f39": 2.519164437371982, "f4": -1.3732996211301705, "f40": 1.5045157938946767, "f41": -0.5726991714014655, "f42": -1.4825903259613131, "f43": -0.9420450900421198, "f44": 1.8562357840955155, "f45": 0.6434103877358766, "f46": 0.06526920681020743, "f47": 0.48948690517351956, "f48": -1.2010861718664727, "f49": -0.7832141982683734, "f5": 2.954952394290557, "f50": -1.882899994892646, "f51": -1.4798384584225888, "f52": -1.7185366092030443, "f53": -0.5553964439378856, "f54": 1.7300322585254184, "f55": -2.5527262348533766, "f6": -1.0796949981765802, "f7": 0.1519772193087121, "f8": 0.49858262703665623, "f9": -0.30462327721913995}, "datetime": {"datetime": "2023-01-23 17:29:49", "elapsed": 5650.545427, "delta": 68.466435}}
{"target": 0.3802452058792859, "params": {"f0": -2.465159662545047, "f1": -2.1339290665223185, "f10": -0.5455449563914967, "f11": 1.5356135370861592, "f12": -0.28810315766946015, "f13": -2.7611098317079517, "f14": -0.07836175554211877, "f15": 0.6164095960872582, "f16": 1.3919150319478657, "f17": 0.8326421722432134, "f18": -1.822652316861145, "f19": 0.34900199107430296, "f2": -0.3131844801860879, "f20": 2.4531873236561914, "f21": -2.13090341701578, "f22": 1.5578930875807524, "f23": 2.827727592421514, "f24": 0.6295738444105199, "f25": 0.7748948620978986, "f26": 0.7476043049799714, "f27": 1.9286107547655806, "f28": 0.22193060564529832, "f29": 2.3475139396767757, "f3": 2.0567719951722845, "f30": 2.5985658653140504, "f31": 1.819807116437529, "f32": -0.33575095797598786, "f33": 1.3686869400816217, "f34": 0.175897037288971, "f35": -0.3090263811047924, "f36": 2.267678181738555, "f37": -2.1684037958709697, "f38": -0.6184102243535876, "f39": 2.969092624405949, "f4": -1.1373245238601293, "f40": -2.551484816205976, "f41": -2.344987765788399, "f42": 0.5351845666114334, "f43": -2.543418612837061, "f44": -1.5862662538416974, "f45": -0.26421873607255897, "f46": 1.7468617751960078, "f47": 2.208193853011549, "f48": -1.8315889318767349, "f49": 0.6636852027545004, "f5": 1.3922386950543437, "f50": -1.4065947977221938, "f51": -2.7858851921225583, "f52": -1.7703065878123991, "f53": -0.29358662040209715, "f54": -2.2031645991393294, "f55": 2.2135575857103227, "f6": 2.9038610245477745, "f7": 0.675266867705548, "f8": -1.6547975117857603, "f9": -0.9373282739170836}, "datetime": {"datetime": "2023-01-23 17:30:03", "elapsed": 5664.189805, "delta": 13.644378}}
{"target": 0.05594726520811123, "params": {"f0": -1.182438646133864, "f1": -0.5608434425473314, "f10": 1.4570190226764437, "f11": 2.9116729800798637, "f12": 1.0289699823768146, "f13": 0.15069462903172148, "f14": 2.1324950626600563, "f15": 1.627030436549033, "f16": 2.8579062808577644, "f17": -1.0434663059475249, "f18": -1.7042631488570423, "f19": -2.656423776622492, "f2": 1.1479857347078664, "f20": -1.1934359589113737, "f21": 0.1777888735770059, "f22": -0.7659331999724399, "f23": -2.3563860378723813, "f24": -1.0815660734592687, "f25": 0.47470368675103103, "f26": -2.158335404412197, "f27": -2.133984184237427, "f28": 1.9440233865129422, "f29": -0.4613915084636604, "f3": 0.2246703853691896, "f30": 2.6040690443698216, "f31": -2.027773806258385, "f32": -1.9807698058882095, "f33": 1.2404350317598558, "f34": 0.7689988658450035, "f35": -0.6125932370065739, "f36": 2.585800246510356, "f37": 2.6488693053448333, "f38": 0.3279966705274209, "f39": -0.7140114080884725, "f4": 2.528819867490161, "f40": 0.5732246563590948, "f41": -0.5310224243781105, "f42": 0.8590506647855416, "f43": -0.9185415062739262, "f44": -0.7688307631946256, "f45": -0.4658980657449021, "f46": -1.8736867395579937, "f47": 2.506088256760984, "f48": 1.0200214756211503, "f49": -2.344157193045519, "f5": -0.6032762722726059, "f50": 0.46512128238009876, "f51": -0.6496315338375807, "f52": -2.584193773956734, "f53": 0.9361449719361565, "f54": -1.948452800971182, "f55": -1.4861817932516805, "f6": -1.9164928275204671, "f7": 1.67115437159788, "f8": -2.473576085939077, "f9": 1.2134430847653794}, "datetime": {"datetime": "2023-01-23 17:30:23", "elapsed": 5684.204068, "delta": 20.014263}}
{"target": 0.12060441948134365, "params": {"f0": -2.148949566429498, "f1": -0.018008044180253258, "f10": -0.5309728302479626, "f11": 1.5271380167703335, "f12": 2.108212026088979, "f13": 1.4481886026690045, "f14": 1.7157642314088255, "f15": 2.6491932810891328, "f16": -0.39245624779838373, "f17": 0.8543934537659315, "f18": -1.6828103598586535, "f19": -0.5268932202146406, "f2": 1.8431660410904254, "f20": -0.49681483404229043, "f21": 0.12096877272113371, "f22": -1.832230381103497, "f23": -0.8630730818870469, "f24": 2.9292094664416624, "f25": -2.4796176948331388, "f26": -1.8582192333862075, "f27": -1.9828339503852586, "f28": 1.971802758523637, "f29": 2.015346099882425, "f3": -1.5930649500006715, "f30": -0.01032328043806885, "f31": 0.48035274535644357, "f32": -0.22602717761395708, "f33": -2.8964527081855085, "f34": -1.5410711987960657, "f35": 0.2741686266460386, "f36": 0.005765525668095073, "f37": 0.22555350923115647, "f38": 0.03427712009416872, "f39": 0.5016478187062523, "f4": 0.3430546832934689, "f40": -2.8502801692454103, "f41": 2.6565640767336705, "f42": -0.30775621027133226, "f43": -0.9384779002494303, "f44": -1.2979618683914649, "f45": 2.2116734030627576, "f46": 0.4307940032906301, "f47": 0.7715265265334326, "f48": -2.5273287953717203, "f49": -0.8873309209793985, "f5": 2.782454864672782, "f50": -0.8906207492980069, "f51": 2.1753145444086233, "f52": -2.158844086390862, "f53": 1.4982462542190307, "f54": 2.167939192755851, "f55": 0.47983935466459027, "f6": 1.1339883266535216, "f7": 2.9049923782310163, "f8": 1.6623107144143132, "f9": -2.3902495999392404}, "datetime": {"datetime": "2023-01-23 17:30:53", "elapsed": 5713.933294, "delta": 29.729226}}
{"target": 0.13947531054733675, "params": {"f0": -2.9089221336986766, "f1": 1.6670867967730185, "f10": -2.6836961628054192, "f11": -1.2539716050129375, "f12": -1.8273333129033964, "f13": 0.40880924442751, "f14": -0.04468438131671837, "f15": -0.391411502955878, "f16": -2.1024162610358594, "f17": 1.6559371337479227, "f18": -2.484057187969266, "f19": -2.8852998255998887, "f2": -0.11439288499538947, "f20": -1.5810734708897698, "f21": -2.757582570150872, "f22": -1.754408771698207, "f23": 2.3904680130470197, "f24": -2.737509421199493, "f25": 1.9001900045728917, "f26": -0.9960407771009021, "f27": 0.5594067811484447, "f28": -0.6655364458828901, "f29": -0.03506289948113661, "f3": -2.1882074439844836, "f30": 1.7185060754535693, "f31": 2.0564171280542585, "f32": 2.1191843677831885, "f33": 2.4346847596937264, "f34": 0.5372592823792277, "f35": 0.8078793965762645, "f36": 2.11645916506426, "f37": 0.8440244629955647, "f38": 0.2970711501045753, "f39": 1.9691461133684864, "f4": -0.458960120515874, "f40": -2.3815400359782197, "f41": -2.1727084769281166, "f42": -0.3742743086454716, "f43": -0.06124725288944788, "f44": -0.5749548858449804, "f45": 1.1345998708922984, "f46": 0.7370904640976832, "f47": 1.1257832087144815, "f48": 2.904550669636275, "f49": 2.9237418970224676, "f5": 1.4069315027585372, "f50": -2.7910150915836454, "f51": 2.7696601166584784, "f52": -2.7883529009549486, "f53": 0.9061475782850006, "f54": -2.057356414256934, "f55": -1.0130304327979047, "f6": 1.062264636358516, "f7": 1.1668584605837617, "f8": 0.6514175683778083, "f9": -0.9201207477074185}, "datetime": {"datetime": "2023-01-23 17:30:58", "elapsed": 5719.208231, "delta": 5.274937}}
{"target": 0.0903366899874057, "params": {"f0": -0.734753770958477, "f1": -1.331505209714473, "f10": 2.021349259117729, "f11": 0.27194826922210247, "f12": 2.1270574636713757, "f13": -1.2091779214461635, "f14": -0.8525654668130169, "f15": 2.1963960136706646, "f16": -2.431654927656682, "f17": 2.53314736495658, "f18": -2.3546538803386405, "f19": -2.690715864555613, "f2": -0.7766226644748837, "f20": -1.1537218086549794, "f21": 0.892449330737314, "f22": 2.134478930418928, "f23": 2.1723221012330747, "f24": -2.4139816564793395, "f25": -2.9026930831500515, "f26": -2.2498718097099495, "f27": -2.4971898642901964, "f28": 0.3319310694463127, "f29": -2.4548676358460653, "f3": 0.6610514724124625, "f30": 1.5368095975428764, "f31": 2.597023973027004, "f32": -1.9984310576654178, "f33": -2.2818323949400723, "f34": -0.6683691286156281, "f35": -0.9443480111531768, "f36": 1.210418014028214, "f37": 2.906871335965292, "f38": -0.6836088017225732, "f39": 2.176833016728068, "f4": 1.7401299083396848, "f40": -0.6691538039587757, "f41": 0.004384356803806, "f42": 1.222792132986032, "f43": -0.14554694272640845, "f44": 0.06326031025329382, "f45": -1.679768150093017, "f46": 1.3251881665267522, "f47": 0.3717569892456076, "f48": 0.09930314880736013, "f49": -0.8441422894284347, "f5": -2.347735603059953, "f50": 1.112003061338081, "f51": -0.2546180191316454, "f52": 2.3541546527963213, "f53": -1.5446040806902581, "f54": 1.6758741372793278, "f55": 0.23525868963901075, "f6": -1.2320592913702664, "f7": 0.09562595288442965, "f8": 2.61216836730965, "f9": -1.4092413048495753}, "datetime": {"datetime": "2023-01-23 17:54:15", "elapsed": 7115.832067, "delta": 1396.623836}}
{"target": 0.1760639766366484, "params": {"f0": 2.430085726348967, "f1": 0.2803854954417364, "f10": 2.0515218644473103, "f11": 0.5224103096569621, "f12": 1.5094396954062477, "f13": -0.5248429851210554, "f14": -0.9454274515727241, "f15": -2.9408275587051307, "f16": 0.7502158041369591, "f17": -1.7568900613930623, "f18": 2.9318933220502625, "f19": 0.13787158821163414, "f2": -0.2537655249256394, "f20": -1.5237383741226715, "f21": -0.5382934666008419, "f22": 2.9950604925637023, "f23": -1.9253885098509596, "f24": -2.9244951797595355, "f25": 1.1404547786012555, "f26": -0.3199035913324342, "f27": -2.402112322827798, "f28": -2.3831979496394577, "f29": -1.713253748741867, "f3": 0.4214361837960432, "f30": -1.7467769692295987, "f31": -1.519753826934203, "f32": -2.8863573583639344, "f33": 0.6819663941048448, "f34": -2.632902020957772, "f35": 2.3953739623290353, "f36": -2.5166524023210903, "f37": 0.9130307173662677, "f38": -1.4336244605862225, "f39": -2.2619410154044695, "f4": -0.23715514325870446, "f40": 1.153865682800883, "f41": -1.3414596859568004, "f42": 1.7331291778971032, "f43": -0.8144316160946725, "f44": -1.8306554704064864, "f45": 0.9174051091199136, "f46": 0.4571445504267162, "f47": 0.8995344164389572, "f48": 1.7618932588623473, "f49": -2.0481033004658347, "f5": 1.8263396175715467, "f50": -0.8915338712513101, "f51": 1.7627789448695435, "f52": -0.07917128790884487, "f53": -2.959909017532821, "f54": 1.4872156745974143, "f55": -2.017724715874796, "f6": -2.6580030896399536, "f7": 1.4081919361630177, "f8": -2.9811277224486887, "f9": -2.9956822450186573}, "datetime": {"datetime": "2023-01-23 17:54:58", "elapsed": 7159.010898, "delta": 43.178831}}
{"target": 0.20812426755504762, "params": {"f0": 2.6890444107169023, "f1": 0.9583671620323893, "f10": 0.4983829244324465, "f11": 2.815374744735511, "f12": 0.4497539459872524, "f13": 1.3476844020465855, "f14": -1.106745350267789, "f15": 2.7281483240579476, "f16": 0.45750613728723444, "f17": -0.2944364362004164, "f18": -1.7792422591578057, "f19": -0.6433646994400171, "f2": -2.5651201869307796, "f20": -1.4502005876635846, "f21": 2.183997307381622, "f22": 1.887109161989069, "f23": 1.3752982169638974, "f24": 2.1443113010510926, "f25": -0.835695578873112, "f26": -1.6458549398796376, "f27": 1.23320909093699, "f28": 0.5880216560275304, "f29": 0.6913230581345671, "f3": -2.9625969002222337, "f30": 1.0679598887755333, "f31": 2.695950931239106, "f32": -0.036259214835519415, "f33": 0.12666473360543407, "f34": -1.0467251549746146, "f35": -0.21008579703093933, "f36": 0.8049293938246063, "f37": -2.5589106723098567, "f38": 1.3506537507663117, "f39": -2.8643163995719054, "f4": -0.1900495710942205, "f40": 2.106207158126522, "f41": -2.8984799531986285, "f42": 0.6144528759422005, "f43": 0.3099449355402797, "f44": 1.8079040296155622, "f45": 0.5104072842857361, "f46": -1.7468247308919131, "f47": -0.031030427435422503, "f48": 2.8239468552112026, "f49": 0.3828124749816979, "f5": -2.143826572461987, "f50": -2.9581692317842307, "f51": 2.4412278833578274, "f52": -2.3761363571283596, "f53": -1.738230398116236, "f54": 2.8017115348568495, "f55": -0.35238672821099293, "f6": -0.9459955522663477, "f7": -1.9060527951339945, "f8": 0.17353449775443242, "f9": -2.1032228155692994}, "datetime": {"datetime": "2023-01-23 17:55:58", "elapsed": 7218.789638, "delta": 59.77874}}
{"target": 0.21346010647183064, "params": {"f0": 1.304569375703324, "f1": -1.614464856079305, "f10": 1.565851145896062, "f11": 1.3017058615147914, "f12": -0.07809468189580032, "f13": -2.178143481483007, "f14": -0.516248234764769, "f15": -0.01898472369806778, "f16": 0.40469152272903736, "f17": -0.6129794759732021, "f18": -1.42250709546713, "f19": -2.495174139052357, "f2": -2.9246641122852988, "f20": -2.2515765459574566, "f21": -0.6126577765639186, "f22": 3.0, "f23": 1.8486391332101901, "f24": 1.3071408286433235, "f25": 2.040752396857154, "f26": 0.17769675550062738, "f27": 2.9352494643834297, "f28": 3.0, "f29": -0.1599617937824299, "f3": -2.0392028452325284, "f30": -0.5074636755078205, "f31": 0.5794874507402857, "f32": -1.679293203509327, "f33": -3.0, "f34": -1.856876185582009, "f35": -1.071196546228098, "f36": -0.23508889439562944, "f37": -2.027707986045656, "f38": 0.8955101024292594, "f39": 0.6862442440190096, "f4": 1.4786046538652198, "f40": 0.8534799083788103, "f41": -2.343781396510326, "f42": -1.4200042598037947, "f43": 2.8493932773624713, "f44": 1.2531582140420132, "f45": -2.3273930636872495, "f46": -1.8237450532768205, "f47": -2.7889301746334807, "f48": 2.429154559844386, "f49": 1.0595371379965293, "f5": -1.7222112795351532, "f50": -1.697110426044302, "f51": 1.4280580884896725, "f52": -2.7885254902102146, "f53": -2.6816335630313657, "f54": 0.9873650478446597, "f55": -1.6616799044628467, "f6": -1.121749238746184, "f7": 0.1353264085933046, "f8": -0.9776533217445289, "f9": 1.873343097570144}, "datetime": {"datetime": "2023-01-23 17:57:18", "elapsed": 7298.97415, "delta": 80.184512}}
{"target": 0.19940835957447348, "params": {"f0": 0.04628303904892972, "f1": -1.0183389907462141, "f10": -1.2872773649280478, "f11": 2.1239337785165042, "f12": 1.780942672943167, "f13": -0.8936900890412613, "f14": -0.6772509663995665, "f15": 1.1840990509695057, "f16": -1.1153834418548119, "f17": -0.26487797726351836, "f18": -1.6824727501177232, "f19": -1.4598351507499525, "f2": -2.1713781426877174, "f20": -1.4492201638050908, "f21": -2.3108063650775557, "f22": 1.2594086050601236, "f23": -0.6353667583939111, "f24": 2.9251434199638715, "f25": -0.1628649630812523, "f26": -2.4390105184061017, "f27": 2.4627478614694436, "f28": 2.4804369421831494, "f29": 1.238176973237414, "f3": -2.588097402416155, "f30": 1.1236083337703109, "f31": 0.5226224105897064, "f32": -1.4363592101816252, "f33": -1.0638638313499031, "f34": -2.9708994494714696, "f35": -1.428897629406158, "f36": -1.6874754441629625, "f37": -0.36778585429238486, "f38": -0.07024588639104778, "f39": 1.8903592583030826, "f4": 0.9889831006465677, "f40": 0.6735539154214827, "f41": -1.041501767399768, "f42": -1.2007896922400343, "f43": 2.6725005855782973, "f44": 0.1313154716934748, "f45": -1.104247216851818, "f46": -2.594206397623541, "f47": -2.112366459501813, "f48": 2.845533005451679, "f49": 1.928434654085322, "f5": -2.0545199262229663, "f50": 0.6281863933490617, "f51": -0.21840804123170632, "f52": -2.669204480788391, "f53": -2.430503310033848, "f54": 1.9049738460395407, "f55": -0.837147029702817, "f6": -0.3266922455156056, "f7": -0.480274201441641, "f8": -1.5061277960512058, "f9": 1.9548750429335988}, "datetime": {"datetime": "2023-01-23 17:57:58", "elapsed": 7338.713705, "delta": 39.739555}}
{"target": 0.3953900100982061, "params": {"f0": -0.08825320237632295, "f1": -0.450087586385429, "f10": 1.3755511574801613, "f11": 2.4544183823795307, "f12": -0.35529930031783796, "f13": -1.026385560603338, "f14": -0.011884696257813854, "f15": 1.7502510790450412, "f16": -0.34743123074908744, "f17": 0.08453390212307754, "f18": -0.4923860868284087, "f19": -0.6530853893368289, "f2": -1.989184915165723, "f20": -1.492983416498842, "f21": 0.8305831238726067, "f22": 2.1966852828786543, "f23": 1.8975133727648246, "f24": 0.30404848832394615, "f25": 0.012260524429210662, "f26": -1.681884283301645, "f27": 1.055142497020853, "f28": 1.6234034514097644, "f29": -0.6287829497516366, "f3": -1.4422115083977982, "f30": 1.584840850204856, "f31": 1.7771023105182948, "f32": -0.7907533714465624, "f33": -1.0081324668464222, "f34": -2.5352352472898367, "f35": -1.9570361681461568, "f36": -0.6064891202661049, "f37": -0.48671228463086624, "f38": 1.3768198636446751, "f39": 1.7231363108614066, "f4": -0.6711938444442117, "f40": 0.26757025485618935, "f41": -2.1661408242991937, "f42": -1.5980836844122657, "f43": 0.8086681309606609, "f44": 1.8733778805360342, "f45": -1.935591849634277, "f46": -0.9472323744175455, "f47": -0.38122763685595107, "f48": 2.073914485230861, "f49": -0.4274252923009678, "f5": -2.2066319902729, "f50": -1.474354380729537, "f51": 0.12198553000465195, "f52": -2.5656239228381437, "f53": -1.1922792565374127, "f54": -0.2642778216639532, "f55": -1.0283388387589851, "f6": -0.6763882860493844, "f7": 2.307415847865271, "f8": 0.02943520361337848, "f9": 1.2952264370551536}, "datetime": {"datetime": "2023-01-23 17:58:51", "elapsed": 7392.525822, "delta": 53.812117}}
