{"target": 0.8501523818349674, "params": {"f0": 1.4807894552900525, "f1": -0.7185210068314782, "f10": 0.36813344644461843, "f11": 2.211084727084817, "f12": -0.3485823696747419, "f13": -2.5025860103939093, "f14": -0.8503056233688526, "f15": -0.10912173753569242, "f16": 0.01659401215590992, "f17": -0.8634068646575345, "f18": -1.5790140884605626, "f19": -2.4497315760822205, "f2": -2.875782405715942, "f20": -3.0531368376233807, "f21": -0.5172908543680207, "f22": 2.4914277097562887, "f23": 1.1702536228540366, "f24": 2.022292564108519, "f25": 1.4588836408603776, "f26": -0.5114929474290245, "f27": 2.1857364168588127, "f28": 2.9225594208732106, "f29": 0.5469168830521398, "f3": -2.8087465652310413, "f30": 1.0050252478596313, "f31": 0.16674649256056323, "f32": -1.686932687638818, "f33": -2.623443470446132, "f34": -2.436827151334435, "f35": -1.5884766573284104, "f36": -0.034978169349138166, "f37": -2.4232292227336805, "f38": 1.392030670727849, "f39": 0.6806670343585932, "f4": 1.138001601654981, "f40": -0.5831553304252812, "f41": -2.6049163519172622, "f42": -1.1412486650344447, "f43": 2.4531045338874544, "f44": 0.41052426674582476, "f45": -2.800008101413196, "f46": -2.3148843966728547, "f47": -2.4762339863367133, "f48": 2.7219923243781095, "f49": 1.3099537443674323, "f5": -1.9524658600905496, "f50": -0.6979020294421925, "f51": 1.7472306820626482, "f52": -2.778702647879568, "f53": -2.74699867710084, "f54": 1.2543598287355697, "f55": -2.3467270039055195, "f6": -1.1979936641111677, "f7": 0.09066054525271453, "f8": -1.4113079627480354, "f9": 1.2553627902560323}, "datetime": {"datetime": "2023-01-23 18:18:01", "elapsed": 8541.920868, "delta": 7.864838}}
{"target": 0.8501523818349674, "params": {"f0": 0.979745488338686, "f1": -0.3353705563778341, "f10": 0.2826684127622645, "f11": 1.7992754922604497, "f12": -0.6127056410674966, "f13": -2.7280472275419867, "f14": -0.6684213780910945, "f15": 0.021964792108809115, "f16": -0.16436208297791693, "f17": -0.788165368823802, "f18": -1.7966322087054944, "f19": -2.6258985613602133, "f2": -2.8199354019465837, "f20": -2.3778943166636495, "f21": -0.6073154119113934, "f22": 2.3618324462134526, "f23": 1.3256922773178894, "f24": 2.003343224489766, "f25": 0.9087440841051995, "f26": -0.5703252580793052, "f27": 2.4222124526113467, "f28": 2.8477547426009284, "f29": 0.15718126982830893, "f3": -2.804211420333614, "f30": 0.9363286660262925, "f31": 0.48549003582173095, "f32": -1.9193819515281751, "f33": -2.5356205194691035, "f34": -2.1441640370285278, "f35": -1.5884766573284104, "f36": 0.18399347661231316, "f37": -2.5227261344397047, "f38": 1.392030670727849, "f39": 0.8058874997649886, "f4": 1.138001601654981, "f40": -0.5184447597678151, "f41": -2.9584305585150172, "f42": -1.2427376989301115, "f43": 2.4515753378238694, "f44": 0.35009259150655087, "f45": -2.515196561966976, "f46": -2.5279283350548023, "f47": -2.466493222339105, "f48": 3.1209668006560243, "f49": 0.8079178914243887, "f5": -1.77589094846802, "f50": -0.7219143133624256, "f51": 1.6079994195547538, "f52": -2.6597918326791565, "f53": -2.487612778647212, "f54": 1.3071171642192738, "f55": -1.7906188214337222, "f6": -1.0867067172531744, "f7": 0.1982772429694636, "f8": -1.8612852132328976, "f9": 0.816940724262489}, "datetime": {"datetime": "2023-01-23 18:18:11", "elapsed": 8552.095086, "delta": 10.174218}}
{"target": 0.8501523818349674, "params": {"f0": 1.0312737755030355, "f1": -1.0082796226413933, "f10": 0.33374714106873343, "f11": 1.9545847554311464, "f12": -0.15097289645323508, "f13": -2.2610529558672257, "f14": -1.0389872702518579, "f15": 0.11863148385159047, "f16": 0.23978868949101173, "f17": -0.7314200976337852, "f18": -1.7966322087054944, "f19": -2.863880169524125, "f2": -2.8756926054485503, "f20": -3.106787214106225, "f21": -0.5709585714774912, "f22": 2.274488107517107, "f23": 1.5112047019493637, "f24": 2.030748034502679, "f25": 0.7898568899331824, "f26": -0.5433151543408694, "f27": 2.169081747729061, "f28": 2.7838146090490485, "f29": 0.41295813113632535, "f3": -2.759895534142458, "f30": 0.9002898569955917, "f31": 0.3025286406744455, "f32": -1.8771893939843225, "f33": -2.823674424155534, "f34": -2.8501708134951733, "f35": -1.5884766573284104, "f36": 0.7294767357974085, "f37": -2.181660664620214, "f38": 1.392030670727849, "f39": 0.6847257114711028, "f4": 1.138001601654981, "f40": -0.2279374477325913, "f41": -2.5346967082921994, "f42": -1.4104538484188742, "f43": 2.1984757027093003, "f44": 0.21592184142332693, "f45": -2.554994969266187, "f46": -2.150185582520084, "f47": -2.4466014345085627, "f48": 2.8878898925376677, "f49": 0.9225830654024839, "f5": -1.8597698091792534, "f50": -0.43046977833487643, "f51": 1.7409929106119835, "f52": -2.502170651273198, "f53": -2.353164233771845, "f54": 1.2211214957856118, "f55": -1.8559108963904207, "f6": -1.4040330715665084, "f7": 0.21536845199152174, "f8": -1.4357201932542587, "f9": 0.7389569289692345}, "datetime": {"datetime": "2023-01-23 18:18:23", "elapsed": 8564.011948, "delta": 11.916862}}
{"target": 0.8501523818349674, "params": {"f0": 0.9691612074664939, "f1": -0.5151087206833177, "f10": 0.4834030945838902, "f11": 2.208640874472844, "f12": -0.15097289645323508, "f13": -2.442930264537881, "f14": -0.6803975986204522, "f15": 0.037172506320772784, "f16": 0.4135569757095353, "f17": -0.44744544396636254, "f18": -1.7966322087054944, "f19": -2.8711572346125243, "f2": -2.8838473123239754, "f20": -2.66329187848831, "f21": -0.4034587171849849, "f22": 2.205457422878684, "f23": 1.1702536228540366, "f24": 2.041195791789792, "f25": 0.6961174695589597, "f26": -0.42161140329901553, "f27": 2.3434996305176834, "f28": 2.622807319643239, "f29": 1.1402976619705234, "f3": -2.5283994538376593, "f30": 0.8707719408776313, "f31": 0.4527927157569928, "f32": -2.013346658795954, "f33": -2.781001052568241, "f34": -1.9519590952053911, "f35": -1.5884766573284104, "f36": 0.29135532525264357, "f37": -1.9447783192823231, "f38": 1.392030670727849, "f39": 0.7661792518344777, "f4": 1.138001601654981, "f40": -0.4610174617204975, "f41": -2.968884237342725, "f42": -1.4712275514335003, "f43": 2.5036290550716855, "f44": 0.4883368564659253, "f45": -2.9787938469484683, "f46": -2.2533020599361415, "f47": -2.455224880259852, "f48": 2.4722210971896335, "f49": 1.0443346331404297, "f5": -1.8812537350750074, "f50": -0.7359217648776621, "f51": 1.8697341136847496, "f52": -2.603081754569937, "f53": -2.6996440818553578, "f54": 1.097716206527107, "f55": -2.2135080638033493, "f6": -1.1531293180023554, "f7": 0.18247597368696408, "f8": -1.7508311795420044, "f9": 1.0304510838393446}, "datetime": {"datetime": "2023-01-23 18:18:31", "elapsed": 8571.863544, "delta": 7.851596}}
{"target": 0.8501523818349674, "params": {"f0": 0.9190300682023174, "f1": -1.081680582803887, "f10": 0.4523087160020773, "f11": 2.059507032266753, "f12": -0.15097289645323508, "f13": -2.938835057308181, "f14": -0.4143242952713152, "f15": 0.3133737870556213, "f16": -0.0756753524931856, "f17": -0.44744544396636254, "f18": -1.6723538854979194, "f19": -2.4600050549612704, "f2": -3.061704847770704, "f20": -2.997244244123449, "f21": -0.5233833115933024, "f22": 2.205457422878684, "f23": 1.1702536228540366, "f24": 1.9829973254340767, "f25": 0.8060404723165459, "f26": -0.4912577402039111, "f27": 2.251389016504274, "f28": 2.803157691847434, "f29": 0.33263585066694895, "f3": -2.60922981259862, "f30": 0.9554486377998467, "f31": -0.0350971595422014, "f32": -1.8066314884429848, "f33": -3.092167563034117, "f34": -2.27650287615293, "f35": -1.3811094526568162, "f36": 0.2608685811449057, "f37": -2.3654861341169724, "f38": 1.392030670727849, "f39": 0.5282366567299981, "f4": 1.138001601654981, "f40": -0.26813627289378833, "f41": -2.838357137315744, "f42": -1.2646534989695957, "f43": 1.881175522693399, "f44": 0.15625346254795475, "f45": -2.791164732324699, "f46": -2.4762594527255914, "f47": -2.6328756448908335, "f48": 2.7638656679062157, "f49": 1.0808219251185194, "f5": -2.101148707304942, "f50": -1.0344214913578984, "f51": 2.141040528507938, "f52": -2.819318048291247, "f53": -2.4660581993459294, "f54": 1.264831634075611, "f55": -1.782574343749019, "f6": -0.8819475628611134, "f7": 0.15417874071633575, "f8": -1.7619611915373599, "f9": 1.2849607839546529}, "datetime": {"datetime": "2023-01-23 18:18:48", "elapsed": 8588.583209, "delta": 16.719665}}
{"target": 0.8501523818349674, "params": {"f0": 1.1986412993644324, "f1": -0.5011883493886607, "f10": 0.46636121465142527, "f11": 2.1036136717368086, "f12": -0.5905402421686798, "f13": -2.268755915476311, "f14": -0.8217173046360775, "f15": -0.4545756247215208, "f16": 0.2305483374187198, "f17": -0.44744544396636254, "f18": -1.6619648470081798, "f19": -2.5172533320779413, "f2": -3.01499086300501, "f20": -2.876479220494738, "f21": -0.5362231724568008, "f22": 2.205457422878684, "f23": 1.1702536228540366, "f24": 2.001376733828043, "f25": 0.7038387773872654, "f26": -0.32392001593048675, "f27": 2.8331722308939105, "f28": 2.782521397595218, "f29": 0.3295762695823112, "f3": -2.616085630548896, "f30": 0.9492118336119049, "f31": 0.07109968481332105, "f32": -2.156968332541358, "f33": -2.758181851257477, "f34": -2.951959095205391, "f35": -1.365826437175375, "f36": -0.030404884152522103, "f37": -2.2688222219895526, "f38": 1.392030670727849, "f39": 0.7566194047596032, "f4": 1.138001601654981, "f40": -0.3785708593098758, "f41": -3.0054480655259623, "f42": -1.2889930601844473, "f43": 1.91434919591838, "f44": 0.7799770829806458, "f45": -2.5593809925088906, "f46": -2.0204279081346006, "f47": -2.6134344974593513, "f48": 2.7163967963038806, "f49": 1.125327937186666, "f5": -1.7535686844010718, "f50": -0.7263366118296855, "f51": 1.9262981499050644, "f52": -2.785534475005505, "f53": -2.642306513317607, "f54": 1.2214221771877307, "f55": -1.815125148952435, "f6": -1.4169810323579388, "f7": 0.1501312578875589, "f8": -2.0099057146921173, "f9": 1.2831400605938064}, "datetime": {"datetime": "2023-01-23 18:19:06", "elapsed": 8606.986043, "delta": 18.402834}}
{"target": 0.8501523818349674, "params": {"f0": 0.782448749358039, "f1": -0.6563414696430707, "f10": 0.45208752506941774, "f11": 2.0384488776543823, "f12": -0.9337351274952066, "f13": -2.422876405544025, "f14": -0.7241778590647404, "f15": 0.4128408031145412, "f16": 0.5939397396487986, "f17": -0.44744544396636254, "f18": -1.6536087196426503, "f19": -2.4788950198423607, "f2": -2.7372506537863397, "f20": -3.106787214106225, "f21": -0.6984746285400036, "f22": 2.205457422878684, "f23": 1.1702536228540366, "f24": 2.015738391650003, "f25": 0.8768755652198218, "f26": -0.12596258712059527, "f27": 2.6724600404763352, "f28": 2.8037908506979763, "f29": 0.3743912231314184, "f3": -2.659312248964156, "f30": 0.9649046522875042, "f31": 0.40303299130439985, "f32": -2.0810245500755635, "f33": -2.549996174803014, "f34": -2.4912184969253777, "f35": -1.3689238175731242, "f36": -0.02670411580807751, "f37": -2.3266948994813883, "f38": 1.392030670727849, "f39": 0.37731503437990127, "f4": 1.138001601654981, "f40": -0.46497154699774784, "f41": -2.8139329395049497, "f42": -1.2456022879272592, "f43": 2.881175522693399, "f44": -0.04130586380891693, "f45": -2.7607157441746235, "f46": -2.166410911276683, "f47": -2.613379581529438, "f48": 2.809721993406497, "f49": 1.0888102081513138, "f5": -2.2716335429744854, "f50": -0.6000842311639077, "f51": 1.9489685102196745, "f52": -2.7883225927512725, "f53": -2.2099078046912703, "f54": 1.2242972824748886, "f55": -1.8434293861697235, "f6": -1.2803680750489257, "f7": 0.14550387313179378, "f8": -1.379986624793827, "f9": 1.2751665920563227}, "datetime": {"datetime": "2023-01-23 18:19:24", "elapsed": 8625.312766, "delta": 18.326723}}
{"target": 0.8501523818349674, "params": {"f0": 1.2289305372514492, "f1": -1.0127134802285196, "f10": 0.4263838849195889, "f11": 1.926772303276968, "f12": -0.5793024802488328, "f13": -2.2250666514335844, "f14": -0.5297604237971278, "f15": 0.4128408031145412, "f16": 0.3072408159004555, "f17": -0.6658810946088307, "f18": -1.626562434477411, "f19": -2.497711686951532, "f2": -2.7380754619363983, "f20": -3.080393925081856, "f21": -0.31107603491702396, "f22": 2.205457422878684, "f23": 1.1702536228540366, "f24": 2.0729505428224404, "f25": 0.5094260933465398, "f26": -0.37995951776772957, "f27": 1.992242079878611, "f28": 2.8462975186207204, "f29": 0.4097789905141783, "f3": -2.7834598555933394, "f30": 0.9749973468720428, "f31": 0.21139466721291292, "f32": -2.1739096168942016, "f33": -3.1899328095128676, "f34": -2.3869537232953455, "f35": -1.3771179852760846, "f36": 0.019891605748116034, "f37": -2.3480809538929988, "f38": 1.392030670727849, "f39": 1.0498691233915813, "f4": 1.138001601654981, "f40": -0.5842902506211926, "f41": -2.7233100506183257, "f42": -1.2041653746740368, "f43": 2.881175522693399, "f44": 0.886800800937245, "f45": -2.1733262875609363, "f46": -2.5056070747377506, "f47": -2.552812151448504, "f48": 2.9376908425769814, "f49": 1.022287973767062, "f5": -1.6270786635536443, "f50": -0.48329115113754767, "f51": 2.155656142690397, "f52": -2.7292553788192535, "f53": -2.74820916198905, "f54": 1.193197925425292, "f55": -1.8956008577289682, "f6": -1.0238097124400867, "f7": 0.11543645005442689, "f8": -1.7029631697625702, "f9": 1.194500768485369}, "datetime": {"datetime": "2023-01-23 18:19:37", "elapsed": 8638.238019, "delta": 12.925253}}
{"target": 0.8501523818349674, "params": {"f0": 0.5575708188914863, "f1": -0.6636965835882392, "f10": 0.4158189864477678, "f11": 1.9893451704173206, "f12": -0.21636387168372023, "f13": -2.713219364061115, "f14": -0.7351312124827954, "f15": 0.11000543556799597, "f16": 0.1951288220393985, "f17": -0.44744544396636254, "f18": -1.623332104286564, "f19": -2.63208428395388, "f2": -3.1085041675738885, "f20": -2.58681383795309, "f21": -0.31107603491702396, "f22": 2.25102805933359, "f23": 1.1702536228540366, "f24": 2.086819685449712, "f25": 1.00890164418645, "f26": -0.6118879847503521, "f27": 2.0641429728541776, "f28": 2.788991118755365, "f29": 0.4633845752093522, "f3": -2.7990554860703356, "f30": 0.9345583629140544, "f31": 0.13048078019672235, "f32": -2.1739096168942016, "f33": -3.020737911030208, "f34": -2.951959095205391, "f35": -1.4377217572048837, "f36": -0.034978169349138166, "f37": -2.162465219187501, "f38": 1.392030670727849, "f39": 0.187126989244645, "f4": 1.138001601654981, "f40": -0.7266429409530258, "f41": -2.750943419803596, "f42": -1.2808903886882284, "f43": 2.847018402388121, "f44": 0.08133177150879596, "f45": -2.2617113015127335, "f46": -1.8379607247206933, "f47": -2.476647441388328, "f48": 2.8098688126934293, "f49": 1.108892869257529, "f5": -1.5520807254097824, "f50": -1.0189858847913724, "f51": 1.656833967963584, "f52": -2.630223316963943, "f53": -2.968656191645055, "f54": 1.1419312009825908, "f55": -1.9647825330792017, "f6": -1.147455001260433, "f7": 0.07633124817220865, "f8": -1.704901570552396, "f9": 1.0777816688429263}, "datetime": {"datetime": "2023-01-23 18:19:50", "elapsed": 8651.367553, "delta": 13.129534}}
{"target": 0.8501523818349674, "params": {"f0": 0.68676636105121, "f1": -1.2630506395224836, "f10": 0.35352107191837595, "f11": 1.81200731000389, "f12": -0.15097289645323508, "f13": -2.406615744794265, "f14": -0.4355710338582245, "f15": -0.5871591968854588, "f16": 0.6002255981983592, "f17": -0.44744544396636254, "f18": -1.595135403901238, "f19": -2.6090133606781114, "f2": -2.782868569605197, "f20": -2.9852851291835973, "f21": -0.31107603491702396, "f22": 2.3762921850315935, "f23": 1.1702536228540366, "f24": 2.110512866996439, "f25": 0.7861258877997179, "f26": -0.8148618011828941, "f27": 2.7255225928581117, "f28": 2.8389723546023076, "f29": 0.519869702029674, "f3": -2.9583326385963304, "f30": 0.954602023541249, "f31": 0.383021695648455, "f32": -2.1739096168942016, "f33": -2.441533500652501, "f34": -2.5004694992710306, "f35": -1.3952444072521963, "f36": -0.034978169349138166, "f37": -2.2775638591074556, "f38": 1.392030670727849, "f39": 0.38763496058024444, "f4": 1.138001601654981, "f40": -0.7712241531637138, "f41": -2.7249381815524907, "f42": -1.2300722480032662, "f43": 2.3488673427246596, "f44": 0.47444176723004405, "f45": -2.599828219853385, "f46": -2.7627858641037313, "f47": -2.432349089433569, "f48": 3.001580045530705, "f49": 1.037806246255402, "f5": -1.7539713113533646, "f50": -0.6232224129789622, "f51": 1.8806990753767394, "f52": -2.6182020731018563, "f53": -2.4631399761332373, "f54": 1.1365282378563475, "f55": -1.9769089970749982, "f6": -0.7443907064290199, "f7": 0.04859663896427053, "f8": -1.3319402166717291, "f9": 0.9865111017894782}, "datetime": {"datetime": "2023-01-23 18:20:06", "elapsed": 8667.535517, "delta": 16.167964}}
{"target": 0.4188990519012398, "params": {"f0": 0.9241531263698889, "f1": -0.6913234430844352, "f10": 0.3773490194755251, "f11": 1.8765732442000338, "f12": -0.15097289645323508, "f13": -2.1112693685770085, "f14": -0.3307832290361725, "f15": -0.058045162378030896, "f16": -0.3997744018016408, "f17": -1.0560012808511396, "f18": -1.6122838570048874, "f19": -2.6029560410225376, "f2": -2.848483638617319, "f20": -2.911030572837083, "f21": -0.31107603491702396, "f22": 2.3291802212310238, "f23": 1.1702536228540366, "f24": 2.086588251755646, "f25": 0.5094260933465398, "f26": -0.04927360678118067, "f27": 2.834884107093231, "f28": 2.7978147001754996, "f29": 0.42552985258984505, "f3": -2.8583409425419317, "f30": 0.9301191051363975, "f31": 0.4645657991069706, "f32": -2.1739096168942016, "f33": -3.113129469509803, "f34": -2.4008026724295357, "f35": -1.4708087496420077, "f36": -0.034978169349138166, "f37": -2.2548361284576104, "f38": 1.392030670727849, "f39": 0.7807214877194167, "f4": 1.138001601654981, "f40": -0.6218771675381985, "f41": -2.818143535145234, "f42": -1.2564406351332371, "f43": 2.310038916486031, "f44": -0.11319919906275505, "f45": -2.7293145437076727, "f46": -1.940947424981108, "f47": -2.4526550302753125, "f48": 2.8714250829277033, "f49": 1.091992100241458, "f5": -1.8749725654913654, "f50": -0.4727321423628206, "f51": 2.0151598622559472, "f52": -2.6062046501259486, "f53": -2.9825044090532, "f54": 1.1422087274574169, "f55": -1.9310488692551175, "f6": -1.052196210558834, "f7": 0.024684405817269706, "f8": -1.0939128628403296, "f9": 1.0242869957974898}, "datetime": {"datetime": "2023-01-23 18:21:15", "elapsed": 8736.182324, "delta": 68.646807}}
{"target": 0.8501523818349674, "params": {"f0": 0.9751237487698194, "f1": -0.8742360668015228, "f10": 0.36716297278527704, "f11": 2.0142078502166565, "f12": -0.746870336432197, "f13": -2.6830280929254195, "f14": -1.1763317032573442, "f15": 0.02195991368578785, "f16": 0.6002255981983592, "f17": -0.44744544396636254, "f18": -1.6375284576190392, "f19": -2.5996051520687096, "f2": -2.828453959669209, "f20": -2.794233373452969, "f21": -0.7866773092497793, "f22": 2.2692892778588756, "f23": 1.1702536228540366, "f24": 2.028566486359263, "f25": 1.0288713671186487, "f26": -0.9013894503567751, "f27": 1.8595822496732362, "f28": 2.73150131329154, "f29": 0.5316385629216152, "f3": -2.6738730511583677, "f30": 0.914998080677337, "f31": -0.0610247425723841, "f32": -1.8941587057673204, "f33": -2.6055355233588036, "f34": -2.4891176126036467, "f35": -1.4462591762648012, "f36": 0.20678463240982833, "f37": -2.2574746940486055, "f38": 1.392030670727849, "f39": 0.187126989244645, "f4": 1.138001601654981, "f40": -0.44522322366031264, "f41": -2.636056426144288, "f42": -1.3984971541969666, "f43": 2.5541648551443332, "f44": 0.886800800937245, "f45": -2.4452514743859513, "f46": -2.802936853648901, "f47": -2.4935439306104232, "f48": 2.6501523110438807, "f49": 1.185586324714441, "f5": -1.9761567150019113, "f50": -0.9290007076850443, "f51": 1.7771013131892237, "f52": -2.653723509403252, "f53": -2.2099078046912703, "f54": 1.2298894821130522, "f55": -1.8819533440531608, "f6": -1.3177659957459902, "f7": 0.07175610241288226, "f8": -2.091907793871513, "f9": 1.0353091886277688}, "datetime": {"datetime": "2023-01-23 18:21:20", "elapsed": 8740.76183, "delta": 4.579506}}
{"target": 0.8501523818349674, "params": {"f0": 1.134506324643064, "f1": -0.812353909290494, "f10": 0.35604569254186036, "f11": 1.9704302236431808, "f12": -0.29895129411801874, "f13": -2.7015929827730174, "f14": -0.8979320274418826, "f15": 0.2399228527612577, "f16": 0.6002255981983592, "f17": -0.44744544396636254, "f18": -1.6354130981699428, "f19": -2.568710961469254, "f2": -3.3359940730371664, "f20": -3.009293301955565, "f21": -0.44809200493233237, "f22": 2.2999405289513515, "f23": 1.1702536228540366, "f24": 2.0290316549354612, "f25": 1.1463590667385004, "f26": -0.28416126635573885, "f27": 2.260283534541173, "f28": 2.79787192259948, "f29": 0.4660709790609571, "f3": -2.700261565375247, "f30": 0.9261476311913083, "f31": 0.2922933349386351, "f32": -1.4830928815376196, "f33": -2.1899328095128676, "f34": -2.789454411679682, "f35": -1.3962233763297054, "f36": 0.30862568257139544, "f37": -2.3550834639792235, "f38": 1.392030670727849, "f39": 0.9821867359197156, "f4": 1.138001601654981, "f40": -0.4335547812500591, "f41": -2.9148224661043094, "f42": -1.3624595502020151, "f43": 2.6453023341593314, "f44": 0.3459607392974842, "f45": -2.533417325738106, "f46": -2.3573985001781903, "f47": -2.506682920025236, "f48": 2.7789994749995626, "f49": 1.1072570550359662, "f5": -1.4124754406919626, "f50": -0.7028836045825493, "f51": 1.9476488586820448, "f52": -2.6985049234080036, "f53": -2.3410353418155023, "f54": 1.2329047561238096, "f55": -1.8765100773207655, "f6": -0.5787336318084488, "f7": 0.12596025388517018, "f8": -2.091907793871513, "f9": 1.0514225422086716}, "datetime": {"datetime": "2023-01-23 18:21:25", "elapsed": 8746.286106, "delta": 5.524276}}
