{"target": 0.8501523818349674, "params": {"f0": 1.2546823593347292, "f1": -0.8461144844703644, "f10": 0.2123848652337281, "f11": 2.164600476254206, "f12": -0.6954898978995139, "f13": -2.574755998286509, "f14": -0.7297150526724953, "f15": 0.33646910014312253, "f16": 0.2800781313121298, "f17": -0.594784148384092, "f18": -1.3969023090805563, "f19": -2.740569360046674, "f2": -2.9441927351163595, "f20": -2.297972908927174, "f21": -0.8092257877309731, "f22": 2.205457422878684, "f23": 1.1702536228540366, "f24": 2.0883354541586985, "f25": 1.0597158115723868, "f26": -0.5871517931647235, "f27": 2.5083208516851436, "f28": 2.71326849563674, "f29": 0.2469011108679018, "f3": -2.744973450670285, "f30": 0.6950442846814133, "f31": 0.20465095787029997, "f32": -1.8865387241508647, "f33": -2.6722338339481393, "f34": -2.6489239297990443, "f35": -1.4288939054674807, "f36": 0.2937077251237028, "f37": -1.8700661406813444, "f38": 1.6630060230199066, "f39": 0.7114620187251808, "f4": 1.138001601654981, "f40": -0.4057787387359528, "f41": -2.778665639224739, "f42": -1.4218237888828131, "f43": 2.282864066163, "f44": 0.49029287780102637, "f45": -2.7626957684934177, "f46": -2.488469753691536, "f47": -2.468664857798178, "f48": 2.8330032602968704, "f49": 1.3547022936897706, "f5": -1.9922714127080097, "f50": -0.549508851748981, "f51": 2.0849168360216175, "f52": -2.5426000532859927, "f53": -3.119189277003223, "f54": 0.993889972223605, "f55": -1.732498835339049, "f6": -0.9390868143801266, "f7": 0.14023940066220064, "f8": -1.27872383380018, "f9": 0.8166610862272782}, "datetime": {"datetime": "2023-01-23 18:14:47", "elapsed": 8348.358281, "delta": 7.709476}}
{"target": 0.8501523818349674, "params": {"f0": 0.6742872831987375, "f1": -0.5962244189918826, "f10": 0.08478182268115726, "f11": 1.696072949853423, "f12": -0.47580001942608174, "f13": -2.4975800031205426, "f14": -1.0712455265813314, "f15": 0.22979947025662176, "f16": 0.42272880324896606, "f17": -0.8849302036225667, "f18": -1.4772879046278962, "f19": -2.3957314801787537, "f2": -2.6638248568313077, "f20": -3.01231694756869, "f21": -0.5902211468865511, "f22": 2.587482870504274, "f23": 1.1702536228540366, "f24": 1.940472826876362, "f25": 0.8460013420123913, "f26": -0.3548146419089009, "f27": 2.195995379216137, "f28": 2.910040125958787, "f29": 0.7212800650305555, "f3": -2.6264040723252475, "f30": 0.6950442846814133, "f31": -0.042496576802514216, "f32": -1.9456102220032387, "f33": -2.6071390322532597, "f34": -2.343569875190511, "f35": -1.1671457430581638, "f36": 0.1253316642361936, "f37": -2.2387609521917624, "f38": 1.711063013075905, "f39": 0.9812733962364054, "f4": 1.138001601654981, "f40": -0.25009485468390014, "f41": -2.9929170046871727, "f42": -1.3196352867057373, "f43": 2.068143183610196, "f44": 0.41929301382882067, "f45": -2.7125257211200235, "f46": -2.308755264046216, "f47": -2.534045328150044, "f48": 3.0304899722470857, "f49": 1.30613741740593, "f5": -1.7433918071485157, "f50": -1.0161736495672873, "f51": 1.5923970510199532, "f52": -3.051976037755896, "f53": -2.8581167326351418, "f54": 1.2449098437526505, "f55": -1.9745567659181078, "f6": -1.1486713972012383, "f7": 0.19409414438341574, "f8": -1.344744117359678, "f9": 0.7304407137561368}, "datetime": {"datetime": "2023-01-23 18:15:01", "elapsed": 8362.272756, "delta": 13.914475}}
{"target": 0.9172148359312202, "params": {"f0": 0.9294680581067729, "f1": -0.5386944931985154, "f10": 0.09435971870633642, "f11": 2.1884645072136184, "f12": -0.15097289645323508, "f13": -2.4984304676274345, "f14": -0.5342217090174882, "f15": 0.3520425852722125, "f16": 0.3283477539322688, "f17": -0.7216990312003791, "f18": -1.5241638648201763, "f19": -2.7146306465160515, "f2": -2.6439036161792013, "f20": -2.918248377274127, "f21": -0.6165437592292498, "f22": 2.816617162069062, "f23": 1.1702536228540366, "f24": 2.0355667253798346, "f25": 0.8849886429018496, "f26": -0.8192722533421684, "f27": 2.8141424097355174, "f28": 2.9836184505816545, "f29": 0.15718126982830893, "f3": -2.555068785691515, "f30": 0.9036720058268863, "f31": 0.27210993338473966, "f32": -1.6967089252687524, "f33": -2.764084621241719, "f34": -2.4340371962001908, "f35": -1.2485324122008037, "f36": 0.31950872847017914, "f37": -2.262996125110806, "f38": 1.4675159663156743, "f39": 0.7365195489607683, "f4": 1.138001601654981, "f40": -0.5629888654775717, "f41": -2.590117764565673, "f42": -0.9735707672083451, "f43": 2.4373875437406083, "f44": 0.470499587457407, "f45": -2.5141560255263364, "f46": -2.197318301521023, "f47": -2.4477812302304316, "f48": 2.184597208671106, "f49": 0.9941085456507117, "f5": -1.8817271450976638, "f50": -0.8080140629650476, "f51": 2.11146186739973, "f52": -2.9917070949122344, "f53": -2.6556307662604843, "f54": 1.2263084701504647, "f55": -2.032112010182812, "f6": -1.330073290001912, "f7": 0.25006499706852886, "f8": -1.7922786064165106, "f9": 0.6519030328217513}, "datetime": {"datetime": "2023-01-23 18:15:14", "elapsed": 8375.401773, "delta": 13.129017}}
{"target": 0.25849627821304777, "params": {"f0": 0.9899555952085357, "f1": -0.7068193354752549, "f10": 0.07668872071243908, "f11": 2.33096616168656, "f12": -0.32279407393872017, "f13": -2.2575400275626194, "f14": -0.4873136310527582, "f15": 0.3783348674684859, "f16": 0.4546300865851283, "f17": -1.0005500363121502, "f18": -0.9211608720000977, "f19": -3.216542509995991, "f2": -2.7383621263589615, "f20": -2.6668524097921966, "f21": -0.803365056892585, "f22": 2.772384916817939, "f23": 1.1702536228540366, "f24": 1.827677092058961, "f25": 1.0134036978531864, "f26": -0.4370505270911829, "f27": 2.5229164493049443, "f28": 2.8672826470351764, "f29": 0.40533897496181315, "f3": -2.4960401102506182, "f30": 1.1423219705610799, "f31": -0.00010367554498536593, "f32": -1.6340955657430143, "f33": -2.5635241613338664, "f34": -2.487049290300694, "f35": -1.0331876162915907, "f36": 0.3479113918946966, "f37": -1.8700661406813444, "f38": 1.5433936386819045, "f39": 0.6163161481318695, "f4": 1.138001601654981, "f40": -0.5174506914034112, "f41": -2.7246241000876394, "f42": -0.9735707672083451, "f43": 2.3660462240130706, "f44": 0.7814325625753064, "f45": -2.839096926680541, "f46": -2.0963985723620566, "f47": -2.5056303449910784, "f48": 3.1224195791501983, "f49": 0.7299039002872049, "f5": -2.0707517129528386, "f50": -1.0921669900201916, "f51": 1.9117136295786301, "f52": -3.0766915568094917, "f53": -2.9775120701795217, "f54": 1.7043193776409717, "f55": -1.7054035120209503, "f6": -1.0491477040957027, "f7": 0.24234229009529923, "f8": -1.5727340292153693, "f9": 0.668261595355405}, "datetime": {"datetime": "2023-01-23 18:16:00", "elapsed": 8421.221791, "delta": 45.820018}}
{"target": 0.8501523818349674, "params": {"f0": 0.9687905614756176, "f1": -0.6618544292570263, "f10": 0.42001344129826523, "f11": 2.1572241495101427, "f12": -0.45831412226723545, "f13": -2.5119327784444976, "f14": -0.8644105476537431, "f15": -0.06550458976464017, "f16": 0.15794246472454823, "f17": -0.5290895068900935, "f18": -1.7966322087054944, "f19": -2.216542509995991, "f2": -2.7935519469375416, "f20": -2.9707719545769216, "f21": -0.5613686321490764, "f22": 2.374608713608654, "f23": 1.194083567398345, "f24": 2.0930907403722667, "f25": 0.7219217716640212, "f26": -0.608141639421176, "f27": 2.412116768658752, "f28": 2.766681429630956, "f29": 0.25425550549169135, "f3": -2.7789273403787105, "f30": 0.7439934541615913, "f31": 0.3522319151273627, "f32": -2.0620113283327415, "f33": -2.867458822849585, "f34": -2.3873907264122125, "f35": -1.4085785309256935, "f36": 0.18361832045226473, "f37": -2.416188911829239, "f38": 1.4823799504023647, "f39": 0.8266652843125528, "f4": 1.138001601654981, "f40": -0.3115397716546979, "f41": -2.8101377348255556, "f42": -1.3232840037243263, "f43": 2.379821711043303, "f44": -0.04264283518761894, "f45": -2.3478232859758728, "f46": -2.5419464169256787, "f47": -2.361972503960927, "f48": 2.288901444625654, "f49": 1.3512152815248073, "f5": -1.7145655691867134, "f50": -0.6140574879515395, "f51": 1.8133558170838546, "f52": -2.4511986994441415, "f53": -2.5476866294075093, "f54": 0.9383832883517627, "f55": -2.185801660305676, "f6": -1.1158957762134634, "f7": 0.049711199750861586, "f8": -1.7234482522875272, "f9": 1.0392058115942062}, "datetime": {"datetime": "2023-01-23 18:16:04", "elapsed": 8425.064485, "delta": 3.842694}}
{"target": 0.8501523818349674, "params": {"f0": 0.8846513129709808, "f1": -0.6781471447179958, "f10": 0.3525258191651494, "f11": 1.7439519253794415, "f12": -0.4461842828895375, "f13": -2.6660794533174497, "f14": -0.5758158950118879, "f15": 0.07200107146703354, "f16": 0.19001570224649414, "f17": -0.8498755375163395, "f18": -1.7966322087054944, "f19": -2.3124950475571175, "f2": -2.804692295185482, "f20": -2.8240648805754676, "f21": -0.8282697740494928, "f22": 2.205457422878684, "f23": 1.1702536228540366, "f24": 2.134626172006933, "f25": 1.2009022269420206, "f26": -0.37034903332387975, "f27": 2.6934973858254905, "f28": 2.771449326480432, "f29": 0.7385083543064578, "f3": -2.9845397564997174, "f30": 0.869594476404044, "f31": 0.33573615797722456, "f32": -1.8570878432319742, "f33": -3.0801356628654557, "f34": -2.5927398609662635, "f35": -1.142247585962218, "f36": 0.6185643141285021, "f37": -2.103393006106535, "f38": 1.4316240296735998, "f39": 0.860773444641803, "f4": 1.138001601654981, "f40": -0.5420638573138484, "f41": -2.7410335904822496, "f42": -0.9735707672083451, "f43": 2.404903238310936, "f44": 0.6007631630087932, "f45": -2.4185059803795306, "f46": -2.2583344402254943, "f47": -2.376625392848025, "f48": 2.639446346217896, "f49": 1.242137325921349, "f5": -2.084340045431074, "f50": -0.74788765693668, "f51": 1.652312726619224, "f52": -2.643420946024258, "f53": -2.494044142883672, "f54": 0.9455734433490229, "f55": -2.055069824850935, "f6": -1.0059603411216822, "f7": 0.17554375397934596, "f8": -1.6815611081130037, "f9": 0.9612316879862765}, "datetime": {"datetime": "2023-01-23 18:16:10", "elapsed": 8431.481412, "delta": 6.416927}}
{"target": 0.8501523818349674, "params": {"f0": 0.7114168620477097, "f1": -1.0725985067804742, "f10": 0.329067763952462, "f11": 2.1247291437482927, "f12": -0.5727467004692283, "f13": -2.5812069021782063, "f14": -0.9225502016851672, "f15": 0.13189809936363128, "f16": 0.07412597477528543, "f17": -0.7194757592480227, "f18": -1.7966322087054944, "f19": -2.8113741467165503, "f2": -3.09579806227569, "f20": -2.80076447480516, "f21": -0.6776636259057054, "f22": 2.2517611152721577, "f23": 1.1702536228540366, "f24": 2.1214035555994677, "f25": 0.6929988241533339, "f26": -0.3939410998397672, "f27": 2.5724779683445096, "f28": 2.8189663226373347, "f29": 0.15718126982830893, "f3": -2.785261391454302, "f30": 0.9637887632193564, "f31": 0.28997393764869356, "f32": -1.8811134875626725, "f33": -2.6381419694229096, "f34": -2.167088325013464, "f35": -1.5432870830079073, "f36": 0.04254832811931019, "f37": -2.199478231078379, "f38": 1.7156822953284705, "f39": 0.6348482036464944, "f4": 1.138001601654981, "f40": -0.0041528329104356405, "f41": -2.5122687147959444, "f42": -0.9735707672083451, "f43": 2.436450435543688, "f44": 0.4837157780105414, "f45": -2.7497622851004784, "f46": -2.2233121189522898, "f47": -2.4902807127899416, "f48": 2.793786048116822, "f49": 1.2767257877134117, "f5": -1.3966182690309794, "f50": -0.7099095125404123, "f51": 1.9242161472744235, "f52": -2.7645767160735137, "f53": -2.6273904710194684, "f54": 1.114526235534808, "f55": -2.399104130942203, "f6": -1.2891743094191506, "f7": 0.1792858114713806, "f8": -1.695725981199297, "f9": 0.9896562636585298}, "datetime": {"datetime": "2023-01-23 18:16:19", "elapsed": 8440.538578, "delta": 9.057166}}
{"target": 0.8501523818349674, "params": {"f0": 1.2003297845803442, "f1": -0.4445141458410844, "f10": 0.3754784655575153, "f11": 1.7466153233595805, "f12": -0.3678229702220988, "f13": -2.4711387781098573, "f14": -0.9185316619263807, "f15": -0.09760887720737368, "f16": 0.23576793244456898, "f17": -0.5519666112413201, "f18": -1.7966322087054944, "f19": -2.9258166336633598, "f2": -2.4832660541789173, "f20": -2.7637776065823365, "f21": -0.47911583433836336, "f22": 2.278255211012999, "f23": 1.1702536228540366, "f24": 1.9669777986202972, "f25": 1.021027883414623, "f26": -0.619471239555042, "f27": 2.3496004613282877, "f28": 2.895031378537745, "f29": 0.15718126982830893, "f3": -2.6507002246610343, "f30": 0.9775048131270908, "f31": 0.3102577139838516, "f32": -1.8184446774134502, "f33": -2.816117076358691, "f34": -2.4626504198728862, "f35": -1.1586036161452655, "f36": 0.18275706798647665, "f37": -1.9893991542811824, "f38": 1.5188154142694097, "f39": 0.8840897568189529, "f4": 1.138001601654981, "f40": -0.33698922520495833, "f41": -2.8280098379386414, "f42": -1.715028730258033, "f43": 2.342433286966493, "f44": 0.07808362426345931, "f45": -2.230755318442102, "f46": -2.4193828646163653, "f47": -2.6220886203085096, "f48": 2.7440277574008145, "f49": 1.1142616443525943, "f5": -1.9642014641601369, "f50": -0.9546445645934742, "f51": 2.2573749604712794, "f52": -2.743093155043631, "f53": -2.5460574443409567, "f54": 1.4133516420250245, "f55": -2.399104130942203, "f6": -1.0430669739178255, "f7": 0.10317163120205607, "f8": -1.4418861494641175, "f9": 1.1430968753658721}, "datetime": {"datetime": "2023-01-23 18:16:34", "elapsed": 8454.855817, "delta": 14.317239}}
{"target": 0.8501523818349674, "params": {"f0": 0.7613349210405229, "f1": -0.7657696600641689, "f10": 0.4368102710697667, "f11": 2.4436926076442167, "f12": -0.36449130470395125, "f13": -2.5393485079235396, "f14": -0.8537007780591747, "f15": 0.27484570073146974, "f16": 0.30609451075249283, "f17": -0.8153751311817056, "f18": -1.7966322087054944, "f19": -2.896104486817564, "f2": -2.8819590314972126, "f20": -2.9029619559875237, "f21": -0.7177136830647888, "f22": 2.3960720963654714, "f23": 1.1702536228540366, "f24": 2.0383419532252747, "f25": 0.9909199040147079, "f26": -0.3806879704856092, "f27": 2.3867479353148706, "f28": 2.934401756616156, "f29": 0.38176461067759665, "f3": -2.4992101487350546, "f30": 0.9371586272104298, "f31": 0.5470263001155341, "f32": -1.9831661537317329, "f33": -2.7147801377935976, "f34": -2.3309450768846496, "f35": -1.2508222510446434, "f36": 0.26096990396083214, "f37": -2.7785682582186095, "f38": 1.392030670727849, "f39": 0.7263197693956257, "f4": 1.138001601654981, "f40": -0.7721368587267554, "f41": -2.8231416213478298, "f42": -1.633639775020121, "f43": 2.0519938726758515, "f44": 0.4628622136368346, "f45": -2.348935580948957, "f46": -2.4756792700318413, "f47": -2.6333225400102913, "f48": 2.443931305641269, "f49": 1.266055373117207, "f5": -1.7417788630804165, "f50": -0.5653028563703709, "f51": 1.5116892212456872, "f52": -2.628154250189766, "f53": -2.866037009956862, "f54": 1.2385492638876783, "f55": -1.6534448539930917, "f6": -1.1401327783344717, "f7": 0.016473036369249083, "f8": -1.4325519240830757, "f9": 1.2556220415185106}, "datetime": {"datetime": "2023-01-23 18:16:44", "elapsed": 8465.134918, "delta": 10.279101}}
{"target": 0.8501523818349674, "params": {"f0": 1.1402459103472309, "f1": -0.9246601311751829, "f10": 0.3436800610096855, "f11": 2.3733458852062186, "f12": -0.5017156129571267, "f13": -2.643811413688067, "f14": -1.0828450316772613, "f15": -0.140602250746696, "f16": 0.024454471822760577, "f17": -0.6240457059016797, "f18": -1.7966322087054944, "f19": -2.2852992655861675, "f2": -2.9937130595453545, "f20": -2.7826217647916325, "f21": -0.4749439979018917, "f22": 2.650658376608399, "f23": 1.1702536228540366, "f24": 1.9151931869333014, "f25": 0.976239757761635, "f26": -0.5137758875072402, "f27": 2.42514591070034, "f28": 2.831229449643292, "f29": 0.7322591200551903, "f3": -2.499667250154965, "f30": 1.007375926192847, "f31": 0.29990856884285555, "f32": -2.124881044374731, "f33": -2.831174702162132, "f34": -2.405121164642745, "f35": -1.5717500880722202, "f36": 0.1953117204858102, "f37": -1.8700661406813444, "f38": 1.5633552316910746, "f39": 0.9587325118850313, "f4": 1.138001601654981, "f40": -0.4986261033153431, "f41": -3.0104654142542913, "f42": -0.9735707672083451, "f43": 2.5358195226957543, "f44": 0.09832757536091496, "f45": -2.4505635193811837, "f46": -2.4998870983879846, "f47": -2.520014478723295, "f48": 2.6201270652408826, "f49": 1.039606800286713, "f5": -1.681979754949835, "f50": -0.8374358051346942, "f51": 2.0830118322106834, "f52": -2.6391171815441066, "f53": -2.368375425303869, "f54": 1.4774608130314508, "f55": -1.3991041309422032, "f6": -1.3053747655760737, "f7": 0.032737395550578356, "f8": -1.415273557617933, "f9": 0.9087205407327342}, "datetime": {"datetime": "2023-01-23 18:16:55", "elapsed": 8475.796859, "delta": 10.661941}}
{"target": 0.2126709797819726, "params": {"f0": 0.6850193949493567, "f1": -0.7947169396392304, "f10": 0.3626073546236781, "f11": 2.696072949853423, "f12": -0.5743627632004735, "f13": -2.5454574443685267, "f14": -0.9114608011446931, "f15": 0.05402920170051126, "f16": 0.31349113147570257, "f17": -0.8604663763346732, "f18": -1.7966322087054944, "f19": -2.4257919373080696, "f2": -2.5991218167238017, "f20": -2.6674437378609364, "f21": -1.0762003617461, "f22": 2.6068035634845264, "f23": 1.1702536228540366, "f24": 1.968612886745652, "f25": 0.9032158501437635, "f26": -0.4790081185685286, "f27": 2.46633943591841, "f28": 2.7157208953293566, "f29": 0.15718126982830893, "f3": -2.5001572828657688, "f30": 0.9009556308562517, "f31": 0.3818929064254727, "f32": -2.0608998849540354, "f33": -2.7897297246343973, "f34": -2.54006104727177, "f35": -0.743954000503846, "f36": 0.4463102767658666, "f37": -1.9560927240228119, "f38": 1.8875983617200964, "f39": 1.109463076266137, "f4": 1.138001601654981, "f40": -0.06900124308622528, "f41": -2.960368588040924, "f42": -0.9735707672083451, "f43": 2.250722220279495, "f44": 0.15042720816476957, "f45": -2.215663178719077, "f46": -2.6531699784810376, "f47": -2.4205767582608653, "f48": 2.4563230922881076, "f49": 1.2446031264100235, "f5": -1.7759343266872911, "f50": -0.879245974374388, "f51": 1.730569351303415, "f52": -2.524735794296697, "f53": -2.9209397997080155, "f54": 1.2360345599075135, "f55": -2.3830824944036655, "f6": -0.8536106335426653, "f7": 0.01658185438934125, "f8": -1.4336044369532601, "f9": 0.837240827921204}, "datetime": {"datetime": "2023-01-23 18:17:41", "elapsed": 8522.232926, "delta": 46.436067}}
{"target": 0.8501523818349674, "params": {"f0": 1.2531006185790077, "f1": -0.662371828338223, "f10": 0.3289810076998876, "f11": 1.6981551485738888, "f12": -0.2538398396408221, "f13": -2.3174671354898226, "f14": -0.6338564124373463, "f15": -0.005651926052926618, "f16": 0.16586906209942173, "f17": -0.5178046758297831, "f18": -1.5933449584181205, "f19": -2.5825381451194622, "f2": -3.0040020511669208, "f20": -2.953563333948047, "f21": -0.3124187889771438, "f22": 2.277385177725929, "f23": 1.187185770637313, "f24": 2.015375794134854, "f25": 0.7683633300599839, "f26": -0.3885765771384203, "f27": 2.274538432157406, "f28": 2.7955024660320773, "f29": 0.5802861401993324, "f3": -2.9005109066105024, "f30": 0.8662252081414584, "f31": 0.17546379241731816, "f32": -1.9222071759536248, "f33": -2.781767035565917, "f34": -2.3695104251395063, "f35": -1.5884766573284104, "f36": 0.026190705388040546, "f37": -2.505751367722421, "f38": 1.392030670727849, "f39": 0.3633806992673604, "f4": 1.138001601654981, "f40": -0.5959263834111781, "f41": -2.665458273766324, "f42": -1.5545561475700385, "f43": 2.495202010235959, "f44": 0.3089682052495346, "f45": -2.835760011500399, "f46": -2.208475476828285, "f47": -2.447134797096781, "f48": 2.8830964602167293, "f49": 1.0430216900983822, "f5": -1.9461357205125527, "f50": -0.5848948298866063, "f51": 1.9023464453631105, "f52": -2.710873881037756, "f53": -2.478558738615936, "f54": 1.1857768508132902, "f55": -1.6460689792082317, "f6": -1.2415783790975798, "f7": 0.09308617043317371, "f8": -1.9253102314291848, "f9": 1.0304372128642714}, "datetime": {"datetime": "2023-01-23 18:17:45", "elapsed": 8526.282574, "delta": 4.049648}}
{"target": 0.8501523818349674, "params": {"f0": 0.8744710687902109, "f1": -0.7097855467957439, "f10": 0.38958752498992427, "f11": 1.8577936642649697, "f12": -0.4676254873327789, "f13": -2.3958516125218803, "f14": -0.8667822431085641, "f15": -0.0033591020930663624, "f16": 0.2820318130480287, "f17": -0.8899707073773465, "f18": -1.3668448687592147, "f19": -2.7750602125454127, "f2": -2.8739771036449735, "f20": -3.106787214106225, "f21": -0.6829840110123229, "f22": 2.3839134644671933, "f23": 1.2616930069310828, "f24": 2.0615059382322025, "f25": 0.8865732436350755, "f26": -0.45697191163869394, "f27": 2.7515228766436555, "f28": 2.8795900562664674, "f29": 0.3653919489649098, "f3": -3.02957881636188, "f30": 0.950304566844526, "f31": 0.10892560919851944, "f32": -1.8547351569396326, "f33": -2.870894507366198, "f34": -2.112227510603313, "f35": -1.5884766573284104, "f36": 0.39836767971326437, "f37": -1.9563756686535103, "f38": 1.392030670727849, "f39": 0.7347525628883681, "f4": 1.138001601654981, "f40": -0.48604472328627724, "f41": -2.6991830719210945, "f42": -1.6554022443987468, "f43": 2.5388124885231997, "f44": 0.21181805378039548, "f45": -2.4811620095963263, "f46": -2.4162261324243497, "f47": -2.3942353153507336, "f48": 2.6433118686365424, "f49": 1.436878471010535, "f5": -1.563027573292088, "f50": -1.1189648731497297, "f51": 1.8958412342253343, "f52": -2.6676756922268217, "f53": -2.6757689685657113, "f54": 1.1416508957091094, "f55": -1.5363672702097373, "f6": -1.1495090243987434, "f7": 0.08764664861813673, "f8": -1.8097292602938562, "f9": 1.2114230498485603}, "datetime": {"datetime": "2023-01-23 18:17:53", "elapsed": 8534.05603, "delta": 7.773456}}
