{"target": 0.8501523818349674, "params": {"f0": 0.8313523277073462, "f1": -1.0350048230621873, "f10": 0.5964787399879466, "f11": 1.8775359149469868, "f12": -0.5464260220740847, "f13": -2.9535435008972803, "f14": -0.7522823832857848, "f15": -0.4527901083344112, "f16": 0.29138386983632614, "f17": -0.44744544396636254, "f18": -1.5537260143129328, "f19": -2.994259193022668, "f2": -2.8947549866845463, "f20": -2.863631317409664, "f21": -0.31107603491702396, "f22": 2.205457422878684, "f23": 1.6342193067653212, "f24": 1.6128412285524933, "f25": 0.7704066548131798, "f26": -0.16385060739687243, "f27": 1.834884107093231, "f28": 2.6552678909027483, "f29": 0.2739642285967877, "f3": -2.6128388025981435, "f30": 1.0542945451777033, "f31": -0.09485944502449078, "f32": -2.1739096168942016, "f33": -2.50113942939021, "f34": -2.622519423028442, "f35": -1.3672817256371053, "f36": 0.19300280080542986, "f37": -2.1647133193579733, "f38": 1.392030670727849, "f39": 1.0567226296508045, "f4": 1.138001601654981, "f40": -0.3718758773172709, "f41": -3.13380877509814, "f42": -1.389799473188557, "f43": 2.837799734549688, "f44": 0.5701589705542816, "f45": -2.975102533960226, "f46": -2.51073425375329, "f47": -2.2627405345356344, "f48": 3.1224195791501983, "f49": 1.7079585737534089, "f5": -2.156371398320721, "f50": -0.733543044791834, "f51": 1.5116892212456872, "f52": -2.4346485760513166, "f53": -2.4847443919553625, "f54": 1.0137274668189584, "f55": -1.739617885375302, "f6": -1.1919472487631875, "f7": 0.04161448430989415, "f8": -1.6745891451966468, "f9": 1.3003475932928943}, "datetime": {"datetime": "2023-01-23 18:23:57", "elapsed": 8898.078445, "delta": 7.764889}}
{"target": 0.8501523818349674, "params": {"f0": 0.9272555847423777, "f1": -0.7889969840072437, "f10": 0.4395671731858055, "f11": 1.748231750340038, "f12": -0.7568496582898774, "f13": -2.8296113850430755, "f14": -0.8449685288831643, "f15": -0.11323127158925003, "f16": 0.6002255981983592, "f17": -0.837004482478054, "f18": -1.7966322087054944, "f19": -2.755441204213085, "f2": -2.6380577294167007, "f20": -2.744721350558767, "f21": -0.31107603491702396, "f22": 2.8642410895415202, "f23": 1.9421502302918512, "f24": 1.3130450808217582, "f25": 0.831388923471299, "f26": -0.09072117370027129, "f27": 2.1218746924317893, "f28": 2.7690490759833497, "f29": 0.2531256489681948, "f3": -2.9313533651159984, "f30": 0.6950442846814133, "f31": -0.09485944502449078, "f32": -2.098074449228663, "f33": -2.5531031237208612, "f34": -2.593569184234628, "f35": -1.5884766573284104, "f36": 0.4849926057537879, "f37": -2.3869361169512584, "f38": 1.392030670727849, "f39": 0.4705120664704057, "f4": 1.138001601654981, "f40": -0.7832834752590982, "f41": -2.4989214780322, "f42": -0.9915726196290534, "f43": 2.424530188094905, "f44": 0.3240081923018612, "f45": -2.868241954274396, "f46": -2.56894978696184, "f47": -2.335377180492368, "f48": 2.133447622645558, "f49": 0.9694544354500128, "f5": -1.890360391348013, "f50": -0.6177979834229247, "f51": 2.241329893020382, "f52": -2.6750113691520476, "f53": -2.7906667372144125, "f54": 1.0110527981757305, "f55": -1.9511782463259453, "f6": -1.1905035036516887, "f7": 0.21890370390734662, "f8": -2.091907793871513, "f9": 1.3003475932928943}, "datetime": {"datetime": "2023-01-23 18:24:03", "elapsed": 8903.835597, "delta": 5.757152}}
{"target": 0.8501523818349674, "params": {"f0": 1.0768211421789957, "f1": -0.7999353893069736, "f10": 0.3626864393255569, "f11": 1.696072949853423, "f12": -0.30243088055343753, "f13": -2.917648700972807, "f14": -0.5279408227119057, "f15": -0.17113271921067305, "f16": 0.4640700937177398, "f17": -0.44744544396636254, "f18": -1.2658200319455246, "f19": -2.372308241244615, "f2": -2.888193963957368, "f20": -2.862378163692843, "f21": -0.31107603491702396, "f22": 2.787728093908597, "f23": 1.4684490929058223, "f24": 1.7253545504975232, "f25": 0.5094260933465398, "f26": -0.8037304274068945, "f27": 2.245938011916446, "f28": 3.1035375259872, "f29": 0.15718126982830893, "f3": -2.507279808353356, "f30": 1.0339764915973673, "f31": 0.47504739107082056, "f32": -1.6258770035082872, "f33": -2.810470473207094, "f34": -2.4071465631586184, "f35": -1.0039141828010287, "f36": 0.7320048833263875, "f37": -2.47719099513361, "f38": 1.392030670727849, "f39": 0.7225726127552292, "f4": 1.138001601654981, "f40": -0.6901483800111232, "f41": -2.7163665579406566, "f42": -1.1692255630651625, "f43": 2.8145165734152813, "f44": 0.46917212213980974, "f45": -2.941458724475531, "f46": -2.3306206077440477, "f47": -2.361252213324497, "f48": 2.628535527560677, "f49": 1.7079585737534089, "f5": -1.7443061259489099, "f50": -0.5910148623765721, "f51": 1.7569511056079994, "f52": -2.4346485760513166, "f53": -2.527310560371126, "f54": 1.5230554863726953, "f55": -2.0339960963814674, "f6": -1.5787336318084488, "f7": 0.15847213978370156, "f8": -1.986792131594797, "f9": 1.3003475932928943}, "datetime": {"datetime": "2023-01-23 18:24:10", "elapsed": 8911.112786, "delta": 7.277189}}
{"target": 0.8501523818349674, "params": {"f0": 0.7582356605590002, "f1": -0.6956152499610522, "f10": 0.8289213567611775, "f11": 1.8587351059589794, "f12": -0.15097289645323508, "f13": -2.6696771356229436, "f14": -0.7034017587056163, "f15": 0.19587142846154537, "f16": 0.1781430744090458, "f17": -0.44744544396636254, "f18": -1.6475993732680911, "f19": -3.1135209704561944, "f2": -2.706640891580671, "f20": -3.0669818524140138, "f21": -0.31107603491702396, "f22": 2.643654518759789, "f23": 1.1702536228540366, "f24": 1.9534212886699578, "f25": 0.5554915909874288, "f26": -0.5708422701432393, "f27": 2.486862362652218, "f28": 3.083458334034395, "f29": 0.431229147643433, "f3": -2.9946462256729127, "f30": 0.6950442846814133, "f31": -0.09485944502449078, "f32": -2.1680748811316652, "f33": -2.4772249072130474, "f34": -2.8618970646107944, "f35": -1.5884766573284104, "f36": 0.12857012573437623, "f37": -2.505717917307142, "f38": 1.392030670727849, "f39": 1.0785432489639593, "f4": 1.138001601654981, "f40": -0.37222019095396613, "f41": -2.79668253811765, "f42": -1.0089949653593329, "f43": 2.881175522693399, "f44": 0.5538630888746641, "f45": -2.5008503837294143, "f46": -2.802936853648901, "f47": -2.0957092009614118, "f48": 2.3860851636254172, "f49": 0.8347863029496165, "f5": -2.114759646099482, "f50": -0.9317202946090231, "f51": 1.5116892212456872, "f52": -2.6795568838246693, "f53": -2.2099078046912703, "f54": 1.461839819398072, "f55": -2.074702229267668, "f6": -1.484115278705147, "f7": 0.2492107471700361, "f8": -1.8692322539934485, "f9": 1.3003475932928943}, "datetime": {"datetime": "2023-01-23 18:24:20", "elapsed": 8920.798444, "delta": 9.685658}}
{"target": 0.48839762556191085, "params": {"f0": 1.0037212392190522, "f1": -0.6801195152369611, "f10": 0.6767473608409668, "f11": 2.074184530583841, "f12": -0.2775576226541365, "f13": -2.7356124165808904, "f14": -1.0368807479420585, "f15": -0.24604822096950818, "f16": 0.6002255981983592, "f17": -0.8723732372717576, "f18": -1.1874508132666837, "f19": -2.2828593723177133, "f2": -2.8652241415845374, "f20": -2.881780532303553, "f21": -0.31107603491702396, "f22": 2.205457422878684, "f23": 1.1702536228540366, "f24": 2.0745524357036103, "f25": 0.6581968264566306, "f26": 0.04551878917946861, "f27": 2.0399621514594886, "f28": 2.707390272481621, "f29": 0.15718126982830893, "f3": -2.6934305413400668, "f30": 0.6950442846814133, "f31": -0.09485944502449078, "f32": -1.9315812632038947, "f33": -2.6848884906491057, "f34": -2.3292182454801322, "f35": -1.5884766573284104, "f36": 0.42095054004739574, "f37": -1.9595315337538775, "f38": 1.392030670727849, "f39": 0.3247002687491029, "f4": 1.138001601654981, "f40": -0.24243083299221377, "f41": -2.9122593026958903, "f42": -1.0452377691506618, "f43": 2.4359078676334827, "f44": 0.36987512672533635, "f45": -2.4836338565259863, "f46": -2.802936853648901, "f47": -2.0957092009614118, "f48": 3.1224195791501983, "f49": 0.9382073598030946, "f5": -2.2332557878598913, "f50": -0.6225373053376705, "f51": 1.5259023589412661, "f52": -2.4346485760513166, "f53": -2.723353524133283, "f54": 1.0347243463431128, "f55": -1.8867700086191532, "f6": -1.427583058355347, "f7": 0.30568514522676565, "f8": -1.9576088754872696, "f9": 1.3003475932928943}, "datetime": {"datetime": "2023-01-23 18:25:30", "elapsed": 8991.271221, "delta": 70.472777}}
{"target": 0.8501523818349674, "params": {"f0": 0.7814361600147941, "f1": -1.0341128490578761, "f10": 0.16511675637831244, "f11": 1.696072949853423, "f12": -0.5189056994772437, "f13": -2.86309140315663, "f14": -0.5288011274459933, "f15": -0.030811870557217593, "f16": 0.009555575184712934, "f17": -0.44744544396636254, "f18": -1.7966322087054944, "f19": -2.8271516382547546, "f2": -2.628919726800827, "f20": -2.7700242895379863, "f21": -0.8080005962217459, "f22": 2.7191967342836283, "f23": 1.6274578703201563, "f24": 1.81257270386772, "f25": 0.7992289194113236, "f26": -0.5151694486150723, "f27": 2.1549080177467594, "f28": 2.890552345273244, "f29": 0.4747372425362418, "f3": -2.50735637059991, "f30": 1.2249253170952061, "f31": 0.11293242730853811, "f32": -2.1273490449289185, "f33": -2.5403749123526285, "f34": -2.951959095205391, "f35": -1.5191769325582418, "f36": 0.007404660221369569, "f37": -2.518802604163485, "f38": 1.392030670727849, "f39": 1.187126989244645, "f4": 1.1361968990194293, "f40": -0.7185840814291967, "f41": -2.3658189238558913, "f42": -1.7155238582764305, "f43": 2.8179313558513557, "f44": 0.7139582297368231, "f45": -3.0761279795143026, "f46": -2.3955343195699625, "f47": -2.893609207186726, "f48": 2.2428353889724595, "f49": 1.3990834536973669, "f5": -1.7923844829455338, "f50": -1.0797648212376547, "f51": 2.0620792122153935, "f52": -2.587210345306835, "f53": -2.346449049307972, "f54": 1.0170206574951495, "f55": -1.8855493155007605, "f6": -1.286248208468424, "f7": -0.19549387109934366, "f8": -1.7687189295703984, "f9": 0.7757481885442571}, "datetime": {"datetime": "2023-01-23 18:25:35", "elapsed": 8995.583928, "delta": 4.312707}}
{"target": 0.8501523818349674, "params": {"f0": 1.1814969153695811, "f1": -1.073402501475041, "f10": 0.3152534435146993, "f11": 1.696072949853423, "f12": -0.5707294126449586, "f13": -2.8975043237890428, "f14": -0.738680256122364, "f15": -0.08843430442695359, "f16": 0.24396457873675267, "f17": -0.44744544396636254, "f18": -1.7966322087054944, "f19": -3.1821952262786493, "f2": -3.1051435954554747, "f20": -2.785874575795794, "f21": -0.31107603491702396, "f22": 2.5198128126336377, "f23": 1.4040224469497753, "f24": 2.0575968769379447, "f25": 1.111935148036605, "f26": -0.41181249837777495, "f27": 2.48778880691177, "f28": 3.0755565656419956, "f29": 0.5952318223360541, "f3": -2.5857640618867777, "f30": 0.6950442846814133, "f31": 0.2456942815982655, "f32": -2.1739096168942016, "f33": -2.751761430883201, "f34": -2.693061414322454, "f35": -0.7754115826190198, "f36": 0.3739349515399278, "f37": -2.543710910068649, "f38": 1.392030670727849, "f39": 0.6874198772475588, "f4": 0.8043930885217119, "f40": -0.2954650515999161, "f41": -2.8087267571776082, "f42": -1.36184679377126, "f43": 2.881175522693399, "f44": 0.47327235032610104, "f45": -2.8583071486838976, "f46": -2.7243639187755173, "f47": -2.9073752118037963, "f48": 2.6350007588610103, "f49": 1.0954124104116216, "f5": -1.6373930906287384, "f50": -0.8732462696637637, "f51": 1.9479203242464542, "f52": -2.727235705710014, "f53": -2.7448290935901967, "f54": 1.1099399420100948, "f55": -1.8330628366179176, "f6": -1.5540303619124016, "f7": 0.19065591797488154, "f8": -1.6157911351609269, "f9": 1.0549550047484235}, "datetime": {"datetime": "2023-01-23 18:25:40", "elapsed": 9000.949294, "delta": 5.365366}}
{"target": 0.8501523818349674, "params": {"f0": 0.7187127353087315, "f1": -0.8369035601721867, "f10": 0.7088574086660472, "f11": 1.9223199459292728, "f12": -0.82575948349215, "f13": -2.8216290829614246, "f14": -0.684772217051684, "f15": 0.30601737913013277, "f16": 0.39914910207917875, "f17": -0.44744544396636254, "f18": -1.7966322087054944, "f19": -2.6102293890974204, "f2": -2.948507049638012, "f20": -2.834907433887775, "f21": -0.31107603491702396, "f22": 2.35422939901621, "f23": 1.6138413047379048, "f24": 1.8062057634903839, "f25": 0.7508656667086091, "f26": -0.5306639914280595, "f27": 2.285782587305169, "f28": 3.1035375259872, "f29": 0.293738867958912, "f3": -3.0523615521152485, "f30": 0.6950442846814133, "f31": 0.15583054267710708, "f32": -2.020509134172663, "f33": -2.538517179373728, "f34": -2.8826784664745775, "f35": -1.5884766573284104, "f36": 0.4754118015815586, "f37": -2.040392424530621, "f38": 1.392030670727849, "f39": 1.0718069902328733, "f4": 1.0063589206575265, "f40": -0.7832834752590982, "f41": -2.689214549883839, "f42": -1.6023987010996255, "f43": 2.3963864928106946, "f44": 0.6660693612429525, "f45": -3.1733262875609363, "f46": -2.4048182898843464, "f47": -2.9233757843654913, "f48": 2.8471668735217386, "f49": 1.2042732745269251, "f5": -1.8609498587568896, "f50": -0.9770474720008676, "f51": 1.8372760453413992, "f52": -2.489534464292995, "f53": -2.572979075333257, "f54": 1.7505942297812722, "f55": -2.261580984614996, "f6": -1.2492958858347467, "f7": -0.5768393539015593, "f8": -1.7426289498557854, "f9": 1.3003475932928943}, "datetime": {"datetime": "2023-01-23 18:25:48", "elapsed": 9008.919488, "delta": 7.970194}}
{"target": 0.8501523818349674, "params": {"f0": 0.9636981307401146, "f1": -1.0415150374571507, "f10": 0.5652012878411842, "f11": 1.696072949853423, "f12": -0.4097749331576022, "f13": -2.7214920702407204, "f14": -0.5176217193311229, "f15": -0.016818535928254844, "f16": 0.42863440015559867, "f17": -0.44744544396636254, "f18": -1.612414513873011, "f19": -2.7589001393532953, "f2": -2.7684665068340286, "f20": -2.523372625894232, "f21": -0.31107603491702396, "f22": 2.4129196185400974, "f23": 1.1793450382688246, "f24": 1.6477400845010426, "f25": 1.0006934832577272, "f26": -0.23252009708931462, "f27": 2.356859526733523, "f28": 2.910460682355137, "f29": 0.4212997299045551, "f3": -2.5311397522500934, "f30": 1.2562905524273782, "f31": 0.09364267010370755, "f32": -2.099203616832932, "f33": -2.575405462852929, "f34": -2.676897328853756, "f35": -1.5884766573284104, "f36": 0.45115499158214556, "f37": -2.5326636560020614, "f38": 2.392030670727849, "f39": 0.7921258309803731, "f4": 1.138001601654981, "f40": -0.7832834752590982, "f41": -2.601285828266213, "f42": -1.5851472060209926, "f43": 2.5732737116431634, "f44": 0.5972105939327824, "f45": -2.544692541671782, "f46": -2.369030417524624, "f47": -2.779610022774013, "f48": 2.4256017103018275, "f49": 1.5249734731000912, "f5": -1.8900498351609922, "f50": -0.7997512935277243, "f51": 1.8358278274447766, "f52": -2.5936108755286265, "f53": -2.2628236094601695, "f54": 1.4579053577590524, "f55": -1.9407721793567667, "f6": -1.214793146245607, "f7": 0.42316064609844073, "f8": -1.7172825866741352, "f9": 1.1568259602657325}, "datetime": {"datetime": "2023-01-23 18:25:55", "elapsed": 9016.351528, "delta": 7.43204}}
{"target": 0.3492966239313812, "params": {"f0": 0.5575708188914863, "f1": -0.26305063952248375, "f10": -0.15948554283644167, "f11": 1.696072949853423, "f12": -1.150972896453235, "f13": -3.1112693685770085, "f14": -1.3307832290361725, "f15": 0.41284080311454113, "f16": 0.6002255981983592, "f17": -0.44744544396636254, "f18": -1.7966322087054944, "f19": -3.216542509995991, "f2": -3.3359940730371664, "f20": -3.106787214106225, "f21": -0.31107603491702396, "f22": 2.205457422878684, "f23": 2.1702536228540366, "f24": 2.134626172006933, "f25": 0.5094260933465398, "f26": 0.04551878917946861, "f27": 1.834884107093231, "f28": 3.1035375259872, "f29": 0.15718126982830893, "f3": -3.507427198616715, "f30": 1.6950442846814133, "f31": -0.09485944502449078, "f32": -2.1739096168942016, "f33": -2.1899328095128676, "f34": -2.951959095205391, "f35": -1.5884766573284104, "f36": 0.9650218306508618, "f37": -2.8700661406813444, "f38": 1.392030670727849, "f39": 1.187126989244645, "f4": 1.138001601654981, "f40": -0.7832834752590982, "f41": -3.155661135652665, "f42": -0.9735707672083451, "f43": 2.881175522693399, "f44": 0.886800800937245, "f45": -3.1733262875609363, "f46": -2.802936853648901, "f47": -2.0957092009614118, "f48": 3.1224195791501983, "f49": 1.7079585737534089, "f5": -2.2716335429744854, "f50": -1.2606134066437806, "f51": 2.511689221245687, "f52": -2.4346485760513166, "f53": -3.2099078046912703, "f54": 0.9383832883517627, "f55": -2.399104130942203, "f6": -1.5787336318084488, "f7": 0.42316064609844073, "f8": -1.091907793871513, "f9": 1.3003475932928943}, "datetime": {"datetime": "2023-01-23 18:27:38", "elapsed": 9118.745944, "delta": 102.394416}}
{"target": 0.8501523818349674, "params": {"f0": 0.7681211332057124, "f1": -0.9235730504976202, "f10": 0.6306944027620416, "f11": 2.017120081782784, "f12": -0.3510587356366853, "f13": -2.6939795762228322, "f14": -0.636217828275938, "f15": -0.3087633896217067, "f16": 0.1345809509189213, "f17": -0.44744544396636254, "f18": -1.7966322087054944, "f19": -2.6178203316454187, "f2": -2.777165333141303, "f20": -3.106787214106225, "f21": -0.31107603491702396, "f22": 2.7123282376824185, "f23": 1.7780012178117215, "f24": 2.134626172006933, "f25": 0.7766765552394075, "f26": -0.278006274212577, "f27": 2.0796961071219373, "f28": 2.5057464634719415, "f29": 0.15718126982830893, "f3": -2.5449323129715955, "f30": 0.6950442846814133, "f31": 0.02953610402256626, "f32": -1.981449350361366, "f33": -2.489606450275785, "f34": -2.4420654231219965, "f35": -1.246866548415739, "f36": -0.02079467548523513, "f37": -2.0014785059534543, "f38": 1.392030670727849, "f39": 0.8403416509248576, "f4": 1.138001601654981, "f40": -0.7832834752590982, "f41": -2.5503022096094554, "f42": -1.4957391562075628, "f43": 2.715429747461718, "f44": 0.5895460088817417, "f45": -2.8099716194205895, "f46": -2.3022847764281007, "f47": -2.702221637621097, "f48": 2.2870125129912102, "f49": 1.5665973090895764, "f5": -1.8999390036733408, "f50": -0.7960268279315349, "f51": 1.861573676744978, "f52": -3.070957704159994, "f53": -2.286560188113143, "f54": 1.64144712300598, "f55": -1.9177213606351742, "f6": -1.0675248540377873, "f7": 0.42316064609844073, "f8": -1.9426163364683469, "f9": 0.6560798854884203}, "datetime": {"datetime": "2023-01-23 18:27:48", "elapsed": 9128.974428, "delta": 10.228484}}
{"target": 0.8501523818349674, "params": {"f0": 0.830746878492247, "f1": -0.8900872600189952, "f10": 0.45072541176876596, "f11": 1.7323432947525053, "f12": -0.6172335926773641, "f13": -2.9680876220604646, "f14": -0.7145200035499503, "f15": -0.05904004032708759, "f16": 0.213582960987143, "f17": -0.44744544396636254, "f18": -1.1715504092609925, "f19": -2.721034889258363, "f2": -2.5989966539058127, "f20": -2.891490423023821, "f21": -0.31107603491702396, "f22": 2.205457422878684, "f23": 1.1702536228540366, "f24": 1.1346261720069333, "f25": 0.8233248413522155, "f26": -0.7632141136375957, "f27": 2.2713248767961547, "f28": 2.755562929917465, "f29": 0.3408806470528553, "f3": -2.5194211531375883, "f30": 0.6950442846814133, "f31": -0.09485944502449078, "f32": -1.7089989274576238, "f33": -2.3463151170548477, "f34": -2.503329881928571, "f35": -1.2494155134554756, "f36": -0.034978169349138166, "f37": -2.3118486325097005, "f38": 1.392030670727849, "f39": 1.0763784857030763, "f4": 1.138001601654981, "f40": -0.7832834752590982, "f41": -2.4348598615922596, "f42": -1.3614769044412136, "f43": 2.503910950928224, "f44": 0.49544111950631853, "f45": -2.7105662017178016, "f46": -2.2777596107232156, "f47": -2.5955297393669436, "f48": 2.1224195791501983, "f49": 0.9641994186614075, "f5": -1.5241361085862133, "f50": -0.5979092619659302, "f51": 1.802275482439995, "f52": -2.4643401707648818, "f53": -2.3460350239274326, "f54": 0.9385218883612699, "f55": -1.7951074916191367, "f6": -1.334394353847311, "f7": -0.1675468044853596, "f8": -1.518880268730112, "f9": 0.8673721098536358}, "datetime": {"datetime": "2023-01-23 18:27:57", "elapsed": 9138.522076, "delta": 9.547648}}
{"target": 0.8501523818349674, "params": {"f0": 1.4545509319580898, "f1": -0.9832996316448033, "f10": 0.7089413560965924, "f11": 2.3783166186707674, "f12": -0.9690649400505954, "f13": -2.514699819024854, "f14": -0.3307832290361725, "f15": -0.4190017695717551, "f16": -0.02443562409680835, "f17": -0.5038075310469897, "f18": -1.7517984908310766, "f19": -3.1353067902609513, "f2": -2.9918899008624016, "f20": -3.035016681193807, "f21": -0.31107603491702396, "f22": 3.205457422878684, "f23": 1.1702536228540366, "f24": 1.1346261720069333, "f25": 0.5320791599363661, "f26": -0.7348062250622486, "f27": 2.2087699290622798, "f28": 2.6422253652090295, "f29": 0.15810799253630242, "f3": -2.7372658743882994, "f30": 0.6950442846814133, "f31": -0.09485944502449078, "f32": -1.8587695953354513, "f33": -2.2114361963565248, "f34": -2.951959095205391, "f35": -1.5392440641179543, "f36": 0.5530542434593871, "f37": -2.4277604317603463, "f38": 1.392030670727849, "f39": 0.3619191334224342, "f4": 1.0223045423939991, "f40": -0.7832834752590982, "f41": -2.867495742581319, "f42": -1.7288551755732442, "f43": 2.7451401582705, "f44": 0.03004070582926578, "f45": -3.1733262875609363, "f46": -2.508218390070344, "f47": -2.445810036524816, "f48": 2.2230506500934446, "f49": 1.7079585737534089, "f5": -2.0248330092689297, "f50": -1.2606134066437806, "f51": 2.0974399136987603, "f52": -2.4346485760513166, "f53": -2.305386427890571, "f54": 0.9383832883517627, "f55": -1.953272126898169, "f6": -1.1445697413453244, "f7": -0.27134863208943844, "f8": -2.091907793871513, "f9": 0.916010103714872}, "datetime": {"datetime": "2023-01-23 18:28:04", "elapsed": 9145.221193, "delta": 6.699117}}
