{"target": 0.6495340876584289, "params": {"f0": 1.5575708188914863, "f1": -1.2630506395224836, "f10": 0.8405144571635583, "f11": 1.696072949853423, "f12": -0.15097289645323508, "f13": -3.1112693685770085, "f14": -1.3307832290361725, "f15": -0.5871591968854588, "f16": -0.14585537568192866, "f17": -0.44744544396636254, "f18": -1.7966322087054944, "f19": -3.216542509995991, "f2": -2.5718271567831286, "f20": -2.106787214106225, "f21": -0.31107603491702396, "f22": 2.205457422878684, "f23": 1.1702536228540366, "f24": 2.134626172006933, "f25": 0.5094260933465398, "f26": -0.5618772958086091, "f27": 2.834884107093231, "f28": 3.1035375259872, "f29": 0.28000255567782495, "f3": -2.5074736688785406, "f30": 1.5849916475940908, "f31": 0.8583434784283448, "f32": -2.0128823870228185, "f33": -2.1899328095128676, "f34": -2.951959095205391, "f35": -1.5884766573284104, "f36": 0.20579396753868068, "f37": -2.3417252401600677, "f38": 1.392030670727849, "f39": 1.187126989244645, "f4": 1.138001601654981, "f40": -0.7832834752590982, "f41": -2.572811486776266, "f42": -1.8712425080749575, "f43": 1.8883327477000242, "f44": 0.6824858119190417, "f45": -3.1733262875609363, "f46": -2.802936853648901, "f47": -2.2564404754891263, "f48": 2.1224195791501983, "f49": 1.7079585737534089, "f5": -1.9798426418628312, "f50": -1.2282730275471683, "f51": 2.511689221245687, "f52": -2.4346485760513166, "f53": -2.2099078046912703, "f54": 1.6714799006058496, "f55": -1.3991041309422032, "f6": -1.5787336318084488, "f7": -0.5768393539015593, "f8": -2.091907793871513, "f9": 1.2332253242623272}, "datetime": {"datetime": "2023-01-23 18:29:38", "elapsed": 9238.994276, "delta": 93.773083}}
{"target": 0.3742870315567722, "params": {"f0": 0.9562766753566467, "f1": -1.2630506395224836, "f10": -0.15948554283644167, "f11": 1.696072949853423, "f12": -0.15097289645323508, "f13": -3.1112693685770085, "f14": -0.8056746520951823, "f15": 0.4128408031145412, "f16": -0.39977440180164087, "f17": -0.44744544396636254, "f18": -1.7966322087054944, "f19": -2.7953703741848077, "f2": -2.4228826429280166, "f20": -3.106787214106225, "f21": -0.31107603491702396, "f22": 3.205457422878684, "f23": 1.1702536228540366, "f24": 1.1346261720069333, "f25": 0.5094260933465398, "f26": 0.04551878917946861, "f27": 2.051808593875312, "f28": 3.1035375259872, "f29": 1.157181269828309, "f3": -2.507482534577518, "f30": 1.2127619241983298, "f31": -0.09485944502449078, "f32": -2.1739096168942016, "f33": -2.1899328095128676, "f34": -2.7296899829790697, "f35": -1.5884766573284104, "f36": 0.19930615931382778, "f37": -2.234223551547981, "f38": 1.392030670727849, "f39": 0.5252106428059115, "f4": 1.138001601654981, "f40": -0.7832834752590982, "f41": -2.9681736644127907, "f42": -1.9735707672083451, "f43": 2.881175522693399, "f44": -0.06810644844729076, "f45": -3.1733262875609363, "f46": -2.802936853648901, "f47": -3.0957092009614118, "f48": 2.538421603053702, "f49": 1.7079585737534089, "f5": -1.2716335429744852, "f50": -1.0063421374611254, "f51": 1.5116892212456872, "f52": -2.4346485760513166, "f53": -2.2099078046912703, "f54": 1.134552285951718, "f55": -2.399104130942203, "f6": -1.5787336318084488, "f7": 0.42316064609844073, "f8": -2.091907793871513, "f9": 1.3003475932928943}, "datetime": {"datetime": "2023-01-23 18:30:18", "elapsed": 9278.812379, "delta": 39.818103}}
{"target": 0.8501523818349674, "params": {"f0": 1.0928361604750623, "f1": -1.1044524639155577, "f10": 0.8379453524555466, "f11": 2.4696048633700745, "f12": -0.7320557097561702, "f13": -2.884421698232773, "f14": -0.3307832290361725, "f15": -0.288645049068505, "f16": 0.23890702224116653, "f17": -0.44744544396636254, "f18": -1.4418248734027064, "f19": -2.9622092500105914, "f2": -2.938068533595175, "f20": -2.5981286934937007, "f21": -0.31107603491702396, "f22": 2.3720778994375684, "f23": 1.723816205490248, "f24": 2.015174606200225, "f25": 0.9372200368029207, "f26": -0.6699109485566447, "f27": 2.4317060232563534, "f28": 2.7741800709877733, "f29": 0.15718126982830893, "f3": -2.541368007626792, "f30": 0.9516658229811487, "f31": 0.643439270249347, "f32": -1.7762608003570803, "f33": -2.864572374993806, "f34": -2.951959095205391, "f35": -1.5884766573284104, "f36": 0.3817005379188404, "f37": -2.486436805878712, "f38": 1.392030670727849, "f39": 0.7474571795428325, "f4": 1.138001601654981, "f40": -0.7832834752590982, "f41": -2.449619424181187, "f42": -1.5087437187182355, "f43": 2.881175522693399, "f44": 0.7012794041363324, "f45": -2.7425545530884685, "f46": -2.418387809949134, "f47": -2.1834769613930463, "f48": 2.1808180085668702, "f49": 0.8390895891587641, "f5": -2.137524187408372, "f50": -0.9146210510428622, "f51": 2.3003225996537267, "f52": -2.4346485760513166, "f53": -2.3130835255459794, "f54": 0.9673647094370645, "f55": -1.8744522315155658, "f6": -1.155505481089149, "f7": -0.052788106250515214, "f8": -1.90389318845168, "f9": 1.1332174249713847}, "datetime": {"datetime": "2023-01-23 18:30:23", "elapsed": 9284.335264, "delta": 5.522885}}
{"target": 0.8501523818349674, "params": {"f0": 1.2716239879961149, "f1": -0.7797523459635162, "f10": 0.6383383961298955, "f11": 1.696072949853423, "f12": -1.150972896453235, "f13": -2.609497317887259, "f14": -0.3442064961490313, "f15": -0.563647531454574, "f16": 0.6002255981983592, "f17": -0.44744544396636254, "f18": -1.3781710713799102, "f19": -2.607719659227425, "f2": -2.536658338577485, "f20": -2.7634598131380503, "f21": -0.31107603491702396, "f22": 3.042113241822301, "f23": 1.1702536228540366, "f24": 2.134626172006933, "f25": 0.8664291634775152, "f26": -0.39961360302999993, "f27": 1.8658575479067632, "f28": 2.7330104800678634, "f29": 0.38970596899305615, "f3": -2.9209490913760736, "f30": 0.6950442846814133, "f31": -0.09485944502449078, "f32": -1.921048305079823, "f33": -2.8243829161545726, "f34": -2.951959095205391, "f35": -1.1729841205527247, "f36": 0.38630897403198994, "f37": -2.8700661406813444, "f38": 1.392030670727849, "f39": 1.1151418680038667, "f4": 1.138001601654981, "f40": -0.7832834752590982, "f41": -2.6486943705371857, "f42": -1.5922982451239418, "f43": 2.340811543099052, "f44": 0.39812937159803224, "f45": -3.1733262875609363, "f46": -2.5169196143701793, "f47": -2.1743508787288905, "f48": 2.1224195791501983, "f49": 1.414161933307015, "f5": -2.02805415867897, "f50": -1.0546797962757402, "f51": 1.8447148500042576, "f52": -2.6976456266176005, "f53": -2.571280918454037, "f54": 1.1728521904784235, "f55": -1.421487778993461, "f6": -0.8669521870027361, "f7": -0.5768393539015593, "f8": -1.889168719481527, "f9": 0.7203137073930106}, "datetime": {"datetime": "2023-01-23 18:30:29", "elapsed": 9290.472886, "delta": 6.137622}}
{"target": 0.378378748692561, "params": {"f0": 1.0271042802968358, "f1": -1.2630506395224836, "f10": 0.8405144571635583, "f11": 1.696072949853423, "f12": -0.9007208280411187, "f13": -3.1112693685770085, "f14": -0.3307832290361725, "f15": 0.019586696238543925, "f16": 0.4862551747826654, "f17": -0.44744544396636254, "f18": -1.7966322087054944, "f19": -2.6801800852697886, "f2": -3.3359940730371664, "f20": -3.106787214106225, "f21": -0.31107603491702396, "f22": 2.205457422878684, "f23": 1.1702536228540366, "f24": 2.134626172006933, "f25": 1.5094260933465398, "f26": -0.6984680232008159, "f27": 2.834884107093231, "f28": 2.423266026993272, "f29": 0.15718126982830893, "f3": -2.507504158017324, "f30": 0.6950442846814133, "f31": 0.18368841622495322, "f32": -2.1739096168942016, "f33": -2.1899328095128676, "f34": -2.951959095205391, "f35": -1.5884766573284104, "f36": 0.7021388386704781, "f37": -2.8438916798451634, "f38": 1.392030670727849, "f39": 1.054813366667919, "f4": 1.138001601654981, "f40": -0.7832834752590982, "f41": -2.155661135652665, "f42": -0.9735707672083451, "f43": 2.881175522693399, "f44": 0.886800800937245, "f45": -3.1733262875609363, "f46": -2.6434774959898864, "f47": -2.4124600411520545, "f48": 2.1224195791501983, "f49": 1.7079585737534089, "f5": -2.2716335429744854, "f50": -0.2606134066437805, "f51": 1.583438392748388, "f52": -2.4346485760513166, "f53": -2.5417502733946105, "f54": 1.5535163214064343, "f55": -1.3991041309422032, "f6": -1.5787336318084488, "f7": -0.5570186868581587, "f8": -1.7321868480158749, "f9": 0.3003475932928943}, "datetime": {"datetime": "2023-01-23 18:31:26", "elapsed": 9346.60622, "delta": 56.133334}}
