{"target": 0.2563360577683653, "params": {"f0": 1.8511182982013876, "f1": -1.530293770398101, "f10": -0.8050246092950992, "f11": 1.7652896621364702, "f12": 2.2328187836468807, "f13": 0.23978722601650304, "f14": -2.451725705496245, "f15": 0.8319143013833399, "f16": 0.2990394814444759, "f17": -1.2587853095820005, "f18": -2.064113543581838, "f19": -0.08671505791404277, "f2": -0.34276735621502663, "f20": -0.3608939523623409, "f21": -2.1234031774455673, "f22": 0.3361266427081482, "f23": -2.13898583006696, "f24": 2.0768455441913645, "f25": 1.4390271898049285, "f26": -1.4167648067858636, "f27": 1.2790282471888004, "f28": -0.5032793916798193, "f29": -1.555213665361367, "f3": 0.3695989216571194, "f30": -2.967080729320898, "f31": -2.1656223794348826, "f32": 0.13120096095326872, "f33": 1.3224811523623758, "f34": -2.73292196356749, "f35": -1.0541425705732064, "f36": 0.1848227006312877, "f37": -1.5018590076959406, "f38": -0.803150941364215, "f39": 0.8978383296253503, "f4": -0.2650935595751198, "f40": 2.3845625162330553, "f41": -2.433141570240206, "f42": -2.251218283040539, "f43": 2.4738949149020026, "f44": 2.0673269953742412, "f45": 0.16176434507503146, "f46": -1.5973970090711467, "f47": 1.8731726771292552, "f48": 0.000478301072334375, "f49": -1.8168124230442224, "f5": -2.766263054264863, "f50": -0.17142315769091931, "f51": -1.8445945002815067, "f52": -0.945557635600597, "f53": -1.629385616977586, "f54": -2.70341857400773, "f55": 2.310524417145988, "f6": 1.0283303283338299, "f7": 2.152114304188708, "f8": 2.4208291822585135, "f9": 0.26510171492237067}, "datetime": {"datetime": "2023-01-23 16:50:12", "elapsed": 3273.458653, "delta": 30.440063}}
{"target": 0.1185030362537501, "params": {"f0": 2.540004016072171, "f1": 1.3247565301003421, "f10": -0.6701612540441229, "f11": 1.359400648944705, "f12": 2.2872253559909685, "f13": 0.9519141663202504, "f14": 2.6505563299741706, "f15": -0.06938429791437528, "f16": -1.2020511454004976, "f17": 0.7941644299648498, "f18": 2.5249402522279665, "f19": 0.5088435918531049, "f2": -2.9164456215510115, "f20": -0.9765834859742122, "f21": 2.1071847452217973, "f22": -1.522167362674991, "f23": 0.36701991699586234, "f24": 1.6389979051548575, "f25": -0.7161420199074016, "f26": 0.49026088014281655, "f27": 0.1920282143619696, "f28": -2.2084899240635023, "f29": -1.0725328846387665, "f3": -2.7360040086437447, "f30": 2.8105563654523387, "f31": -1.5336426713211941, "f32": -1.7709524137159136, "f33": 1.3251750171339012, "f34": -1.1390432655916032, "f35": 0.4698245422066174, "f36": -2.596078594126202, "f37": -1.5598567611523317, "f38": 2.479087717677018, "f39": 1.6303175093236648, "f4": -2.684213751084119, "f40": -0.2392495818816629, "f41": -1.584129868715926, "f42": -0.6663286307251441, "f43": -0.585500794644036, "f44": -1.2682350618716602, "f45": -2.766468495498183, "f46": 0.24934093126707824, "f47": -0.8351275254972528, "f48": 2.4570677792205498, "f49": 1.7633004577502058, "f5": 2.182773195737669, "f50": 1.1824873978543184, "f51": 0.6082405323617119, "f52": -2.065721653857815, "f53": -2.037314089677399, "f54": -2.14202699883804, "f55": -0.6019712787331688, "f6": 2.2402160771892, "f7": -0.5212169153877904, "f8": -1.8811942037918392, "f9": 2.0216181950733887}, "datetime": {"datetime": "2023-01-23 16:50:59", "elapsed": 3320.126917, "delta": 46.668264}}
{"target": 0.40250507321576656, "params": {"f0": -2.882996353157969, "f1": 1.4753908936721416, "f10": 1.7142613292648337, "f11": -1.7444218115146255, "f12": 1.872739394724416, "f13": 2.246552728483045, "f14": -0.3387127282896123, "f15": -2.420799520007569, "f16": -2.0307875970531426, "f17": -2.8677432140496673, "f18": 2.338687593132617, "f19": -1.307702140932697, "f2": 0.23564207415771055, "f20": 0.3294834481778137, "f21": 0.7605847174302927, "f22": 2.9116004199653673, "f23": 1.9333613783260057, "f24": -1.8367567866604448, "f25": 2.6898336705110886, "f26": -0.4374253169329183, "f27": 1.9703979960017879, "f28": 1.7054550139527347, "f29": -1.993677028196826, "f3": -0.5210827974183623, "f30": -0.8957477328273775, "f31": 0.029167841071297218, "f32": -1.2615727590196182, "f33": 0.1826291746648292, "f34": 1.5447618763926032, "f35": -1.6957477614016334, "f36": 2.255055533053728, "f37": 2.651132694972147, "f38": -1.673173479217973, "f39": -2.5286195595407994, "f4": -0.4635262551182491, "f40": 1.4050695672085451, "f41": -2.015409442836389, "f42": -0.379423220384953, "f43": -0.6425656682773333, "f44": -1.0866220079679663, "f45": 2.197518907549272, "f46": 2.049131547105154, "f47": -2.1067178269353577, "f48": -1.0703593771849729, "f49": 1.3583889647224954, "f5": -2.492124805531716, "f50": -1.664523177628156, "f51": -0.20455850173990608, "f52": 1.8869150876080294, "f53": 1.3364305798827694, "f54": 1.4126633157284871, "f55": -2.1848582586873793, "f6": 0.20531175998006646, "f7": 2.798257462053252, "f8": -0.4637647544933676, "f9": -0.5719969321703955}, "datetime": {"datetime": "2023-01-23 16:51:43", "elapsed": 3363.800686, "delta": 43.673769}}
{"target": 0.4882493059332837, "params": {"f0": 2.927468869086141, "f1": 1.6739038030828874, "f10": 2.5646922201179905, "f11": -0.32517649227618195, "f12": -2.742766503903603, "f13": -0.8338810369635743, "f14": 2.071270069475746, "f15": 0.8472164671288089, "f16": -1.6461096455985624, "f17": 1.796247971436041, "f18": 1.8574275474085127, "f19": -1.7018451145763724, "f2": -1.5212095915192319, "f20": 1.5212206696101829, "f21": -0.41019382756867806, "f22": -1.4725105165236856, "f23": 1.0525929153271925, "f24": -0.33215515325879075, "f25": 2.5596252294489146, "f26": 1.7222863017291523, "f27": -2.0670956199936645, "f28": -2.305771983854651, "f29": 0.778151231031841, "f3": 1.8952179606493829, "f30": -1.6086164773362461, "f31": 2.964148877646159, "f32": 2.0590056561432606, "f33": 0.13220813088257355, "f34": -1.64825175863207, "f35": -0.6665358133648613, "f36": 2.8075858795013886, "f37": -1.524766460712925, "f38": -1.5919388317402932, "f39": 1.5120639818174508, "f4": 0.12723287133388217, "f40": 1.3114434348525652, "f41": -1.1760227062885398, "f42": 2.227276610608274, "f43": -2.4671005790435663, "f44": -2.248075093467272, "f45": -0.33540220384960984, "f46": -0.5939845307725458, "f47": -2.414308258818433, "f48": 0.3586480037176383, "f49": 0.20096174314664328, "f5": 2.0666083526114214, "f50": 1.2443889458342259, "f51": -0.26914174890141584, "f52": -0.5568085659128128, "f53": 2.44207667377455, "f54": -0.47787530385398114, "f55": -0.6342370959422641, "f6": -0.902977003749935, "f7": 0.08279539952235737, "f8": -0.000802399206328186, "f9": -0.6987704334037712}, "datetime": {"datetime": "2023-01-23 16:53:51", "elapsed": 3492.043374, "delta": 128.242688}}
{"target": 0.07627663350588022, "params": {"f0": -0.0120854709870164, "f1": 2.3368875184307187, "f10": -0.13842116154219486, "f11": -0.40925162334305387, "f12": 1.0593217357078286, "f13": -0.42490540713717095, "f14": 1.0451702083785328, "f15": -1.8910412074214273, "f16": 1.0201072853033093, "f17": 0.39515459252475704, "f18": 1.8220945397602177, "f19": 0.26460488867022125, "f2": 2.411465364949768, "f20": 0.826149611688956, "f21": 0.6822129973027771, "f22": -0.9688729209366453, "f23": 2.412758048412253, "f24": 0.27197220884965834, "f25": -1.1676636672141754, "f26": -1.9766355723463247, "f27": 0.5276935951991906, "f28": 2.6837144848406496, "f29": 2.488187181093868, "f3": -2.4721651459225393, "f30": 1.8275127465023253, "f31": 1.2751605843253078, "f32": -0.5086833030083566, "f33": 1.370461315681518, "f34": -2.6267352329498985, "f35": 0.36539738212999895, "f36": -2.3367830705007755, "f37": -2.9023664651015646, "f38": -1.4000795742374417, "f39": 2.357719492429151, "f4": 1.5890090920009943, "f40": -0.016335143395504126, "f41": 1.1288915923137388, "f42": -1.0306815946057404, "f43": -2.612287049726206, "f44": -2.228682219497519, "f45": -1.2852010967304381, "f46": 0.8342503444567058, "f47": -0.3078764903914255, "f48": 1.943939557478978, "f49": -1.287779945160938, "f5": 1.2829948656071322, "f50": -2.2240533679849714, "f51": -1.3108521132968574, "f52": -0.3602826524254219, "f53": -1.9773930504745063, "f54": -1.558417041697474, "f55": 2.913890754386074, "f6": -2.0868871424170257, "f7": 2.0041563844431955, "f8": 1.18806148208858, "f9": -2.8447996562952524}, "datetime": {"datetime": "2023-01-23 16:54:45", "elapsed": 3545.833222, "delta": 53.789848}}
{"target": 0.04270498981342151, "params": {"f0": -0.6578281674044515, "f1": -0.15490798796808924, "f10": -1.6050767772441128, "f11": 1.4102372583403486, "f12": -2.02291922950569, "f13": 0.6919010517761732, "f14": 1.5441080430355392, "f15": -0.17325144803185832, "f16": -1.075355836494716, "f17": -0.15916153835193336, "f18": -0.16499881508052194, "f19": 1.4432797275507827, "f2": -0.9978032298205859, "f20": -0.5903475161929075, "f21": 2.415459237554982, "f22": 2.001271857306693, "f23": -1.2313010384874843, "f24": 2.4377941684553965, "f25": 2.5732063239526157, "f26": 1.8523887767522336, "f27": -0.2688410832023127, "f28": 0.5994076283505487, "f29": 2.0002847739219103, "f3": 1.064596287668894, "f30": -1.870134202125477, "f31": 0.6649070756311888, "f32": -0.4965924425738337, "f33": 2.260814320609418, "f34": 1.7992474453568663, "f35": -1.40292841776144, "f36": -1.8483189534858384, "f37": 2.0540394985702504, "f38": 1.3317798144910293, "f39": -2.821061302715658, "f4": 1.255952960013655, "f40": 0.4570801938618687, "f41": 0.33053005186661455, "f42": 2.272420510928005, "f43": -0.6893531688622763, "f44": 1.359256160662051, "f45": -1.6024459369546782, "f46": 1.1671421902761683, "f47": -0.6229413610009953, "f48": 2.3524162894949443, "f49": 2.8134813695710674, "f5": -0.9255776929309789, "f50": 1.3195300169915534, "f51": 1.47036200353795, "f52": -1.8411053151127943, "f53": 1.534552944520689, "f54": -0.4846263497104135, "f55": -2.798931472551266, "f6": 1.9530236074948757, "f7": 2.1204119256357874, "f8": -2.6008474539692985, "f9": 0.4931572642156894}, "datetime": {"datetime": "2023-01-23 16:55:01", "elapsed": 3561.845851, "delta": 16.012629}}
{"target": 0.35175193448492853, "params": {"f0": -1.2901561596233042, "f1": -0.912781525134311, "f10": -0.8206797480603845, "f11": 1.1811764561154643, "f12": 1.865519409877769, "f13": 0.29541130659437176, "f14": 0.6541005418722801, "f15": -0.798372216132269, "f16": 2.5121382318211722, "f17": -1.3382337828992, "f18": -1.8566966980658186, "f19": 2.7735500950548007, "f2": -2.7542453723913485, "f20": 1.878548646335494, "f21": 1.553871883141448, "f22": -0.19308285352379162, "f23": 1.7382359192925803, "f24": -1.896706752220543, "f25": 2.854334778363955, "f26": 2.9630828730792027, "f27": 1.3327812089537145, "f28": 1.7179830002468401, "f29": -0.24505793534019116, "f3": 0.39121550571497643, "f30": 0.4172543773916395, "f31": -1.6691935301630785, "f32": 0.7682738692769311, "f33": 0.8131641906810065, "f34": 0.35793918361725874, "f35": -2.071999707619717, "f36": 0.12263147739111524, "f37": 0.6953507928604177, "f38": 1.9373661232587, "f39": 2.663815155138119, "f4": 0.8542548367395568, "f40": 0.8832101797791587, "f41": 0.9984894707431158, "f42": 0.7751991832396246, "f43": 2.101223715957632, "f44": -2.093708355919626, "f45": -0.655905220467357, "f46": -0.3117847020795548, "f47": -0.2913093713543997, "f48": -0.18132604790023432, "f49": 0.6227060610402537, "f5": 1.0980478668939488, "f50": -0.8599044220220984, "f51": -1.2833348554556276, "f52": -0.8026906041945834, "f53": -2.808368412408155, "f54": -2.2609323871140394, "f55": 2.2426841784989744, "f6": -2.1782978926010808, "f7": 1.9215696547182768, "f8": -2.9249714425359485, "f9": 0.37212380616709595}, "datetime": {"datetime": "2023-01-23 16:55:45", "elapsed": 3606.16217, "delta": 44.316319}}
{"target": 0.7111689072627132, "params": {"f0": 2.351752978647479, "f1": -2.7423165510407808, "f10": 2.51002099943298, "f11": 0.6880014964772689, "f12": 1.7219096894640522, "f13": 1.7321743239182767, "f14": 1.8434226000902996, "f15": -0.11497580178909139, "f16": -0.11715168677203547, "f17": 1.064023081075626, "f18": 1.118991265516204, "f19": 0.0411212561281058, "f2": -2.0533712902068526, "f20": -0.5739206144482458, "f21": 1.653419324284279, "f22": 2.537788900349499, "f23": 0.30799238015953634, "f24": -0.7633261028047449, "f25": 0.5429261715486273, "f26": -1.3812676223377451, "f27": 2.068621551622723, "f28": 2.3343654777922103, "f29": -0.5540383912343705, "f3": -1.9060463771563465, "f30": -2.4933043275790823, "f31": 0.04067452160464935, "f32": -1.1107036726798485, "f33": -0.0386278104467932, "f34": 1.136747457682227, "f35": 1.4737078157481331, "f36": -1.570332073506912, "f37": 0.23365853278281445, "f38": -2.9686203146339585, "f39": -0.7335197159399631, "f4": 1.2717002472727534, "f40": 2.284250401874722, "f41": 2.400713229193781, "f42": 1.3649653714166625, "f43": 0.1263166456576923, "f44": 2.954800900009303, "f45": 1.821817117437421, "f46": 1.6179902207293821, "f47": -2.7688544596899165, "f48": 0.2470132422186091, "f49": -1.785183336492644, "f5": -0.991875055971537, "f50": -2.090940269164985, "f51": 1.0450035730431626, "f52": -1.4597591916790373, "f53": 1.158322298957672, "f54": -2.86851525331066, "f55": -0.8634954646387847, "f6": 0.2874926654331924, "f7": -0.7997482534801463, "f8": 1.6133202889337195, "f9": 0.7294212383616818}, "datetime": {"datetime": "2023-01-23 16:56:39", "elapsed": 3660.445458, "delta": 54.283288}}
{"target": 0.5565370426189556, "params": {"f0": -1.9895323228422555, "f1": -2.8788081645503545, "f10": -2.8200078311145456, "f11": 1.4162141899572909, "f12": 0.2906264873178799, "f13": -1.4459435960416946, "f14": -2.997490586167853, "f15": 0.020347366783416643, "f16": -1.6226633036384397, "f17": -1.21053652115926, "f18": 2.4354943987505493, "f19": -2.039031339993784, "f2": 2.684826053172163, "f20": -1.9084998749383486, "f21": 2.861196099925497, "f22": 1.8077307357952979, "f23": 1.3766431518114928, "f24": 1.2590487117307099, "f25": -0.8160732068802243, "f26": 1.738504198875754, "f27": -2.212556610759015, "f28": -0.03183464296498384, "f29": 0.4276062863093646, "f3": 1.9659783279425085, "f30": -0.897864786860926, "f31": -2.4333785917004866, "f32": 1.8452876777689564, "f33": -1.4321650414456155, "f34": 1.1980566796592473, "f35": -2.3098456386285218, "f36": -0.03862617170325677, "f37": -1.1750076244724466, "f38": -1.1992077253129672, "f39": -2.4468184815264094, "f4": 1.1868161999824949, "f40": 0.36180764674894395, "f41": -0.3053717696207814, "f42": 2.5640711259721565, "f43": 2.7974312681776343, "f44": -1.2385304931247367, "f45": 1.6805204968875387, "f46": -0.17874386844107404, "f47": 1.8006211294607377, "f48": 2.9101828209815475, "f49": 1.9325889386291797, "f5": -0.5972824584543881, "f50": 2.2315451249326594, "f51": -1.4882172381190575, "f52": 2.8082275462123887, "f53": -1.7607573893392128, "f54": 1.0998510014385623, "f55": 2.0313962337782323, "f6": 2.152499105934436, "f7": -1.7613119100606296, "f8": 0.6109334186740867, "f9": -1.1828482248035395}, "datetime": {"datetime": "2023-01-23 16:57:21", "elapsed": 3702.026257, "delta": 41.580799}}
{"target": 0.257836131824204, "params": {"f0": 0.8999528692808143, "f1": 1.9594537160921277, "f10": -1.2322225131898332, "f11": -2.5790541145051726, "f12": 2.447449504060078, "f13": -1.7225628351885052, "f14": 0.989721835302749, "f15": -0.9551463841025232, "f16": -0.3318912433199297, "f17": -2.7485085215052907, "f18": -1.5190226167421377, "f19": -0.27278595424060903, "f2": -2.2512320579270026, "f20": -0.44822437262721637, "f21": -0.06276704373713482, "f22": 0.5837508248976695, "f23": -2.7472057995859025, "f24": -2.922889111088634, "f25": 2.6798547419535668, "f26": -2.1832522159187358, "f27": -0.6450854189128106, "f28": 1.836665809633753, "f29": 1.0232530520761376, "f3": 1.8215200211432876, "f30": -2.2676342326683114, "f31": -1.1301654804434935, "f32": 0.9215167746290494, "f33": -1.9626358464960711, "f34": 2.1359737880976217, "f35": 2.8224726943662617, "f36": -2.8451149603489507, "f37": -1.9632869164210933, "f38": -2.0100377445287645, "f39": -0.6726296983599225, "f4": 1.4252023633570374, "f40": 0.8048791454159687, "f41": 2.4261063329298747, "f42": -0.10649429558397827, "f43": 0.5678838021403756, "f44": 0.38112578417941023, "f45": -0.6940702945714774, "f46": -1.3637500720923088, "f47": 2.6591133548312618, "f48": -2.3179303012950516, "f49": 1.2079555544543759, "f5": 2.89551506887047, "f50": 2.431460703459412, "f51": -2.6462846524135073, "f52": -1.2481142372106628, "f53": 2.681434908116392, "f54": 1.5250039485103883, "f55": 2.4852517080092165, "f6": -1.654147028253725, "f7": 1.1108156672887217, "f8": -1.7890524973883946, "f9": 0.47072369139179315}, "datetime": {"datetime": "2023-01-23 16:59:17", "elapsed": 3818.437389, "delta": 116.411132}}
{"target": 0.18244696232893093, "params": {"f0": -2.5751195262966484, "f1": 2.3037773174219396, "f10": -2.367905275139526, "f11": 0.8103945040819593, "f12": 2.151127927080795, "f13": -2.076541070364004, "f14": 0.04781044739323015, "f15": 2.001898026215586, "f16": 1.8193333484131688, "f17": 1.9062844580773417, "f18": 0.21090333148845097, "f19": -0.5602706139771665, "f2": 0.9963511754954943, "f20": -0.08548625594286197, "f21": 1.9472433953658301, "f22": 2.0380588488791656, "f23": -0.9678863485223297, "f24": -0.19823656150455182, "f25": -1.8547700323853578, "f26": 1.672927380993304, "f27": -1.7387110445404572, "f28": 0.3191881191524031, "f29": 0.009627466231077797, "f3": 1.956394837130028, "f30": -2.273031935816088, "f31": -2.570501857470223, "f32": 0.6877746800180504, "f33": 0.8990908495280361, "f34": -0.7001010406946024, "f35": 2.1265596987989337, "f36": 1.313447416290157, "f37": 0.6129731750067711, "f38": 2.685545211798603, "f39": 1.1059280588364562, "f4": 1.4252338042868873, "f40": 0.4325060804730878, "f41": 0.8484565594833668, "f42": 1.4814849706482622, "f43": -0.00355348633606134, "f44": 1.360326978608457, "f45": -0.7498846093784337, "f46": 1.4885278914478075, "f47": 2.760245090325726, "f48": 0.24359416397679112, "f49": -1.4165627778582357, "f5": 0.5141196686449887, "f50": 1.9479036924306197, "f51": -2.9461272370057814, "f52": 2.5797271786980547, "f53": -0.6152149589447977, "f54": 0.0856851262429652, "f55": 1.5536122600327502, "f6": 2.678905961388601, "f7": 2.205883231234769, "f8": -2.494663831443773, "f9": -1.171271355247339}, "datetime": {"datetime": "2023-01-23 17:00:02", "elapsed": 3863.517589, "delta": 45.0802}}
{"target": 0.008303075130402274, "params": {"f0": -1.7098798647477846, "f1": 1.6486754453861518, "f10": 0.9615612983408095, "f11": 1.728093847558906, "f12": -2.3075204416473696, "f13": -2.4988469228235366, "f14": -0.5948623606842536, "f15": -1.5236705338056735, "f16": -0.323861442600184, "f17": 2.6770211411444, "f18": -0.1417453608833612, "f19": 1.598926862561786, "f2": 0.9193382504274115, "f20": -2.504484548006276, "f21": -1.6886021599149021, "f22": 1.2273811609243763, "f23": -1.2601584803017083, "f24": 1.8951612762283405, "f25": -2.6212296897811775, "f26": -1.7864797063154523, "f27": -1.6355447555062808, "f28": -2.700260643432695, "f29": 2.735571036958248, "f3": -1.6590449290492701, "f30": 0.6887784121345275, "f31": 0.5958561729439986, "f32": 1.4106307379595897, "f33": 2.557576171701921, "f34": 1.3853273447160905, "f35": -2.273523370894197, "f36": -0.5481162574262859, "f37": 0.006603462785281344, "f38": 2.66934991607988, "f39": 0.748828413716156, "f4": -1.607753295940571, "f40": -2.8214799801731107, "f41": -0.2787183289163604, "f42": 2.2050831744582275, "f43": -2.315129486748784, "f44": -1.4315401680959536, "f45": 1.0940955346678445, "f46": -1.962429865230609, "f47": -1.1166450166740214, "f48": 1.1068865764740954, "f49": 0.7921757247261056, "f5": -0.403534151498556, "f50": 2.2355112448795618, "f51": -0.7909948563986546, "f52": -1.7841962367840825, "f53": -0.3962791118227935, "f54": -0.5906662773532636, "f55": -0.7431620336443134, "f6": 0.4017245550774433, "f7": 0.013000463380820726, "f8": -0.16140370071652388, "f9": 1.170823321051376}, "datetime": {"datetime": "2023-01-23 17:00:10", "elapsed": 3871.192491, "delta": 7.674902}}
{"target": 0.24777683110152937, "params": {"f0": -2.067247413314379, "f1": 2.965422893227559, "f10": 2.7554771513466676, "f11": 1.249895990689157, "f12": 1.709834928839709, "f13": 0.40115879510510766, "f14": -0.2638301703688528, "f15": 2.408280303683515, "f16": -2.7649543065490843, "f17": -1.7831071328861685, "f18": 1.4031777068521674, "f19": -1.6793885001697455, "f2": 0.08140053765088329, "f20": -1.85186013419258, "f21": -2.5686667813262476, "f22": -0.945716481389403, "f23": 1.0611802017721956, "f24": -0.2112273700977978, "f25": -0.15456785133073314, "f26": -2.2998164860314763, "f27": 0.7899151342599269, "f28": -1.844163136201142, "f29": 2.6373262336877943, "f3": 0.11694853837322139, "f30": 1.6722291435908598, "f31": -2.559422796321953, "f32": 1.4195808976071707, "f33": -0.11232226723973371, "f34": -1.611419193935105, "f35": -0.9358449361208385, "f36": 2.663327807348492, "f37": 1.1044101422955288, "f38": 2.674738157459683, "f39": -1.2762616586189452, "f4": 0.9853955220954393, "f40": 0.8764779046548847, "f41": 2.9560959622013696, "f42": -2.8703935869255712, "f43": 2.1149274568712615, "f44": 0.4427417146355781, "f45": -2.166156079163832, "f46": 0.48210927301411743, "f47": -0.21351778271869293, "f48": -2.682064363067208, "f49": -2.6532658853835933, "f5": -2.552558514276054, "f50": -1.9800704419521604, "f51": 1.113871064506342, "f52": 1.3998300350579074, "f53": -2.5504492775793906, "f54": 1.536956201284914, "f55": -1.977146274559904, "f6": 1.6666975963200654, "f7": -2.527264405015393, "f8": -2.0857015836914448, "f9": -0.7989275789692147}, "datetime": {"datetime": "2023-01-23 17:00:42", "elapsed": 3903.547032, "delta": 32.354541}}
