{"target": 0.5052857860361191, "params": {"f0": -0.21601298015195386, "f1": -0.5355717480323663, "f10": 2.428478048991689, "f11": 0.4259280036552372, "f12": 1.3458281080595889, "f13": -2.9547261031130354, "f14": -1.9179450988650364, "f15": -0.25264242586589347, "f16": 0.23898129212012154, "f17": -1.0589629885697107, "f18": -0.46615348705756654, "f19": -1.2624363309311766, "f2": -2.460138941925823, "f20": -1.8969660065803908, "f21": -1.6449621515695192, "f22": 2.0992279498229403, "f23": 2.1214885141771593, "f24": 0.16481333155576916, "f25": 0.7482762278393069, "f26": 0.05823279457936348, "f27": 1.3510787817110792, "f28": 2.820362677147744, "f29": -0.8457614031621561, "f3": -1.6287105394610757, "f30": -0.9916138137652775, "f31": 2.191606168056502, "f32": -1.004426652026235, "f33": -2.1150437549921115, "f34": -1.4322941561928075, "f35": -0.7169273621678189, "f36": 0.1735457331017216, "f37": -0.5698048588997153, "f38": 1.436584923832706, "f39": 0.32023246272619765, "f4": 2.2402560333196586, "f40": -1.3300408186316215, "f41": -1.8346509697515239, "f42": -0.011001912044338535, "f43": 1.7248437382320385, "f44": 1.254718242968383, "f45": -2.47852497907762, "f46": -1.6336783756654332, "f47": -1.112168615850032, "f48": 2.894190700511145, "f49": 0.9828115713301135, "f5": -1.6784200459201641, "f50": 0.7721408445316977, "f51": 2.615578117792217, "f52": -1.7097700637187665, "f53": -2.9371508466969445, "f54": 2.661936383165543, "f55": -1.6403143072598, "f6": -1.7273995377551308, "f7": -1.2393553517213511, "f8": -1.5683994202536542, "f9": 2.691112112354821}, "datetime": {"datetime": "2023-01-23 17:59:51", "elapsed": 7451.963925, "delta": 59.438103}}
{"target": 0.28815267102191566, "params": {"f0": 0.6359366361597725, "f1": -2.218171667144561, "f10": 2.01166773371113, "f11": 2.066222775605995, "f12": -1.6263740201363979, "f13": -1.7008275310292031, "f14": 0.30240384323124214, "f15": 0.03395868200747287, "f16": 1.0216345133153633, "f17": -1.970366609758735, "f18": -0.0771190007467073, "f19": -0.8680302007151148, "f2": -2.6819412013683763, "f20": -1.1460786762200987, "f21": -0.504860221235367, "f22": 1.6359012559456894, "f23": -0.002006291840075114, "f24": 1.595836003912913, "f25": 0.18985818846902824, "f26": -1.3425310699798811, "f27": 1.970943465537364, "f28": 1.359323330122302, "f29": 0.6507280034000211, "f3": -2.143243434065414, "f30": -0.10742655038546123, "f31": 1.7710497571052006, "f32": -0.6199605782153412, "f33": -2.3497216935703613, "f34": -2.449633812444037, "f35": -2.1275033997564363, "f36": 0.7621839699969044, "f37": -2.2654161261199697, "f38": 0.07910464701171699, "f39": 0.5810486733312774, "f4": 1.1474506007107828, "f40": -0.7870190132273724, "f41": -2.8128788481356057, "f42": -1.439299211592347, "f43": 1.322772470192213, "f44": 0.10814283551948578, "f45": -1.1968571331501463, "f46": -1.2600721049215553, "f47": -2.594246650690209, "f48": 2.39564947135501, "f49": 0.04593745487855705, "f5": -0.6563653394552325, "f50": -1.6028439188750634, "f51": 1.8440754280797897, "f52": -2.877419873980198, "f53": -2.230118909669716, "f54": 2.7790840846689244, "f55": -2.7251500844908647, "f6": -1.5981221100255618, "f7": 1.7513600018565028, "f8": -0.39793147300906817, "f9": 1.5553312796882923}, "datetime": {"datetime": "2023-01-23 18:00:23", "elapsed": 7484.284392, "delta": 32.320467}}
{"target": 0.21611420818069296, "params": {"f0": 1.4136880660822486, "f1": -2.1772735517077835, "f10": 1.674100024000343, "f11": 2.0693557407778735, "f12": -0.4177009492680195, "f13": -1.7339764228951102, "f14": -0.6150206812508903, "f15": -1.2129105055094263, "f16": -1.1114445048600956, "f17": -2.0564495695655394, "f18": -0.1492819188677248, "f19": -2.507543116756885, "f2": -2.8996327924725813, "f20": -2.845168491132524, "f21": -1.3700411747859704, "f22": 2.344790407339672, "f23": 1.0916283521154988, "f24": 2.1956554866523534, "f25": 1.9954633828425974, "f26": -0.939823871997295, "f27": 1.7149341084730536, "f28": 2.1260722805941525, "f29": 0.3934899997008494, "f3": -1.4290781830288857, "f30": 1.0938360839345689, "f31": 1.8155724345948243, "f32": -1.1728217845242686, "f33": -1.8659967218362496, "f34": -2.230054969961822, "f35": -0.5335541508643566, "f36": -0.9973680900765254, "f37": -1.2504373436214404, "f38": 1.2615022313121746, "f39": 0.9856527712549845, "f4": 0.8348816241264905, "f40": -0.5292902054144499, "f41": -1.875534847697731, "f42": -1.818065440041793, "f43": 2.998470958969709, "f44": -0.24685691716137936, "f45": -1.384124396586912, "f46": -2.7169801805135414, "f47": -1.171568739049914, "f48": 2.2499176156522442, "f49": 1.4131942443893173, "f5": -0.9790571803793053, "f50": -1.269818756796, "f51": 0.9144223124287454, "f52": -2.8961575785050013, "f53": -2.3939939455273462, "f54": 0.9981196002943811, "f55": -1.028229714951856, "f6": -0.913702303689327, "f7": -0.20628085571230248, "f8": -1.2210385136770643, "f9": 1.9978394238879755}, "datetime": {"datetime": "2023-01-23 18:01:17", "elapsed": 7537.883023, "delta": 53.598631}}
{"target": 0.2234248129064033, "params": {"f0": 0.666622775457337, "f1": 0.32366196845397655, "f10": 2.075161229781861, "f11": 1.978831867786685, "f12": -0.726109126201087, "f13": -2.6681567974042784, "f14": -0.9063936215675235, "f15": -0.07584682857477087, "f16": -0.5738083674150898, "f17": -0.08971966228449091, "f18": -2.49645064097698, "f19": -2.386673881844522, "f2": -2.920482431697062, "f20": -2.4660131101130682, "f21": -0.6860897622636035, "f22": 2.0686115262044478, "f23": 2.433509678129081, "f24": 1.5209826464899039, "f25": 0.43997996406159473, "f26": 0.23226672723063646, "f27": 2.5274171501462783, "f28": 1.6946433453954848, "f29": 1.1393071703859918, "f3": -1.3769571737344657, "f30": 0.9944080252144125, "f31": -0.12742563507762605, "f32": -0.8072299973963895, "f33": -2.928853834957482, "f34": -2.055797079049364, "f35": -0.6292040503862746, "f36": 0.8380234777429743, "f37": -2.9932516638671216, "f38": 2.543068318561696, "f39": 0.11526052244726415, "f4": 1.724946054366418, "f40": 1.2245967717784516, "f41": -1.6104565583074146, "f42": -2.5780666849331175, "f43": 2.477703483575723, "f44": 1.5540149313848015, "f45": -2.8217193658887565, "f46": -1.242505580335915, "f47": -1.8369682389954378, "f48": 2.944364433163499, "f49": 0.02825803265677751, "f5": -2.572003801770005, "f50": -0.5200626219961006, "f51": 1.7214641372859167, "f52": -2.721659403491053, "f53": -1.6521334258169438, "f54": 0.7698683206779864, "f55": -1.963622130317529, "f6": -0.12748146409919014, "f7": -0.6459283657830248, "f8": -2.2070833044358715, "f9": 0.12100758468333657}, "datetime": {"datetime": "2023-01-23 18:02:02", "elapsed": 7582.620046, "delta": 44.737023}}
{"target": 0.14686747431576844, "params": {"f0": 1.0419455662297554, "f1": -0.7546735837165517, "f10": 0.3799886336798728, "f11": 1.6314674332956463, "f12": 0.3027271620882388, "f13": -1.4068482849497306, "f14": -0.29542976893195694, "f15": 0.6581922964626485, "f16": -0.8360771742503831, "f17": -0.8145731704525208, "f18": -1.3137428662553339, "f19": -1.9619050247143572, "f2": -2.653149782341373, "f20": -1.4876680425008257, "f21": -0.5401781268900929, "f22": 2.828381894392705, "f23": 0.6548782755130447, "f24": 1.4554063545774207, "f25": 0.7046303251833451, "f26": -0.15734185029913528, "f27": 1.3848877533861785, "f28": 1.6925805915428034, "f29": 0.32786131379802885, "f3": -1.7764231262559083, "f30": -0.3124171922036843, "f31": 1.6417129347328838, "f32": -2.744358985239666, "f33": -1.5525211737377935, "f34": -2.918864193794315, "f35": -0.9480576049294966, "f36": 1.3612694666927414, "f37": -1.5893412277072858, "f38": 2.010310482043683, "f39": 0.30828520712899665, "f4": 2.06555612364865, "f40": 0.4257524506993178, "f41": -2.4638607984110195, "f42": -1.6214664432909585, "f43": 2.050469067399276, "f44": 0.29758870531510306, "f45": -2.865530891176441, "f46": -2.8943622821478385, "f47": -2.060572803508962, "f48": 2.30778279440025, "f49": -0.08312529819053854, "f5": -1.6994208200953986, "f50": -0.1900173060200332, "f51": 0.5797689650101134, "f52": -2.274958080252609, "f53": -1.7265005157191686, "f54": 2.0463592807596744, "f55": -1.9255054843692567, "f6": -1.0964478132884914, "f7": 0.5937093394106865, "f8": -2.4480037454462695, "f9": 0.25092265863912516}, "datetime": {"datetime": "2023-01-23 18:02:53", "elapsed": 7633.997744, "delta": 51.377698}}
{"target": 0.41602162951733984, "params": {"f0": 0.7656363826163638, "f1": -1.3179491361172069, "f10": 0.8866339157750256, "f11": 1.7934630717809825, "f12": -0.7603935926152325, "f13": -1.7853871485932398, "f14": -0.22053181699459046, "f15": 0.8344314392645205, "f16": -0.8270119339129908, "f17": -1.3914508742989233, "f18": -1.538173308759962, "f19": -2.11415544438068, "f2": -2.67618632141115, "f20": -2.743108318663264, "f21": -0.339863486773204, "f22": 1.8158324527572016, "f23": 0.5339599480374674, "f24": 2.0176451814081395, "f25": 1.864618215117846, "f26": 0.5065279414518944, "f27": 2.6397716867717946, "f28": 2.4028130699744583, "f29": 0.8530781663306513, "f3": -2.8352031108501183, "f30": 1.2317804928924785, "f31": 0.9131771779837372, "f32": -2.3557731512934237, "f33": -1.9106733224391979, "f34": -2.7326322919483146, "f35": -1.253008264610182, "f36": 0.10632965128653649, "f37": -1.3221909929590294, "f38": 1.2980534227051836, "f39": 0.020191944603208556, "f4": 1.9852879372178203, "f40": -0.4123230250472967, "f41": -1.8011740457602994, "f42": -2.112881168211959, "f43": 1.8707572600103695, "f44": 0.9214767198209224, "f45": -1.9424547816905509, "f46": -2.6694405123374705, "f47": -2.255111089743114, "f48": 2.2928304428262396, "f49": 1.322906017744566, "f5": -1.0113703136145755, "f50": -1.548409959062722, "f51": 1.8082654705676733, "f52": -2.378169363698199, "f53": -1.8625608939646654, "f54": 2.253084531237965, "f55": -2.5767024100200264, "f6": -0.8487002411920899, "f7": 0.02965230725081658, "f8": -1.9807948715836248, "f9": 1.6624066530971675}, "datetime": {"datetime": "2023-01-23 18:03:41", "elapsed": 7682.488304, "delta": 48.49056}}
{"target": 0.8501523818349674, "params": {"f0": 0.9635622827623904, "f1": -0.9498423859834637, "f10": 0.8109256057091655, "f11": 2.0273593605850517, "f12": -0.2530734421252032, "f13": -2.3360035641769263, "f14": -0.4940590756712337, "f15": 0.2573901391964975, "f16": 0.06081110484111556, "f17": -0.8394614330097258, "f18": -1.485342526859038, "f19": -2.337778211432773, "f2": -2.6216593019059427, "f20": -2.6130370190901155, "f21": -0.6219414977929125, "f22": 2.433819717803064, "f23": 1.2563614952962654, "f24": 1.8945448443494217, "f25": 1.3131255228390366, "f26": -0.22098755551639013, "f27": 2.338496072127908, "f28": 2.72110646040448, "f29": 0.2755117286173973, "f3": -2.601688464605543, "f30": 0.8703462731599416, "f31": 0.6156276136112447, "f32": -2.004427119808521, "f33": -2.460174427497398, "f34": -2.4211184436691178, "f35": -1.181740068562584, "f36": 0.20083356708024755, "f37": -1.784356899444141, "f38": 1.5168261031949906, "f39": 0.6762854039633962, "f4": 1.1977504758290982, "f40": 0.07633189699965486, "f41": -2.560783000759789, "f42": -1.5930022660450807, "f43": 2.3213106665129173, "f44": 0.6758570218440512, "f45": -2.5713112947064496, "f46": -2.284449786539769, "f47": -2.0740916670734415, "f48": 2.694947000791762, "f49": 0.7898359743996648, "f5": -1.6800995417904392, "f50": -0.9479623709130579, "f51": 1.5823484646210162, "f52": -2.705683655714202, "f53": -2.599372494462479, "f54": 1.403693400416568, "f55": -1.8418153871343161, "f6": -1.1715938133201238, "f7": 0.38163815047389676, "f8": -1.599659150488552, "f9": 1.3388554311594885}, "datetime": {"datetime": "2023-01-23 18:03:46", "elapsed": 7687.032926, "delta": 4.544622}}
{"target": 0.8501523818349674, "params": {"f0": 0.8667776199424254, "f1": -0.7687262626792356, "f10": 0.727029477203246, "f11": 2.1898961915510844, "f12": -0.21541004057468757, "f13": -2.557991646309827, "f14": -0.5745379786410135, "f15": 0.22118195523445167, "f16": 0.2801743503052178, "f17": -0.7864361175620808, "f18": -1.4713114106667649, "f19": -2.312534052055304, "f2": -2.5312503257546832, "f20": -2.721448463744208, "f21": -0.6676215539563716, "f22": 2.3768051983087974, "f23": 1.3275614876527682, "f24": 1.9505422356314843, "f25": 1.1095699484082955, "f26": -0.4119456686494721, "f27": 2.2416616475201354, "f28": 2.834709532446773, "f29": 0.20092869318761705, "f3": -2.759222775793354, "f30": 1.115035392215054, "f31": 0.5261525265286883, "f32": -1.927298617144535, "f33": -2.5204522557787015, "f34": -2.4093333417244818, "f35": -1.242833123935205, "f36": 0.20722985190760485, "f37": -1.7812500765431027, "f38": 1.5937177081555867, "f39": 0.807924392670825, "f4": 0.9558934235469672, "f40": -0.08123326055280937, "f41": -2.7430627850682137, "f42": -1.467305591861257, "f43": 2.2545206583042328, "f44": 0.6041881347461406, "f45": -2.696559796577221, "f46": -2.2127678880911668, "f47": -1.9028078247200928, "f48": 2.8507290558489853, "f49": 0.7232130527883697, "f5": -1.7735380429537124, "f50": -0.7469722954925458, "f51": 1.71639489045675, "f52": -2.746186314971176, "f53": -2.80066106968761, "f54": 1.345429487608538, "f55": -1.77066072355148, "f6": -1.282462271161323, "f7": 0.47629066895069194, "f8": -1.5465809407825335, "f9": 1.3412249102234002}, "datetime": {"datetime": "2023-01-23 18:03:51", "elapsed": 7691.734443, "delta": 4.701517}}
{"target": 0.8501523818349674, "params": {"f0": 1.1338513567909163, "f1": -0.8899900782631206, "f10": 0.4810498822335879, "f11": 2.309838610571082, "f12": -0.3420110826140621, "f13": -2.3973050146268795, "f14": -0.3876667679277102, "f15": 0.24113824042859572, "f16": 0.1317404445178304, "f17": -0.7597298861976021, "f18": -1.6373457010155816, "f19": -2.5553232441746143, "f2": -2.6092368061869564, "f20": -2.7878928897318973, "f21": -0.5701377583216999, "f22": 2.5403585557886745, "f23": 1.2107379421399247, "f24": 2.1798222955058444, "f25": 1.31779917192241, "f26": -0.34411073959385324, "f27": 2.3932592467476517, "f28": 2.8156586515709794, "f29": 0.3509341572720023, "f3": -2.795989688268556, "f30": 1.1876824126522385, "f31": 0.34852655340338645, "f32": -2.178735122659582, "f33": -2.554735424668664, "f34": -2.543719229211049, "f35": -1.2073592761841332, "f36": 0.22969845436365377, "f37": -1.9547271819349694, "f38": 1.6327401259108123, "f39": 0.8088460890540641, "f4": 0.9524980349689496, "f40": 0.23207014365604428, "f41": -2.7918330218992464, "f42": -1.7067940178096515, "f43": 2.4613250837513556, "f44": 0.5009586813225665, "f45": -2.7336098199644723, "f46": -2.417232594708, "f47": -2.1129745850432196, "f48": 2.7677311305977708, "f49": 0.7332851408778729, "f5": -1.7700851336233656, "f50": -0.9885514494455037, "f51": 1.4671003105709535, "f52": -2.86260431102146, "f53": -2.716885873078397, "f54": 1.1686228211757794, "f55": -1.7629335922989338, "f6": -1.1745347355047404, "f7": 0.5905885529997706, "f8": -1.6468713758637759, "f9": 1.117056094475553}, "datetime": {"datetime": "2023-01-23 18:03:57", "elapsed": 7697.987177, "delta": 6.252734}}
{"target": 0.8501523818349674, "params": {"f0": 1.053185534907199, "f1": -0.7717477744433919, "f10": 0.531330148004684, "f11": 2.058656076212606, "f12": -0.0015452273672239812, "f13": -2.6304306014754157, "f14": -0.6820229063617503, "f15": 0.0965560300366818, "f16": 0.09385101489451758, "f17": -0.826307788221683, "f18": -1.6493554516660012, "f19": -2.6233321867850226, "f2": -2.612844041364729, "f20": -2.8967868366762195, "f21": -0.8349724624291152, "f22": 2.5431798901756477, "f23": 1.3127439609922495, "f24": 2.1000109426193876, "f25": 1.4146567907598246, "f26": -0.1026091032836234, "f27": 2.336789548572238, "f28": 3.0126549200372947, "f29": 0.23829854677903337, "f3": -2.8304730882185525, "f30": 0.9808089054439539, "f31": 0.44356649247876695, "f32": -2.291130853845125, "f33": -2.5747452914472135, "f34": -2.430906503579246, "f35": -1.0201453981312982, "f36": 0.27833543770122476, "f37": -1.7947655042256312, "f38": 1.75674423171121, "f39": 0.6654381783680997, "f4": 1.2686674225114956, "f40": -0.007042524940913373, "f41": -2.716518790772043, "f42": -1.479222108406261, "f43": 2.521669702396649, "f44": 0.49005729382050917, "f45": -2.8784397590083777, "f46": -2.563153052885952, "f47": -2.0389453809730558, "f48": 2.865392271546736, "f49": 0.9154310744882347, "f5": -1.7656306968603166, "f50": -0.6189412113702366, "f51": 1.7308627730165824, "f52": -2.69239572034335, "f53": -2.9001692120825036, "f54": 1.4520749658611711, "f55": -1.7621041131998274, "f6": -1.2895537338189438, "f7": 0.1226633039190174, "f8": -1.9011270190701175, "f9": 1.3010240342008141}, "datetime": {"datetime": "2023-01-23 18:04:06", "elapsed": 7706.586147, "delta": 8.59897}}
{"target": 0.6665999135766734, "params": {"f0": 0.9197716251390956, "f1": -0.6515313671233618, "f10": 0.5075838781294927, "f11": 2.1226277233620188, "f12": -0.004451286349002271, "f13": -2.439497536793453, "f14": -0.5826764487921431, "f15": 0.5343947670410875, "f16": -0.043069916321047376, "f17": -0.5881164268030509, "f18": -1.6078402941132173, "f19": -2.483677096038054, "f2": -2.4900957041770613, "f20": -2.934869716511261, "f21": -0.39436360645917073, "f22": 2.6176149134789806, "f23": 1.5415527992855245, "f24": 1.8040907572355085, "f25": 1.5054281903445443, "f26": -0.08652828850212868, "f27": 2.229793755519492, "f28": 3.058291083935168, "f29": -0.034993813867406964, "f3": -2.8147489383813333, "f30": 1.2660129721019, "f31": 0.5451244444175324, "f32": -2.372128888672825, "f33": -2.3252916442005733, "f34": -2.489118615135604, "f35": -1.148029314218973, "f36": 0.056614501189869174, "f37": -1.4411854490730924, "f38": 1.8414792918325453, "f39": 0.8197644354195249, "f4": 0.9392014446508181, "f40": 0.03835516128372593, "f41": -2.6763013736672456, "f42": -1.5308416130209626, "f43": 2.265580334993745, "f44": 0.8659775448725194, "f45": -2.913077581562274, "f46": -2.4761850517454613, "f47": -1.7477547067633856, "f48": 2.7124203499900594, "f49": 0.8283179414869779, "f5": -1.870532609946555, "f50": -0.8970438888582013, "f51": 1.5128082852468907, "f52": -2.631994092397388, "f53": -2.662962549630487, "f54": 1.0243428323247554, "f55": -1.6395932696251476, "f6": -1.2075236501132023, "f7": 0.4733297094842909, "f8": -1.677335710819492, "f9": 1.3817620836980307}, "datetime": {"datetime": "2023-01-23 18:05:06", "elapsed": 7767.459051, "delta": 60.872904}}
{"target": 0.8501523818349674, "params": {"f0": 0.9072804019283445, "f1": -1.1346790961994486, "f10": 0.7573407220820181, "f11": 2.115661444336233, "f12": -0.3299789787137285, "f13": -2.740224769644711, "f14": -0.3044680758857244, "f15": -0.08334083116164741, "f16": 0.3773373458835996, "f17": -1.0248216168061843, "f18": -1.5436497999450487, "f19": -2.599371379175993, "f2": -2.466675729004241, "f20": -2.6248832337919312, "f21": -0.968036846761393, "f22": 2.4200930872383974, "f23": 0.9871296305502112, "f24": 1.9895829343326676, "f25": 1.1564599975499945, "f26": -0.2321425697187626, "f27": 2.239841468579282, "f28": 2.6684079821631, "f29": 0.353007804806342, "f3": -2.8358660960950393, "f30": 0.9460035670036302, "f31": 0.2908348664825232, "f32": -2.243518638805525, "f33": -2.619864754753538, "f34": -2.6131243251378793, "f35": -1.3737165582878639, "f36": 0.42942684448005125, "f37": -2.2102241953317874, "f38": 1.4263237522304242, "f39": 0.854705104114892, "f4": 1.3573355557914122, "f40": -0.07388681766632378, "f41": -3.0588813374504515, "f42": -1.5660938744918305, "f43": 2.5058691149111594, "f44": 0.3738503369818676, "f45": -2.7968081415266663, "f46": -2.2244007985037575, "f47": -2.2176569577412475, "f48": 2.771071441082618, "f49": 0.8599155501838096, "f5": -1.7021582739950392, "f50": -0.7419538778452427, "f51": 1.9579883284529955, "f52": -2.813405914725695, "f53": -2.8094342189220796, "f54": 1.5799453003824433, "f55": -1.9819370786495258, "f6": -1.3884020661361554, "f7": 0.4628242922340164, "f8": -1.7386878515666149, "f9": 1.1195277469722733}, "datetime": {"datetime": "2023-01-23 18:05:12", "elapsed": 7773.165773, "delta": 5.706722}}
{"target": 0.8501523818349674, "params": {"f0": 1.244324688994256, "f1": -0.7849460553080657, "f10": 0.4897781912377914, "f11": 2.2617937773484176, "f12": -0.4269247045663262, "f13": -2.5032971403655715, "f14": -0.665557101594162, "f15": 0.11713564671807175, "f16": 0.539414148751439, "f17": -0.9540082961713945, "f18": -1.5245512571184645, "f19": -2.2915397904296126, "f2": -2.83533545704481, "f20": -2.716198700156888, "f21": -0.6701298723980544, "f22": 2.3813077070924673, "f23": 1.067655517385256, "f24": 2.3280971245027047, "f25": 1.114813277243757, "f26": -0.45974687102571116, "f27": 2.570344354405535, "f28": 2.945989590135394, "f29": 0.5019787301106332, "f3": -2.960384046606267, "f30": 0.7841646216352101, "f31": 0.5459454161886167, "f32": -1.8714442067597787, "f33": -2.875012285049274, "f34": -2.3030935235803955, "f35": -1.1103989347831378, "f36": 0.601774470358906, "f37": -2.046115374726204, "f38": 1.5574579761001368, "f39": 0.42817104441100096, "f4": 1.085329879380146, "f40": -0.05203235568964988, "f41": -2.751100295675157, "f42": -1.4359613929020842, "f43": 2.2984710056934565, "f44": 0.21033181010232802, "f45": -2.6236318283676403, "f46": -2.49234629123344, "f47": -2.4128340719721604, "f48": 3.0489724651014845, "f49": 0.5770474989621728, "f5": -1.5259928426386864, "f50": -0.7429857807734855, "f51": 1.727935525221612, "f52": -2.8423902829824943, "f53": -3.0840648044504007, "f54": 1.7534505997331031, "f55": -2.0250143631851567, "f6": -1.393681960355855, "f7": 0.4459706290041283, "f8": -1.6865478885633984, "f9": 1.2844024456662728}, "datetime": {"datetime": "2023-01-23 18:05:19", "elapsed": 7779.791374, "delta": 6.625601}}
