{"target": 0.0903366899874057, "params": {"f0": -1.448771670199997, "f1": -0.886852758543224, "f10": -1.3074015160739083, "f11": 1.9664755296461909, "f12": 1.294835500095151, "f13": -1.8677727373982913, "f14": 0.8428234037183735, "f15": -1.3082570781527914, "f16": 0.909523904091043, "f17": 2.895384985723732, "f18": 0.5425157362528656, "f19": 2.5920836474738174, "f2": 1.0690191865940655, "f20": -0.20663196492769842, "f21": -1.5240600358587677, "f22": 2.752927014136052, "f23": -2.09778355950107, "f24": 0.21483997233711882, "f25": -0.7999019343337896, "f26": 2.0095508440467436, "f27": 0.8280926042959047, "f28": -0.9107492780208579, "f29": -2.963487151395218, "f3": 0.1634816004960964, "f30": 1.9373450195320832, "f31": -1.862808041046781, "f32": 2.740896979173086, "f33": -0.03191595858493912, "f34": 1.748009629086761, "f35": 2.0814425303536064, "f36": -2.5378620367112643, "f37": -1.5801978481325782, "f38": -0.5138739018895029, "f39": -0.8088862681704967, "f4": -2.337189238557655, "f40": -2.795897331007586, "f41": 1.1500673864702442, "f42": -0.022620322504419477, "f43": 1.3852117675153437, "f44": 1.5108312660775116, "f45": 2.3449370157179175, "f46": 0.8865253746109358, "f47": -1.6197149612442343, "f48": -2.755002776655125, "f49": -1.6821870622967958, "f5": -1.1859460138042275, "f50": 1.471996805579523, "f51": -0.061478562865576514, "f52": 2.2604571825683077, "f53": 1.4929682154798352, "f54": 2.9670193281589032, "f55": -1.175999054753891, "f6": -0.09301928802970938, "f7": -0.08157886608230713, "f8": 2.5781309461920063, "f9": 2.1441942376361656}, "datetime": {"datetime": "2023-01-23 16:36:25", "elapsed": 2445.9268, "delta": 374.240204}}
{"target": 0.1592780474280308, "params": {"f0": -0.19982241423587732, "f1": -0.794295552275524, "f10": 2.0984147132715103, "f11": 2.1542665469378655, "f12": 2.937628682089586, "f13": -2.7943033933247325, "f14": 0.8834466321832548, "f15": -2.2552264166214036, "f16": 1.87525934485683, "f17": 0.23335285106698223, "f18": 2.4249105251158767, "f19": -2.423509942127886, "f2": 1.0933360591041463, "f20": -2.8779498011242977, "f21": 2.513822312337375, "f22": -1.644487060446097, "f23": 0.9655110411206373, "f24": 1.839004549006825, "f25": -0.8413385624726004, "f26": 1.345802481244636, "f27": -2.0409577287858114, "f28": -0.929410172254685, "f29": -1.204768613401034, "f3": -1.0073315207134177, "f30": -1.7899812632644303, "f31": 1.5416430644922876, "f32": -2.376451154670133, "f33": -2.7827630771946574, "f34": -1.6734272046604253, "f35": 2.9779682428652032, "f36": -2.993600360892763, "f37": 0.7338464414007984, "f38": 1.584922704574585, "f39": 2.663027261743446, "f4": 1.1976356749351753, "f40": 2.402541237681614, "f41": 1.1800074468814916, "f42": -2.411459719372326, "f43": 0.6862369045466918, "f44": -2.980104169546758, "f45": 2.1150959592716694, "f46": 0.011432215285944292, "f47": -2.6055629345704077, "f48": 1.648806476681556, "f49": -0.8441369849575606, "f5": 2.166523859648427, "f50": -1.050251453158508, "f51": -1.5737383294826583, "f52": 2.8470625604913824, "f53": -1.3858786171693644, "f54": 0.018208171995158562, "f55": -2.1093295318379086, "f6": 2.446157883941054, "f7": -1.3329473246064287, "f8": 2.5445200679830373, "f9": -2.370287406786203}, "datetime": {"datetime": "2023-01-23 16:37:15", "elapsed": 2496.05916, "delta": 50.13236}}
{"target": 0.2762418320627634, "params": {"f0": -1.8985830592843118, "f1": 1.8094468938340054, "f10": -2.2407878050593304, "f11": -2.5115602763891465, "f12": 2.7275609095713165, "f13": 0.02505852477182824, "f14": -2.894209226627421, "f15": 2.7251599496170567, "f16": 2.9097441315855717, "f17": 2.7855358842653493, "f18": -0.7091502020894564, "f19": 0.30269900686503615, "f2": 2.2431170263945397, "f20": 0.1264059888524116, "f21": 2.311832053687697, "f22": 2.643249055192503, "f23": -0.1994922918377826, "f24": 1.0036191310621563, "f25": 1.6236082197389266, "f26": 0.3760986776027391, "f27": -1.319515587496526, "f28": 1.6085561780205166, "f29": 2.8504008396014147, "f3": 0.05344697109772678, "f30": 0.1743208018610578, "f31": -0.27708277478161314, "f32": 1.680208905266209, "f33": 1.8960336911277889, "f34": 2.593803807156597, "f35": 1.5811469879081699, "f36": -0.4883914589032776, "f37": 0.15557552885267878, "f38": -2.1406268025165103, "f39": 2.5799862482377973, "f4": 2.803005872211944, "f40": 0.5909970168109937, "f41": -2.4915232146574366, "f42": -0.6887705177367378, "f43": -2.7710279697635576, "f44": 1.7281243254709988, "f45": -0.5032277794669708, "f46": -2.8310525791519856, "f47": 2.5002198708140018, "f48": 1.783442107468641, "f49": 0.3339503523923337, "f5": 2.973510379912783, "f50": -0.24729340102559316, "f51": -2.733372762869356, "f52": 2.998067893775911, "f53": 0.0032952202077840553, "f54": -0.8003126896549704, "f55": -2.233783007051507, "f6": 2.0066884641347196, "f7": -1.3667480484376386, "f8": 1.5218906016706146, "f9": 0.7053179337917701}, "datetime": {"datetime": "2023-01-23 16:37:59", "elapsed": 2540.083388, "delta": 44.024228}}
{"target": 0.04480326365377403, "params": {"f0": 0.6139049836087827, "f1": 2.428331093113006, "f10": 1.4495378401957417, "f11": 1.5585882459347857, "f12": 2.4508800323803515, "f13": -0.33722579339659653, "f14": 2.3307808545244058, "f15": 0.021840497022792782, "f16": 1.9340488249239005, "f17": -2.681107078397736, "f18": 2.474617742011219, "f19": 2.030441203408425, "f2": -2.511278640141863, "f20": 1.0441390641483128, "f21": 1.4308977182957712, "f22": 0.900453640569792, "f23": -2.3284302185702606, "f24": -1.4456560688231956, "f25": 0.41617629200648665, "f26": 2.2691389371036506, "f27": 2.061480952635229, "f28": -1.2135612377373852, "f29": 0.6580365467670601, "f3": 0.3089187688738573, "f30": 1.3789984488283444, "f31": -1.4541111807557956, "f32": -0.5970514455319074, "f33": 1.1704338087865045, "f34": 0.7852224721597705, "f35": -0.3006492300770516, "f36": 2.1421826669664465, "f37": 1.8268747040923685, "f38": -2.113539324152165, "f39": 0.23025080193013991, "f4": -2.9357160561180775, "f40": 2.1204831106708824, "f41": 0.17611521662016827, "f42": 1.4949853139222276, "f43": -2.8012251488121622, "f44": -1.3655054447130472, "f45": 0.5687259888796969, "f46": -2.934570670066765, "f47": -2.113934473730225, "f48": -0.10128564963722653, "f49": 1.4606811540146332, "f5": -0.6535044183876195, "f50": 1.6692041864565592, "f51": -0.2052048690549757, "f52": -0.9739509259908403, "f53": -1.7133636072323437, "f54": 0.37039938312077236, "f55": -0.5914274160050361, "f6": 0.5724080995194791, "f7": -2.4235363098108147, "f8": 1.3038604358824228, "f9": -1.2761942995707387}, "datetime": {"datetime": "2023-01-23 16:38:14", "elapsed": 2555.445998, "delta": 15.36261}}
{"target": 0.005624626700816345, "params": {"f0": -0.5877667308535481, "f1": -2.03765708803775, "f10": -0.7144794614006749, "f11": -2.4563298705212393, "f12": 0.2316524898702994, "f13": -1.998514811390789, "f14": -0.5178825495336916, "f15": -0.08327803407728318, "f16": -1.0878255605725473, "f17": -1.363769523277031, "f18": 2.9097491528195327, "f19": 1.4406438700166877, "f2": -2.2552016123238645, "f20": 1.4449562062592065, "f21": -0.6085011798345707, "f22": -0.10228328185350133, "f23": 2.5931959252279118, "f24": -1.3118615313864468, "f25": 1.1180112712654608, "f26": 0.747098108840393, "f27": -1.938136523037462, "f28": -0.5603863744952982, "f29": -1.6224263666288907, "f3": -1.1727363988297463, "f30": 2.7228120348705556, "f31": -2.494923418478879, "f32": 1.9590346212233563, "f33": 0.07152906084172983, "f34": 0.03161527275288112, "f35": 1.099330905688591, "f36": -1.1112710086925341, "f37": 0.7782130033550168, "f38": -2.581338777688938, "f39": -0.5970007354398916, "f4": -2.3537314465534944, "f40": -1.737285618725897, "f41": -2.0055633140821705, "f42": -2.1147082736064053, "f43": -1.4462833329576457, "f44": 1.417277565572146, "f45": 1.8334286486941407, "f46": 1.4266224375513978, "f47": 1.5596958263915415, "f48": -0.18504535137207512, "f49": -1.3022806233105202, "f5": 2.7125421775503895, "f50": 0.8171277814124442, "f51": -0.5429328645158975, "f52": -1.7091592231274824, "f53": 2.362143805324231, "f54": 2.7043572946813876, "f55": 0.14361698796579292, "f6": 0.630253450937893, "f7": 0.8601606696528972, "f8": 2.8989581533547506, "f9": -0.09386359773313924}, "datetime": {"datetime": "2023-01-23 16:40:01", "elapsed": 2661.846629, "delta": 106.400631}}
{"target": 0.05354992765481855, "params": {"f0": 0.8675415658363632, "f1": -0.9156136999368218, "f10": -2.7694676541204633, "f11": -1.2581490924091672, "f12": -0.8604513631856712, "f13": -2.7396971561037677, "f14": -1.128997531272655, "f15": 0.28384247876728974, "f16": -2.6781321223431878, "f17": -2.844147680567732, "f18": -1.3764881359991759, "f19": 0.9845887284596966, "f2": -0.0006694846152481837, "f20": -2.960232886334637, "f21": -1.0560542560209336, "f22": -0.307906263906748, "f23": 0.710537268006914, "f24": -2.5842067196806644, "f25": -0.8487476849676949, "f26": -2.0360695249571608, "f27": 0.9773769962193901, "f28": -0.9302680781022055, "f29": -2.9699912792085943, "f3": -2.7314883774960363, "f30": 2.5581577130042517, "f31": -2.698488119604149, "f32": -0.44988596120991664, "f33": 1.8703978158743633, "f34": 0.33896344965189407, "f35": 0.5930727214884111, "f36": -0.44488065322667847, "f37": 2.1962938182442056, "f38": 1.0061487921302064, "f39": -0.6547880051991752, "f4": -0.3092712087859901, "f40": 0.3422087599478152, "f41": 2.654398512473662, "f42": -0.3818395134789587, "f43": 0.21441491921713807, "f44": 2.5586412188366854, "f45": -2.4472652465575733, "f46": -0.8068369109533982, "f47": -1.1476188986411588, "f48": -0.3660134881221775, "f49": 1.5859896248175822, "f5": 1.8524031434263497, "f50": 2.5055345658976798, "f51": -1.1431484655153517, "f52": -2.625180824447752, "f53": 2.8523445674698227, "f54": 2.95927441815756, "f55": 1.873378143209318, "f6": -0.4416889351380786, "f7": 0.6478921552255921, "f8": 1.3219437469054363, "f9": -1.038971116840961}, "datetime": {"datetime": "2023-01-23 16:40:29", "elapsed": 2690.414076, "delta": 28.567447}}
{"target": 0.1692004605021391, "params": {"f0": -0.13927076475938804, "f1": -0.3946639598326147, "f10": -0.23398390854299134, "f11": 1.1543044236488074, "f12": 0.09922968163394641, "f13": -2.0237932919593313, "f14": 2.8052125397033922, "f15": -1.95960906374991, "f16": 0.21405249374104107, "f17": 0.7348596557684886, "f18": 0.502737192394533, "f19": -2.1994810685966892, "f2": -2.8121149130494887, "f20": -1.25968949481739, "f21": 1.3451165725938292, "f22": 1.0814793383111372, "f23": 0.8031351423784097, "f24": 1.0443134203164899, "f25": -0.19867252692301562, "f26": -1.3032985727589077, "f27": -0.7766517026649193, "f28": 2.189111340752336, "f29": 0.8079944493161886, "f3": -1.1186118090399066, "f30": -2.1741518397422426, "f31": 1.821194017697402, "f32": -0.6913999638284469, "f33": 1.4909029616560554, "f34": 2.9689579282887397, "f35": 0.47527710416913127, "f36": 2.5334588928241386, "f37": -0.11840895017117914, "f38": 2.5436387820317865, "f39": 0.8132681047519386, "f4": -2.577247117931175, "f40": -1.6932045789660657, "f41": -1.714145025511854, "f42": -0.17083769821646833, "f43": -1.223421686937082, "f44": 0.8000475313155073, "f45": -1.88061745178658, "f46": 1.9786667111722087, "f47": -0.8893201619859017, "f48": 2.4161554379397048, "f49": 1.637781033754937, "f5": 2.747094138969576, "f50": 2.9717040690487444, "f51": -2.7393173245316556, "f52": 0.4325914026268425, "f53": -2.632448105045418, "f54": 1.0342287853796712, "f55": 1.747911504003044, "f6": -0.3574939794944272, "f7": 2.3546160176810913, "f8": 1.4546940288024466, "f9": -0.6139335036574458}, "datetime": {"datetime": "2023-01-23 16:41:50", "elapsed": 2770.842718, "delta": 80.428642}}
{"target": 0.04002836156267234, "params": {"f0": 0.8430224095327548, "f1": -0.33087897103385444, "f10": -1.8702021359372676, "f11": -1.8499323464080921, "f12": -1.390257227980835, "f13": 2.1225699488156957, "f14": 0.4379661659825045, "f15": 2.31745622122721, "f16": -2.0035682295144346, "f17": 1.0532030815956261, "f18": -2.539703697923303, "f19": 2.0238218415946756, "f2": 0.4984415936857993, "f20": -1.0414844190725063, "f21": -1.5444729533483188, "f22": -1.8253778427743892, "f23": 1.2240608925389225, "f24": -1.8547390331475544, "f25": -0.29215103668994846, "f26": -1.1363978940029713, "f27": 0.7505529235381756, "f28": 2.8003867409909056, "f29": -1.7762416968786454, "f3": 0.7906084846118193, "f30": 1.0281369367620838, "f31": -2.4977823508809225, "f32": 2.408671323862708, "f33": -2.183127562150971, "f34": 1.0275738636900424, "f35": -2.6676678451060507, "f36": 2.4133293123314354, "f37": 2.795624708795742, "f38": 1.0592807604560628, "f39": 0.46360074898334824, "f4": 0.13814205331364438, "f40": -0.6885959375861548, "f41": 1.4417237818268926, "f42": -0.8210422686713885, "f43": -0.6859066545311139, "f44": -0.554545859922984, "f45": -2.4490547447413338, "f46": 1.9950106292978216, "f47": 0.15600946705167607, "f48": -1.0665138510364003, "f49": -1.6339741687225535, "f5": -2.0242809530035606, "f50": 0.8457210091948175, "f51": -0.6740798882554282, "f52": 0.43752247474558903, "f53": 2.7052855291829268, "f54": -1.8486476432755456, "f55": 2.0219228528860826, "f6": -0.5218468943569796, "f7": -0.8257880847486998, "f8": 2.699157137267596, "f9": -1.335848491702313}, "datetime": {"datetime": "2023-01-23 16:43:17", "elapsed": 2858.250139, "delta": 87.407421}}
{"target": 0.13707227190303245, "params": {"f0": 1.9697859464882876, "f1": 1.0152750568445148, "f10": 1.9115280933016416, "f11": -2.5376184222993876, "f12": -0.7458486924864962, "f13": -1.1926220157093474, "f14": -0.7911267170067058, "f15": -1.242290406029816, "f16": 1.2529715214729107, "f17": 1.9583951259314993, "f18": -0.40848105037117044, "f19": -0.19361088517551694, "f2": 1.5514074040800363, "f20": -0.974024133933268, "f21": 1.435856775833468, "f22": -0.9859544697565044, "f23": 1.8604752746459887, "f24": 2.6834305655439845, "f25": -2.883245242848666, "f26": -0.7417237025754488, "f27": -1.0150055405718774, "f28": 1.8082206981847486, "f29": 2.200833242187106, "f3": -0.5471227596295556, "f30": 2.613798537538451, "f31": -1.4884775361864253, "f32": -0.5826225499170583, "f33": -0.8102287917011459, "f34": 1.863782643108121, "f35": 1.311297055532437, "f36": 2.731689390485746, "f37": -0.667696672458955, "f38": -1.6758668650683495, "f39": -1.6492631265620619, "f4": 1.5831729099011564, "f40": 0.8055451540023331, "f41": 0.13881069543357505, "f42": 0.534818290322431, "f43": -1.9929297941112118, "f44": -2.949545688800204, "f45": -2.538108101289988, "f46": -0.1613302148762732, "f47": 2.9292498772851756, "f48": 2.574446033799685, "f49": 1.9822957817517155, "f5": 2.266934549275523, "f50": 0.6913785333208509, "f51": 2.25854836223266, "f52": -0.8478527392517243, "f53": -0.29275750618374996, "f54": 0.05162059514922834, "f55": 0.7932105382137191, "f6": -0.06899529385157255, "f7": 0.2841380060370988, "f8": -2.506905392953464, "f9": -2.097546163218564}, "datetime": {"datetime": "2023-01-23 16:44:56", "elapsed": 2957.125981, "delta": 98.875842}}
{"target": 0.24468087465697488, "params": {"f0": -2.968575100668149, "f1": 0.28223221467351234, "f10": -1.5057208126202073, "f11": -1.358802089659593, "f12": -0.5975615751347472, "f13": 2.077830706257677, "f14": 1.109774455939391, "f15": -1.0749933660392668, "f16": -2.0490413832082846, "f17": 1.092338877838734, "f18": -1.542483689302071, "f19": 1.5576912011243493, "f2": -2.357773857948903, "f20": -2.7988244257216097, "f21": -0.42660358329551595, "f22": -2.61465584681594, "f23": 2.469633144891106, "f24": -1.8116793612794138, "f25": -1.3550878699638937, "f26": -1.4382730805687334, "f27": -2.628258553091345, "f28": -2.8341285342167764, "f29": -2.4471889337124946, "f3": -2.2610851593262575, "f30": 2.7469287135787726, "f31": 2.9942498830362103, "f32": -0.3467303615113715, "f33": 0.018967559779134113, "f34": -1.6915569762074723, "f35": -1.3977771046593412, "f36": 0.37422946331158347, "f37": -0.19946567673457283, "f38": 2.0912761121987726, "f39": -1.604527457875533, "f4": 2.2616552467862814, "f40": -0.2972753530634886, "f41": 2.1840401792154616, "f42": -0.08785953723625095, "f43": 0.1915523719557113, "f44": 2.2926024725684657, "f45": -1.2106019835033701, "f46": 0.7089397721555644, "f47": -0.16992918557939696, "f48": -1.7379535228254035, "f49": -0.5949293017385582, "f5": -2.1960630159810286, "f50": 2.5313637027684557, "f51": -1.4831265470076, "f52": 1.5878129553811204, "f53": 0.10069873144560226, "f54": -2.6680225540177176, "f55": -1.444264985712887, "f6": -1.8810110357860816, "f7": 0.5853844498977803, "f8": 1.549515258162919, "f9": -0.8665131936743715}, "datetime": {"datetime": "2023-01-23 16:47:07", "elapsed": 3087.598757, "delta": 130.472776}}
{"target": 0.2061087022315897, "params": {"f0": -0.47434228305468107, "f1": -0.7101302286206823, "f10": -1.2984915671576605, "f11": -2.8956363411927426, "f12": 0.5807958777588129, "f13": 1.3122606260492935, "f14": 0.19931651744474532, "f15": 0.8480002795428208, "f16": 2.5766788150211752, "f17": -2.1027817398600055, "f18": 1.1697673565629039, "f19": 2.4962892289595864, "f2": -2.8282032851393737, "f20": 1.3783979984189276, "f21": -1.4924396023010067, "f22": -2.9161380749734978, "f23": 1.591249973120492, "f24": 1.8260225730665747, "f25": -0.854507531962188, "f26": -0.9301742334928549, "f27": 0.17176852925730746, "f28": -2.1935924573013157, "f29": 2.834480162527284, "f3": 1.937055461310286, "f30": 2.809304924777214, "f31": 1.7204009772343927, "f32": -1.3108543880261116, "f33": 1.6913913563892962, "f34": -0.2416333656567229, "f35": 0.5872179144702088, "f36": -0.49388546707206515, "f37": 0.718059525559132, "f38": -1.9618661909167148, "f39": -0.4925500787272856, "f4": -2.334804415622958, "f40": -1.4342831670886824, "f41": -1.3258873416057244, "f42": -1.422373580615523, "f43": 0.8952916774220929, "f44": -2.132107937452499, "f45": 2.463098290053387, "f46": -0.798905106719535, "f47": 0.6949731997753013, "f48": -0.042726478965303016, "f49": -1.3520597696318395, "f5": -0.7129551079989729, "f50": -0.8695198492680998, "f51": 1.508951241564323, "f52": 0.1790828117463379, "f53": -2.7325310756626373, "f54": 0.20861190115386208, "f55": -0.7552509233820452, "f6": 1.437106031250428, "f7": -2.844468803430199, "f8": -1.9963762363896045, "f9": -0.6462729897540997}, "datetime": {"datetime": "2023-01-23 16:48:21", "elapsed": 3162.233898, "delta": 74.635141}}
{"target": 0.06357298491346913, "params": {"f0": 0.9972355976653127, "f1": 0.03785140330008163, "f10": 1.9999889703354494, "f11": 2.1616750524491684, "f12": -2.6298070860002456, "f13": 2.230162660795859, "f14": -0.5116034918960852, "f15": -0.8448710023521433, "f16": -1.6642488865270177, "f17": -1.7106167938483607, "f18": -0.9026230844684617, "f19": -1.5686430850644126, "f2": 2.6178305870736622, "f20": 1.9587702957407327, "f21": -0.028528063955830518, "f22": 1.9296125806379951, "f23": 0.7111651482654358, "f24": -2.6312411443351915, "f25": 0.28934803200265335, "f26": -2.4455481711862816, "f27": 1.603084178391894, "f28": 2.662933823518082, "f29": 2.0107384920416562, "f3": 1.9859290220012458, "f30": 2.9659526210916978, "f31": 1.566489813298353, "f32": -1.0464651192651369, "f33": 1.427406050655902, "f34": 2.312802746813852, "f35": -1.2810667154394517, "f36": -1.8200114296043217, "f37": -0.8912330621902171, "f38": 1.5705687638948138, "f39": -1.9900171890145464, "f4": -2.534338108676633, "f40": -2.2430513431105705, "f41": 0.9236942896552813, "f42": -1.405383184658208, "f43": 2.91982324317998, "f44": -2.67189064457096, "f45": -0.7144552056933033, "f46": -1.6777989588183675, "f47": 2.4034198998353844, "f48": -0.09371165876167353, "f49": 0.4197169560234162, "f5": 1.9029289855665512, "f50": 2.5377255488762156, "f51": -1.3105901228656351, "f52": -0.812921716153788, "f53": 1.8124269455237272, "f54": 0.011303808914225222, "f55": 1.5046842014936592, "f6": 1.1665114368021978, "f7": -1.137264665889649, "f8": 0.10183103228193557, "f9": -1.4742004327530116}, "datetime": {"datetime": "2023-01-23 16:48:29", "elapsed": 3169.584772, "delta": 7.350874}}
{"target": 0.11831891137028704, "params": {"f0": -2.9928919223763755, "f1": 2.100688085368856, "f10": 0.37188156893569246, "f11": -0.10835178168047888, "f12": -0.550411909552369, "f13": 1.4631424969396054, "f14": -2.2810646369809664, "f15": -2.5958849588336914, "f16": 1.1848410396413822, "f17": 1.1339681159066632, "f18": -2.5273193107323424, "f19": 2.5072546926073738, "f2": 2.7728388490600286, "f20": -1.8028214954581028, "f21": 1.3537258153249114, "f22": -0.3026878229058614, "f23": 1.3417992507326684, "f24": -1.3259038938713958, "f25": -0.12130402425979536, "f26": -0.6756363525945002, "f27": 2.5239237931886453, "f28": 0.8380310468675427, "f29": -2.7102775548725235, "f3": 0.106812520726975, "f30": 2.0501174512237554, "f31": 2.0066898734374137, "f32": -1.4791224115384374, "f33": -1.1467857149974288, "f34": -1.9096189139021393, "f35": -0.2401119899973998, "f36": -0.250316421259992, "f37": 0.44248548680038713, "f38": 1.1507442758778295, "f39": -0.35922981493912864, "f4": 0.5908290191298153, "f40": 0.36429901155722977, "f41": -2.0509245007636476, "f42": 1.2870135485097718, "f43": -0.5064937549051689, "f44": -2.759811499744475, "f45": 2.1229602235240908, "f46": -2.4697790989695045, "f47": 0.9619425952713359, "f48": -0.9946775325126822, "f49": -0.12121132590882233, "f5": -0.5729867017698478, "f50": -1.5097559385962087, "f51": 1.5403496827295848, "f52": 1.1775120371836616, "f53": -1.54199591822338, "f54": -1.308176749954726, "f55": 1.7078423577699615, "f6": -1.559776902325114, "f7": -0.6779725316599343, "f8": -0.8041550794819528, "f9": -0.7343839004618173}, "datetime": {"datetime": "2023-01-23 16:49:42", "elapsed": 3243.01859, "delta": 73.433818}}
