{"target": 0.1063365798718083, "params": {"f0": -2.618779479211902, "f1": 1.7308947444346856, "f10": 0.5395155286748734, "f11": -2.4422555364172958, "f12": -1.6022214165592894, "f13": -2.3617039406945306, "f14": 0.37687165497893815, "f15": 2.3042309306013564, "f16": 2.898568934085354, "f17": 1.2431589448582585, "f18": -0.024680051374383893, "f19": -1.1069629766470919, "f2": 2.11171635213047, "f20": -0.33868653361745027, "f21": 2.568315985942763, "f22": -2.0609045044653707, "f23": 0.7303346103128563, "f24": -1.184069020534867, "f25": -0.6871399974417747, "f26": -0.5293742422117513, "f27": 0.5207808299081575, "f28": -0.5833242020953451, "f29": -2.752018630851461, "f3": 0.16456649025632997, "f30": 1.7208455712707025, "f31": -2.9967851194953905, "f32": 2.005793492167359, "f33": 2.7356897821406196, "f34": 2.2728624929391, "f35": 0.46283743059795013, "f36": 0.5870542888420829, "f37": -2.351382753730543, "f38": 0.6864979434953598, "f39": -0.3205123807649981, "f4": 2.5661221488915356, "f40": -0.576496217602875, "f41": 0.4001380937912913, "f42": 1.2114324972280155, "f43": -1.4895632444723776, "f44": 0.48605390671808113, "f45": -0.043908110662180366, "f46": 0.15491803106697688, "f47": 0.25988900261618575, "f48": 0.44499276135240695, "f49": 1.4196089716138012, "f5": 2.711406412479545, "f50": 2.743814645295446, "f51": 2.9123689421024066, "f52": -2.098195775465902, "f53": -2.8699639050844046, "f54": 2.9551608808276324, "f55": 1.1455840068663807, "f6": -1.099608501844731, "f7": 2.1532697338882425, "f8": -2.2261580007287787, "f9": -2.583440448988122}, "datetime": {"datetime": "2023-01-23 16:18:17", "elapsed": 1358.506307, "delta": 22.945721}}
{"target": 0.4192590408562926, "params": {"f0": -0.24589603516101377, "f1": -2.1858917090781413, "f10": -2.816063836678503, "f11": -1.0507759930277767, "f12": -1.1920697586528488, "f13": -0.425359316416587, "f14": -2.3940372668376257, "f15": 0.21508840583275468, "f16": -0.7675706377388369, "f17": 2.7033261113421103, "f18": 2.2573660662101185, "f19": -0.3670734205728703, "f2": -1.246624143311073, "f20": -0.9436941809218213, "f21": 0.4500616501009014, "f22": 0.973543163838376, "f23": 1.6521334509213972, "f24": -1.4782730480261637, "f25": -2.233022887065732, "f26": 2.4222544230184866, "f27": 1.8279197871784696, "f28": 1.4709151818735808, "f29": -2.3995609457579326, "f3": -2.6933747585995986, "f30": 2.280288101076839, "f31": 1.722959071367451, "f32": 0.9624542273293644, "f33": 1.8410184982764157, "f34": 2.3230240589190494, "f35": -2.189929251032905, "f36": -2.5574153860237843, "f37": 1.7341325082721406, "f38": -2.2964568155478338, "f39": -2.1079123728778746, "f4": -0.07038014227609635, "f40": -0.7463678000245073, "f41": 2.2268351898818315, "f42": 0.7065536546699462, "f43": 2.3619867368731793, "f44": -0.9593706101190502, "f45": -0.34144131640913766, "f46": -0.33038631181741884, "f47": -0.5735957437536707, "f48": 2.663031140207904, "f49": -1.054064114888199, "f5": 0.2199058023389373, "f50": 2.5659494184569684, "f51": -2.267962952233007, "f52": -0.5515273736383919, "f53": 2.853681147159855, "f54": 1.9195246676655575, "f55": -2.3759460041297777, "f6": 1.6195458108639063, "f7": -1.6815396232497792, "f8": -0.4119551548180125, "f9": -0.16580353366280542}, "datetime": {"datetime": "2023-01-23 16:19:34", "elapsed": 1435.371023, "delta": 76.864716}}
{"target": 0.19810478994528227, "params": {"f0": -0.6795640688658722, "f1": 1.3090962439252225, "f10": -0.7890646331189988, "f11": 2.231796502922821, "f12": 0.8686911058208082, "f13": 0.8644891506728114, "f14": 1.934937631560131, "f15": 2.749276957675841, "f16": -0.9082809862182035, "f17": 1.684152429549827, "f18": 0.04423457253136309, "f19": 1.3762382630708512, "f2": -0.37294098828898026, "f20": -1.1009902060056638, "f21": -0.6692347440740383, "f22": -1.2556636220431474, "f23": -1.2409723148080296, "f24": -0.8129101679445849, "f25": 1.7073486411394665, "f26": 0.35473144928742784, "f27": 1.1260623051600458, "f28": -0.9324676608357261, "f29": 1.444019321467068, "f3": 1.3761203132821125, "f30": -0.09815647215653689, "f31": -0.7428004685710121, "f32": -1.9792559210640686, "f33": -1.9213261474839296, "f34": 0.2882029571884863, "f35": 2.0583473609814087, "f36": -1.5401256938801504, "f37": 2.967819042355602, "f38": 2.85033009874374, "f39": 0.34216077686892055, "f4": 2.4701339705131176, "f40": 1.6832658492721126, "f41": 0.009150038739559552, "f42": -2.560452192869926, "f43": -2.975427599871587, "f44": -2.3034480738227407, "f45": 2.1322540680907274, "f46": -2.637753655472238, "f47": -1.4696304818654577, "f48": -0.5666999275712055, "f49": 0.9611031926685714, "f5": -0.8137544359077338, "f50": -1.3204032950668145, "f51": -1.7087664945371621, "f52": -2.4458042057517053, "f53": 0.8365672244578422, "f54": 2.6898189801251116, "f55": -1.1833264636977334, "f6": -1.4724949084619505, "f7": -1.6349454950998485, "f8": 0.7247363454422606, "f9": -0.9669971977650094}, "datetime": {"datetime": "2023-01-23 16:20:02", "elapsed": 1463.159605, "delta": 27.788582}}
{"target": 0.16956956925567643, "params": {"f0": -1.6218289628480118, "f1": 0.8779588284988495, "f10": -2.1306765023796683, "f11": -0.8090399821830272, "f12": -0.1761914869326464, "f13": -0.4408671168288878, "f14": 1.47268545864305, "f15": -0.47108028012449044, "f16": 1.868853675661657, "f17": -1.1782263842678973, "f18": -0.6201789631226706, "f19": -1.6282640818016483, "f2": -1.335461978200063, "f20": 2.5297532098212185, "f21": -1.9785779695730659, "f22": -1.5971380337605277, "f23": 0.3105612063934773, "f24": 1.5368051691243227, "f25": -1.991011957553276, "f26": -1.6152531887514865, "f27": 0.2677718606569979, "f28": -1.5986970280645054, "f29": 0.9404120549042019, "f3": -0.47305782512060235, "f30": 1.0477332788218678, "f31": 1.3874975628354012, "f32": 1.3556658610904284, "f33": -1.1727393356075373, "f34": 0.9520682712512425, "f35": -2.2604060004404163, "f36": -2.6194326824172656, "f37": -0.08840403269277353, "f38": -1.3355166233120817, "f39": -2.417286133436301, "f4": 0.5403183113289307, "f40": -1.2375514562970509, "f41": 0.4507668062225476, "f42": 1.5575430457165886, "f43": 1.8648423551938293, "f44": -2.4623507072713924, "f45": -1.0618077872137854, "f46": 0.29253187777808076, "f47": 1.331739832707835, "f48": 0.8910874945490384, "f49": -0.7044151681957826, "f5": 0.9757053352595983, "f50": -2.6343570021088345, "f51": -1.4246554214828946, "f52": 1.3594525834035993, "f53": -2.0760643837274344, "f54": -0.8023771639047474, "f55": -0.8003117864063372, "f6": 1.9624278368201935, "f7": 0.6505315003589844, "f8": -1.6045103067576119, "f9": -2.2996230220437566}, "datetime": {"datetime": "2023-01-23 16:20:53", "elapsed": 1513.904147, "delta": 50.744542}}
{"target": 0.06647601115307122, "params": {"f0": 1.0342142407102326, "f1": 1.9725308162405497, "f10": -2.7171701462589573, "f11": 1.2682727919526133, "f12": 2.3418205514248047, "f13": -1.76725874865843, "f14": -0.08187613408127037, "f15": -2.8408067856838044, "f16": 0.1643931236030598, "f17": -0.12488965608971636, "f18": 2.1841739298878258, "f19": 2.0434541639366097, "f2": 1.090770557810803, "f20": -1.0773611855261835, "f21": -2.277997714330156, "f22": 0.9458560833269756, "f23": 1.1725129077056815, "f24": 1.678515926880637, "f25": -1.9699411103608224, "f26": -0.1839278964572979, "f27": -2.5610190653955534, "f28": -1.4371859128264852, "f29": 0.2736235709390753, "f3": -2.582035248396865, "f30": -1.9691909000883474, "f31": 1.4868885493610238, "f32": 1.841675571389139, "f33": 2.384345286873052, "f34": 2.9773258491520904, "f35": -2.2182164683325265, "f36": 0.3204862915208304, "f37": -1.1471723063040025, "f38": 1.6311217245420604, "f39": 2.403299113985047, "f4": 2.368414961331937, "f40": 0.09382956512682572, "f41": 2.979395480012716, "f42": 1.9274468131890448, "f43": -0.5590572105387519, "f44": -2.312491206987926, "f45": 2.9702147281968374, "f46": -1.7459757021198703, "f47": 0.9635723910189897, "f48": -2.707336152270545, "f49": -1.2191934103009265, "f5": 0.13097921722377226, "f50": -2.5356294712109273, "f51": -0.867754381864422, "f52": -1.3023458363220024, "f53": 2.2028580495064407, "f54": -2.194785515641912, "f55": -1.3932417080166888, "f6": -2.207145903668689, "f7": -2.322860854291137, "f8": -2.1779416898463726, "f9": -0.824053162687866}, "datetime": {"datetime": "2023-01-23 16:21:39", "elapsed": 1560.054054, "delta": 46.149907}}
{"target": 0.09957289680721639, "params": {"f0": 2.3131710276971944, "f1": -2.9974646477208675, "f10": -2.4116368009119493, "f11": 0.33248856772927393, "f12": 0.5297961017298243, "f13": 0.7834052193161067, "f14": 2.136132650509335, "f15": -0.7380112492984745, "f16": -1.1991610653486036, "f17": 0.38119769528255976, "f18": 2.7498212768711046, "f19": -0.9740898229998436, "f2": 0.8903857027720887, "f20": 1.2367958913786374, "f21": -2.3628585154819444, "f22": 0.9656306599629874, "f23": -0.35791144325857926, "f24": 2.2395911279289447, "f25": 1.6865639085079582, "f26": -0.5478581717376407, "f27": -1.9448584178218669, "f28": 0.34116487233699067, "f29": 2.86232686783866, "f3": 2.9472174600399486, "f30": -2.6906636081382, "f31": -0.39059316398193866, "f32": -1.7383118849330361, "f33": 0.6391129151967787, "f34": -2.94834211829299, "f35": -2.7450965088231998, "f36": 2.8745972376437123, "f37": 0.11822537796011812, "f38": -2.816320415271978, "f39": 2.2428225994464883, "f4": -2.698031104819395, "f40": 1.0554039602320398, "f41": 1.3725390738650134, "f42": -1.3911012533319789, "f43": 2.316196080133963, "f44": -1.036571261158683, "f45": 0.9450999782249916, "f46": -1.1804568451294521, "f47": 2.228607866506965, "f48": 1.7054097831076742, "f49": -2.6103324798103915, "f5": -2.4404395269294463, "f50": -0.7460554290960535, "f51": 2.437900082343658, "f52": 2.0326237754417793, "f53": 1.0237995031331373, "f54": 1.6533779722793156, "f55": 2.882874797627884, "f6": -2.133262184371217, "f7": 1.564587871496757, "f8": -2.4311569209043578, "f9": 1.4648450174780203}, "datetime": {"datetime": "2023-01-23 16:22:52", "elapsed": 1633.177924, "delta": 73.12387}}
{"target": 0.17844147382422573, "params": {"f0": 1.3543587464334408, "f1": 2.553468758899619, "f10": 0.645460942526165, "f11": -1.1962113158244503, "f12": -1.0307721263741922, "f13": 0.4773016309577125, "f14": -0.3392248633971482, "f15": -2.498740428973586, "f16": -1.6343311852781277, "f17": 2.3798035568214653, "f18": 2.4138824978078226, "f19": 0.7804752611981085, "f2": 0.002096192075174308, "f20": 0.15636482481317593, "f21": -2.61248964820865, "f22": -1.3470000833317337, "f23": 2.3421334471518236, "f24": 2.9638532704293814, "f25": 2.092079759923916, "f26": 0.24154634549859288, "f27": 1.8771953203779717, "f28": -0.012159497630041649, "f29": 1.7331979761941971, "f3": -0.9801378278638713, "f30": -1.6738304228039242, "f31": 1.6334506518995084, "f32": -0.01585547766254214, "f33": -2.7079527574979894, "f34": 2.0030241169584695, "f35": 2.9213152581635686, "f36": -0.08015655157617196, "f37": -2.3152215570985044, "f38": 0.8222808961193584, "f39": 1.167998561982488, "f4": 0.6312133307602075, "f40": 2.4113252339003406, "f41": 0.6513109339754042, "f42": 0.30975362119841243, "f43": 0.08265717160261232, "f44": -0.7409249161285798, "f45": 2.0679715195996344, "f46": -1.192298817490756, "f47": 2.3345173254930724, "f48": -0.4519548808838385, "f49": -1.896601082816195, "f5": -2.220455230730524, "f50": 2.790948166518663, "f51": 0.4542377885253792, "f52": -2.1164304003884675, "f53": -0.6530917405066843, "f54": 0.7205053835883293, "f55": 0.2134093408478437, "f6": 0.9268312452868344, "f7": 1.4445076282202631, "f8": -1.5600193872272583, "f9": -0.27735370458587116}, "datetime": {"datetime": "2023-01-23 16:23:46", "elapsed": 1687.052228, "delta": 53.874304}}
{"target": 0.19735406555344226, "params": {"f0": 0.35054622130476165, "f1": -1.7178380899394945, "f10": -1.8777717087270973, "f11": -0.5133454568526066, "f12": -0.7429328025385225, "f13": -2.6877010994656825, "f14": 2.248477756960874, "f15": 2.868715344097544, "f16": 0.13965755409127478, "f17": -0.23597887405330553, "f18": 1.8871080228221153, "f19": 2.512090589559431, "f2": 2.4168615582183204, "f20": -2.4202599193426204, "f21": -0.5883311575980912, "f22": 2.542232275744791, "f23": 2.4791866925946273, "f24": -1.7685064080725896, "f25": 1.9399614312234323, "f26": 2.664300141206237, "f27": 2.896892622990702, "f28": -2.7631928614286316, "f29": -1.763099070190441, "f3": -0.9027147104969018, "f30": 0.5835375218642813, "f31": 0.5223263024895619, "f32": -2.839036711583061, "f33": -0.4110660034046272, "f34": -1.82472223256078, "f35": -0.4010716862036796, "f36": -0.4200418869310072, "f37": 1.2784757936642226, "f38": -2.3996936217245084, "f39": 2.3412719870713516, "f4": -1.5441158956503318, "f40": 1.999217349400502, "f41": 0.040900698847776695, "f42": 0.7862417626838667, "f43": 1.7644417540523873, "f44": 0.3040517394142994, "f45": 0.19394303576722383, "f46": 0.25235081095410994, "f47": 2.5682179878529414, "f48": -0.19361926594244805, "f49": 0.9365143217708276, "f5": -2.744187348116559, "f50": -0.7181987516823725, "f51": 1.044976392824016, "f52": 0.645366082423243, "f53": 0.9704273049808947, "f54": -0.5717566717388962, "f55": 0.47680291445729495, "f6": -2.8833227512992754, "f7": 1.1839544864178029, "f8": -1.7621765194072456, "f9": -1.4650147446175221}, "datetime": {"datetime": "2023-01-23 16:24:28", "elapsed": 1728.603688, "delta": 41.55146}}
{"target": 0.07952882752398384, "params": {"f0": 2.5020549469627724, "f1": 1.7908318080018049, "f10": 0.5493431401181779, "f11": -1.542248593068435, "f12": -0.6715192001069239, "f13": 0.21687711451752634, "f14": 1.8123524920222405, "f15": -1.273678564207781, "f16": -2.134944505014965, "f17": -1.0383458444244589, "f18": -1.5953521395993402, "f19": 0.44965665189170334, "f2": 1.7075831715571788, "f20": 1.5574660266209124, "f21": -0.21163357288941453, "f22": 2.560886700769487, "f23": -0.44713843148671106, "f24": 1.3703414348564626, "f25": 0.35346072909201176, "f26": -2.5300675240167028, "f27": -1.9452364202675168, "f28": 1.3563652554520456, "f29": 1.4795045152384283, "f3": 1.8474871771939378, "f30": 0.7513266253052904, "f31": 2.227971667650607, "f32": 1.6588538499673735, "f33": 0.18755000279743195, "f34": -1.338739318110326, "f35": -0.08339243762544246, "f36": -0.10993503189114184, "f37": -2.1295683113214174, "f38": -0.13920126856761605, "f39": -2.8287424906048035, "f4": 2.535038225008128, "f40": -0.08255892252773833, "f41": -1.4954731142512738, "f42": 2.63253565626008, "f43": 0.6458403105107458, "f44": -2.221686051578211, "f45": -2.3698094312437172, "f46": 1.2992921831849182, "f47": 0.0482871075157445, "f48": 2.014157719538721, "f49": 1.2159961092347142, "f5": 2.63055905848989, "f50": 1.1667400182668342, "f51": -2.22612413987175, "f52": 2.3932399246020237, "f53": -0.5360327836616374, "f54": 0.04150720680457054, "f55": -0.160777911959749, "f6": -1.5415526547287326, "f7": 2.918177458881855, "f8": -2.6505209650819914, "f9": -0.5820077244958815}, "datetime": {"datetime": "2023-01-23 16:25:27", "elapsed": 1788.128272, "delta": 59.524584}}
{"target": 0.31685216497355795, "params": {"f0": 2.2323076690959116, "f1": -1.0826382934596832, "f10": 0.16974637063637532, "f11": 1.7047121464423984, "f12": -1.7012555015187327, "f13": -2.941479075298766, "f14": -1.872278350328911, "f15": -1.225125718206241, "f16": 0.5067334520560749, "f17": -2.7619611360395915, "f18": -2.7693602589436077, "f19": 2.0924417717072394, "f2": -0.860367502790182, "f20": 2.4377413504672445, "f21": -2.1073814488800364, "f22": 0.5860543586195188, "f23": 2.1288066914775623, "f24": 1.8265659355701827, "f25": -0.8095403799795728, "f26": 1.4138372275623237, "f27": 2.887068046639536, "f28": -1.9196583695216551, "f29": -0.13862995177198734, "f3": 0.3521633027614932, "f30": -2.3321810331035726, "f31": -1.4759927792020398, "f32": 2.6955019594606515, "f33": -0.8122632859654857, "f34": -2.5813369618058983, "f35": 1.386586506011514, "f36": 0.7841437497166508, "f37": 1.05632882741389, "f38": 0.003891165692889942, "f39": 2.478827972720188, "f4": -1.7627492345463969, "f40": -1.8638509492640796, "f41": -2.8968437524043447, "f42": 0.7684159514326447, "f43": 1.3593040283119588, "f44": 1.6606924032256956, "f45": 2.300793000452903, "f46": -0.11164407172658386, "f47": -0.14886397763624437, "f48": 0.021989009136506255, "f49": -1.516334536569326, "f5": -1.4007197237429505, "f50": 1.550035078879354, "f51": 0.02493199538070101, "f52": 1.3223873375464867, "f53": -2.90379842918374, "f54": 0.06069323128058901, "f55": -0.6386379277756284, "f6": 2.746181073284883, "f7": 2.7867905784270866, "f8": -2.4826274197760556, "f9": -1.7768465829111213}, "datetime": {"datetime": "2023-01-23 16:25:51", "elapsed": 1811.881193, "delta": 23.752921}}
{"target": 0.4790629482628023, "params": {"f0": 1.2010833127590317, "f1": 2.717964300767198, "f10": 2.6742720263366255, "f11": -1.2824857782213506, "f12": -0.897751231988658, "f13": 0.005005880905395443, "f14": 0.7454556100995609, "f15": -2.0008840194458024, "f16": -1.8405415249598005, "f17": 0.21360284842208532, "f18": -1.7251830524473193, "f19": 0.40808433740598016, "f2": 1.8128405908979497, "f20": 1.966925267497155, "f21": -1.5311667848924855, "f22": -1.2883420940849744, "f23": -1.0378198677492594, "f24": -2.135330986931899, "f25": -1.206074748092648, "f26": 0.7065046240508108, "f27": 1.0160888826750867, "f28": 2.317940270397334, "f29": -0.8346990936812109, "f3": 0.2082976942303194, "f30": -1.6315488013736263, "f31": -2.072265684240514, "f32": -2.6156336431477856, "f33": -1.6687963244409396, "f34": -1.475404156175174, "f35": -2.341398954399841, "f36": 2.2855951650944286, "f37": 0.5084931444324914, "f38": -2.1717628904515607, "f39": 2.641461206223096, "f4": 2.2223239667143613, "f40": 0.33895365219484885, "f41": 1.921557399958937, "f42": 0.9751755114044744, "f43": -0.34711118400185725, "f44": -2.7027140786262236, "f45": 1.7092590509384262, "f46": -0.060000658609713486, "f47": -1.7564982523371453, "f48": 1.4856709981910408, "f49": 1.9666127572209415, "f5": -0.7291593187308081, "f50": -1.0192232176079445, "f51": -2.8956715188802704, "f52": -1.908958742902789, "f53": -1.1174084646548346, "f54": -2.1811743692194234, "f55": 2.6313268758731514, "f6": 0.1305303666770934, "f7": -1.7064282410125717, "f8": 2.525054167288056, "f9": 1.553896058637287}, "datetime": {"datetime": "2023-01-23 16:27:15", "elapsed": 1895.739721, "delta": 83.858528}}
{"target": 0.12019743867706112, "params": {"f0": -1.6916502813504208, "f1": 1.780839044999353, "f10": 0.4514427404606165, "f11": 1.416994520469812, "f12": -0.6985734708555587, "f13": 2.8926521705128225, "f14": -0.7753363788425878, "f15": 0.7113561454865005, "f16": -1.5682881359073662, "f17": -0.11331068237341047, "f18": -1.194405935916027, "f19": -1.7095390876697811, "f2": 2.08279698614165, "f20": 2.5306641801417955, "f21": -0.8266704990046976, "f22": 1.5160504490126856, "f23": -1.9210308455574232, "f24": -1.4367979689737418, "f25": -1.9021837460626203, "f26": 1.2009199397756083, "f27": 1.0118605547958426, "f28": 2.9772945441732475, "f29": 0.5377197449800044, "f3": -0.7027687633367599, "f30": -2.096906666053957, "f31": -1.880224056167612, "f32": 2.1361977669463066, "f33": -1.7641575681568051, "f34": 0.5061343806521679, "f35": -1.8489758801252414, "f36": 1.0329551622930317, "f37": -0.6356974872546104, "f38": -2.119411326055263, "f39": 2.088739866028787, "f4": -2.103609528973446, "f40": 2.6479710543081643, "f41": 1.8191269206492375, "f42": -1.7688997996922133, "f43": 2.7198937509262526, "f44": -1.9033250192754496, "f45": -1.529190720396316, "f46": 1.5472517419716647, "f47": 0.931071905050203, "f48": -0.4091331783672625, "f49": -1.2201974243154698, "f5": 0.46418870557822567, "f50": 0.790314586311232, "f51": -2.884452574504487, "f52": 0.6486822063488402, "f53": 0.5842538503908337, "f54": 0.2225197569025701, "f55": 1.6502127985564305, "f6": 0.013052833690926136, "f7": 0.12143396569595755, "f8": -2.1258348013617816, "f9": 1.1604338692300278}, "datetime": {"datetime": "2023-01-23 16:27:57", "elapsed": 1937.855978, "delta": 42.116257}}
{"target": 0.3028867289084815, "params": {"f0": 2.8413972649300003, "f1": 2.914419792200558, "f10": -0.3450356891626192, "f11": -1.5021548115139773, "f12": -2.369421809511925, "f13": -0.4843207322425873, "f14": 1.6067988592092615, "f15": -0.31272919428200563, "f16": 1.6564767333230428, "f17": -0.696527760298566, "f18": -1.136309906240107, "f19": -1.2661748489768803, "f2": 1.6734359982585376, "f20": -2.998149366967291, "f21": 2.1725145676051616, "f22": -2.0642485724733097, "f23": 1.7631302040421133, "f24": -2.518278671456064, "f25": 2.0043465798060174, "f26": 1.601675001361496, "f27": -2.8586996196607455, "f28": 2.560388600393731, "f29": 2.4192316277216612, "f3": -1.6452259804264469, "f30": 1.6848342476536535, "f31": 1.1011452490198907, "f32": 2.139357548705169, "f33": -1.9227778010150918, "f34": -0.15604552778767644, "f35": 2.3070898150792303, "f36": -0.9155562179209786, "f37": 1.365383655429464, "f38": 2.5415091409408603, "f39": -1.292623114372327, "f4": 0.17080483755686338, "f40": -1.5558304548048192, "f41": 0.5446430214368938, "f42": -2.410190445088046, "f43": 0.5280567679893746, "f44": 0.013426859447701833, "f45": -2.5716457691425347, "f46": -0.6902859038682756, "f47": 0.23030291989376206, "f48": 0.7704857788759467, "f49": -0.9124997443409462, "f5": 2.6444454763389533, "f50": -1.8454669293384267, "f51": -2.881239455004871, "f52": 2.4006491964056664, "f53": -1.1567290862123052, "f54": 2.833296770579853, "f55": 1.4974985047860212, "f6": -0.06599128190677384, "f7": 2.464513865737759, "f8": 1.7027345320489244, "f9": -2.3426658048896254}, "datetime": {"datetime": "2023-01-23 16:30:11", "elapsed": 2071.686596, "delta": 133.830618}}
