{"target": 0.3536782601413209, "params": {"f0": 0.8130584500159125, "f1": 0.5581047419300447, "f10": 2.7742497855323975, "f11": 0.5537941714632509, "f12": 1.6985972836026948, "f13": 1.0040974473004254, "f14": -1.0993727875597552, "f15": 0.45086488647546713, "f16": -1.979474424988092, "f17": 1.1309300492296026, "f18": -2.391530452231209, "f19": -1.278335680398926, "f2": -2.1501337417641158, "f20": -2.144767682294424, "f21": -1.5383438329719106, "f22": -2.54228451740217, "f23": -1.5753563095424423, "f24": -1.987113207136487, "f25": -0.5898730424752189, "f26": -1.9096673747859259, "f27": -0.9015801304551423, "f28": 2.5665320511210084, "f29": -2.16839399722243, "f3": 2.763457549127122, "f30": 2.5803472380191335, "f31": -0.6643608143080134, "f32": 2.370217911761223, "f33": -2.167075812054478, "f34": 1.8398780691296603, "f35": -2.66599199696267, "f36": -1.922781242800787, "f37": 1.548810047201812, "f38": -0.08415082145611537, "f39": 2.002114641709616, "f4": -2.56674659211869, "f40": 0.22839873336394534, "f41": -2.120390495418522, "f42": -2.099385854445959, "f43": -2.7267227150526363, "f44": -1.3324254450834965, "f45": -0.7207848032452755, "f46": -0.4655321235810451, "f47": 1.916543029913786, "f48": 0.7779251460852876, "f49": 1.9107139691196326, "f5": -0.04563841546299381, "f50": 0.2651239600425792, "f51": 1.3726578693560887, "f52": 0.6974633829378009, "f53": -2.0904651307993403, "f54": 0.5362071000429168, "f55": -0.8624937307351196, "f6": 1.05338182281989, "f7": -1.099356836807318, "f8": -0.1148942442267732, "f9": -0.44429748991568374}, "datetime": {"datetime": "2023-01-24 13:04:03", "elapsed": 6393.934668, "delta": 89.926253}}
{"target": 0.049772583331025404, "params": {"f0": 0.6479757910131537, "f1": 0.4654998605930517, "f10": 2.691631114000792, "f11": 0.6045662260690978, "f12": 1.6321890003120325, "f13": 0.9688717886598679, "f14": -0.8462752614102267, "f15": 0.6593628303618767, "f16": -2.1206011813393455, "f17": 1.404351277386844, "f18": -2.436671704100487, "f19": -1.0731110800753074, "f2": -2.1918812970822183, "f20": -2.184882003089747, "f21": -1.8939908722623355, "f22": -2.4513578948170713, "f23": -1.589969365142047, "f24": -2.0465022057517035, "f25": -0.4650539138736344, "f26": -1.7174101360323049, "f27": -0.8757882951454756, "f28": 2.524097932939047, "f29": -2.34501073632391, "f3": 2.843239152226487, "f30": 2.666598136024315, "f31": -1.0646270645810132, "f32": 2.3672180936449685, "f33": -2.3767974014382713, "f34": 1.968237479971112, "f35": -2.5797795511338055, "f36": -1.7898410226551058, "f37": 1.5312367031815626, "f38": -0.48186485735954965, "f39": 1.577852350778132, "f4": -2.357385125876962, "f40": 0.2527264281633543, "f41": -1.8582214294300532, "f42": -2.1998690148001696, "f43": -2.826363262785135, "f44": -1.8849883718533573, "f45": -0.30472508999551373, "f46": -0.3975774867334803, "f47": 1.9258795787266807, "f48": 0.41078467961900245, "f49": 1.932382423560298, "f5": 0.21663440384890603, "f50": 0.2067737763308546, "f51": 1.7511993330961273, "f52": 0.7219385512798367, "f53": -2.266870363964385, "f54": 0.2007371495210266, "f55": -0.5838045901693696, "f6": 1.1660130962139197, "f7": -1.2499380793067645, "f8": -0.418552492956567, "f9": -0.3844568454761343}, "datetime": {"datetime": "2023-01-24 13:05:55", "elapsed": 6505.07405, "delta": 111.139382}}
{"target": 0.0903366899874057, "params": {"f0": 0.23227508295241828, "f1": 0.8390325088503465, "f10": 1.5437029299654779, "f11": 0.8394958092362246, "f12": 2.8653120723971104, "f13": 1.506376424501673, "f14": -2.146199392660965, "f15": -0.12108510126224259, "f16": -2.555846795736057, "f17": 2.3566693610523703, "f18": -2.391685225084548, "f19": -0.8713638866392142, "f2": -1.3516085730330012, "f20": -2.508060754260425, "f21": -1.7579008449742914, "f22": -2.560961137638643, "f23": -2.362973495243266, "f24": -1.3666724217421176, "f25": -0.05427994210718734, "f26": -2.793981780524671, "f27": -1.595794772324179, "f28": 2.9422993355131797, "f29": -2.009515932259952, "f3": 1.8223084572605779, "f30": 1.7151700241499102, "f31": 0.001441388517026354, "f32": 2.29499303457146, "f33": -2.596640036042094, "f34": 2.5901489922686203, "f35": -1.4244128916216368, "f36": -1.578978638946177, "f37": 0.5699319435318049, "f38": -0.25494683978144805, "f39": 0.17383919352209923, "f4": -2.8751616217044895, "f40": 0.24471829603590245, "f41": -1.060590042376335, "f42": -1.3204344376180903, "f43": -1.5809820664429104, "f44": -1.386870867352328, "f45": 0.4944548105544111, "f46": -0.4690629945791034, "f47": 1.4746858682743902, "f48": -0.4268871458855611, "f49": 2.91038492896471, "f5": -0.9342891969763634, "f50": 1.081768595615741, "f51": 2.1755715574786523, "f52": 0.5717770933404249, "f53": -2.2599921516832597, "f54": 0.5896035068262075, "f55": 0.7055855442708898, "f6": 1.3963887278581324, "f7": -0.5419501905862081, "f8": -0.4026345929937727, "f9": 0.6396810316064714}, "datetime": {"datetime": "2023-01-24 13:05:57", "elapsed": 6507.204217, "delta": 2.130167}}
{"target": 0.3643457539036933, "params": {"f0": 0.1881214041565944, "f1": 0.10853850446613411, "f10": 2.1084340414080236, "f11": -0.06775694462561899, "f12": 0.40827794361979747, "f13": 0.853829120989644, "f14": -0.5905565374956896, "f15": -0.4241482864144066, "f16": -1.4586066591044224, "f17": 0.14933259866265203, "f18": -2.592372460189798, "f19": -2.2908383256995575, "f2": -1.7166181885882, "f20": -1.2184106237678207, "f21": -1.1236626391879763, "f22": -1.556911352935218, "f23": -2.6821117329258857, "f24": -1.6509723677591346, "f25": 0.6783536415484959, "f26": -2.144693344707811, "f27": -1.6069553486819936, "f28": 1.4686567385518006, "f29": -1.2473217276285793, "f3": 2.9340121722815624, "f30": 2.204219245934177, "f31": -1.7065185186493834, "f32": 2.640118208076548, "f33": -2.4565230078046567, "f34": 2.380105067603446, "f35": -2.761944188880565, "f36": -2.7948278948423124, "f37": 0.8977520971919729, "f38": -1.547559858268801, "f39": 0.6604667709076377, "f4": -1.8146709749078591, "f40": 0.351029226540869, "f41": -2.9962326389991127, "f42": -2.72374622168285, "f43": -2.1851393618504344, "f44": -1.2003093847920885, "f45": 0.7011785173920062, "f46": 0.5140733796324872, "f47": 2.981276427612338, "f48": 1.7451532106989116, "f49": 2.5546191163954868, "f5": -1.0079890231033435, "f50": 0.6936725675631479, "f51": 0.7390734400109868, "f52": 1.7556762472155771, "f53": -1.5105526158984517, "f54": -0.5627684313241574, "f55": -1.0353734996529698, "f6": -0.06347237549450847, "f7": -0.8333387504714662, "f8": -0.9642757718754057, "f9": 0.20210093862539047}, "datetime": {"datetime": "2023-01-24 13:06:13", "elapsed": 6523.939284, "delta": 16.735067}}
{"target": 0.2913050049321911, "params": {"f0": 0.8113354311688852, "f1": 0.9980933752338745, "f10": 2.370499039071997, "f11": -0.31986270188479204, "f12": 1.899664868104973, "f13": 0.3000578895873516, "f14": -0.9692073254438098, "f15": 1.6359195666996857, "f16": -1.546769572684666, "f17": 2.413065446881598, "f18": -2.302267873502973, "f19": -1.783553713958978, "f2": -2.6900729644399353, "f20": -1.4425341343937232, "f21": -2.433684453102531, "f22": -1.7201873650629258, "f23": -2.1583592659200566, "f24": -2.3859372666778977, "f25": -0.1960163076350181, "f26": -1.9115462519078215, "f27": -1.1576348646113859, "f28": 2.85766952193201, "f29": -1.988739165624216, "f3": 2.859967255238359, "f30": 2.255157071201962, "f31": -0.48866762042794787, "f32": 2.1966333831401053, "f33": -2.524861625286684, "f34": 2.146899040172624, "f35": -2.838183799587127, "f36": -2.4723448686038054, "f37": 2.33689304281606, "f38": -0.1896475294317408, "f39": 0.5236945503784165, "f4": -2.658585149053117, "f40": -0.28979590009154677, "f41": -0.9328671272535232, "f42": -2.6327931446345105, "f43": -2.5760341860238505, "f44": -1.3519960381944767, "f45": 0.6749682506720387, "f46": -0.7600877565489437, "f47": 0.89329391963228, "f48": 1.0224341818925375, "f49": 0.8318383316285629, "f5": 0.8185667793163263, "f50": 0.9438317671022234, "f51": 0.8731711190173825, "f52": 1.2899122416753417, "f53": -1.3201067262178778, "f54": 0.6322057265037995, "f55": -0.49202510533824095, "f6": 0.32525166762780877, "f7": -0.8919508097798425, "f8": -1.4452585137506702, "f9": -0.20921616260725417}, "datetime": {"datetime": "2023-01-24 13:08:40", "elapsed": 6670.534115, "delta": 146.594831}}
{"target": 0.33351065368934624, "params": {"f0": -0.22370081752708856, "f1": 0.8718488781932272, "f10": 2.2812803211765535, "f11": -0.3218549408904015, "f12": 1.2063922075454734, "f13": 1.9147934953806387, "f14": -1.652789507183678, "f15": 0.0008727769741707081, "f16": -2.253938817565916, "f17": 1.7297269502981512, "f18": -1.9585153008538838, "f19": -0.47968855339371874, "f2": -1.8923263046161058, "f20": -2.982240760163872, "f21": -1.6718186132208148, "f22": -2.539743179776862, "f23": -2.3097843408024135, "f24": -1.1004220416414472, "f25": -1.3188287353028514, "f26": -2.767355679792357, "f27": -1.6545657863326897, "f28": 2.6410366642829466, "f29": -1.3179001630882914, "f3": 2.5926817693704183, "f30": 1.7719118581807367, "f31": -0.7463219829245491, "f32": 2.7164856089431035, "f33": -1.98668989387118, "f34": 1.8590446051448695, "f35": -2.141594277813307, "f36": -1.644527761179906, "f37": 0.7446186446509, "f38": 0.32089137596100215, "f39": 0.6889987923026655, "f4": -1.7231170136387273, "f40": 1.051163813816951, "f41": -2.009732672876297, "f42": -1.2053084620834462, "f43": -2.4884825953487946, "f44": -1.8607361584762265, "f45": -0.42809956860521425, "f46": -0.9974651130989273, "f47": 2.139993331582837, "f48": 1.4165028453785116, "f49": 1.3934729349769095, "f5": 0.20900479976838482, "f50": 0.03648520805365296, "f51": 2.4984607206894447, "f52": 0.7186221558649547, "f53": -1.7429849113138118, "f54": 0.8744222817037148, "f55": -1.3211555075369041, "f6": 0.3056095318831842, "f7": -0.9338334335321132, "f8": -1.4336418352553726, "f9": 0.2211691652223915}, "datetime": {"datetime": "2023-01-24 13:10:10", "elapsed": 6760.083519, "delta": 89.549404}}
{"target": 0.36728956003983115, "params": {"f0": 0.8789697631084024, "f1": -0.03874638656448648, "f10": 2.1535245959265747, "f11": 1.005357349135704, "f12": 2.1658168871263275, "f13": 1.4844267222823717, "f14": -1.2187932294164963, "f15": 0.9344328691147121, "f16": -2.9809701526064565, "f17": 2.1572634564968, "f18": -1.6509585880467215, "f19": -0.44396811657474156, "f2": -1.3710966837113405, "f20": -1.5275496064318077, "f21": -2.635903349126915, "f22": -2.7806286507246454, "f23": -1.379741978812458, "f24": -2.0203566637768877, "f25": -0.8063187161338449, "f26": -1.4140627273675759, "f27": -1.611555047029231, "f28": 2.6470170755074145, "f29": -1.6940205806659259, "f3": 2.267720816619844, "f30": 2.8160389471861267, "f31": -0.9917384650283613, "f32": 1.5447790430669937, "f33": -2.0687398206657477, "f34": 1.8884707344579048, "f35": -2.6658839481315026, "f36": -2.1564867773622374, "f37": 1.1123271232071597, "f38": -1.101635652543347, "f39": 1.799543574885575, "f4": -1.5250446579495782, "f40": 0.7768489184324064, "f41": -1.9705384466025255, "f42": -2.603793168190801, "f43": -2.6994758154542984, "f44": -1.4513712981547833, "f45": 0.2193008527984126, "f46": -1.0512533860138091, "f47": 2.125063660709464, "f48": 1.1196097081660654, "f49": 2.4504225902723444, "f5": -0.6414164543424085, "f50": -0.5464328707672077, "f51": 0.9666122259074756, "f52": 0.21987862191266994, "f53": -2.104801663019439, "f54": 0.6282471081036124, "f55": -0.9951880291310814, "f6": 0.9587650257019396, "f7": -1.2763639838428409, "f8": 0.3710955989578637, "f9": -0.24348362316574756}, "datetime": {"datetime": "2023-01-24 13:11:02", "elapsed": 6812.271927, "delta": 52.188408}}
{"target": 0.07786652575302307, "params": {"f0": 0.3642848894106916, "f1": 0.874095450629418, "f10": 1.910487110652558, "f11": 0.9822643480583935, "f12": 2.0541400296678782, "f13": 1.5062605696310931, "f14": -1.0926553456064347, "f15": 0.4480371955209411, "f16": -2.157961829238924, "f17": 1.8814858674902277, "f18": -1.7681751241778816, "f19": -1.4188575470549933, "f2": -1.6055458842908277, "f20": -1.4382901428759176, "f21": -1.5506953674072954, "f22": -2.2959710309285772, "f23": -1.1577374994940441, "f24": -1.3806900581345458, "f25": -0.234414124183845, "f26": -2.4475124462808915, "f27": -0.1343854944695284, "f28": 2.8449484114234425, "f29": -1.9461501668521788, "f3": 2.053094547028991, "f30": 2.1905699949994517, "f31": -0.5172544429127204, "f32": 2.8313556068911447, "f33": -2.483409271021354, "f34": 2.091659860530686, "f35": -2.508872362082092, "f36": -1.3837288735814013, "f37": 1.9347132188473066, "f38": 0.3541778982580266, "f39": 2.1916752766460665, "f4": -2.01930182408002, "f40": -0.10811821763570761, "f41": -1.6268169962826344, "f42": -2.468376219968431, "f43": -2.829831649955071, "f44": -2.5081203725693597, "f45": 0.176438638046571, "f46": -0.19535645736241625, "f47": 1.098139675249891, "f48": -0.16222729112366674, "f49": 1.4759341700866, "f5": -0.619118133184085, "f50": 0.7516400632051461, "f51": 1.3462812444804846, "f52": 0.4008243114800022, "f53": -2.8727603066369425, "f54": 0.580791735288949, "f55": -0.02641107569902812, "f6": 1.6182364144100523, "f7": -1.182469734676558, "f8": -0.3817654797592658, "f9": -0.6552716015263094}, "datetime": {"datetime": "2023-01-24 13:12:35", "elapsed": 6905.394726, "delta": 93.122799}}
{"target": 0.696751005266308, "params": {"f0": 0.9358942458576613, "f1": 0.02073065073165864, "f10": 2.2150232706981314, "f11": 0.5609874416594149, "f12": 2.280749402490871, "f13": 0.7430458448723106, "f14": -0.21748366840675581, "f15": 1.0941001945875701, "f16": -1.593394709940445, "f17": 1.5970693620578287, "f18": -2.350986198277055, "f19": -0.7189467268509133, "f2": -1.607749952056966, "f20": -1.727452107686069, "f21": -1.9500122844588743, "f22": -2.4790077033511597, "f23": -1.7855078807149551, "f24": -2.024100938271292, "f25": -1.0397051881524975, "f26": -2.4011090585432617, "f27": -0.9527282062315919, "f28": 2.5409472718125485, "f29": -1.6691949660332674, "f3": 2.3067033552608027, "f30": 2.9561815337123045, "f31": -0.5659205592668386, "f32": 1.83761430007993, "f33": -1.8958077806985503, "f34": 2.3331887320828586, "f35": -2.2453629783608733, "f36": -2.0330399544241584, "f37": 1.3467117955972014, "f38": 0.07179819245396502, "f39": 1.8384482547088856, "f4": -2.867212262023888, "f40": 0.19009191580948603, "f41": -1.9010785244722417, "f42": -2.1085388613991483, "f43": -2.926436733597102, "f44": -2.1152514113502283, "f45": 0.04065666178889438, "f46": 0.187410442754828, "f47": 1.8668623211055997, "f48": 0.017627326143720395, "f49": 1.3173767491827, "f5": 0.2472450508600894, "f50": 0.7444868616924978, "f51": 0.9217388802256514, "f52": 0.6302098049808232, "f53": -2.252575141850635, "f54": -0.35354516162789545, "f55": -0.3730526806178911, "f6": 1.3294879224252685, "f7": -1.4011914873671147, "f8": -0.9693470357232572, "f9": -1.0129592736122475}, "datetime": {"datetime": "2023-01-24 13:15:08", "elapsed": 7058.085938, "delta": 152.691212}}
{"target": 0.4783674088485537, "params": {"f0": 0.7283080764950551, "f1": -0.2149623786690441, "f10": 2.4360468531257546, "f11": 0.9593133322379627, "f12": 2.1066357061641012, "f13": 0.13023723917319752, "f14": -0.11495790927253546, "f15": 0.6732661266855431, "f16": -1.0847660580016936, "f17": 1.0519290690276744, "f18": -2.667949781297475, "f19": -0.9367183676178502, "f2": -1.2172935105054747, "f20": -2.095795016182322, "f21": -2.4704756956978025, "f22": -2.08528854828094, "f23": -1.3091177913542584, "f24": -2.073288338877704, "f25": -1.187702239273234, "f26": -2.6755802942429407, "f27": -1.4573991662201278, "f28": 2.0533576861463563, "f29": -1.5687780874025559, "f3": 2.2607456673239135, "f30": 3.092943287511006, "f31": -0.8429931462700058, "f32": 2.2580461681001367, "f33": -1.5804623040207368, "f34": 1.9494791644557599, "f35": -1.7332872013062994, "f36": -2.1211777412444355, "f37": 0.7170525380908486, "f38": 0.29466933292391717, "f39": 1.5537133033996848, "f4": -2.6684910660861862, "f40": 0.707485879268958, "f41": -2.4914360593349065, "f42": -1.6235876381362708, "f43": -2.793271250998606, "f44": -2.3544023061424246, "f45": 0.23455305859150766, "f46": 0.7308325341867549, "f47": 1.6062703066477975, "f48": 0.003916684186500818, "f49": 1.3806158354830385, "f5": -0.3124405562038353, "f50": 1.0553866310241977, "f51": 0.7645439698732048, "f52": 0.7580688967930413, "f53": -2.531268134388634, "f54": -0.09834155499374109, "f55": 0.13055733899571265, "f6": 1.2284008844324468, "f7": -1.1783243946313549, "f8": -1.6091346712472892, "f9": -1.3103800668530508}, "datetime": {"datetime": "2023-01-24 13:16:12", "elapsed": 7122.707802, "delta": 64.621864}}
{"target": 0.3666212482925905, "params": {"f0": 0.6336591068913304, "f1": 0.4322007049346479, "f10": 1.7673942452189149, "f11": 0.34290286775199735, "f12": 1.9371783663289537, "f13": 0.9503083621860482, "f14": 0.12065902495619008, "f15": 0.9805577271954251, "f16": -1.1998438896674228, "f17": 1.190503393317738, "f18": -2.712403172198843, "f19": -0.5469522098989816, "f2": -1.4295542871316367, "f20": -1.381447829004193, "f21": -2.0023249606019693, "f22": -2.544970711765533, "f23": -1.5307475487235025, "f24": -2.309701710145676, "f25": -1.3092929997640885, "f26": -2.2644271924684833, "f27": -1.004456138785529, "f28": 2.2923507862795867, "f29": -1.4451529411492192, "f3": 2.2779516518458776, "f30": 3.0109142681798002, "f31": -0.29756693145368085, "f32": 2.336127029203553, "f33": -2.0578410996835776, "f34": 2.843760789216633, "f35": -2.2863865972837853, "f36": -1.4519004502059332, "f37": 0.8009352404885695, "f38": 0.3874541445015184, "f39": 1.2776146102400112, "f4": -2.5249936339249177, "f40": 0.719192707195482, "f41": -1.489932316223443, "f42": -2.6090613799904454, "f43": -2.3977628367486443, "f44": -2.083299912270602, "f45": 0.4929767082110932, "f46": 0.08906233133896996, "f47": 1.9996265860045774, "f48": 0.3715498496997782, "f49": 1.2363472717995307, "f5": 0.0413242159056621, "f50": 0.366040549391916, "f51": 1.0081633983603386, "f52": 0.19124576451219008, "f53": -2.7463279182744316, "f54": 0.140332279233488, "f55": -0.5360635609218284, "f6": 1.0139528633286436, "f7": -1.4613390915777447, "f8": -1.3251634816679472, "f9": -1.1617042907051705}, "datetime": {"datetime": "2023-01-24 13:17:37", "elapsed": 7207.130921, "delta": 84.423119}}
{"target": 0.2255636881905955, "params": {"f0": 0.9371861401433412, "f1": 0.36777858464135993, "f10": 2.43659290829902, "f11": 1.0242539309387158, "f12": 2.6369717336595064, "f13": 1.1871444082697327, "f14": -0.2383836221341717, "f15": 1.2881453923951074, "f16": -1.1978600862711306, "f17": 1.2307929519145988, "f18": -2.324727108060396, "f19": -0.29861489882527115, "f2": -1.7944533285010142, "f20": -1.5092048200110106, "f21": -1.7063592168626494, "f22": -2.3402342211140335, "f23": -1.3234037722019483, "f24": -1.6327343135883041, "f25": -1.5532888353198404, "f26": -2.34893676775365, "f27": -1.2814384043471612, "f28": 2.3561342686569393, "f29": -2.154878887998199, "f3": 2.41681402395848, "f30": 2.5385314335965363, "f31": -0.8988701448753359, "f32": 1.3525948565073915, "f33": -1.9813780869668105, "f34": 2.8005666568366254, "f35": -2.7037611390782814, "f36": -1.7138493666422496, "f37": 1.8120975416889755, "f38": -0.06477997205347719, "f39": 1.5748448312253496, "f4": -2.290761454662217, "f40": -0.02091104957572648, "f41": -1.6758810272871125, "f42": -1.951538831386787, "f43": -3.04522861694677, "f44": -2.5374248186670942, "f45": 0.3346285766994548, "f46": 0.11553782970681431, "f47": 1.723048418131681, "f48": 0.40440336984683467, "f49": 1.6598295353992136, "f5": 0.18047477243046323, "f50": 0.21364165214655176, "f51": 1.23692734839025, "f52": 0.3148376357869379, "f53": -1.8698708479841708, "f54": -0.6327331400321969, "f55": 0.002881818930021929, "f6": 1.0518287815863387, "f7": -1.0793280045108284, "f8": -1.3576545198790178, "f9": -1.2042482326952175}, "datetime": {"datetime": "2023-01-24 13:19:42", "elapsed": 7332.202004, "delta": 125.071083}}
{"target": 0.23981291888802164, "params": {"f0": 0.6047742493618062, "f1": 0.42183839300423204, "f10": 2.104474269253177, "f11": 0.3029983365660867, "f12": 2.6056958640687715, "f13": 1.0460167846269455, "f14": -0.6245184468514294, "f15": 0.8804678000774842, "f16": -1.6830748932396027, "f17": 1.2218403501886272, "f18": -2.3740358188869823, "f19": -1.0397042334605828, "f2": -1.2540122097042672, "f20": -1.3769774633861251, "f21": -2.2296364148137693, "f22": -2.249509470702423, "f23": -1.8570017109470425, "f24": -1.572945136279292, "f25": -0.8415445330882619, "f26": -2.2294061352986714, "f27": -0.8005708057054944, "f28": 3.000266069191644, "f29": -1.9566512099076177, "f3": 2.2473046139395736, "f30": 2.995850615939858, "f31": -0.12598927781485814, "f32": 1.715583830718223, "f33": -1.8437651688656462, "f34": 1.927191505822306, "f35": -2.717422180100564, "f36": -1.5370784614526483, "f37": 1.4103257955383848, "f38": 0.4207818034200137, "f39": 1.4498866760990494, "f4": -2.8046482231713115, "f40": 0.44816441585191746, "f41": -2.22065486262726, "f42": -2.260645040454999, "f43": -2.547160902460086, "f44": -2.4616718571614267, "f45": 0.5050513271489542, "f46": 0.003475118030737856, "f47": 1.8031275202942554, "f48": -0.04922256886593396, "f49": 1.7689718077108365, "f5": 0.11475644323602258, "f50": 1.1506746516439912, "f51": 1.08233682969456, "f52": 0.3370540368619322, "f53": -2.46485737799358, "f54": -0.03982453135199382, "f55": -0.754263796727491, "f6": 1.6493980433427091, "f7": -1.0762143454340278, "f8": -1.1874432110005233, "f9": -0.7250437520555086}, "datetime": {"datetime": "2023-01-24 13:21:40", "elapsed": 7450.910514, "delta": 118.70851}}
