{"target": 0.20771015206564497, "params": {"f0": 0.51601196436871, "f1": -0.18259406867508793, "f10": 2.314219926499265, "f11": 1.0584402729330153, "f12": 1.8120687711120311, "f13": 0.38463626865821565, "f14": -0.17693172080949504, "f15": 1.1969029311943329, "f16": -1.3362841094214761, "f17": 1.411366119083628, "f18": -1.9621488949941992, "f19": -0.8938697018537803, "f2": -1.2347932368324606, "f20": -1.5088428787793964, "f21": -1.6967550575441932, "f22": -1.9933146868223734, "f23": -1.9119335214426396, "f24": -2.0331045049792884, "f25": -1.4691972161492002, "f26": -2.5744883062333326, "f27": -1.2981490050517832, "f28": 2.949514867177091, "f29": -1.7807769528612853, "f3": 2.2909037963625876, "f30": 2.866756646812117, "f31": -0.24696454749635544, "f32": 1.9952326321110307, "f33": -1.4819148082329927, "f34": 2.617576434547484, "f35": -2.3873806141072227, "f36": -2.089726438079113, "f37": 1.2720412077917653, "f38": -0.13108476683200365, "f39": 1.8940004008943445, "f4": -2.4234243673724905, "f40": -0.06498424856195406, "f41": -2.009081327017121, "f42": -1.9743185246251849, "f43": -3.374899982831686, "f44": -2.295498714653518, "f45": 0.09416770444836575, "f46": -0.0271057155254385, "f47": 2.0992487154806754, "f48": -0.06297027097970026, "f49": 0.940924371185, "f5": -0.074589487186706, "f50": 0.5177698154946468, "f51": 0.7086307369281277, "f52": 0.2821145623175094, "f53": -2.486527116113135, "f54": -0.08195031116385199, "f55": -0.482191622154293, "f6": 1.752013581409022, "f7": -1.4947352350244734, "f8": -0.8140094435011818, "f9": -0.5710519998955389}, "datetime": {"datetime": "2023-01-24 14:37:00", "elapsed": 11970.986365, "delta": 0.902733}}
{"target": 0.09884971876522561, "params": {"f0": 1.1082490079582912, "f1": 0.42385045859189, "f10": 1.9982497431086599, "f11": 0.38294385987883217, "f12": 2.2503744521396194, "f13": 0.9839859703187495, "f14": -0.6771129518513894, "f15": 0.9659269742780785, "f16": -1.437259118475143, "f17": 1.7387516980697773, "f18": -2.0473088290941, "f19": -0.48647249665606507, "f2": -1.5333571979523755, "f20": -1.6925014011787756, "f21": -2.023572070258632, "f22": -2.8018827980754666, "f23": -1.5902138468430471, "f24": -1.7709887301700604, "f25": -0.8479328733700833, "f26": -2.02819612125103, "f27": -0.714329742770006, "f28": 2.728195605853898, "f29": -1.8377445430853863, "f3": 1.950654104089843, "f30": 2.4943395070271794, "f31": -0.5579686154135519, "f32": 1.6817616998665934, "f33": -1.7837600221039291, "f34": 2.4599895374759178, "f35": -1.983075763015512, "f36": -1.9371445894995767, "f37": 1.5818367719412372, "f38": -0.34653111924105706, "f39": 1.5656743631026924, "f4": -2.681358128447762, "f40": 0.25974889327824147, "f41": -2.3275486365286255, "f42": -2.0603372173205368, "f43": -2.635004080506207, "f44": -1.7554083376258602, "f45": 0.35132797006999494, "f46": -0.1658780504782028, "f47": 2.2623767113857127, "f48": -0.29831679902109226, "f49": 1.6333641534412005, "f5": -0.07458632836351275, "f50": 0.4387618185581508, "f51": 0.5265102954445573, "f52": 0.18785063593003593, "f53": -1.7965356352170891, "f54": -0.8061744062776558, "f55": -0.36318055609602495, "f6": 1.077022363036927, "f7": -0.9859984547807694, "f8": -1.1496287814727075, "f9": -0.9978098101880145}, "datetime": {"datetime": "2023-01-24 14:39:48", "elapsed": 12138.239536, "delta": 167.253171}}
{"target": 0.11610221736374762, "params": {"f0": 0.6624446345126852, "f1": 0.17444232057828218, "f10": 2.1436977064739713, "f11": 0.4962081049406589, "f12": 2.365880455174673, "f13": 1.0898147136863197, "f14": -0.6754691774521479, "f15": 0.7939358791430803, "f16": -1.6278557818814121, "f17": 2.035517622525766, "f18": -2.765042514441382, "f19": -0.7453836271425562, "f2": -1.2806435434227081, "f20": -1.6791455228258352, "f21": -2.3406418461537584, "f22": -2.1538451046187737, "f23": -2.1722879031875193, "f24": -2.106735546821462, "f25": -0.9661918163066209, "f26": -2.0131441338395644, "f27": -1.32401366363958, "f28": 3.0077719257042945, "f29": -2.0736989925654594, "f3": 1.856243528914912, "f30": 2.712855756795564, "f31": -0.5867181132623074, "f32": 1.418492957890743, "f33": -2.1649496524943563, "f34": 2.3100989494504076, "f35": -2.6349085692425214, "f36": -2.3002068080142113, "f37": 1.135904107507125, "f38": 0.36771926563604806, "f39": 1.8385708558115175, "f4": -3.089737134440689, "f40": 0.284220062576951, "f41": -1.714727320632115, "f42": -2.2918922227742353, "f43": -3.216882507191664, "f44": -1.8432116153038647, "f45": -0.09331176722613543, "f46": -0.27321581160783637, "f47": 2.2107113907563405, "f48": 0.4098518405891383, "f49": 1.055549200611226, "f5": 0.23898104670817633, "f50": 0.5005766238595886, "f51": 0.8501359100582925, "f52": 1.129066282543476, "f53": -2.3416621372061304, "f54": -0.38347800795360754, "f55": -0.5435069911895083, "f6": 1.4637423915027152, "f7": -1.6841470394190101, "f8": -1.173700392786263, "f9": -1.2470391835764114}, "datetime": {"datetime": "2023-01-24 14:41:28", "elapsed": 12238.558731, "delta": 100.319195}}
{"target": 0.2687630483844419, "params": {"f0": 0.461987982619839, "f1": 0.20097563816340597, "f10": 2.634881897065276, "f11": 0.7256872323651707, "f12": 1.8417952579435473, "f13": 0.27866418956135075, "f14": -0.5941777035460551, "f15": 0.9694366905184769, "f16": -1.2034678671254606, "f17": 1.1671370825936205, "f18": -2.604466774559837, "f19": -0.5140191330881928, "f2": -2.06710610019258, "f20": -2.1420403871391445, "f21": -2.0091096550989196, "f22": -2.8833675465178477, "f23": -2.189798853745887, "f24": -1.697350009117785, "f25": -0.9562046180210113, "f26": -1.9570869256656556, "f27": -0.7725570227653881, "f28": 2.8292547245440605, "f29": -2.0893588681342803, "f3": 1.9017191218795038, "f30": 2.7740584096316248, "f31": -0.642040986763751, "f32": 1.6240927735444728, "f33": -1.5276856478038363, "f34": 2.2556758177213023, "f35": -2.7286774242790033, "f36": -2.34105279475634, "f37": 1.02075848651138, "f38": 0.13563448048515858, "f39": 1.7194742912414762, "f4": -2.6081901994588064, "f40": -0.2823898458282693, "f41": -2.3889721852439756, "f42": -2.3248203539520254, "f43": -2.7760333872473377, "f44": -1.6368187088902562, "f45": -0.2992101416820383, "f46": 0.5519664932810507, "f47": 2.3474770258991393, "f48": -0.36429173728787484, "f49": 1.0935241055194536, "f5": 0.5786869643999312, "f50": 1.1707907279666312, "f51": 1.2214255553561402, "f52": 0.7584140964783318, "f53": -2.070780287587567, "f54": -0.114497043011491, "f55": -0.17469085954274233, "f6": 1.3318708399988457, "f7": -1.6836919571781555, "f8": -0.9724170787863571, "f9": -0.9683174788657312}, "datetime": {"datetime": "2023-01-24 14:42:45", "elapsed": 12315.60164, "delta": 77.042909}}
{"target": 0.31973604762461666, "params": {"f0": 1.130113450975386, "f1": -0.4273189301946699, "f10": 2.227575701321337, "f11": 0.966290721501029, "f12": 2.5988291219881603, "f13": 0.4882886426325024, "f14": -0.201595149108454, "f15": 0.89803011868456, "f16": -1.7502488898037656, "f17": 1.164089154336342, "f18": -1.9396175244031166, "f19": -0.8690494349774848, "f2": -1.7544336460306642, "f20": -1.924376286113893, "f21": -2.28902869749495, "f22": -2.179554709943837, "f23": -1.3801812778272353, "f24": -1.8364151803013167, "f25": -1.2965729087920277, "f26": -2.532097740971879, "f27": -1.0320527525246197, "f28": 2.3560107282415723, "f29": -1.607966935076401, "f3": 2.1941797528331053, "f30": 2.7703268290172254, "f31": -0.21935969219878526, "f32": 1.7707891401926186, "f33": -2.1308609179779143, "f34": 2.0907797142452558, "f35": -2.057562175721208, "f36": -1.7089866546812624, "f37": 0.8484572471094003, "f38": 0.5675997569786926, "f39": 2.063704332700596, "f4": -2.9507647797256427, "f40": 0.10508004649165137, "f41": -1.76135143671967, "f42": -2.56404310997067, "f43": -2.6983064980944667, "f44": -1.9972858775222, "f45": 0.47940876948676003, "f46": 0.5076189840013399, "f47": 1.4148781860786683, "f48": -0.0930755349866006, "f49": 0.8283402133212631, "f5": 0.3598160527508162, "f50": 0.2950511588231557, "f51": 0.9029598435314845, "f52": 0.9344977656128337, "f53": -1.8399773339223318, "f54": -0.005679559467703821, "f55": -0.03922833933762804, "f6": 1.2592455764295025, "f7": -1.2799425707717484, "f8": -1.3335122319092163, "f9": -0.7159878125077729}, "datetime": {"datetime": "2023-01-24 14:43:58", "elapsed": 12388.56142, "delta": 72.95978}}
{"target": 0.08608360729165704, "params": {"f0": 1.1430804063885573, "f1": 0.3869970200639213, "f10": 1.741886146773588, "f11": 0.3813272795662491, "f12": 2.2222647578270682, "f13": 0.8230713154204592, "f14": 0.04070138569660342, "f15": 1.262459568433648, "f16": -1.7287543389679385, "f17": 1.6106783207065805, "f18": -2.7161450841001895, "f19": -1.1076695201282392, "f2": -1.6202059823827777, "f20": -1.6590295300090037, "f21": -2.1369155191773674, "f22": -2.6574186144154233, "f23": -2.1260201092119586, "f24": -1.7187129235426628, "f25": -0.6068118628912692, "f26": -2.5937237880849318, "f27": -1.222110777903641, "f28": 2.432086380642657, "f29": -1.3090800604161856, "f3": 2.269423555362986, "f30": 3.4359982127147406, "f31": -0.5307700225718535, "f32": 1.5478485497154986, "f33": -2.351845774538451, "f34": 2.2014243352392935, "f35": -1.9669614384611855, "f36": -2.4797596327111764, "f37": 1.7536945022905046, "f38": -0.40102668709166633, "f39": 1.6006035576167572, "f4": -2.5080976697397985, "f40": 0.05380967498621625, "f41": -1.435615241405926, "f42": -2.5205566132000086, "f43": -2.8263430978596595, "f44": -1.8662516754448282, "f45": -0.3877511239972846, "f46": 0.554932722958884, "f47": 1.8460026370995712, "f48": -0.3084388928785723, "f49": 1.0475970513082051, "f5": 0.22768237175923434, "f50": 0.326579694903382, "f51": 0.8888081510990643, "f52": 0.7409877949284439, "f53": -1.956226080323825, "f54": -0.2913853916599637, "f55": -0.6289027850132959, "f6": 0.9403284657577067, "f7": -1.3980213816951244, "f8": -0.5828199065075851, "f9": -0.9573745218652946}, "datetime": {"datetime": "2023-01-24 14:44:28", "elapsed": 12418.468881, "delta": 29.907461}}
{"target": 0.19498403796476954, "params": {"f0": 1.258873444593958, "f1": -0.011210332362988018, "f10": 2.1773390377274655, "f11": 0.4110185837607213, "f12": 2.0368322588990706, "f13": 0.9636024410500479, "f14": -0.5904401420463292, "f15": 0.7219252130397317, "f16": -1.7786732548510185, "f17": 1.3408588427555908, "f18": -2.097580821005952, "f19": -0.8616818407088045, "f2": -2.0004241038361883, "f20": -1.7514146717919503, "f21": -1.450441357856177, "f22": -2.4782079765710727, "f23": -2.148853128791256, "f24": -1.6540482840850146, "f25": -1.482149462500892, "f26": -2.601714029181802, "f27": -0.7641664434269284, "f28": 2.1052547471403145, "f29": -1.6560489199773767, "f3": 2.4023192030462397, "f30": 3.1368683618259343, "f31": -0.39658825254400865, "f32": 1.4340734376931525, "f33": -1.818233868449682, "f34": 2.104939806624033, "f35": -2.210714318519821, "f36": -1.8088658042589336, "f37": 1.6972861003940636, "f38": 0.5025748265790314, "f39": 2.058036635464571, "f4": -3.290904499093671, "f40": 0.5331391328343463, "f41": -1.7771538240181504, "f42": -2.4287216263948572, "f43": -2.8264450431318764, "f44": -2.1190546157112236, "f45": -0.12739040578415772, "f46": 0.43773165869718356, "f47": 1.5908128096173755, "f48": 0.46113869774206895, "f49": 1.7447533194204745, "f5": 0.19896838201720302, "f50": 1.1347523992314819, "f51": 1.2037804746355012, "f52": 0.7179681270490116, "f53": -2.728650964108022, "f54": -0.0206133568236464, "f55": -0.7794754110317783, "f6": 1.6852797449628596, "f7": -1.2438194831749079, "f8": -0.9711317898049406, "f9": -0.8092202150876375}, "datetime": {"datetime": "2023-01-24 14:46:19", "elapsed": 12529.335968, "delta": 110.867087}}
{"target": 0.04879824598966373, "params": {"f0": 0.5750317834864801, "f1": 0.47821297009173697, "f10": 2.220144847066137, "f11": 0.9890553653950626, "f12": 2.7369363235830235, "f13": 1.0427835217375958, "f14": -0.5449350957412592, "f15": 1.3233808923837564, "f16": -1.4368996779117595, "f17": 1.8760154778834166, "f18": -2.1296410754321218, "f19": -1.0856288120448403, "f2": -1.4094806949383434, "f20": -1.9379518972772978, "f21": -1.7481684102661863, "f22": -2.227808053721655, "f23": -1.475299851775181, "f24": -1.7134046132561969, "f25": -1.0418958779575216, "f26": -2.0262917211759155, "f27": -0.8792665683674268, "f28": 2.089728230722689, "f29": -2.1052944283985275, "f3": 2.0029907529240782, "f30": 3.0058928404771037, "f31": -0.35796918256701393, "f32": 1.6643020027510067, "f33": -1.7700600621558213, "f34": 1.9240567770723098, "f35": -1.9832903478221897, "f36": -1.6936717626149567, "f37": 1.0828165035268769, "f38": 0.22966567152623685, "f39": 1.7143419513493323, "f4": -2.736741345082623, "f40": -0.08922308655927846, "f41": -1.7489761074366021, "f42": -1.7755013248783147, "f43": -2.9964652813019192, "f44": -2.0997119062970215, "f45": -0.32271582610728866, "f46": 0.13380565672273048, "f47": 1.6537730973993288, "f48": 0.07089593695976382, "f49": 0.9777032820260663, "f5": 0.7059652839097019, "f50": 0.25841822613739984, "f51": 1.0030754874070986, "f52": 1.125543060422503, "f53": -2.3493254885592734, "f54": -0.44829492851849284, "f55": -0.2573090546519311, "f6": 1.5231892138437808, "f7": -1.2144988257764697, "f8": -1.3848231823149542, "f9": -0.8535247515387042}, "datetime": {"datetime": "2023-01-24 14:48:38", "elapsed": 12668.916998, "delta": 139.58103}}
{"target": 0.3084570012191131, "params": {"f0": 0.5184346155456505, "f1": -0.3383214216911377, "f10": 1.9240294920667382, "f11": 0.6273862895688646, "f12": 2.493730801212512, "f13": 0.9168262174700004, "f14": -0.281938425510843, "f15": 1.1115507626783496, "f16": -1.2106973533108343, "f17": 1.2758974756802413, "f18": -2.1395104028384635, "f19": -1.1441674360509946, "f2": -1.1285241508256483, "f20": -1.5680703142404602, "f21": -2.149871741491898, "f22": -2.395100073964698, "f23": -1.4723089099311537, "f24": -1.7431286869391316, "f25": -0.6564180720656508, "f26": -2.539518943013533, "f27": -0.66895190788492, "f28": 2.555409349283466, "f29": -1.8075918554054837, "f3": 1.8095050790958378, "f30": 3.1290751000513866, "f31": -0.2485898611469065, "f32": 1.9188490517993544, "f33": -2.2670762694593396, "f34": 2.7519612540249123, "f35": -1.946383255334684, "f36": -1.95250861394217, "f37": 1.7280269898953553, "f38": 0.11075304179465029, "f39": 1.4193738550381536, "f4": -2.75721851298965, "f40": 0.03768079393431778, "f41": -2.283792231644566, "f42": -1.9756363438638334, "f43": -3.370115103153509, "f44": -2.4290097044791334, "f45": -0.43093817949846913, "f46": -0.21837585576819774, "f47": 1.4466569006699885, "f48": -0.3703842872908531, "f49": 1.7654942834956768, "f5": 0.44729020176869727, "f50": 0.506467645807029, "f51": 1.0788451752259847, "f52": 0.6221260490286311, "f53": -2.6475513734417984, "f54": -0.26580764858414174, "f55": -0.5806781452218615, "f6": 1.4417816879862433, "f7": -1.2978990280234703, "f8": -0.47135115908780945, "f9": -1.187947255640784}, "datetime": {"datetime": "2023-01-24 14:49:44", "elapsed": 12734.726228, "delta": 65.80923}}
{"target": 0.43439743681324783, "params": {"f0": 1.2553768622900776, "f1": 0.20988828361855022, "f10": 1.8891313737183983, "f11": 0.30662264309526976, "f12": 1.7939474772871538, "f13": 0.5073045576393223, "f14": 0.009468088013197207, "f15": 1.142397157978977, "f16": -1.1667113259212478, "f17": 1.7315331449627047, "f18": -2.0751423428920903, "f19": -0.374364083801877, "f2": -1.9389573412356966, "f20": -1.8041441577595843, "f21": -1.831111243495893, "f22": -2.9165978308670395, "f23": -2.2836673224918798, "f24": -2.4571658965516896, "f25": -0.6713658020434354, "f26": -2.2441960891186996, "f27": -1.1091468366132, "f28": 2.5964002490145073, "f29": -1.3386835840080036, "f3": 1.8692778490147837, "f30": 3.34039101042259, "f31": -0.24681989967850737, "f32": 2.179414582248066, "f33": -1.8250087819652476, "f34": 2.1382746822230474, "f35": -2.4100205726478072, "f36": -2.3759939704425044, "f37": 1.5027750603885488, "f38": 0.3434531425037155, "f39": 1.8910171619118255, "f4": -2.6457571114117284, "f40": 0.4986700131518882, "f41": -2.3973699927293923, "f42": -2.562319694400852, "f43": -3.1842963043162937, "f44": -2.5107400147570074, "f45": 0.14219617211643054, "f46": -0.11974125269820579, "f47": 2.0861267807068486, "f48": -0.06453204779521976, "f49": 1.7995906222029143, "f5": 0.6264355899107513, "f50": 0.27658219667959627, "f51": 1.0126083382657143, "f52": 1.0457770166295446, "f53": -2.5788730934386286, "f54": -0.5701656570268573, "f55": -0.7068082216748719, "f6": 1.2486386798893117, "f7": -1.870725662307613, "f8": -1.3916674992303188, "f9": -0.7818744899489068}, "datetime": {"datetime": "2023-01-24 14:51:27", "elapsed": 12837.688112, "delta": 102.961884}}
{"target": 0.37475434141382974, "params": {"f0": 1.4303018265803904, "f1": -0.18719122275042638, "f10": 1.9648212656335788, "f11": 0.5746316869154637, "f12": 1.9983969206047698, "f13": 0.3532179969546416, "f14": -0.3268933484676202, "f15": 1.2685944340038944, "f16": -1.8596722606031997, "f17": 1.4127025270662765, "f18": -2.2660786614440753, "f19": -0.651341652127906, "f2": -1.8236345572494481, "f20": -1.6216333938369347, "f21": -2.36868707505223, "f22": -2.393236267145597, "f23": -1.8003692662510336, "f24": -1.983026530197493, "f25": -0.7455861846655478, "f26": -2.318057166492259, "f27": -0.7302422781294364, "f28": 2.690332279840492, "f29": -2.102805365370568, "f3": 2.1799629580786197, "f30": 2.8354405179131073, "f31": -0.8463111424383857, "f32": 1.7083309553674209, "f33": -2.367375758693499, "f34": 2.6007926390078273, "f35": -2.2580551641980664, "f36": -2.252747429398287, "f37": 0.9793767366786664, "f38": 0.44364029684313, "f39": 1.5942555899166138, "f4": -2.573910890847312, "f40": 0.1624454218292548, "f41": -1.7490285691558856, "f42": -1.760529277450742, "f43": -2.718182661464485, "f44": -2.4951340795037993, "f45": -0.21738580769525895, "f46": -0.24491215010754508, "f47": 2.1841380874685816, "f48": 0.3553940968771515, "f49": 0.9082246500126524, "f5": 0.1595311317326884, "f50": 0.7501650061641627, "f51": 0.5660831278856089, "f52": 0.5476839347494598, "f53": -1.8943920257359785, "f54": -0.7956661533594838, "f55": -0.09949788271577786, "f6": 1.439569816153584, "f7": -0.9963872681453007, "f8": -1.30916987876284, "f9": -1.1369384345134423}, "datetime": {"datetime": "2023-01-24 14:52:15", "elapsed": 12885.403823, "delta": 47.715711}}
{"target": 0.41662123284731256, "params": {"f0": 1.2474250155067366, "f1": -0.1267217068983279, "f10": 1.7775919034968002, "f11": 0.3761118244406606, "f12": 1.8898223389805424, "f13": 1.202492918524608, "f14": -0.3792581875389287, "f15": 1.5826495327015886, "f16": -1.596584754504732, "f17": 1.736043188608214, "f18": -2.836425060725592, "f19": -0.9251946221050339, "f2": -1.3900816815169343, "f20": -1.4819794967311757, "f21": -1.523441002756631, "f22": -2.149698958386834, "f23": -1.7800822366378435, "f24": -1.944417904913347, "f25": -0.7039913074462584, "f26": -2.637903686662444, "f27": -0.6554109779679539, "f28": 2.5685150420787606, "f29": -2.085062245474145, "f3": 1.8858752821166636, "f30": 2.750168187474264, "f31": -0.24778732693251138, "f32": 2.216110030560635, "f33": -2.20371552378115, "f34": 2.413688198307179, "f35": -2.625425268942449, "f36": -2.393485056605955, "f37": 1.8364988493746575, "f38": -0.3316352041944398, "f39": 1.7134498467730062, "f4": -3.300190159114768, "f40": 0.5052754682503223, "f41": -2.0268767524541667, "f42": -2.2415857969389315, "f43": -2.4906405407496552, "f44": -1.866244539742421, "f45": 0.10029116681920214, "f46": 0.07289336215544362, "f47": 1.7906230092979576, "f48": 0.4892948333655659, "f49": 1.3268077440462878, "f5": -0.17311963629583837, "f50": 0.377041741117247, "f51": 1.108166979916729, "f52": 1.0921426651944608, "f53": -2.308845894182927, "f54": 0.11494475997308584, "f55": -0.22002542727636498, "f6": 1.1138388357140618, "f7": -1.7778292045803412, "f8": -1.35944752651496, "f9": -0.604578584293878}, "datetime": {"datetime": "2023-01-24 14:52:16", "elapsed": 12886.538526, "delta": 1.134703}}
{"target": 0.20771015206564497, "params": {"f0": 0.8687707945852388, "f1": -0.024887699024399412, "f10": 2.3701743933246178, "f11": 0.8860047391972978, "f12": 2.0168821909716574, "f13": 1.0344987401426489, "f14": -0.10067090373574727, "f15": 1.5486015553290482, "f16": -1.9059911453694651, "f17": 1.6835853784852928, "f18": -2.7904918076098983, "f19": -1.1386360923742709, "f2": -1.6615750640348996, "f20": -2.0562009620241306, "f21": -1.6719285563319768, "f22": -2.508460919859674, "f23": -2.243474636548578, "f24": -2.4570487438493345, "f25": -1.4938862943658444, "f26": -2.8700328299625832, "f27": -0.8404070934731914, "f28": 2.4282642696933965, "f29": -2.028848061219856, "f3": 1.9962260900868123, "f30": 3.008610223250941, "f31": -0.31226608676692125, "f32": 2.270691425686276, "f33": -1.4900423449481914, "f34": 2.6368530298322823, "f35": -2.630555062470928, "f36": -2.0224808669511716, "f37": 1.2944872395133298, "f38": 0.29421615182216676, "f39": 1.5510038748430315, "f4": -2.549189578027737, "f40": -0.04498950829282822, "f41": -1.7171899965529271, "f42": -2.4160421451817577, "f43": -2.818533157969101, "f44": -2.1488993824684783, "f45": 0.3167386421283759, "f46": -0.0013069219941813648, "f47": 1.7561366781583432, "f48": 0.3177545582374761, "f49": 1.2499319863438976, "f5": 0.1991671278539341, "f50": 0.42673536555856406, "f51": 0.6820429992180848, "f52": 0.5242404168752102, "f53": -2.272353637464111, "f54": -0.04413145232367244, "f55": -0.04191876993738297, "f6": 1.3596030977884088, "f7": -1.4717848507225755, "f8": -0.6002369451410803, "f9": -0.9957204188113967}, "datetime": {"datetime": "2023-01-24 14:52:17", "elapsed": 12887.243838, "delta": 0.705312}}
