{"target": 0.14668846886374678, "params": {"f0": -2.1321191266127486, "f1": -2.256938361950916, "f10": 0.270164121899791, "f11": -0.29629813671618743, "f12": -0.5871696950851106, "f13": 0.24403164566016144, "f14": 0.04345481976024912, "f15": -0.5649358181561928, "f16": -1.0672336800620617, "f17": -2.3059891152522605, "f18": -0.8784283034769174, "f19": -0.9596955434979182, "f2": 1.4541925288909354, "f20": 1.404548191473915, "f21": 0.5822953698097262, "f22": 2.3688807521121777, "f23": -0.08093008123136025, "f24": 2.66830485518701, "f25": 2.9585407694982724, "f26": 1.8099118603676505, "f27": -2.9160363356331045, "f28": 2.2402048131121566, "f29": -1.3265825501700974, "f3": -0.7015057442256083, "f30": -2.8549310203920784, "f31": 0.09476706938756507, "f32": 2.041292466266407, "f33": 1.3604065646278363, "f34": -0.9472435813659237, "f35": -2.0065111753264846, "f36": 1.619214678072332, "f37": 1.1756862963740558, "f38": 2.568697839216564, "f39": 2.283059407200833, "f4": 0.27978523265748834, "f40": 0.8053403671380708, "f41": -2.0136732468772363, "f42": -2.6230226160660273, "f43": -0.39520243319149184, "f44": 1.1787726711095106, "f45": 1.19361260080625, "f46": -0.7887650806824449, "f47": 1.4753517703555135, "f48": 0.9530624180643832, "f49": 0.6024128314824866, "f5": -2.0981272343542665, "f50": 0.9578542315810594, "f51": -0.2556115247171564, "f52": 2.5189156710488785, "f53": -2.076672041416021, "f54": 1.1855296687150334, "f55": 0.025000488953860867, "f6": 2.668840549910369, "f7": 0.6423433201035804, "f8": 2.714630782193539, "f9": -0.35830674641562954}, "datetime": {"datetime": "2023-01-24 12:51:08", "elapsed": 5618.019206, "delta": 19.451036}}
{"target": 0.28059116493060154, "params": {"f0": -2.620324689441988, "f1": 2.1243704269980617, "f10": 1.873244157487382, "f11": -1.9213276594564428, "f12": 1.2760263817699808, "f13": 1.5827982011977273, "f14": -2.212738090325155, "f15": 1.6889507302240023, "f16": 1.3657687112171217, "f17": -1.035028436759184, "f18": 2.155046536650646, "f19": -1.1818600882216554, "f2": -2.081739773305854, "f20": 1.4691694875775596, "f21": -0.42176605856989635, "f22": 0.9169336168864968, "f23": 1.3532717611003946, "f24": 0.1156638285756122, "f25": 1.658519217149017, "f26": -1.0780829257049307, "f27": -1.6956902250128794, "f28": -0.5083807497093784, "f29": 1.57839000567816, "f3": -2.4497640942328425, "f30": -2.227118180110601, "f31": -0.8954937727574928, "f32": -1.0184933334777708, "f33": 0.9732501143542471, "f34": -2.609464845477256, "f35": -2.2181058282916335, "f36": -1.8968186382371859, "f37": 2.8543397211785164, "f38": 1.2985668834856003, "f39": 2.360819702893231, "f4": -1.9982500119516964, "f40": 1.0171550637946796, "f41": -1.0902177019289678, "f42": 0.2977107937575769, "f43": 1.582352411579886, "f44": -0.9883835914128882, "f45": -0.2633756239486207, "f46": -0.7417537505136842, "f47": 0.36383045066273567, "f48": -0.5864242862680715, "f49": 2.06053162078278, "f5": -0.10219284864825262, "f50": -1.8310038060326466, "f51": 0.7858106622795846, "f52": 1.7240488428301655, "f53": -0.48841983298598013, "f54": 1.1389166101926866, "f55": -0.9749466189640845, "f6": -1.9971463909311824, "f7": 1.8934465673341956, "f8": -2.5195754776333437, "f9": 0.9294774694959558}, "datetime": {"datetime": "2023-01-24 12:51:39", "elapsed": 5649.294144, "delta": 31.274938}}
{"target": 0.45887922489375615, "params": {"f0": 2.0446644815067714, "f1": 2.1610196784615106, "f10": 0.8849075148198362, "f11": 0.37611655417046475, "f12": 2.1642181478675218, "f13": 0.16263478950624943, "f14": -1.460739075137568, "f15": -1.8611971848234563, "f16": -1.1711722983283044, "f17": 0.3540990433599527, "f18": 2.3325338699368023, "f19": -0.9770202796863288, "f2": 2.6846215241255695, "f20": -2.0300516944669917, "f21": 0.6822604392494256, "f22": 2.1328450390868534, "f23": 2.0045288732621085, "f24": -2.5716093620136107, "f25": -0.002753695250929944, "f26": 1.068438361316141, "f27": -1.0295443523046615, "f28": -2.7307709183239957, "f29": -1.7179992225197984, "f3": 2.6331346551395383, "f30": -1.274375769245789, "f31": -1.3421695436991767, "f32": 1.335119366064947, "f33": 1.5742687662798156, "f34": -1.8464124633328356, "f35": -1.4773341832157831, "f36": -2.4625811970465534, "f37": -0.02789653895625266, "f38": 2.847141700657051, "f39": -1.0922472750585188, "f4": 1.031491086701413, "f40": -1.924019150250087, "f41": -2.744158977840014, "f42": 2.539414091317223, "f43": 0.18590994051765186, "f44": -0.4746760501231879, "f45": -0.24006870408923264, "f46": -2.594099369387168, "f47": 2.8800140235161438, "f48": 1.102354359804397, "f49": 1.9573167664543787, "f5": 0.8403742627456312, "f50": 0.7168603185321487, "f51": -2.7900834553976024, "f52": -0.042245703589673056, "f53": -1.4470777332319338, "f54": 2.8827716194074853, "f55": 2.1358656878258637, "f6": 2.6181916827875256, "f7": -0.7832466750764322, "f8": -2.7609011486239066, "f9": -1.0815302688934525}, "datetime": {"datetime": "2023-01-24 12:52:43", "elapsed": 5713.710675, "delta": 64.416531}}
{"target": 0.14509530837715667, "params": {"f0": 1.5462390108145385, "f1": 1.9677501257294718, "f10": -0.19995970070630253, "f11": 1.6246718051468898, "f12": 0.5570257920271726, "f13": 2.7137216470865226, "f14": -2.434070123675684, "f15": -0.39859708668917193, "f16": 2.9453170383605567, "f17": 2.5879973284063373, "f18": -2.4345692955734277, "f19": 0.14912953594917733, "f2": 2.8251884538081065, "f20": 1.5636942120771913, "f21": 0.2909750731391765, "f22": 0.7687752311664262, "f23": 0.5388181510289751, "f24": 0.5119659928578635, "f25": -0.3171413371281693, "f26": -2.7912941329794663, "f27": -0.025521462749026558, "f28": -1.7543575553986397, "f29": 1.237902371462173, "f3": -2.445701711830238, "f30": 0.4803586496095087, "f31": 1.027864023390178, "f32": -2.2122695610253786, "f33": 1.7621865875678964, "f34": 0.9138279477946503, "f35": 1.3276481919379144, "f36": -2.7200668985851992, "f37": -2.0987772410299916, "f38": 2.08205893061674, "f39": 2.4690764793431104, "f4": -0.554476322067297, "f40": -1.31061896995623, "f41": -0.626483481105816, "f42": -2.1412567215179346, "f43": 1.4400992627264815, "f44": -0.8942607244100707, "f45": 1.0887405283164595, "f46": -0.5972931823437708, "f47": -1.451165250876257, "f48": -1.0895547978605198, "f49": -0.3998283769951154, "f5": -1.736576200098507, "f50": 1.4335680622783125, "f51": 0.7800833691194091, "f52": 0.6077956791997021, "f53": 1.886771842045965, "f54": -2.19558416220855, "f55": -2.0741476296998815, "f6": -1.5450887546120942, "f7": 2.1150850406985233, "f8": 1.932505678874647, "f9": -1.8887037951910353}, "datetime": {"datetime": "2023-01-24 12:53:25", "elapsed": 5755.8662, "delta": 42.155525}}
{"target": 0.1951024034370043, "params": {"f0": -1.9762353797241086, "f1": 1.1671191360218494, "f10": 0.38643696914378545, "f11": 0.5509141231618688, "f12": -0.8550414406104556, "f13": -0.004281154274169641, "f14": 0.4984549310383124, "f15": 0.6450218653796469, "f16": -0.0696825404543926, "f17": -0.35361028614606305, "f18": 2.6047991281295246, "f19": 0.7019262863783462, "f2": 2.559267213987088, "f20": 2.7027336973026426, "f21": -0.5325150129516865, "f22": 2.644788760471056, "f23": -1.0741421339718245, "f24": -0.15053798965591092, "f25": 0.9089768369954836, "f26": -1.3377443388448629, "f27": 1.1827689621021493, "f28": 2.779783721060899, "f29": -0.28400722934049893, "f3": 1.4412188287169263, "f30": -1.8808409235028551, "f31": 0.7645355417622932, "f32": -1.283141129510981, "f33": 1.3311717993634824, "f34": 1.6758996040662746, "f35": 1.821569266210652, "f36": 1.9891616241088936, "f37": -0.061592331376740805, "f38": 0.945694856910098, "f39": -2.6287005670388206, "f4": 0.18327710470681913, "f40": -0.4522587647126355, "f41": -2.540580430349934, "f42": 1.2579499337060964, "f43": -1.6244319404536196, "f44": 0.5854489030320766, "f45": 1.1698073959555684, "f46": 2.806245337587768, "f47": 0.7612916947741923, "f48": 0.8870753739806778, "f49": 1.7253179446257594, "f5": 0.45428188387826784, "f50": 2.7012612562478235, "f51": 1.5339317744265522, "f52": 2.069469984875136, "f53": 1.9006195144989775, "f54": 1.554153910685785, "f55": -1.1119061908232561, "f6": -1.6510247663101207, "f7": 1.9898652226238989, "f8": -0.6351113129387302, "f9": -0.9113880428048602}, "datetime": {"datetime": "2023-01-24 12:53:58", "elapsed": 5788.64882, "delta": 32.78262}}
{"target": 0.0782494333209832, "params": {"f0": -1.3952713949187006, "f1": -2.9169264602874416, "f10": 2.843804097310894, "f11": 1.1128055269595878, "f12": -1.413276473693097, "f13": 1.8728476323251044, "f14": -1.8374076490446865, "f15": -2.9425493668404235, "f16": 0.8209442914981695, "f17": -2.8189332028201557, "f18": 1.2632023640333276, "f19": -2.578470189036013, "f2": 2.0106904574705915, "f20": 0.8570021661323128, "f21": 0.8255395148664215, "f22": -0.7198215245792898, "f23": 1.1508414775154883, "f24": -1.3420245190233697, "f25": 0.28679437814471864, "f26": -2.4516292378572153, "f27": -1.7241573406933168, "f28": -0.9294980949853979, "f29": 2.8774853902639306, "f3": -1.1603823581373913, "f30": 2.8889116396785113, "f31": 0.6947788470091183, "f32": 2.9893546225180083, "f33": -1.009283634972409, "f34": 0.5216598501911358, "f35": 2.500021340673329, "f36": 1.8670964823949916, "f37": -0.23030580665738887, "f38": -2.1797331866733325, "f39": 1.8813629220141257, "f4": -0.9210035696063574, "f40": 1.672063167773321, "f41": -2.674627098373495, "f42": 1.1049423717160662, "f43": 1.5071344424684172, "f44": -1.5034096116088937, "f45": 2.9647121775649, "f46": 1.2531174201516286, "f47": -0.804295837790769, "f48": -1.1707052578560082, "f49": -1.5430390392897668, "f5": 1.5833320893976053, "f50": -2.6861754015281245, "f51": 0.8016435884335014, "f52": 2.6453767612054646, "f53": -1.1823297194652798, "f54": 0.9771163232987092, "f55": -0.09574210205573408, "f6": 1.5980556568851476, "f7": 2.8166831716154785, "f8": 1.599428674975682, "f9": -0.28594983042662303}, "datetime": {"datetime": "2023-01-24 12:55:10", "elapsed": 5860.824887, "delta": 72.176067}}
{"target": 0.30540486489444046, "params": {"f0": 2.7711966626087055, "f1": -1.40173609712822, "f10": -0.38846870498948327, "f11": 0.8498270420416567, "f12": 2.703647977500422, "f13": 1.0742642441936763, "f14": 2.368060338586167, "f15": -0.1041102318287157, "f16": 2.989360083623678, "f17": 2.112781426670894, "f18": -1.7769945269086993, "f19": 0.44145101676602305, "f2": 1.0305056064633247, "f20": 2.476690021454365, "f21": 0.358993823235382, "f22": 0.799240148067847, "f23": 1.1453812838844657, "f24": -0.42200866780224455, "f25": -2.4720286220247725, "f26": -0.3447849720847138, "f27": 2.019293602359456, "f28": -2.499806518307107, "f29": -1.192999638568098, "f3": 0.4759440878365351, "f30": 0.1577330917806563, "f31": -1.9326157153215238, "f32": -1.7060855030575128, "f33": -0.6622400512643329, "f34": 1.9491268044059895, "f35": -2.2354395830243368, "f36": -0.8671973541439368, "f37": 0.1271462841637101, "f38": -2.8348892669104497, "f39": -1.55221582739345, "f4": -1.067941959243424, "f40": -1.4288395868598267, "f41": -0.6821050940499456, "f42": 2.995249598644321, "f43": 2.523790269213844, "f44": -1.256591376700252, "f45": -2.2087742400334074, "f46": 2.7939018003404437, "f47": -0.8695087577749838, "f48": -2.079998627650121, "f49": 0.18906759336152934, "f5": 2.834352053763623, "f50": 2.2806748537000114, "f51": 0.5086954904573009, "f52": -1.8731743832991803, "f53": -2.1623084035723297, "f54": -0.07229527852609285, "f55": -1.6032460782028086, "f6": 1.3378250767026678, "f7": 1.5536473027343503, "f8": -0.7932025599746995, "f9": 1.1639522476138158}, "datetime": {"datetime": "2023-01-24 12:55:50", "elapsed": 5900.667426, "delta": 39.842539}}
{"target": 0.46603137558523766, "params": {"f0": -1.4615889119394525, "f1": 1.2750890579331644, "f10": -0.8452112295799101, "f11": -1.190759938362271, "f12": -2.2944517649971825, "f13": 0.5378708634835023, "f14": -0.806591376278297, "f15": -2.2455439962280694, "f16": 2.843106565644441, "f17": -1.3987138436137458, "f18": -1.6003774881857988, "f19": 0.8046247025126156, "f2": 1.6104567477922052, "f20": -0.7767601707600349, "f21": -0.48207394559356986, "f22": -2.3806984605840436, "f23": -0.7144192355690553, "f24": -1.3991944864303063, "f25": 1.5639677470073572, "f26": -2.6553961005140665, "f27": 0.43572917436662717, "f28": 2.372190099581374, "f29": -2.5559088098852683, "f3": -0.022764370195071493, "f30": -0.7776214355257727, "f31": 0.6516099733685836, "f32": -0.292124570738888, "f33": -2.7941264202416454, "f34": -1.2529478606821807, "f35": 1.3173282840484317, "f36": -1.359333088080208, "f37": -0.8511989221537641, "f38": -1.423940953659478, "f39": -1.5710936764802184, "f4": -1.806877103252199, "f40": -0.9427228128082152, "f41": 0.6115806267768948, "f42": 1.2503036734286237, "f43": -0.13082512711600902, "f44": 1.0119979415701277, "f45": 0.8615617037974332, "f46": 2.3981116864504166, "f47": 0.4075319437774696, "f48": 0.12255323409828067, "f49": -2.8878602427934403, "f5": 2.6571527635876837, "f50": -1.9235010470846516, "f51": 2.920701465470459, "f52": -0.3923689911904935, "f53": -0.07959389285003216, "f54": 2.324889390221366, "f55": -2.1501619672796366, "f6": -2.2508436936458747, "f7": 1.359465245254679, "f8": -0.3548731756159955, "f9": -2.625647627066248}, "datetime": {"datetime": "2023-01-24 12:56:41", "elapsed": 5951.329068, "delta": 50.661642}}
{"target": 0.20667929232950938, "params": {"f0": 2.7948499128173205, "f1": -2.338087297397789, "f10": 2.6633142641508947, "f11": -1.7599421959465202, "f12": -0.2737318719866071, "f13": 1.4222219777517386, "f14": 1.3185880303483604, "f15": 0.8558463469555004, "f16": 2.3443961146108823, "f17": 2.494315503657707, "f18": -1.416084570316992, "f19": 2.843789991121046, "f2": -2.067001567605852, "f20": -1.9861418906471229, "f21": -0.17511823666039827, "f22": 2.6278096238726354, "f23": 1.0032863614359346, "f24": 1.5836120332681212, "f25": -1.4183725902896782, "f26": -0.37975179603683884, "f27": 2.0911770921825763, "f28": -0.2751302293586537, "f29": 1.9874583380919315, "f3": 2.3610278759503807, "f30": 1.5976338438089508, "f31": 0.34257373642876177, "f32": 0.7283451375360173, "f33": 0.47726150570085846, "f34": -2.063938149770204, "f35": -0.8845440683760799, "f36": 2.0703041000844795, "f37": 0.7819001871086351, "f38": -2.8562291525361054, "f39": 2.591611383626903, "f4": -0.8911441828678539, "f40": 2.623709049000235, "f41": 2.3060371225665826, "f42": -0.3795172585864144, "f43": 1.2809067081616963, "f44": -2.6728849674669455, "f45": 1.4277892293550867, "f46": 0.12714894741424398, "f47": 2.6152934852108434, "f48": 2.595555692015771, "f49": 1.6965938256578559, "f5": 2.9551812739224204, "f50": 1.3892135523105988, "f51": -0.23422207802871275, "f52": -0.5729345852036305, "f53": -1.3489561936875458, "f54": 1.9885403795717629, "f55": 1.9078804643216696, "f6": -1.7618302072950385, "f7": 0.18640310719029873, "f8": 2.9184561587939832, "f9": -2.42171403653622}, "datetime": {"datetime": "2023-01-24 12:57:44", "elapsed": 6014.982574, "delta": 63.653506}}
{"target": 0.2996691868681181, "params": {"f0": 0.661656327998029, "f1": 2.8629909014167882, "f10": 2.8441881875545194, "f11": -1.2310964482154299, "f12": 2.5310158386601422, "f13": -0.7679695246134131, "f14": 1.7938915961699564, "f15": -0.2889957046578937, "f16": -1.54847165406597, "f17": 1.83015715550144, "f18": -0.847920183051798, "f19": -1.7347318185184901, "f2": -1.8427614487113089, "f20": 1.3769249199059708, "f21": -2.0192060705924044, "f22": -1.0744905371963402, "f23": -2.409025356423843, "f24": -1.7379390105723902, "f25": 0.45494679971651486, "f26": -1.2683704871337806, "f27": 0.5081914194461632, "f28": 2.805008836083081, "f29": -2.4900041173044754, "f3": 2.9983783804572806, "f30": 0.024549389546907996, "f31": 0.9002439591477591, "f32": 1.2673593462992994, "f33": -0.04813311000907783, "f34": -0.47452873102893545, "f35": -2.1496391629959577, "f36": -2.230937044411745, "f37": 1.9377695617620159, "f38": 0.8447271092106026, "f39": 1.1390430809822432, "f4": -0.2594722971557868, "f40": -0.733362704674251, "f41": -0.5494428755000689, "f42": -2.5514433281510582, "f43": 0.5679652248213536, "f44": 1.923346137772863, "f45": -1.3569832311696515, "f46": -0.9115748874217937, "f47": 0.6912041637998785, "f48": 2.3293081629342414, "f49": 2.027912594785974, "f5": -2.0124520241731965, "f50": 2.044522635550493, "f51": -0.7408542197103305, "f52": -1.7699575308903985, "f53": -2.674651781927174, "f54": 1.1036504654367754, "f55": 1.414973489861941, "f6": 0.874150821070911, "f7": 1.3452541596399321, "f8": -1.994440019313695, "f9": -1.774765143567624}, "datetime": {"datetime": "2023-01-24 12:58:55", "elapsed": 6085.315023, "delta": 70.332449}}
{"target": 0.23007361866249182, "params": {"f0": 2.278157835156112, "f1": -0.632665570938822, "f10": 2.0571605842441043, "f11": -0.9843569628496075, "f12": 2.7721817522592285, "f13": 1.6806437026004124, "f14": -1.424629228220048, "f15": 0.1552550430556605, "f16": -1.9757137389040562, "f17": -0.1678553944314175, "f18": -1.8329124386411377, "f19": -2.104130955748838, "f2": -1.65507796613242, "f20": -2.0467894764396704, "f21": -1.077693275711902, "f22": -2.69418716326578, "f23": -1.2916261728601455, "f24": -1.1751860997647938, "f25": -0.7246292899090063, "f26": -0.4477446619190659, "f27": -1.4465076915364004, "f28": 1.9378318674443917, "f29": -1.4633449706181902, "f3": 2.1278010424853133, "f30": 1.2956429098736177, "f31": -1.6256310139480175, "f32": 2.12145052371949, "f33": -0.7990659408921323, "f34": 1.3841456663752252, "f35": -2.9507237382884943, "f36": -1.550399441478233, "f37": 2.7804900905467687, "f38": 1.7617526132244827, "f39": 2.5438021786610854, "f4": -2.5182727183789537, "f40": 0.8065900186753678, "f41": -2.652209572577297, "f42": -0.4642931482716257, "f43": -2.6950766820896677, "f44": -0.9541398751563253, "f45": -2.119273485293767, "f46": -0.6568181092240502, "f47": 2.1680734815288183, "f48": 0.6207452413593937, "f49": 1.6304870324665082, "f5": -0.06554693064677686, "f50": -0.08471829667065434, "f51": 1.2556334369253936, "f52": 2.2163425070265093, "f53": -0.6409555625497849, "f54": 0.2529156304515716, "f55": -2.4333119554217566, "f6": 1.4520022398987256, "f7": -2.4303153840525633, "f8": -0.013865616778660605, "f9": -0.23287101194401894}, "datetime": {"datetime": "2023-01-24 13:00:28", "elapsed": 6178.462983, "delta": 93.14796}}
{"target": 0.2198871305502888, "params": {"f0": -0.02643665201005896, "f1": 0.13428219605018565, "f10": 1.9890132498401274, "f11": -0.30275726333464914, "f12": 2.544834860059248, "f13": 0.8127629863298449, "f14": -2.2740565464759106, "f15": 0.791257362663627, "f16": -2.6740221088147518, "f17": 2.9554896317495896, "f18": -2.004075697906488, "f19": 0.6084824080508398, "f2": -1.071078785499787, "f20": -1.2710147631791666, "f21": -1.5290011431029638, "f22": -1.7915474257400563, "f23": -0.39986841551243835, "f24": -1.5438578190449481, "f25": -0.44195655743030615, "f26": -1.0674353853517493, "f27": -0.02402875167953722, "f28": 1.8878497217845147, "f29": -2.51406090592576, "f3": 2.6058947633679006, "f30": 2.642970008688005, "f31": -1.5444997472307438, "f32": 2.066595990141646, "f33": -1.7592428052227467, "f34": 1.5823525360406991, "f35": -2.219386920095879, "f36": -1.226472458832475, "f37": 1.2899992499160056, "f38": -0.18886497877312713, "f39": -0.0021255209955549637, "f4": -2.6021644415868983, "f40": 0.7600288733570162, "f41": -1.752609054433219, "f42": -1.7404168966759048, "f43": -2.5068187037571037, "f44": -2.257948584560506, "f45": -1.8453871340481314, "f46": -0.4721607412775448, "f47": 0.9419220148380412, "f48": -0.9732616686612204, "f49": 2.518119717512068, "f5": 1.7579657732012253, "f50": -1.2640901119181995, "f51": -0.017120359268701035, "f52": -0.06756837037821462, "f53": -2.7780927841453145, "f54": 0.5318585312027193, "f55": -1.2550079591366174, "f6": 2.2730824987855214, "f7": -0.6727867751382837, "f8": -1.6303120115731131, "f9": 0.25820122133247825}, "datetime": {"datetime": "2023-01-24 13:01:50", "elapsed": 6260.570634, "delta": 82.107651}}
{"target": 0.21461017184476497, "params": {"f0": 0.9325761413794251, "f1": -0.07098060698476605, "f10": 1.9577774930579896, "f11": 0.0434733176675457, "f12": 2.1407031110466006, "f13": 1.2326838362989336, "f14": 0.2728012339816561, "f15": 1.397228436924913, "f16": -2.7147157904781527, "f17": 0.7985271581184181, "f18": -2.1495040315277345, "f19": -1.1257459472542088, "f2": -2.5671935530147234, "f20": -2.1650161052261483, "f21": -2.706635816203361, "f22": -2.38948181337374, "f23": -1.2568976067858657, "f24": -1.9505598829350368, "f25": 0.8490673207779227, "f26": -0.1949385589689947, "f27": -1.1940682595253695, "f28": 1.7928630824487526, "f29": -2.425820757251529, "f3": 2.7746298319810845, "f30": 1.8504325603818252, "f31": -2.7217629533864454, "f32": 2.5153729009957946, "f33": -2.0596995326301446, "f34": 1.4397683315684744, "f35": -2.414963207554112, "f36": -1.4488833393900133, "f37": 2.3666691543137093, "f38": -0.4880323924143053, "f39": -0.20665024597661838, "f4": -1.1577122837735363, "f40": 0.3322372805414253, "f41": -1.2540529127096705, "f42": -1.5527728965279899, "f43": -2.711743988919057, "f44": -2.8287873016829055, "f45": 0.4360147633083198, "f46": -0.662945357242898, "f47": 1.874924513215673, "f48": -0.22195724657884153, "f49": 1.272466546339503, "f5": 0.3730913469085071, "f50": 0.5497326857227989, "f51": 2.8103471460328215, "f52": 2.424864850481304, "f53": -2.227790292051158, "f54": -0.7912895256834949, "f55": -0.42383678511765144, "f6": 1.8518537785341516, "f7": -2.1107695354221447, "f8": -2.1111942826274337, "f9": 0.0061972220392707555}, "datetime": {"datetime": "2023-01-24 13:02:33", "elapsed": 6304.008415, "delta": 43.437781}}
