{"target": 0.2467922257673422, "params": {"f0": 1.528978544484195, "f1": -0.8965005762914302, "f10": 2.3152765120100627, "f11": -0.5505784997307179, "f12": -2.2724585819748038, "f13": 2.692015352846443, "f14": 0.6210525119461949, "f15": 2.4615124665257015, "f16": -0.5538519862180822, "f17": -0.5299201357459147, "f18": -1.4454086188121587, "f19": -1.4582767962462235, "f2": 1.4453135230902667, "f20": 0.820401028944608, "f21": -2.4522051491777734, "f22": 2.0892950519183566, "f23": -1.8192849278149008, "f24": 2.2532895573137903, "f25": 2.0544552871397315, "f26": 1.9749812668632591, "f27": 2.6786265073751334, "f28": 0.8684496063932561, "f29": 1.8795343759906231, "f3": 2.72066337359506, "f30": -2.8734984514230844, "f31": -2.5847590745302647, "f32": -1.1375406489489694, "f33": 1.3003039705399608, "f34": -2.1291599272349018, "f35": 0.38904917620498214, "f36": -0.9304747751123554, "f37": 0.5302706926229304, "f38": 1.6459823001359615, "f39": 2.435373650485049, "f4": 2.7128417248700716, "f40": 0.7911816354170798, "f41": -1.0440677843200599, "f42": 1.2091151218097629, "f43": 0.4804379333006308, "f44": -2.055514030094119, "f45": 2.3930594561752514, "f46": 0.21911645249116196, "f47": 0.13042077862248425, "f48": 2.1256625394257043, "f49": -2.6478331575858034, "f5": -2.836927218606301, "f50": 2.244017306215019, "f51": -1.6121979403901063, "f52": -2.7133562175667354, "f53": 2.919152643595078, "f54": -0.41588591087613125, "f55": 0.10093200151875958, "f6": 1.0041255845765011, "f7": -0.3189799449381616, "f8": 1.2369315756614636, "f9": 0.7581029118247349}, "datetime": {"datetime": "2023-01-24 11:58:29", "elapsed": 2459.30443, "delta": 18.343475}}
{"target": 0.16788894130593837, "params": {"f0": 1.5908264189630295, "f1": 0.7410287686712009, "f10": -2.993575710496078, "f11": -1.0362955592070124, "f12": 2.7726365982524666, "f13": 1.7142516485810377, "f14": 0.6951727428968191, "f15": 2.514441582920198, "f16": -0.6699884543715848, "f17": 1.7793447503897681, "f18": -0.9690742791866889, "f19": 2.975138448879182, "f2": -1.4701078581597582, "f20": 1.8963490725323853, "f21": 0.662268188818568, "f22": 0.9266436215785698, "f23": -1.499883201571777, "f24": -1.0481579645823005, "f25": -2.358791382848863, "f26": -2.0865027695395257, "f27": -0.3807812077766757, "f28": 0.10066534508698322, "f29": 0.5245264242916772, "f3": 2.426351329668398, "f30": 2.023056056697829, "f31": 0.7781101916612965, "f32": -2.379993096399493, "f33": 2.5230374181002517, "f34": 2.2646536849817576, "f35": -1.8328047318781506, "f36": 2.9695719883060194, "f37": 0.9476845012907136, "f38": 2.8824921598058273, "f39": -0.9223980212361473, "f4": -1.2448231270418098, "f40": 2.4812696196822728, "f41": 0.6724196540768581, "f42": 0.5779012219540087, "f43": 0.7233479753662126, "f44": 1.228548013886006, "f45": -1.1919996995373119, "f46": 0.10287142799403348, "f47": -2.5852047690950632, "f48": -2.7202263742541026, "f49": -1.5530028238622102, "f5": 0.25736112616664286, "f50": 2.0399709821075973, "f51": -0.04546115177770549, "f52": -2.9520836901159457, "f53": -2.211390175810002, "f54": 1.729379767933814, "f55": -1.0069790694035776, "f6": -0.306677405156921, "f7": 1.3099078086720208, "f8": 2.4214405374568484, "f9": 1.1293423805508276}, "datetime": {"datetime": "2023-01-24 12:00:46", "elapsed": 2596.89679, "delta": 137.59236}}
{"target": 0.41051966353089425, "params": {"f0": 2.076728728741008, "f1": -0.9074306754063883, "f10": 0.6748157214349231, "f11": 2.7286029059008543, "f12": 0.6514145788510852, "f13": -2.4816984040163472, "f14": -1.5209307475292924, "f15": -2.326744862452763, "f16": -0.41840556268866713, "f17": -1.740940809852754, "f18": 0.3764706500204298, "f19": 1.0287149475204735, "f2": -1.4940753626890453, "f20": -1.346061961325508, "f21": 2.7021174657930427, "f22": 0.036523773630430245, "f23": -2.3165815949568658, "f24": 2.6562087367465024, "f25": 2.6347582553951376, "f26": 1.2844381524663797, "f27": 1.0551537036513299, "f28": 1.5091254914172545, "f29": 1.6448394269500826, "f3": 1.7413674839005342, "f30": 1.1536207299022454, "f31": 1.317498761624126, "f32": 0.6842800473611428, "f33": -2.3513297236924755, "f34": 2.610206574864069, "f35": -1.7415007329700467, "f36": -0.6361037654228223, "f37": 0.06374113655856029, "f38": 2.59894203690847, "f39": 0.332728078090641, "f4": -2.509221995024766, "f40": 0.9547188953520371, "f41": 0.7857269028245719, "f42": -1.4532976742775705, "f43": -1.9038466591238214, "f44": 0.1720256796191304, "f45": -1.8129234228330373, "f46": 1.9474122961850142, "f47": 0.3970892294039574, "f48": -2.810160801386953, "f49": 1.0652215850995264, "f5": -1.749107629427553, "f50": 1.750246313740452, "f51": -0.9637979808699679, "f52": -1.1515730449797712, "f53": 1.9571948560643673, "f54": 2.4064446741815937, "f55": -0.555217739778807, "f6": 2.4096276034851174, "f7": -2.164222041568139, "f8": -0.23071217719464654, "f9": -2.1105761314054936}, "datetime": {"datetime": "2023-01-24 12:01:23", "elapsed": 2633.179367, "delta": 36.282577}}
{"target": 0.37559250631294944, "params": {"f0": -2.393952127983485, "f1": 1.8275887027760422, "f10": -0.7358100290021423, "f11": -2.1792887307111917, "f12": -1.8031292883311203, "f13": -2.7718593743442295, "f14": 0.7118909926621932, "f15": -0.5028746622246993, "f16": 1.533218420644527, "f17": -0.12368762980256509, "f18": 2.7068913457609245, "f19": -1.1365575148162936, "f2": -0.48093030064443587, "f20": -2.9136294482902896, "f21": -0.36386691332633614, "f22": 1.1174407569471096, "f23": -1.4993635784634773, "f24": 2.6316949699823873, "f25": -0.4192027078060283, "f26": 2.2535669460665737, "f27": -2.5942031542350152, "f28": -1.25447574671759, "f29": 2.2995653156162756, "f3": 0.9954832702035294, "f30": 1.4291627433946736, "f31": 0.7212108783366413, "f32": 1.6633174807058069, "f33": 1.9987200003707501, "f34": -0.3965216520702395, "f35": -2.9965595797330726, "f36": -0.21560735643207884, "f37": 2.294601476352744, "f38": -1.592348581611622, "f39": 0.9775430383694532, "f4": 0.3465502035651036, "f40": -2.5143052696685184, "f41": 2.118637431043199, "f42": 2.1442785982070722, "f43": -0.6047300355925289, "f44": 0.157066138282846, "f45": -0.147985447997816, "f46": -0.11266268230604526, "f47": 0.017934212655051684, "f48": 1.8443866193406357, "f49": 0.6448575656527291, "f5": 0.9451289706763086, "f50": -1.977063758204518, "f51": 2.767211152203174, "f52": -1.9637101324682946, "f53": -1.6532845623356789, "f54": 1.4703113022353556, "f55": 2.181071074894879, "f6": 1.8579363266434274, "f7": 1.2061409039959443, "f8": 0.5366570593179842, "f9": -0.20561050099760259}, "datetime": {"datetime": "2023-01-24 12:01:56", "elapsed": 2666.270688, "delta": 33.091321}}
{"target": 0.2279237716657269, "params": {"f0": 1.6367929485077974, "f1": -0.7785126331939747, "f10": 2.704957089833983, "f11": 0.005608310402141825, "f12": -0.41855176266838745, "f13": -1.5875976925456927, "f14": -2.7848374428521665, "f15": -1.9576117996173588, "f16": 1.5629304840423792, "f17": 0.9329004371528145, "f18": 0.8050014120255735, "f19": 2.5785943973027914, "f2": -1.8738749746472727, "f20": 2.677035959245659, "f21": -1.5280672177902328, "f22": -1.2958731505391132, "f23": 0.7212447272544642, "f24": 2.7313219349314117, "f25": -2.5890997081374545, "f26": -1.6750954545785808, "f27": -1.4943727019320878, "f28": 1.5119466764481961, "f29": 1.3819807677141167, "f3": 1.3714859496561633, "f30": 2.0801823559197485, "f31": 1.3990965880078434, "f32": 0.0870960553279021, "f33": -2.5717029021428734, "f34": -1.6763234346201303, "f35": -1.1011458704933716, "f36": -2.652071352837331, "f37": -0.9979677362948447, "f38": -2.4008707250009333, "f39": 0.9241680486637494, "f4": -2.5484331621516665, "f40": -2.507437343282339, "f41": -1.5310061750977844, "f42": -1.1423269475105184, "f43": 0.4186933535248163, "f44": -2.0511077270108977, "f45": 1.5003727816927688, "f46": 1.160076828314268, "f47": -2.1843517828033034, "f48": 2.2873748494207353, "f49": 0.837731702650542, "f5": 2.835897980367684, "f50": -2.314113829539498, "f51": -2.8564804160483055, "f52": 1.0295049109973204, "f53": 1.7854524439313604, "f54": -2.094342485938059, "f55": -0.576858833196856, "f6": 0.6171954478502402, "f7": 0.6235898022657853, "f8": 1.1735504293411392, "f9": 2.7778895077769636}, "datetime": {"datetime": "2023-01-24 12:03:38", "elapsed": 2768.704646, "delta": 102.433958}}
{"target": 0.17493731711469027, "params": {"f0": -1.225818753643072, "f1": -1.985975588237976, "f10": -2.042205143081323, "f11": 1.663747648539042, "f12": -0.45554643717923415, "f13": 1.2881595833599997, "f14": 2.106863068148469, "f15": 1.997975666076142, "f16": -2.9257305738668684, "f17": -2.5151876190777607, "f18": -1.8047321563109024, "f19": 2.0944471133814977, "f2": -0.7952182464083992, "f20": 2.4351545754595927, "f21": -2.82312172197427, "f22": 2.713762168511799, "f23": 0.04684731206689774, "f24": -2.87983734679244, "f25": 1.7838456848283695, "f26": 2.0150864202434393, "f27": 0.6404544777241314, "f28": 2.4243029458652696, "f29": 1.4024316093297262, "f3": -2.6247589804022207, "f30": -0.2977756165162604, "f31": -2.035895715254095, "f32": -2.778625480683143, "f33": 1.3546554723473285, "f34": 0.5145226587599758, "f35": 2.8896899425327884, "f36": -1.6329713261146293, "f37": -2.311261568139246, "f38": -0.8162440908039343, "f39": -1.245391558684363, "f4": 0.9957557001239201, "f40": -2.569655451020636, "f41": -1.3552523855508598, "f42": 1.6560349588094363, "f43": 2.536322457416536, "f44": -1.596095404776044, "f45": -2.6075687034532784, "f46": 1.5640840485139371, "f47": -2.1876027479003515, "f48": 2.3185783629605368, "f49": 1.6008915444387695, "f5": -0.09831180325535538, "f50": -0.6726803840143174, "f51": 0.8763611296604985, "f52": 0.5211897741935636, "f53": 2.4013798796000607, "f54": -1.5681732667459127, "f55": -2.3273128566547663, "f6": -2.5664197115179577, "f7": 1.2321789800681486, "f8": -0.83724581159318, "f9": 0.10166858052950545}, "datetime": {"datetime": "2023-01-24 12:04:02", "elapsed": 2792.444081, "delta": 23.739435}}
{"target": 0.1483096282533954, "params": {"f0": -1.707039660121115, "f1": 0.15648942568647994, "f10": -0.8436199305474501, "f11": -2.8673756488362416, "f12": -1.3874371455870587, "f13": 0.18151835430303942, "f14": 2.487657526422434, "f15": 0.4230481726386728, "f16": -2.963277536197717, "f17": 2.1645702304112744, "f18": 2.0331679460820915, "f19": -0.41055793313861777, "f2": -2.8252252083483764, "f20": -2.7223634741317273, "f21": -2.471402310942909, "f22": 0.3732076881829709, "f23": -0.7388665321303223, "f24": 0.4523045553431633, "f25": -0.3771052075213239, "f26": -2.2330840972590433, "f27": -1.2397926903063656, "f28": -2.2550430910684915, "f29": 1.282886496602413, "f3": 2.9081410462045607, "f30": 0.91688826385808, "f31": 0.5260832129855553, "f32": 0.6623577398929359, "f33": -2.9205340269375473, "f34": -1.8620863662869016, "f35": 2.545890985852152, "f36": -0.6101925281819152, "f37": 2.044968465088366, "f38": -0.7201859616746109, "f39": -1.4683772457373967, "f4": -1.2989300042419951, "f40": -2.570985428550499, "f41": 1.390422894054769, "f42": -1.1720789089854786, "f43": 2.764931499799701, "f44": 0.8183241883206689, "f45": 1.6207812841309899, "f46": -0.166894158649042, "f47": -0.5421507839793032, "f48": -0.5412671231259374, "f49": -1.223187752447577, "f5": 0.8775175745173431, "f50": 2.3213644147105494, "f51": -0.8862499701741537, "f52": -1.768963312979993, "f53": 1.6778550769656553, "f54": -2.317809987456334, "f55": -2.670778623502696, "f6": 0.4300444371260692, "f7": -1.03155086749235, "f8": 2.7002374676805285, "f9": -1.291479949537608}, "datetime": {"datetime": "2023-01-24 12:04:38", "elapsed": 2828.722951, "delta": 36.27887}}
{"target": 0.16671694340468743, "params": {"f0": 2.5269388117103766, "f1": -1.6339666136451518, "f10": 0.7112847322321243, "f11": -1.9188629251288154, "f12": 0.4972316860698558, "f13": 2.2439630407736164, "f14": -2.5202882050139, "f15": -0.43799733814059305, "f16": -2.3440640823328898, "f17": 1.4550734282540265, "f18": -1.8032836585827572, "f19": 2.275823410132574, "f2": -2.651984607131545, "f20": 1.1487114353277157, "f21": -1.3768205746615454, "f22": 0.07957483107816454, "f23": 1.5057161864688977, "f24": 0.7440707870226602, "f25": 0.922388763338573, "f26": 1.7036295235999583, "f27": 2.245657968472292, "f28": 2.4175046761532686, "f29": 1.819737415129767, "f3": -2.9908082355775356, "f30": -0.3290010039087452, "f31": -2.882419269800481, "f32": -1.4393305618780836, "f33": -1.502435562767498, "f34": 1.1232423359534938, "f35": 2.886001689797258, "f36": 1.81744406141246, "f37": 2.3865845561112433, "f38": -2.86103458565814, "f39": -2.1803706347794227, "f4": -2.4059842509665996, "f40": 1.4919021452942935, "f41": 1.728357885122108, "f42": -0.14753022809760008, "f43": -0.5249883730209959, "f44": -1.2124414360338664, "f45": -2.1118326729678056, "f46": -0.5704832003114397, "f47": -2.3014733527812155, "f48": 2.6755140229464356, "f49": -0.4616312195730661, "f5": 0.5932170222705104, "f50": 1.9229761425415877, "f51": 2.42568633899179, "f52": 1.8008870853565533, "f53": -0.08190042326593616, "f54": 0.8421117471090591, "f55": 1.5075205683543427, "f6": 2.1308059827871135, "f7": -0.6465322773159135, "f8": -0.9086158808929934, "f9": 0.04169074429618558}, "datetime": {"datetime": "2023-01-24 12:06:39", "elapsed": 2949.601856, "delta": 120.878905}}
{"target": 0.2615176666978313, "params": {"f0": -1.5323703685407675, "f1": -2.2827758276941905, "f10": 0.6367801606438839, "f11": -2.6815233529173956, "f12": -2.7201036602113504, "f13": -0.1299353960732903, "f14": 0.7727685363510242, "f15": -2.1310954725432287, "f16": 2.0911357720127404, "f17": 2.17148472808344, "f18": 1.3316804231765644, "f19": -0.34056396706682657, "f2": 2.1843260883489037, "f20": -0.6719973029636721, "f21": 2.580774758478997, "f22": 1.0468927907711416, "f23": -0.36534372294111694, "f24": -2.3597339586268316, "f25": 1.3451337121121565, "f26": 0.2299069828236573, "f27": 1.9899322393674606, "f28": 0.4554434579868949, "f29": -2.8476559500730807, "f3": 1.1759363086232515, "f30": 0.8152417960958926, "f31": 1.513805569445541, "f32": 1.0843541776315053, "f33": -1.170406372041548, "f34": -2.6095371994858607, "f35": 0.09480500335794062, "f36": 0.4084639419772076, "f37": 0.02580512349802433, "f38": -0.6758074270188175, "f39": -0.6203296578963711, "f4": -1.9836396118464723, "f40": 1.2671667932753916, "f41": 1.0431589449269358, "f42": 0.07234146800499008, "f43": 0.5568756728133044, "f44": 2.2293670390311, "f45": 2.207073715422969, "f46": 0.23750003104648698, "f47": -2.2922005278328688, "f48": -1.0931805121899658, "f49": 1.2205781096580042, "f5": -1.091071740025308, "f50": -2.7354006943148663, "f51": 0.338957276881938, "f52": -2.998037337294551, "f53": -0.45018817747208484, "f54": 0.5596628651328093, "f55": -2.7982663251849025, "f6": -1.7911013712230284, "f7": 2.576604084305961, "f8": 2.0491205706491638, "f9": 1.9314379765749914}, "datetime": {"datetime": "2023-01-24 12:08:14", "elapsed": 3044.043351, "delta": 94.441495}}
{"target": 0.18659481157666438, "params": {"f0": 0.898302189713235, "f1": 1.140645809868186, "f10": -0.1727759492660459, "f11": 2.0828202842271475, "f12": 1.1651053209113105, "f13": 2.945834445822463, "f14": -2.103394239762917, "f15": 0.6416922845155355, "f16": -2.8023816536856456, "f17": 0.9020763881762424, "f18": -1.4939264640674508, "f19": -0.715122941944871, "f2": 2.6558933721462923, "f20": 2.4366090834958305, "f21": -0.06383753275546455, "f22": -0.6964208140978392, "f23": 2.807366908667488, "f24": 0.9895781599172739, "f25": -0.10330876151645008, "f26": -1.728972794630489, "f27": -2.5818240598571656, "f28": 2.7058250059404845, "f29": 1.548200119266422, "f3": 1.1692825650933463, "f30": 0.5548281066996568, "f31": -2.297911610758984, "f32": 2.512442777903929, "f33": -0.8305881690616248, "f34": -0.17378581948835148, "f35": -2.7916498481819394, "f36": -1.3770383351021143, "f37": 1.0362497694623798, "f38": -0.691048742967578, "f39": 0.4920070729779722, "f4": -2.3870208942486015, "f40": -2.3031017469714126, "f41": -2.266867674227619, "f42": -0.09797120691481886, "f43": -1.624257287546415, "f44": 1.976834767967274, "f45": -1.7598674963747674, "f46": -1.0679320228750087, "f47": -1.1896789908015672, "f48": -2.3698428015835233, "f49": -0.2166283153200248, "f5": 2.5792440404842623, "f50": 2.225149130982105, "f51": 1.4936180354613544, "f52": -2.024002776243637, "f53": 1.6258045012980613, "f54": -0.11936863666413355, "f55": -0.7821216311252916, "f6": 1.847839689116002, "f7": -1.963935550839156, "f8": -1.6033177239370573, "f9": 0.6168708041758664}, "datetime": {"datetime": "2023-01-24 12:09:01", "elapsed": 3091.79949, "delta": 47.756139}}
{"target": 0.0773712492790717, "params": {"f0": 0.8014370052805342, "f1": -0.7401652010115347, "f10": 0.5542178767143118, "f11": -0.6544120469626966, "f12": 1.5462626945189477, "f13": 1.0188911572161397, "f14": -1.2785695223820104, "f15": -0.8634208079837156, "f16": -1.767241277057889, "f17": 1.3317152219577002, "f18": -2.227640128249269, "f19": -1.6463352196221872, "f2": 2.1913130200297584, "f20": -1.5700692175609925, "f21": -0.5153444253651505, "f22": 2.34204773370495, "f23": 2.9673414831009914, "f24": -2.428637940760186, "f25": -2.6366893651476073, "f26": -2.14300355987974, "f27": 1.4537069039991133, "f28": -0.8227285334950634, "f29": 1.015367639059832, "f3": 2.126048392619518, "f30": -0.5036540439652781, "f31": -2.618342446438662, "f32": 1.9652962790907464, "f33": -0.28925439452942836, "f34": -1.417605909387593, "f35": -1.5253573737432569, "f36": 1.953800388679678, "f37": -2.119346349419077, "f38": -1.8346681283471635, "f39": -0.36757726728456497, "f4": 2.918684267948123, "f40": -2.9251599439428624, "f41": 2.8530169848915294, "f42": 0.4588817547658115, "f43": -0.10044938218814892, "f44": -1.6322920939175534, "f45": -1.3927543481770173, "f46": -1.0384454121118898, "f47": -2.811385050496888, "f48": -2.4934735146525493, "f49": -0.752686078972105, "f5": 1.9966444876898244, "f50": -0.7755140129402216, "f51": 2.3760197567049817, "f52": -0.47473583444671075, "f53": 2.1571320955744326, "f54": -1.701731943787876, "f55": -1.5693482090357551, "f6": -0.13443632846196119, "f7": -0.8049713094039808, "f8": -0.8851076587891007, "f9": 0.020734966988069203}, "datetime": {"datetime": "2023-01-24 12:09:56", "elapsed": 3146.890259, "delta": 55.090769}}
{"target": 0.07698794854510665, "params": {"f0": -1.5109714271269146, "f1": 2.012919432451005, "f10": -0.9813821799462064, "f11": -1.2962975166837811, "f12": -0.9787990097365746, "f13": -2.508717323344107, "f14": 2.283226171152636, "f15": 0.24116708988241253, "f16": -1.3554514247794107, "f17": 1.7223498778387736, "f18": -1.1703878043986036, "f19": -2.960840536481908, "f2": -0.29333288151276626, "f20": -2.663391205732858, "f21": -2.3188353039719782, "f22": -2.8193113568546067, "f23": 2.7626073032420955, "f24": 0.6443524295735803, "f25": -2.792891361799234, "f26": 2.099611804662623, "f27": 0.559321525199187, "f28": -2.383983480553552, "f29": 2.612846819766803, "f3": -1.9130323648501237, "f30": 0.3730253394495744, "f31": 0.7528141394923367, "f32": 2.663620232788542, "f33": -2.630940488360107, "f34": -0.5633252549633676, "f35": -1.138751071296028, "f36": 2.1353978671149845, "f37": -0.6515472394621229, "f38": 1.4561148347333193, "f39": 2.499302676480415, "f4": 0.7467479589915178, "f40": -2.81381202598803, "f41": 2.7565111374370703, "f42": 1.8356756844907753, "f43": -1.4689385796994552, "f44": -2.5506338502084365, "f45": -1.2647390874318178, "f46": -1.5984518419854783, "f47": -2.5331899700685216, "f48": 0.26575145059965344, "f49": 0.4299423101328621, "f5": -1.138829221231559, "f50": 0.5095555796643678, "f51": 0.2750509041480744, "f52": -2.7234456196571113, "f53": 0.46423273008968735, "f54": 2.5049609520827207, "f55": 0.8621831021452069, "f6": -0.5620726308812047, "f7": 2.1118817813965256, "f8": 0.6961141080325826, "f9": 2.2242929649181926}, "datetime": {"datetime": "2023-01-24 12:10:43", "elapsed": 3193.487364, "delta": 46.597105}}
{"target": 0.010592942623658548, "params": {"f0": -1.9907587945091771, "f1": 0.6243042943681933, "f10": 2.9291683770292973, "f11": -1.3953456058636304, "f12": -1.4269943392556608, "f13": 1.365157661426168, "f14": 0.40395534802525823, "f15": 1.5999079747484082, "f16": -2.345093465335106, "f17": -1.2438309266527776, "f18": 0.2990644007704062, "f19": 2.063572125120359, "f2": 2.8858294724918583, "f20": 0.9268593223338497, "f21": -1.1099250452798377, "f22": 2.5254855805954097, "f23": -0.549888955264727, "f24": 0.2801697344273544, "f25": -0.33358359552880756, "f26": -1.441075454570726, "f27": 1.7338773812444774, "f28": -2.697081844590092, "f29": -2.3360798147560464, "f3": 2.7754026967266663, "f30": -0.7624242203299527, "f31": 2.3938114056331665, "f32": 0.8256896937789415, "f33": 2.3718470432479597, "f34": -2.98264695539188, "f35": -2.2067890919061375, "f36": 2.8752811021676603, "f37": 1.4789031675802367, "f38": 1.0550144706945002, "f39": -0.159009471784608, "f4": -2.24634689766878, "f40": 0.8022106169597856, "f41": -1.7295110130956388, "f42": 0.7207111312758538, "f43": -1.9280151273382542, "f44": -2.7422559635610777, "f45": 1.2618500684068525, "f46": 0.48404006638123587, "f47": 0.45048327183677905, "f48": -2.6763216014391897, "f49": -1.1302858330535475, "f5": -0.28684451996899707, "f50": 2.720051465992632, "f51": 2.951147324144773, "f52": 1.037707741721266, "f53": -2.5079414014183925, "f54": 0.4841512812373727, "f55": 1.5770484725867604, "f6": 0.8551712976649823, "f7": -0.28063136217620643, "f8": 0.7634150049764385, "f9": -2.0891460562741555}, "datetime": {"datetime": "2023-01-24 12:10:46", "elapsed": 3196.637879, "delta": 3.150515}}
