{"target": 0.0879816568566147, "params": {"f0": 0.6079408354842428, "f1": -0.39165722602896264, "f10": 2.6022421643330995, "f11": 0.18884240436032806, "f12": 1.9250084860980088, "f13": 1.0802872377934158, "f14": -0.2598643377724723, "f15": 1.061623672567357, "f16": -1.3358096825333754, "f17": 1.206276905830494, "f18": -2.645444994109707, "f19": -0.24421808301166759, "f2": -1.8161955946083765, "f20": -2.0474515410494423, "f21": -1.8595886684100233, "f22": -2.910301935501792, "f23": -1.4498755706935926, "f24": -1.6030813251028373, "f25": -1.0924708713852613, "f26": -2.163519465148622, "f27": -0.7361766731604269, "f28": 2.5891261135657304, "f29": -1.8909074928181615, "f3": 1.9634725395150872, "f30": 3.136289362073236, "f31": -0.52137762114522, "f32": 2.0821073926460008, "f33": -2.290123222222539, "f34": 2.8284891608481892, "f35": -1.979659548031332, "f36": -1.7795668748372564, "f37": 1.3325026054903326, "f38": -0.1864818738310846, "f39": 1.54362937902984, "f4": -2.873646173206444, "f40": -0.20332972904310087, "f41": -2.221750312353188, "f42": -2.1305255691711977, "f43": -3.0173812726364613, "f44": -1.8612121357430897, "f45": 0.4485488255335863, "f46": -0.06163877661132677, "f47": 1.8729240986531948, "f48": -0.20464628328503487, "f49": 1.6870515145521985, "f5": -0.23912976757884086, "f50": 0.8446506674348574, "f51": 0.7019144257321539, "f52": 0.15101671555513574, "f53": -1.7595293083656125, "f54": -0.7974987369969819, "f55": 0.03596848617260462, "f6": 0.9276871261344481, "f7": -1.8959216043293265, "f8": -0.520840690147833, "f9": -1.2453767920728875}, "datetime": {"datetime": "2023-01-24 14:53:38", "elapsed": 12968.900535, "delta": 81.656697}}
{"target": 0.5297459964476178, "params": {"f0": 1.0449064508191142, "f1": 0.35546093700029796, "f10": 2.496031837775644, "f11": 0.32326241411962675, "f12": 2.0313585009466455, "f13": 0.7080364464876604, "f14": -0.0660809112446209, "f15": 1.0117679055803426, "f16": -1.5375334519398929, "f17": 1.6722599232373874, "f18": -2.6506350701813792, "f19": -0.40204252608819957, "f2": -1.2276598499817317, "f20": -1.4146562938420475, "f21": -1.6600454949781307, "f22": -2.598552012681488, "f23": -1.7371927218633165, "f24": -2.3898246687181017, "f25": -1.3435278022335138, "f26": -2.819644021416355, "f27": -1.0144716878107707, "f28": 2.0530500326432444, "f29": -1.4335354712227013, "f3": 1.949937429483866, "f30": 2.645798974998369, "f31": -0.6558042883366739, "f32": 1.701751727458749, "f33": -2.1283352708837935, "f34": 2.515491216803458, "f35": -2.365633859390335, "f36": -2.1051192034720754, "f37": 1.8396450548205898, "f38": 0.14704290497999162, "f39": 1.9472278115773018, "f4": -2.765476732719548, "f40": 0.09009720722705472, "f41": -1.680553594453447, "f42": -2.400642046846941, "f43": -2.9901488270927254, "f44": -2.076574502332173, "f45": -0.16282401905707689, "f46": 0.44272634142287515, "f47": 1.5344610053803631, "f48": 0.41638283247429697, "f49": 1.2767201389490648, "f5": 0.20617433152276043, "f50": 1.1362979194796576, "f51": 0.45467729466173845, "f52": 0.34265461301131406, "f53": -2.3084431689933194, "f54": -0.48949912690511954, "f55": -0.6914414471226029, "f6": 1.4601457264675037, "f7": -1.143099062465553, "f8": -1.4565256300257214, "f9": -0.6803922902252547}, "datetime": {"datetime": "2023-01-24 14:53:40", "elapsed": 12970.348741, "delta": 1.448206}}
{"target": 0.47941366482098585, "params": {"f0": 1.1188762883244152, "f1": -0.41807612220946394, "f10": 2.0417799016525793, "f11": 1.0377594746481404, "f12": 2.130338312932613, "f13": 0.6582575551246498, "f14": 0.21104065769066016, "f15": 0.6527147080635041, "f16": -1.5870885245545616, "f17": 1.1467189152023811, "f18": -1.944633070381391, "f19": -1.0692017501920255, "f2": -1.6269464713798951, "f20": -2.1855502402874074, "f21": -1.4960809139270501, "f22": -2.5820566121744393, "f23": -1.4927789727238494, "f24": -1.8846135234681642, "f25": -1.1628977536587242, "f26": -2.8431708700169662, "f27": -1.4027630862554346, "f28": 2.973743256006945, "f29": -1.466212177365552, "f3": 2.258613269519749, "f30": 2.7372681649344854, "f31": -0.6131886448880083, "f32": 2.3136552412664058, "f33": -1.464989142431242, "f34": 2.3554318419006997, "f35": -2.15841450023507, "f36": -2.3137549129413673, "f37": 1.7111284836327407, "f38": -0.0004976501591555937, "f39": 2.2110607372292748, "f4": -2.5921423482929997, "f40": 0.5257023977347546, "f41": -1.5146244832917102, "f42": -1.8763337601882646, "f43": -2.698918671484145, "f44": -2.2293023000164114, "f45": 0.15530292148664904, "f46": 0.6030857320883116, "f47": 1.5736032433200418, "f48": 0.06090735333277442, "f49": 1.6118589817055353, "f5": -0.2195980049777263, "f50": 0.954151785296233, "f51": 0.8252572027942191, "f52": 0.5921642141308876, "f53": -2.4073154808076405, "f54": 0.014136489702872401, "f55": 0.12601966232233897, "f6": 1.030825314951025, "f7": -1.0963865489039695, "f8": -1.3184280113352127, "f9": -0.8107531893640573}, "datetime": {"datetime": "2023-01-24 14:54:42", "elapsed": 13032.993643, "delta": 62.644902}}
{"target": 0.0903366899874057, "params": {"f0": 1.2076206340011488, "f1": 0.04096076931963649, "f10": 2.087211323903345, "f11": 0.09452257573148248, "f12": 2.419999017216297, "f13": 0.9428267520417384, "f14": -0.5327327646552774, "f15": 0.9159733014213682, "f16": -1.6911687968693854, "f17": 1.569680194467891, "f18": -2.0379674443171796, "f19": -1.2164655872851275, "f2": -1.578162382780694, "f20": -1.263985727574597, "f21": -2.0436343134113075, "f22": -2.658430900703454, "f23": -2.096041067206307, "f24": -2.309880256606797, "f25": -0.6809396622239108, "f26": -2.0008502796364342, "f27": -1.218219488527306, "f28": 2.234899837994053, "f29": -1.4613090872109717, "f3": 2.471030505038733, "f30": 2.796110956899435, "f31": -0.11850537524748128, "f32": 1.7378613700437247, "f33": -2.076587736786142, "f34": 2.7457720418660347, "f35": -2.646662844337873, "f36": -2.213650879375607, "f37": 1.8024573432748738, "f38": -0.304144678138332, "f39": 1.9683136980327642, "f4": -3.0427648463651904, "f40": 0.12425501149279883, "f41": -2.2980818199638313, "f42": -1.8669679243641488, "f43": -2.790006450652105, "f44": -2.424687755052358, "f45": -0.04335648617163712, "f46": 0.0908291900719641, "f47": 2.3379623857995435, "f48": -0.43864097743564134, "f49": 1.4128353635859914, "f5": 0.0018416900496177613, "f50": 1.2214311535839484, "f51": 0.5781521721793437, "f52": 0.1604015862443361, "f53": -2.6718347331708165, "f54": -0.31781837850337913, "f55": -0.8641919021395666, "f6": 1.780559380729342, "f7": -1.2860224997744822, "f8": -0.582751270679338, "f9": -1.5019314229667122}, "datetime": {"datetime": "2023-01-24 14:56:11", "elapsed": 13121.937604, "delta": 88.943961}}
{"target": 0.0013690358633078254, "params": {"f0": 0.6244702308488976, "f1": -0.3950397674043465, "f10": 1.727467441208562, "f11": 0.9397174497811134, "f12": 2.386976618997673, "f13": 0.8811055913670176, "f14": -0.3824334071701393, "f15": 1.3570829717552826, "f16": -1.488761568162543, "f17": 1.8976686503956166, "f18": -2.4975717861619673, "f19": -0.5720231641133535, "f2": -1.4159753382398106, "f20": -2.0281300154109676, "f21": -1.6311933583203961, "f22": -2.7821231030410702, "f23": -1.7045718541225325, "f24": -1.913641080185504, "f25": -0.7254191592248599, "f26": -2.0976755339739084, "f27": -1.177856636188786, "f28": 2.470722172087967, "f29": -1.3414159013493352, "f3": 2.299639366053648, "f30": 3.3667367576412333, "f31": -0.6577714998763183, "f32": 2.0754618618379665, "f33": -2.2426904172124504, "f34": 1.9061990978504113, "f35": -2.669474745386659, "f36": -2.512341528138471, "f37": 1.5273637706066558, "f38": -0.037868927232101335, "f39": 1.8880855314079996, "f4": -2.4333699845351076, "f40": 0.21382120800672733, "f41": -1.5994531909959364, "f42": -2.1831202832308527, "f43": -2.5498761967106676, "f44": -1.8122930283976872, "f45": -0.10157588902099646, "f46": -0.06631603502055516, "f47": 1.6815771555474566, "f48": -0.3020242478840627, "f49": 1.177926771042658, "f5": 0.1790773639251939, "f50": 0.4640322741763021, "f51": 0.5304219008718013, "f52": 0.7735180778801369, "f53": -2.098364358959869, "f54": 0.11159482311895763, "f55": 0.0248912906464418, "f6": 0.9639270914468592, "f7": -1.489197383929632, "f8": -0.5706639360738031, "f9": -1.0698462278017284}, "datetime": {"datetime": "2023-01-24 14:57:33", "elapsed": 13203.996309, "delta": 82.058705}}
