{"target": 0.06891019903579605, "params": {"f0": -1.1210795505090272, "f1": -2.5874295137559007, "f10": 0.5896946325626238, "f11": 1.6447330449371345, "f12": 0.5049661040227811, "f13": 2.9363921069037024, "f14": 0.6741794536362113, "f15": -1.512396033335661, "f16": -1.1851894453796523, "f17": -2.7452597008915545, "f18": 2.837521561138714, "f19": 0.8198685077594763, "f2": 1.1072729972294058, "f20": 1.0743070071513117, "f21": 2.4181391388625855, "f22": -0.29342698133500855, "f23": 1.2820154480166694, "f24": 1.6975059667807209, "f25": 0.5859211051079227, "f26": -1.5026010574263782, "f27": 0.7491914675612277, "f28": -1.7639975421796144, "f29": -0.3478408428163302, "f3": -2.4583610422284123, "f30": 0.03522512850302206, "f31": -2.911307894904442, "f32": 2.1999726284170515, "f33": -1.9110333611453116, "f34": -2.5816776466375027, "f35": -0.16992999921490703, "f36": -2.264835163552319, "f37": 0.9908281746294856, "f38": -1.5676971904752404, "f39": -0.854018696052071, "f4": -1.0887656184488026, "f40": 2.5215271325786306, "f41": -0.15235581434000167, "f42": 1.4375188658721596, "f43": 1.7724755328940276, "f44": 2.655018527926619, "f45": -2.659579807982033, "f46": 1.0306792960798647, "f47": 0.6964398280102997, "f48": 1.606194126398826, "f49": 1.6490947181430924, "f5": 2.385324589764739, "f50": 0.8800555339342964, "f51": -1.3187874799974046, "f52": 1.6333429239125854, "f53": 2.9490916089800114, "f54": 2.6399113112656583, "f55": -0.14714963495221856, "f6": -0.9046946320602949, "f7": -2.898032232145693, "f8": 1.0236426161995693, "f9": 0.09787232958843628}, "datetime": {"datetime": "2023-01-24 12:28:05", "elapsed": 4235.590516, "delta": 39.443129}}
{"target": 0.0903366899874057, "params": {"f0": -2.469261397318551, "f1": -0.0942508635193624, "f10": 2.005993136915814, "f11": -0.929442818583559, "f12": 0.963284420330436, "f13": 0.42744891635673365, "f14": -0.32591556654210585, "f15": -1.028080771701107, "f16": 0.25225041127794867, "f17": 2.340769817724394, "f18": 0.31107246053426696, "f19": 2.0654064153861356, "f2": 1.3817485750305405, "f20": -0.07534895898290284, "f21": -2.19918849290889, "f22": 1.6047234832002184, "f23": 1.3723953631477883, "f24": -2.3252055738473176, "f25": 0.7323381000248919, "f26": 2.8757916737209825, "f27": 1.5148682354824885, "f28": 1.5975223462119867, "f29": -1.4381837657908478, "f3": -2.947348305218961, "f30": -2.1162938939734417, "f31": 2.9544024733700995, "f32": -1.2005710466990902, "f33": -2.7594876998507307, "f34": -1.6856086651781705, "f35": 0.5380196366866694, "f36": 1.4754623835919638, "f37": 1.820351387739521, "f38": -0.20672821659988205, "f39": -2.1343913188006707, "f4": -0.2661455890077331, "f40": 0.15477096952652936, "f41": -0.9616197281730052, "f42": -0.37874638885145373, "f43": 0.319868889334892, "f44": -2.0207414082500508, "f45": 0.512137853983301, "f46": -0.21258724015224617, "f47": 1.6788382365283478, "f48": 0.019336541627046788, "f49": -1.9357525590959894, "f5": -1.4433714128000623, "f50": -1.0803559535805731, "f51": 0.7694135404021178, "f52": 1.354310166829026, "f53": 2.3328349881176846, "f54": 0.32847724457723615, "f55": 2.0006409057769403, "f6": 1.9519771744677357, "f7": -2.64096236714303, "f8": 0.8736537991352211, "f9": 2.850174541561099}, "datetime": {"datetime": "2023-01-24 12:28:06", "elapsed": 4236.016968, "delta": 0.426452}}
{"target": 0.2825616572815042, "params": {"f0": -2.77653076726523, "f1": 0.7871169129367122, "f10": -1.6656799173630803, "f11": 2.997622311275973, "f12": 2.577246051190066, "f13": 2.313573432867294, "f14": -2.3771032763139672, "f15": 2.238854146972586, "f16": -2.2432198977204054, "f17": -1.9009026888149698, "f18": 2.7170391697055516, "f19": -2.7616127656226586, "f2": 0.8383947325434686, "f20": -0.5756879870687284, "f21": -2.683120000864139, "f22": -0.5078597633426876, "f23": 2.478116377082646, "f24": -1.3816476088197136, "f25": -1.4529581545299088, "f26": -1.5637524877911124, "f27": 0.5685476810257306, "f28": 2.1094308112644082, "f29": 1.5725503369574199, "f3": 0.11115274119846053, "f30": -2.5667735208579625, "f31": -2.0037675254393434, "f32": -0.23419036321628184, "f33": 1.171348428759634, "f34": 0.3933582148127508, "f35": 1.6903295562330065, "f36": 0.5608509597349007, "f37": -1.8867865150018, "f38": 0.08079234695589532, "f39": 0.6470999936355648, "f4": 0.5655429740578426, "f40": -2.2052263051962333, "f41": -2.2665162640179832, "f42": 2.643500286181519, "f43": 0.46826249476383275, "f44": -2.428645134984638, "f45": -1.6646331929734544, "f46": 2.6818488227772317, "f47": 2.2677356265180677, "f48": 1.9460525674278664, "f49": -0.7608230510158589, "f5": 0.734855978564628, "f50": 1.3969844239451517, "f51": 2.4941139413965914, "f52": 2.0495551427341328, "f53": 2.1913010949264136, "f54": -2.059652859061809, "f55": -1.162334253998852, "f6": 0.2839544397459317, "f7": -2.497783644436004, "f8": -2.088987792394077, "f9": 1.6892541294585266}, "datetime": {"datetime": "2023-01-24 12:28:42", "elapsed": 4272.95031, "delta": 36.933342}}
{"target": 0.592357697540441, "params": {"f0": -1.6773481186083576, "f1": 2.5882005407070086, "f10": 1.4594559590336882, "f11": -2.662408471409556, "f12": 2.8507382475654577, "f13": -2.2672869273436933, "f14": 0.04751497885510947, "f15": -1.9472540909854548, "f16": 1.5928676860825899, "f17": 0.18976572712082307, "f18": -1.072723055292237, "f19": -2.2282554239710017, "f2": 0.8796456404820021, "f20": 1.2314813657800094, "f21": 1.4553189801105475, "f22": -1.9012108827342196, "f23": -1.9565668170374972, "f24": -2.306091562378736, "f25": -0.49943660330291184, "f26": -1.5682855113585619, "f27": 2.697285273377184, "f28": -2.145498276230449, "f29": 1.5479179355999912, "f3": 0.5300534530995202, "f30": 2.418324012616077, "f31": -2.836838757718642, "f32": 0.18299485888813916, "f33": -2.6121963938134964, "f34": 1.6453191189232754, "f35": -1.6944982288096102, "f36": -0.7945719747877336, "f37": 2.3197405509878157, "f38": -0.16879028542576835, "f39": -1.5836983080025013, "f4": 2.4265779440799804, "f40": 1.7915615032197554, "f41": 1.0393992836219992, "f42": 2.3110365965808484, "f43": -2.291606008808424, "f44": -1.2370364113757182, "f45": 2.4464950722178624, "f46": 2.260142679484794, "f47": 2.087632634144864, "f48": -0.11650617435518651, "f49": -0.8583794225896937, "f5": 2.345254677820166, "f50": 2.9729162466681816, "f51": -1.4503581147446274, "f52": -0.1404392459918995, "f53": 2.274367042938242, "f54": -1.5702623497311137, "f55": -2.15015380595663, "f6": 2.8395988817374667, "f7": 0.974697933652771, "f8": 2.9745405953660784, "f9": 0.629480665467764}, "datetime": {"datetime": "2023-01-24 12:29:32", "elapsed": 4322.998118, "delta": 50.047808}}
{"target": 0.19285248292779483, "params": {"f0": 0.9726875102704593, "f1": -2.880674166351989, "f10": -0.3338905236205463, "f11": 1.7176932597696322, "f12": 2.397727670175496, "f13": -1.741636248561597, "f14": 0.8868895972356388, "f15": -1.0501694511737683, "f16": -0.6282856641468006, "f17": 1.3425263200993038, "f18": -1.365590429644458, "f19": -2.2881247972108825, "f2": 0.007977214373971364, "f20": -2.652897064882768, "f21": -1.4477555515820282, "f22": 1.7820478165878288, "f23": -0.5342079605764587, "f24": -2.806214153828094, "f25": 2.084305001658551, "f26": -1.0816434188449855, "f27": -0.8467070963432475, "f28": 0.7363409291123073, "f29": 1.434827408985452, "f3": -1.6290041082107227, "f30": 1.790482023945522, "f31": 0.6014224708779956, "f32": -0.8514365080308881, "f33": 1.1871514607840954, "f34": 1.6650339132221035, "f35": -0.7698639216271914, "f36": -2.049974236156461, "f37": -2.0332680357784083, "f38": 0.8542646245583718, "f39": 2.544052591328768, "f4": -0.7180380235906414, "f40": 1.2862594823609363, "f41": 2.8443537310616946, "f42": 1.319361598903523, "f43": -2.584123563411893, "f44": 1.6369013069643614, "f45": -0.5600180759681312, "f46": -1.435040529033597, "f47": 0.5604902329830912, "f48": -0.43605010133567346, "f49": -2.554104200852461, "f5": 1.3940392073208994, "f50": -2.062208067485021, "f51": 1.2295670545634465, "f52": -0.95840759975761, "f53": 0.8397412371648949, "f54": -0.21734776108005072, "f55": -1.1542429050400036, "f6": 1.1812351290815037, "f7": -1.4593502971535812, "f8": -0.08346752384438938, "f9": -1.6801540071677128}, "datetime": {"datetime": "2023-01-24 12:30:27", "elapsed": 4377.560632, "delta": 54.562514}}
{"target": 0.01688368468199607, "params": {"f0": -0.16744218312530812, "f1": 0.6255010134667423, "f10": -2.2222997349901177, "f11": 0.11074876172825565, "f12": 1.1134521430324735, "f13": -2.6971112702321003, "f14": 0.597392825592399, "f15": 0.32851130757259295, "f16": 1.8210140316844727, "f17": -2.2198468869588535, "f18": -0.7543689502207993, "f19": 0.09826656663941069, "f2": -0.2338251264872464, "f20": -2.3736775836081687, "f21": 1.0592281168787459, "f22": 0.8799850583617186, "f23": -2.2503205043411882, "f24": 1.1387732127701193, "f25": 0.09738615861593836, "f26": 2.043089266211738, "f27": -1.3132809622492874, "f28": -2.9253816163317925, "f29": -2.4168457450508636, "f3": 0.12623823136269152, "f30": -1.667217015799164, "f31": 2.902137010208069, "f32": 0.7640689492776254, "f33": 2.7784083232975947, "f34": -2.8572577975002647, "f35": -0.7568583205219213, "f36": 1.217092040250309, "f37": 2.2625068421147967, "f38": 2.7370799214033834, "f39": 0.17065794075906782, "f4": 1.6522773169678713, "f40": -2.2605926145040987, "f41": -2.943360266025503, "f42": 0.7147376923586655, "f43": 2.7176272861895825, "f44": 0.45974831598349297, "f45": -2.6542970939649786, "f46": 0.8093477492884675, "f47": -0.3375189284242399, "f48": 0.3148846841373354, "f49": -1.6216344552711595, "f5": 0.10231562460889965, "f50": 0.8033035454820268, "f51": -1.0352667874743129, "f52": 2.1569666401617074, "f53": -0.5387580810523263, "f54": 0.19965403635053391, "f55": 2.3799676782190744, "f6": 1.8505139648314408, "f7": -1.5083810058408622, "f8": -1.5793886988269499, "f9": -0.5931691043968468}, "datetime": {"datetime": "2023-01-24 12:30:30", "elapsed": 4380.914215, "delta": 3.353583}}
{"target": 0.1713626973144361, "params": {"f0": 0.5991579117374704, "f1": -1.9527213481853636, "f10": -2.5455803847383645, "f11": 2.4094936330989523, "f12": 1.7876688601184156, "f13": 2.4436782511498585, "f14": 2.9883413973548336, "f15": 1.4791640105491135, "f16": 0.1493160100809039, "f17": 2.1450600026144127, "f18": 1.6800643655851601, "f19": -0.9786812079855967, "f2": 0.7148179206007352, "f20": -0.01001204432229974, "f21": 1.0056525289103302, "f22": -2.341631148743283, "f23": -0.30330170525253486, "f24": -2.2564230294592402, "f25": 0.020501792141538466, "f26": 1.3342726993268483, "f27": -1.674946801362317, "f28": 2.7286455468169466, "f29": -2.5413560061845883, "f3": -2.3097141597247135, "f30": -0.25241605942679657, "f31": 2.9417172500466755, "f32": 0.8711803100296351, "f33": -2.6555129303974647, "f34": 0.4479304580604677, "f35": -0.2900127815561886, "f36": -2.546937477623366, "f37": 1.823762253900263, "f38": 2.4477418675760854, "f39": -0.7465573256504081, "f4": 1.5435887281983307, "f40": -0.9561468820649726, "f41": -2.4516372095028727, "f42": 0.901684959677084, "f43": -2.273293888001345, "f44": -2.0156813154858573, "f45": -1.377028676346333, "f46": -1.2222096303602525, "f47": -1.5855771277668298, "f48": 0.251915372974, "f49": -2.698935052086215, "f5": 0.7778685941206978, "f50": 2.9089425043445214, "f51": 1.7864453080408236, "f52": 1.2139217793627841, "f53": 1.5108342087642948, "f54": -0.36803734827730317, "f55": -2.334532417746728, "f6": 2.646751902039206, "f7": -1.7950262881658923, "f8": 2.451574547884138, "f9": -0.8243658636515603}, "datetime": {"datetime": "2023-01-24 12:31:46", "elapsed": 4456.938142, "delta": 76.023927}}
{"target": 0.20257305101948173, "params": {"f0": -0.15856247830629222, "f1": -1.7470764813042219, "f10": 1.2887019877463155, "f11": 2.0943835808536626, "f12": -0.9087803525441602, "f13": -2.3429031048901527, "f14": 0.1379406388428137, "f15": -2.828304345649711, "f16": 1.2952030901233726, "f17": -2.4948910282346204, "f18": 1.0817811857150907, "f19": 1.434824036809239, "f2": -0.846964937031272, "f20": 2.7993850697799747, "f21": -0.4978330812825198, "f22": 2.8101658785239456, "f23": 1.9954157297796824, "f24": -1.4573999647648206, "f25": 1.0482285956685242, "f26": 1.8766801360288294, "f27": 1.8271643818328496, "f28": 0.4841329949826574, "f29": -0.8571696823903157, "f3": -1.498128910274432, "f30": -2.8574934909441465, "f31": -1.8169118258477435, "f32": 0.9645404373705784, "f33": -0.859229335951369, "f34": 0.3409442973527126, "f35": 1.3978678415483383, "f36": -1.3697273472625635, "f37": 1.1884966854734724, "f38": 0.3783338241640566, "f39": 1.1984232600382487, "f4": -0.38210849811730885, "f40": -0.40236193755971694, "f41": 2.858734585138544, "f42": -1.9717967108039198, "f43": 1.3880277500832712, "f44": 0.16641585249301993, "f45": -2.719880060422576, "f46": 0.1260999510063856, "f47": 2.7129733828510396, "f48": 1.3614140112053263, "f49": 0.15138684974350358, "f5": -1.7976665299581245, "f50": -0.2950747757866834, "f51": -2.3874658643095352, "f52": 0.39819520579668444, "f53": 1.2912684410625452, "f54": 2.3123536538814493, "f55": 1.845663062129522, "f6": 0.45345532140590983, "f7": 0.7053933081521233, "f8": 1.7804110674256606, "f9": -1.5363768805941835}, "datetime": {"datetime": "2023-01-24 12:32:22", "elapsed": 4492.435242, "delta": 35.4971}}
{"target": 0.13676380674004474, "params": {"f0": -1.234011505959609, "f1": 0.6247231982257522, "f10": -1.5986074749520631, "f11": -1.0715322896289945, "f12": 2.0196502724663894, "f13": 0.8938855986200882, "f14": 1.3332133736791842, "f15": -0.26719015589388473, "f16": 2.081191780329327, "f17": 2.5358115690416874, "f18": 0.4702112612533771, "f19": -2.058807839529562, "f2": 2.109535512481849, "f20": -2.4614914994623516, "f21": 0.9651349634904718, "f22": -1.7907510981203842, "f23": 1.2154947746770866, "f24": -2.500717940142585, "f25": -2.4743685700792266, "f26": -1.7137444909779915, "f27": 2.1565513383008685, "f28": 0.8502606071388437, "f29": -0.48335300450021634, "f3": -0.5399830973010058, "f30": 0.42652376289717786, "f31": 2.0443589140703198, "f32": 2.991757506723416, "f33": 0.8656364883324028, "f34": -2.479622222928183, "f35": -1.9474115657776143, "f36": -2.9526324483603505, "f37": -2.17942438233451, "f38": 0.15687073851884836, "f39": -0.7584374372056812, "f4": 0.7038978864196075, "f40": 2.5661806341463276, "f41": -1.8399630647418066, "f42": -1.3990031684720738, "f43": -2.0609135155350726, "f44": -1.5451049568107715, "f45": 2.6910503467679243, "f46": 2.5798565278167658, "f47": 2.054077873172057, "f48": -2.396436044324561, "f49": -0.3169606251938104, "f5": 2.7722113176409486, "f50": -1.5626297693031483, "f51": -2.9035944066479757, "f52": -2.8801682073080404, "f53": 0.41019108507487934, "f54": -1.1855425310854195, "f55": -2.0469701738594415, "f6": 1.5712298109353364, "f7": -0.1926134680617464, "f8": 0.9325806882835006, "f9": 1.3622982645695876}, "datetime": {"datetime": "2023-01-24 12:33:25", "elapsed": 4555.752842, "delta": 63.3176}}
{"target": 0.04013326721237817, "params": {"f0": 0.7491097658271837, "f1": -1.043525705432441, "f10": -1.961944922303592, "f11": -1.9593117966013058, "f12": 1.9372909714990731, "f13": 2.595013116905611, "f14": -2.5220526112478083, "f15": 1.668329917119773, "f16": -2.369665942607192, "f17": -0.19082493558222602, "f18": 0.9014252901752027, "f19": -0.7103946198112352, "f2": -1.0730043253431447, "f20": 1.2662145392129052, "f21": 2.9961920658737657, "f22": 1.3116362761611011, "f23": 1.2692019116641582, "f24": -2.7789878440824345, "f25": 0.3510604515860636, "f26": 1.8094366124652979, "f27": -2.499042259014868, "f28": 1.2970669102647463, "f29": 1.5681057668816942, "f3": 2.0006949350677434, "f30": 0.11201238459364093, "f31": 2.8509513903052737, "f32": -0.36042358343633474, "f33": -0.9465013061920997, "f34": 0.2340094826874477, "f35": -0.24459589116356462, "f36": 1.5161644683783804, "f37": -1.1144131492721503, "f38": -2.7163369250802845, "f39": 0.1605360328693366, "f4": 1.0370593126332048, "f40": -2.3588313975098467, "f41": -0.14460797165092343, "f42": 1.72838120413122, "f43": 2.2116066658718267, "f44": -1.120041153712196, "f45": 2.7570366294514006, "f46": 0.42749891223228076, "f47": 1.8893309543763248, "f48": 0.19492707484509797, "f49": -1.6116582396150163, "f5": 2.1167226541835973, "f50": -0.08051484802629805, "f51": 2.878304466110314, "f52": -0.9519970844859786, "f53": 0.4128392775254386, "f54": -0.8744246686429786, "f55": 1.5974048513233328, "f6": 1.1350338769476274, "f7": 1.9562278549446699, "f8": -0.523105785125952, "f9": 1.19798529544331}, "datetime": {"datetime": "2023-01-24 12:38:04", "elapsed": 4834.53437, "delta": 278.781528}}
{"target": 6.053340678060664e-05, "params": {"f0": -2.680242917323345, "f1": -1.1634215096882423, "f10": 0.5179292545357566, "f11": 2.391672631868074, "f12": -2.099019172446396, "f13": 1.8866782610697852, "f14": -1.9900209177887138, "f15": 2.976557162602562, "f16": 1.3740496418354864, "f17": 1.2901113467034548, "f18": 0.7413315592380876, "f19": 2.7882209326140046, "f2": 0.764717292118211, "f20": -0.3465343904721241, "f21": -2.0451158066675834, "f22": 1.8606230294708341, "f23": -2.549521569535688, "f24": -2.7993285731914472, "f25": -0.5812625610824238, "f26": 1.2307343908134696, "f27": 0.535570313642415, "f28": 2.8345896430531283, "f29": 1.6617099739935677, "f3": -2.992541952617711, "f30": 1.4627905923958986, "f31": -2.5653669970164223, "f32": -1.194865093890632, "f33": -1.7373793544901435, "f34": -0.9331243519384218, "f35": 1.4228155113705432, "f36": -1.622273436067018, "f37": -0.3093802766881959, "f38": -2.4167851447806776, "f39": 1.5866634432491242, "f4": -2.101348144438637, "f40": 2.253996784924655, "f41": 2.7447951443633256, "f42": 0.5622387202791952, "f43": -1.2287210129154302, "f44": -2.3728151895722567, "f45": -1.961570000720677, "f46": 1.9961171515554401, "f47": 1.9305127544115699, "f48": 0.632064350611294, "f49": 1.2911371417710287, "f5": 0.7114377375484962, "f50": -1.284696456990508, "f51": 2.775844204425982, "f52": 2.060466712332551, "f53": -2.9569814150896594, "f54": 0.2652745672214447, "f55": -1.8751479761469265, "f6": 1.9633963466120665, "f7": 0.22246478652574497, "f8": -0.05884351344362937, "f9": -0.524477274039489}, "datetime": {"datetime": "2023-01-24 12:40:30", "elapsed": 4980.22838, "delta": 145.69401}}
{"target": 0.31770423923584784, "params": {"f0": -1.0968130174478308, "f1": 0.3251554587741303, "f10": -2.139573789869411, "f11": 1.780803755757698, "f12": 2.5501324580906193, "f13": 2.303549248880417, "f14": -2.4730518149737724, "f15": -1.5747056742014918, "f16": 2.3138723552708527, "f17": -0.7457627458704437, "f18": 1.6907968723288054, "f19": 0.7283448349732362, "f2": -1.6780943639141257, "f20": -1.1104489395280677, "f21": -0.4908036952674446, "f22": 1.6359780955446803, "f23": 1.3712009271888395, "f24": 0.6932954435825911, "f25": -0.10135298752047905, "f26": 1.3137460692659504, "f27": 2.1284541484432022, "f28": 1.0326718408305933, "f29": -1.3017167544309765, "f3": 1.4805986800485824, "f30": 2.3146842909611864, "f31": 1.0401068329274405, "f32": -0.941978358145195, "f33": -1.9326264679525107, "f34": 2.5398848892452497, "f35": -0.3128279921725232, "f36": -1.3730963126365834, "f37": -0.7984429173655734, "f38": 1.7578826868696087, "f39": -1.4405076770925336, "f4": 0.8793972602513684, "f40": -0.4877373576476858, "f41": -1.6250613212141554, "f42": 1.7900030104690492, "f43": 1.6014509700631399, "f44": -0.6592403424335069, "f45": -1.5879053012507167, "f46": -1.6734079981111476, "f47": 2.975536941218163, "f48": -1.1529881475378558, "f49": 2.2128478041626503, "f5": -0.3386673080385947, "f50": 1.6541447939724918, "f51": 1.7669912744248997, "f52": 0.11088535339396355, "f53": -2.485883230805448, "f54": 1.4951815059222398, "f55": 2.468137697268345, "f6": -0.9890444236327167, "f7": 1.6753613236946308, "f8": 1.3474370495070946, "f9": 0.6892206031244745}, "datetime": {"datetime": "2023-01-24 12:41:27", "elapsed": 5037.053927, "delta": 56.825547}}
{"target": 0.2166966946082228, "params": {"f0": 0.14258807502695792, "f1": 0.14864993078858735, "f10": 0.6276120211096234, "f11": -2.4984216180237544, "f12": 2.942672364616975, "f13": -2.829367294309665, "f14": 1.8782402118537425, "f15": 1.2016680449114236, "f16": 0.27913944731320717, "f17": 0.2700854650040645, "f18": -0.5032318092337542, "f19": -0.11563743721978348, "f2": 2.6633071816620664, "f20": -2.1954950809705323, "f21": 0.12168411339657981, "f22": -1.566285139925733, "f23": 0.24605480981621985, "f24": -1.4629375798348048, "f25": 1.5379637112456335, "f26": 2.282293557251034, "f27": 2.929819441300962, "f28": -0.5264766932099043, "f29": 0.9690011098479356, "f3": -0.9773313677331261, "f30": -2.393589903925383, "f31": -0.3895882577595877, "f32": -2.7004467130560177, "f33": -0.7844348134857873, "f34": 2.0554145516368534, "f35": -2.206897315589718, "f36": -0.5853896840274402, "f37": -1.807116846676017, "f38": 0.7076850356690638, "f39": -1.2693263181208727, "f4": 1.9819001980550928, "f40": -2.701636346716197, "f41": 0.2619331062352801, "f42": 1.3847624186986796, "f43": -2.4958932844264883, "f44": 0.7651691427769665, "f45": -0.6252121844127334, "f46": 1.8194547797114664, "f47": -1.9224355620208768, "f48": -0.47669268516898633, "f49": 2.4405887217091955, "f5": 2.2082693509668996, "f50": -1.526913244015398, "f51": -2.1014241257118873, "f52": 0.5184901729682245, "f53": -2.30566805196169, "f54": 2.800565128795098, "f55": 2.497834407513615, "f6": -2.374058695997067, "f7": 2.0181352533836536, "f8": 0.8793055998568899, "f9": 2.314190979608619}, "datetime": {"datetime": "2023-01-24 12:42:21", "elapsed": 5091.860842, "delta": 54.806915}}
