{"target": 0.2603696983538843, "params": {"f0": 1.1816489796602216, "f1": -0.25095986050263513, "f10": 2.146966949634345, "f11": 0.2473142197556783, "f12": 1.868776566233418, "f13": 0.27346512583621585, "f14": -0.19626627093299176, "f15": 1.3624640330602442, "f16": -1.7231285765694642, "f17": 1.864842477372322, "f18": -2.4659880870066107, "f19": -0.22078610510578456, "f2": -1.4955019527358315, "f20": -1.3552164490781133, "f21": -2.0459488862770434, "f22": -2.44118962247201, "f23": -2.230568905228665, "f24": -1.6529465416918734, "f25": -1.019267016912541, "f26": -2.4618870561641275, "f27": -0.8631637339684954, "f28": 2.0505686616535574, "f29": -1.737109544708472, "f3": 2.586420268471303, "f30": 2.930972936017424, "f31": -0.1781247687930907, "f32": 1.8585604472862847, "f33": -1.5374796604010719, "f34": 2.751264393221393, "f35": -2.561108673807587, "f36": -2.295090386006964, "f37": 1.6773491290103855, "f38": 0.3514196725947034, "f39": 2.0060459406020357, "f4": -2.3966342310440503, "f40": 0.5734286985096614, "f41": -2.2255518059749315, "f42": -2.2498648670451438, "f43": -2.909844898779638, "f44": -1.9423616876138423, "f45": 0.03898974063550675, "f46": -0.058866106145640695, "f47": 2.312796840945314, "f48": 0.1508321392751507, "f49": 1.7480312099283901, "f5": -0.06903614538406733, "f50": 1.1101041878635218, "f51": 0.6815899877957937, "f52": 0.5262389465420794, "f53": -2.655202340100077, "f54": -0.18140619608266562, "f55": -0.13116749073767853, "f6": 0.919183765703069, "f7": -1.8044939688429458, "f8": -1.0548143086944255, "f9": -0.7331188390079555}, "datetime": {"datetime": "2023-01-24 13:39:12", "elapsed": 8502.957032, "delta": 47.925196}}
{"target": 0.5371402518979782, "params": {"f0": 0.7689549708179357, "f1": 0.01557085747296344, "f10": 1.7231346960631457, "f11": 0.9518989904533528, "f12": 1.8788212171885672, "f13": 1.029096309258322, "f14": 0.18995444932203331, "f15": 0.9466874097388116, "f16": -2.0787409122800833, "f17": 1.9769506681801878, "f18": -2.7669103606373553, "f19": -1.1665569442223198, "f2": -1.3531343245216658, "f20": -1.337568797057144, "f21": -1.9443249270347343, "f22": -2.742016003515715, "f23": -1.7812931969299406, "f24": -2.008534408155777, "f25": -1.1889593281962085, "f26": -2.1191871822411414, "f27": -0.8657031686179484, "f28": 2.7009964158985125, "f29": -1.5318717139282894, "f3": 2.0432104466522456, "f30": 2.5020986318773835, "f31": -0.6516148840831012, "f32": 2.1784818193589945, "f33": -1.8595788883961362, "f34": 1.9148396752129981, "f35": -2.06258778970356, "f36": -2.198434073703347, "f37": 1.6746264015044574, "f38": -0.10940931362787032, "f39": 1.6500326308299516, "f4": -2.8393068907787247, "f40": 0.37892544540023887, "f41": -1.6958376056436106, "f42": -2.1280238942679963, "f43": -3.1949877980300565, "f44": -2.0299432630945202, "f45": -0.21922065727865292, "f46": 0.050881215810261615, "f47": 1.3865206976427933, "f48": 0.46915150302475195, "f49": 1.4195712372538607, "f5": 0.5188759020259431, "f50": 0.7769055602098571, "f51": 1.2438633704705242, "f52": 0.6217647825934873, "f53": -2.432073770680893, "f54": -0.09256018767140628, "f55": -0.3910878512614231, "f6": 1.407513907824734, "f7": -1.687827295516978, "f8": -1.235763482779936, "f9": -0.6923533631147635}, "datetime": {"datetime": "2023-01-24 13:40:14", "elapsed": 8564.98645, "delta": 62.029418}}
{"target": 0.16980148216207616, "params": {"f0": 0.5095648482469199, "f1": -0.4491059254354962, "f10": 2.1073413624807085, "f11": 0.6706689261907879, "f12": 2.2088564544682057, "f13": 1.0506086571199016, "f14": -0.549346595370091, "f15": 1.3150893194018665, "f16": -1.495267061249073, "f17": 1.1611962982921669, "f18": -2.1479650236656287, "f19": -1.1184962084236991, "f2": -1.5117287051917268, "f20": -1.6300450909385402, "f21": -1.990579018000938, "f22": -2.187008767037658, "f23": -1.3743151382314522, "f24": -2.3365278869359707, "f25": -0.9422768847565686, "f26": -2.1488102195450396, "f27": -0.7643830887633031, "f28": 2.5355218625182263, "f29": -1.6263074803404693, "f3": 1.988049443646152, "f30": 2.798513872543478, "f31": -0.817474380025129, "f32": 1.957538679972201, "f33": -1.6006311369168214, "f34": 2.572757352222043, "f35": -1.8558502690350587, "f36": -2.0328198925634853, "f37": 1.7696154531652142, "f38": 0.3507840093069138, "f39": 1.8381204025949878, "f4": -2.901634027089887, "f40": 0.6225046042582608, "f41": -1.942738090618748, "f42": -1.6475386919072998, "f43": -2.821579828692243, "f44": -2.0716501625335373, "f45": 0.4828072830419866, "f46": 0.1829528485742532, "f47": 1.9966617654310062, "f48": -0.18427347207613193, "f49": 0.9671066028567284, "f5": -0.0007830858642836613, "f50": 0.27648096315557646, "f51": 1.3086870673262683, "f52": 0.5211418206894445, "f53": -2.63048981966167, "f54": -0.22059673644170696, "f55": -0.6667828923552682, "f6": 1.5223533930257067, "f7": -0.9993971426388649, "f8": -0.5583604320218611, "f9": -1.0389875133254185}, "datetime": {"datetime": "2023-01-24 13:41:13", "elapsed": 8623.970125, "delta": 58.983675}}
{"target": 0.20771015206564497, "params": {"f0": 0.8412591174895907, "f1": 0.034535680623193066, "f10": 1.7224343415040164, "f11": 0.2569079387775316, "f12": 2.612829261322686, "f13": 0.6291052639753452, "f14": 0.0848036512166015, "f15": 1.178593197819959, "f16": -1.6434513102978725, "f17": 1.5311946613333138, "f18": -2.695068119989276, "f19": -1.2056442128902654, "f2": -1.5968635093978805, "f20": -1.6634510431234337, "f21": -1.48536516603208, "f22": -2.714755469280328, "f23": -2.2440813559473107, "f24": -1.9178558466548452, "f25": -0.9992019954964063, "f26": -2.3614144800192363, "f27": -1.2497617393954472, "f28": 2.4469107085868957, "f29": -1.831031270436095, "f3": 1.9402372193027175, "f30": 2.4945133887554953, "f31": -0.6671164313589599, "f32": 2.1451624287290225, "f33": -1.5245291490595354, "f34": 2.167213081548313, "f35": -2.7418514511466565, "f36": -1.8088640186389862, "f37": 0.9108363213034117, "f38": 0.34969841556066394, "f39": 1.8192606160984774, "f4": -3.0876791129511756, "f40": 0.3456314141902641, "f41": -1.5890488997442973, "f42": -2.4967420548487973, "f43": -3.1522492983102577, "f44": -1.7441444615737522, "f45": 0.10760388949290234, "f46": -0.11977870619680198, "f47": 2.0783769795795526, "f48": -0.11771533690115532, "f49": 1.0145366695150617, "f5": -0.20092746436041953, "f50": 0.2926431872216584, "f51": 1.3041953694220165, "f52": 0.9254787931139496, "f53": -2.530412614076542, "f54": -0.3903935233802114, "f55": -0.1555138335732663, "f6": 0.8916178496055374, "f7": -1.1881576096620428, "f8": -0.8288016027353378, "f9": -0.8903017742449498}, "datetime": {"datetime": "2023-01-24 13:41:22", "elapsed": 8632.684856, "delta": 8.714731}}
{"target": 0.6787823648326698, "params": {"f0": 0.5607365176547201, "f1": 0.2783027472622141, "f10": 2.359511953852689, "f11": 0.9946505715505863, "f12": 2.0084911326464465, "f13": 0.5851303755751199, "f14": -0.3219915191755638, "f15": 0.7138457457731786, "f16": -1.7203451378659382, "f17": 1.5227563673541389, "f18": -2.787932357890675, "f19": -0.2765512041274931, "f2": -1.7981880094838314, "f20": -1.291285854532915, "f21": -1.6367929784259732, "f22": -2.29618966273347, "f23": -1.3192551730861615, "f24": -1.9299369232874826, "f25": -0.5823539656694312, "f26": -2.2574932743763183, "f27": -1.4210223066820662, "f28": 2.801323132146321, "f29": -1.8781541164388795, "f3": 1.8872724493369128, "f30": 3.1630594259361953, "f31": -0.8413115439392401, "f32": 1.5087652097667377, "f33": -1.6296872393479527, "f34": 2.715245820176552, "f35": -2.7412186687017996, "f36": -2.4293350196919987, "f37": 1.2716319021424303, "f38": 0.27325628840380933, "f39": 2.157689604273264, "f4": -2.9530036469382215, "f40": 0.23878402969897672, "f41": -1.606471509121635, "f42": -1.9874608536344236, "f43": -2.997794050881777, "f44": -1.6426843971377054, "f45": 0.3496881918494963, "f46": -0.01017851078733123, "f47": 1.414711832902186, "f48": -0.21137611731934736, "f49": 1.1541400485136664, "f5": -0.135735073961735, "f50": 0.26500676903511233, "f51": 1.1102077832521415, "f52": 0.4527515513617926, "f53": -1.877366613266383, "f54": -0.050933922242248686, "f55": -0.45249529462878535, "f6": 1.365118159105951, "f7": -1.4921740042101956, "f8": -0.5370086402613276, "f9": -1.4851939401033456}, "datetime": {"datetime": "2023-01-24 13:42:40", "elapsed": 8710.469569, "delta": 77.784713}}
{"target": 0.32253719739994835, "params": {"f0": 0.7079589665859464, "f1": -0.13766172047852648, "f10": 2.334763282437396, "f11": 0.2780345542998548, "f12": 2.4602298945059613, "f13": 0.9152924844041523, "f14": -0.4745275727898396, "f15": 1.2021631057698277, "f16": -1.96093639101124, "f17": 1.1345981500996227, "f18": -2.5901142720177464, "f19": -0.40018549546200377, "f2": -1.9307822290390888, "f20": -1.6137907285204982, "f21": -2.1187871075763622, "f22": -2.961555393980095, "f23": -1.6498444734585447, "f24": -1.6085053901223016, "f25": -0.7406365224329097, "f26": -2.4757838571148953, "f27": -0.753244142858009, "f28": 2.7556774370615345, "f29": -1.4192452923736512, "f3": 2.0239447829062165, "f30": 2.577260506080584, "f31": -0.46968492077967283, "f32": 1.8909795395369455, "f33": -1.964179259968668, "f34": 1.879507692496193, "f35": -2.5409958810865736, "f36": -2.389454335098594, "f37": 1.6761803162091828, "f38": -0.08333350543391538, "f39": 1.5350382481052627, "f4": -2.906952686897478, "f40": -0.17003858603397837, "f41": -1.6943321113004626, "f42": -2.5715061186012402, "f43": -3.29927105068496, "f44": -2.109108145314768, "f45": -0.19185410577848028, "f46": 0.02773779820133704, "f47": 1.6374410246865136, "f48": 0.19518338705513838, "f49": 1.4931888243929365, "f5": 0.22890875265561583, "f50": 1.1895547181054091, "f51": 0.5558182040273046, "f52": 0.9840089614791028, "f53": -1.9909598900881396, "f54": -0.4370876020198472, "f55": -0.26983169193535683, "f6": 1.7735702944342289, "f7": -1.347986739187562, "f8": -0.7873756766898349, "f9": -1.4784553455001341}, "datetime": {"datetime": "2023-01-24 13:43:59", "elapsed": 8789.066744, "delta": 78.597175}}
{"target": 0.4719923293456295, "params": {"f0": 0.7366114310513343, "f1": 0.11608488264503253, "f10": 2.470288988057591, "f11": 0.2232343385238098, "f12": 1.8958921990306732, "f13": 1.04947017980618, "f14": -0.4654119846963247, "f15": 1.3212319802537213, "f16": -1.6752618809034778, "f17": 1.394432182461753, "f18": -2.257571773677988, "f19": -1.1222956512225675, "f2": -1.7839635293882, "f20": -2.034747882963287, "f21": -1.7238069193073664, "f22": -2.595277518240431, "f23": -2.2346688645640143, "f24": -1.6342385223026519, "f25": -0.7104132320468506, "f26": -2.6391759158382677, "f27": -1.182052079868889, "f28": 2.698552504463997, "f29": -1.5566353711650132, "f3": 1.9205575214478785, "f30": 3.319341213816495, "f31": -0.8137650835936254, "f32": 1.6609548804101064, "f33": -1.4180545191832086, "f34": 1.940530758372756, "f35": -2.374256891955281, "f36": -1.5578263348676795, "f37": 1.5007259279151308, "f38": 0.1420858290083004, "f39": 2.063875033337404, "f4": -3.2049829540636576, "f40": 0.022842300806744764, "f41": -1.63885225889788, "f42": -2.1044152691090576, "f43": -3.258443673589177, "f44": -2.3619997676886055, "f45": -0.3706955398570255, "f46": 0.052396713989496746, "f47": 2.322958755276749, "f48": -0.15209725889278308, "f49": 1.049259176342623, "f5": 0.40203191339645006, "f50": 0.8795611528998906, "f51": 1.2377748202940033, "f52": 0.14382935571948086, "f53": -2.732627109228162, "f54": -0.744394142400961, "f55": -0.24488012240306467, "f6": 1.5763949241351503, "f7": -1.098489910132302, "f8": -0.7284771468116519, "f9": -0.5631064874122345}, "datetime": {"datetime": "2023-01-24 13:45:01", "elapsed": 8851.398527, "delta": 62.331783}}
{"target": 0.696751005266308, "params": {"f0": 1.2677930219191622, "f1": -0.031941526843749124, "f10": 2.1651943531459215, "f11": 0.4880780293547884, "f12": 2.0395058749656876, "f13": 1.0659108434612952, "f14": -0.4337460720340319, "f15": 1.1589534876413938, "f16": -1.4189452136045038, "f17": 1.5940810673087946, "f18": -2.645907045830633, "f19": -0.7742434669636463, "f2": -1.7208103403945865, "f20": -2.1728009213131028, "f21": -1.560019780486528, "f22": -2.431362239781338, "f23": -1.5714260891863423, "f24": -1.5918922303610472, "f25": -0.6255810128604995, "f26": -2.4900340929008227, "f27": -0.7984566496019843, "f28": 2.939951767391568, "f29": -1.3380734026218901, "f3": 2.7605435072693623, "f30": 3.335304382808788, "f31": -0.11163509941234606, "f32": 1.7039442772144888, "f33": -1.425773806553795, "f34": 2.272319721887633, "f35": -2.1031861998765753, "f36": -2.308423907442346, "f37": 0.9550468586878862, "f38": 0.09947825910847541, "f39": 2.210752626080896, "f4": -2.5150267721711432, "f40": 0.4976468641936057, "f41": -2.207501915304346, "f42": -2.567655041224704, "f43": -3.092557811613752, "f44": -2.2744743597565042, "f45": -0.08127958944287406, "f46": -0.07694116919241079, "f47": 2.2893222116059597, "f48": -0.0037375885996798197, "f49": 1.3149098889891777, "f5": 0.7371520398512756, "f50": 0.47507296018354894, "f51": 0.7596493228745492, "f52": 0.24447906283808962, "f53": -2.4165402307776427, "f54": -0.7665162472868856, "f55": -0.7938085975019528, "f6": 1.0559972051190596, "f7": -1.0204310329099828, "f8": -1.4519339447949142, "f9": -1.008799949164083}, "datetime": {"datetime": "2023-01-24 13:45:02", "elapsed": 8852.759224, "delta": 1.360697}}
{"target": 0.3812781196228034, "params": {"f0": 0.7437826927066545, "f1": 0.335396236933942, "f10": 1.7356070364342464, "f11": 1.0388446255671975, "f12": 2.1282678850244814, "f13": 0.8011613360644484, "f14": -0.29946380032763786, "f15": 0.9958650852669927, "f16": -1.7558885559279058, "f17": 1.4351542228494396, "f18": -2.162453204176292, "f19": -0.5742798552769679, "f2": -2.0961734402970285, "f20": -2.100180929199536, "f21": -1.5173372977520567, "f22": -2.817340939318429, "f23": -2.165055107235389, "f24": -2.0394209289722176, "f25": -1.346363424471123, "f26": -2.7069419028094623, "f27": -0.6179833914570552, "f28": 2.1203003740473867, "f29": -1.836770212516659, "f3": 2.47554119201908, "f30": 2.8377051940702467, "f31": -1.0574147898443973, "f32": 1.6955767734113918, "f33": -1.876249960975394, "f34": 2.5889788245107748, "f35": -2.257813557739595, "f36": -1.5861928871934385, "f37": 1.8030693075795234, "f38": -0.02776797370448214, "f39": 2.3125286671900955, "f4": -2.5534720840993534, "f40": -0.2336541362392267, "f41": -1.6691973743986934, "f42": -2.4813815801404453, "f43": -2.483986180646494, "f44": -2.5618461405063946, "f45": 0.4505130165096331, "f46": 0.3615891819097219, "f47": 2.3569652513765535, "f48": -0.30403302222058326, "f49": 1.7430712800481327, "f5": -0.23823669318849905, "f50": 0.9157753902112606, "f51": 0.5758418313383963, "f52": 0.3511856903979772, "f53": -2.345594068009685, "f54": -0.6827268133493779, "f55": -0.7977072769040001, "f6": 1.362798108596484, "f7": -0.9646497502920919, "f8": -1.1167322425592485, "f9": -1.4846330478627563}, "datetime": {"datetime": "2023-01-24 13:45:35", "elapsed": 8885.329166, "delta": 32.569942}}
{"target": 0.4167120108990556, "params": {"f0": 0.50417739253138, "f1": -0.43038605780993205, "f10": 2.4309716675047293, "f11": 0.4609250918324669, "f12": 2.5753293597314366, "f13": 0.5746399195538543, "f14": -0.3388104374836457, "f15": 1.5744411861571663, "f16": -1.9324066654709686, "f17": 1.3733791813862235, "f18": -2.212533474264274, "f19": -0.7162831700705724, "f2": -1.9888883860372903, "f20": -1.9495952940500536, "f21": -1.7604805771736847, "f22": -2.865587611504913, "f23": -1.8445726512376237, "f24": -2.1727708235211365, "f25": -1.4216575973075165, "f26": -1.961500890890152, "f27": -0.6251885729696027, "f28": 2.33181087704829, "f29": -1.6771366204652067, "f3": 2.6992058229834126, "f30": 3.141632369957753, "f31": -1.0301559290793862, "f32": 2.124524163628387, "f33": -2.2057825010018357, "f34": 2.813791287304073, "f35": -2.092335484320147, "f36": -1.997433382211561, "f37": 1.3587097926626903, "f38": -0.20457806872599266, "f39": 2.044492668690346, "f4": -3.1097667303204073, "f40": -0.013812520944985307, "f41": -1.8454597947450615, "f42": -2.191021792527411, "f43": -3.354840084919528, "f44": -2.114813361586049, "f45": 0.34655988561415313, "f46": 0.535905467479172, "f47": 1.9003933294077924, "f48": -0.3633160359945066, "f49": 1.2686599883121357, "f5": -0.1090154524024407, "f50": 0.24941688818317842, "f51": 0.7925188418478598, "f52": 0.5417189667196032, "f53": -1.9278361129480956, "f54": -0.048108244390116295, "f55": -0.46192982472541066, "f6": 1.7258625578154185, "f7": -1.0159003102005344, "f8": -0.4960485332592256, "f9": -0.6988775072620498}, "datetime": {"datetime": "2023-01-24 13:46:17", "elapsed": 8927.388664, "delta": 42.059498}}
{"target": 0.30111286273639915, "params": {"f0": 1.4298291426740573, "f1": -0.38221572191284975, "f10": 2.5738934282114116, "f11": 0.2508627394841043, "f12": 2.48511033233258, "f13": 0.6818450282473704, "f14": -0.1519302664775064, "f15": 0.92426168091813, "f16": -1.5498383627321322, "f17": 1.7241520127567704, "f18": -2.2532599738265087, "f19": -0.9780896563224155, "f2": -1.4416815588273915, "f20": -1.3132371914640633, "f21": -2.4037474339289617, "f22": -2.956444996111656, "f23": -1.6323672298335796, "f24": -2.328966102431688, "f25": -0.9690366314727455, "f26": -2.2537910949810778, "f27": -0.5934314678926917, "f28": 2.2499205653834693, "f29": -1.8424076765297555, "f3": 2.0146865607902216, "f30": 2.574017785423192, "f31": -0.1562320139207246, "f32": 1.4054415852515487, "f33": -1.5931826064397274, "f34": 2.5716655114114304, "f35": -2.1602291278849886, "f36": -2.3997507009414045, "f37": 1.3756847601332138, "f38": 0.09467265296192667, "f39": 1.689456651689384, "f4": -2.880248519462191, "f40": 0.126432317310481, "f41": -1.519557821473407, "f42": -2.059309615556315, "f43": -2.5044679425503706, "f44": -2.5248342981402287, "f45": 0.044016404372493656, "f46": 0.6008049536375236, "f47": 1.87521674789933, "f48": 0.24850206881205888, "f49": 1.177385376485018, "f5": -0.08044216612118182, "f50": 0.4184647926633641, "f51": 0.8065261994980594, "f52": 0.5870009951860831, "f53": -2.175728789989109, "f54": -0.028600188942814464, "f55": -0.35798153907309527, "f6": 1.1607605625961228, "f7": -1.779548572159396, "f8": -0.5403915107951269, "f9": -0.5900970628477318}, "datetime": {"datetime": "2023-01-24 13:47:34", "elapsed": 9004.870055, "delta": 77.481391}}
{"target": 0.3495757652445056, "params": {"f0": 0.7107973477871162, "f1": -0.21909198875921615, "f10": 1.8194118301779236, "f11": 1.0551809112954915, "f12": 2.019162716646451, "f13": 1.1080050678809408, "f14": 0.21326490721917246, "f15": 1.4989102002541472, "f16": -2.0679488991739734, "f17": 2.025042297172673, "f18": -2.769299735864223, "f19": -0.6941590191241906, "f2": -1.6669968813818072, "f20": -1.2725643517115142, "f21": -2.003390414488237, "f22": -1.99640104109222, "f23": -1.558851857108538, "f24": -2.1145618744632646, "f25": -1.1596968206343004, "f26": -2.7977883899552363, "f27": -0.5851472362677301, "f28": 2.9084723830224943, "f29": -1.534666858910017, "f3": 2.5406779379736495, "f30": 2.6382780751964514, "f31": -0.3312634257974314, "f32": 2.2642720096055764, "f33": -2.263715313621822, "f34": 2.4530527197669674, "f35": -2.623014138869845, "f36": -2.115594067179644, "f37": 1.123965518420272, "f38": -0.09276113940729369, "f39": 1.8425062410339756, "f4": -2.9160372431692947, "f40": 0.2988321291813182, "f41": -2.208333646956133, "f42": -1.9504807875567636, "f43": -2.9312704953870043, "f44": -2.2458933451382648, "f45": -0.38374109753234553, "f46": -0.1718602784851455, "f47": 1.7310633632050298, "f48": -0.2999259341400585, "f49": 1.2649789051213314, "f5": 0.3477968746937453, "f50": 0.7298203519574277, "f51": 1.3036908029234309, "f52": 0.806458769608543, "f53": -2.609627202018239, "f54": -0.5174045561918966, "f55": -0.5853206526722529, "f6": 0.9557736991810303, "f7": -1.8803185082496665, "f8": -0.6156289517987096, "f9": -1.179897465086019}, "datetime": {"datetime": "2023-01-24 13:48:14", "elapsed": 9044.195419, "delta": 39.325364}}
{"target": 0.4636128455098213, "params": {"f0": 1.120613045361499, "f1": -0.42412828792242113, "f10": 2.0234694674329017, "f11": 0.19128509218480305, "f12": 2.078691600383281, "f13": 0.2771617197308339, "f14": 0.244074414188429, "f15": 0.9186154401920649, "f16": -1.2313178981183928, "f17": 1.7649681166208009, "f18": -2.0286592032847337, "f19": -0.2739911358182664, "f2": -1.8807002061139617, "f20": -1.957016148041113, "f21": -1.6137249379615517, "f22": -2.847807235673689, "f23": -2.246733220937804, "f24": -2.4235472618245364, "f25": -1.37917635615478, "f26": -2.604642216378233, "f27": -1.42940806632815, "f28": 3.035244800893875, "f29": -1.9482776795905636, "f3": 1.9870623213378376, "f30": 3.4095248791893282, "f31": -0.8264947304198162, "f32": 1.6384350270363954, "f33": -1.9932275570655191, "f34": 1.9876612573168355, "f35": -2.1188468236248763, "f36": -2.344748573181545, "f37": 1.1448400871036348, "f38": -0.035799873891542267, "f39": 1.4581837951793548, "f4": -2.734971481067576, "f40": 0.45970784932835895, "f41": -1.845690214420375, "f42": -2.544475324550834, "f43": -2.805632976046213, "f44": -1.9558347125486193, "f45": 0.39398560478934697, "f46": 0.2462570168284286, "f47": 2.3547536968692198, "f48": -0.0170398084539633, "f49": 1.3242618998797469, "f5": 0.5151672447239962, "f50": 0.8851350562504645, "f51": 0.5214912101198961, "f52": 0.43495811274042967, "f53": -2.5038495579668254, "f54": -0.28713623680151323, "f55": -0.2613574638569838, "f6": 1.1259309038361454, "f7": -1.5296727021275807, "f8": -0.5220772887786256, "f9": -0.7369449749713263}, "datetime": {"datetime": "2023-01-24 13:50:02", "elapsed": 9152.493971, "delta": 108.298552}}
