{"target": 0.12685000572886382, "params": {"f0": 2.4774220521597163, "f1": 1.640741988817096, "f10": -1.7038108946089359, "f11": 0.9480522205140671, "f12": 2.594194170881563, "f13": -0.8324668069445682, "f14": 0.33212032978798955, "f15": 1.7497391335286903, "f16": 2.1381973428090664, "f17": -0.11850050438852255, "f18": -1.6534038939404032, "f19": -2.50631667172509, "f2": -1.3549385244114602, "f20": 0.043180278398436744, "f21": 1.3083253434054143, "f22": -1.0776674143114204, "f23": -1.5177880544383102, "f24": 2.387446120545608, "f25": 2.783069926107391, "f26": 2.2806099363905847, "f27": 1.9349765357582065, "f28": -2.326079126929745, "f29": -0.9940437600409968, "f3": -0.29080219552685005, "f30": 0.4575037240976352, "f31": 1.586612239686608, "f32": -1.1805699263187073, "f33": -2.5148828244566737, "f34": -2.067689664661863, "f35": -0.8300038622339545, "f36": -0.5097333740203398, "f37": -1.946855075895996, "f38": 1.8153059016163802, "f39": 2.5707990591182615, "f4": 2.646518518639186, "f40": 2.8543487515495762, "f41": 2.600696933354376, "f42": 2.129438654885643, "f43": 2.78369331008958, "f44": 2.702007945343846, "f45": 2.4784096391348047, "f46": 2.551122275124528, "f47": -1.87573790569441, "f48": -0.26092498623743854, "f49": 0.23317446519417118, "f5": -2.8688801380313205, "f50": -1.2322482919477136, "f51": -1.7578972477414812, "f52": 2.4935172913594883, "f53": 1.423126741911024, "f54": -1.317481369925946, "f55": 2.7897347878973555, "f6": -0.7513143318866939, "f7": -2.9884471880637236, "f8": 0.5924570432508158, "f9": -1.9052489953739047}, "datetime": {"datetime": "2023-01-24 12:11:43", "elapsed": 3253.659451, "delta": 57.021572}}
{"target": 0.059482451139377966, "params": {"f0": 1.3756261350156969, "f1": 0.49703971985100637, "f10": -2.6600123783528242, "f11": 2.9000872133017728, "f12": -2.461576510046177, "f13": 1.8545474795080334, "f14": -0.9154639718348863, "f15": 2.883329798987014, "f16": -1.0451674966030382, "f17": 1.2821963520129431, "f18": -1.0152980925306356, "f19": -0.18291095533680668, "f2": -0.29192528866666567, "f20": 0.49971262478197165, "f21": 1.0562237996088548, "f22": 2.2740373035887025, "f23": 2.1062017130372936, "f24": -0.8206709006561468, "f25": 2.385394623500411, "f26": -0.0786186817994885, "f27": 2.0980135772177055, "f28": 0.3243523340096912, "f29": -2.0105669379196653, "f3": 0.5779492452304336, "f30": 1.1873178221332514, "f31": 1.0841270725920733, "f32": -0.490790526714596, "f33": -0.8804539834464382, "f34": -2.472029926761302, "f35": -1.7897195746747858, "f36": 0.1910923445739905, "f37": 0.24401341483749572, "f38": 1.974204565969476, "f39": -0.07553217173752103, "f4": 0.9740913271784688, "f40": -1.839437738673706, "f41": 0.13669461772188196, "f42": 2.0044223188291364, "f43": 1.103441331016608, "f44": -2.012452120727115, "f45": -1.1103188047343793, "f46": 0.3602488244840507, "f47": -1.7632966204432592, "f48": 2.0034728561460584, "f49": 2.3630482074192356, "f5": 0.6555748468452993, "f50": -2.3985529941557564, "f51": -0.4490549936522559, "f52": 2.8851631877150004, "f53": -0.9885900711273594, "f54": -1.6391425675718767, "f55": 0.7745678192972814, "f6": -0.6678441298408675, "f7": -0.3404806364581283, "f8": -1.996484837930933, "f9": -1.5735054203734253}, "datetime": {"datetime": "2023-01-24 12:12:10", "elapsed": 3280.971671, "delta": 27.31222}}
{"target": 0.15014219052359956, "params": {"f0": 1.346696669037203, "f1": 2.7360085480018412, "f10": -1.0801327781280101, "f11": -1.3959940078188848, "f12": -0.12232831659492494, "f13": 1.612677350886762, "f14": -2.9630430185026975, "f15": -2.8805065253219464, "f16": -0.7241660725370087, "f17": -1.351359594427378, "f18": 2.6482708952974896, "f19": -0.619306263973078, "f2": -0.26433143359201594, "f20": 2.6924586872566376, "f21": 0.9590590410238047, "f22": -2.2074482568334606, "f23": 0.6219113922556012, "f24": -0.5527659952477393, "f25": -2.7895781170965632, "f26": 1.5214318864264138, "f27": -2.819620505387576, "f28": -2.4040238937386773, "f29": 1.2784145085380443, "f3": 1.6248280377748952, "f30": 0.6292372954822731, "f31": -0.7707466411996462, "f32": -2.798583390787609, "f33": -2.8064530337862026, "f34": -1.1442848087299906, "f35": -2.837050602229691, "f36": -1.8558166719087597, "f37": 0.5747926649540318, "f38": -2.0226381355708947, "f39": -0.038211912422926986, "f4": -0.35187960032738097, "f40": 2.405880540736405, "f41": 0.660290505829265, "f42": 0.4898751273828825, "f43": -2.0870939156641573, "f44": -2.561797022792062, "f45": -0.06687518777584156, "f46": 2.9037037328741313, "f47": 1.7856797250003762, "f48": -0.30710088444194295, "f49": 1.6909743549097405, "f5": 0.06582487342108756, "f50": -1.6025152061557226, "f51": 0.677019031736493, "f52": 2.4895072851474787, "f53": -1.854375476557838, "f54": 2.402323333298316, "f55": -2.9577543322412114, "f6": 1.9356338648620834, "f7": 2.0500190115053236, "f8": -1.0337858148654198, "f9": 1.6523837845481282}, "datetime": {"datetime": "2023-01-24 12:13:33", "elapsed": 3363.953827, "delta": 82.982156}}
{"target": 0.0791254103207211, "params": {"f0": 2.9755853050387184, "f1": 2.87717575198916, "f10": 2.589082056726279, "f11": 1.7032008803864649, "f12": -1.279408180788299, "f13": -2.6829075651653618, "f14": 0.7620689261362172, "f15": 0.6362842374149391, "f16": 2.301852733536431, "f17": -2.3383204948892966, "f18": 0.638029442886717, "f19": 0.7125670744330619, "f2": 0.3851059444975826, "f20": 0.30818158545585117, "f21": -0.4502288441746365, "f22": -0.558420007176653, "f23": 2.2459743937590027, "f24": 1.122933787558467, "f25": 1.0961536989472345, "f26": -1.2710107216058177, "f27": -2.642530064751372, "f28": 0.24764639387511167, "f29": 1.1510473807536528, "f3": 2.6612061542492, "f30": -2.5758840700938332, "f31": 0.8272244775753035, "f32": 1.3074282373721706, "f33": 0.29553165830912054, "f34": -2.354271556203183, "f35": -1.121632127460946, "f36": -1.9622969327364712, "f37": 0.1988469659113683, "f38": 2.0161412959813276, "f39": 1.1881191921795784, "f4": 0.8395692443814893, "f40": -1.8324887692485645, "f41": -2.000819818889844, "f42": 2.024134471074791, "f43": 1.0492347671984028, "f44": -0.9935643839354609, "f45": -1.8135706732166783, "f46": 1.696568240119336, "f47": 0.3868673359693462, "f48": -0.11045935811643748, "f49": -1.6848266781875447, "f5": 0.600560305375152, "f50": -0.39095983087206365, "f51": 1.9477077391036755, "f52": -1.2228613519893154, "f53": 2.272963560673288, "f54": 0.853926047209498, "f55": 0.2526955473689094, "f6": 0.7204175494377427, "f7": 1.817759570041943, "f8": 2.0985733415144256, "f9": 2.7331214049622767}, "datetime": {"datetime": "2023-01-24 12:13:58", "elapsed": 3388.813667, "delta": 24.85984}}
{"target": 2.737362441363873e-05, "params": {"f0": 1.955761192051325, "f1": 1.3961423039425416, "f10": 2.729203369147567, "f11": -2.2222802595596836, "f12": 2.3374222116161514, "f13": -0.9656737412403968, "f14": 2.7481899036471065, "f15": 0.6346577558214506, "f16": 2.669411225836912, "f17": -0.24624397707932033, "f18": 0.5352839967101692, "f19": -1.7601938570438755, "f2": 2.3618971697874134, "f20": 1.2972511111309073, "f21": -0.5262949983415908, "f22": 1.4543473511843263, "f23": -2.796829123524024, "f24": -1.4686477191327747, "f25": 0.07904834168235109, "f26": -2.0139867835078227, "f27": 2.1037589017438565, "f28": 2.6688261464411864, "f29": 2.4091893335394134, "f3": -1.5467991630742675, "f30": 2.0383738267440803, "f31": 1.5273771724162089, "f32": -2.4177159952125917, "f33": 0.49941531223677416, "f34": -1.2238202150674484, "f35": 1.8067708154321656, "f36": 0.9897863214767524, "f37": -2.726654932587219, "f38": -2.154975733541244, "f39": -1.5989088853192595, "f4": -2.499702798474086, "f40": 2.3465377984240314, "f41": -2.6404062281978544, "f42": 2.0666013815927116, "f43": -0.447641284342875, "f44": -1.0963421112849456, "f45": 0.1496316282056558, "f46": 2.469415210787462, "f47": 2.2433670614569046, "f48": 0.7722346854885402, "f49": 0.8208610868784509, "f5": 0.33790753140039076, "f50": 0.4580553721849028, "f51": -1.5217564866991484, "f52": -2.9527200753338465, "f53": 0.576016981308273, "f54": 1.2018176098917195, "f55": 0.2172678820464249, "f6": 1.6911829158291862, "f7": -0.6840548096903842, "f8": 2.7106635254342137, "f9": -0.28755435672021346}, "datetime": {"datetime": "2023-01-24 12:19:19", "elapsed": 3709.559543, "delta": 320.745876}}
{"target": 0.15546966937184503, "params": {"f0": 2.9308455145691177, "f1": 0.42119989851983997, "f10": 0.5998348442318098, "f11": 1.216513998718085, "f12": -1.006283917345872, "f13": -2.9370231432275946, "f14": 0.8562702163111346, "f15": 2.388093816552103, "f16": -0.4044536629197166, "f17": 1.8033681419711174, "f18": -0.14186107069953025, "f19": -0.9425600696487173, "f2": 2.118809973694166, "f20": -1.9987710410650603, "f21": -0.6888668220641234, "f22": 2.7405105837441273, "f23": -2.1116295099679605, "f24": 0.840456361193469, "f25": 1.1137431592340405, "f26": 0.03944016184700372, "f27": -2.910243964268237, "f28": -1.6060412913334248, "f29": 1.7879508791766323, "f3": 0.9668542506604743, "f30": -0.43195192429707907, "f31": 0.07909568819546475, "f32": -0.28126563024868867, "f33": -1.5937816599239565, "f34": -2.6380869234547433, "f35": -0.2788175206667294, "f36": -2.0414856308373213, "f37": 0.06094101149671971, "f38": 2.884691840743277, "f39": 1.1831150703347522, "f4": 1.676125470809934, "f40": -2.273573118717775, "f41": 1.4286700532351055, "f42": -2.31149235218989, "f43": -2.0238622581816674, "f44": -1.185556863929206, "f45": -0.16912101010687675, "f46": -0.09082832070417579, "f47": 0.4807596650512407, "f48": 2.8523909098271174, "f49": -1.738039902517801, "f5": 0.4273525634896389, "f50": 1.840300483303686, "f51": 1.3444591513143704, "f52": -2.629994212872365, "f53": -0.6807572209842361, "f54": -0.9275969089358784, "f55": -0.25923423776750276, "f6": -0.03471408313417701, "f7": -1.7040809018854743, "f8": 0.42949650168505427, "f9": 1.2571721565454066}, "datetime": {"datetime": "2023-01-24 12:19:51", "elapsed": 3741.135199, "delta": 31.575656}}
{"target": 0.12277151280588403, "params": {"f0": 2.4481107103329727, "f1": -0.9337856765847654, "f10": -2.5775034551011835, "f11": -1.8965887670437938, "f12": -1.653588796975367, "f13": -1.6533908613928594, "f14": 2.3754903032593155, "f15": -1.4348525459434796, "f16": -1.8162604401239621, "f17": -1.1507578037901742, "f18": 0.8753798795903891, "f19": -2.919071016311725, "f2": -2.5867417356815166, "f20": -0.08896708310623058, "f21": -0.1030706414967475, "f22": 2.2644721145320057, "f23": -2.5832773628874532, "f24": 0.5199544545769514, "f25": -1.9371991048387274, "f26": -2.6274102363281067, "f27": 1.7196627248585719, "f28": 0.28443708176508453, "f29": -0.1281168201125995, "f3": 0.8677015128072405, "f30": -0.6424274597129633, "f31": -0.3611452828846895, "f32": -0.19436496420350569, "f33": -1.3652305840519645, "f34": -2.6400081572844067, "f35": 1.2842306523096632, "f36": -1.6954361366388984, "f37": 0.9601453543504537, "f38": 2.352221858357985, "f39": -2.6216474458257886, "f4": 2.93384019333873, "f40": -2.9377895547632784, "f41": 0.7257916604055961, "f42": -1.0998279887099165, "f43": -2.621842919373273, "f44": 2.8374617623427643, "f45": -2.866100497096827, "f46": 2.5749406307337086, "f47": 2.2799848656552903, "f48": -0.9871666575991256, "f49": 2.2124821684048355, "f5": 0.5282648883378389, "f50": -1.7506015194063425, "f51": 2.05331661256949, "f52": 2.6879808328584502, "f53": -0.5039018481655129, "f54": -0.4975574691528708, "f55": 2.0714660944467473, "f6": 1.4556990697990475, "f7": -0.4032009504454579, "f8": -2.2856162909366855, "f9": -1.0899383796885704}, "datetime": {"datetime": "2023-01-24 12:20:58", "elapsed": 3808.323414, "delta": 67.188215}}
{"target": 0.0722405433041767, "params": {"f0": 0.9085998153750778, "f1": 0.859310355452255, "f10": 2.45468591931889, "f11": 0.3377615020388012, "f12": -1.4528038827333893, "f13": 2.382294697917831, "f14": 0.9106042053041339, "f15": 1.7480817072783434, "f16": 0.44546402844823074, "f17": -0.3917482009505271, "f18": -2.2073703182406232, "f19": 1.1130790322427844, "f2": -2.136840371726824, "f20": 1.7201582889816587, "f21": -2.5003312873056256, "f22": -2.08502556344382, "f23": 1.929008384582314, "f24": -1.4155652158930891, "f25": 2.1471881641595303, "f26": -2.6792564060881645, "f27": -0.16545655586460217, "f28": 2.0609956524674944, "f29": -1.8297515642730098, "f3": -1.8779864142730782, "f30": -1.0872623423410943, "f31": -1.5822587216362218, "f32": 0.013356778830419191, "f33": 1.8639668998980872, "f34": -2.200203047537303, "f35": -2.2529543808444847, "f36": 1.6713877742612793, "f37": 0.476895476245784, "f38": -2.408921114287791, "f39": 1.6563693977192582, "f4": 0.7509616236094412, "f40": -2.467171726866816, "f41": 2.0378112557110546, "f42": 1.3252296810480164, "f43": 0.9348936194137307, "f44": 1.4320886143444378, "f45": -1.3112845068830328, "f46": -0.10166613047355266, "f47": -0.4245463060105239, "f48": 1.5930609997541492, "f49": -0.6642327621224506, "f5": -1.383430203668128, "f50": 2.0843847177544106, "f51": 2.7496606170659392, "f52": 1.003756898250117, "f53": 0.6373833949896728, "f54": 2.982997493070652, "f55": -2.5667342230123786, "f6": 1.208140742411902, "f7": -2.4084092007929643, "f8": -1.3464250400342803, "f9": -1.3597807363708903}, "datetime": {"datetime": "2023-01-24 12:21:53", "elapsed": 3863.390167, "delta": 55.066753}}
{"target": 0.17370895841580236, "params": {"f0": -1.1479362630024217, "f1": 1.561805500040414, "f10": -2.2103304816431506, "f11": 0.8049447220899273, "f12": 1.076080959588916, "f13": 2.713027909118839, "f14": -2.57773801455396, "f15": -2.7611242701395144, "f16": -2.8362759093694168, "f17": 0.23991092456900498, "f18": -0.011211109462022417, "f19": 2.8440965881805704, "f2": 1.3464410853175313, "f20": -1.534268238964753, "f21": 1.759808186835893, "f22": -0.7722603779296753, "f23": 1.15746368410632, "f24": 0.4494350576158892, "f25": -1.278414525434497, "f26": -0.7384411664976689, "f27": -0.2366406026359975, "f28": 0.06765736790181887, "f29": -2.396263267003957, "f3": 0.30136587227554124, "f30": -2.614520533170122, "f31": -0.2856553032883893, "f32": -1.3471823441477206, "f33": -1.7537957250614336, "f34": -2.7363955191553524, "f35": 0.16585767596434575, "f36": -2.300650239960237, "f37": -2.024922687907445, "f38": -0.3069230066023403, "f39": -0.6265671235253905, "f4": 2.380361537083701, "f40": -0.4901196599779505, "f41": -1.3047436491737803, "f42": -1.1359880136550728, "f43": 1.0038291109098338, "f44": 2.1272177455086307, "f45": 0.7861058865205157, "f46": -2.580645168349734, "f47": -0.5867534619910302, "f48": -0.07605789775753902, "f49": 1.9664680668796084, "f5": -2.87463974619593, "f50": -1.0339806753750684, "f51": -0.15830932066067183, "f52": 2.1099355131052704, "f53": -2.5711631737274736, "f54": -2.3821193386151744, "f55": -1.7689970566870843, "f6": 1.4374949441247615, "f7": 0.8361824543916647, "f8": 0.7263929056224838, "f9": 2.92344468708999}, "datetime": {"datetime": "2023-01-24 12:23:24", "elapsed": 3954.378921, "delta": 90.988754}}
{"target": 0.2513467983484213, "params": {"f0": -1.4515492045617997, "f1": -0.4274152843319037, "f10": 0.65890238551204, "f11": 0.1095026162431827, "f12": -1.5575504419669643, "f13": -0.9330207457573452, "f14": -0.8765126497352309, "f15": 1.0831620011519316, "f16": -2.6843121164303545, "f17": 0.3936308100057877, "f18": 2.2922488811249035, "f19": 2.801937052868574, "f2": 2.120412701921998, "f20": -2.44401266212381, "f21": 0.3958585420076659, "f22": -2.0383941108591803, "f23": -2.569299964932476, "f24": 0.05168636861690867, "f25": -1.928015853173674, "f26": -1.3225478492437175, "f27": 0.1519909399082895, "f28": 1.78546694452701, "f29": -2.143999006708653, "f3": 2.0188138825489084, "f30": -2.8289586174077117, "f31": -1.9362168512020623, "f32": -1.2144611940895838, "f33": -1.7797914915972988, "f34": 2.260605471978577, "f35": 2.666541003099274, "f36": 0.5321041116245722, "f37": 0.4289441428991019, "f38": 1.4517089161291672, "f39": -2.0365958002421194, "f4": -2.372428266475516, "f40": 1.8692454253902397, "f41": 2.6705457599661875, "f42": 2.616034499665795, "f43": 1.9647627244290922, "f44": 1.4771354828741377, "f45": -1.198928624587267, "f46": -0.8843533566807515, "f47": -1.8515914648029987, "f48": -1.5268798150008889, "f49": 2.7026186924432043, "f5": 2.7429364470211963, "f50": -0.04707827639952811, "f51": -2.7447957671361407, "f52": -1.8650383774393808, "f53": 1.631730892393728, "f54": -2.9637110477073927, "f55": -1.9912513189045444, "f6": 0.822743154580321, "f7": 2.430562188922397, "f8": 1.787159661747558, "f9": -1.354441464437253}, "datetime": {"datetime": "2023-01-24 12:24:03", "elapsed": 3993.359296, "delta": 38.980375}}
{"target": 0.3683187621724001, "params": {"f0": 2.9663940065547694, "f1": -1.2133534036452036, "f10": -0.05781413597193197, "f11": -2.0180543376995086, "f12": -1.0054670577151146, "f13": -1.202031646477955, "f14": -2.8648933925361177, "f15": 2.9302964563449567, "f16": 0.43173329032884844, "f17": 0.4692502438382462, "f18": -2.225458756985243, "f19": -1.5032941652801017, "f2": -1.4791084747276126, "f20": -1.1765365330774409, "f21": 2.3288994708988673, "f22": -1.107361796003325, "f23": -2.684562455397938, "f24": 0.5479809433405043, "f25": -2.224037262751809, "f26": -1.7321084696839772, "f27": -0.3583117265662592, "f28": 1.842387158142179, "f29": -2.9489892559747943, "f3": 0.057605607374590306, "f30": 0.3113312650617659, "f31": -2.562162482595194, "f32": 0.4171555171986574, "f33": -1.8605007217316034, "f34": -0.14527939545670066, "f35": -1.2503004441719534, "f36": 1.4426716198386647, "f37": -1.4928575551913503, "f38": -2.8901230711221872, "f39": 0.6887538168026079, "f4": -0.0659358260307874, "f40": -0.4796178453099489, "f41": -1.9354949845541054, "f42": -0.5997052781320127, "f43": -2.7565903071028295, "f44": 2.6442470822078654, "f45": 1.3416231407047476, "f46": 1.477202645915642, "f47": -1.7498694724450379, "f48": -2.9551538004709315, "f49": 1.902418260151948, "f5": 1.096045089501727, "f50": 1.1814190077005087, "f51": 1.3992472701915455, "f52": -1.1988603852085886, "f53": 2.7664172144933623, "f54": 0.8218666023910242, "f55": 1.4289516156696722, "f6": -1.5387043750734453, "f7": -0.9661246034724078, "f8": -1.2464879011874102, "f9": -0.5317608553913997}, "datetime": {"datetime": "2023-01-24 12:25:54", "elapsed": 4104.784, "delta": 111.424704}}
{"target": 0.20668853937079845, "params": {"f0": -2.038574009729253, "f1": 0.25367858612068606, "f10": 2.976697164783289, "f11": -2.953282847300721, "f12": -2.2326386612301707, "f13": -0.21709615525816872, "f14": 0.419812631493226, "f15": 1.2588180079859823, "f16": -0.07333659471176679, "f17": 1.6096575512389926, "f18": 1.2502433634672512, "f19": -2.407613753524943, "f2": -1.348911727495492, "f20": 1.9596088471619098, "f21": -0.7119054170899712, "f22": -0.9221969199778588, "f23": 2.082529020355845, "f24": 1.9259290951394785, "f25": -2.9091341423185355, "f26": 1.1807005211091681, "f27": -1.501835545800596, "f28": 0.1420972591916776, "f29": -2.930205443377483, "f3": -0.40027076938421047, "f30": 0.34104171736101474, "f31": -1.1105249153190895, "f32": 0.8025837325099179, "f33": 1.9766789288658986, "f34": 0.6082988947221679, "f35": -2.793979066705238, "f36": 2.323456072712265, "f37": 1.0199949338845649, "f38": -2.1110791629854466, "f39": -2.374696223020888, "f4": 0.04644883713373327, "f40": -1.348237979698407, "f41": -2.253263062096892, "f42": -2.8629741758649017, "f43": 0.8127415226804904, "f44": -1.6142560614442383, "f45": -1.317625152319306, "f46": 2.4050267305184008, "f47": 0.824977564045966, "f48": -0.6940415396998842, "f49": 1.3831691188534947, "f5": -0.7000558634614396, "f50": 0.5884684400224156, "f51": 0.8083672026278119, "f52": 1.3296809647707528, "f53": -2.7077772075415165, "f54": 0.5099631768776707, "f55": 1.7836358000290042, "f6": -2.2530153665083352, "f7": 0.1867198728051216, "f8": 0.8529063114093458, "f9": 0.13361670816639304}, "datetime": {"datetime": "2023-01-24 12:26:46", "elapsed": 4156.239263, "delta": 51.455263}}
{"target": 0.11805097477546486, "params": {"f0": -2.0783494537561316, "f1": -2.7893550390761925, "f10": 2.4292995263924153, "f11": -0.06147240496548889, "f12": 0.29002331315837093, "f13": -1.7238414283544616, "f14": 1.245509614938058, "f15": 1.3152697868248602, "f16": -0.45417641933183983, "f17": 2.7171429716780526, "f18": 2.159287128109847, "f19": -1.775687039382565, "f2": 2.1609029946439815, "f20": -1.950633999396627, "f21": 1.4632568199001303, "f22": 1.3644184223918634, "f23": -1.0855512376383525, "f24": 2.43963813795418, "f25": -0.003017004666253431, "f26": 1.2883097155087544, "f27": -1.106857316834907, "f28": 0.14932556857853907, "f29": -2.32043463151669, "f3": -1.9135205731166134, "f30": -0.15270513997364255, "f31": 1.0066405260683364, "f32": 0.19704151622927757, "f33": -2.0213600088948436, "f34": 2.427222008214712, "f35": 2.550029643142283, "f36": 1.6797882818475767, "f37": -0.10444801067269793, "f38": 2.8204155835580327, "f39": 0.5093203069819459, "f4": 1.4782384147992502, "f40": -1.5184782274941224, "f41": 0.7550444349712886, "f42": 1.2285124428894996, "f43": -2.984908182781231, "f44": 0.8885335737665345, "f45": 2.205798113028579, "f46": -1.9469932004647146, "f47": 2.6866982743661056, "f48": 0.30045757701659515, "f49": -0.7768239522527023, "f5": 1.470362940678772, "f50": -2.6404692559929734, "f51": -1.829711292187911, "f52": 1.9509510534005257, "f53": 2.322580747981972, "f54": 0.22795487603484776, "f55": -0.644248696270382, "f6": -1.2105846290240925, "f7": -1.1582198760705458, "f8": -0.40312231854287095, "f9": 1.1504718264619953}, "datetime": {"datetime": "2023-01-24 12:27:26", "elapsed": 4196.147387, "delta": 39.908124}}
