{"target": 0.2821394820952574, "params": {"f0": 0.9794875059995041, "f1": -0.2032687312278308, "f10": 2.619289799313194, "f11": 0.5862893142187346, "f12": 2.227022703703495, "f13": 1.035142457980074, "f14": -0.45301931069425017, "f15": 0.7097704330871567, "f16": -1.3489339434371033, "f17": 1.5798061849040859, "f18": -2.4431020361361604, "f19": -1.0262245657034454, "f2": -1.981366826954756, "f20": -1.8905296656055037, "f21": -1.4799967139785943, "f22": -2.2681850157090238, "f23": -1.5776367564510756, "f24": -1.6817276171504698, "f25": -0.8966423088966476, "f26": -2.765370306313918, "f27": -0.8688422352736379, "f28": 3.0384816791980325, "f29": -1.3804418069420006, "f3": 1.8867848832229162, "f30": 3.3546525504660045, "f31": -0.26312753936686606, "f32": 1.859723896970292, "f33": -1.6255041546157423, "f34": 2.2413109435129184, "f35": -2.5339543752223737, "f36": -2.0621988160424207, "f37": 1.7481431853213392, "f38": 0.3558048249407132, "f39": 1.7541952749122016, "f4": -3.3177975818530094, "f40": 0.39309342726695873, "f41": -2.3091567931069856, "f42": -2.406482946870627, "f43": -3.288891401650024, "f44": -2.281555675064675, "f45": -0.13110596926979734, "f46": -0.17028618172470678, "f47": 1.5602732183001733, "f48": -0.31408028630267487, "f49": 1.1715009686283855, "f5": -0.2041460551833143, "f50": 0.28159823703264086, "f51": 1.4165354361311575, "f52": 0.3926894335793834, "f53": -2.5672454962302256, "f54": -0.5062736639442853, "f55": -0.012562023310623394, "f6": 1.0761492438984726, "f7": -1.1891681115086434, "f8": -0.6154779606061445, "f9": -1.4725117779022565}, "datetime": {"datetime": "2023-01-24 13:52:02", "elapsed": 9272.675426, "delta": 120.181455}}
{"target": 0.29123762702951195, "params": {"f0": 0.7414388956731313, "f1": 0.3735594514675667, "f10": 2.3847386718328845, "f11": 0.7506726941453002, "f12": 2.7543651715327115, "f13": 0.32631497301947, "f14": 0.2623115100417348, "f15": 0.9843688129844202, "f16": -2.0101444893776756, "f17": 2.0729409432310266, "f18": -2.6864038982379688, "f19": -0.9561050987433902, "f2": -1.1374304264364523, "f20": -1.2282585980560339, "f21": -1.5992334634153194, "f22": -2.033560247868834, "f23": -1.52991437169791, "f24": -1.6894231561198032, "f25": -1.1861038154621095, "f26": -2.021447797408801, "f27": -0.678018474682679, "f28": 2.3335246549683952, "f29": -1.4103085110217872, "f3": 1.9151236183684297, "f30": 2.940728412021301, "f31": -0.8706863268003553, "f32": 1.4395377456038732, "f33": -1.4008134676014456, "f34": 1.8675061967144537, "f35": -2.6615294639410108, "f36": -1.8763844846065965, "f37": 1.0996092470550503, "f38": 0.34791879385658553, "f39": 1.5915446950221945, "f4": -3.1955123744477927, "f40": -0.2236655073169065, "f41": -1.952307591875429, "f42": -2.2959678043936647, "f43": -3.3513511891153343, "f44": -2.251850754421172, "f45": 0.14698799729337364, "f46": -0.14072836543034362, "f47": 1.5939843115843384, "f48": -0.47955533419658436, "f49": 1.047946900062386, "f5": -0.016109367119837015, "f50": 0.9290250200743152, "f51": 0.9068489384785001, "f52": 0.5683872546763618, "f53": -2.5834315205762097, "f54": -0.5515191749925424, "f55": -0.22960792098773986, "f6": 0.9590663496699846, "f7": -1.4155038013889931, "f8": -1.030475276610075, "f9": -1.1890965977702708}, "datetime": {"datetime": "2023-01-24 13:53:20", "elapsed": 9350.031681, "delta": 77.356255}}
{"target": 0.3534564572534016, "params": {"f0": 1.2305579849785784, "f1": -0.12914828011196217, "f10": 2.3506691951585448, "f11": 0.5671953815340391, "f12": 1.8788468573543535, "f13": 1.1465875191024155, "f14": -0.0036842086374730965, "f15": 0.7048694550292257, "f16": -1.4699619576377838, "f17": 1.3673493829472538, "f18": -1.9686534629762775, "f19": -0.44486083364744755, "f2": -1.7403216260075471, "f20": -2.076196855343438, "f21": -1.8888078652597833, "f22": -2.1190667947423445, "f23": -2.10483992448386, "f24": -1.6943415157839863, "f25": -1.0165448412019937, "f26": -2.714544280234584, "f27": -0.8629913313421153, "f28": 2.2222594862941176, "f29": -1.9325975856855744, "f3": 2.4134878014896235, "f30": 2.946514302293332, "f31": -0.5768486640594017, "f32": 1.7156820117690712, "f33": -2.240574764404004, "f34": 2.612517361601974, "f35": -2.5397806481039056, "f36": -1.9476819543513773, "f37": 1.4523992337986038, "f38": -0.2527571928269381, "f39": 2.297256312290945, "f4": -2.397147307741716, "f40": -0.1005913468260714, "f41": -2.20489278225742, "f42": -2.6076952153086794, "f43": -3.4010625938059027, "f44": -2.0513395934833523, "f45": -0.19995838046156877, "f46": 0.09660503387640573, "f47": 2.0086384087879283, "f48": 0.32083317762846597, "f49": 1.7984736133924994, "f5": 0.37614271890265316, "f50": 0.3010740898046096, "f51": 1.2432073238542642, "f52": 0.14815301123968294, "f53": -1.9180873308654207, "f54": -0.31555482580767313, "f55": -0.6686072126969153, "f6": 0.9249884120584551, "f7": -1.1403285524279814, "f8": -1.0378490678319192, "f9": -0.7244762057378866}, "datetime": {"datetime": "2023-01-24 13:54:11", "elapsed": 9401.481581, "delta": 51.4499}}
{"target": 0.41662123284731256, "params": {"f0": 0.7971191395241455, "f1": 0.3081180337405712, "f10": 2.346983178348636, "f11": 0.24364186787538777, "f12": 2.469547266523537, "f13": 1.028858394757347, "f14": -0.005613792769415982, "f15": 1.3087033655294922, "f16": -1.475349957736508, "f17": 1.6943038567282818, "f18": -2.4730693408475752, "f19": -1.0644456568188962, "f2": -2.010391228832125, "f20": -1.6599784148229912, "f21": -2.324704649340443, "f22": -2.5755062874302874, "f23": -1.4595259819074027, "f24": -2.405146461576365, "f25": -1.4559272180499407, "f26": -1.9472262467954389, "f27": -1.0932926346890022, "f28": 2.9634414722729847, "f29": -1.73077416539381, "f3": 2.303543254212924, "f30": 3.0452502322361212, "f31": -0.9765992182408757, "f32": 1.453161651552044, "f33": -2.083523063777684, "f34": 1.9791518457469537, "f35": -2.4128086916647495, "f36": -2.412882649738434, "f37": 1.1176361157239452, "f38": 0.025064987591987054, "f39": 1.374032856023581, "f4": -3.1571764141142444, "f40": -0.07687763038603412, "f41": -2.292135612757652, "f42": -1.8795648519408352, "f43": -2.6247874541289415, "f44": -2.536407549500449, "f45": 0.45027194754888283, "f46": 0.3829946463417937, "f47": 1.8194884419453659, "f48": 0.002846520553283549, "f49": 1.4925396810156712, "f5": 0.6455589889328298, "f50": 1.0445224923841718, "f51": 0.6986427248979064, "f52": 0.1697515078328622, "f53": -2.4986368863730455, "f54": -0.1533662593414825, "f55": -0.6613537344411137, "f6": 0.9874707995297644, "f7": -1.3894347057784098, "f8": -0.5565251607951808, "f9": -1.1853543354173222}, "datetime": {"datetime": "2023-01-24 13:54:12", "elapsed": 9402.652803, "delta": 1.171222}}
{"target": 0.27588190572969373, "params": {"f0": 1.2639165630629998, "f1": -0.02761590839970901, "f10": 2.1048337501816015, "f11": 0.8999456567601777, "f12": 1.7955052715679916, "f13": 1.2176123628346316, "f14": -0.2637537534928711, "f15": 1.0310837626446954, "f16": -1.5148763954706137, "f17": 1.5873792708334853, "f18": -2.732535366448605, "f19": -1.037148752335928, "f2": -2.105159450710984, "f20": -1.8598739076671915, "f21": -1.8111293556389312, "f22": -2.811174336807932, "f23": -1.4060455050458485, "f24": -2.236112304489064, "f25": -0.8823939788523396, "f26": -2.818966623561115, "f27": -0.5982937063170298, "f28": 2.2785438400283655, "f29": -1.9319021603956448, "f3": 2.1667070200123497, "f30": 3.3101584787744835, "f31": -0.9999768579680505, "f32": 1.8330868894949235, "f33": -2.218836117544582, "f34": 2.276348156509718, "f35": -2.4193136240401403, "f36": -1.6232091959040937, "f37": 1.7220757047788973, "f38": 0.5699140649777422, "f39": 1.450625213291174, "f4": -2.8752943593938314, "f40": -0.21869806211455523, "f41": -2.013824925962857, "f42": -1.6930616849448858, "f43": -3.2185128165121117, "f44": -1.8035851142734631, "f45": 0.32218088252803223, "f46": 0.39540593897079857, "f47": 1.8238811370652952, "f48": 0.33579856698371885, "f49": 1.0650590121992323, "f5": -0.16118995522276747, "f50": 0.4349617707560248, "f51": 0.8149823175327381, "f52": 0.13067818630603611, "f53": -1.9877469636078644, "f54": -0.5925848177838918, "f55": -0.22223289863109397, "f6": 1.4105193725251934, "f7": -1.6235971738712212, "f8": -0.9043116318616129, "f9": -1.0677897510774526}, "datetime": {"datetime": "2023-01-24 13:55:53", "elapsed": 9503.259638, "delta": 100.606835}}
{"target": 0.0903366899874057, "params": {"f0": 0.9271787807798042, "f1": -0.34073133243124154, "f10": 2.5756126907436503, "f11": 0.6362072575883554, "f12": 2.138173727815162, "f13": 0.4851414119356624, "f14": -0.11642469638297093, "f15": 0.8320827526440592, "f16": -1.3975562676171096, "f17": 1.7719026438950383, "f18": -2.739604305490326, "f19": -1.0406015837178013, "f2": -1.132251524498257, "f20": -1.9588237325211089, "f21": -2.32988932163009, "f22": -2.7092522174718034, "f23": -2.1668151105008393, "f24": -1.538088545172315, "f25": -0.8966572502603789, "f26": -2.2511205948563404, "f27": -1.4204323013555573, "f28": 2.1831410285347737, "f29": -2.1221943526799456, "f3": 2.03225284675102, "f30": 2.853270743837562, "f31": -0.9657169546881302, "f32": 1.7137929081848207, "f33": -2.260855339168436, "f34": 2.2123982615884685, "f35": -2.666234540136209, "f36": -2.4151905833063823, "f37": 1.275340751887649, "f38": 0.3944769562753503, "f39": 1.4417302055352659, "f4": -2.4015440875322915, "f40": 0.4293559169520058, "f41": -2.3146359702554533, "f42": -1.8734466058758952, "f43": -3.409981507398337, "f44": -2.587325550673313, "f45": -0.16601892407578456, "f46": 0.20121691415683096, "f47": 1.472213196139563, "f48": 0.0333876241382538, "f49": 1.1697051981005688, "f5": 0.5674321726530761, "f50": 0.3966524800427863, "f51": 0.6660954269223291, "f52": 0.3522614582795739, "f53": -2.351260205735207, "f54": -0.5540820386003461, "f55": -0.39917952793265077, "f6": 1.4376038876003472, "f7": -1.2431817363126751, "f8": -1.3002332334563556, "f9": -0.940974196692903}, "datetime": {"datetime": "2023-01-24 13:56:47", "elapsed": 9557.748447, "delta": 54.488809}}
{"target": 0.32185976133536837, "params": {"f0": 0.5820763655162146, "f1": -0.2006230137406239, "f10": 2.3171527593358174, "f11": 0.8875037649644567, "f12": 2.46843446586706, "f13": 0.9804318720667612, "f14": -0.15221819517236268, "f15": 0.664459056855511, "f16": -1.7825109373543477, "f17": 1.4307472197993647, "f18": -1.8724898996069563, "f19": -0.2952186041656154, "f2": -1.2427003484508936, "f20": -1.5797312598266524, "f21": -1.9323199395030743, "f22": -2.333009903213052, "f23": -1.5095802037303456, "f24": -2.084316085214945, "f25": -1.3806719723250014, "f26": -2.397519910669612, "f27": -1.0491335348851611, "f28": 2.115355520583382, "f29": -1.8928030507972875, "f3": 2.237489122591143, "f30": 2.82141313114482, "f31": -0.666433716997631, "f32": 2.1402262908363068, "f33": -1.589519251242919, "f34": 2.6399353821019296, "f35": -1.7965610119704913, "f36": -1.9026769861570516, "f37": 0.907665977871417, "f38": 0.23113982464248828, "f39": 1.6012807578270407, "f4": -2.7109382112590126, "f40": 0.34697046139801535, "f41": -1.6604011097404812, "f42": -1.9815627002501266, "f43": -3.237997169288007, "f44": -2.093415327969807, "f45": -0.20974269697447334, "f46": 0.1719909872526698, "f47": 1.5694623337957339, "f48": 0.22081313741619585, "f49": 1.8139559955183384, "f5": 0.1767340583863206, "f50": 1.1871603855929205, "f51": 1.1747270854313099, "f52": 0.871444693060295, "f53": -2.7416963194127675, "f54": -0.4419698971905507, "f55": -0.27724182184644786, "f6": 1.019283303545309, "f7": -1.1175024952907062, "f8": -1.1291189116531433, "f9": -0.7231928567345048}, "datetime": {"datetime": "2023-01-24 13:57:50", "elapsed": 9620.317038, "delta": 62.568591}}
{"target": 0.38161439607019915, "params": {"f0": 0.8296723684702003, "f1": 0.20556611120353124, "f10": 2.5269910575478414, "f11": 0.8178471868373615, "f12": 2.4623695952674662, "f13": 1.2030839973863945, "f14": -0.1781311639513975, "f15": 1.562054949773425, "f16": -1.638028132151518, "f17": 1.9195777930763729, "f18": -1.9006539551172081, "f19": -0.8200783276203809, "f2": -1.4871282153419405, "f20": -1.5239598927118898, "f21": -2.4471147667201216, "f22": -2.579634393554277, "f23": -2.0631150604395896, "f24": -2.2968351091032106, "f25": -0.7944945624442524, "f26": -2.3069024152023587, "f27": -1.3708206565690622, "f28": 2.9029099838624832, "f29": -1.2961456102637237, "f3": 2.159272751388706, "f30": 2.7041721793080677, "f31": -0.7552261730393879, "f32": 2.098047345153063, "f33": -1.7736818856934404, "f34": 1.8607622652912874, "f35": -2.632578951147149, "f36": -2.129553615913381, "f37": 0.9074561711329449, "f38": 0.24675037610392891, "f39": 2.1246315142846512, "f4": -2.7889098783810815, "f40": -0.23274482418516584, "f41": -1.9167548013480986, "f42": -2.3326931873485317, "f43": -2.908069480650334, "f44": -2.4263041114600408, "f45": 0.20038049683356485, "f46": 0.07196079287553359, "f47": 2.2785504399331806, "f48": 0.2856951318934164, "f49": 0.8304219385935787, "f5": -0.11170164887216194, "f50": 0.8431054371161981, "f51": 0.8206942249287392, "f52": 0.893503245701639, "f53": -2.026734120203043, "f54": -0.22112360333727876, "f55": -0.6506240562866856, "f6": 1.61835796186238, "f7": -1.4666068462519823, "f8": -1.2724990262817524, "f9": -1.335092845877627}, "datetime": {"datetime": "2023-01-24 13:59:05", "elapsed": 9695.132572, "delta": 74.815534}}
{"target": 0.35920768489475413, "params": {"f0": 0.8408412591208158, "f1": 0.42240118305159996, "f10": 1.740341883000505, "f11": 0.2846251136755473, "f12": 2.4315150553432616, "f13": 0.3813267881536715, "f14": -0.40692211869625194, "f15": 1.077652225828555, "f16": -1.3560725969189984, "f17": 1.2255933186690091, "f18": -2.7635424468426155, "f19": -0.5412346196708994, "f2": -1.8048215220233295, "f20": -1.3237110664691085, "f21": -1.4673212337065507, "f22": -2.3963858643022102, "f23": -2.249758911219494, "f24": -2.4382274750887514, "f25": -0.5703493198317995, "f26": -2.498759258236414, "f27": -0.6744443373633888, "f28": 2.2623745743955292, "f29": -1.5998000941846966, "f3": 2.0767977156632824, "f30": 2.597167850342654, "f31": -0.5970735063746405, "f32": 1.486719219315606, "f33": -1.52240372095712, "f34": 2.8318805278815913, "f35": -2.6196821738932914, "f36": -1.8394672330736257, "f37": 0.8952672058029792, "f38": 0.44797339812171044, "f39": 1.795923779635704, "f4": -2.7977299228197117, "f40": 0.23049533781347442, "f41": -1.7275981554175122, "f42": -2.361740587683645, "f43": -3.112685993416841, "f44": -2.3987832202841552, "f45": -0.3474194804206824, "f46": 0.5633693059729942, "f47": 1.7790659894665821, "f48": -0.47457958394138117, "f49": 1.5339906939964503, "f5": -0.12648110366585497, "f50": 0.26413200143660387, "f51": 0.6335912601011797, "f52": 0.20861469405494337, "f53": -2.587054640475641, "f54": -0.6409945995790475, "f55": 0.01983017967855405, "f6": 1.2541868486480832, "f7": -1.6986685512709738, "f8": -0.5608362222522888, "f9": -1.5104935387449996}, "datetime": {"datetime": "2023-01-24 14:00:34", "elapsed": 9784.779933, "delta": 89.647361}}
{"target": 0.36355699984981454, "params": {"f0": 0.7786283259536553, "f1": 0.46237662102138327, "f10": 2.167634104872653, "f11": 0.8801589706241715, "f12": 1.8148219036869666, "f13": 0.24795370023031182, "f14": -0.139816266422069, "f15": 1.3686079780320564, "f16": -1.3796284900197588, "f17": 1.1770451077292652, "f18": -2.756705948434701, "f19": -0.5423269432052963, "f2": -1.2162002989123568, "f20": -1.3899326658837463, "f21": -2.292503691420234, "f22": -2.4129316546554067, "f23": -1.3450911519729098, "f24": -2.0703121248654996, "f25": -0.6781360043032671, "f26": -2.239253167201105, "f27": -0.8142221489107397, "f28": 2.057122584839216, "f29": -1.8178780611270318, "f3": 2.412643444303714, "f30": 3.2105197545954027, "f31": -0.9541179577861918, "f32": 2.183051674846422, "f33": -1.4500146388864477, "f34": 2.2224607252490216, "f35": -2.3442682068369263, "f36": -2.018794618444614, "f37": 1.063578354725966, "f38": -0.37870079103811294, "f39": 2.20986351752243, "f4": -2.683543947761848, "f40": 0.34604188422644966, "f41": -1.5966529774445477, "f42": -1.9354350294330314, "f43": -2.995108269671623, "f44": -2.404527412495948, "f45": 0.09213610687324003, "f46": 0.027155947733723207, "f47": 1.8343670763052051, "f48": -0.266125898985076, "f49": 1.5652834901937835, "f5": -0.15357416941229418, "f50": 0.45025293763312335, "f51": 0.5961272307995146, "f52": 0.7541041819611181, "f53": -2.734111481849496, "f54": -0.05502255155298885, "f55": -0.2155013586441339, "f6": 1.1567152890109762, "f7": -1.508574800830818, "f8": -0.9835362252813027, "f9": -0.5484949296478142}, "datetime": {"datetime": "2023-01-24 14:01:41", "elapsed": 9851.738131, "delta": 66.958198}}
{"target": 0.22498754124232898, "params": {"f0": 0.7129661528244822, "f1": -0.19310866576260516, "f10": 2.682815662785933, "f11": 0.6200493441019819, "f12": 2.089928804923304, "f13": 0.7651463232999786, "f14": -0.22548399598144053, "f15": 1.4310436154275332, "f16": -1.5284884342327576, "f17": 1.9143152181187686, "f18": -2.8347003299747824, "f19": -0.6900917263621461, "f2": -1.7025269074256753, "f20": -2.145767995728214, "f21": -1.8574743542577892, "f22": -2.81157289590136, "f23": -2.1734703041843, "f24": -2.0040492388852975, "f25": -0.9013690623657977, "f26": -2.779063581702652, "f27": -0.9209120159631276, "f28": 2.601886885299702, "f29": -1.6096278932012225, "f3": 2.2677039025266383, "f30": 3.3483435481092485, "f31": -0.5679491095825856, "f32": 2.2952701213884494, "f33": -1.529200720174474, "f34": 2.730246107316992, "f35": -2.230640705334201, "f36": -2.1470010035381146, "f37": 1.5272548480569985, "f38": 0.063404063438107, "f39": 1.5252198999515156, "f4": -3.065591000029386, "f40": 0.2826485054575718, "f41": -1.8230156701164724, "f42": -1.9557041010718832, "f43": -3.269351052871473, "f44": -2.0876649404769196, "f45": -0.35219460386772283, "f46": -0.1560247133018503, "f47": 1.8857992594942172, "f48": -0.008117248966581503, "f49": 1.4199783320820485, "f5": 0.11159089585659165, "f50": 0.5402635721151701, "f51": 1.116120229609339, "f52": 0.40842892424090554, "f53": -2.5094113205810746, "f54": -0.4960837015858591, "f55": -0.1449620552081543, "f6": 1.0230140372219827, "f7": -0.9499703587875692, "f8": -0.5750496572986848, "f9": -1.1681108823790205}, "datetime": {"datetime": "2023-01-24 14:03:25", "elapsed": 9955.071175, "delta": 103.333044}}
{"target": 0.3474731689881273, "params": {"f0": 1.3244285778066898, "f1": -0.4054804747579011, "f10": 1.7424817933552634, "f11": 0.9576057720086257, "f12": 1.8197947999365045, "f13": 0.4867300111187146, "f14": 0.19097148600151892, "f15": 1.1391218348194445, "f16": -1.6220895824797716, "f17": 1.8946118214540606, "f18": -2.18111936606068, "f19": -0.6629088256509248, "f2": -2.0776763709257113, "f20": -1.5877004526728995, "f21": -1.7394391266708267, "f22": -2.8871946731218996, "f23": -1.96552623834465, "f24": -2.2651676414439983, "f25": -1.2103206285219374, "f26": -2.2204146003378846, "f27": -0.8610507546559899, "f28": 2.543849538591639, "f29": -1.3449579428980942, "f3": 2.446919777105476, "f30": 2.5203447985288125, "f31": -0.8553709568085978, "f32": 1.722535080510725, "f33": -2.3213459493167323, "f34": 2.7519912130002497, "f35": -2.2182484778319846, "f36": -1.6579103414799334, "f37": 1.4982366782134404, "f38": 0.47586823693665503, "f39": 1.5006936332358736, "f4": -2.8233806830119277, "f40": 0.23043779685739885, "f41": -1.7266485663169178, "f42": -1.940783402222587, "f43": -3.3232567046870285, "f44": -2.2619868909013006, "f45": 0.38640050459563435, "f46": -0.1941630375314496, "f47": 1.9999869493496631, "f48": -0.28666227614384115, "f49": 1.2964530604567799, "f5": 0.1526531440944653, "f50": 0.44783931367637253, "f51": 1.299341296192793, "f52": 0.3349452280365095, "f53": -2.0411454302957557, "f54": -0.7754494099286592, "f55": -0.4151867916158287, "f6": 1.4716319953894614, "f7": -1.6920070177102782, "f8": -0.6142770782140267, "f9": -0.6713845259628028}, "datetime": {"datetime": "2023-01-24 14:07:52", "elapsed": 10222.735239, "delta": 267.664064}}
{"target": 0.5540553779877995, "params": {"f0": 1.265748213416832, "f1": 0.08783778269067694, "f10": 2.617575971152528, "f11": 0.7257717171431354, "f12": 2.1147931217837486, "f13": 0.9544679558154334, "f14": 0.23854650346410555, "f15": 0.7535106187689218, "f16": -1.157563001689947, "f17": 1.1415341684453124, "f18": -2.512668250487878, "f19": -0.40744478796120753, "f2": -1.4013225611120808, "f20": -1.6034118905667523, "f21": -1.8706850456617534, "f22": -2.9100062021616147, "f23": -1.32604324081551, "f24": -1.7910367584199287, "f25": -0.6945357665272224, "f26": -2.678225202392088, "f27": -0.5027008977805598, "f28": 2.7938408686503617, "f29": -1.7752626590097016, "f3": 2.051241419732359, "f30": 2.486206655702879, "f31": -0.3453028781684834, "f32": 1.5616526347001356, "f33": -2.1172053438148453, "f34": 1.957626061868959, "f35": -1.8201969757847674, "f36": -1.6615573666508139, "f37": 1.4321128360393067, "f38": -0.36895168194676675, "f39": 2.2624704274253324, "f4": -2.8721798832632217, "f40": 0.1240827643303577, "f41": -1.8385669740560795, "f42": -2.19012136798485, "f43": -3.201224231184934, "f44": -2.2732364068388975, "f45": 0.20261412260134148, "f46": -0.02669915874605633, "f47": 2.2704630931346204, "f48": -0.07352952953214076, "f49": 1.0433585110833095, "f5": 0.5144817400301392, "f50": 0.5168457845167376, "f51": 0.520216494042824, "f52": 0.9325717666964776, "f53": -1.8241595688752277, "f54": -0.8157374210549739, "f55": -0.13945491390568376, "f6": 1.068613017654608, "f7": -1.711214440298142, "f8": -0.9974787314684578, "f9": -0.9961897158687744}, "datetime": {"datetime": "2023-01-24 14:09:06", "elapsed": 10296.776676, "delta": 74.041437}}
