{"target": 0.3077627994195425, "params": {"f0": 0.5551967413861894, "f1": 0.7440015075534872, "f10": 1.5247338727794189, "f11": 0.08016858830780649, "f12": -1.0150167619433674, "f13": -1.5911692203483325, "f14": -1.9409053371868672, "f15": 0.020879184534527973, "f16": -2.6336717212485485, "f17": -1.8169174399959658, "f18": -2.8782832233376467, "f19": -1.735963938555712, "f2": 2.012769852511026, "f20": 0.12581834715150908, "f21": 1.31338373720365, "f22": 2.234925009060647, "f23": -0.24648003173025312, "f24": -1.2065017277642727, "f25": 1.439451529148215, "f26": 2.2003723220684774, "f27": 0.9720849792759623, "f28": -2.1233604253955303, "f29": 1.8407117250545149, "f3": -2.6549160748474936, "f30": 1.964595039349697, "f31": 0.15084384114984672, "f32": 2.0969995578817437, "f33": 0.18165833343600468, "f34": 1.8138936299695798, "f35": -0.718535491203637, "f36": 2.061294721288884, "f37": 1.1557374134250606, "f38": 2.591515350696479, "f39": -1.367551493437356, "f4": -0.7796042011483024, "f40": 1.748803115125658, "f41": -1.4335796050990666, "f42": 1.8736807924519923, "f43": -1.0059285683572063, "f44": 1.6465641495860686, "f45": -0.8908085322203991, "f46": -1.2308972453483669, "f47": 2.381975636459238, "f48": -2.188020342446202, "f49": -1.3901484690221406, "f5": 1.3901064887018624, "f50": -1.2516533572848618, "f51": -2.957146035358255, "f52": 2.266863466297215, "f53": 1.0375689834252526, "f54": -0.42334258766299726, "f55": -1.2487699433384174, "f6": 1.7613954998981391, "f7": -0.8405800571456847, "f8": -2.3869815767103013, "f9": -0.871026216541912}, "datetime": {"datetime": "2023-01-24 12:42:57", "elapsed": 5127.94909, "delta": 36.088248}}
{"target": 0.1658274028918667, "params": {"f0": 2.796530041668902, "f1": -2.5797897863893073, "f10": 0.5536792563406276, "f11": -1.2708917097103778, "f12": 1.7511339949551399, "f13": 0.035891237120655894, "f14": -2.21378776846713, "f15": 1.4177174821986567, "f16": 1.7483017706985642, "f17": -1.677570652853666, "f18": 2.4452555372184825, "f19": 0.14700757018673194, "f2": -0.10898395617434131, "f20": -2.9575120526017935, "f21": 1.0715705330209637, "f22": -0.3329341968098438, "f23": -0.37769799604600873, "f24": -2.2294313421291823, "f25": -1.8561955938287729, "f26": 2.491800812406921, "f27": -0.2455865451510686, "f28": -2.731659480541872, "f29": -1.6131865488004087, "f3": -0.35397476213945156, "f30": 1.140504640107328, "f31": 0.46785179852999903, "f32": 0.862686802457167, "f33": 2.1998420050705416, "f34": -2.3198449378608306, "f35": 1.9709052829953357, "f36": 0.578292265234345, "f37": 1.7167149582234078, "f38": 0.1471444039780625, "f39": -0.8255057097937661, "f4": -2.070248318751953, "f40": -1.8375317184179296, "f41": 1.7893646348197993, "f42": 0.2882325755574904, "f43": -2.4534763881490824, "f44": -0.5487202964198827, "f45": -2.820703150792567, "f46": 1.9410135334684, "f47": 0.43027580693336986, "f48": -2.4595277313047443, "f49": 2.7553789556342876, "f5": -0.984598200539831, "f50": -0.3210545531193558, "f51": -2.8997178324013806, "f52": 0.28454348009466335, "f53": 1.1228400048126748, "f54": -1.1567461288994754, "f55": -1.7723574709989331, "f6": -2.132385042635682, "f7": -1.822773797894302, "f8": -0.8096735292644608, "f9": -2.655956093258525}, "datetime": {"datetime": "2023-01-24 12:43:33", "elapsed": 5163.538388, "delta": 35.589298}}
{"target": 0.678361957567829, "params": {"f0": 0.6247004818328774, "f1": 0.5319469547134461, "f10": 2.7091147601506087, "f11": 0.672519378656947, "f12": 1.6460540231556173, "f13": 0.9989733302771038, "f14": -0.960488193193036, "f15": 0.6619895264426381, "f16": -2.1441781662234343, "f17": 1.2951138917813276, "f18": -2.4509853672425637, "f19": -1.0717661263556477, "f2": -2.235513939687891, "f20": -2.213452283416742, "f21": -1.769275092536432, "f22": -2.507517380916132, "f23": -1.4987380930726424, "f24": -2.066450194551148, "f25": -0.3814863926869996, "f26": -1.8021358694729486, "f27": -0.8881670403684199, "f28": 2.505058058548305, "f29": -2.3015581401783365, "f3": 2.8246447017529768, "f30": 2.6833545151161804, "f31": -0.9390980215675526, "f32": 2.425317446637055, "f33": -2.3392392627695964, "f34": 1.8801579405348248, "f35": -2.59286201227929, "f36": -1.8647961021383783, "f37": 1.5302064545023981, "f38": -0.4026920014850095, "f39": 1.5589616171376806, "f4": -2.4172949075237877, "f40": 0.23175779960203036, "f41": -1.9408188104150377, "f42": -2.1803478376275662, "f43": -2.8135269004705705, "f44": -1.7216436013728291, "f45": -0.40655853948131515, "f46": -0.4658217922861301, "f47": 1.8783406426379337, "f48": 0.5417887866852329, "f49": 1.8728245619212691, "f5": 0.13882504902217585, "f50": 0.23270267628861419, "f51": 1.600041997859111, "f52": 0.805835313790082, "f53": -2.31987587342317, "f54": 0.3504926295142017, "f55": -0.6864358942992883, "f6": 1.1864327721776657, "f7": -1.1280549837232081, "f8": -0.43688626498298966, "f9": -0.3331100623556327}, "datetime": {"datetime": "2023-01-24 12:45:21", "elapsed": 5271.595008, "delta": 108.05662}}
{"target": 0.092963637099311, "params": {"f0": 0.34764091337119263, "f1": -1.6427003158934936, "f10": 0.2146980743571052, "f11": -0.67292998959456, "f12": -1.7175886096915323, "f13": -1.574354582822499, "f14": -2.4131223884036976, "f15": 1.5274288866057741, "f16": -0.8327312342002111, "f17": 1.7404715890176394, "f18": 2.3237980508601126, "f19": 2.265182090906557, "f2": -1.5280026400855051, "f20": -2.44124838147672, "f21": 1.3706866664579183, "f22": -0.6229858588679567, "f23": 1.553273572307476, "f24": 1.9246250693113556, "f25": -1.3661324093407679, "f26": -1.7880956103232275, "f27": 0.5773974290346797, "f28": -1.2751096876088033, "f29": 1.1659977431199469, "f3": -0.7522373069532677, "f30": 2.893688281565269, "f31": -0.15025233697330176, "f32": 1.9575707112428304, "f33": 2.490026640222897, "f34": -0.828537561922289, "f35": -2.5695580236538285, "f36": 2.5902277703478322, "f37": 2.9403751886280105, "f38": -0.17714706059649155, "f39": -1.0786658333440733, "f4": -0.7964596691855261, "f40": 0.6118730753440094, "f41": -0.6935303353599318, "f42": 0.6777285113234828, "f43": 2.6915559501125568, "f44": -2.1174558939669827, "f45": 1.7690826076018755, "f46": -1.0357589821053017, "f47": 1.5685638920787177, "f48": -2.5121668018969245, "f49": 2.4039653160914227, "f5": -2.9707832803167973, "f50": -1.8406606959342757, "f51": 2.3816389498117942, "f52": 1.1542628646859345, "f53": 0.14215144975155258, "f54": 1.9389390776850872, "f55": -0.9355343907657252, "f6": -0.5943826715297975, "f7": 2.20176432729318, "f8": 1.1993459011417062, "f9": 0.5017492547169771}, "datetime": {"datetime": "2023-01-24 12:46:03", "elapsed": 5313.097653, "delta": 41.502645}}
{"target": 0.30974492259327846, "params": {"f0": -1.567885803540422, "f1": -0.2212762944361244, "f10": -1.963675394231584, "f11": -2.697198340498605, "f12": 0.9650295333791652, "f13": 2.458061820044083, "f14": -0.9133912477796473, "f15": 0.42466578235076113, "f16": 2.086015935714622, "f17": -2.949268157500112, "f18": -1.0174334627915416, "f19": 2.901801316657017, "f2": 2.8180419765589093, "f20": -0.6674539853734709, "f21": -2.3754089749225313, "f22": -1.8969704987705989, "f23": -1.474102821742392, "f24": -0.3974325791425448, "f25": 2.949124389610584, "f26": -0.1942130432690785, "f27": 2.048794688486435, "f28": 0.185177543978142, "f29": -2.2266907471132824, "f3": -1.7709786712837103, "f30": -2.248712388551836, "f31": -1.7467384995065556, "f32": 0.7188675278758159, "f33": -2.8435613556976014, "f34": 2.2812208007128127, "f35": -0.39324155932165006, "f36": -1.5248168745751984, "f37": 1.9692531243258298, "f38": 1.4412700369915985, "f39": -1.3074609532134591, "f4": 0.5134142044368994, "f40": -1.23723939006671, "f41": 0.35834692552106473, "f42": -1.4760760649876106, "f43": 2.274519892000507, "f44": -0.1027207071558438, "f45": 0.09292512767070926, "f46": 1.7326509585917123, "f47": -0.4872288845582182, "f48": 0.43427946188774236, "f49": -2.1038450427178983, "f5": -0.9484589133326105, "f50": 2.3571730932749366, "f51": 1.1218597880893286, "f52": 2.279125772624057, "f53": -1.1323670133265258, "f54": 0.9611046746599055, "f55": 2.977169576162897, "f6": -0.9352341161612663, "f7": -0.9482415257872185, "f8": -2.5943858224127205, "f9": 2.4271266927484145}, "datetime": {"datetime": "2023-01-24 12:46:26", "elapsed": 5336.35582, "delta": 23.258167}}
{"target": 0.44217992091950126, "params": {"f0": -0.9963160306632313, "f1": -0.5795019791871523, "f10": -1.1691785679450224, "f11": 1.8632746393909398, "f12": 1.6366905449349476, "f13": 2.362022063597374, "f14": 0.16275106202873424, "f15": 1.548596571573169, "f16": 1.0501593634335125, "f17": 1.804729231915358, "f18": 2.04840670943266, "f19": 2.4811625498433774, "f2": 0.3465338483199929, "f20": -0.9743110390040934, "f21": 2.8107523845414786, "f22": -0.07537053994200438, "f23": 1.1103945892458595, "f24": -1.546189209947175, "f25": -2.1276498238521846, "f26": 0.12538866220905343, "f27": -0.6012951251102594, "f28": 2.8365165330868667, "f29": 1.7259234201175495, "f3": 2.814533320967013, "f30": 2.8823328415291414, "f31": 1.0246361928427516, "f32": 0.8239097026997477, "f33": -0.7316803769408482, "f34": 1.232862677707594, "f35": -0.2712758328573006, "f36": 1.9317151493270508, "f37": 0.5918018943735408, "f38": 1.5450317305064702, "f39": 0.7647520619738151, "f4": -2.276768426635501, "f40": -2.8328901500329158, "f41": 0.9453020819725246, "f42": -2.5836513219328454, "f43": 0.5131605443758009, "f44": -0.46360006336163995, "f45": -0.14203892908065985, "f46": 2.061022611474698, "f47": -1.7353724978418492, "f48": 1.9644801244943864, "f49": -2.7751809057739587, "f5": -2.492399438461984, "f50": -2.9370774008277833, "f51": 1.8640496849080996, "f52": -0.8019955321333856, "f53": 2.239050090883648, "f54": 1.8320061514193027, "f55": 0.3461641485081275, "f6": -2.4801251845183794, "f7": 1.2134842086889064, "f8": -1.7221297449515593, "f9": 1.4585072370213377}, "datetime": {"datetime": "2023-01-24 12:47:02", "elapsed": 5372.978241, "delta": 36.622421}}
{"target": 0.12243888437078279, "params": {"f0": 1.512863495804174, "f1": 1.7964253608479872, "f10": 2.296406448201478, "f11": -2.1488204929906902, "f12": -1.9644591377879848, "f13": -1.427577051029141, "f14": 1.561167880178136, "f15": 1.0169002502015445, "f16": 0.46316901739035776, "f17": 1.4005025235274147, "f18": -2.9956214281532483, "f19": 1.1725165601062235, "f2": 2.433698431324027, "f20": 1.9624835221995198, "f21": -2.103665810636051, "f22": -1.0119844232195416, "f23": -0.5614920967206065, "f24": -0.5284258753817084, "f25": -2.238448485918937, "f26": 0.06585947265809722, "f27": 1.5813020271315636, "f28": -2.325071480316141, "f29": -0.25188330530346237, "f3": -0.8364432557541397, "f30": 1.1449316174425013, "f31": 2.541040096100243, "f32": -1.6146850986804717, "f33": -0.6808265434522185, "f34": -1.0789199199316832, "f35": 1.0481641376355864, "f36": -2.7385295255827264, "f37": -2.0720186023137925, "f38": 0.28775909288763124, "f39": 2.573217925668187, "f4": -2.7477488720168006, "f40": -2.1730834265378007, "f41": -0.5613832656474331, "f42": 1.5325486051379933, "f43": 1.5063673784719862, "f44": 2.2970764498700955, "f45": 2.915226543618946, "f46": -2.546073055033026, "f47": -0.5347474978191782, "f48": 2.435262815374811, "f49": 1.6592854268260524, "f5": 1.4336393443409987, "f50": 2.702551660071922, "f51": -1.6270418355049177, "f52": 1.0762408331359987, "f53": 1.9092529303124834, "f54": 2.274561459822265, "f55": -0.3769910262893932, "f6": 0.9745647700061788, "f7": 0.2556760414741328, "f8": 0.20870993274077954, "f9": 0.5378483349215513}, "datetime": {"datetime": "2023-01-24 12:47:16", "elapsed": 5386.95771, "delta": 13.979469}}
{"target": 0.1390795187185823, "params": {"f0": 0.33009463850385234, "f1": 2.1494116659675786, "f10": 0.19675490815725993, "f11": 2.292335954358011, "f12": -1.434876897055619, "f13": 2.4449188483038755, "f14": 1.2062796232919286, "f15": -0.10820916705012573, "f16": 1.7921270671904583, "f17": 0.37087301602189093, "f18": -0.8261098224292471, "f19": -0.4055506846992607, "f2": 0.31313347048612483, "f20": 2.079239081910792, "f21": -2.646829280396953, "f22": 2.2968024862787315, "f23": -1.1402680267340588, "f24": 1.6880856844379286, "f25": 1.7972551623939692, "f26": 1.9282914132819666, "f27": -1.582814301382962, "f28": 0.8211662300271847, "f29": -0.135559829193717, "f3": -1.166377137476705, "f30": -2.6123525210644125, "f31": -2.258047765481159, "f32": 2.2359988064727574, "f33": 0.8879885795832996, "f34": 1.3661159539684578, "f35": 0.7195820738479886, "f36": -2.181866959117978, "f37": -1.6020861167596794, "f38": -0.38690945211144445, "f39": 1.7828474447678895, "f4": 2.9785371531623355, "f40": -0.840998835855939, "f41": 1.1099519504500641, "f42": 1.6488493272956832, "f43": 1.3408064072641874, "f44": 1.5888899096229814, "f45": 2.659722773113738, "f46": 0.3902861068227397, "f47": 2.6485520058350254, "f48": 2.165798645123571, "f49": 0.6762932589496269, "f5": 2.7076088666180897, "f50": 0.11302991397401296, "f51": 1.0105128404932255, "f52": -0.5240922792438623, "f53": 1.3341580871838685, "f54": 1.7612061273236694, "f55": -2.184144528024125, "f6": -0.3381715342587772, "f7": -0.029923275298811003, "f8": 0.4070877775662298, "f9": 0.07652244029383493}, "datetime": {"datetime": "2023-01-24 12:47:35", "elapsed": 5405.306822, "delta": 18.349112}}
{"target": 0.18362147188025, "params": {"f0": 1.1486829306604385, "f1": -2.996173042781562, "f10": 2.820567183359202, "f11": 0.845358318940082, "f12": -2.914099874842828, "f13": -0.9161080982635497, "f14": 0.9774969768984434, "f15": -0.04930717730909695, "f16": 0.9852538937784541, "f17": 1.705100534973095, "f18": -1.4346519867293013, "f19": -1.8846468248376542, "f2": 1.5061106523377816, "f20": -1.3817716593890563, "f21": 0.05374337946650343, "f22": 0.6391595691771652, "f23": -2.230654986660319, "f24": -1.5341116162687725, "f25": -1.0609445543242224, "f26": -1.4810953196148853, "f27": 0.15350561490043102, "f28": 2.5670393795079436, "f29": 2.730009990961701, "f3": -1.1665055699693998, "f30": 2.823996716281264, "f31": -0.5703235558677449, "f32": 0.8566348568798987, "f33": 2.315356266804031, "f34": -2.9985908874062375, "f35": 1.694429288366356, "f36": -1.1789308039696764, "f37": 0.6794121542856897, "f38": -2.7193596178092108, "f39": 1.6530201861950369, "f4": 0.90398377861225, "f40": -1.7689960461571272, "f41": 0.16281264244154592, "f42": -1.6488980981331463, "f43": 0.22973144561564318, "f44": -2.182989686032839, "f45": -1.9408077008451943, "f46": -2.3255478894092727, "f47": -0.40304779271182944, "f48": -1.8296576587957916, "f49": -2.895236441294209, "f5": -2.6876318098634275, "f50": 1.9342204464790598, "f51": 0.061967155856856415, "f52": 0.579997064182681, "f53": 0.013279060150881872, "f54": 1.9846457283088759, "f55": -0.2272118886942991, "f6": -1.891625179954148, "f7": -0.3545826613960381, "f8": -1.1664970159841683, "f9": 2.5162469061829844}, "datetime": {"datetime": "2023-01-24 12:48:19", "elapsed": 5449.529107, "delta": 44.222285}}
{"target": 0.25634324412180015, "params": {"f0": -1.7487871147134348, "f1": -0.3510752156078061, "f10": 1.9851980719993563, "f11": 0.6487745681677737, "f12": -1.292428138274189, "f13": 0.29927281331607025, "f14": 2.7829901484295974, "f15": 0.3351471465129934, "f16": -2.5839514286831635, "f17": 1.2902441018550723, "f18": 1.4514860329482877, "f19": -1.8781405834592209, "f2": 0.9516993831742182, "f20": 0.19834517251733486, "f21": 0.4176348154759988, "f22": -2.411355541379491, "f23": 1.8493308669970343, "f24": 0.44665752004088777, "f25": -2.3403802238350684, "f26": 0.6647658033743968, "f27": -2.724028122989574, "f28": -2.076037032469598, "f29": 2.9129391829286133, "f3": 1.0626903716320157, "f30": -1.4740339677822638, "f31": 0.30453113031463586, "f32": 2.101572334732321, "f33": -1.8449552247880712, "f34": 2.063686135604261, "f35": -1.0069349615808674, "f36": -1.744483068353453, "f37": -1.7038517897082774, "f38": 1.410341345370294, "f39": -2.9753024072295737, "f4": -1.8867535516548926, "f40": 0.5529573664611491, "f41": -0.6626022014805644, "f42": -1.2925842528484301, "f43": -2.754665225557095, "f44": 2.9379528874383887, "f45": -0.8848063411668021, "f46": -0.3320894105321175, "f47": -0.7011598971512796, "f48": 2.5266579217402168, "f49": -2.2259344994511077, "f5": 0.36712548550309165, "f50": 1.6500799486913031, "f51": 2.709709669708647, "f52": -1.4358554957735317, "f53": -0.25628870793046143, "f54": -1.8109271311550057, "f55": -0.4334957179847292, "f6": 2.3714070415698556, "f7": 2.2813603038196524, "f8": 1.6339660488742949, "f9": 1.18982464648594}, "datetime": {"datetime": "2023-01-24 12:48:47", "elapsed": 5477.198744, "delta": 27.669637}}
{"target": 0.5172390357000822, "params": {"f0": -0.07402987889465562, "f1": 1.7757967476359546, "f10": 1.2004976579132878, "f11": -2.9293648939722883, "f12": 2.685343248660798, "f13": -2.866725783796201, "f14": -2.9838202391246647, "f15": 0.9165035851725047, "f16": -0.5027234121230109, "f17": -1.2439762102649943, "f18": -2.5262358430536302, "f19": 0.6006946588852644, "f2": -2.1748879592815804, "f20": 0.49290850232497263, "f21": 2.0094246101475672, "f22": -2.3778076186832555, "f23": 0.5062920090323582, "f24": -2.181220502001241, "f25": -2.628174322528412, "f26": 1.812322596149892, "f27": -2.7419470917811726, "f28": -2.330682627754323, "f29": -2.3991371913149813, "f3": -1.5779066615462067, "f30": -1.743901586248637, "f31": -2.400197207662476, "f32": 1.307634699485055, "f33": -1.077977466088679, "f34": -0.8118366038278886, "f35": 0.23464283662460828, "f36": -0.8951612301434668, "f37": 0.6334362062316297, "f38": 1.1792757527702173, "f39": 2.785468183881547, "f4": -1.4243877414900292, "f40": -1.3637420042634885, "f41": 1.710668912313552, "f42": 1.681990519109264, "f43": 1.168449542752831, "f44": 0.31763704484071065, "f45": -0.8236906722923072, "f46": -2.569148756287679, "f47": -2.190821884444075, "f48": 0.20538044832488378, "f49": 1.0542492378619333, "f5": -0.8493408221797285, "f50": 2.54033581533864, "f51": 1.4973016511200612, "f52": -1.0988071449614274, "f53": 0.24714027977743314, "f54": 2.724494294967819, "f55": -1.762781059887983, "f6": -1.9097641673945653, "f7": -2.1627840049172047, "f8": 0.7314403538127765, "f9": -2.600634614248871}, "datetime": {"datetime": "2023-01-24 12:50:01", "elapsed": 5551.490374, "delta": 74.29163}}
{"target": 0.057465692013725436, "params": {"f0": -1.8140277141897425, "f1": 1.2570244090755684, "f10": 0.9063857821347949, "f11": 1.8746727339182625, "f12": -2.115060725795491, "f13": -0.9775586614000344, "f14": 1.8643483296407437, "f15": -0.09731571005395079, "f16": 1.8190922191590317, "f17": 1.0112494614859546, "f18": 2.7125540629401677, "f19": 1.7427529919784286, "f2": 2.017563828814586, "f20": 1.1186910777064254, "f21": 2.4743907794192497, "f22": -1.5678460183693996, "f23": 2.247350205960272, "f24": -0.3508232636068036, "f25": -1.544976153753748, "f26": -1.57378745462388, "f27": 1.2566723977959215, "f28": 2.1674776250793766, "f29": 2.079423419211908, "f3": -0.5326516930628422, "f30": 2.5708427726227425, "f31": 0.5713184349533522, "f32": -1.0446218171156376, "f33": -1.282281033341784, "f34": 1.7888447177622266, "f35": 1.9011707313209083, "f36": -0.753495394209081, "f37": 2.648094245498415, "f38": -0.8414580524156619, "f39": 2.4602478596734576, "f4": 1.3192756347794337, "f40": 2.740400698980543, "f41": -0.8578370863527311, "f42": 0.10651537622728169, "f43": 2.7683086360034173, "f44": -2.968780459736171, "f45": -2.5295682685798635, "f46": -2.9295148604532315, "f47": -1.4408362119565472, "f48": -1.3603014096994, "f49": -2.36163403549575, "f5": 0.6178190886726593, "f50": 1.4126996853947595, "f51": -2.0188778834375807, "f52": 0.012183758822645885, "f53": 1.4759794436159215, "f54": 1.939112614118926, "f55": -1.4281810390918597, "f6": -2.56921161539357, "f7": -2.670469983964136, "f8": 1.5677920377968402, "f9": -2.314559683506989}, "datetime": {"datetime": "2023-01-24 12:50:31", "elapsed": 5581.45628, "delta": 29.965906}}
{"target": 0.09724134862823086, "params": {"f0": 0.6916906304840138, "f1": -1.8066176378732408, "f10": 1.9787367179610458, "f11": -0.08531870138945497, "f12": 2.611846820937064, "f13": -0.6494878600949363, "f14": 0.1288244797359619, "f15": -1.150549133182902, "f16": 0.16100949231304273, "f17": 2.9442346250100044, "f18": 1.418132596279209, "f19": -1.460336654366074, "f2": -0.9700453384691001, "f20": -1.5896796622584433, "f21": 0.3553680898716518, "f22": 1.07129745596189, "f23": -1.4214701430197405, "f24": 1.5639662404920962, "f25": 1.7994432337780681, "f26": -0.1009897582947743, "f27": -2.788423418031832, "f28": -2.2501904281047294, "f29": 0.2209899875855479, "f3": 1.8642457856082677, "f30": 0.5548353781119775, "f31": -1.0420759974305691, "f32": -1.197062507405613, "f33": 0.24751178236942994, "f34": 2.481111944293689, "f35": 0.9102696048696375, "f36": 1.5318762427074057, "f37": -1.6753726306198458, "f38": 0.11377294190560372, "f39": 0.1940122018166024, "f4": 0.12360917935628946, "f40": -0.4484447563215741, "f41": 2.934114453675207, "f42": 2.7352221405243453, "f43": -1.0778934216627996, "f44": -1.7697146257253398, "f45": -0.3734028770345801, "f46": 2.0279421169034197, "f47": -2.5299961804408833, "f48": -2.64589157260607, "f49": 2.7266455521467394, "f5": -1.117266708693025, "f50": -1.6083374772790928, "f51": 1.1865204935362366, "f52": -2.265589970288934, "f53": 0.13036500282760555, "f54": -0.8995159028908963, "f55": 2.8631819620821597, "f6": -2.788137215175266, "f7": -0.556597293928621, "f8": 0.6201848578182627, "f9": -1.3425231284793337}, "datetime": {"datetime": "2023-01-24 12:50:48", "elapsed": 5598.56817, "delta": 17.11189}}
