{"target": 0.31898258836943044, "params": {"f0": 0.6679395730998761, "f1": -0.2607745132818526, "f10": 2.5945050343466263, "f11": 0.10442945753642757, "f12": 2.157972362694294, "f13": 0.306036583945363, "f14": 0.2140550479046638, "f15": 1.0222618357796636, "f16": -1.6178281744454766, "f17": 1.6775857820021067, "f18": -2.5378993477203116, "f19": -0.9506966770717417, "f2": -1.6471769118968953, "f20": -1.5164750146095072, "f21": -2.399103766919585, "f22": -2.639659583027898, "f23": -1.3866563413314383, "f24": -1.6273068392984285, "f25": -1.1534481169003938, "f26": -2.6790915466548793, "f27": -0.9067907521895647, "f28": 3.0017275749975467, "f29": -1.3951691011245988, "f3": 2.578855975373799, "f30": 2.795026222134481, "f31": -0.8056597303423493, "f32": 2.1561246880120883, "f33": -2.0685255700843648, "f34": 2.7560653116758855, "f35": -2.0403235183182926, "f36": -1.5704566481786177, "f37": 1.186110782411137, "f38": 0.0946638391612617, "f39": 1.5193596626958543, "f4": -2.320934095366828, "f40": -0.15444552044021992, "f41": -1.7475588918862313, "f42": -2.1507823408059594, "f43": -3.0836568094502823, "f44": -2.5547761864517256, "f45": -0.43028998471170954, "f46": 0.4160273290237631, "f47": 1.923537982306738, "f48": -0.4795726864891123, "f49": 1.8040040075261685, "f5": 0.3785410195963016, "f50": 0.5413261120009605, "f51": 0.6288454845378308, "f52": 1.083034317428878, "f53": -2.212591463699248, "f54": -0.06252583954596591, "f55": -0.83421846109768, "f6": 0.8489372470265815, "f7": -1.0573168510524944, "f8": -1.2426002446462263, "f9": -1.4460316221186615}, "datetime": {"datetime": "2023-01-24 13:22:03", "elapsed": 7473.758973, "delta": 22.848459}}
{"target": 0.5297459964476178, "params": {"f0": 1.1960960836484436, "f1": -0.1253974315672693, "f10": 2.6869650770860116, "f11": 0.9665575473453911, "f12": 1.8699609548689993, "f13": 1.1615599370816598, "f14": -0.15092010129628297, "f15": 1.0978149407254478, "f16": -1.4309784798154412, "f17": 1.8650560387710717, "f18": -2.1679758671717124, "f19": -0.5025733460027526, "f2": -1.4511526139226847, "f20": -1.5459106600944246, "f21": -1.7273810028786902, "f22": -2.6568857116920572, "f23": -2.1694787518050265, "f24": -2.1856320435547714, "f25": -1.305941195351984, "f26": -2.400437977960177, "f27": -0.6946965871710091, "f28": 2.604745665567749, "f29": -1.8391277681269897, "f3": 2.1026908209065107, "f30": 2.5891051560182783, "f31": -0.5499346016478782, "f32": 1.364718703932676, "f33": -2.2373988099502116, "f34": 2.501446547199567, "f35": -1.8964670926953389, "f36": -2.504282778136684, "f37": 1.2072499491496966, "f38": -0.02519907966663093, "f39": 1.4489481837399776, "f4": -2.594146416685568, "f40": 0.5178058976260693, "f41": -1.5125928399003445, "f42": -2.1046926779697746, "f43": -3.0005021536098444, "f44": -1.992936882527825, "f45": 0.44256790911924737, "f46": 0.5294414173069577, "f47": 2.1575205470102023, "f48": -0.28743665223846193, "f49": 1.1347999080796307, "f5": 0.5736772052643764, "f50": 1.1101064865472048, "f51": 0.6413424506050296, "f52": 0.8454771265056995, "f53": -2.6303425950206965, "f54": 0.10155439200209038, "f55": -0.7108273800807227, "f6": 1.6599901263892147, "f7": -0.9319159907888385, "f8": -0.9144932568986188, "f9": -1.2108320334998872}, "datetime": {"datetime": "2023-01-24 13:23:28", "elapsed": 7558.958704, "delta": 85.199731}}
{"target": 0.20248829807413396, "params": {"f0": 1.39015212656245, "f1": -0.30194265269705195, "f10": 2.3499269180877618, "f11": 1.0452141964156951, "f12": 2.1878979897221553, "f13": 0.9159358503621601, "f14": 0.12615915188171178, "f15": 1.0753261176338755, "f16": -1.6551457462737769, "f17": 1.3921461588428408, "f18": -2.8472162301821657, "f19": -0.8646235877782377, "f2": -1.3985630133616969, "f20": -1.6464960626728873, "f21": -1.755228784043372, "f22": -2.1270055306430002, "f23": -2.0425091699257183, "f24": -1.8157135463767062, "f25": -0.6241826275614889, "f26": -2.227800499310364, "f27": -1.3488882158469702, "f28": 2.3282705381061297, "f29": -1.806692524413422, "f3": 1.9687938621382686, "f30": 2.698703354968509, "f31": -0.1196386383773167, "f32": 1.5265478997717672, "f33": -1.675319753940426, "f34": 2.594413660655575, "f35": -1.8796949949708308, "f36": -1.7125293952160523, "f37": 0.9258247709567501, "f38": -0.04184774563605986, "f39": 1.8532028088049652, "f4": -3.230448606252723, "f40": 0.6188903217593003, "f41": -1.9103621288860206, "f42": -1.620847541923341, "f43": -2.754086661867258, "f44": -2.366184300330201, "f45": -0.25408596108033277, "f46": 0.6836216751034847, "f47": 2.018832066346103, "f48": 0.3819021818113716, "f49": 1.6442876741220243, "f5": -0.2509737270828085, "f50": 1.0222486608180374, "f51": 1.1310373025169866, "f52": 0.26070588239096404, "f53": -2.469095069317654, "f54": -0.351860468290657, "f55": -0.6825189510248675, "f6": 1.0820036784448044, "f7": -1.2715359251142704, "f8": -0.9018575991257352, "f9": -0.6321693268089782}, "datetime": {"datetime": "2023-01-24 13:25:13", "elapsed": 7663.121051, "delta": 104.162347}}
{"target": 0.15342565789087415, "params": {"f0": 0.9369718574338322, "f1": -0.06995154207522641, "f10": 1.7216614698792645, "f11": 0.23840374647163393, "f12": 2.417784034555305, "f13": 0.6635473670945381, "f14": -0.05211046393863494, "f15": 0.7247337216228642, "f16": -1.509971789731435, "f17": 2.045669367647407, "f18": -2.5076674123019567, "f19": -1.0507750243073994, "f2": -1.582265076544779, "f20": -1.9412172474450973, "f21": -1.551041522333962, "f22": -2.9665992737186935, "f23": -1.87697156866595, "f24": -2.439693675185015, "f25": -1.0392117635879838, "f26": -2.091516818437116, "f27": -0.8847856568404182, "f28": 2.856586330416201, "f29": -1.6710548359680018, "f3": 2.07498239437766, "f30": 2.4640427886005103, "f31": -0.1782416188222633, "f32": 1.6939852383263219, "f33": -1.458299010388906, "f34": 2.358713302211914, "f35": -2.380417167320086, "f36": -2.311145512491711, "f37": 1.3453723570774372, "f38": 0.20234206828871681, "f39": 1.792747594529012, "f4": -2.8417050287075085, "f40": 0.058262881025340996, "f41": -1.8292538716494886, "f42": -1.981676704851886, "f43": -3.0099224552071506, "f44": -2.180191321904174, "f45": 0.3902212660260338, "f46": 0.5389192345771472, "f47": 1.7008072732090227, "f48": 0.41871718792052287, "f49": 0.9138183536538242, "f5": -0.18365155662680616, "f50": 0.48144673118413134, "f51": 0.759606101763187, "f52": 1.1075833922446023, "f53": -1.9739597273809997, "f54": -0.1653732274327383, "f55": -0.35946189900483827, "f6": 1.6889767384285965, "f7": -0.9649898063187723, "f8": -1.308922026876544, "f9": -1.459654949939198}, "datetime": {"datetime": "2023-01-24 13:26:48", "elapsed": 7758.974555, "delta": 95.853504}}
{"target": 0.41662123284731256, "params": {"f0": 0.692614185218031, "f1": -0.18259971103247136, "f10": 2.260510944328627, "f11": 0.7577852794544975, "f12": 1.9880474330101088, "f13": 1.0751367541611465, "f14": -0.36821631083381234, "f15": 0.6861130482264797, "f16": -1.9233892367415013, "f17": 1.3251755584041225, "f18": -2.253847756002615, "f19": -0.9684849477193631, "f2": -1.7184733143306383, "f20": -1.8606801689656183, "f21": -1.8983468681129891, "f22": -2.5595746292339814, "f23": -1.374057183043695, "f24": -2.3759450996005103, "f25": -0.6224993317800788, "f26": -2.0375995324635263, "f27": -0.6740248426318532, "f28": 2.4842902562752722, "f29": -1.3920918165335094, "f3": 2.1788975090723497, "f30": 2.7813385510446427, "f31": -0.6782716337897573, "f32": 1.5205309163219467, "f33": -2.017934477905184, "f34": 2.5164684597279736, "f35": -1.9948983461451335, "f36": -2.3256902484594115, "f37": 1.416062501321028, "f38": -0.3135070580315795, "f39": 1.5015327800956926, "f4": -2.3498132715881708, "f40": 0.193054439354175, "f41": -2.0990932745379056, "f42": -2.251271181291796, "f43": -2.881254915183173, "f44": -2.3449225887644047, "f45": 0.0012099909615689297, "f46": -0.20576097379698832, "f47": 2.1748682098959518, "f48": 0.172300289399418, "f49": 1.0646933245314094, "f5": 0.6411449494586411, "f50": 0.7662971463289296, "f51": 1.0319754956805505, "f52": 1.0082813913452902, "f53": -1.927191468354637, "f54": -0.8502159947906343, "f55": 0.05845391049173099, "f6": 0.844010214951032, "f7": -1.1208143113718425, "f8": -0.8715331235672716, "f9": -1.3939706516793942}, "datetime": {"datetime": "2023-01-24 13:28:13", "elapsed": 7843.668354, "delta": 84.693799}}
{"target": 0.44991008167943014, "params": {"f0": 0.6513155162979626, "f1": -0.19185599886643628, "f10": 2.4501472615641484, "f11": 0.6979984765891778, "f12": 2.3305361191190785, "f13": 1.2358281161283267, "f14": -0.4528215348126434, "f15": 0.6090790331781402, "f16": -1.185594780091596, "f17": 1.192534917662302, "f18": -1.9042096935121196, "f19": -1.0426740499792069, "f2": -1.2474377575512092, "f20": -1.7674380819153694, "f21": -1.4845968699305012, "f22": -2.8847237659828386, "f23": -1.3180854097840973, "f24": -1.7024601186696118, "f25": -0.7345960810678166, "f26": -2.7967162170898563, "f27": -1.2069192335747805, "f28": 2.042726998760046, "f29": -1.4816396426085867, "f3": 2.2339177016267078, "f30": 2.9800260745424025, "f31": -0.8263574555049109, "f32": 1.669896464243978, "f33": -1.6038499749488837, "f34": 2.424078457628353, "f35": -2.6755677025657394, "f36": -1.8106708349828922, "f37": 1.474869730783896, "f38": 0.5370245624500914, "f39": 1.6704815022857216, "f4": -2.3910050212209124, "f40": 0.28617860171611453, "f41": -1.5059727635595919, "f42": -1.8414615041739633, "f43": -3.031799866135918, "f44": -2.055517294394398, "f45": -0.00920643945754085, "f46": -0.3021787115353227, "f47": 1.4759065099175124, "f48": -0.13851847370807707, "f49": 0.8241885534233401, "f5": 0.09905741021660247, "f50": 0.5624855908024444, "f51": 1.2405585806801755, "f52": 0.3401366263243596, "f53": -2.1439644591274356, "f54": -0.004725826226202989, "f55": -0.343449393367811, "f6": 1.5854732288273534, "f7": -1.0885396872896957, "f8": -1.1262195542719131, "f9": -0.6615322221440074}, "datetime": {"datetime": "2023-01-24 13:29:38", "elapsed": 7928.156172, "delta": 84.487818}}
{"target": 0.23168617187811688, "params": {"f0": 1.3682201675575039, "f1": 0.07821251092120501, "f10": 2.093901960239802, "f11": 0.33464195547580833, "f12": 2.745641613462414, "f13": 0.39080972384766577, "f14": -0.1276837760671916, "f15": 0.7825935222659186, "f16": -1.9423860165782159, "f17": 1.461004493350171, "f18": -2.677964011101859, "f19": -0.8320403952015135, "f2": -1.7292320148787446, "f20": -1.8139427972325115, "f21": -1.8557017241480007, "f22": -2.4230234351711646, "f23": -1.7425135037320778, "f24": -2.0496418115094386, "f25": -1.0786256061590036, "f26": -2.74661445263424, "f27": -1.2375434287860019, "f28": 2.1323248911799486, "f29": -1.3252897742086056, "f3": 1.972413361833755, "f30": 2.5457974763671447, "f31": -0.1720080030001242, "f32": 2.202817538467983, "f33": -1.8700842851524078, "f34": 2.1749012683802214, "f35": -2.078011694353277, "f36": -2.3102135250416174, "f37": 1.4096212471632361, "f38": -0.21449617476055527, "f39": 1.3987102940512874, "f4": -2.4301740145810644, "f40": -0.124563660193733, "f41": -2.095060649681715, "f42": -2.031315016450478, "f43": -2.4844013840367385, "f44": -2.5166107840958505, "f45": -0.19897165090093294, "f46": 0.1761736634751998, "f47": 1.615651450474203, "f48": 0.03917904641869774, "f49": 1.5812953905379605, "f5": 0.41872882354600016, "f50": 0.24862683282086007, "f51": 0.9561289480271329, "f52": 0.3581137112275904, "f53": -2.269740441948087, "f54": -0.2224678165808165, "f55": -0.7082635396631697, "f6": 1.5401368334355983, "f7": -1.8196248600477802, "f8": -1.4666870844248252, "f9": -1.0292738492394005}, "datetime": {"datetime": "2023-01-24 13:30:56", "elapsed": 8006.568464, "delta": 78.412292}}
{"target": 0.4091524606493176, "params": {"f0": 0.5988013379460471, "f1": -0.2075176526411599, "f10": 2.0963192481649497, "f11": 0.11082319606307756, "f12": 2.5590719876602313, "f13": 0.9432862393125192, "f14": -0.04424443825109159, "f15": 0.9362161412196752, "f16": -1.7141558376271488, "f17": 1.3549159693398087, "f18": -2.3206689764284847, "f19": -0.38316863186639527, "f2": -1.265493875123834, "f20": -1.409758720308608, "f21": -1.6177959930861365, "f22": -2.122478545214819, "f23": -1.8790178079197064, "f24": -1.9517320829896214, "f25": -1.2448204995335685, "f26": -2.8235151113793555, "f27": -0.5616876411496661, "f28": 2.639830349751626, "f29": -1.1883164540451918, "f3": 2.6190247253809495, "f30": 3.2306191555360924, "f31": -0.33005969691684967, "f32": 1.8478717140604206, "f33": -2.1879305945675185, "f34": 2.1120516431272582, "f35": -2.4644256625501137, "f36": -2.2426276772949425, "f37": 1.0874942488196249, "f38": -0.12006889658435782, "f39": 2.2300404381438352, "f4": -2.8423539762068715, "f40": -0.09034992509111595, "f41": -2.315670008066296, "f42": -2.035946425587022, "f43": -2.4214202880360904, "f44": -1.8033999308159205, "f45": 0.2834448479560825, "f46": 0.4660548862706214, "f47": 2.271674497475998, "f48": -0.02049279228471701, "f49": 1.2876548878204739, "f5": 0.3742907444137866, "f50": 0.9941930921081987, "f51": 1.0068108194743224, "f52": 0.7670986781516391, "f53": -2.058830501923331, "f54": -0.25471881510276506, "f55": -0.10491976658026991, "f6": 1.7255559053679086, "f7": -1.535094932358538, "f8": -0.6766009020145791, "f9": -0.8401498854823963}, "datetime": {"datetime": "2023-01-24 13:32:14", "elapsed": 8084.20475, "delta": 77.636286}}
{"target": 0.5297459964476178, "params": {"f0": 0.6414890366312601, "f1": 0.4574000554963044, "f10": 2.6321885155222455, "f11": 0.2713403383617869, "f12": 1.9631337334445145, "f13": 0.9880228633260136, "f14": -0.23583787613142893, "f15": 1.4798465128844516, "f16": -1.8745559680816455, "f17": 1.220124546307166, "f18": -1.8733445086550757, "f19": -0.61636518987433, "f2": -1.3086713908416816, "f20": -1.5565367375457055, "f21": -1.9219184001705076, "f22": -2.892072965817068, "f23": -2.0855531910564147, "f24": -2.1737655922695818, "f25": -0.8215556462010005, "f26": -2.689610399751987, "f27": -0.69889988649718, "f28": 2.665261777691297, "f29": -1.467372413333386, "f3": 2.2373456089121087, "f30": 2.8439053606087885, "f31": -0.2586987109033806, "f32": 2.2959527623566807, "f33": -2.123721242300912, "f34": 2.5125007913756465, "f35": -1.9565242332396775, "f36": -2.4316906082701704, "f37": 1.2446856367630215, "f38": 0.21873191364712108, "f39": 1.3918624474220644, "f4": -2.927199487581039, "f40": 0.32173135919630536, "f41": -1.7794821621840087, "f42": -2.368947674162974, "f43": -2.670466794128718, "f44": -2.522027026621153, "f45": 0.12787550702760486, "f46": 0.6800926231234469, "f47": 2.2931993072224808, "f48": -0.42072063147795496, "f49": 1.7678650465377255, "f5": 0.3454171056314156, "f50": 0.8262456602688328, "f51": 0.8905273115813002, "f52": 0.9692873146423922, "f53": -2.051646938705123, "f54": -0.04780312061917147, "f55": -0.17255830491841495, "f6": 1.136329562904515, "f7": -1.4075259935323172, "f8": -1.3615591720181155, "f9": -0.659232828168196}, "datetime": {"datetime": "2023-01-24 13:32:15", "elapsed": 8085.21084, "delta": 1.00609}}
{"target": 0.17708379734566104, "params": {"f0": 1.1029989654851744, "f1": 0.273087769938507, "f10": 2.333557735087025, "f11": 0.16698938373994365, "f12": 2.3358277374932963, "f13": 0.5152358733347215, "f14": -0.24500110375694173, "f15": 0.9880532605834149, "f16": -1.5026363159334313, "f17": 1.3841849148798373, "f18": -2.0042501489627735, "f19": -0.8548980486377235, "f2": -1.8153573575613358, "f20": -1.5023252297660563, "f21": -1.7299590195987855, "f22": -2.702842873080216, "f23": -1.320074232708301, "f24": -1.9084432212049536, "f25": -1.09006271186861, "f26": -2.165614319130098, "f27": -1.0234264200434386, "f28": 2.595515026409686, "f29": -2.1269436564905067, "f3": 1.9448657038901702, "f30": 3.1174993518191974, "f31": -0.8495532074154563, "f32": 1.9339062827958844, "f33": -1.7416984108491533, "f34": 1.8738684453458188, "f35": -2.6793393523227587, "f36": -2.0499636934812746, "f37": 1.6037966550868656, "f38": 0.0962555490067083, "f39": 1.4435624824147113, "f4": -2.4463912350822596, "f40": 0.6693993234048505, "f41": -2.2260809119043525, "f42": -2.1464512856934665, "f43": -2.532076553751842, "f44": -2.146168107883447, "f45": 0.18601514906902872, "f46": -0.08098943560968008, "f47": 2.1091338086013773, "f48": 0.2978765581229119, "f49": 1.4242362012065999, "f5": 0.7251722845562296, "f50": 0.9173663715217625, "f51": 1.3090256900143185, "f52": 1.0971374514754866, "f53": -2.146979103631199, "f54": 0.08633920973206632, "f55": -0.1541546262099811, "f6": 1.3672896554537597, "f7": -1.0629814963230075, "f8": -1.1661851698274348, "f9": -1.4080692350495347}, "datetime": {"datetime": "2023-01-24 13:33:40", "elapsed": 8170.151562, "delta": 84.940722}}
{"target": 0.43995521904804197, "params": {"f0": 0.4717196158092605, "f1": -0.023508856856540472, "f10": 2.197501940012791, "f11": 0.18390851927551127, "f12": 1.9987702586352056, "f13": 0.7237917755653575, "f14": -0.3346013087925066, "f15": 0.8450562256630735, "f16": -1.6011289654065428, "f17": 1.9626624885767723, "f18": -2.2260161139566748, "f19": -0.3387308907739752, "f2": -1.4577709233745326, "f20": -1.2388914654277734, "f21": -2.222532077821594, "f22": -2.9403465156209565, "f23": -2.212549390863742, "f24": -1.5589684921252405, "f25": -1.0730582151271435, "f26": -2.308238255382144, "f27": -1.141007018410451, "f28": 2.276830485328503, "f29": -1.7425170356631194, "f3": 2.4862759157525747, "f30": 2.691210666938298, "f31": -0.8899504595899588, "f32": 1.9850240685744356, "f33": -1.6421484744211017, "f34": 2.0666812260399516, "f35": -2.68221750692039, "f36": -2.2747871022530406, "f37": 1.2019580895286532, "f38": -0.11268153491407806, "f39": 1.7022222684275188, "f4": -2.9839087860106086, "f40": -0.25028364237056977, "f41": -1.8222825689578195, "f42": -2.025316173318753, "f43": -3.173069190134875, "f44": -2.0099583234739407, "f45": 0.42453329659961303, "f46": -0.22796420505714954, "f47": 2.13059047584278, "f48": 0.22467465340562376, "f49": 1.3236478841588082, "f5": -0.05047908304678661, "f50": 0.8576359720852862, "f51": 0.8862265023121692, "f52": 0.2752426550949293, "f53": -2.272791773666601, "f54": -0.7247424083428468, "f55": -0.7181971234671487, "f6": 1.6368535660953805, "f7": -1.5870160575142926, "f8": -1.3321957104115993, "f9": -0.7504539082569132}, "datetime": {"datetime": "2023-01-24 13:34:19", "elapsed": 8209.641339, "delta": 39.489777}}
{"target": 0.371485668921041, "params": {"f0": 1.0994675672908345, "f1": -0.07321195461154517, "f10": 2.685372375326877, "f11": 0.9265405667973656, "f12": 2.137801875992385, "f13": 0.6720454231004844, "f14": -0.23782806027610492, "f15": 1.4327680655120854, "f16": -1.5355194518830086, "f17": 1.5135537585817396, "f18": -2.3332985715153205, "f19": -0.36912279929483927, "f2": -1.6660909223173368, "f20": -1.4835827571160118, "f21": -2.295899231334471, "f22": -2.9451194430048915, "f23": -1.3854905294323359, "f24": -1.6417652824583637, "f25": -1.236336123411542, "f26": -2.552495319255496, "f27": -0.9807066965231669, "f28": 2.623036303772425, "f29": -1.7583371462032593, "f3": 2.239372999842777, "f30": 3.324794667648021, "f31": -0.8620171233340677, "f32": 1.3763170911139633, "f33": -1.8847489238458626, "f34": 1.9372302873838518, "f35": -2.580594426787502, "f36": -1.7178240223982626, "f37": 1.2430460073122322, "f38": 0.19643101811038233, "f39": 1.6709304820351316, "f4": -2.6478796313000714, "f40": 0.5379642010187066, "f41": -1.9654953474474133, "f42": -2.0130597025358696, "f43": -2.741907272501864, "f44": -1.830129776732539, "f45": 0.12753116998275815, "f46": -0.15688698741833051, "f47": 1.5864311671129825, "f48": -0.34012770572169027, "f49": 1.3158387304215697, "f5": 0.7454774167892723, "f50": 0.3166590758551733, "f51": 1.285356758718456, "f52": 0.9597237549901512, "f53": -1.9851444481858478, "f54": -0.11458671138723031, "f55": -0.651495479303949, "f6": 1.2831499447677732, "f7": -1.0663291017662186, "f8": -0.9423465308488543, "f9": -1.1046287968110486}, "datetime": {"datetime": "2023-01-24 13:36:35", "elapsed": 8345.020032, "delta": 135.378693}}
{"target": 0.3591903995203423, "params": {"f0": 1.3654507091697736, "f1": 0.500704344758669, "f10": 2.3210775060082387, "f11": 1.0067387294082113, "f12": 2.7286068862134343, "f13": 1.1432981880974977, "f14": 0.28111685354086635, "f15": 1.0761778364536805, "f16": -1.2978441386763906, "f17": 1.816279494842219, "f18": -1.8566320904848732, "f19": -0.9931013533372214, "f2": -1.2250266571543533, "f20": -1.6746041955587856, "f21": -1.9739992008569192, "f22": -2.3763699412028823, "f23": -1.6632097913249395, "f24": -2.135179966033143, "f25": -0.9628755119951402, "f26": -2.669976188051199, "f27": -0.8350844543986765, "f28": 2.6443905851646465, "f29": -2.1082740367236457, "f3": 2.6356563341966224, "f30": 2.670648556556533, "f31": -0.9479234746160964, "f32": 1.3865737478208193, "f33": -1.8764868893472189, "f34": 2.000551670035786, "f35": -1.7804819251166693, "f36": -1.8319927490598236, "f37": 1.7008654966544245, "f38": 0.28746426339393394, "f39": 1.900451083419941, "f4": -2.4793174187358833, "f40": -0.27494136969102534, "f41": -2.3684847835094107, "f42": -2.546612104386257, "f43": -3.2803485086916027, "f44": -1.7430541883507176, "f45": -0.28293485155032194, "f46": 0.06215668904938032, "f47": 1.9081218998498122, "f48": 0.45887742224847583, "f49": 1.374848515264451, "f5": 0.06346932951624173, "f50": 0.5192340278786236, "f51": 1.1293500490493198, "f52": 0.5951716666953271, "f53": -1.9409254221371417, "f54": -0.07813346952177347, "f55": -0.8011165869331935, "f6": 1.6940938479105347, "f7": -1.0488853971325507, "f8": -1.0886898165848493, "f9": -1.1671961486840727}, "datetime": {"datetime": "2023-01-24 13:38:25", "elapsed": 8455.031836, "delta": 110.011804}}
