{"target": 9.67038591968528e-06, "params": {"f0": 2.9705850102108062, "f1": -2.4515438900772892, "f10": -2.2898496020286, "f11": 0.6586796323740538, "f12": 0.031138353936447594, "f13": 0.6399504830528411, "f14": 2.689089913774593, "f15": -2.873316463157371, "f16": 2.6483427404226765, "f17": 2.2549054696610114, "f18": 2.6607089344624493, "f19": -2.4577583321789715, "f2": 2.068942589192666, "f20": 1.1071382567515027, "f21": -2.926508821631518, "f22": 0.4598510302116856, "f23": 2.1116407318287997, "f24": -2.6707500792813734, "f25": 0.4877209015911155, "f26": 2.426533166574523, "f27": 0.6427658333763047, "f28": 2.101614489003926, "f29": 2.3508543453899575, "f3": 0.9988763062462795, "f30": -0.9842275495915356, "f31": -1.618214176346854, "f32": -2.308882862557293, "f33": 2.0029542136308667, "f34": 0.12564397380044756, "f35": 1.4340506643128403, "f36": -0.26228553876612626, "f37": 0.9911174071572466, "f38": -2.6271292988789554, "f39": 1.3521991967594689, "f4": 2.7219223239851207, "f40": -1.8027246241371992, "f41": 0.3261186561671767, "f42": 0.5105335802148883, "f43": 0.7978943805000105, "f44": -2.7193029252849437, "f45": 0.7693598625507097, "f46": -0.04483391500439193, "f47": 1.77611116845834, "f48": 0.03785293527263445, "f49": 1.8529416869989843, "f5": -1.2641819501610925, "f50": 1.5013473273337752, "f51": -2.8907323824508797, "f52": 0.5182415648248528, "f53": -2.261439295482303, "f54": -0.40323037609411205, "f55": -0.6700374460920946, "f6": 1.5232643081199315, "f7": 1.266581168734069, "f8": -0.34553835842324876, "f9": 0.19967883688975885}, "datetime": {"datetime": "2023-01-24 11:31:31", "elapsed": 841.324578, "delta": 164.762512}}
{"target": 0.29780894372483924, "params": {"f0": -1.7391912493399144, "f1": -0.997093727413779, "f10": 1.4225905543720359, "f11": -1.2695287570997122, "f12": -1.9003646270748176, "f13": -1.5976054920555696, "f14": 1.531943568766895, "f15": 1.2439369063554278, "f16": 1.0673067141395371, "f17": 1.9962491315699271, "f18": -2.2895674408715956, "f19": 0.910856993720369, "f2": -2.922625239842726, "f20": -1.0329354828653294, "f21": -1.369739028466333, "f22": -2.5666712320549294, "f23": -0.6250988802591557, "f24": 2.499461902591676, "f25": 0.09560527241240901, "f26": 1.6000128022300872, "f27": 0.9292758279033295, "f28": 2.9225112989772724, "f29": -2.2722097304841595, "f3": 0.2904619950595553, "f30": 1.655361494883536, "f31": -0.9196449378254821, "f32": -1.0358702602281253, "f33": -2.9007924579272246, "f34": -0.18498305661733738, "f35": 0.9218407586088144, "f36": -1.8116228174946247, "f37": -2.0018441035016705, "f38": 2.8624103291751384, "f39": 2.0988126394144295, "f4": -1.8724293730426098, "f40": -1.5412535656605073, "f41": 2.837503256180736, "f42": 1.7494183131863767, "f43": -0.11765304959206979, "f44": 2.2761647349104894, "f45": 0.7621896905346723, "f46": -1.9363158394763897, "f47": -0.5840666759152393, "f48": -2.176821143187971, "f49": 0.985421356008116, "f5": 1.138024647414431, "f50": 0.07873165421914141, "f51": 0.28758600437135406, "f52": -1.1553891025968908, "f53": 0.07330571380349138, "f54": -0.60326204875384, "f55": 2.2244633531427658, "f6": -1.790247288397134, "f7": 0.7934840619917543, "f8": 1.7199195838332404, "f9": 1.5650121130673291}, "datetime": {"datetime": "2023-01-24 11:32:34", "elapsed": 904.287017, "delta": 62.962439}}
{"target": 0.2841858032435943, "params": {"f0": 0.8615204499184697, "f1": -0.3054396353321476, "f10": -2.4109757350731384, "f11": 1.3258373100147258, "f12": 1.543322717838901, "f13": 0.8479510977686315, "f14": 2.030098541943917, "f15": 1.2803234667660597, "f16": 2.450523966617811, "f17": 1.0165673465585616, "f18": -1.4545127790099686, "f19": -2.1325949116732277, "f2": -2.194221657221707, "f20": -1.4873302063153337, "f21": -0.745899965888722, "f22": -0.5102988193309681, "f23": 1.3343198787005068, "f24": 1.2978794821398338, "f25": 2.651052735399256, "f26": -1.4233867698859028, "f27": 1.0420904984784523, "f28": -2.9592338062950585, "f29": -2.573780598025296, "f3": 2.881807537664937, "f30": 1.7297211415231688, "f31": -1.7122116952574165, "f32": -1.8502404060443658, "f33": -0.863209310566698, "f34": 1.0547463159433672, "f35": 2.382097927391408, "f36": -0.3730049991215605, "f37": -0.7331469236885662, "f38": -0.21174818838760157, "f39": -2.2260062113681824, "f4": -1.3342726089986185, "f40": 2.039927463123929, "f41": -2.928957949172869, "f42": 0.4409943563731775, "f43": 2.3789870831350504, "f44": 0.5753926252151862, "f45": 1.3230935073395127, "f46": -2.229905100876705, "f47": -1.0226522429305323, "f48": 1.7663686018656177, "f49": -1.1192252151359745, "f5": -1.105532012211579, "f50": 1.0384293728860072, "f51": -1.764161732116862, "f52": 2.537707431043323, "f53": 2.858846470415698, "f54": 1.9605068068943785, "f55": -2.602414326061172, "f6": -1.522160458245846, "f7": -1.6809216771428848, "f8": 2.2578619274981637, "f9": -0.5271125958088607}, "datetime": {"datetime": "2023-01-24 11:33:06", "elapsed": 936.754359, "delta": 32.467342}}
{"target": 0.07825597552168853, "params": {"f0": -0.25727527866810984, "f1": -1.6349094074144992, "f10": 0.28520205616327576, "f11": -1.9006974303273811, "f12": 2.884465984982004, "f13": 1.7827656264499172, "f14": 0.22753069394342784, "f15": 1.8541008578305638, "f16": 0.779041856365339, "f17": -1.2042039800673436, "f18": 1.6327188760497613, "f19": 1.0300469030474666, "f2": 1.0719243952503028, "f20": 2.5911818136039884, "f21": 1.7536634382921266, "f22": 2.8398185784935386, "f23": -1.2644897872239078, "f24": -1.7552797122739174, "f25": 0.6469805881096162, "f26": 1.8130934202421454, "f27": -0.4483018641228744, "f28": 2.8391383375031376, "f29": 1.5428670424254634, "f3": 2.713600016839642, "f30": 0.7182121487168782, "f31": -0.19712204817774825, "f32": 0.693568894967151, "f33": -1.6686713542871456, "f34": -2.4710447385511434, "f35": -2.386840939233153, "f36": 1.4413447253990155, "f37": -2.551717873930718, "f38": -0.16701236853655255, "f39": -1.0238852483970426, "f4": -2.59509221029785, "f40": 0.09315977090333227, "f41": -1.1228133143038717, "f42": 2.083693552131848, "f43": 0.7790617882127804, "f44": 1.8510273373676585, "f45": 2.7378231174768093, "f46": 1.0861510997545345, "f47": 1.589718811870096, "f48": 1.3190302158308498, "f49": -2.448019854081414, "f5": 1.9582941098020026, "f50": -1.0638143534275866, "f51": 2.220824300796636, "f52": 1.5950609072998763, "f53": 1.7311578216046586, "f54": -0.8916408530409146, "f55": -0.24601751008861772, "f6": 2.0035038372406753, "f7": 2.669531761281755, "f8": 1.7031049746874674, "f9": 0.31928929092118796}, "datetime": {"datetime": "2023-01-24 11:34:06", "elapsed": 996.518537, "delta": 59.764178}}
{"target": 0.0019602385903468213, "params": {"f0": 0.2597271721521204, "f1": -1.7882180926984483, "f10": 0.2209217901685565, "f11": -0.4879425033138367, "f12": -0.13409122482306923, "f13": -2.503998503842886, "f14": 0.06981672885037415, "f15": -2.1519065375075974, "f16": 1.8798774959817406, "f17": 1.7515904053050706, "f18": 0.7446967265800177, "f19": -0.623734457356476, "f2": 1.9723858792514966, "f20": 2.4693496437994407, "f21": 2.0645250619616897, "f22": -2.381057226556397, "f23": -1.7701971392489442, "f24": -1.0890942024612962, "f25": 2.9699372580648244, "f26": -1.6230216898423813, "f27": 2.8134694217572997, "f28": -2.685594510155633, "f29": 0.8306470586342956, "f3": -2.2431179584734036, "f30": 0.1853215178543226, "f31": 1.7806931782906448, "f32": -2.3849158651399995, "f33": -0.5809862457153447, "f34": -2.316268107277681, "f35": -0.9366502517826749, "f36": -0.38492814253141105, "f37": -2.3412756184220314, "f38": -0.4736061051948641, "f39": 1.9999117948726814, "f4": -1.258335708773512, "f40": 1.205444042111833, "f41": 0.6321429808733852, "f42": 2.257174633773708, "f43": 0.8207569221612019, "f44": -2.8294197953669964, "f45": 1.3877239536851773, "f46": -1.2449348989068938, "f47": 2.1005651002576666, "f48": -1.0760335784955908, "f49": -0.7476483153242297, "f5": -2.8803790834523126, "f50": -2.9965329710132593, "f51": -1.0578520508353233, "f52": 0.9677891586436993, "f53": -2.722179003255529, "f54": 2.9131649548895444, "f55": -0.4311954379495182, "f6": -0.9124019692749004, "f7": 1.1789879297180823, "f8": -2.1204939275168733, "f9": -1.2575173152917378}, "datetime": {"datetime": "2023-01-24 11:34:32", "elapsed": 1022.636717, "delta": 26.11818}}
{"target": 0.15949237333146035, "params": {"f0": 1.2679084886416465, "f1": -0.9354598822045856, "f10": 0.12019616340809947, "f11": -1.7409598326719717, "f12": 1.9327928549200744, "f13": -1.1230772209059872, "f14": -1.376626351921859, "f15": 1.5617294691831463, "f16": 0.025865291527016332, "f17": -0.0436083496508779, "f18": -0.1516904585187726, "f19": 2.3328530193201376, "f2": -1.935017041464519, "f20": -2.1925221268200534, "f21": 2.1551178246265987, "f22": 1.6821317540157699, "f23": 0.04645089156922033, "f24": -1.6528394243485829, "f25": -1.5195277406543788, "f26": -1.0802617297444257, "f27": 0.4939237055597787, "f28": 0.779582778559166, "f29": -0.4504236295195483, "f3": 1.8484689322972532, "f30": 0.8756022417401437, "f31": -0.16949135516789182, "f32": -2.183740604560776, "f33": 2.4047265357893153, "f34": 0.24744844122367837, "f35": 2.1878676809438318, "f36": -1.513107068477735, "f37": 0.5911524864389119, "f38": -0.14945815116629557, "f39": 0.4665984404456678, "f4": 2.3995010332216076, "f40": 1.1791929890578876, "f41": 1.188997426656357, "f42": 2.5902403926899087, "f43": -2.263775592278624, "f44": -1.410026706806704, "f45": 0.547209012211364, "f46": 0.8426245066054161, "f47": 2.114293170734917, "f48": 2.763823460883051, "f49": 1.5977698658464847, "f5": 1.5329665397046988, "f50": -0.8068072887076658, "f51": -0.11279798741129454, "f52": -1.9997688069551725, "f53": -0.8542260240295878, "f54": -1.8850937966999226, "f55": -0.5499864818737783, "f6": -0.8065957653421556, "f7": -0.141467605457116, "f8": 2.0250204524025914, "f9": 0.6166097490917144}, "datetime": {"datetime": "2023-01-24 11:35:26", "elapsed": 1076.621398, "delta": 53.984681}}
{"target": 0.0010408709842138848, "params": {"f0": 2.523284525351343, "f1": 1.9613581949849284, "f10": -1.2400318563236556, "f11": -1.9083873925535002, "f12": -1.6222915354968968, "f13": 2.7869153780047586, "f14": 0.19789036961587492, "f15": 2.0743056827427173, "f16": -0.4979676107514086, "f17": -2.4036575524922137, "f18": 2.648731838160966, "f19": -0.20257548201723097, "f2": 2.4059133378328976, "f20": 0.6564890245274095, "f21": 1.8005852734797338, "f22": -1.286022348508221, "f23": 1.0423912338283463, "f24": 0.39376721075949295, "f25": -1.869792457436257, "f26": 2.4545871291901964, "f27": -1.54569697247116, "f28": -1.6743177898927644, "f29": 2.5143873882558374, "f3": -1.9229206425141907, "f30": -2.1448002983984575, "f31": -2.158259940431855, "f32": -1.0831778072712845, "f33": -1.377773247223823, "f34": -1.2084016315846056, "f35": 0.9414468941471457, "f36": -0.20173864493535731, "f37": -0.6068223847159411, "f38": -0.7789304877604053, "f39": 2.4471739433628272, "f4": -2.0800394773684214, "f40": 2.011943022705367, "f41": -2.617184024233782, "f42": 2.5700858442528123, "f43": -0.7576876845466987, "f44": -1.1871900657966459, "f45": 1.8076259506254573, "f46": 0.6983024919341476, "f47": -0.870451147029681, "f48": -2.241730802226692, "f49": -1.021721601210629, "f5": 2.8479378254543635, "f50": 0.5220339078579874, "f51": -1.3270404565441711, "f52": 1.4416257142990512, "f53": -0.21776291148367122, "f54": -2.5763685196890327, "f55": -1.5412011287713032, "f6": -2.2870886488782576, "f7": 2.794949896173998, "f8": 1.4327795994860288, "f9": 0.39465998269696545}, "datetime": {"datetime": "2023-01-24 11:36:27", "elapsed": 1137.366549, "delta": 60.745151}}
{"target": 0.20418260313760084, "params": {"f0": -1.7721314160416242, "f1": -2.3930311187524924, "f10": 2.789407288799919, "f11": 0.6354206859968428, "f12": 2.0579279589658785, "f13": -2.005704793980932, "f14": -0.5524328947994501, "f15": 0.29596907977239084, "f16": -0.9695636161628833, "f17": -1.7043527159975327, "f18": -1.6997048050475905, "f19": 1.7378173805797203, "f2": 1.4479962721645068, "f20": -2.7894521556793106, "f21": 0.8557594241316924, "f22": 2.4985488616545553, "f23": 1.0728040099905618, "f24": 0.7841428462203748, "f25": -1.020464234899802, "f26": -0.3634158554649414, "f27": -0.8611677335687649, "f28": -2.4599182035397273, "f29": 2.623046421720929, "f3": -2.6077774808478473, "f30": -2.800975524811674, "f31": -0.8169392195045377, "f32": 0.42941472145418036, "f33": 1.9831780193707393, "f34": 1.6295525706528071, "f35": -2.1230026465338088, "f36": 0.2153027696903207, "f37": 2.029809775785493, "f38": 1.4465591462298573, "f39": -2.224962699466575, "f4": 0.11310041912070101, "f40": 1.0149267023678643, "f41": 1.7414116722351425, "f42": -0.1466921128765062, "f43": -2.2217355269038004, "f44": -0.8889982396173135, "f45": 2.3080897032901087, "f46": 0.6034307184702454, "f47": 2.640651402324945, "f48": 2.4680564866001937, "f49": 2.911278186313334, "f5": 2.3507157846753675, "f50": -1.5217665188259657, "f51": 2.8695480851590833, "f52": -2.325476508646717, "f53": 2.653239671177322, "f54": 0.9311155110600353, "f55": 2.037592062060053, "f6": -2.9223275796806645, "f7": 1.483347041940311, "f8": 1.6116762956010051, "f9": -0.3194712976579588}, "datetime": {"datetime": "2023-01-24 11:36:56", "elapsed": 1166.26196, "delta": 28.895411}}
{"target": 0.19074008293195394, "params": {"f0": -2.462722117623294, "f1": -0.8086293440525605, "f10": -2.352116033753206, "f11": -2.481141450980667, "f12": -2.9303507440019345, "f13": 1.0393611291841296, "f14": -2.3048531041924756, "f15": 0.5954888116624257, "f16": 1.8709241745713863, "f17": 2.7358774205039573, "f18": -2.230031242557434, "f19": 2.3313647189202866, "f2": -2.7536964264089443, "f20": 2.142426401236122, "f21": 0.13466167935023154, "f22": -2.539268785345051, "f23": -0.25844801593545386, "f24": 2.668180959573002, "f25": -1.8775350575135372, "f26": 1.7433118426376666, "f27": 1.0702986636766267, "f28": -0.6970749278791173, "f29": -0.7602025183016448, "f3": -0.5214342329150505, "f30": -1.90357339232538, "f31": -0.07585762960039943, "f32": 0.04598094995531632, "f33": 1.6236074700718524, "f34": 0.14171215195318076, "f35": -0.9875867566039691, "f36": -0.6080069900960519, "f37": 1.0830017010784303, "f38": 2.791101785405255, "f39": -1.441515162848314, "f4": -1.835476860518556, "f40": -0.9405305677374773, "f41": 1.6593514182836584, "f42": 0.6807153389461211, "f43": 1.0788077809046186, "f44": 2.1086351417659994, "f45": 2.9950943565379546, "f46": -2.6648529257692903, "f47": 2.890437465859174, "f48": 2.483625165755078, "f49": -2.4607867047905874, "f5": 1.538543991186721, "f50": 0.3260548858953891, "f51": 0.4986847182271461, "f52": -2.594873661900612, "f53": 1.4144692188490042, "f54": 0.05232039330302252, "f55": 1.1645289607008102, "f6": 0.4246859602942479, "f7": 1.3071567948926814, "f8": -0.3748742619573786, "f9": -0.7502470898458657}, "datetime": {"datetime": "2023-01-24 11:37:39", "elapsed": 1209.987486, "delta": 43.725526}}
{"target": 0.21833454903457103, "params": {"f0": 0.6417514574649434, "f1": 2.5078506218674583, "f10": -1.2357575321192344, "f11": -2.825794780030212, "f12": -1.183736932863483, "f13": -2.78794512835125, "f14": 0.26230610913742325, "f15": 1.3526537800970937, "f16": 2.537641587396811, "f17": -0.12566263448607096, "f18": -2.9028342190249377, "f19": 2.3280389916516437, "f2": 1.3468760488367266, "f20": -2.2912120802760354, "f21": 2.1779767992849166, "f22": -0.5952225485307325, "f23": -2.951243081257309, "f24": 2.150231182868076, "f25": 0.8642427825041881, "f26": -1.792117923172494, "f27": -1.9770796565458835, "f28": 1.6833044388744813, "f29": -0.34763325986831806, "f3": -0.10939584952094439, "f30": -0.17985047637082197, "f31": 2.337125381100214, "f32": 1.6397033588890944, "f33": -2.2109759407089564, "f34": -1.1225897491061692, "f35": 0.5703796995979697, "f36": -2.8703461814137827, "f37": -0.6541964011479342, "f38": -1.8553372712050111, "f39": 2.4906840435036335, "f4": 2.6104054911151735, "f40": 1.4323191457067859, "f41": -1.006468437154266, "f42": -2.8999887160511966, "f43": 0.20949399284825487, "f44": -1.4355131059321653, "f45": 0.40466131519112025, "f46": -1.3900270126869794, "f47": 2.527098895566356, "f48": -2.3411026181007646, "f49": 1.3349488007076928, "f5": -1.9961067620341553, "f50": -1.4309915333735523, "f51": 2.5168568017722954, "f52": -1.1677056146830604, "f53": 1.0284296731191693, "f54": -0.15627203283448265, "f55": -0.9151298182078067, "f6": 0.9098994418247122, "f7": -0.9346801599463728, "f8": 2.836146656091014, "f9": 0.5860152275597317}, "datetime": {"datetime": "2023-01-24 11:38:33", "elapsed": 1263.106282, "delta": 53.118796}}
{"target": 0.06904532297860652, "params": {"f0": 0.46651354378250076, "f1": 2.2099879189995146, "f10": 1.0484150769042762, "f11": -2.0107294805981013, "f12": -2.470802281866524, "f13": -1.877154716139455, "f14": -1.8941184343882471, "f15": 0.8452258446206331, "f16": -0.636027486445411, "f17": 1.4489726897726518, "f18": -2.189235219952903, "f19": -1.391267676370168, "f2": -2.2972026131473586, "f20": -2.729358094093029, "f21": 2.6871074382372218, "f22": -2.639703370660965, "f23": -2.2876069116648323, "f24": -0.25805006607248515, "f25": -1.182706536277006, "f26": -1.1400428146655806, "f27": 1.5669065902698094, "f28": 2.114651009115173, "f29": -0.5243040125040972, "f3": 0.8719321665956317, "f30": -0.106903323378857, "f31": 0.5978843775763734, "f32": -1.2736039715329808, "f33": -1.8388205525756214, "f34": 0.7138363014540268, "f35": -0.8042742038829527, "f36": 1.4263195239315536, "f37": 2.3470591748929976, "f38": -2.771695487834525, "f39": 1.7948533874085024, "f4": -2.4469364092897434, "f40": -0.529379974359605, "f41": 2.902829689246815, "f42": -0.03987894119203528, "f43": -1.4173014362788916, "f44": -1.1556893878983525, "f45": 0.7931531720364289, "f46": -0.30375805468139383, "f47": -0.57167369983972, "f48": -1.8320543827285891, "f49": 1.5899011049207745, "f5": -1.0602332933118759, "f50": -1.599730811189576, "f51": 0.0017368438057614455, "f52": -2.95272503375022, "f53": -2.3940114480896213, "f54": 0.3200800348067374, "f55": 0.3319556375622361, "f6": 1.3821329111557485, "f7": 2.205805101039819, "f8": 0.02953011813195383, "f9": 1.9441843116816857}, "datetime": {"datetime": "2023-01-24 11:38:47", "elapsed": 1277.669223, "delta": 14.562941}}
{"target": 0.0018160844435324013, "params": {"f0": 2.999243996534501, "f1": 0.5073030402673195, "f10": -1.3181504992641004, "f11": 2.9225845195554907, "f12": 1.7703838511358079, "f13": -1.0816881056124839, "f14": -0.6752867953662651, "f15": -1.1137530545588847, "f16": -2.5790182616741393, "f17": -0.39495763360657943, "f18": 2.6303966337720466, "f19": 1.2834909040994713, "f2": 0.23706436597689162, "f20": 1.842369231335934, "f21": -2.526527135508749, "f22": -1.533218241123568, "f23": -1.2471521504011647, "f24": -2.8506215560316246, "f25": 2.1199865930498563, "f26": -0.03194458363512087, "f27": -1.8012574078302817, "f28": 1.7905219043125342, "f29": 0.5441546728409117, "f3": -0.8250344560186766, "f30": -2.506855807913575, "f31": 1.3273050073880288, "f32": -1.7835832345272986, "f33": 0.9024292650879389, "f34": -1.5174080434616788, "f35": 2.01909316986956, "f36": 2.0541070387639557, "f37": -2.406317571189849, "f38": -0.913713313888862, "f39": 2.9326418961079783, "f4": 0.264323993602698, "f40": 0.9024186784064034, "f41": -1.22009146968816, "f42": 0.27404111056687874, "f43": 0.7170911341152353, "f44": -2.413077811356895, "f45": 0.15997958233813936, "f46": -2.07128302712305, "f47": 0.40028710716012217, "f48": -1.857502959109007, "f49": 2.9815135362521428, "f5": -1.9710565097106802, "f50": 1.1392544798741522, "f51": 0.23836964844085262, "f52": -1.0814731805451772, "f53": 0.7594322518777759, "f54": 2.4531836579013504, "f55": -1.9361052798907652, "f6": -1.9744345107746664, "f7": -2.443808660018284, "f8": 0.5489183761263581, "f9": -2.567081961353981}, "datetime": {"datetime": "2023-01-24 11:40:11", "elapsed": 1361.709637, "delta": 84.040414}}
{"target": 0.11343702595179324, "params": {"f0": -2.2544495402531517, "f1": 0.41251195158004084, "f10": -0.19870618856513023, "f11": -2.9817955348805816, "f12": -1.8797290928402344, "f13": -2.79596266763458, "f14": 1.3856264605747173, "f15": -1.1469006418707974, "f16": 1.3641008302223305, "f17": -0.2975912803889944, "f18": 1.2261487517331364, "f19": -2.8837999462764374, "f2": 1.0601711312225763, "f20": 1.5554648968070799, "f21": -2.132558499960127, "f22": 0.9545081845772607, "f23": 1.2441602739391264, "f24": 1.0527585175193597, "f25": -2.98257299909117, "f26": -0.46265246755372935, "f27": -2.7646897533556807, "f28": 1.0929652170021775, "f29": 0.1659647854581472, "f3": -0.14134054521246586, "f30": -1.8978463605750138, "f31": -2.6189554188082904, "f32": 0.6484396533109567, "f33": 1.2902155624401939, "f34": -1.0742787033624774, "f35": -1.2357018944954716, "f36": 1.4525734343037655, "f37": -0.3368116583314311, "f38": -1.526121709106806, "f39": -0.6432027448048951, "f4": 1.265892089032036, "f40": -0.539843585503605, "f41": 0.5069094428728378, "f42": 2.053126984572039, "f43": 1.8153491779895372, "f44": 2.9563805190825523, "f45": -2.2420668270667354, "f46": 0.798315658297502, "f47": -2.985889511663957, "f48": -2.420581242155066, "f49": 0.6545192777458357, "f5": -0.816647153422525, "f50": 2.38130865818745, "f51": -0.8338866752663803, "f52": -2.4767618590117637, "f53": 1.361976455453771, "f54": -0.12509541136089286, "f55": 1.7735545609473222, "f6": -0.18146452854292905, "f7": 1.0313287873347399, "f8": -2.9402439195329455, "f9": -1.2824196480022965}, "datetime": {"datetime": "2023-01-24 11:40:47", "elapsed": 1397.992393, "delta": 36.282756}}
