{"target": 0.34518196541032625, "params": {"f0": -1.040858940320225, "f1": 1.1360935611794716, "f10": 1.8914507453513654, "f11": -0.3596359016292605, "f12": 0.14243993914813569, "f13": -1.9270336647936557, "f14": 1.343986602611551, "f15": 2.7234396564547314, "f16": -2.760757707807185, "f17": 0.27180735517774757, "f18": -2.025186996391331, "f19": -1.447540892070273, "f2": 0.06929501508099412, "f20": 1.4224325280601562, "f21": -1.042399532638898, "f22": 1.4392991413777132, "f23": -2.195002294151114, "f24": -1.0121821135077038, "f25": 0.10230947473111174, "f26": -1.0787253244154225, "f27": -0.9635671486413058, "f28": 1.573284693867297, "f29": 2.8111801424924536, "f3": -1.328516797851887, "f30": -1.4082882908734857, "f31": 0.12349238716971156, "f32": -2.832861818121029, "f33": 1.910318250841894, "f34": 0.3716184333214456, "f35": 0.7203655486958991, "f36": 1.4480685434254035, "f37": -2.1261801631298485, "f38": 0.46314824462165927, "f39": 0.634401288728518, "f4": 1.7332345905877915, "f40": 1.4974398928983934, "f41": 2.1254465770693276, "f42": 1.6758680330474727, "f43": 1.3089009614755671, "f44": 2.1212821216953754, "f45": -2.272652491050035, "f46": -0.0871807532965283, "f47": -0.7945567379485956, "f48": -1.728050598999821, "f49": -2.8959084046235306, "f5": -0.43422583408515436, "f50": -1.1372275922714956, "f51": -0.9014921102145905, "f52": -1.892035364279405, "f53": -2.031098637886342, "f54": -0.5039904995093076, "f55": -0.8530307559184145, "f6": 0.817933593894808, "f7": -0.34915869343414707, "f8": -2.4645193429470584, "f9": 0.291840228625428}, "datetime": {"datetime": "2023-01-24 11:17:29", "elapsed": 0.0, "delta": 0.0}}
{"target": 0.3861987204287602, "params": {"f0": -0.05618650004115633, "f1": 2.936607100145789, "f10": -0.809823885641987, "f11": -1.1060179980892444, "f12": -2.7763354988516706, "f13": 0.512399164577118, "f14": -1.3212814495491063, "f15": 1.3364878291727464, "f16": -0.5888107125266284, "f17": 2.8682394096008377, "f18": 2.5519146124740733, "f19": -0.9962333096052847, "f2": 2.292195423750967, "f20": -2.2961778765285987, "f21": -0.07177728383487514, "f22": -0.8917958593134196, "f23": 1.6595402153384562, "f24": -2.3126634070580394, "f25": -1.053774217967046, "f26": 2.1582940474596093, "f27": 1.8532519460404506, "f28": 0.6802605773070001, "f29": -1.9334009826411227, "f3": 2.631404130016702, "f30": 1.8328818971128156, "f31": -1.6002726006166434, "f32": -0.8085115717028315, "f33": -1.5198966820329727, "f34": -2.391745471021509, "f35": 0.13965211676820033, "f36": 2.2434337322940507, "f37": -2.4913846737131786, "f38": -1.1491714563422166, "f39": -1.9336044460563973, "f4": -1.9942097226756614, "f40": 0.22924833435880743, "f41": 0.8999127135083129, "f42": -1.061519681854737, "f43": 1.9688628075474064, "f44": -0.1005657410762435, "f45": -1.4325727473018612, "f46": 0.22124653126210259, "f47": 1.8195698977422445, "f48": -1.805086826609286, "f49": 2.8715723723637616, "f5": -1.2463883736913088, "f50": 1.7480635120153973, "f51": -0.21895600251640213, "f52": 2.76491411716738, "f53": -1.0817332966468618, "f54": -2.6943507910402134, "f55": 0.6721634068661295, "f6": 2.5690815082053424, "f7": -0.6135897110105288, "f8": 1.6808063831111584, "f9": -2.6221833872308}, "datetime": {"datetime": "2023-01-24 11:18:39", "elapsed": 69.786622, "delta": 69.786622}}
{"target": 0.3085598290084969, "params": {"f0": -0.42859901835200365, "f1": 0.4488462579813506, "f10": 2.357299532830541, "f11": 0.9330668235297441, "f12": 1.7260916868769396, "f13": 2.3622877188816434, "f14": -0.7071412202285106, "f15": -1.0051315186225704, "f16": -1.9695708753487349, "f17": 0.5308464312247758, "f18": -2.114583090591788, "f19": -1.842211814323304, "f2": 1.4076859378800748, "f20": 1.6646974112961441, "f21": -0.611104596027543, "f22": -0.3238318608211985, "f23": -0.886857111642148, "f24": 0.577704729265907, "f25": 2.2004575988282067, "f26": -1.7930425778880044, "f27": 1.6532627040747103, "f28": 0.4142317789707768, "f29": 0.7657047738155685, "f3": 1.6274130542819032, "f30": -2.181848754860499, "f31": -0.5849361055312707, "f32": -0.6359627612775798, "f33": -2.1670296125182906, "f34": -0.33812184174623816, "f35": 0.5875118586300507, "f36": 0.9211285689344679, "f37": 0.026173365388749925, "f38": -1.520479277802156, "f39": -0.32416743748978316, "f4": -2.598986160722062, "f40": -2.3543652741520775, "f41": 1.3113199847450403, "f42": -0.6522289026360726, "f43": 1.8016228698266037, "f44": 2.597924478480408, "f45": -1.4184423774654578, "f46": 0.1312518928160431, "f47": -1.6036219723844505, "f48": -0.19208293292278178, "f49": 2.205859065216922, "f5": -1.8033357889023203, "f50": -2.205029015167291, "f51": -0.751651225932763, "f52": 0.9555177223091582, "f53": 2.6607861447615226, "f54": 0.4964170794260041, "f55": 1.8931685119489527, "f6": 1.1721060448994391, "f7": 1.0381352380082447, "f8": 0.4442403125073078, "f9": 2.3884464517149224}, "datetime": {"datetime": "2023-01-24 11:19:24", "elapsed": 114.677342, "delta": 44.89072}}
{"target": 0.32290147837596656, "params": {"f0": -2.584333355715473, "f1": 1.1311259761995212, "f10": 2.2613048149780495, "f11": 0.7784454012073518, "f12": -2.7297832384005867, "f13": 1.8737445818516454, "f14": 0.49216825670003184, "f15": 2.4103913515355764, "f16": 2.901797638636312, "f17": -0.8058719684971036, "f18": 1.859896988243408, "f19": -1.0024595208684755, "f2": -1.4097443750984178, "f20": 2.244802202305495, "f21": -1.9569019621710013, "f22": 0.8577252914311742, "f23": -2.8573042654116856, "f24": -0.03917870061136153, "f25": -1.547945998982304, "f26": -0.9977660502903198, "f27": 2.2283540321029207, "f28": 2.4433397832145047, "f29": -1.84885981845199, "f3": -0.056543578890275725, "f30": -0.9925456674109272, "f31": 1.7561409100400258, "f32": -2.275734349270362, "f33": 2.938731186709262, "f34": 0.347860661972347, "f35": 2.751875935594386, "f36": -0.8579948727497584, "f37": 0.45855562771224534, "f38": -0.9273831666597285, "f39": 2.149915606696073, "f4": -0.37484771683521156, "f40": 2.0269302680141736, "f41": 0.7998765728172761, "f42": -1.2444296811274773, "f43": 0.2780254155387958, "f44": 2.9448303713429356, "f45": -0.7968945914288952, "f46": -1.9666499992030804, "f47": -1.7099680897221041, "f48": 0.08067746271390641, "f49": -2.977129505297703, "f5": 2.2099872543912564, "f50": 2.329787313917439, "f51": -1.8330530118566677, "f52": 2.6174558710302893, "f53": -0.12911383383024333, "f54": -2.9582148785416833, "f55": -1.941591961713856, "f6": 1.4390078842957372, "f7": 1.3920888162374725, "f8": -1.7743040771657328, "f9": 0.5254967044344365}, "datetime": {"datetime": "2023-01-24 11:20:04", "elapsed": 154.253497, "delta": 39.576155}}
{"target": 0.5944694999532217, "params": {"f0": 2.4979581816050613, "f1": 2.2045659502914408, "f10": 1.6468739936156709, "f11": -2.5633746932915487, "f12": 1.2618332798789886, "f13": 1.2874874682446666, "f14": -1.3179766871268381, "f15": 0.8693141892945846, "f16": 0.7755423524066369, "f17": -1.7266704841470553, "f18": 2.0198341430133597, "f19": -2.93053507935073, "f2": -0.5980523887438491, "f20": 0.901969817558852, "f21": 1.3327932668843765, "f22": -1.3809904205754076, "f23": -1.5724624662931275, "f24": -1.3358650073297393, "f25": 0.41851479698158744, "f26": -2.177479063716073, "f27": 2.2815788665961527, "f28": -2.043380085708484, "f29": 0.310035450978253, "f3": -0.6354324995004212, "f30": 1.1826272614590643, "f31": 2.741804117433695, "f32": 1.8310525006531213, "f33": 0.22883994645828754, "f34": -2.0617319299187598, "f35": -2.45310103752174, "f36": 0.16108995449498664, "f37": -1.1519994905281303, "f38": 0.42576199326291286, "f39": 0.7038214221149603, "f4": -1.0802048447611818, "f40": -1.3874672354735478, "f41": -0.3851078549279068, "f42": -0.8255287090736454, "f43": 1.4507704550888887, "f44": -2.386251129570849, "f45": -2.24511702251998, "f46": 0.4819432301963049, "f47": 0.9471133377593528, "f48": 1.2959135964822774, "f49": -0.03312455642687295, "f5": -1.0576186227566189, "f50": 1.0343396665524747, "f51": 0.9574849433770933, "f52": 1.552668895511748, "f53": 1.8431249578766646, "f54": -0.5814423347006388, "f55": 0.2729290289560833, "f6": -1.4459515893594816, "f7": -2.0899902256893395, "f8": -2.5109456778245614, "f9": 0.2798023926355473}, "datetime": {"datetime": "2023-01-24 11:21:44", "elapsed": 254.153484, "delta": 99.899987}}
{"target": 0.149041206864305, "params": {"f0": -1.6515776974495608, "f1": -0.04851152515644985, "f10": -1.5506080987178108, "f11": 0.5483625938288101, "f12": 2.675255314695187, "f13": 0.685820987410569, "f14": -2.060550729029944, "f15": -1.6947635579630091, "f16": 1.4743912665074248, "f17": 2.8524132503726305, "f18": -2.274405294013377, "f19": -0.363783641863602, "f2": 2.0520232876497575, "f20": -0.13148436919410722, "f21": -2.752857643869101, "f22": 0.28553326738853047, "f23": 1.101588856210892, "f24": 1.215180309586441, "f25": 1.7652478199305657, "f26": 1.950699954840661, "f27": -2.1393086373422237, "f28": -0.0695631740711189, "f29": -2.2041257122082842, "f3": -0.5111269078120961, "f30": -1.4146328101138859, "f31": 2.4300226531877183, "f32": 2.335377763179963, "f33": -2.5054453752900834, "f34": -0.06285392000642709, "f35": -2.9322808852912763, "f36": -2.3670482236002384, "f37": 2.7113606024954873, "f38": -2.813498547456424, "f39": 2.386887577588019, "f4": -0.49410129354202903, "f40": 0.572620096892801, "f41": 2.3551356250888524, "f42": 2.113663077941294, "f43": 2.969972381424977, "f44": 2.8554309193178185, "f45": 1.9816461147998155, "f46": 0.22262422321808462, "f47": 2.4757880513436277, "f48": 0.8533901053893613, "f49": -2.4833122266892746, "f5": -1.9193412303945483, "f50": 2.689598274386456, "f51": -2.9222430479643027, "f52": 2.6506261127129394, "f53": -0.053507978239967446, "f54": 0.2756735433966302, "f55": -0.30229112545582293, "f6": -0.3522882992312262, "f7": -0.23904070479353612, "f8": 0.7763186981075325, "f9": -0.1917013904876872}, "datetime": {"datetime": "2023-01-24 11:22:44", "elapsed": 314.443575, "delta": 60.290091}}
{"target": 0.4386943077066288, "params": {"f0": 1.4462796124613568, "f1": 2.1376553665596623, "f10": 2.5983976153988877, "f11": -0.6739043590466953, "f12": 1.2543413512768957, "f13": 1.2447309791320995, "f14": -1.4150776940218042, "f15": -1.1236745673523856, "f16": 0.20506079246194275, "f17": -1.8439705498524195, "f18": -2.3322746430317087, "f19": -0.2962104024828287, "f2": 1.0828998281555489, "f20": 0.7337613546995394, "f21": -1.551950745131168, "f22": -1.5828455604326994, "f23": -0.023721220804190146, "f24": -0.5039792159815955, "f25": -1.2938255867528725, "f26": 1.6665581224900334, "f27": -0.41305292527000503, "f28": -0.7357393795753002, "f29": 2.7505501154722385, "f3": 2.95595426617773, "f30": -1.5281268663031105, "f31": 0.097125546666887, "f32": 0.8060684914206195, "f33": 0.1035704538625466, "f34": 2.491868450626158, "f35": 2.008925352240013, "f36": 1.7953173116935197, "f37": -1.5122349008643052, "f38": 2.899790220403813, "f39": -2.7394044867866807, "f4": 2.3717268588859595, "f40": -1.1496857793161674, "f41": -0.8251452335821496, "f42": -0.022616056387462002, "f43": 0.6036781391372719, "f44": 2.6956305054123693, "f45": 1.7825661749207198, "f46": 0.6669399024032567, "f47": -2.7732955756464417, "f48": 0.8443201284217432, "f49": 0.9609501338621875, "f5": 0.7667272589188663, "f50": 1.1934626391959924, "f51": 0.26888773290535983, "f52": -0.6096794561587968, "f53": 2.3712461909313616, "f54": -2.528195928179829, "f55": -1.994915299402144, "f6": 2.8605386309344416, "f7": -1.3399915317899571, "f8": -0.5236659169555309, "f9": -1.2668801149345774}, "datetime": {"datetime": "2023-01-24 11:23:22", "elapsed": 352.680164, "delta": 38.236589}}
{"target": 0.07727439214801407, "params": {"f0": 1.3979510426436619, "f1": -0.3187809953817089, "f10": 0.3663491023681651, "f11": -1.10932423721183, "f12": -0.49973786347169025, "f13": -2.58257947040459, "f14": 2.0560262163016594, "f15": -1.5513294463029743, "f16": -1.1425360131424889, "f17": 1.0863190746456013, "f18": -2.6137122715351926, "f19": -2.437980526432968, "f2": 1.4537561509573003, "f20": 0.2434983860327078, "f21": -1.655977233763223, "f22": -0.4931240168889812, "f23": 1.5772061279344145, "f24": 2.4755724564545325, "f25": -1.302936480487863, "f26": 0.49312818767614486, "f27": -0.25647857012847197, "f28": -2.445112059877527, "f29": -2.8560819747562682, "f3": -2.045914074999006, "f30": 1.524166353129413, "f31": -1.580540380214967, "f32": -2.059118134093467, "f33": -0.762325104950651, "f34": 0.9365944705517029, "f35": 0.4946467886507806, "f36": 1.7246494827700305, "f37": 2.839654406503346, "f38": -0.4282787492815201, "f39": 0.4979095635441739, "f4": -0.6299237009835599, "f40": -0.5227890372910737, "f41": -0.964068695777331, "f42": -0.4708122499824414, "f43": -0.6691397959943206, "f44": 2.5707179811606338, "f45": -0.9244502552501794, "f46": 2.8438335940374007, "f47": -2.403325301720815, "f48": 2.630561391192117, "f49": 1.12051387007606, "f5": 0.23844377396113803, "f50": 2.080853968237739, "f51": 1.3713914405935288, "f52": 2.019051111157127, "f53": -1.207738757174811, "f54": 0.9058256902002384, "f55": 0.6547692259792983, "f6": 1.8004587406848778, "f7": 0.7023255186918558, "f8": -1.5273407738589075, "f9": -1.2891169492813577}, "datetime": {"datetime": "2023-01-24 11:24:02", "elapsed": 392.107116, "delta": 39.426952}}
{"target": 0.257067138518595, "params": {"f0": 0.12454951111233825, "f1": 1.2842244606777768, "f10": 1.440405070364947, "f11": -2.5929695666455226, "f12": 0.13161154141762044, "f13": -2.5838751294062647, "f14": 0.6560554137468695, "f15": 1.639031509024135, "f16": -2.1627367573556633, "f17": -2.8534539339121183, "f18": 0.7019740893929733, "f19": -0.40821739592271333, "f2": 1.408613136521958, "f20": -1.737401153068661, "f21": -1.1037582560806638, "f22": -1.8437259886961552, "f23": 0.44890412383988076, "f24": 0.6568067682138334, "f25": 1.746264496272671, "f26": 0.08420921206529108, "f27": -1.3726077731714685, "f28": -1.9692685901864881, "f29": -0.07441343579040716, "f3": -0.28902171326538006, "f30": 0.049309487056941936, "f31": 1.169298089594184, "f32": 1.7630474991145864, "f33": -1.8018832327164744, "f34": -2.557511063582365, "f35": 1.2391193773696028, "f36": -1.1077296102798826, "f37": 0.8911276898927554, "f38": -2.934403742234079, "f39": 1.5770320079431999, "f4": -1.529777898415343, "f40": 2.5385482250657763, "f41": -0.5890260115356365, "f42": -0.282577133661146, "f43": -2.3130717616307193, "f44": 1.583636250740902, "f45": -0.6738304575564027, "f46": -2.7881618216494877, "f47": -1.2163170251941544, "f48": 2.1232356430733113, "f49": -1.8918947025274329, "f5": -2.1089379995775848, "f50": -0.7805111938135143, "f51": -2.6014641957362263, "f52": 1.704161988745506, "f53": 1.4426028506314372, "f54": 1.7621539670577526, "f55": 2.8011088874078265, "f6": -1.4531756885945877, "f7": 0.737664664539667, "f8": 2.1108413348037756, "f9": 0.6888402543785945}, "datetime": {"datetime": "2023-01-24 11:24:31", "elapsed": 421.212868, "delta": 29.105752}}
{"target": 0.12211279494462185, "params": {"f0": 0.9615890792728807, "f1": 0.49362247185840236, "f10": -2.287722717810263, "f11": -2.1975856797250213, "f12": -1.2856934294593334, "f13": -0.17525645988980365, "f14": 0.04531006336434196, "f15": -1.150472871159214, "f16": -1.4985943294750732, "f17": -0.8291053076752113, "f18": 2.642508133264114, "f19": 0.5340523943935289, "f2": 0.6958705310170297, "f20": 1.9342941976033279, "f21": 0.039014277209921566, "f22": -1.920888646042592, "f23": 0.8194955000629589, "f24": -0.22056107818939585, "f25": -2.7482199022409013, "f26": -0.14054854062605848, "f27": 1.807269272796292, "f28": -0.594056459190031, "f29": -1.4932086323563332, "f3": -2.6171647023977065, "f30": 0.41198905134392305, "f31": 2.8711765314221402, "f32": -0.5287010194482606, "f33": 0.7512081162390727, "f34": 2.2829116707941157, "f35": 2.1297169223196484, "f36": -2.6532864285596958, "f37": -1.471434368007154, "f38": -0.10914390293508403, "f39": -2.4730937451468025, "f4": 1.2906862568587218, "f40": 0.35669517503374815, "f41": 0.008548320867797443, "f42": -1.2495058927477947, "f43": 1.3672249325489005, "f44": -0.4449729156813085, "f45": -0.47566169270212555, "f46": 1.230559781692647, "f47": 1.985506767734134, "f48": 1.705736352817877, "f49": -1.4676073241899954, "f5": -1.9422607441620743, "f50": -0.4515987262661554, "f51": -2.675645560098183, "f52": 0.2718791046672746, "f53": -2.8078981733986037, "f54": 1.392081550193348, "f55": -2.143233707766322, "f6": 0.032702725408440436, "f7": 2.084262083098901, "f8": -0.22280953908424017, "f9": 0.1585181840995693}, "datetime": {"datetime": "2023-01-24 11:25:28", "elapsed": 478.528683, "delta": 57.315815}}
{"target": 0.09086860908877337, "params": {"f0": -1.4450102958795843, "f1": -1.1436103494839245, "f10": -2.495709456873928, "f11": -1.7563630680238471, "f12": 0.06019648076196216, "f13": 1.272850845676536, "f14": -1.1482390085019127, "f15": 1.1462506525934577, "f16": -2.596176137672587, "f17": -0.24817952249949204, "f18": 2.4598030556696795, "f19": 1.5542006423195076, "f2": 2.1930924887784204, "f20": -0.30895513982078615, "f21": -2.8195958507239247, "f22": 2.929805889205797, "f23": -0.8150108660239321, "f24": 1.7898714136902187, "f25": 0.3647233471819913, "f26": 0.9054283163361561, "f27": -2.437358656965799, "f28": -1.0207333107209597, "f29": -1.9370887339233136, "f3": -2.018742686382529, "f30": -0.30492505003257975, "f31": -0.7929821601641036, "f32": -0.5287865339516964, "f33": -0.8098814807035071, "f34": 0.111450845458823, "f35": -1.9857646308175576, "f36": -2.71873784002178, "f37": -1.6213602043718645, "f38": 1.6759830240730516, "f39": -0.12251319259224491, "f4": -1.5845768028128582, "f40": 0.25133305427638053, "f41": 2.0947894590540654, "f42": -1.5177430376040046, "f43": -2.9176547265719632, "f44": -1.3362005183158037, "f45": -1.5558484050755657, "f46": -0.66822438274703, "f47": -0.8444084835238552, "f48": -1.0857623312523539, "f49": -1.9031536309497115, "f5": -0.7011883846299649, "f50": 2.5030106970203976, "f51": -2.47523907843184, "f52": -2.3170329977809967, "f53": -1.5198339097023859, "f54": 1.0395949937845632, "f55": 0.9144846160406295, "f6": -0.26732356955097014, "f7": 1.7446198222972136, "f8": 1.2851463863832553, "f9": 0.9238302438653023}, "datetime": {"datetime": "2023-01-24 11:26:18", "elapsed": 528.845355, "delta": 50.316672}}
{"target": 0.06313623866884419, "params": {"f0": 2.9131203131499728, "f1": -2.7550402892013315, "f10": -1.5250260819393715, "f11": 1.5697336216174715, "f12": 0.6655700673825566, "f13": 2.906493770434029, "f14": -2.2461711482857503, "f15": 2.499817665960318, "f16": -2.011706245074115, "f17": -2.3427318730727436, "f18": 1.8478862066002444, "f19": 1.076148926456252, "f2": 0.973633188850338, "f20": -0.20503648589024692, "f21": 0.1979135800025027, "f22": -1.028411179872583, "f23": -2.1944094413310924, "f24": -2.939881090775136, "f25": 1.635572401043996, "f26": 1.03980816892218, "f27": 1.2066307205225284, "f28": 2.197976565601767, "f29": 1.2177629576273077, "f3": -2.191845825987328, "f30": 1.8333856778820241, "f31": 0.841265244832115, "f32": -0.21338698372500708, "f33": 2.920711171749164, "f34": -1.3018463695022018, "f35": 0.3189692181407331, "f36": -1.4821585183959576, "f37": -0.7611614806560469, "f38": -0.6364864628498648, "f39": 0.8851071620373725, "f4": -1.4889416353238998, "f40": -0.4548795908608696, "f41": -0.15126900561042378, "f42": -1.6643181824958455, "f43": -2.781748629935386, "f44": -0.2080185372262524, "f45": -1.970610240228835, "f46": -0.4944293271796476, "f47": -1.7862491585679667, "f48": -2.043643606852503, "f49": -0.07336283072857785, "f5": -1.3396975648871603, "f50": 1.7882919231972023, "f51": -1.1163807314166954, "f52": 2.7285330130492067, "f53": -2.5139000500909696, "f54": 1.4231447640695398, "f55": -1.7331022938377654, "f6": -1.637095009408223, "f7": -0.3273244539971847, "f8": 2.799643361923252, "f9": 2.8978253303733545}, "datetime": {"datetime": "2023-01-24 11:27:27", "elapsed": 597.26469, "delta": 68.419335}}
{"target": 0.20461388421583307, "params": {"f0": 2.2418278865869565, "f1": -0.6840527126742688, "f10": -1.4724161565271499, "f11": -1.326253133131647, "f12": 1.2616809859922498, "f13": 0.3707422546776522, "f14": -2.1078522662937615, "f15": -0.5215642774634577, "f16": -0.99144559074304, "f17": -1.3151254070844294, "f18": 2.6346014518827854, "f19": 1.601268413984573, "f2": -2.867904850199087, "f20": -0.4748955289650927, "f21": 1.0464302689385567, "f22": -0.5497283653204232, "f23": 0.5483752067261811, "f24": -1.823465425673352, "f25": 1.6424555847015139, "f26": -0.4151511936380894, "f27": -2.0889791098449857, "f28": -2.264700380459553, "f29": 1.0177520010992067, "f3": 1.1955126494031596, "f30": 2.1874022610688293, "f31": 2.716473611001737, "f32": 0.3564582505199647, "f33": -0.9850705331157115, "f34": 0.1473368999607474, "f35": 2.590801542036454, "f36": -0.18490573654353337, "f37": 2.900297512300276, "f38": 1.4959811705747654, "f39": 0.38827274281168744, "f4": -1.703247940260094, "f40": -1.5792308412184863, "f41": -1.1311486500596555, "f42": -1.0563457721969136, "f43": -0.9443107431257656, "f44": -0.7387419222916849, "f45": 2.547480893473823, "f46": 2.952370423768823, "f47": 1.7491934050347906, "f48": 2.8727016894897357, "f49": 0.7268120477895517, "f5": -0.08282135172995453, "f50": -0.537768409113081, "f51": 0.2790773259100843, "f52": 2.222610277215482, "f53": 0.6900222513980419, "f54": -0.3644291556187822, "f55": 2.744590668779434, "f6": -2.880044433171257, "f7": -2.5086823798987545, "f8": 2.6452207881704473, "f9": 2.445380980711036}, "datetime": {"datetime": "2023-01-24 11:28:46", "elapsed": 676.562066, "delta": 79.297376}}
