{"target": 0.11939468710602398, "params": {"f0": 0.6267262579386752, "f1": 0.08872388136190773, "f10": 2.396273114535593, "f11": 0.17631598593819098, "f12": 2.5067245152820004, "f13": 0.7081889615923703, "f14": -0.205524144062613, "f15": 1.101934235819323, "f16": -1.709258868427654, "f17": 1.4575923172467093, "f18": -2.4656260641660066, "f19": -0.24666993324348574, "f2": -1.724087403559935, "f20": -1.6406358214999854, "f21": -2.4280445841421865, "f22": -2.6128340710370628, "f23": -1.5382316175996147, "f24": -1.686842947054001, "f25": -0.6135586817324079, "f26": -2.17242135696273, "f27": -1.042429157636053, "f28": 2.242118876086613, "f29": -1.6980152584666053, "f3": 2.171937651207351, "f30": 3.043669026695884, "f31": -0.8142010053330455, "f32": 1.3813240718468487, "f33": -1.5308409466060622, "f34": 2.460201530955996, "f35": -2.131470774334982, "f36": -2.0092338548308417, "f37": 1.5386719233401438, "f38": 0.28048896481043095, "f39": 2.2134461293241987, "f4": -2.4948434552866106, "f40": 0.6215185763519501, "f41": -2.027773214021868, "f42": -2.1235273427889565, "f43": -3.105431313670958, "f44": -2.354386431156155, "f45": -0.24900374764091482, "f46": 0.08453045574706042, "f47": 1.4112871021306235, "f48": 0.3262397345087169, "f49": 0.9153119999615894, "f5": -0.11775059929662623, "f50": 0.8367908259886363, "f51": 1.3767090905309527, "f52": 0.13502416233012282, "f53": -2.373732203607643, "f54": -0.15219029179602706, "f55": -0.07526093968402592, "f6": 1.4633628688971587, "f7": -1.1978629388512334, "f8": -0.7371460868176009, "f9": -0.9437821615387781}, "datetime": {"datetime": "2023-01-24 14:26:16", "elapsed": 11326.951585, "delta": 112.054169}}
{"target": 0.5391727650441887, "params": {"f0": 0.5783222799154804, "f1": -0.46607091377623056, "f10": 2.556689021777961, "f11": 0.7897340332622138, "f12": 2.655188560502501, "f13": 0.4724743766115317, "f14": -0.6890937431963615, "f15": 0.5968225982919573, "f16": -1.6003310605713357, "f17": 1.1527255601049995, "f18": -2.4153298356909705, "f19": -1.211963682291278, "f2": -1.2685805220398594, "f20": -1.4978882040568333, "f21": -1.8011456028550716, "f22": -1.9983543358800746, "f23": -1.6376257060760047, "f24": -1.7144364739627742, "f25": -1.0582823441290736, "f26": -2.0400614687416803, "f27": -1.2143594349946256, "f28": 2.5662789175425362, "f29": -1.5827969408397173, "f3": 1.9556358913698046, "f30": 3.329523539107026, "f31": -0.703347452613419, "f32": 1.4044088091081193, "f33": -1.672654198908655, "f34": 2.178034799562334, "f35": -2.7153067657549017, "f36": -2.448382098947887, "f37": 1.6248440311560128, "f38": 0.21569674411427842, "f39": 1.5239958601765673, "f4": -2.4298765327002467, "f40": 0.5814194941420576, "f41": -2.0827893640740855, "f42": -2.301218700857962, "f43": -2.4432767266029067, "f44": -2.4119189659355706, "f45": 0.50524816089127, "f46": -0.08307516562805506, "f47": 1.616540280859435, "f48": 0.1503399720233045, "f49": 1.0202202157005456, "f5": -0.05989014413192428, "f50": 1.232039715768963, "f51": 0.691668330419248, "f52": 0.514350183107873, "f53": -1.763355939510184, "f54": -0.7138125399603401, "f55": -0.29419174871137943, "f6": 1.1415984575214901, "f7": -1.326340380180794, "f8": -1.346539205371247, "f9": -1.0380955703039527}, "datetime": {"datetime": "2023-01-24 14:27:57", "elapsed": 11427.777956, "delta": 100.826371}}
{"target": 0.2895738879203458, "params": {"f0": 0.7705555311941805, "f1": -0.1425030999687314, "f10": 1.8481504860967077, "f11": 0.7655740841155709, "f12": 2.241260065772731, "f13": 1.1113871148975627, "f14": 0.13562597157173595, "f15": 0.6914110661301872, "f16": -2.028554808730725, "f17": 1.4207505707499863, "f18": -2.2544295800687744, "f19": -1.183980426034561, "f2": -1.1558579163314429, "f20": -2.1958907271521273, "f21": -1.9217062051359202, "f22": -2.6670148842232013, "f23": -1.8150762736725126, "f24": -2.2439986398747465, "f25": -0.930332279758247, "f26": -2.0338155257866632, "f27": -0.5097380683836162, "f28": 2.0805883387830697, "f29": -1.302089450557618, "f3": 1.9239147565060553, "f30": 2.72608256114255, "f31": -1.0655660141051535, "f32": 2.331051771985453, "f33": -1.7564778446932343, "f34": 2.2713063367442468, "f35": -2.681939284176135, "f36": -1.6664491760491402, "f37": 1.1115432360551543, "f38": 0.41836624146339507, "f39": 1.343425923063127, "f4": -2.5963837585914478, "f40": 0.022985497839461466, "f41": -1.702742992952742, "f42": -2.2823950519135296, "f43": -2.4559999504300905, "f44": -2.5261680972836356, "f45": 0.3108789701512008, "f46": 0.5894884553995485, "f47": 1.7525905488024667, "f48": 0.38678292407509435, "f49": 0.8936607491396829, "f5": 0.609606204500571, "f50": 0.6509857491298724, "f51": 0.4272536960926737, "f52": 0.9202240819894579, "f53": -2.16949746632762, "f54": -0.04987613076787256, "f55": -0.6237360508226716, "f6": 1.5320651928555047, "f7": -1.4586772052272499, "f8": -0.7253551696493306, "f9": -0.7895854436439429}, "datetime": {"datetime": "2023-01-24 14:28:45", "elapsed": 11475.845406, "delta": 48.06745}}
{"target": 0.2465249010849235, "params": {"f0": 1.413857153120388, "f1": -0.3080645497086854, "f10": 1.7310221135147583, "f11": 0.730713623164516, "f12": 2.086560560172117, "f13": 1.2074617623317048, "f14": -0.1462404636321949, "f15": 0.6482371516817725, "f16": -1.491250718194922, "f17": 1.9638478204995873, "f18": -2.668379785130335, "f19": -0.6897627739525554, "f2": -1.2549504956295716, "f20": -2.089041841901417, "f21": -1.750213120771804, "f22": -2.594678699385434, "f23": -1.369278481218216, "f24": -1.701122156057945, "f25": -1.4776378381561974, "f26": -2.038067147817244, "f27": -0.7097960106810024, "f28": 2.9434000798917856, "f29": -1.609290662406181, "f3": 2.367797670436169, "f30": 3.3980646439582247, "f31": -0.6490219575675571, "f32": 2.084723978180625, "f33": -1.497557377570919, "f34": 2.2816733952793706, "f35": -2.4929215355149337, "f36": -1.8202118642584024, "f37": 1.480769300428816, "f38": 0.2963276380521618, "f39": 1.9635368992473123, "f4": -2.712347971190591, "f40": 0.47823613802349896, "f41": -1.7556356722977717, "f42": -2.263344386271985, "f43": -2.7016634659183896, "f44": -2.3410860310891066, "f45": 0.2703913825928237, "f46": 0.5322742507307813, "f47": 1.7711199800946988, "f48": 0.22345914298183583, "f49": 1.751445157038964, "f5": 0.0892546441564509, "f50": 0.39073389241189316, "f51": 1.335600420245306, "f52": 0.7198752609077221, "f53": -1.9735051360039315, "f54": -0.5821673313409087, "f55": -0.21526441008128527, "f6": 0.9568379970531228, "f7": -1.3356450752556792, "f8": -1.2676840658461817, "f9": -1.4886256978987071}, "datetime": {"datetime": "2023-01-24 14:29:34", "elapsed": 11524.273996, "delta": 48.42859}}
{"target": 0.3474731689881273, "params": {"f0": 0.8551710887046138, "f1": 0.22429633874292826, "f10": 2.278714905600093, "f11": 0.6537859312452575, "f12": 2.4906887163302986, "f13": 0.8336369031406181, "f14": 0.10219979122082334, "f15": 1.03596537395009, "f16": -1.9025627684603084, "f17": 1.60089830717682, "f18": -2.3296252781100892, "f19": -1.0744273606329238, "f2": -1.7293779216341725, "f20": -1.949847584307566, "f21": -1.6859062467221277, "f22": -2.678153747268994, "f23": -1.4217037699844215, "f24": -2.3937867803397683, "f25": -1.0810708885307903, "f26": -2.022786146519178, "f27": -0.7547941793898342, "f28": 2.207360605405876, "f29": -1.350245534779296, "f3": 2.7027860025123562, "f30": 2.883661896178787, "f31": -1.0388307699735457, "f32": 1.3790605381129122, "f33": -2.377191828278767, "f34": 2.451345948329331, "f35": -1.7819885187829674, "f36": -2.4799079290559822, "f37": 1.2350333059010978, "f38": 0.12279848972823482, "f39": 1.6092018622770325, "f4": -3.016960780964235, "f40": -0.30910515500410873, "f41": -2.285139269362417, "f42": -1.6195176364559702, "f43": -3.262877204604928, "f44": -2.249475769777615, "f45": 0.37675597695954643, "f46": -0.10720564331949589, "f47": 1.7158688512950742, "f48": -0.3244145513850822, "f49": 0.8426619203742182, "f5": 0.09888867862088069, "f50": 0.7614411532571482, "f51": 1.3644557317675623, "f52": 0.5365409936555676, "f53": -2.731706902842281, "f54": -0.17467825338153442, "f55": -0.4357158353205999, "f6": 0.9528135406948993, "f7": -1.5707034696284699, "f8": -1.3764916885927725, "f9": -1.409032756285888}, "datetime": {"datetime": "2023-01-24 14:29:35", "elapsed": 11525.931929, "delta": 1.657933}}
{"target": 0.478358378047087, "params": {"f0": 1.4046010281086918, "f1": 0.3441373188514913, "f10": 2.1388152678188184, "f11": 0.3848454725507142, "f12": 2.3577791733451328, "f13": 1.0497412156912445, "f14": -0.018943052544738825, "f15": 1.505895811314872, "f16": -1.2175632504576015, "f17": 1.7127623387180457, "f18": -2.764210725936925, "f19": -0.5275101194770444, "f2": -1.7499316494115966, "f20": -1.723562571953702, "f21": -2.4498527586673493, "f22": -2.1100322656131527, "f23": -1.6620852329617564, "f24": -2.483557855943103, "f25": -0.9642285518115926, "f26": -2.276939090285913, "f27": -0.6419921436493933, "f28": 2.494900143635588, "f29": -1.8395197908039052, "f3": 1.9597265177552177, "f30": 2.9631467600180303, "f31": -0.3773310692506622, "f32": 1.6136844369951102, "f33": -1.939534172832344, "f34": 2.3664257482829414, "f35": -2.4523524380984836, "f36": -2.4451566607127866, "f37": 1.489451913641695, "f38": 0.2905943900544459, "f39": 2.2861242623271263, "f4": -3.214789057730646, "f40": -0.189989497038499, "f41": -2.1347991541561813, "f42": -2.3337006052190135, "f43": -2.8719221204852885, "f44": -1.7840124929628716, "f45": -0.211199881004148, "f46": -0.0002365773726578091, "f47": 1.6861269748719179, "f48": -0.31766850491865956, "f49": 1.517814664749297, "f5": -0.17743305147532085, "f50": 1.0785223633659777, "f51": 0.9898364074821936, "f52": 0.6087418633644845, "f53": -2.7473967357787688, "f54": -0.016338850671772986, "f55": -0.43317393919827785, "f6": 1.0114182444169857, "f7": -1.836829641452416, "f8": -1.126904773232271, "f9": -1.395190669924092}, "datetime": {"datetime": "2023-01-24 14:30:47", "elapsed": 11597.423014, "delta": 71.491085}}
{"target": 0.2664734320052943, "params": {"f0": 1.3454409027769185, "f1": -0.08966806264896116, "f10": 2.033629584726912, "f11": 0.41708270279450244, "f12": 2.016600888244877, "f13": 0.3365173515484561, "f14": 0.09582851209744869, "f15": 1.2365546664778715, "f16": -1.726587018870972, "f17": 1.7921843952047416, "f18": -2.2689492332906918, "f19": -1.006648339820783, "f2": -1.2145506944602285, "f20": -2.1957804025637655, "f21": -1.5501009331067466, "f22": -2.922836004824383, "f23": -1.9055165557532092, "f24": -2.3429102191161433, "f25": -1.287605355916778, "f26": -1.9065216100389115, "f27": -0.6098433574288754, "f28": 2.4509956230281746, "f29": -1.531061769789285, "f3": 2.5263888944865265, "f30": 3.2201208335145477, "f31": -0.3849045144089053, "f32": 2.2207199718010218, "f33": -1.5006757864945888, "f34": 2.6952913122370767, "f35": -2.4469661352096503, "f36": -1.7577524062847618, "f37": 1.611767950625437, "f38": -0.12292989184797998, "f39": 2.2352988884633787, "f4": -2.5335423116456144, "f40": 0.2787556143310155, "f41": -2.2528554278902133, "f42": -2.2973441670919548, "f43": -2.5699134543668007, "f44": -1.6467308886637975, "f45": -0.41516916887846933, "f46": 0.4485892928415508, "f47": 1.6451309695555645, "f48": -0.2738993419041061, "f49": 1.3397189657712198, "f5": 0.11807946859150265, "f50": 0.2521662037636919, "f51": 0.9055268814234597, "f52": 0.5229406681421507, "f53": -1.9449898843887319, "f54": -0.4926905510977785, "f55": -0.662924828214403, "f6": 0.9367328786740053, "f7": -1.314450947790891, "f8": -1.2282582979108139, "f9": -0.9564311069100186}, "datetime": {"datetime": "2023-01-24 14:32:07", "elapsed": 11677.620755, "delta": 80.197741}}
{"target": 0.0903366899874057, "params": {"f0": 0.9260088113419378, "f1": 0.1689446318084053, "f10": 2.0656361636164506, "f11": 0.9970150948802625, "f12": 2.4827342054974455, "f13": 0.9656809000252418, "f14": -0.5618676595519532, "f15": 1.5902603860011923, "f16": -1.1467561224063805, "f17": 1.631872240590825, "f18": -2.619421903031843, "f19": -0.7602088325636851, "f2": -1.7979272463430254, "f20": -2.1720679743882227, "f21": -2.1989377786361985, "f22": -2.818876932448688, "f23": -2.074851475123923, "f24": -2.267445425146316, "f25": -0.5586171152850536, "f26": -2.237390531518302, "f27": -1.2670309112427245, "f28": 2.1981006208290257, "f29": -1.6456149528678399, "f3": 1.8405497673053466, "f30": 3.3956332415145827, "f31": -0.38083463281582186, "f32": 1.7426730214939457, "f33": -2.3696754016383004, "f34": 2.788447424381885, "f35": -2.246421546807858, "f36": -1.6057911739613735, "f37": 0.9851041293651747, "f38": 0.39592470299199467, "f39": 2.166541909321952, "f4": -3.1190900050381147, "f40": -0.2298683564089593, "f41": -2.106293759170924, "f42": -2.5891997434009695, "f43": -2.8964554941568585, "f44": -1.623604546712762, "f45": -0.44588600108171383, "f46": 0.3720518390323675, "f47": 2.0469883112134415, "f48": -0.34002949771626306, "f49": 1.235799647268605, "f5": 0.4830599452497403, "f50": 0.8774475832678408, "f51": 0.6740690643830471, "f52": 1.0744406161074453, "f53": -2.3403464186077754, "f54": -0.6707401550763044, "f55": -0.7356946115613651, "f6": 1.647832047261602, "f7": -1.8398912679525266, "f8": -0.8348087976983679, "f9": -0.8085724078053376}, "datetime": {"datetime": "2023-01-24 14:33:52", "elapsed": 11782.706922, "delta": 105.086167}}
{"target": 0.12342663515459935, "params": {"f0": 0.68209648389823, "f1": 0.1887602186260216, "f10": 2.2504114073282078, "f11": 0.8057480146793624, "f12": 2.1459037254034588, "f13": 0.40115891304615847, "f14": -0.26547767986570603, "f15": 1.2974967909104427, "f16": -1.4321473170810104, "f17": 1.6222677113875426, "f18": -2.6013321264372866, "f19": -0.47364898740985395, "f2": -1.3653215298811014, "f20": -1.7430267212931132, "f21": -1.9943658987254689, "f22": -2.0875991144548562, "f23": -2.241480683742408, "f24": -2.353794464832643, "f25": -0.9458715664557282, "f26": -2.0897266474215916, "f27": -1.3231240132706255, "f28": 2.9724518973331584, "f29": -1.2658206799754135, "f3": 2.701533802983433, "f30": 2.7555655803723598, "f31": -1.0340607248803844, "f32": 1.9478385143742103, "f33": -1.7847826464720753, "f34": 1.9974023773784202, "f35": -2.6755082325402473, "f36": -2.1832764977151515, "f37": 1.5454972980722865, "f38": -0.3486781027098381, "f39": 2.128148427510027, "f4": -2.531515010801565, "f40": -0.22467481634814968, "f41": -1.7602729796774517, "f42": -1.935146817164505, "f43": -2.7962736905980115, "f44": -2.5257173346874904, "f45": -0.019958225386753736, "f46": 0.03119206501805505, "f47": 1.7806777663815403, "f48": -0.12789892553025983, "f49": 1.648297738021181, "f5": 0.1716111351952998, "f50": 1.0719914734361278, "f51": 1.16300710684914, "f52": 0.8820035092202604, "f53": -1.8535003396247776, "f54": -0.6736737897437313, "f55": -0.46991492271087865, "f6": 1.4752189646109235, "f7": -1.844641488796893, "f8": -1.2748538776530252, "f9": -1.034642544579154}, "datetime": {"datetime": "2023-01-24 14:33:53", "elapsed": 11783.679557, "delta": 0.972635}}
{"target": 0.35790904420149333, "params": {"f0": 1.213092703187015, "f1": -0.290923959726873, "f10": 2.198947346877093, "f11": 0.5189748601137996, "f12": 2.537979006029377, "f13": 0.4346670710537609, "f14": -0.3570708210663118, "f15": 0.6203845244536489, "f16": -1.76104772231982, "f17": 1.8609723251141324, "f18": -2.232525952986296, "f19": -0.3476926702496764, "f2": -1.6802236030280542, "f20": -1.681403542855804, "f21": -1.5030274811831381, "f22": -2.500331291064685, "f23": -1.8239916307870931, "f24": -1.8201971912358086, "f25": -0.5399050860314006, "f26": -2.4708921625422127, "f27": -0.8101946560364025, "f28": 2.607792047410528, "f29": -1.1835853689275782, "f3": 2.218870043954873, "f30": 2.4663535503091425, "f31": -0.5620444120163763, "f32": 1.5761147053143978, "f33": -1.6451954196683156, "f34": 2.733117347949072, "f35": -2.546278444483902, "f36": -2.2077405252027016, "f37": 1.518811472009848, "f38": 0.42823888059968374, "f39": 1.64699788518096, "f4": -2.942974183831089, "f40": 0.16327217074338407, "f41": -2.3461672174244215, "f42": -2.055948310508035, "f43": -2.679586877378994, "f44": -2.1573751576778415, "f45": -0.27306985403176054, "f46": 0.34299181997232797, "f47": 1.4261724428801372, "f48": 0.06237490163266157, "f49": 1.5893568750294038, "f5": -0.007232773692171124, "f50": 1.049448914421225, "f51": 0.6350419908527116, "f52": 0.6322104686760422, "f53": -2.1334713127113183, "f54": -0.6681628748582416, "f55": -0.2975798932167234, "f6": 1.4301549913639207, "f7": -0.9171867564237196, "f8": -1.4033809859348008, "f9": -1.0055500236654975}, "datetime": {"datetime": "2023-01-24 14:35:02", "elapsed": 11852.316143, "delta": 68.636586}}
{"target": 0.6226409466563539, "params": {"f0": 0.5271942123103541, "f1": -0.15043305318859518, "f10": 2.1302882677380266, "f11": 0.07605883541249026, "f12": 2.1746291588189943, "f13": 0.41223582145771576, "f14": -0.5930591856595507, "f15": 1.5507359123340123, "f16": -1.8502169859129238, "f17": 1.4433614737396943, "f18": -2.3122681165463463, "f19": -0.3823528834025651, "f2": -1.8080987746132, "f20": -2.041819745961258, "f21": -1.886816111953013, "f22": -2.4372466571319924, "f23": -1.8330163641920962, "f24": -1.672113089406821, "f25": -0.6027674421826689, "f26": -2.8836822532519064, "f27": -0.565371531684223, "f28": 2.2762433959152393, "f29": -1.5044712800300615, "f3": 2.431607524464691, "f30": 2.9840344262390457, "f31": -0.27854048334739745, "f32": 2.201516426518471, "f33": -2.035584342242942, "f34": 2.7940115916077026, "f35": -2.6493240554050486, "f36": -2.301466158509781, "f37": 1.4192653464100924, "f38": -0.2403863688754866, "f39": 1.660171363736025, "f4": -2.698860148594774, "f40": 0.2520165429628711, "f41": -2.397069913732399, "f42": -2.296220254748458, "f43": -2.938633484305818, "f44": -2.3894388856385835, "f45": -0.37572298183729747, "f46": -0.2894176371780769, "f47": 1.9784342485085855, "f48": 0.49086643851796585, "f49": 1.7699572108609063, "f5": 0.28494737282500915, "f50": 0.501697787517282, "f51": 1.337313161922406, "f52": 0.19815547194983807, "f53": -2.613481821724063, "f54": -0.6099660227074641, "f55": 0.010083561755946158, "f6": 1.7564386438300792, "f7": -1.125108585196984, "f8": -1.0028523121224535, "f9": -0.5769529638041508}, "datetime": {"datetime": "2023-01-24 14:36:01", "elapsed": 11911.621685, "delta": 59.305542}}
{"target": 0.41662123284731256, "params": {"f0": 1.0815760715470084, "f1": -0.3041787818126152, "f10": 2.5309201160636827, "f11": 0.9163585826418917, "f12": 2.7788430243056146, "f13": 0.8044981439469381, "f14": -0.19244780690650298, "f15": 1.158080588902286, "f16": -1.8144971511461825, "f17": 1.4561500833156535, "f18": -1.9732911397450343, "f19": -0.8887055286187122, "f2": -1.4274840278154866, "f20": -1.8426875957557916, "f21": -1.704401140242128, "f22": -2.0561584417783774, "f23": -1.7594391524512507, "f24": -2.2147266329817388, "f25": -1.3185173518911708, "f26": -2.7326028908744506, "f27": -1.1273209095714882, "f28": 2.062038334822142, "f29": -1.8933200461147934, "f3": 2.425255896496749, "f30": 2.85844639764784, "f31": -0.178519624289175, "f32": 1.8852317280692183, "f33": -2.3324258120593164, "f34": 2.7431780559184418, "f35": -2.722487515412579, "f36": -1.6624097142441268, "f37": 1.800935400240974, "f38": -0.2754518862801161, "f39": 1.7911199268228586, "f4": -2.76171902666124, "f40": 0.5864738810338942, "f41": -1.8177559263739758, "f42": -2.361742339226404, "f43": -3.309889505668437, "f44": -2.249096159583334, "f45": -0.3238963930268993, "f46": 0.09825603613674883, "f47": 1.888258777493153, "f48": 0.36917777468729784, "f49": 1.0053608198398416, "f5": 0.17740604535315008, "f50": 0.5385154801990341, "f51": 1.317033611187223, "f52": 0.7609408694460567, "f53": -2.5430787806840205, "f54": -0.1758227686127718, "f55": -0.760115216593303, "f6": 1.1353415546651058, "f7": -1.3143663843206719, "f8": -1.147230409060268, "f9": -1.1538578180884844}, "datetime": {"datetime": "2023-01-24 14:36:02", "elapsed": 11912.707205, "delta": 1.08552}}
{"target": 0.0903366899874057, "params": {"f0": 0.744377735605246, "f1": -0.12692009710427216, "f10": 2.531310463294691, "f11": 0.6884532108388562, "f12": 2.2100074830770353, "f13": 1.212505637520854, "f14": -0.34668684638394576, "f15": 0.7469398049799859, "f16": -2.0296833070017524, "f17": 1.2291510363351268, "f18": -2.1641663773433653, "f19": -0.5295651240295709, "f2": -1.75241516626412, "f20": -1.9673410600707242, "f21": -2.0395258159784726, "f22": -2.0745319954320975, "f23": -1.4814107976208621, "f24": -2.0285624430562375, "f25": -1.532757593728726, "f26": -2.6077048529097313, "f27": -1.2813226939941145, "f28": 2.763183907889887, "f29": -1.2910501985058818, "f3": 2.3305880479617658, "f30": 2.533202340699024, "f31": -1.0627806149997854, "f32": 1.5070186702800528, "f33": -1.8394034148956087, "f34": 2.20602372768506, "f35": -1.9803102128361356, "f36": -1.8706530994725892, "f37": 1.584310322640131, "f38": -0.41502969494025665, "f39": 1.9519149545470165, "f4": -3.0394140249993304, "f40": 0.17760838576873017, "f41": -2.1997733394906813, "f42": -1.9108685917385992, "f43": -2.709594548841765, "f44": -1.8043983731745095, "f45": -0.2810641527399885, "f46": 0.1464251691261751, "f47": 1.8240171876368734, "f48": 0.09365494916194639, "f49": 1.737689234460843, "f5": 0.43757669167856195, "f50": 0.9466240092911952, "f51": 0.4773483944995196, "f52": 0.3998344199470532, "f53": -2.358265784076617, "f54": 0.12755602355508278, "f55": -0.6362462105708079, "f6": 1.6516217121177283, "f7": -1.3989614699604607, "f8": -1.417161648164699, "f9": -1.3318865798492796}, "datetime": {"datetime": "2023-01-24 14:37:00", "elapsed": 11970.083632, "delta": 57.376427}}
