{"target": 0.3947428270993549, "params": {"f0": -1.9525943079786732, "f1": 1.6714840060228813, "f10": -1.298515056547453, "f11": -0.771866032359871, "f12": -1.823777288653666, "f13": 2.040880568008637, "f14": 2.04544223183413, "f15": 1.2292113360669683, "f16": 1.6271205466297385, "f17": 2.440061455370853, "f18": 2.6999963447122504, "f19": -0.5443048242330413, "f2": -2.8591678293946154, "f20": -2.544478208408141, "f21": 2.5165405973652923, "f22": 0.5153256372323964, "f23": -0.8921676783774792, "f24": 1.9657950744937907, "f25": 1.5062628994708094, "f26": 1.1929515272008455, "f27": -2.5888474333108222, "f28": 2.1404261383207537, "f29": 1.7995804067694339, "f3": 0.3757524110982384, "f30": -1.5356559127629443, "f31": -0.5413452690581471, "f32": 0.042320706413685905, "f33": 0.9413836547401528, "f34": -0.1425865316284809, "f35": -1.9188882383382573, "f36": 1.239243377753513, "f37": 0.9757137681441961, "f38": -0.8287867497754773, "f39": -0.020219086774779793, "f4": -1.3242970650222672, "f40": 2.8668878251877707, "f41": -2.6279839011573802, "f42": -0.8555589489901338, "f43": -0.7761589392895227, "f44": 2.9652595765240823, "f45": -1.6686448752610639, "f46": -1.198764488677985, "f47": 1.4267032472786587, "f48": 1.8788267087925927, "f49": -1.3804774397304047, "f5": -2.1804693594663904, "f50": -2.3446578427624534, "f51": 0.33451814080838105, "f52": 0.5504914598051709, "f53": 0.9642435943334107, "f54": 2.450414184427699, "f55": 0.5173130646873387, "f6": 2.738528329868119, "f7": 0.08713331196968443, "f8": -0.816063422989108, "f9": -1.0096816931141168}, "datetime": {"datetime": "2023-01-24 11:41:31", "elapsed": 1441.796243, "delta": 43.80385}}
{"target": 0.6304297453150871, "params": {"f0": 0.6712181080016864, "f1": -1.6336098597832045, "f10": -1.0668625249512655, "f11": -0.807447781061573, "f12": -2.5425342925001004, "f13": 1.0383025414968081, "f14": -2.5286119665372144, "f15": 0.34255200245646833, "f16": -1.1808114082847614, "f17": -1.9950046483223012, "f18": -2.4053493298632778, "f19": 0.13577734862739943, "f2": -1.7685096238909745, "f20": 1.7354806525368431, "f21": -1.5206174249005835, "f22": -0.8748642382112655, "f23": 2.0361054830500667, "f24": 0.8539690492708476, "f25": -0.738619075976148, "f26": -2.6380014479882217, "f27": -2.320325825619068, "f28": -1.3426200300009086, "f29": -0.24953519223705722, "f3": 2.3137743463872313, "f30": -1.116239431643656, "f31": 0.3263325643534847, "f32": 0.2796446529583321, "f33": -2.959162483557111, "f34": -2.6995250623322047, "f35": 0.41515757679718934, "f36": 1.1414504249755906, "f37": 0.3016300991988041, "f38": 2.553672433406173, "f39": 0.8304130303747872, "f4": 1.971455511085681, "f40": 0.30655332208328634, "f41": -2.6779861953575224, "f42": -0.7436472486542307, "f43": 0.8405221717342233, "f44": -2.6949565185347946, "f45": 1.3900073603838674, "f46": 1.5099383093059906, "f47": -1.871232226221731, "f48": 0.5694252668550188, "f49": -0.5189286588954576, "f5": 2.2234941171871263, "f50": -1.3511574596300897, "f51": 0.3711700490845007, "f52": 0.43558490799406835, "f53": 1.7508256326701632, "f54": -0.0978605103850878, "f55": -2.7363415875786545, "f6": 1.7685348120825282, "f7": -2.7884348990993617, "f8": -1.8676404437007212, "f9": 0.8001761121066213}, "datetime": {"datetime": "2023-01-24 11:43:20", "elapsed": 1550.849866, "delta": 109.053623}}
{"target": 0.0003053116478852971, "params": {"f0": -1.419882499272433, "f1": 1.272369782865459, "f10": 1.9701495969266807, "f11": -2.7868928835400517, "f12": -1.0644426524717439, "f13": -2.5684339167745094, "f14": 1.5999219345544748, "f15": 0.4919022847883663, "f16": 2.6492423528461, "f17": 2.4733636359055, "f18": 0.12015818283239366, "f19": -2.5655863305259166, "f2": -2.418734381913475, "f20": -0.39826495104184456, "f21": 2.3522303251324646, "f22": -2.1788773818458416, "f23": -2.3449900089273856, "f24": -0.043303406143692325, "f25": -2.2609923604640656, "f26": -2.5695475685976854, "f27": -0.5793306912610303, "f28": 1.227853007489804, "f29": 2.9244303719563716, "f3": 0.4009267087199673, "f30": 0.37758857525396206, "f31": 0.9628032702968539, "f32": -2.2022123242595883, "f33": -1.1864080193263242, "f34": 2.5313329225397183, "f35": -0.41792340430009656, "f36": 0.029216949675774373, "f37": -0.5495798790297739, "f38": -1.2715760642837728, "f39": -0.5912548186916711, "f4": 0.20253008334278277, "f40": -0.8159588015824579, "f41": 0.33243574604364046, "f42": -0.6702793255021859, "f43": 2.990733002359052, "f44": 2.9926398066416846, "f45": 2.7744638978039653, "f46": 2.167831269496773, "f47": 0.07384436386535764, "f48": -2.9662244136705636, "f49": 0.27002424183497986, "f5": 1.298839493204003, "f50": 2.0204081993508947, "f51": -2.1211090415317644, "f52": 2.2183708961102475, "f53": -1.4369293101102585, "f54": 1.52495774465714, "f55": -1.6437784459852944, "f6": -2.4316625390245257, "f7": 1.7504868757014442, "f8": -0.8689464371373168, "f9": -1.1372901466040408}, "datetime": {"datetime": "2023-01-24 11:49:28", "elapsed": 1918.769324, "delta": 367.919458}}
{"target": 0.11800492953240584, "params": {"f0": 2.5911088148090293, "f1": 1.5700438991744372, "f10": -0.4870796120338903, "f11": 2.3778078315794238, "f12": 0.6615160642113427, "f13": -1.4836229211137522, "f14": 2.672959578508313, "f15": -2.330508252771129, "f16": -1.2520598063347605, "f17": 1.8074172896694094, "f18": 0.23764083026244753, "f19": 2.3584718265146796, "f2": 2.2133998254391605, "f20": -2.578574118869056, "f21": -0.3001811664521643, "f22": 2.5513982756856954, "f23": -2.4893379063618015, "f24": -0.18127151902142513, "f25": -2.977215850993665, "f26": -2.3598205296256247, "f27": 2.6308613133674426, "f28": -2.000666280791435, "f29": -2.6911459665622606, "f3": -0.24401509289306933, "f30": -2.844218280200743, "f31": 2.969411343300452, "f32": 0.3445973382566443, "f33": -1.6072470578971279, "f34": 1.636756293303125, "f35": 2.024961742880132, "f36": -1.472859132188293, "f37": 1.6101881021966946, "f38": 0.7882111800850797, "f39": -0.11579224675534316, "f4": -0.34075648302285355, "f40": 1.6993508134554158, "f41": 2.0997790572159456, "f42": 0.8082974574652013, "f43": -1.6590883930745044, "f44": 2.2124113531137217, "f45": 1.5436796714657426, "f46": -2.2162861675757553, "f47": 1.2539273538945181, "f48": 0.266314255585133, "f49": 1.60530760619576, "f5": -1.837999430617409, "f50": 0.2019249256248994, "f51": 1.2824424925410476, "f52": -2.9023879482737955, "f53": 2.6774416751857633, "f54": 0.6489274379128558, "f55": 1.5807942483623512, "f6": 1.952099864313742, "f7": 0.41885866096935054, "f8": -1.8906330980392556, "f9": 2.973413545323428}, "datetime": {"datetime": "2023-01-24 11:50:12", "elapsed": 1962.373178, "delta": 43.603854}}
{"target": 0.13604250287871353, "params": {"f0": -0.8671633383554713, "f1": 1.7757497767529218, "f10": -2.536749697652896, "f11": -1.4734023440339812, "f12": -2.5181097479435417, "f13": -2.1552475537898834, "f14": -2.1149838989936445, "f15": 0.9584839842230704, "f16": 1.991117755487564, "f17": -0.6089493735891196, "f18": -0.9928022152340805, "f19": -1.3774788877673514, "f2": -2.3686848809204175, "f20": 1.4424705762695167, "f21": 0.366410552606403, "f22": 0.008406467800449846, "f23": -1.2552428690517028, "f24": -0.16890161422705763, "f25": -2.100483732110306, "f26": -2.022233418297824, "f27": 2.0055591403607647, "f28": -1.7921443083179198, "f29": 0.19536785145571844, "f3": -1.4539427423879328, "f30": 1.4693088193992034, "f31": 1.3468118317473223, "f32": 1.4251655262430996, "f33": 1.5721966848268218, "f34": 0.576426731311857, "f35": -0.8260567155719905, "f36": 0.6738061547573553, "f37": 2.535734439773803, "f38": -2.649115810979068, "f39": 1.4391381220166277, "f4": 0.571378706129702, "f40": 1.9856266795637643, "f41": 0.5041184755002099, "f42": 1.9291540571268424, "f43": -1.7562924806469382, "f44": 2.8147718171142504, "f45": -1.6633531558950323, "f46": 1.673847386501003, "f47": 1.8353774465108854, "f48": -2.812711692453388, "f49": 2.281330823184798, "f5": 2.9582926713878335, "f50": 2.740625121860009, "f51": 2.659441323490788, "f52": -1.5750772806706965, "f53": 2.9030683568099773, "f54": -1.7157692541864538, "f55": -1.7649844921776712, "f6": -1.9437437049094752, "f7": -2.5812487496206886, "f8": -2.51375990698335, "f9": 0.8273247581332996}, "datetime": {"datetime": "2023-01-24 11:51:06", "elapsed": 2016.616046, "delta": 54.242868}}
{"target": 0.08141183154249307, "params": {"f0": -1.3554277131011625, "f1": 0.06072793118673081, "f10": -2.384543475186838, "f11": -2.680395873198812, "f12": 1.2745181891080781, "f13": -0.9125843169725272, "f14": -0.8366127530669063, "f15": -0.08463290177966432, "f16": -0.16098510476165195, "f17": -2.961232181514731, "f18": 2.7112535631477837, "f19": -0.13545629347976185, "f2": 1.7249953332309271, "f20": -1.5751826276757646, "f21": -1.1604972131383213, "f22": 0.6473588955276464, "f23": 2.1852159297105507, "f24": -1.4101687219984438, "f25": -0.30878083376725396, "f26": -2.734346658670228, "f27": 0.31022420601794387, "f28": -1.5153302168948246, "f29": -0.4622467376583179, "f3": -1.6229115422209661, "f30": 1.8501454630708958, "f31": 1.3947111222067488, "f32": 1.3148476521734338, "f33": -2.0469991318164817, "f34": 2.76525850474793, "f35": 1.1402913464689943, "f36": -0.36989568739386947, "f37": 0.6841861019841571, "f38": 0.801386643451047, "f39": -2.1254096810525493, "f4": 1.927977120413205, "f40": -0.9403737181069776, "f41": 1.1800709240903702, "f42": -0.6018808174368191, "f43": 0.7497772791894022, "f44": 0.9504856657116445, "f45": -1.6047212610712627, "f46": 0.24700885192443822, "f47": 0.6234264944437848, "f48": -1.453988079947414, "f49": -2.4793064260081543, "f5": 0.8753328914108334, "f50": 2.331330807727584, "f51": 0.7362325904930378, "f52": 1.6793677761893813, "f53": 2.8934893317822716, "f54": -1.0430177975118313, "f55": 2.045938555524911, "f6": -1.0696933281886347, "f7": -0.3982232045370453, "f8": 1.153348508709115, "f9": 0.3935329558080385}, "datetime": {"datetime": "2023-01-24 11:52:21", "elapsed": 2091.472891, "delta": 74.856845}}
{"target": 0.027732478919054615, "params": {"f0": -1.763027820555994, "f1": 2.5895279443233488, "f10": 2.1757700825346866, "f11": 2.185386459840995, "f12": -0.01421297770216201, "f13": 2.2654843736434174, "f14": 0.7183181387272528, "f15": -1.613865205375587, "f16": -1.7800372974685454, "f17": -0.6667564043253456, "f18": -0.34713655261695653, "f19": -0.6644412463589289, "f2": 1.2988435939355387, "f20": 2.5105233218984875, "f21": -2.5448688462197966, "f22": 1.5783494254017976, "f23": -1.7254993777154193, "f24": 1.3700816808144562, "f25": -0.5476282805651564, "f26": -0.977793316676359, "f27": -1.1855986955485365, "f28": 0.839464411107723, "f29": -2.461651432696243, "f3": -0.07782735613451575, "f30": 0.37788956682824315, "f31": 1.317925344873684, "f32": -2.1598237003779577, "f33": -0.45461738473647983, "f34": -0.7038744388298599, "f35": -2.0483482659148264, "f36": -2.2773796617234647, "f37": 0.9155098602403005, "f38": -0.5045029279327493, "f39": 0.8807816335521923, "f4": 2.1659900638094918, "f40": 2.8552033334860436, "f41": 0.5794979269609666, "f42": -0.5479245693135217, "f43": -2.0315487468751874, "f44": 0.9424982457573678, "f45": 0.37933265320014886, "f46": 0.6161221148562772, "f47": 2.25202584686492, "f48": 2.2054557541403943, "f49": 0.41899064439911804, "f5": 0.8670345643440163, "f50": -1.7323581010525408, "f51": -0.6825709993774449, "f52": -1.460531475761742, "f53": -1.428266595328064, "f54": -1.5038467630619523, "f55": 1.156322902122473, "f6": -0.5152385789348255, "f7": -1.3060695631874417, "f8": -1.7977584500113908, "f9": -0.09401901798931256}, "datetime": {"datetime": "2023-01-24 11:52:32", "elapsed": 2102.946264, "delta": 11.473373}}
{"target": 0.4971851124188761, "params": {"f0": -0.058617019597345, "f1": -1.7612437171999034, "f10": 2.6139024593805997, "f11": -2.6165503963289964, "f12": 2.0039728533791656, "f13": 1.0990133293313828, "f14": -1.4854979661558045, "f15": 1.504111234573724, "f16": -2.9610033129454862, "f17": 2.660434433505716, "f18": -1.8120498000582421, "f19": 0.7436687387901619, "f2": -1.8757335366855998, "f20": 0.3135168802680681, "f21": 0.456773918973739, "f22": 2.543846643575277, "f23": -1.8651341009288838, "f24": 0.21707295886506284, "f25": 1.3625141753249022, "f26": 1.8667821895844678, "f27": -2.4315131719189735, "f28": 2.05047577524531, "f29": 2.5733137758266142, "f3": 2.592281867909759, "f30": 2.9369077002100807, "f31": 2.315196397712614, "f32": -2.6249859644047904, "f33": 2.4038981510912425, "f34": 1.2815215323342528, "f35": 2.7440664981054264, "f36": 2.810772363280293, "f37": -2.9137892643328946, "f38": 1.3748542795304939, "f39": -1.3462356079823696, "f4": 1.3106042351114793, "f40": -2.7187512018236673, "f41": 0.9186428285324313, "f42": -1.1016982771795236, "f43": 0.6911704720849055, "f44": -0.19450723151506377, "f45": 0.09147856829117496, "f46": 2.528417847185695, "f47": 0.7569819862105511, "f48": -1.8665244131214593, "f49": -2.3670819608022633, "f5": -0.2598642783384335, "f50": 1.7518949289701666, "f51": 1.0462938251502676, "f52": 1.1331714857326123, "f53": 0.6714877169734423, "f54": -2.1153133427375126, "f55": -0.7186249484016338, "f6": -2.829218179217566, "f7": -0.28122380793056, "f8": 1.841911134630264, "f9": 1.1758176634499824}, "datetime": {"datetime": "2023-01-24 11:53:43", "elapsed": 2173.687779, "delta": 70.741515}}
{"target": 0.05543710898000978, "params": {"f0": -2.0449267266737854, "f1": -2.84784599072929, "f10": 0.3713911117256714, "f11": -1.8473104781612564, "f12": 0.8082827247371185, "f13": 2.2415137428511605, "f14": -1.6498772017412133, "f15": -0.2812316311942089, "f16": 2.447905261668904, "f17": -2.3249903989901695, "f18": 0.6145415667437124, "f19": -0.6544982498326801, "f2": 2.150689017393174, "f20": 1.0964226901749026, "f21": 2.7110121487788996, "f22": -0.16536666021377844, "f23": 2.9493517907030515, "f24": 2.2561117653841745, "f25": -2.201316121170625, "f26": 0.7079841880235147, "f27": -1.6020677000197616, "f28": -2.659469312272667, "f29": -1.4203476684720464, "f3": 0.5471912727148354, "f30": 1.6427278361777162, "f31": 0.8157608443522317, "f32": -0.7607427705954342, "f33": -0.4311626143348102, "f34": 2.858520502125743, "f35": 0.2711362308219587, "f36": -1.5792571200778822, "f37": 2.5461540259301465, "f38": 0.3199708135188306, "f39": 2.894500695228796, "f4": 0.7277504263190782, "f40": -1.6765010930013666, "f41": 1.0024063373580567, "f42": 0.18589481098090133, "f43": 0.5490718049555747, "f44": -1.0657639520625215, "f45": 2.624441490180244, "f46": -2.047329670405288, "f47": 2.1154143419113396, "f48": -0.8562626114799623, "f49": -2.041477250539119, "f5": 2.9036801947934983, "f50": 0.9851263095258611, "f51": 0.5788772551748806, "f52": -1.6661129499352965, "f53": 2.0300737188227593, "f54": -1.862202625325986, "f55": -0.29097288309608293, "f6": -2.0462625393198186, "f7": -1.9677791099727917, "f8": -1.9821984559605965, "f9": 2.388232801213653}, "datetime": {"datetime": "2023-01-24 11:54:22", "elapsed": 2212.335271, "delta": 38.647492}}
{"target": 0.3212882248601592, "params": {"f0": -2.8886951497007542, "f1": 0.12587424059883867, "f10": -0.9287521560536742, "f11": 1.200535432514151, "f12": 2.659813883165506, "f13": 2.1664560375140995, "f14": 2.5060188806401555, "f15": 2.34957267236502, "f16": 2.1961471877678616, "f17": 2.5472561999038508, "f18": -0.4433564288166765, "f19": 1.8148032866913208, "f2": 0.07423325700600625, "f20": -0.9936259161912107, "f21": 0.6000730658274849, "f22": -0.19542591635894002, "f23": 2.2623774234485277, "f24": -0.618448359603402, "f25": -0.7476812846447687, "f26": -0.5044493636947074, "f27": -1.9528152735488384, "f28": -2.633103793861096, "f29": -2.295852973077621, "f3": 1.3473864713315233, "f30": -0.6960379481241459, "f31": 0.42639155876700574, "f32": 1.2748539223907596, "f33": -2.366550225481763, "f34": 1.9004238185025182, "f35": 0.10600198063405175, "f36": 1.2765161753652752, "f37": 1.0844166978831868, "f38": 1.686826678109604, "f39": 0.029894087776573208, "f4": -0.6746622647235503, "f40": 1.9835544404171248, "f41": -1.619797669597152, "f42": -1.698703797095271, "f43": 2.7393284650477234, "f44": -1.022888392973442, "f45": -2.830028782760147, "f46": 0.5369150960304614, "f47": -2.2684875639368025, "f48": -1.9686430349239188, "f49": -1.8109073310836272, "f5": 0.800562060581357, "f50": -2.325198244148883, "f51": -0.712528695487118, "f52": -0.46087177841117555, "f53": 1.3273603555856042, "f54": -2.745170849278983, "f55": -0.898470177995677, "f6": 2.9475567543704475, "f7": -0.15903999568407734, "f8": -1.088964079535196, "f9": 0.03460129498337228}, "datetime": {"datetime": "2023-01-24 11:55:28", "elapsed": 2278.784264, "delta": 66.448993}}
{"target": 0.23792838606373806, "params": {"f0": -1.02425839938702, "f1": 2.7754593760717414, "f10": 1.5781740615418496, "f11": -2.550166232602468, "f12": -0.6906377970290412, "f13": -1.066133112682729, "f14": -2.8586232747754186, "f15": 0.8101712377028707, "f16": -1.6954963650022876, "f17": -0.5017812938095512, "f18": -0.142229391061079, "f19": 0.7759416117581575, "f2": -2.3881272018845907, "f20": 0.7317229086480008, "f21": 2.006908870567253, "f22": -0.09229786189877931, "f23": -0.08438547843774913, "f24": -1.1504880344255086, "f25": -0.6215577170860547, "f26": 0.2523585254300431, "f27": -1.7277469378781272, "f28": -2.3500603567104283, "f29": -0.7190311715701072, "f3": -2.3363198065648074, "f30": 2.601001428284273, "f31": 0.36994602099378415, "f32": -1.2023563097157397, "f33": 1.858365854749728, "f34": -1.5956102222943291, "f35": -2.156364376988094, "f36": -0.07559185553004788, "f37": -2.8729615833975064, "f38": 2.3217255136283184, "f39": 2.169592804721562, "f4": -1.3188999319402348, "f40": 2.1674992963001483, "f41": 2.8026605056924137, "f42": -2.5301287274474396, "f43": -1.877738127878191, "f44": 0.08649661363464745, "f45": -1.965237091571465, "f46": 2.296148308902871, "f47": -0.9993445774678462, "f48": 1.4086882475881213, "f49": 2.3603083885526486, "f5": -1.0441096428246937, "f50": 2.4281482911388155, "f51": 1.971408844138196, "f52": 0.4872880898127683, "f53": 2.8369623200543392, "f54": -1.5802058158573735, "f55": 0.7861071622383644, "f6": -1.109310628478206, "f7": -2.94226433990998, "f8": -2.531787318400786, "f9": 2.3552458508186325}, "datetime": {"datetime": "2023-01-24 11:56:22", "elapsed": 2332.675254, "delta": 53.89099}}
{"target": 0.2348025246608102, "params": {"f0": -0.20370864171700465, "f1": -2.8273033704920367, "f10": -2.326516592687361, "f11": 0.7732757591337238, "f12": -2.2087610210559734, "f13": 2.912652586831201, "f14": -1.0669653958030878, "f15": 1.016688996900493, "f16": -2.7089957491535994, "f17": 1.6517167761205274, "f18": -2.465600051301699, "f19": -2.6511860741383266, "f2": -2.439030317843068, "f20": -1.7125021906804676, "f21": 2.6737335903505777, "f22": 1.144007448684774, "f23": 2.220621142178974, "f24": -2.804185612571678, "f25": -1.1097916374510943, "f26": -2.920894842878746, "f27": -0.4474408694826195, "f28": 0.7651981046696612, "f29": 1.3284785593109296, "f3": -1.303693131320126, "f30": -0.4149443206047638, "f31": 1.1139564633687797, "f32": 0.9676185697081161, "f33": -2.8947136490718224, "f34": -0.15569356512935784, "f35": -0.5157004044313984, "f36": -2.369544377035722, "f37": 2.534852631551784, "f38": -2.150308172737131, "f39": -0.7539558727714697, "f4": 1.6686670779526827, "f40": 0.9239159565876567, "f41": 0.06045024300679769, "f42": 2.4068490025990776, "f43": -0.0349601404448725, "f44": -1.1539816320541438, "f45": 1.6620673474377012, "f46": 1.8424492088062339, "f47": 0.765244042668737, "f48": -0.16245935663842248, "f49": 0.06326745211220874, "f5": -0.2220265506515342, "f50": 1.638524597302629, "f51": -1.1160446176386514, "f52": -1.9051573756814792, "f53": 1.5952843662745764, "f54": -0.43519410757980426, "f55": 2.6948513755414742, "f6": 1.3765074239815842, "f7": 1.4914927674050462, "f8": -1.897854392218275, "f9": 0.08847993602557969}, "datetime": {"datetime": "2023-01-24 11:57:41", "elapsed": 2411.628029, "delta": 78.952775}}
{"target": 0.09316541743348956, "params": {"f0": -1.703147495893689, "f1": 1.8145994934441365, "f10": 1.2688102898150646, "f11": 0.7634877696293145, "f12": -2.6801565147308546, "f13": 2.175693409506734, "f14": 1.7131535404522165, "f15": 0.934044269010502, "f16": 2.40888540277286, "f17": 1.7368082941442706, "f18": 2.448852214437247, "f19": 1.949001027937383, "f2": 0.505174136819682, "f20": 0.8419280392170667, "f21": 1.912031392672712, "f22": -1.7001434237840665, "f23": 2.079719570051018, "f24": -2.928512776994619, "f25": -2.19121927451493, "f26": -1.6803897756921138, "f27": -1.5763626259560553, "f28": -2.249459739390645, "f29": 0.481761185297759, "f3": -0.6248660955541463, "f30": -0.6814792596080288, "f31": 1.3862122647948585, "f32": -1.4219648914198928, "f33": 1.20357665261679, "f34": -2.0741838292844115, "f35": -1.9629421017455575, "f36": -2.0918946790071873, "f37": -1.1932311471232218, "f38": -2.3273219892358443, "f39": -1.637892055920709, "f4": -2.91909557027748, "f40": -1.551521682155111, "f41": 1.164505700752212, "f42": 1.5564658482781146, "f43": 2.456830339341928, "f44": 0.2836993337968128, "f45": -2.1130984097090257, "f46": 2.7314657307251338, "f47": -0.31906073782977984, "f48": -1.9318462277340684, "f49": -2.1209145567373464, "f5": -1.2396954521859926, "f50": -0.2957919731545018, "f51": 1.0625264168609645, "f52": -1.8519758179312718, "f53": 0.42234997517730655, "f54": -2.082827722694428, "f55": -0.2280601837772993, "f6": -0.8135411919087225, "f7": 0.748932473644738, "f8": -0.7383699674398203, "f9": -0.7498413394811916}, "datetime": {"datetime": "2023-01-24 11:58:10", "elapsed": 2440.960955, "delta": 29.332926}}
