{"target": 0.19079392412389087, "params": {"f0": 1.2724832565090287, "f1": 0.34953396891770133, "f10": 1.785286059133564, "f11": 0.15690664501061702, "f12": 2.01767747010894, "f13": 1.2423850715289593, "f14": -0.025172506085239243, "f15": 0.7197163951421832, "f16": -1.6150868464070491, "f17": 1.6212470456879178, "f18": -2.4636312644480696, "f19": -0.22563570070572558, "f2": -1.4615989884846372, "f20": -1.609299987304078, "f21": -1.464725826084641, "f22": -2.261668212132553, "f23": -1.5772521756360254, "f24": -1.7385780176318848, "f25": -0.5404258383995492, "f26": -2.181805646361085, "f27": -0.7769748450167778, "f28": 2.8221563073247555, "f29": -1.4711613610303202, "f3": 2.2580576025222783, "f30": 3.1454795659570136, "f31": -0.20990295444283735, "f32": 1.782025651835816, "f33": -1.5388615036511857, "f34": 2.715553529419381, "f35": -2.2978975499380585, "f36": -1.5470669211279362, "f37": 0.8997874520841537, "f38": -0.20315997555789145, "f39": 1.9637429333724612, "f4": -3.2741134738558597, "f40": -0.2520455363008236, "f41": -1.6179670738170138, "f42": -2.458209790364983, "f43": -3.226123971150258, "f44": -2.483777152520617, "f45": 0.309585868050818, "f46": 0.19600999677810083, "f47": 2.1753475924850507, "f48": -0.29292535527817926, "f49": 1.7350515005646243, "f5": 0.6635051079934414, "f50": 1.1134236296337163, "f51": 1.2225683193187713, "f52": 0.598418633108518, "f53": -2.0003425374844976, "f54": -0.5845284291041701, "f55": -0.3626770207550385, "f6": 1.2036543805872024, "f7": -0.9190170686372264, "f8": -1.017482683500723, "f9": -1.1859475901271352}, "datetime": {"datetime": "2023-01-24 14:10:06", "elapsed": 10356.297946, "delta": 59.52127}}
{"target": 0.19644617195801822, "params": {"f0": 0.7575127147625068, "f1": 0.1830491759874751, "f10": 2.60889572775576, "f11": 0.9941867434841538, "f12": 1.8898005224602836, "f13": 0.39425200641914393, "f14": -0.12581830892668666, "f15": 1.5792273276398279, "f16": -1.5670673081578872, "f17": 1.6604687834832488, "f18": -2.0914672098562477, "f19": -1.1658221151146417, "f2": -1.4837494119520414, "f20": -1.9910265475973312, "f21": -1.6014314437096306, "f22": -1.996263373440819, "f23": -1.4342825589466566, "f24": -1.789339870931295, "f25": -0.8765268022464902, "f26": -2.2031468451676695, "f27": -1.148946996312719, "f28": 2.323582323832587, "f29": -1.8452050509192355, "f3": 2.170399319331427, "f30": 3.1055306673821286, "f31": -0.4308023683337794, "f32": 1.5832489001993248, "f33": -2.3886564063257953, "f34": 2.4895405961456034, "f35": -1.9472532524861748, "f36": -2.3869927685782293, "f37": 1.6904992828283432, "f38": 0.4297596945047396, "f39": 2.186254451940676, "f4": -3.068037577929347, "f40": 0.5122480843365987, "f41": -2.126200519288096, "f42": -2.1319332864400606, "f43": -3.1875475383712635, "f44": -1.7452932633558333, "f45": -0.1238619449439915, "f46": -0.28556701770973814, "f47": 1.6776135749750307, "f48": -0.39534164056055143, "f49": 1.1058608533619962, "f5": 0.19608221360864364, "f50": 0.6064060347854647, "f51": 1.3160711811931693, "f52": 0.5060824991178292, "f53": -2.4200499785542258, "f54": -0.20531700248051876, "f55": -0.7393808723857523, "f6": 1.4601706616717673, "f7": -1.11710484611206, "f8": -1.319524453092607, "f9": -0.8827093303607373}, "datetime": {"datetime": "2023-01-24 14:12:20", "elapsed": 10490.727755, "delta": 134.429809}}
{"target": 0.20771015206564497, "params": {"f0": 0.5142186372466175, "f1": 0.25774395945202416, "f10": 1.8656112566893381, "f11": 0.5850409276469524, "f12": 1.876040287808074, "f13": 1.0580194582385252, "f14": -0.6408639058577175, "f15": 1.1040891884416228, "f16": -1.2618098619976643, "f17": 1.286208140200677, "f18": -2.7986415093958783, "f19": -0.3646173741255745, "f2": -1.3365133791365142, "f20": -1.2846307190473523, "f21": -1.5347269385183462, "f22": -2.5365336314786733, "f23": -2.2333834457606936, "f24": -2.098977319141705, "f25": -0.6027789381473107, "f26": -2.3792569415399254, "f27": -1.2196097625068247, "f28": 2.302782847968677, "f29": -2.0935735375794167, "f3": 2.630044724494589, "f30": 2.466413041623867, "f31": -0.8138178777899255, "f32": 1.3592857341339815, "f33": -1.523373188542557, "f34": 1.9197760884545392, "f35": -2.3485761281429407, "f36": -1.916409653405859, "f37": 0.9573171463829139, "f38": 0.22906657703679512, "f39": 1.525579533411539, "f4": -2.8533024151532063, "f40": 0.11541588395477875, "f41": -1.985541113788162, "f42": -2.520418080934454, "f43": -2.503963103198144, "f44": -2.317860759435771, "f45": -0.14745975777478415, "f46": 0.5186682367098493, "f47": 1.9523628589549489, "f48": 0.5097633397714727, "f49": 1.5307087263619321, "f5": -0.21129377841076957, "f50": 0.261388325628398, "f51": 1.129283687039633, "f52": 1.0331176839148073, "f53": -1.7598635351039373, "f54": -0.2463394825575338, "f55": -0.08542310340576942, "f6": 1.1433660772750964, "f7": -1.1469986655140059, "f8": -1.2682117304872849, "f9": -0.9549174638367226}, "datetime": {"datetime": "2023-01-24 14:12:21", "elapsed": 10491.451562, "delta": 0.723807}}
{"target": 0.08488182521190066, "params": {"f0": 0.6935338109443294, "f1": 0.37724155105717366, "f10": 1.79311723053759, "f11": 0.7198001106965224, "f12": 2.076123961670563, "f13": 0.3158954689291027, "f14": 0.19046451821665467, "f15": 1.2928055416663549, "f16": -2.0005138198387864, "f17": 1.9536584856129513, "f18": -2.728769062134507, "f19": -1.031320884436092, "f2": -1.184693680544386, "f20": -1.9645629887622686, "f21": -2.068545336929178, "f22": -2.4565095816198634, "f23": -1.2877871651614492, "f24": -2.191460025510909, "f25": -1.321657287870149, "f26": -2.4263726334220332, "f27": -1.1361265655125816, "f28": 2.1281502986838357, "f29": -1.865371753004519, "f3": 2.5089336993889324, "f30": 2.9306141383530333, "f31": -0.4869952740080489, "f32": 1.8696330114401651, "f33": -2.3751561815080207, "f34": 2.829603578039644, "f35": -2.3405101347626474, "f36": -2.012463349566687, "f37": 1.7858864474191951, "f38": -0.2929638659188496, "f39": 1.414935813158691, "f4": -3.084044511761686, "f40": 0.5765016558590816, "f41": -2.253410544670853, "f42": -2.1471223876091208, "f43": -3.293777995445433, "f44": -1.9894047215639727, "f45": 0.29350185215365265, "f46": 0.2008722798051693, "f47": 2.221320048681598, "f48": -0.01984442726568153, "f49": 0.8766014695817933, "f5": 0.6596215203514535, "f50": 0.9029797403354474, "f51": 0.7715858598705186, "f52": 0.6923508945537201, "f53": -1.9257918316007632, "f54": -0.7173457079418727, "f55": -0.5878242782631191, "f6": 1.245282511884574, "f7": -1.769788164918834, "f8": -0.4774397099971366, "f9": -0.7276168098745127}, "datetime": {"datetime": "2023-01-24 14:13:53", "elapsed": 10583.230023, "delta": 91.778461}}
{"target": 0.16980148216207616, "params": {"f0": 1.0956215671401615, "f1": -0.46759748225120734, "f10": 1.9059480143541832, "f11": 0.730123640591, "f12": 2.2256143966624458, "f13": 0.29206153625953324, "f14": -0.149053753794117, "f15": 1.2315791741163027, "f16": -1.6156740569965264, "f17": 1.3785897167445316, "f18": -2.525673447894695, "f19": -1.1974447946881277, "f2": -1.2486376295825286, "f20": -1.7996572236457826, "f21": -1.4754139189864075, "f22": -2.4698791634087987, "f23": -1.6701534078206577, "f24": -2.332129223359951, "f25": -1.174356920320403, "f26": -2.0561919972464073, "f27": -0.4832206745320885, "f28": 2.7843317766695965, "f29": -1.8619124085424685, "f3": 1.9618657004599047, "f30": 2.6640572929316697, "f31": -0.4843862364991858, "f32": 2.1536183563759463, "f33": -2.3241481513656415, "f34": 2.6027941674712505, "f35": -2.195061349235486, "f36": -1.7755793129845228, "f37": 1.038547604543723, "f38": 0.43285765676686827, "f39": 1.9838775388826149, "f4": -2.454688187974113, "f40": 0.5684455865237447, "f41": -1.5407021420148284, "f42": -2.1046138014105322, "f43": -2.447017497756416, "f44": -2.0022614044014664, "f45": 0.34967205799460144, "f46": 0.15829697557396039, "f47": 1.831816334431793, "f48": -0.2601343376234399, "f49": 1.2102989835771212, "f5": -0.00678028553682597, "f50": 0.8789728617101471, "f51": 1.1479926239759375, "f52": 0.6455520894659791, "f53": -2.37185943270519, "f54": 0.05651100700873346, "f55": -0.5158263048430337, "f6": 1.0335240505574124, "f7": -1.2327725093245125, "f8": -1.1525817570663253, "f9": -1.4623725782756598}, "datetime": {"datetime": "2023-01-24 14:13:54", "elapsed": 10584.386641, "delta": 1.156618}}
{"target": 0.13843460775594998, "params": {"f0": 1.2921769787978574, "f1": -0.13310938245584275, "f10": 2.3660095817411273, "f11": 0.9334150825552521, "f12": 2.034479379360402, "f13": 0.5315450741766792, "f14": -0.5090070686915558, "f15": 0.6537081192927666, "f16": -1.8096362203527632, "f17": 1.8035864035085525, "f18": -1.9227192988425958, "f19": -0.27463084064238297, "f2": -1.5805255156392164, "f20": -1.8226761700466594, "f21": -1.8568715057111764, "f22": -2.465705408030803, "f23": -1.5355855344784475, "f24": -1.7807455177592373, "f25": -0.7062732967220849, "f26": -2.18195785721275, "f27": -1.115294516311668, "f28": 2.7393536700255803, "f29": -1.2948207314595477, "f3": 1.9333241317964882, "f30": 2.7880670819011915, "f31": -0.32704945538113883, "f32": 2.2840100610660237, "f33": -1.4447837898996485, "f34": 1.972768490915957, "f35": -2.4614200677748723, "f36": -1.5952762685898927, "f37": 1.179346222037883, "f38": 0.4627237807527831, "f39": 2.3057297277361872, "f4": -2.6790061134247702, "f40": 0.43550051774851883, "f41": -2.024879869595808, "f42": -2.2510507363142835, "f43": -3.0824435924737665, "f44": -1.8135114599446331, "f45": -0.021352624164998613, "f46": 0.37728281559964905, "f47": 1.8368703504477426, "f48": -0.1423245971089479, "f49": 1.3246590924136563, "f5": 0.6931683087131925, "f50": 0.6389714642155564, "f51": 0.7636762032807589, "f52": 0.722933655760201, "f53": -2.3983074722293907, "f54": -0.745569395179339, "f55": -0.420896252638011, "f6": 1.3768670610212386, "f7": -1.6515213874857342, "f8": -0.8415933139781065, "f9": -0.8221116961792181}, "datetime": {"datetime": "2023-01-24 14:15:36", "elapsed": 10686.97686, "delta": 102.590219}}
{"target": 0.4310585895468347, "params": {"f0": 0.5043194894080012, "f1": 0.43719657445503796, "f10": 2.300258972307811, "f11": 0.39566651764220107, "f12": 2.319724175600915, "f13": 0.538576096996286, "f14": -0.11216955858694044, "f15": 1.3187075902484418, "f16": -1.4130365784314183, "f17": 1.3543421855121363, "f18": -1.9977333115910119, "f19": -0.29984128868893, "f2": -2.0074681166946586, "f20": -1.48500744884303, "f21": -2.168516031429339, "f22": -2.5903498578177975, "f23": -1.696439269595376, "f24": -1.9840245438009412, "f25": -1.2221273663161427, "f26": -2.7432770804062123, "f27": -1.0224766754295558, "f28": 2.326046831455818, "f29": -1.3006224119775553, "f3": 2.665936608656759, "f30": 2.982988578221639, "f31": -0.4196835267158542, "f32": 1.6351407021400428, "f33": -1.8077740085392415, "f34": 2.1499476334979972, "f35": -1.8133608647815, "f36": -2.1669528313887185, "f37": 1.5233446395433887, "f38": 0.5029353171173307, "f39": 1.8174542888643082, "f4": -2.529423115995427, "f40": 0.3411046556950952, "f41": -2.152515293265921, "f42": -1.902253222673965, "f43": -3.1634117486269324, "f44": -2.59503277882878, "f45": -0.43869471971134355, "f46": 0.5452625832750412, "f47": 2.123686837595099, "f48": -0.03149717702701871, "f49": 1.2584778259277414, "f5": 0.41117556746592376, "f50": 0.8190578793506178, "f51": 0.4965218894351221, "f52": 0.2678058657011696, "f53": -2.6656793639109977, "f54": -0.43960126808352884, "f55": -0.8326182747287986, "f6": 1.7317952089398285, "f7": -1.1164472623589892, "f8": -0.6861797332262152, "f9": -0.6472193711639258}, "datetime": {"datetime": "2023-01-24 14:16:56", "elapsed": 10766.391006, "delta": 79.414146}}
{"target": 0.12342663515459935, "params": {"f0": 0.8926637212609153, "f1": 0.10505197958172391, "f10": 2.0023914343060585, "f11": 0.7996527016294254, "f12": 2.5847506488875815, "f13": 1.0038664273350393, "f14": -0.3485217461940944, "f15": 1.4087352199957257, "f16": -1.2292557431041606, "f17": 1.113998382545502, "f18": -2.641817936352424, "f19": -0.33408001049291336, "f2": -1.207924663670605, "f20": -2.0443296176465555, "f21": -1.7114569899997498, "f22": -2.766465550999587, "f23": -2.060271730360253, "f24": -2.3452205039898737, "f25": -1.2451123238547825, "f26": -2.826312465257346, "f27": -1.4049421227867007, "f28": 2.6509399457530445, "f29": -1.6695175520459027, "f3": 2.0838264472742205, "f30": 3.2124345001783334, "f31": -0.07033256786965514, "f32": 2.228576646591535, "f33": -2.2796850029614593, "f34": 2.416566237159098, "f35": -2.1528890100177964, "f36": -1.6759185725423205, "f37": 1.2004882487113688, "f38": -0.06688969280267809, "f39": 1.617582984662824, "f4": -3.3025033155593246, "f40": 0.5977887794962884, "f41": -1.7012836834577645, "f42": -1.715460920486645, "f43": -2.472545994629161, "f44": -1.8622152382586084, "f45": -0.33778062060035496, "f46": 0.43127360056351516, "f47": 1.4164447792450914, "f48": 0.026477547983595695, "f49": 1.550645234764314, "f5": 0.3282472353263609, "f50": 0.2518727199182259, "f51": 0.6416277767607079, "f52": 0.8892959749990869, "f53": -1.8605707952395851, "f54": -0.06361279688627608, "f55": -0.20646200773790435, "f6": 1.1463679176074435, "f7": -1.2811161476801032, "f8": -1.433172265962537, "f9": -0.8713588176953602}, "datetime": {"datetime": "2023-01-24 14:17:48", "elapsed": 10818.19616, "delta": 51.805154}}
{"target": 0.09586677926772133, "params": {"f0": 0.9832555422054067, "f1": -0.32104399218431384, "f10": 2.706981758374478, "f11": 0.07834315157165872, "f12": 2.6042737738019825, "f13": 1.0430378288670314, "f14": -0.4823542979398535, "f15": 1.196224935800457, "f16": -1.6760683100915046, "f17": 1.8803681737629387, "f18": -2.514183176223336, "f19": -0.5828550275855886, "f2": -1.260996991998813, "f20": -1.4696257176269722, "f21": -2.226468329173821, "f22": -2.029110488800532, "f23": -1.5128085468787553, "f24": -2.43462258997002, "f25": -1.4414376932653785, "f26": -2.6098844046080276, "f27": -0.5864089402345757, "f28": 2.8876639801881807, "f29": -1.403671141069413, "f3": 2.6429508509102817, "f30": 2.7815826172473614, "f31": -0.9655393949857596, "f32": 1.3565462258961027, "f33": -2.334681768786595, "f34": 2.414951984002803, "f35": -2.22102182673288, "f36": -1.582710028236467, "f37": 1.7568116291413438, "f38": 0.07475187141489781, "f39": 2.260483040340025, "f4": -3.3010891243923384, "f40": 0.006242521918177313, "f41": -2.003267889017703, "f42": -2.1666687949766907, "f43": -2.5079095957554287, "f44": -2.4090975009874507, "f45": 0.10681044981514232, "f46": 0.4262088726877131, "f47": 2.0456305551493537, "f48": -0.23999899457374335, "f49": 1.0276180232889904, "f5": 0.34125923975767936, "f50": 0.9783037121537157, "f51": 0.8373919014359634, "f52": 0.46448950933638605, "f53": -2.32803982464357, "f54": -0.84371814111236, "f55": -0.475064619039956, "f6": 1.5513341691327458, "f7": -1.692314613024064, "f8": -0.7775399990507721, "f9": -1.2352793875914267}, "datetime": {"datetime": "2023-01-24 14:19:09", "elapsed": 10899.594678, "delta": 81.398518}}
{"target": 0.19358119711744845, "params": {"f0": 1.2730509930967147, "f1": 0.07358693805253619, "f10": 2.3872620524228467, "f11": 0.4827481281671596, "f12": 2.591784412954445, "f13": 0.34267129493604964, "f14": -0.4518795494697575, "f15": 0.7624922688633142, "f16": -1.5765035253146626, "f17": 2.06041421807591, "f18": -2.6862559784424906, "f19": -0.4065959101705956, "f2": -1.216868674071058, "f20": -1.9416936678479098, "f21": -1.7151064678449999, "f22": -2.0229742243825446, "f23": -2.0557865709033263, "f24": -2.02277471175527, "f25": -0.8010988130911124, "f26": -2.6708240818071665, "f27": -1.0471016984183537, "f28": 2.7883085081513412, "f29": -1.6224136680160768, "f3": 2.793846875379162, "f30": 2.621000703243492, "f31": -0.14876788035921062, "f32": 2.0365892961226844, "f33": -2.0461670976674786, "f34": 2.2321999269976063, "f35": -2.511336983807817, "f36": -2.1505076675497703, "f37": 1.0764728793104466, "f38": -0.2442836240230356, "f39": 1.6775641627613966, "f4": -2.9218958017906713, "f40": 0.09594425467795686, "f41": -1.5398661309100097, "f42": -1.864177790274513, "f43": -2.7442945056442944, "f44": -2.3291484609820325, "f45": 0.34936474803204987, "f46": 0.41709178165678695, "f47": 1.4341287916116476, "f48": -0.17371482131089933, "f49": 1.2650081862270581, "f5": -0.16047361372738222, "f50": 0.9090568807914317, "f51": 0.8606046358542562, "f52": 0.414441180851912, "f53": -2.384599256415722, "f54": -0.43469691547152667, "f55": -0.8226111494404419, "f6": 1.8221535590553848, "f7": -1.6361887917673505, "f8": -0.6330936133962369, "f9": -1.3724662085397887}, "datetime": {"datetime": "2023-01-24 14:21:01", "elapsed": 11011.55723, "delta": 111.962552}}
{"target": 0.3040456696664969, "params": {"f0": 0.6073450647225089, "f1": -0.041965470525620885, "f10": 2.3385599217464645, "f11": 0.7875009509567553, "f12": 2.071747523801441, "f13": 1.1037529533308734, "f14": -0.17186746509179152, "f15": 0.8268951508285731, "f16": -1.623258189391088, "f17": 1.6620275565813016, "f18": -2.808203523367148, "f19": -0.2238935905696504, "f2": -1.8257200958698845, "f20": -2.165426366867999, "f21": -1.7271324935029315, "f22": -2.7400164182366034, "f23": -1.540040819500041, "f24": -1.8618446560153146, "f25": -0.7961014995385384, "f26": -2.060205289656098, "f27": -1.0288426947417524, "f28": 2.7648537784347003, "f29": -1.3582893223213373, "f3": 2.0194608762712045, "f30": 3.2649106835700317, "f31": -0.7735540541760708, "f32": 1.3607320721157683, "f33": -1.4358094306315874, "f34": 2.2217050908203158, "f35": -2.022355419878719, "f36": -2.354302807540915, "f37": 0.9085835590975235, "f38": -0.13211847523286102, "f39": 1.7594828848377164, "f4": -3.1179811978484375, "f40": 0.46717335107534386, "f41": -2.1081310651722482, "f42": -1.703905867980779, "f43": -3.1067993987710323, "f44": -2.584547256681292, "f45": 0.11825570376770855, "f46": 0.25978410755905423, "f47": 1.9536148491250025, "f48": -0.09876548822582637, "f49": 1.7421397987768992, "f5": 0.6467065226570494, "f50": 0.6563613180227886, "f51": 0.6700794702087987, "f52": 0.4180540716939151, "f53": -1.9568756965441674, "f54": -0.7535898463715854, "f55": -0.7220441774321241, "f6": 1.5213890219421171, "f7": -0.9116785319824375, "f8": -0.7011759527091543, "f9": -1.1856938383853244}, "datetime": {"datetime": "2023-01-24 14:22:11", "elapsed": 11081.678286, "delta": 70.121056}}
{"target": 0.48839123759654046, "params": {"f0": 0.6426788788822783, "f1": -0.3806955764791284, "f10": 2.169432296265827, "f11": 0.3688696849098052, "f12": 1.7845362122452548, "f13": 0.26052845945827796, "f14": -0.34846938419931994, "f15": 0.8175801168575608, "f16": -1.5842093570489917, "f17": 1.1087821671110616, "f18": -2.372690435428932, "f19": -0.40555214763285075, "f2": -1.412429234947858, "f20": -1.8314379697031842, "f21": -1.9555007314224917, "f22": -2.2080948675449417, "f23": -2.068227618072432, "f24": -2.4926887766616486, "f25": -1.2366293526699843, "f26": -2.31326169559814, "f27": -0.9774547932159272, "f28": 2.2925630309045997, "f29": -1.8614333991290597, "f3": 2.786918432789883, "f30": 2.5826673152552724, "f31": -0.6363386609411459, "f32": 1.9338804767354048, "f33": -1.3991720307526718, "f34": 2.2864222174872166, "f35": -2.3754036030200045, "f36": -2.3056249249055503, "f37": 1.0499612748978175, "f38": -0.31108579472817155, "f39": 2.108475833565112, "f4": -2.784166354040082, "f40": 0.6536991808438878, "f41": -1.6798457771829067, "f42": -2.381582561935999, "f43": -2.7811752562318732, "f44": -1.7342280217092534, "f45": -0.1559587214029441, "f46": 0.6727228154183897, "f47": 2.3334040980265764, "f48": 0.011414873774139023, "f49": 1.3790298311697193, "f5": 0.6987387140452229, "f50": 0.6264045040483132, "f51": 0.5734400204648479, "f52": 0.990659693830867, "f53": -2.43828591370604, "f54": -0.06306719686183537, "f55": 0.04536907512416599, "f6": 1.4661514451426871, "f7": -1.792998594424512, "f8": -0.6763456467167194, "f9": -0.6198310293729022}, "datetime": {"datetime": "2023-01-24 14:23:00", "elapsed": 11130.24248, "delta": 48.564194}}
{"target": 0.30215347636239764, "params": {"f0": 0.5508826235702187, "f1": -0.3445101442617407, "f10": 2.239875004058846, "f11": 0.5081881275977811, "f12": 2.62668461328468, "f13": 0.7233387654448227, "f14": -0.5286596426864493, "f15": 1.2767463661061398, "f16": -1.1510196131771417, "f17": 1.7372962348994982, "f18": -1.8919993048485086, "f19": -1.0622570189343978, "f2": -1.4572941243977249, "f20": -1.729341975405446, "f21": -1.987678195799322, "f22": -2.6166099774426277, "f23": -2.1087316092813766, "f24": -2.4616028022647525, "f25": -0.7385621635167848, "f26": -2.673801844965363, "f27": -0.4736120347005648, "f28": 2.755903122295048, "f29": -1.5117316279776811, "f3": 2.2323020252084067, "f30": 2.4647278022898083, "f31": -0.1854349182185424, "f32": 2.3374193462699133, "f33": -2.236987119758519, "f34": 1.9863696000602886, "f35": -1.7872429048814287, "f36": -2.3460050014352296, "f37": 1.2485776015613101, "f38": -0.22004146638169786, "f39": 2.2733770088885095, "f4": -3.239974009119757, "f40": 0.09423383065897784, "f41": -1.4553476551814992, "f42": -2.423266802771192, "f43": -2.6696250226232414, "f44": -2.410900601279066, "f45": 0.5288523098647814, "f46": 0.3267192405761351, "f47": 1.4957419579871334, "f48": 0.4491890472572564, "f49": 1.7332097702884877, "f5": 0.7167809888700565, "f50": 1.084061120759189, "f51": 1.1939601568792633, "f52": 0.9067342764302178, "f53": -1.9612538976816278, "f54": -0.8199626332631254, "f55": -0.42472582531333103, "f6": 1.1629067200413825, "f7": -1.1072782262447909, "f8": -0.7191198497789804, "f9": -1.0376514319912182}, "datetime": {"datetime": "2023-01-24 14:24:24", "elapsed": 11214.897416, "delta": 84.654936}}
