{"target": 0.23270433443699043, "params": {"f0": -1.213623984836193, "f1": 1.74864907236244, "f10": 1.0257274592412533, "f11": 0.5464824378778119, "f12": -1.2129986059066342, "f13": 2.8881031498200302, "f14": -0.06497254511872697, "f15": -0.5087572517164647, "f16": -1.0604526389188873, "f17": -2.036174923404488, "f18": 2.2374471204348345, "f19": 0.873549914179355, "f2": -1.2206028869867405, "f20": -0.5980780546091153, "f21": -0.9346532651694555, "f22": -0.2084059078526055, "f23": 1.9867307726199646, "f24": -1.836072939012577, "f25": 1.5522718536591902, "f26": -0.5225011698019117, "f27": -1.8802203634905903, "f28": 1.4047350662830023, "f29": -0.22744711965623, "f3": -0.4464071208876279, "f30": 1.0778584825546287, "f31": 1.2697084615465775, "f32": -1.0130587561584061, "f33": -0.6631903856913608, "f34": 0.6872165508575951, "f35": 1.7420849034444439, "f36": 0.1757113921756227, "f37": -1.6284969580756108, "f38": -0.42583933202809054, "f39": 1.2071995907988144, "f4": -1.3259056870922066, "f40": -1.1771068876895034, "f41": 2.15428621236987, "f42": 0.32084928095467147, "f43": -0.15127613186162858, "f44": -1.0541698710717737, "f45": 1.2286576475230095, "f46": 1.094414296058047, "f47": -1.2133751333988791, "f48": -2.5700771390179815, "f49": -1.9632114604802096, "f5": -2.8952932442010493, "f50": -0.16618226221713472, "f51": -1.1664917389568046, "f52": -0.20919717515482916, "f53": -1.570073216062263, "f54": -0.28744421970428913, "f55": -0.7608531150088764, "f6": 0.5800491930638763, "f7": -1.240649845317865, "f8": 2.3591929766587296, "f9": 0.22194273767244255}, "datetime": {"datetime": "2023-02-03 13:33:54", "elapsed": 9519.111723, "delta": 87.763552}}
{"target": 0.16135073791510593, "params": {"f0": -1.7256956694155998, "f1": 2.0653295542725156, "f10": 0.4137584260383067, "f11": 2.3542919407613536, "f12": -1.1852006405624462, "f13": 1.835548472821408, "f14": -0.3204854601494297, "f15": -1.4476817549171204, "f16": -2.3414161419019868, "f17": -1.095792774307233, "f18": 1.5178453481858756, "f19": 0.9585733429326395, "f2": -2.233703304745709, "f20": -1.4490382627611198, "f21": -0.8780521197165425, "f22": 2.8001138737183155, "f23": 1.8009938278598865, "f24": -0.03342406317036839, "f25": 1.4328344993818747, "f26": 0.29712601153640406, "f27": -1.1243135070977521, "f28": 1.5453527174453074, "f29": 0.07431849815431657, "f3": -0.1417504036352072, "f30": 1.4972283592824214, "f31": 2.3586254332458627, "f32": -0.15051551551485787, "f33": -0.23522496025106, "f34": -0.13573187793280472, "f35": 0.7661145357174209, "f36": -0.46396167511284175, "f37": -1.9443914301468854, "f38": -0.34141216061485613, "f39": -0.03661195181015964, "f4": -1.9838936592400207, "f40": 0.9294919015353122, "f41": 2.179520675102402, "f42": -1.4226376652274855, "f43": 2.4752680184193054, "f44": -1.6699458562979146, "f45": 2.1044098365553885, "f46": 0.3623815979367947, "f47": 0.5886935880354285, "f48": -2.0414119412065563, "f49": -1.5408199004755412, "f5": -1.6068178716016435, "f50": -0.10374913017771314, "f51": 0.6982395367826608, "f52": 0.30484683077635366, "f53": -2.6448700782393257, "f54": 0.2660248556209621, "f55": 0.5000581750486656, "f6": 0.8312039314399611, "f7": -1.471651267612449, "f8": 0.5311322281277181, "f9": -0.8022870769228633}, "datetime": {"datetime": "2023-02-03 13:34:31", "elapsed": 9556.752623, "delta": 37.6409}}
{"target": 0.46955808456555304, "params": {"f0": -0.2980671800489405, "f1": 0.7134788136342859, "f10": 0.043701504751007425, "f11": 0.13070357632745422, "f12": -2.0360927633385715, "f13": 0.9725583317018226, "f14": 0.8937569198373755, "f15": -1.996228791133062, "f16": -1.778609859510062, "f17": -2.4995142826432097, "f18": 2.402216865967488, "f19": 0.30076270831784147, "f2": -1.8651280142170432, "f20": -1.7063840812956674, "f21": -1.6969924388870257, "f22": 0.59898267455294, "f23": 2.7212934988092843, "f24": 0.6194297858798634, "f25": 0.08458821921194482, "f26": 0.5408828530991707, "f27": -2.609882774540775, "f28": 2.7921767004921443, "f29": 0.35857225825772465, "f3": 1.3307025787209317, "f30": 2.0980143975139947, "f31": 2.359201540842209, "f32": -1.1042187369639882, "f33": -0.815977711055552, "f34": 0.61441980297709, "f35": 1.470027252476375, "f36": 0.047135811131937655, "f37": -3.025947427596705, "f38": 0.02751294354758249, "f39": 0.44968916969915973, "f4": -2.062834397819267, "f40": -1.23797005699288, "f41": 0.9147392460260423, "f42": -1.5940114496231619, "f43": -0.04110290853989906, "f44": -2.927611422176651, "f45": 1.7057909672732756, "f46": 1.3011828432403547, "f47": 0.3443781014163494, "f48": -1.0330826731033684, "f49": -2.352225086220013, "f5": -1.443402984043458, "f50": -0.11106454152992828, "f51": 0.12034836736224785, "f52": 0.8031902587400175, "f53": -1.3543106436517547, "f54": -0.4709766047107662, "f55": -0.4924699552704041, "f6": -0.4514569002125707, "f7": -2.363570022212755, "f8": -0.2479255809417058, "f9": 0.5958524678519217}, "datetime": {"datetime": "2023-02-03 13:35:34", "elapsed": 9619.365362, "delta": 62.612739}}
{"target": 0.2367393651690947, "params": {"f0": 0.4572203179577965, "f1": -0.6589297437489433, "f10": 0.40603404877340843, "f11": -0.39295344545846755, "f12": -0.6420154411007475, "f13": 2.185264408483608, "f14": 0.48934279219447163, "f15": -2.475248110875963, "f16": -1.8604051187975674, "f17": -1.5247667870258648, "f18": 2.136215256326676, "f19": -0.6974054517701921, "f2": -2.0085937727152086, "f20": -1.083092591236522, "f21": -0.9357717285475959, "f22": 1.1420433241247987, "f23": 3.0001939306944356, "f24": -0.36073041817196483, "f25": 1.5296264629647038, "f26": 0.7011966794210212, "f27": -2.9047326230522463, "f28": 2.572284212904214, "f29": 0.38132705209678286, "f3": 0.18270162154960223, "f30": 1.4286277262390943, "f31": 2.4148940954298763, "f32": -1.0476836627064203, "f33": -0.39220793320342906, "f34": -0.9408779686762249, "f35": 2.505018827703998, "f36": 0.164178844513301, "f37": -2.7267111435986098, "f38": 0.5221797445020542, "f39": -0.6630094018730127, "f4": -0.565918458049643, "f40": -0.6169389779483911, "f41": 2.0178764717627247, "f42": -0.991194279145378, "f43": -0.2157740996839399, "f44": -1.7949710761383562, "f45": 0.08204913619574328, "f46": 1.5787059349149364, "f47": 0.05886616270700973, "f48": -1.945780907117471, "f49": -1.9944417931752434, "f5": -2.2932866868524746, "f50": -0.33977422794878365, "f51": -0.6642403750548336, "f52": -0.5384528529945587, "f53": 0.16560435733927648, "f54": -0.7767200432295417, "f55": -0.6996433915175231, "f6": 0.1961644272990153, "f7": -0.5100327799226894, "f8": -0.056622071345616476, "f9": 0.6258342395967802}, "datetime": {"datetime": "2023-02-03 13:36:41", "elapsed": 9686.014685, "delta": 66.649323}}
{"target": 0.6523222765329912, "params": {"f0": 0.03410989976857026, "f1": 0.15156748309264823, "f10": -0.2520752370620536, "f11": 2.1225230805832878, "f12": 0.6560902949724521, "f13": 1.4718045401485513, "f14": -0.15705240614120985, "f15": -1.2742226664926595, "f16": -1.5345609840299816, "f17": -1.1425767259468518, "f18": 2.937694849824945, "f19": 0.2518209749587552, "f2": -2.2641968408452606, "f20": 0.34801313858341, "f21": -1.7429215384151537, "f22": 1.9950097880550377, "f23": 1.3571072056851463, "f24": 0.35102276398690013, "f25": 0.904497150198106, "f26": 0.13298335322665022, "f27": -2.2290109876252546, "f28": 1.6425001688803542, "f29": 0.14926976759029564, "f3": 0.8133825606596415, "f30": 1.127290623078102, "f31": 1.7226405828653513, "f32": -1.7583728621392827, "f33": 0.7964647876222644, "f34": 1.1276660173796103, "f35": 1.4040406361915658, "f36": -0.2385650971820975, "f37": -2.377949151569183, "f38": 1.1158469894736476, "f39": -0.361525877120658, "f4": -2.083409582380952, "f40": 0.6842925641422191, "f41": 1.3248407392269415, "f42": -1.7742880686485238, "f43": 2.5469373406280855, "f44": -0.8543922462196103, "f45": 0.2661429137750201, "f46": 1.4312049065118857, "f47": 0.1489319904617603, "f48": -2.1140179933786714, "f49": -1.4569772994216688, "f5": -1.3867060904931057, "f50": -1.7269973061676285, "f51": 0.3358061588239514, "f52": -0.32460807591004326, "f53": -0.2493043403028916, "f54": -0.4529099009883192, "f55": 1.5948236306785253, "f6": 0.39495671058377546, "f7": -1.992700002163326, "f8": 0.3739643447952882, "f9": -1.2120788513020464}, "datetime": {"datetime": "2023-02-03 13:37:42", "elapsed": 9747.427523, "delta": 61.412838}}
{"target": 0.3442694220628588, "params": {"f0": 0.02307356346892453, "f1": 0.820088134736764, "f10": 1.0196654630962956, "f11": 0.5744113200490228, "f12": 0.5487167720721264, "f13": 2.5314296674606664, "f14": -0.5280870885354445, "f15": -2.045644977551969, "f16": -2.985649086982348, "f17": -0.6614152221645462, "f18": 1.5938514678227298, "f19": 0.3282934045882966, "f2": -1.08096626615594, "f20": -0.9399258969987896, "f21": -0.46827691998998144, "f22": 2.163519388490348, "f23": 2.27159746657011, "f24": -0.05414541707727771, "f25": 1.1101864049264498, "f26": -0.4616687751138109, "f27": -1.9221571752282796, "f28": 2.4462300069237597, "f29": 1.123739652259774, "f3": -0.4567633392993335, "f30": 0.38519128451230344, "f31": 1.8049006129534981, "f32": -1.6388957226406913, "f33": 0.7023183312849044, "f34": 0.3089211606096456, "f35": -0.16599941894323367, "f36": 0.6518540626300696, "f37": -2.5999751149674055, "f38": -0.27199824918527216, "f39": 1.4590327615354188, "f4": -2.6181987558804822, "f40": 0.265050584562045, "f41": 2.457743702409954, "f42": -0.5466390945652688, "f43": 2.1767606228626897, "f44": -2.3137518491014912, "f45": 2.41339188973595, "f46": -0.3148656765776184, "f47": 0.31836730697720816, "f48": -2.621196965315364, "f49": -2.5258541889959654, "f5": -0.7713886281254041, "f50": -1.2976748536950067, "f51": 0.740875410516501, "f52": 0.5173396754052322, "f53": -2.3271159918731823, "f54": 1.153936207563465, "f55": 0.012873663187279782, "f6": -0.757909816064892, "f7": -2.0133077708561675, "f8": 1.823017949013996, "f9": -0.4377182130712498}, "datetime": {"datetime": "2023-02-03 13:39:02", "elapsed": 9827.126191, "delta": 79.698668}}
{"target": 0.43090270995582003, "params": {"f0": -0.36329617276562676, "f1": 1.9474997143802506, "f10": 1.1146113671759434, "f11": 0.09353876460973842, "f12": -0.48408581717147725, "f13": 2.843812764360574, "f14": 1.1005556621871553, "f15": -2.569567541153489, "f16": -1.2592537006241324, "f17": -0.8136900003099359, "f18": 2.5388325860780854, "f19": -1.0529932591219202, "f2": -2.9606292674271617, "f20": -0.8459726364112612, "f21": 0.08636207716659383, "f22": 0.5448356717001989, "f23": 1.1381497957815627, "f24": -0.13556915351848442, "f25": -0.26156136189999096, "f26": -1.1256282211963322, "f27": -1.7330022226915889, "f28": 2.104168852015069, "f29": -0.3310090064340042, "f3": 0.22099734161917683, "f30": 1.3101121482396647, "f31": 2.876558567515591, "f32": -1.057514077495028, "f33": 1.0673494459609607, "f34": 0.3208716983604618, "f35": 1.1106230763637321, "f36": 1.7184338454536054, "f37": -2.462321576872357, "f38": -0.634994106135782, "f39": 0.34641473480377616, "f4": -1.7206212035009005, "f40": -0.7468647898583067, "f41": 1.2056354416928063, "f42": -2.521726536245508, "f43": 2.942700154107491, "f44": -1.982188204084473, "f45": 0.9782764043533768, "f46": 2.0698061689540244, "f47": -0.2534016094198843, "f48": -2.467715187581759, "f49": -1.241518732568916, "f5": -1.8815124462252277, "f50": -1.9516787320261193, "f51": 0.26969755684542895, "f52": 0.8608208985475869, "f53": -0.6832555586532698, "f54": 0.4338157766024169, "f55": -0.1931664720366244, "f6": 0.13351913159984763, "f7": -1.9154412106716967, "f8": 2.19593413668237, "f9": 0.04889388945979389}, "datetime": {"datetime": "2023-02-03 13:40:31", "elapsed": 9916.107895, "delta": 88.981704}}
{"target": 0.129783283351597, "params": {"f0": -0.6801639765621916, "f1": 1.8643564071179601, "f10": 0.2554877488546221, "f11": 0.6433598622926462, "f12": -1.093712363978089, "f13": 1.8397091501140874, "f14": -0.7692086820914502, "f15": -1.9263327580374798, "f16": -1.873152692184209, "f17": -0.04806694909049458, "f18": 1.7076029825405605, "f19": -0.3130979313357143, "f2": -1.460664536221359, "f20": -1.5508346173450396, "f21": -0.9722374430463367, "f22": 1.9654177606370373, "f23": 1.2701763359428466, "f24": 0.1422850438497325, "f25": 0.050632942391561575, "f26": -1.066577257605937, "f27": -2.7239765461705527, "f28": 2.943432279556336, "f29": -0.28280569557428814, "f3": 1.386666060256751, "f30": 0.9987733614598123, "f31": 1.0826170010684923, "f32": -1.2182516673219956, "f33": -0.8389237569216557, "f34": 0.37860561302406404, "f35": 0.7021080908583738, "f36": 0.1403980683878634, "f37": -2.3219990064357563, "f38": -0.27634492672708144, "f39": 0.6154749854781355, "f4": 0.12325695366384837, "f40": -1.4514605862079923, "f41": 0.889030516098548, "f42": -2.164338159235474, "f43": 0.7626087315271851, "f44": -1.1795728337930538, "f45": 2.1461990725552487, "f46": 2.097076838297892, "f47": 0.1640226155143445, "f48": -1.7342460026198794, "f49": -1.2203368262605605, "f5": -1.4738105830620234, "f50": 0.2886763312924119, "f51": -0.47932611880718834, "f52": 0.3247690914987944, "f53": -1.1615188305556539, "f54": 1.2792493402873013, "f55": 0.7138652913097564, "f6": 0.6758833519654321, "f7": -2.2890817425747683, "f8": 1.5831254623904658, "f9": 0.03795659414040098}, "datetime": {"datetime": "2023-02-03 13:41:20", "elapsed": 9964.989415, "delta": 48.88152}}
{"target": 0.4280184752302014, "params": {"f0": 0.4075342902945436, "f1": 1.331540689314235, "f10": 0.301347017448373, "f11": 1.247464883054533, "f12": -1.2369282194441276, "f13": 2.2034916309685078, "f14": 0.5753661860342866, "f15": -2.8730379631202143, "f16": -0.17421143448640963, "f17": -2.565977531505058, "f18": 1.2871646336406952, "f19": 0.40969542457584396, "f2": -0.9761852984441188, "f20": 0.1692517071516706, "f21": -2.535670937995789, "f22": 1.5552141812726785, "f23": 2.082145126330304, "f24": -0.6898763023373766, "f25": 1.323054179886892, "f26": -1.3310593219787614, "f27": -2.6332237384360115, "f28": 1.2089211354570417, "f29": 0.5024885545425593, "f3": 0.04065807723781745, "f30": -0.15389697023965498, "f31": 2.7594043512600965, "f32": -0.09338663603801134, "f33": 0.28064533438959804, "f34": 0.16245324634416813, "f35": 0.6418189806626101, "f36": 0.7690828702905509, "f37": -1.5416935801582037, "f38": 0.5640990845439869, "f39": 0.10379086702454088, "f4": -0.9587527106235729, "f40": -0.8229566903275897, "f41": 0.9237951647470127, "f42": -2.751941325832442, "f43": 1.4328997382186834, "f44": -0.47992030640047467, "f45": -0.10235385323555674, "f46": 0.40914831291988063, "f47": 0.5636609363765079, "f48": -2.4357677320385056, "f49": -2.148796835398432, "f5": -2.5975080099866634, "f50": -0.9922352624287323, "f51": -0.5052738457999718, "f52": 0.961489072817466, "f53": -1.514848140543534, "f54": 0.25176765387665045, "f55": -0.33001373620133967, "f6": -0.18640068119488795, "f7": -1.3522861912149708, "f8": 2.188495160900732, "f9": 0.07449731350947286}, "datetime": {"datetime": "2023-02-03 13:42:02", "elapsed": 10007.630801, "delta": 42.641386}}
{"target": 0.2788137714470654, "params": {"f0": -1.6513967427846108, "f1": -0.4970350841295068, "f10": 1.0544108294231382, "f11": 1.5362375337190388, "f12": 0.274007749880921, "f13": 2.2622546982264935, "f14": -0.20165896595082067, "f15": -2.6945138303100444, "f16": 0.05567992518552378, "f17": -2.0857140261745863, "f18": 2.5125292772712133, "f19": -0.4832051991759341, "f2": -1.2926776079647653, "f20": -1.4633681584470937, "f21": -1.4997027281441326, "f22": 1.9308161947284481, "f23": 2.8120184209387373, "f24": 0.16541005689875088, "f25": 0.13818397338435306, "f26": -0.20939322611320632, "f27": -1.393771517582697, "f28": 2.290751219270067, "f29": 0.31342044341314934, "f3": 0.8200402067155149, "f30": 0.23596042705969167, "f31": 1.603917885198304, "f32": -1.0992379672391066, "f33": 0.05652862959725735, "f34": 0.00883400860014949, "f35": 2.143762934667102, "f36": 0.26041568037423535, "f37": -1.5968689229101307, "f38": 0.08754175021044908, "f39": 1.013732466149306, "f4": -1.3160810449164957, "f40": 0.4475365037387642, "f41": 2.102532156038701, "f42": -1.5337355852399106, "f43": 2.6204870827579683, "f44": -0.2969507245723668, "f45": 0.1507283490690996, "f46": 1.2269203155725528, "f47": -0.5527934785475638, "f48": -1.480332606203031, "f49": -0.609260620487964, "f5": -2.1185431853708576, "f50": -0.8053932344825154, "f51": 0.9628718760865904, "f52": -0.048394206980564625, "f53": -1.4479171362621805, "f54": 1.253233763289422, "f55": -0.7023633567469487, "f6": -0.270231081928185, "f7": -1.421181313567783, "f8": 2.8459498899586952, "f9": -0.2980016983895796}, "datetime": {"datetime": "2023-02-03 13:43:04", "elapsed": 10069.407704, "delta": 61.776903}}
{"target": 0.445315445719685, "params": {"f0": -1.026097588398025, "f1": 1.366816927153645, "f10": -0.34992917438485566, "f11": 2.088348212752903, "f12": -1.2448774963173532, "f13": 1.9426417168075787, "f14": 0.06107135061499802, "f15": -2.193219414592093, "f16": -1.5343737208891812, "f17": -0.9412480030905663, "f18": 1.574487377414195, "f19": 0.1358639486340234, "f2": -2.9508524387214794, "f20": 0.4915853185184207, "f21": -1.1310335034858316, "f22": 1.3688229629647606, "f23": 1.924013270743914, "f24": -0.954655421929, "f25": 0.032767759840478416, "f26": 0.37095340374285923, "f27": -2.851621955257968, "f28": 2.5560693520152666, "f29": 0.5699117727805041, "f3": 0.9426186204657646, "f30": 1.6430306960657375, "f31": 1.3781764615507175, "f32": -0.41503641009229053, "f33": 0.6307410805636675, "f34": -0.14303792038515195, "f35": 1.7164742431679607, "f36": 0.4689388685676742, "f37": -2.2520113581388483, "f38": 0.4770741573980902, "f39": 1.1440517599144902, "f4": -0.3239242964325171, "f40": -0.6078140410137531, "f41": 3.034920396120133, "f42": -1.432694973140009, "f43": 2.425795637759911, "f44": 0.24531499318728178, "f45": 1.7347391260227805, "f46": 0.9966091117429551, "f47": -0.9479102494613038, "f48": -1.4103882271328272, "f49": -1.6437492621465908, "f5": -2.716958052719495, "f50": -1.0170776095249132, "f51": -0.15176623809777445, "f52": -0.5470033177033073, "f53": -2.5902792018561955, "f54": -0.09923409560786334, "f55": 1.145829386239623, "f6": -1.1297950788282272, "f7": -2.7316171250684103, "f8": 1.3312010149371658, "f9": -0.32130661142566974}, "datetime": {"datetime": "2023-02-03 13:44:00", "elapsed": 10125.686326, "delta": 56.278622}}
{"target": 0.5472844797026655, "params": {"f0": -0.642764836219965, "f1": 0.8355973610456342, "f10": 0.1806906964273307, "f11": 0.9370941269033244, "f12": -0.678590063777847, "f13": 2.8110894827354196, "f14": 0.2085513287240422, "f15": -2.6525109436722203, "f16": -1.1620934605288136, "f17": -1.6137501606415676, "f18": 2.716378655952096, "f19": -0.3347016401704794, "f2": -1.87653597256748, "f20": -0.7366465273405853, "f21": -1.0350833756250597, "f22": 1.5871844519049954, "f23": 2.5029684556841048, "f24": -0.555866323137874, "f25": 0.8099835849015234, "f26": -0.386929129526801, "f27": -2.7987888413044217, "f28": 2.46818692574293, "f29": 0.15641901037962894, "f3": 0.4652214530981771, "f30": 0.6993627839842618, "f31": 2.6888857365157808, "f32": -1.2227587926120294, "f33": 0.19996759037877096, "f34": -0.0313205040820682, "f35": 1.1066888386725984, "f36": 0.5343083986995258, "f37": -2.7489304649355026, "f38": 0.1311290433948644, "f39": 0.3892566508839526, "f4": -1.1590755566059723, "f40": -0.28284970956849886, "f41": 2.0510955104445325, "f42": -1.5711295490756239, "f43": 1.3679608071038987, "f44": -1.337148312195257, "f45": 1.187814269824548, "f46": 0.9280961910334149, "f47": -0.06731824209978185, "f48": -2.3301141161013885, "f49": -1.6216524445548999, "f5": -2.2428094566225902, "f50": -0.8612622754787775, "f51": -0.07100080432608336, "f52": 0.12051275117595993, "f53": -1.8121436488569072, "f54": 0.07101712784830823, "f55": 0.5206014406190342, "f6": -0.14632418727394234, "f7": -2.085258019322537, "f8": 1.6591686181558423, "f9": -0.1322130117664031}, "datetime": {"datetime": "2023-02-03 13:45:34", "elapsed": 10219.465156, "delta": 93.77883}}
