{"target": 0.22188385656584833, "params": {"f0": 2.531697938096891, "f1": 1.237481008659607, "f10": 1.0286524662119678, "f11": 0.08454373412325955, "f12": 0.24322317425235873, "f13": 2.241645759299846, "f14": -1.2966352789132511, "f15": 1.254205139700053, "f16": -0.13785237195076494, "f17": 2.650733494102605, "f18": -2.200536743856232, "f19": 0.6374521847209089, "f2": -0.2194666730173922, "f20": 0.05874134616952631, "f21": -0.027874620090290847, "f22": -0.4387761556523433, "f23": -0.8339393188231092, "f24": 0.6525548112547477, "f25": 0.5833747408996306, "f26": -0.23374521217076438, "f27": -0.735928419719885, "f28": -0.6294779072021832, "f29": 2.3393530402697547, "f3": 1.6351315280570677, "f30": 0.28973013597312924, "f31": -2.1126117111025216, "f32": -0.4139833202767109, "f33": -1.082207506751545, "f34": 2.5875438905517347, "f35": -0.33643527649273075, "f36": 1.0495247681612145, "f37": 0.5364285682082848, "f38": -2.869053784912325, "f39": -0.9462967370586166, "f4": -2.347936341187916, "f40": -0.44526392909829005, "f41": -1.476698784999864, "f42": 0.20942415371493261, "f43": 2.3047899434920414, "f44": 2.105820935617097, "f45": 0.6946030374481391, "f46": -0.3339110125431084, "f47": 2.077373622420473, "f48": -1.9707589226335551, "f49": 1.0826354433450103, "f5": 1.090396428715498, "f50": 1.7264652552542765, "f51": 1.3366479047645417, "f52": -1.3283754598783215, "f53": -2.440215029353724, "f54": -0.4146694771640149, "f55": -0.7976135235934496, "f6": -0.8627873801028922, "f7": -2.8055634562511145, "f8": 1.0600077277671867, "f9": -1.6950635240759446}, "datetime": {"datetime": "2023-02-03 10:55:15", "elapsed": 0.0, "delta": 0.0}}
{"target": 0.30404994435505495, "params": {"f0": -1.9311817263351718, "f1": 2.660128676918041, "f10": 2.729039464535518, "f11": 1.1684600739581308, "f12": -2.1240335168834497, "f13": 1.7403548458796534, "f14": 0.21771529710177528, "f15": -1.205961586955326, "f16": 0.23736617972320317, "f17": 0.29300360792703994, "f18": 0.45499531261322534, "f19": 1.793311619211786, "f2": -1.2683308784159737, "f20": -1.9724725052478496, "f21": -0.7489175211007799, "f22": 2.6265924391153606, "f23": -1.706636978643314, "f24": -1.335982627552437, "f25": -1.0847474932764234, "f26": -2.9109570180019455, "f27": -0.4200529834395468, "f28": 2.90234744753955, "f29": -1.2234762357238982, "f3": 1.6862767230007334, "f30": 0.09848448438362123, "f31": 2.686616775387866, "f32": 0.4479135755784176, "f33": 2.0541798782620244, "f34": -1.4822050183906896, "f35": 2.2164387722109815, "f36": 0.4295546480364947, "f37": 1.1236219366910918, "f38": -2.872137799650279, "f39": -1.1399795299297255, "f4": -2.742146638366639, "f40": 2.7113322666710182, "f41": 2.639420579285791, "f42": 1.9194270311257586, "f43": 0.7268552053734361, "f44": -0.6559604482975079, "f45": -0.742262323592557, "f46": 1.423871127993995, "f47": -2.3181181373674127, "f48": -2.465661388512275, "f49": -2.1643142313243926, "f5": -0.6977295938409909, "f50": -2.1994526657413944, "f51": 2.9476701437813, "f52": 1.2469126406024609, "f53": 0.8743753286980791, "f54": -2.8441480619047397, "f55": -1.8555252414572871, "f6": 2.7438754670308727, "f7": -2.8060919790013426, "f8": -0.446714439969345, "f9": -1.2238189036693803}, "datetime": {"datetime": "2023-02-03 10:57:01", "elapsed": 106.550541, "delta": 106.550541}}
{"target": 0.08947386335825913, "params": {"f0": 2.1214489271250034, "f1": -1.0884058029716788, "f10": 0.18347660100036878, "f11": 2.254578760022049, "f12": -2.423016302401555, "f13": -2.0561579497327314, "f14": 1.765324166634905, "f15": -0.7823973087789318, "f16": -0.6299756446177291, "f17": 0.4990236170294282, "f18": -1.9558198654388375, "f19": 0.2171323063035282, "f2": 1.9721650467764107, "f20": -1.995609158887249, "f21": 0.051679175997565885, "f22": -0.9752910025031651, "f23": -1.4396822376663179, "f24": -0.6283274180080349, "f25": -2.176934996225657, "f26": -2.0784087805217766, "f27": 2.075686147565683, "f28": 2.985762793790677, "f29": -2.222774532334356, "f3": 0.22702174090487537, "f30": -1.4240831069801727, "f31": 2.8122168794759705, "f32": 1.7858123671027073, "f33": -2.271982914721616, "f34": 1.9924235817640952, "f35": 2.94531105857535, "f36": 1.5057624580756386, "f37": 2.7644343417233883, "f38": 0.23573333500682692, "f39": 0.5015765313867688, "f4": -2.0970979597536106, "f40": 1.8970303448887682, "f41": -0.19185521805146744, "f42": -1.1296209420064154, "f43": 0.8288972030162141, "f44": -1.6355430132524171, "f45": -0.948247492253167, "f46": 1.384511733034698, "f47": -2.149012667907841, "f48": 0.5955873314566285, "f49": -2.5044848139633666, "f5": 0.9129276004593865, "f50": 1.6082156211388359, "f51": 2.1104494598066594, "f52": -1.2350900375147464, "f53": 2.5099265650950615, "f54": -1.305050106708466, "f55": -2.209782040671983, "f6": 0.6905914684511028, "f7": -1.300606424805235, "f8": -1.4858039590988177, "f9": -1.074434381287558}, "datetime": {"datetime": "2023-02-03 10:57:25", "elapsed": 130.703014, "delta": 24.152473}}
{"target": 0.05481887331047889, "params": {"f0": 1.2770335210402344, "f1": 0.27330611802197335, "f10": 1.9463884949105195, "f11": -1.5964178423342248, "f12": -0.49208973837502024, "f13": 0.897587838913684, "f14": 2.256540814923334, "f15": 1.7392040924600631, "f16": -1.7787473944998053, "f17": -0.03916768273261706, "f18": 2.5882418223872374, "f19": 2.8161190144786006, "f2": -0.6906577498020621, "f20": -1.8372791936583226, "f21": -2.152342461335917, "f22": 2.0782084399336975, "f23": -1.315243861878529, "f24": -0.4391450905637151, "f25": -2.4702061280602114, "f26": 1.736863003721127, "f27": 0.8619839956735764, "f28": -1.6725679001204063, "f29": -1.6875593340218447, "f3": -1.02406339555306, "f30": 2.0000730658140706, "f31": 1.5662221192548387, "f32": 2.7088259416916003, "f33": -1.332429018693806, "f34": 1.0773934908350782, "f35": 0.48976794003460133, "f36": 0.12542620091145862, "f37": 1.8966275531500791, "f38": 1.1661556999734106, "f39": -2.5669590775974056, "f4": -1.1183340481351365, "f40": 0.43324849518674835, "f41": 1.842073520846002, "f42": -1.0215053897841169, "f43": 1.8752386077252785, "f44": 1.4296286298532022, "f45": -2.974361208933169, "f46": 0.5572454187078555, "f47": -0.19265795618900095, "f48": 1.577564910040858, "f49": 2.0019514058676897, "f5": 0.7194656873110543, "f50": -0.819257857996563, "f51": 2.954145880353088, "f52": 0.5683286024586622, "f53": 2.976874148938818, "f54": 1.1742545274076663, "f55": -1.9484054711044279, "f6": -0.45303466354427235, "f7": 1.6990218477187753, "f8": -0.08431362567922074, "f9": 0.28857794625106825}, "datetime": {"datetime": "2023-02-03 10:59:02", "elapsed": 227.647498, "delta": 96.944484}}
{"target": 0.14427551205238204, "params": {"f0": -1.2562988624053983, "f1": -1.2296571017939668, "f10": -0.3866715005715782, "f11": -1.528118145476351, "f12": -1.4755417802682413, "f13": -1.4641285202891803, "f14": -0.15872396320220616, "f15": -2.427866749879359, "f16": -0.39630485087685563, "f17": 2.513286612257632, "f18": -1.776580172397258, "f19": 1.7313933731191955, "f2": -2.7750578148933664, "f20": 0.3196824702783263, "f21": -1.2864389951315407, "f22": -0.3856149037738019, "f23": -0.30619782456802724, "f24": -1.6555848716315524, "f25": -1.7905027861000016, "f26": -2.603717736666168, "f27": 1.6334379044856129, "f28": 2.495109878594353, "f29": 1.8518725275106727, "f3": 2.071522189508131, "f30": -1.0439611640881354, "f31": 3.033318248325535, "f32": -0.12627061732835476, "f33": -1.590666224533367, "f34": 0.8619202184917198, "f35": 0.4357921140287322, "f36": 2.497942250951951, "f37": -0.6250109978165794, "f38": 0.2732962556838259, "f39": -0.2894421691619873, "f4": -0.19296085977185973, "f40": -1.1212117996877842, "f41": 1.1940704616053859, "f42": 2.5471498332768974, "f43": 2.7455608385987533, "f44": 0.20027193642862784, "f45": -0.4026974388990521, "f46": 0.1857481009137143, "f47": 0.009204373610361749, "f48": -2.1877910822068634, "f49": 0.32344224641340613, "f5": 0.7216629314502723, "f50": 1.7002233131053153, "f51": 1.9654546756594056, "f52": 1.3705562380316407, "f53": 1.5005899854306906, "f54": -1.4474383690630905, "f55": -2.6566774429392117, "f6": 1.9177799387536183, "f7": -2.729577863448216, "f8": -0.9907574921946372, "f9": -2.173848359061137}, "datetime": {"datetime": "2023-02-03 11:00:25", "elapsed": 310.301378, "delta": 82.65388}}
{"target": 0.2584725849138785, "params": {"f0": 0.40712601795096015, "f1": 0.9323007966449877, "f10": 0.9794324604708076, "f11": 0.13270854588421344, "f12": -2.6141954627371224, "f13": 1.7416781731945077, "f14": 1.8854593217704287, "f15": -0.7904811005174701, "f16": 0.5298873000425315, "f17": 0.5023190919637008, "f18": 1.957716388276781, "f19": 1.6979647445788761, "f2": -2.2775937297587157, "f20": 0.39431817082788445, "f21": 1.579533128507752, "f22": 2.6611497482199766, "f23": -1.0097720399747163, "f24": 0.7980060281127859, "f25": 1.5677692333044244, "f26": -0.49944884030382175, "f27": 1.390661344702544, "f28": 2.0866378125607574, "f29": -0.3146402189395423, "f3": -0.7600777016775093, "f30": -1.6080762936384576, "f31": -1.2369013946644292, "f32": 0.4806730123195877, "f33": -0.4776287273775628, "f34": 0.2023573469425628, "f35": -0.5212126078447354, "f36": -0.1029994730121333, "f37": 0.18103952485468322, "f38": -1.1226035692871517, "f39": -1.8859583816706074, "f4": -0.0702164820704052, "f40": 1.2219541804292657, "f41": -1.0329837610640578, "f42": 0.3461251159807588, "f43": 1.9188144834078404, "f44": -1.2862111059891754, "f45": 0.8966029190787603, "f46": -0.6532103674754377, "f47": -2.5046441393105567, "f48": -1.011139980702426, "f49": 1.7017433117080385, "f5": -0.2547367595130452, "f50": -1.7721963676960402, "f51": -1.2835506782411656, "f52": 1.9213677837731258, "f53": -0.0651810335534797, "f54": 0.03790973019488053, "f55": -2.855837230640814, "f6": -0.01912683541706084, "f7": -2.564843691107056, "f8": -0.9287924038280759, "f9": -1.7918531650613672}, "datetime": {"datetime": "2023-02-03 11:01:27", "elapsed": 371.937036, "delta": 61.635658}}
{"target": 0.33751859723331545, "params": {"f0": -0.4717724097305682, "f1": 1.9497619822238106, "f10": 0.44780678052541556, "f11": -0.16698398384701263, "f12": 0.18137887787644713, "f13": 1.245101716712066, "f14": 0.18959575730598943, "f15": -2.9765220656303155, "f16": 1.2216153034510886, "f17": -1.0665924217079188, "f18": 1.3074305235831627, "f19": -0.6716958903073587, "f2": -1.8336461099232637, "f20": -2.1350566470157117, "f21": -1.2921056584852428, "f22": 1.3074218112736566, "f23": 0.06782277672742731, "f24": -0.9345336782219253, "f25": -2.265345883736504, "f26": -1.1880469709200367, "f27": 0.4045192334781462, "f28": 2.2347794382816843, "f29": 0.26715389873411466, "f3": 0.42403879372851483, "f30": 1.5266472728839513, "f31": 2.8366999470069088, "f32": -0.8866131021137157, "f33": 0.057110163821079585, "f34": -1.109458569889166, "f35": 2.9838889156121224, "f36": -0.4607140219035524, "f37": 0.4289321404654707, "f38": -2.070161367425286, "f39": 0.3691094154004655, "f4": -2.8180626158385302, "f40": 2.4039212544926833, "f41": 2.9159452837312445, "f42": -0.703796075412733, "f43": 2.1144250116004173, "f44": 0.2518720264030141, "f45": -0.7128545756286417, "f46": 0.9930644090524237, "f47": -2.641018886760187, "f48": -0.6590988457483409, "f49": -1.8701678098964336, "f5": 0.561038366989592, "f50": -2.3931884093097233, "f51": -0.13097697669080288, "f52": 1.0314569368858912, "f53": -0.7452326228909247, "f54": -2.220296246662535, "f55": -0.9710296895524566, "f6": 2.80327751820007, "f7": -2.677454017852022, "f8": -1.473388858182473, "f9": -0.9903009390596025}, "datetime": {"datetime": "2023-02-03 11:04:38", "elapsed": 562.934822, "delta": 190.997786}}
{"target": 0.15837048825968442, "params": {"f0": -1.6078519456708262, "f1": 2.8303912461523852, "f10": 1.2632429406714825, "f11": -1.2723347103426326, "f12": -1.3107869693303575, "f13": 1.0850358211483193, "f14": 1.1041213657961186, "f15": -1.0243992396695445, "f16": 1.2420094934761579, "f17": 1.4995818124948146, "f18": -0.24361158754502132, "f19": 0.15568538757245554, "f2": -2.2831508965239986, "f20": -2.121464779306216, "f21": -1.010181210076154, "f22": -0.5827647269940965, "f23": 0.37837376449857696, "f24": -0.7324181600878852, "f25": -0.6976015430166931, "f26": -1.3578332350829732, "f27": 0.7034300555015081, "f28": 1.56023560813957, "f29": 1.5684124431649489, "f3": 0.6250187855609617, "f30": 0.9859669932782866, "f31": -0.2788012109749376, "f32": -2.236996831255974, "f33": 0.3537365835202573, "f34": -2.9521039216297726, "f35": 1.7255012349602887, "f36": -2.273267779084978, "f37": 1.799709800351847, "f38": -2.185537794746539, "f39": 0.270717348978212, "f4": -2.8569607930892422, "f40": 2.5905132129714934, "f41": 2.05387414600343, "f42": -1.2696399512817707, "f43": 1.439678522060175, "f44": 1.140756699763047, "f45": 1.285335661643574, "f46": 0.6347684844341257, "f47": -2.087735707652505, "f48": -1.2528160863070785, "f49": -1.996406348894677, "f5": 2.5581016117915594, "f50": -1.8239880699594304, "f51": -0.45212796708726266, "f52": -0.9445383188532177, "f53": 0.7591245764525034, "f54": -2.2568997816629652, "f55": -0.7692313529570325, "f6": 2.6485877826324815, "f7": -2.950825522683115, "f8": -2.4115899629622835, "f9": 1.0140679896523408}, "datetime": {"datetime": "2023-02-03 11:05:22", "elapsed": 606.825207, "delta": 43.890385}}
{"target": 0.28430928304570985, "params": {"f0": -1.0405573735430658, "f1": 2.3279501727452776, "f10": 1.4258835575208217, "f11": 0.6382633761420975, "f12": -0.643256477899669, "f13": 1.7323848206173789, "f14": 0.03849069535749532, "f15": -2.533113664239175, "f16": 0.8885579368755021, "f17": -0.9328774699456839, "f18": 1.3524850046411725, "f19": 0.3049288401749425, "f2": -1.6438709281856567, "f20": -2.0181869566205215, "f21": -0.9782297794198275, "f22": 2.4101616481510164, "f23": -0.7823700428372704, "f24": -1.0764502930713584, "f25": -1.7903523327399316, "f26": -1.932299704520793, "f27": -0.09667587997784129, "f28": 2.6922734431896447, "f29": -0.5857085911087735, "f3": 0.9306267267395993, "f30": 0.9592236883007024, "f31": 3.036699947006908, "f32": -0.16272453384382354, "f33": 1.0873817465177602, "f34": -1.1303963345119352, "f35": 2.778625022000225, "f36": 0.11049533131266231, "f37": 0.4402035515143906, "f38": -2.6047125707130476, "f39": -0.3636118257929562, "f4": -2.7835276840671686, "f40": 2.614659634514248, "f41": 2.916985416459333, "f42": 0.6146697355615972, "f43": 1.5909015467751857, "f44": -0.34180905692632846, "f45": -0.927835856888361, "f46": 1.1942058547887624, "f47": -2.699988186428743, "f48": -1.4878376700201255, "f49": -1.9357776879599704, "f5": -0.4156713219494481, "f50": -2.6446092638426903, "f51": 1.131885214836192, "f52": 1.5699793792850631, "f53": -0.4498545787516923, "f54": -2.526785214683419, "f55": -1.3970437165158585, "f6": 2.830598737593388, "f7": -2.826493834230342, "f8": -0.8440137589630565, "f9": -1.4540803830961886}, "datetime": {"datetime": "2023-02-03 11:06:29", "elapsed": 673.974581, "delta": 67.149374}}
{"target": 0.40820289438051227, "params": {"f0": 0.10142046391516911, "f1": 2.0008060319232843, "f10": -0.5142959222028693, "f11": 0.05497989961417969, "f12": 1.606369603027618, "f13": 1.79677731286393, "f14": -0.4788203922308171, "f15": -3.0265220656303153, "f16": 2.0152895549266767, "f17": -2.8990554296901996, "f18": 2.59183021151138, "f19": -2.0673636316887705, "f2": -2.223281487382457, "f20": -2.1538454469193917, "f21": -1.321766725261634, "f22": 2.167507836914329, "f23": 0.6045387465152935, "f24": -0.807499504334451, "f25": -2.9313839237665897, "f26": -0.7954021596375084, "f27": 0.24058335102446618, "f28": 2.696186291272399, "f29": 0.38949370181853527, "f3": 0.017687585333337932, "f30": 2.2624471715076755, "f31": 3.036699947006908, "f32": -1.21989838285904, "f33": -0.11643043367881313, "f34": -0.7371389575465671, "f35": 3.0338889156121223, "f36": -0.27985104279402584, "f37": -0.7005765663909335, "f38": -2.5225774973839648, "f39": 0.9660206026353974, "f4": -3.0180626158385295, "f40": 2.62976772263675, "f41": 3.015945283731244, "f42": -1.143073034180094, "f43": 2.8401856025434786, "f44": 0.015534648424358474, "f45": -1.1986566698883052, "f46": 0.9722092592138972, "f47": -3.0410188867601855, "f48": -0.284168914008054, "f49": -1.958405661604866, "f5": -0.1446552155027905, "f50": -3.043188409309721, "f51": -1.4984257207117446, "f52": 2.1567510351787944, "f53": -2.687879778439622, "f54": -2.3923903382532195, "f55": -0.6395475749397718, "f6": 3.0032775182000693, "f7": -3.027454017852021, "f8": -1.4156626200392344, "f9": -1.9650274443725302}, "datetime": {"datetime": "2023-02-03 11:08:20", "elapsed": 785.323727, "delta": 111.349146}}
{"target": 0.6199527660192037, "params": {"f0": 0.7332128593344995, "f1": 3.0008060319232808, "f10": -2.436692802500304, "f11": 1.8049798996141808, "f12": 3.006369603027615, "f13": 3.0467773128639264, "f14": -2.378820392230817, "f15": -3.0265220656303153, "f16": 3.015289554926673, "f17": -3.049055429690199, "f18": 3.0418302115113782, "f19": -3.017363631688767, "f2": -3.0232814873824543, "f20": -2.4511476082613997, "f21": -0.1461034195508454, "f22": 3.017507836914326, "f23": 2.399801720256875, "f24": 0.23924645574318523, "f25": -2.872677584665982, "f26": -0.44865003712419893, "f27": -1.5094166489755347, "f28": 3.046186291272398, "f29": 1.7108155463229542, "f3": -0.45341697499990585, "f30": 3.012447171507673, "f31": 3.036699947006908, "f32": -3.019898382859037, "f33": 1.6335695663211878, "f34": -1.4298737586841421, "f35": 3.0338889156121223, "f36": -0.8546511830524977, "f37": -2.8005765663909314, "f38": -3.022577497383963, "f39": 2.8848578408429812, "f4": -3.0180626158385295, "f40": 3.0297677226367488, "f41": 3.015945283731244, "f42": -1.5576251333907005, "f43": 3.040185602543478, "f44": -1.2223551699451187, "f45": -0.8151950062231658, "f46": 0.7087214380947552, "f47": -3.0410188867601855, "f48": -1.6274352195604895, "f49": -3.0084056616048622, "f5": -1.8946552155027916, "f50": -3.043188409309721, "f51": -3.0484257207117413, "f52": 3.0067510351787914, "f53": -3.0378797784396205, "f54": -3.042390338253217, "f55": 1.1845630489621954, "f6": 3.0032775182000693, "f7": -3.027454017852021, "f8": -0.7714575788451554, "f9": -3.0150274443725267}, "datetime": {"datetime": "2023-02-03 11:11:33", "elapsed": 978.607603, "delta": 193.283876}}
{"target": 0.23858599710533493, "params": {"f0": 2.783212859334498, "f1": 3.0008060319232808, "f10": -3.0366928025003017, "f11": 3.0049798996141774, "f12": 3.006369603027615, "f13": 3.0467773128639264, "f14": -3.0288203922308146, "f15": -3.0265220656303153, "f16": 3.015289554926673, "f17": -3.049055429690199, "f18": 3.0418302115113782, "f19": -3.017363631688767, "f2": -3.0232814873824543, "f20": 1.3488523917386006, "f21": 1.5538965804491554, "f22": 3.017507836914326, "f23": 3.049801720256873, "f24": 1.9892464557431864, "f25": 1.3273224153340166, "f26": 1.4013499628758017, "f27": -3.0094166489755314, "f28": 3.046186291272398, "f29": 3.010815546322951, "f3": -2.303416974999906, "f30": 3.012447171507673, "f31": 3.036699947006908, "f32": -3.019898382859037, "f33": 3.0335695663211846, "f34": -3.029873758684139, "f35": 3.0338889156121223, "f36": -3.004651183052495, "f37": -3.0005765663909307, "f38": -3.022577497383963, "f39": 3.0348578408429807, "f4": -3.018062615838529, "f40": 3.0297677226367488, "f41": 3.015945283731244, "f42": 1.342374866609301, "f43": 3.040185602543478, "f44": -3.022355169945116, "f45": -2.9651950062231633, "f46": -1.3412785619052456, "f47": -3.0410188867601855, "f48": -3.0274352195604863, "f49": -3.0084056616048622, "f5": -3.044655215502788, "f50": -3.043188409309721, "f51": -3.0484257207117413, "f52": 3.0067510351787914, "f53": -3.0378797784396205, "f54": -3.042390338253217, "f55": 3.0345630489621924, "f6": 3.0032775182000693, "f7": -3.027454017852021, "f8": 1.3285424211548453, "f9": -3.0150274443725267}, "datetime": {"datetime": "2023-02-03 11:13:02", "elapsed": 1067.440443, "delta": 88.83284}}
{"target": 0.45931067498256933, "params": {"f0": -0.9986187350205379, "f1": 3.0008060319232808, "f10": -3.0366928025003017, "f11": 2.736899667114373, "f12": 3.006369603027615, "f13": 3.0467773128639264, "f14": -3.0288203922308146, "f15": -3.0265220656303153, "f16": 3.015289554926673, "f17": -3.049055429690199, "f18": 3.0418302115113782, "f19": -3.017363631688767, "f2": -3.0232814873824543, "f20": -3.0011476082613977, "f21": -0.8649594187212859, "f22": 3.017507836914326, "f23": 3.049801720256873, "f24": -0.6142358798433792, "f25": -3.0226775846659817, "f26": -2.2469777588937476, "f27": -2.1205597784309598, "f28": 3.046186291272398, "f29": 1.8143634250382397, "f3": 1.1728272267356963, "f30": 3.012447171507673, "f31": 3.036699947006908, "f32": -3.019898382859037, "f33": 2.330999887688408, "f34": -0.3791471993106419, "f35": 3.0338889156121223, "f36": 1.0759299930782336, "f37": -3.0005765663909307, "f38": -3.022577497383963, "f39": 3.0348578408429807, "f4": -3.0180626158385295, "f40": 3.0297677226367488, "f41": 3.015945283731244, "f42": -3.007625133390697, "f43": 3.040185602543478, "f44": -0.6148237777553549, "f45": 1.284804993776835, "f46": 2.7087214380947535, "f47": -3.0410188867601855, "f48": -1.5105882002680515, "f49": -3.0084056616048622, "f5": -3.044655215502788, "f50": -3.043188409309721, "f51": -3.0484257207117413, "f52": 3.0067510351787914, "f53": -3.0378797784396205, "f54": -3.042390338253217, "f55": 1.4825047341360562, "f6": 3.0032775182000693, "f7": -3.027454017852021, "f8": -2.6380460122732674, "f9": -3.0150274443725267}, "datetime": {"datetime": "2023-02-03 11:14:35", "elapsed": 1160.293052, "delta": 92.852609}}
