{"target": 0.23359360817153574, "params": {"f0": -2.753003721336702, "f1": 1.9122821458269934, "f10": 0.034652582077957295, "f11": -2.7022142166031435, "f12": 0.6027447324360368, "f13": 0.24957396640076446, "f14": 0.03431451204002095, "f15": -1.3198801747631572, "f16": -0.12543197213008017, "f17": -0.7451101114357227, "f18": 0.04656048410156488, "f19": 0.7583779263323278, "f2": -0.19112062635249677, "f20": 0.031321139905165996, "f21": -1.458053669269113, "f22": -0.4430067171621027, "f23": -0.6437358189568148, "f24": -0.7423357258508085, "f25": -0.27784761672363645, "f26": -0.5943979077088137, "f27": 1.3894529505739872, "f28": -0.9133063298562276, "f29": 0.043165402484856896, "f3": -0.5738990682537178, "f30": -0.09823998948153312, "f31": -0.4145268767292268, "f32": -2.252059087707135, "f33": -0.21084138765280716, "f34": 1.0084037212995196, "f35": -2.013685803290381, "f36": 1.659152990927085, "f37": -1.5372722652616244, "f38": 0.34211854817790727, "f39": -0.2896802251374393, "f4": -0.969451654639877, "f40": 0.33450398740817794, "f41": -0.0025749932684387966, "f42": 1.4048223965631483, "f43": 0.3737933615871044, "f44": -0.7349819336979517, "f45": 0.8581269815087735, "f46": -0.7862895552346062, "f47": -0.6261792495220365, "f48": 0.7929033617566658, "f49": -0.31703224543657443, "f5": -0.13229224746978158, "f50": 1.01024208416659, "f51": 0.02928865607814829, "f52": 2.242967037454001, "f53": 1.820769393547127, "f54": -1.7226242376378087, "f55": 0.13601882792560238, "f6": 0.4664429155783554, "f7": -0.5316245472623535, "f8": 0.7859324806005246, "f9": 1.350748220755093}, "datetime": {"datetime": "2023-02-03 16:42:10", "elapsed": 7211.676874, "delta": 46.439963}}
{"target": 0.46375719298064594, "params": {"f0": -1.8795443990652525, "f1": 0.9709087009992108, "f10": -0.08271059803787428, "f11": -0.5331524659481413, "f12": 1.151518169709384, "f13": 0.22680040568476645, "f14": -0.05724260162239697, "f15": -1.3531376005018518, "f16": -0.13266984124845083, "f17": -0.7139427782042188, "f18": -0.0661880016832469, "f19": 0.8159790859173431, "f2": -0.3260579183616582, "f20": 0.28909481503783346, "f21": -1.6950672928648254, "f22": -0.18925218078322947, "f23": -0.9109161547670113, "f24": -0.9465710888699173, "f25": -0.863470917005785, "f26": -1.6135563778371147, "f27": 1.9610665930826492, "f28": -1.278923120438879, "f29": 0.001287385874449487, "f3": -0.674379454276626, "f30": -0.04221857623013636, "f31": -0.4276425589188938, "f32": -1.3983655412501195, "f33": -0.25759467263436675, "f34": 0.39416072440483507, "f35": -1.4255243593924327, "f36": 1.2545360331158286, "f37": -2.7092113128168065, "f38": -0.03809331970355194, "f39": -0.5565345123130072, "f4": -0.26051069188980813, "f40": 0.22474059860457857, "f41": 0.3443643746721381, "f42": 0.5648582993584916, "f43": -0.043096159641153486, "f44": -0.7958768343741394, "f45": 0.8561582920145083, "f46": -0.8775571047238333, "f47": -0.07182549949517358, "f48": 0.8869716450283132, "f49": -0.40130668600280206, "f5": -0.49687583981555217, "f50": 0.9872937400887645, "f51": -0.3587371294487485, "f52": 0.8378650023557882, "f53": 1.2164111566796556, "f54": -0.8252580171204853, "f55": 0.0022771998507988833, "f6": 0.684204193400707, "f7": -1.139513160572958, "f8": 0.4703996560239488, "f9": 2.5661498871838835}, "datetime": {"datetime": "2023-02-03 16:42:48", "elapsed": 7250.221218, "delta": 38.544344}}
{"target": 0.0028549997487284846, "params": {"f0": -2.0415172112092703, "f1": 0.6142841157917501, "f10": -0.02753097934762344, "f11": -0.911108136468644, "f12": 1.1141777164861115, "f13": -0.0758734454585348, "f14": -0.09133871605649749, "f15": -0.794319730684778, "f16": -0.8706853769506273, "f17": -0.5229424748022389, "f18": -0.5468636312639109, "f19": 0.6105123430712476, "f2": -0.333997096338643, "f20": -0.14984821329403447, "f21": -1.4250085678273967, "f22": -0.35174084704736314, "f23": -1.5943179271427497, "f24": -1.320294043390272, "f25": -0.7910808858708122, "f26": -0.424632215615933, "f27": 2.1519964077600617, "f28": -1.4214170421167216, "f29": 0.10253943930720738, "f3": -1.036530726292966, "f30": -0.6723890677200146, "f31": 0.17543082231823515, "f32": -1.7020815851708413, "f33": -0.16130976698890673, "f34": 0.9164095141354044, "f35": -2.2942322053223236, "f36": 0.5322013131145612, "f37": -2.931606530988723, "f38": 0.4787499885905001, "f39": -0.8841775750586245, "f4": -0.4700791182890778, "f40": 0.48976525485197975, "f41": 0.15125167010555507, "f42": 1.4503974823420385, "f43": -0.10067582041029374, "f44": -0.05425303399584003, "f45": 1.352087065652819, "f46": -0.5770602039934731, "f47": -0.32121220062977984, "f48": 0.8342580396038525, "f49": 0.3047712168182805, "f5": -0.3859948892450782, "f50": 1.249829746351587, "f51": 0.32738827700715406, "f52": 1.9101770440421926, "f53": 1.912471620843494, "f54": -1.5114985481110386, "f55": -0.30115837297426934, "f6": 0.5870307005299549, "f7": -1.2353596708915255, "f8": 0.49115306891857147, "f9": 2.79576346466183}, "datetime": {"datetime": "2023-02-03 16:45:22", "elapsed": 7404.34814, "delta": 154.126922}}
{"target": 0.29982836115500483, "params": {"f0": -2.537416802337672, "f1": 1.6511283656337088, "f10": 0.2591505483251541, "f11": -0.8151829094509075, "f12": 0.5566410849624777, "f13": -0.02225078261774438, "f14": -0.009934097044910606, "f15": -1.5375491509937016, "f16": -0.44585134975483987, "f17": -0.587217536528895, "f18": -0.029304959346567516, "f19": 0.6339364957839083, "f2": -0.25530129955322156, "f20": -0.17744131402517282, "f21": -1.0366687433231503, "f22": -0.6595829142430942, "f23": -0.6047237298483488, "f24": -0.9175787105153901, "f25": -0.26902075650534507, "f26": -0.7762990003338799, "f27": 1.4327960717963655, "f28": -0.33064298672177306, "f29": 0.2222059599317509, "f3": -0.734322739293692, "f30": -0.02664633527834892, "f31": 0.036822319954824545, "f32": -2.339973976026673, "f33": -0.06396358306713751, "f34": 1.2867869001747883, "f35": -1.3424357875010589, "f36": 0.8102422211568912, "f37": -1.7340130781785201, "f38": 0.43438978089384994, "f39": -0.5389489265466498, "f4": -0.8611550767369343, "f40": 0.10648364527069687, "f41": -0.093442424456472, "f42": 0.8468874257900986, "f43": 0.05164577097009976, "f44": -0.32744558266582136, "f45": 1.2415590566861001, "f46": -0.39445616854060195, "f47": -0.4766698199426663, "f48": 1.597032103980051, "f49": -0.33607385766633846, "f5": -0.38262278652092063, "f50": 0.3210830826918699, "f51": 0.3032811292397997, "f52": 2.2418037846856858, "f53": 2.8108112805579863, "f54": -2.027184151229969, "f55": 0.10952525155826076, "f6": 0.48832509332599194, "f7": -1.0529332481028835, "f8": 1.5105256436381351, "f9": 1.8357776727823099}, "datetime": {"datetime": "2023-02-03 16:45:52", "elapsed": 7433.493892, "delta": 29.145752}}
{"target": 0.12478854806091282, "params": {"f0": -2.7172745810124237, "f1": 2.1400191316138395, "f10": -0.20766505572042973, "f11": -1.2998128918393588, "f12": 1.51208425510506, "f13": -0.43795670658575186, "f14": -0.08682185914354887, "f15": -0.9626084440458704, "f16": -0.5112548771351771, "f17": -0.7216943271924741, "f18": -0.2832742927184655, "f19": 0.22327598846654576, "f2": 0.08069504251238108, "f20": -0.42678054372169283, "f21": -0.7916294205786256, "f22": -0.29194920716885914, "f23": -1.3970975605949378, "f24": -1.518760666381146, "f25": -0.388194928162659, "f26": -0.5353806700577619, "f27": 2.8875594303464562, "f28": -1.3376153069238594, "f29": -0.1515074663652194, "f3": -0.4280806558673238, "f30": 0.014223949562457427, "f31": -0.26098791443808433, "f32": -0.870076827343431, "f33": 0.310527059518471, "f34": 0.8931230580510047, "f35": -0.5396496121874224, "f36": 1.463766442821611, "f37": -2.55626425404534, "f38": 0.384097734431754, "f39": -1.0596715864702917, "f4": -1.073361625832962, "f40": 0.5534815455484146, "f41": 0.546210742705129, "f42": 0.6505854029007292, "f43": 0.24791672076912608, "f44": -0.5437764289265101, "f45": 0.42521806651277116, "f46": -0.8991216346181095, "f47": -0.38499044468685223, "f48": 1.1459748261108773, "f49": 0.18810715770849246, "f5": 0.08753476666382642, "f50": 0.5748532134694505, "f51": -0.07497825113256085, "f52": 1.447285079375789, "f53": 1.3128447141275903, "f54": -2.805620164854114, "f55": -0.019013704691798194, "f6": 0.07266428377924565, "f7": -0.3231443032589445, "f8": 1.9115356523087021, "f9": 2.481360475850722}, "datetime": {"datetime": "2023-02-03 16:46:34", "elapsed": 7475.596987, "delta": 42.103095}}
{"target": 0.12346208577715985, "params": {"f0": -1.5665525637272002, "f1": 2.6426346394691747, "f10": -0.22614138281363894, "f11": -0.8047879297078602, "f12": 0.7927128457297044, "f13": -0.3135194242365031, "f14": 0.21603553086462784, "f15": -1.4858642494847198, "f16": -0.7996944929115062, "f17": -0.9360798726633582, "f18": -0.36304094018970134, "f19": 1.0414320160414898, "f2": -0.2666067070926041, "f20": -0.21769230266966522, "f21": -1.5542258425190882, "f22": -0.24425770347453923, "f23": -1.5832698157630298, "f24": -1.0302206740156281, "f25": -0.42511089485902465, "f26": -0.7565996111657463, "f27": 2.3023632065953508, "f28": -1.014117057921593, "f29": 0.21066171365381753, "f3": -0.8688124268532489, "f30": -0.309585592943444, "f31": -0.013893637750966747, "f32": -0.8594215862057863, "f33": -0.255910609017617, "f34": 0.6066455260389836, "f35": -1.4594217626252193, "f36": 1.3939866279472144, "f37": -2.8701802832702317, "f38": 0.5839098889241363, "f39": -0.7202058980633158, "f4": -0.6550064107482207, "f40": 0.20447919219260707, "f41": 0.37699890565379623, "f42": 1.0978321301514051, "f43": 0.5127743364108929, "f44": -0.4397184844157327, "f45": 1.3062795126759859, "f46": -1.018320680706109, "f47": -0.08540178246907071, "f48": 1.3898151769443918, "f49": 0.03406398919247483, "f5": -0.5266113437498112, "f50": 0.34994449420816437, "f51": -0.42414408143862076, "f52": 2.9765546410843173, "f53": 2.411781460487973, "f54": -2.4051483359980064, "f55": -0.3129759185445734, "f6": 0.05135197364525419, "f7": -0.6300257536820097, "f8": 1.7667678881795, "f9": 1.505121790698314}, "datetime": {"datetime": "2023-02-03 16:47:10", "elapsed": 7512.23541, "delta": 36.638423}}
{"target": 0.32655634771972814, "params": {"f0": -0.6927808034592164, "f1": 2.4173361080931426, "f10": -0.26760606075351645, "f11": -2.42065217600182, "f12": 2.102849295706077, "f13": -0.38881762587262075, "f14": 0.18880014502212633, "f15": -1.0796264538550955, "f16": -0.9944983736097174, "f17": -0.6413869688599769, "f18": -0.31793537432248925, "f19": 0.6402666099654585, "f2": -0.026875819930091083, "f20": 0.01808400611375005, "f21": -1.6232569386891664, "f22": -0.4253849015945984, "f23": -1.5483279168051656, "f24": -1.3218714475753197, "f25": -0.6642558056598201, "f26": -0.5715390757638816, "f27": 1.0142640519096198, "f28": -0.7041316210164202, "f29": -0.32793705541900325, "f3": -1.2389362029445772, "f30": -0.32592432125425796, "f31": -0.18578567394232814, "f32": -2.1487222716418812, "f33": -0.135654233264701, "f34": 0.9376227080593509, "f35": -1.5553172811008795, "f36": 1.6541385301123497, "f37": -1.898679189916668, "f38": -0.053614136206001306, "f39": -1.0589766041343183, "f4": -0.31465020671400956, "f40": 0.6033983019269769, "f41": -0.20903258265591398, "f42": 0.6603891176731937, "f43": 0.35513086781551306, "f44": -0.8841280281613713, "f45": 0.4607270314836305, "f46": -0.4554817024008394, "f47": -0.2268469452815416, "f48": 1.7775336178002743, "f49": -0.11917513910372174, "f5": -0.47058379591257365, "f50": 1.1894751359385636, "f51": 0.13191210150883986, "f52": 2.8915591044970212, "f53": 1.8396973830058996, "f54": -1.4717339588174192, "f55": -0.044562258744496486, "f6": 0.33000839809951754, "f7": -1.1959665891053928, "f8": 1.14486735777771, "f9": 1.0887700837369152}, "datetime": {"datetime": "2023-02-03 16:47:57", "elapsed": 7558.579221, "delta": 46.343811}}
{"target": 0.2264857099386537, "params": {"f0": -1.8825337508862048, "f1": 2.327967657237144, "f10": 0.10561579386771341, "f11": -0.702666466540737, "f12": 1.3096565297858755, "f13": 0.1972824728168836, "f14": 0.05295900036080459, "f15": -1.3774180949188026, "f16": -0.9839604417969039, "f17": -0.4567390304101322, "f18": 0.06946152693491658, "f19": 0.49490666721140797, "f2": -0.14680311778482336, "f20": -0.0036944725798605527, "f21": -0.5255856178128768, "f22": -0.21041020878252703, "f23": -1.0307765324997495, "f24": -0.8675152793100855, "f25": -0.9572904550090764, "f26": -0.5186431921573178, "f27": 0.7566059069286402, "f28": -1.415409157056473, "f29": -0.09818694826555568, "f3": -1.2733805925794088, "f30": -0.6037614659029742, "f31": 0.04324079006160397, "f32": -0.720693936123229, "f33": -0.21957584691697316, "f34": 1.3670982831812537, "f35": -1.6624944260331576, "f36": 1.5015156093065207, "f37": -2.7584567893898018, "f38": 0.5709198144693967, "f39": -0.558967459539624, "f4": -1.089902047392251, "f40": 0.09703570340253716, "f41": 0.1522229538082448, "f42": 1.3330717069642206, "f43": 0.29177042574327294, "f44": -0.36254689061304834, "f45": 0.9853950293539524, "f46": -0.8774665965970767, "f47": -0.7272930568981113, "f48": 1.2166808405147957, "f49": -0.3449196597192148, "f5": 0.18106047042394047, "f50": 1.1933991491804148, "f51": -0.1134529883336946, "f52": 2.0537491000310903, "f53": 2.562074822462278, "f54": -1.2948299177881981, "f55": -0.23664084214283465, "f6": 0.14756667079956473, "f7": -1.3353276745944178, "f8": 1.6740296330534077, "f9": 2.4612449213626784}, "datetime": {"datetime": "2023-02-03 16:48:25", "elapsed": 7587.001407, "delta": 28.422186}}
{"target": 0.46925337597423317, "params": {"f0": -1.447798352291286, "f1": 1.5705234247404045, "f10": 0.2679500227891208, "f11": -1.9409576860804225, "f12": 1.6422075805028877, "f13": 0.10880412467686307, "f14": 0.46548132140353365, "f15": -1.5202968559132766, "f16": -0.30424388982140405, "f17": -0.19993852085600805, "f18": -0.12783269694613192, "f19": 0.8794248682534558, "f2": 0.239262642446951, "f20": 0.018098412463472158, "f21": -1.317300853687464, "f22": -0.540136413542102, "f23": -0.47573454584146746, "f24": -1.022322129167915, "f25": -0.5179392468980629, "f26": -1.134660848441634, "f27": 3.0013199108017306, "f28": -1.3486720052022285, "f29": -0.07995770123037238, "f3": -0.7662381879348773, "f30": -0.16596420119459332, "f31": 0.2177411182441812, "f32": -2.3133701295024234, "f33": -0.01342682626661984, "f34": 0.9926896442861173, "f35": -2.3954297129996722, "f36": 0.49862632337661794, "f37": -2.5145143360938795, "f38": 0.24185328819297527, "f39": -0.6433710904844292, "f4": -0.908140451614682, "f40": 0.1550513941521734, "f41": 0.44447838271931495, "f42": 0.9803333698593777, "f43": 0.4073226387278658, "f44": -0.32943067615940214, "f45": 0.7989644589888809, "f46": -0.7473843753806454, "f47": -0.5109376734159585, "f48": 1.1012900444173306, "f49": 0.03524144155616976, "f5": 0.14298436858515462, "f50": 0.5775005663594175, "f51": 0.30457322566832307, "f52": 2.1924834594624545, "f53": 2.1996370845706377, "f54": -0.6969635178221041, "f55": -0.1565399171269728, "f6": 0.6362204512444856, "f7": -0.4182565426627911, "f8": 0.5657419885723912, "f9": 1.459171402398749}, "datetime": {"datetime": "2023-02-03 16:49:33", "elapsed": 7655.399882, "delta": 68.398475}}
{"target": 0.5391414319280492, "params": {"f0": -2.3782243911035144, "f1": 2.218074469918215, "f10": -0.027759631943391816, "f11": -0.7570143097299544, "f12": 0.6962663832161711, "f13": -0.42108470346733395, "f14": -0.029534910891470145, "f15": -1.3732213385331395, "f16": -0.19559501601886364, "f17": -0.7793394430528896, "f18": -0.5835119208078762, "f19": 0.18334820485248526, "f2": -0.23302872734382418, "f20": 0.15642822005990092, "f21": -0.6288204199034575, "f22": -0.09340914446794846, "f23": -0.9965538042259334, "f24": -1.2780700679295622, "f25": -0.16419475553289586, "f26": -0.5599189756971692, "f27": 0.5776087509666021, "f28": -1.1968664343757087, "f29": -0.011720627404233963, "f3": -0.4241348886967027, "f30": -0.3226145332733257, "f31": -0.5111409156514733, "f32": -0.552606413918791, "f33": 0.4077193795946286, "f34": 0.4172671128316942, "f35": -1.6807418232199813, "f36": 1.4156040109236305, "f37": -2.6808681956928635, "f38": 0.3250357246472738, "f39": -0.5955748234401457, "f4": -0.905738153191757, "f40": 0.1648809247361252, "f41": -0.14113641966556173, "f42": 0.9235795289058548, "f43": 0.01935249093577629, "f44": -0.3156070159373022, "f45": 1.0981494751937415, "f46": -0.598690267787522, "f47": -0.7216523305900829, "f48": 1.295214349991487, "f49": -0.04535816902472084, "f5": 0.1383560613219157, "f50": 1.1506933291970083, "f51": 0.28134200300573103, "f52": 2.6719780244290035, "f53": 1.4947057506756893, "f54": -2.895168188947545, "f55": -0.32862615210732393, "f6": 0.21292570905259522, "f7": -0.666008788742474, "f8": 1.127627129857983, "f9": 2.8289152575827234}, "datetime": {"datetime": "2023-02-03 16:50:13", "elapsed": 7694.479191, "delta": 39.079309}}
{"target": 0.3952489049024337, "params": {"f0": -2.259252045508044, "f1": 0.6882134534505977, "f10": 0.14473232551463305, "f11": -0.9285905871933702, "f12": 2.3040098901856445, "f13": -0.28556498408764824, "f14": -0.12009591364737274, "f15": -0.6736264026685428, "f16": -0.25362944891820705, "f17": -0.4177841658398058, "f18": -0.3901210464708612, "f19": 0.18494108548030505, "f2": -0.027718710583620687, "f20": -0.0682922032771005, "f21": -1.2155604828496098, "f22": -0.6575338657309912, "f23": -0.9551975467141538, "f24": -1.0644967296585344, "f25": -0.517281936685863, "f26": -1.044006799292423, "f27": 0.9289669019592293, "f28": -0.7755469993621932, "f29": 0.27340805540744956, "f3": -1.0504049633938415, "f30": -0.3101966813725687, "f31": 0.035345209370742814, "f32": -1.6830417265530924, "f33": 0.3605051109885736, "f34": 0.8496378797548396, "f35": -0.8896979255481712, "f36": 0.7545916324351534, "f37": -2.62613075167445, "f38": 0.16651772703639836, "f39": -0.708489813242735, "f4": -0.5961009290151925, "f40": 0.43840891383681774, "f41": 0.41330601481476725, "f42": 0.5434653666415165, "f43": 0.4425601960106592, "f44": -0.6436749003361351, "f45": 1.2980996967932337, "f46": -0.6171420155623045, "f47": -0.6265956299819495, "f48": 0.9939652577032319, "f49": 0.11722104349852652, "f5": -0.3765581378505034, "f50": 1.1633692528721586, "f51": 0.15103454177345327, "f52": 2.278417732012446, "f53": 2.4130702765916965, "f54": -2.9061668977603765, "f55": -0.14209009490482677, "f6": 0.16376354578832633, "f7": -0.5618301309560946, "f8": 1.4321087652379703, "f9": 1.4405682473707757}, "datetime": {"datetime": "2023-02-03 16:50:57", "elapsed": 7739.148651, "delta": 44.66946}}
{"target": 0.17205594765387133, "params": {"f0": -2.1263339989037067, "f1": 1.22277585698503, "f10": 0.026773542834820918, "f11": -0.6879812709791233, "f12": 2.1500872131646496, "f13": -0.4349928591879545, "f14": 0.061961865502755176, "f15": -1.4623611821242437, "f16": -0.3607676078362301, "f17": -0.32468169843003303, "f18": -0.4007685047014268, "f19": 0.40146561823346305, "f2": -0.2860607684917854, "f20": -0.2193524402094258, "f21": -0.7581534870594213, "f22": -0.09727535361011685, "f23": -1.2856858999754486, "f24": -1.0607672916749626, "f25": -0.803896662179661, "f26": -1.3086923262826313, "f27": 1.960101968070135, "f28": -1.2971036174086923, "f29": 0.31878779640435095, "f3": -0.7029261692723751, "f30": -0.4175099006642863, "f31": 0.1448766093253696, "f32": -1.5991857929755562, "f33": 0.14262513699957524, "f34": 0.9554938217209268, "f35": -1.972999372888965, "f36": 0.848966771914867, "f37": -1.7068006031849787, "f38": 0.3367528788402705, "f39": -1.0651948377342708, "f4": -1.0631268368139049, "f40": 0.45420606851567286, "f41": -0.023038203596510376, "f42": 0.7923985968260305, "f43": 0.23395068248237655, "f44": -0.6870607165052475, "f45": 0.5620625736282565, "f46": -1.2597663635955478, "f47": -0.6308962953335672, "f48": 1.794113154792209, "f49": -0.0734946497296009, "f5": -0.5391643419802227, "f50": 0.8874035584007024, "f51": 0.05872799207092588, "f52": 2.3088072883015514, "f53": 1.6247263274618502, "f54": -1.2909640269005904, "f55": 0.06487160199079278, "f6": 0.4483273622732445, "f7": -0.8346073727502145, "f8": 0.8150360429556953, "f9": 3.0226823877241804}, "datetime": {"datetime": "2023-02-03 16:51:36", "elapsed": 7777.619462, "delta": 38.470811}}
{"target": 0.17723684345844146, "params": {"f0": -1.5502463471622399, "f1": 2.192383410889877, "f10": 0.23789545493287023, "f11": -2.924458097406236, "f12": 1.7643480372795786, "f13": 0.1218371268631453, "f14": 0.21585852643082298, "f15": -0.8969559755585657, "f16": -0.2077328497766463, "f17": -0.5525999807694248, "f18": 0.12281973426668902, "f19": 0.7880738679072472, "f2": 0.03578704879438854, "f20": -0.1696012134339277, "f21": -1.0114898956480711, "f22": -0.35816126566150824, "f23": -1.7031658663547944, "f24": -1.3588407129967734, "f25": -0.897959942306193, "f26": -0.5372950308742392, "f27": 1.9193875161123433, "f28": -0.6135463863605425, "f29": -0.16069130920276897, "f3": -0.8576699222419165, "f30": -0.011227956583081289, "f31": -0.44750597669044356, "f32": -2.009128938764411, "f33": -0.15807401761952455, "f34": 1.0717958535572316, "f35": -2.387126650153086, "f36": 1.5166237021645363, "f37": -2.096141361536615, "f38": 0.5176220905466455, "f39": -0.8016467567636283, "f4": -0.8523537044724181, "f40": 0.164666290314971, "f41": 0.06356189874093982, "f42": 0.5484266077654073, "f43": -0.14790231626019879, "f44": -0.6857735437270309, "f45": 1.1006750766811777, "f46": -0.4158981964175591, "f47": -0.6009655465528849, "f48": 1.6075406136416939, "f49": -0.1283602003941996, "f5": -0.14995337210091364, "f50": 0.7743969132308437, "f51": 0.038120798970012804, "f52": 1.8692986402993945, "f53": 3.0121687757828486, "f54": -1.87297323417166, "f55": 0.01953754100724947, "f6": 0.5054232064314992, "f7": -1.0508994298408312, "f8": 0.5574951891098239, "f9": 2.265902616928213}, "datetime": {"datetime": "2023-02-03 16:52:31", "elapsed": 7832.521288, "delta": 54.901826}}
