{"target": 0.1601953171651768, "params": {"f0": 2.356538476290416, "f1": 1.5674579154795725, "f10": -0.47207225997416746, "f11": 0.5219139651298901, "f12": -0.6190729838428384, "f13": -1.3728643961827733, "f14": -0.7849653602223072, "f15": 0.8648595967201981, "f16": 1.3313781180849733, "f17": -0.1524363127858609, "f18": 0.9544873413811885, "f19": -1.1738184392726971, "f2": -0.1226594955610617, "f20": 2.3155058025797217, "f21": 0.13766885962480768, "f22": -1.1223790512058727, "f23": -0.5306603053091226, "f24": -1.605544458160548, "f25": -1.558996345322604, "f26": -1.255425656098087, "f27": 0.48420453637595995, "f28": 0.6251711455604677, "f29": 0.8191674305626725, "f3": -0.23135771428699858, "f30": -1.1536047849954798, "f31": 0.5861660256161672, "f32": 0.23807964771070883, "f33": -1.797597665113651, "f34": 1.2280250200947798, "f35": 2.5792192551662008, "f36": -0.46406894120660325, "f37": -0.6475071691196905, "f38": 0.26694224987868237, "f39": 0.5612345455616249, "f4": 0.0027895881577517656, "f40": -0.9844824597542972, "f41": 1.2246390395214983, "f42": 1.3589877116267939, "f43": -0.36682569464913184, "f44": 1.6338824733615722, "f45": -0.38973392563278453, "f46": -0.32387065076489635, "f47": 0.21974275453332975, "f48": -2.782383297315938, "f49": -1.1372215514806003, "f5": -0.7102111518259229, "f50": -1.1864218330841418, "f51": 1.010112117728692, "f52": -0.4180604876026607, "f53": 0.5373279363503485, "f54": 0.9584306667109772, "f55": 0.5984355093619442, "f6": -0.819757188686788, "f7": -0.3540631721266712, "f8": 2.1097516629761843, "f9": 1.978596642763646}, "datetime": {"datetime": "2023-01-30 14:24:24", "elapsed": 9540.355255, "delta": 78.351389}}
{"target": 0.4222510685547738, "params": {"f0": 0.5307788549695415, "f1": 0.5028604204016046, "f10": -0.6759375138134369, "f11": -0.03783228430167457, "f12": -2.9331363965161947, "f13": -0.6602818844129258, "f14": -2.304527476025311, "f15": 0.9568228821784315, "f16": 0.3524731898394119, "f17": 0.28409629303017936, "f18": 1.9951468695203214, "f19": -1.2355119962508074, "f2": -0.34267819302411173, "f20": 0.9012456297860754, "f21": 0.39471663181358296, "f22": -1.402775724182794, "f23": 0.022037870756258293, "f24": -1.8340305165644495, "f25": -2.1963875838121463, "f26": -2.0231092083108804, "f27": 0.49609198599539217, "f28": 0.5672865358244825, "f29": 0.6085411222018539, "f3": 0.24325764349320794, "f30": -1.054860160367473, "f31": 0.4964480616456486, "f32": 0.10627052226302941, "f33": -1.7301483364573267, "f34": 0.8102308451524778, "f35": 2.6254400498312855, "f36": -0.6877946288490393, "f37": -0.4673235044967071, "f38": -0.14370136671490225, "f39": 0.6058351664738155, "f4": 0.020373902347979866, "f40": -0.8196637954983318, "f41": 1.4734168983452545, "f42": 1.2093524631864916, "f43": 0.12546658880406458, "f44": 2.2789026380734225, "f45": -0.9572288322155489, "f46": 0.11102684285483777, "f47": 0.529455661851365, "f48": -1.715585929571154, "f49": -0.34722757314619224, "f5": -0.4978681752455215, "f50": -0.989070822566134, "f51": 0.9078956383370562, "f52": -0.38197041565561574, "f53": -0.17359229557434633, "f54": 1.270429817000248, "f55": 1.2814394962442308, "f6": -1.3692860371037248, "f7": -0.015457670974293736, "f8": 0.66008770725194, "f9": 2.415229830413833}, "datetime": {"datetime": "2023-01-30 14:25:38", "elapsed": 9615.044554, "delta": 74.689299}}
{"target": 0.12087657370430967, "params": {"f0": 2.519211766396501, "f1": 1.340003345657872, "f10": -0.10381287640484793, "f11": 0.6870716572155945, "f12": -0.511356779380296, "f13": -0.8396966413416883, "f14": -2.187762103903361, "f15": 1.568587297435603, "f16": 1.331682367816011, "f17": -0.0466735687334312, "f18": 1.2066894467624656, "f19": -0.7666568001270021, "f2": -0.16266129487335224, "f20": 1.7502092447303153, "f21": 0.8687181779009564, "f22": -1.2833687925828616, "f23": 0.16222065342213177, "f24": -0.5744607421400834, "f25": -1.7835856899417242, "f26": -0.88513166451536, "f27": 0.49437608376046227, "f28": 0.0950310045949127, "f29": 1.5972901603572198, "f3": 0.2737443436815719, "f30": -1.33446641498116, "f31": 0.0973150001065913, "f32": 0.38690466559030784, "f33": -2.939265389848892, "f34": 2.318690066365852, "f35": 1.5415487346899088, "f36": -1.347836821542573, "f37": -0.8227771360051103, "f38": -0.14845536120491365, "f39": 1.7487112158411058, "f4": -0.01393648639068712, "f40": -1.45239093058022, "f41": 0.49153771409365526, "f42": 0.9964051676819432, "f43": -0.5038207898427898, "f44": 1.1149108006256874, "f45": -0.7530209239033498, "f46": -0.22491519224177622, "f47": 0.670472238356238, "f48": -1.845419283952337, "f49": -0.48426314292912365, "f5": -0.3976688423526371, "f50": -1.8805283433163356, "f51": 1.3339968664171504, "f52": -0.8277208490922522, "f53": 0.20197954858443334, "f54": 1.520232108751686, "f55": 0.6283387722210437, "f6": -0.9410817748959284, "f7": -0.22246234900641648, "f8": 1.1249184279156463, "f9": 2.141296405385205}, "datetime": {"datetime": "2023-01-30 14:26:27", "elapsed": 9663.706108, "delta": 48.661554}}
{"target": 0.30541110507554525, "params": {"f0": 2.2436147833750875, "f1": 1.6733334996123264, "f10": 0.03609412325308914, "f11": 0.7780049194070023, "f12": -1.8607129927234047, "f13": -0.7322966508668576, "f14": -1.798715701061103, "f15": 1.2671583689498578, "f16": 1.0971803240043057, "f17": 0.16556168490124146, "f18": 2.4429486605046753, "f19": -1.444941060483157, "f2": 0.09553093568642967, "f20": 2.0181391666975013, "f21": 0.47990959457347376, "f22": -1.4505654406769672, "f23": -0.24136483049324997, "f24": -2.6951189632682553, "f25": -1.40460809113253, "f26": -0.7286918179917925, "f27": 0.10361189798893539, "f28": 0.3408319333064631, "f29": 1.4000901318502568, "f3": -0.2398807381190153, "f30": -0.6514544337325806, "f31": 0.1139314829681212, "f32": 0.18668473112828315, "f33": -2.5307624336405414, "f34": 2.0601059442670153, "f35": 0.7711449505962427, "f36": -1.8327587650694102, "f37": -0.78988927429064, "f38": -0.1729522975389229, "f39": 2.89308446312376, "f4": -0.2603746225749817, "f40": -1.2484206300636467, "f41": 1.6145161051656967, "f42": 1.207965297796326, "f43": -0.17539142694817667, "f44": 0.8990232293830536, "f45": -0.7378781148124998, "f46": -0.00961821513296951, "f47": 0.20343858090625122, "f48": -2.5894811208524025, "f49": -0.8014921954951734, "f5": -1.4257576926352584, "f50": -1.2361654337597547, "f51": 0.46347477237511514, "f52": -0.32720115742524203, "f53": 0.21925252749201313, "f54": 1.1824784823001395, "f55": 0.5246238630946385, "f6": -2.019006509926987, "f7": -0.22966467010984692, "f8": 1.0349375540708494, "f9": 2.0859702277095247}, "datetime": {"datetime": "2023-01-30 14:27:41", "elapsed": 9737.937962, "delta": 74.231854}}
{"target": 0.2661646494346975, "params": {"f0": 0.8704568783230151, "f1": 0.9168162757517848, "f10": -0.4699716818616923, "f11": -0.06631558725869449, "f12": -1.6383117136603158, "f13": -0.5020602160388271, "f14": -2.6291738131859463, "f15": 0.7488372918247911, "f16": 0.3482935448931386, "f17": -0.06682934644262839, "f18": 1.7241845276987364, "f19": -1.0148594607830577, "f2": -0.4874777435612829, "f20": 1.181775846706114, "f21": 0.5907068189955745, "f22": -1.507768758018921, "f23": -0.43474677167175374, "f24": -1.1844481289988553, "f25": -1.535505761774251, "f26": -1.5448944200065073, "f27": 0.3490228902713575, "f28": 0.36365468359910913, "f29": 1.8396400784252969, "f3": 0.1683428258671663, "f30": -1.3551187362383317, "f31": 0.31086794283737296, "f32": 0.20636672089061503, "f33": -2.1772991298435165, "f34": 0.7577814552268463, "f35": 2.0608456729917197, "f36": -1.3235090127989575, "f37": -0.7280392490984777, "f38": -0.11941840934246323, "f39": 2.191465153348517, "f4": -0.40684280914549925, "f40": -1.088001888583848, "f41": 1.4031230464895175, "f42": 1.6343724454337827, "f43": 0.07499268555360206, "f44": 1.502231818071641, "f45": -0.6772526553073988, "f46": -0.162361533325592, "f47": 0.16441827262228276, "f48": -2.7888908637006318, "f49": -0.6433636719028571, "f5": -0.7071900813796032, "f50": -0.9041600424653689, "f51": 0.8248507271249814, "f52": -0.9192793613603246, "f53": 0.15281786420864596, "f54": 1.9138843853280263, "f55": 0.33074731548122677, "f6": -1.7816181088358367, "f7": -0.4777961725959577, "f8": 1.4255823197578388, "f9": 2.205576169601974}, "datetime": {"datetime": "2023-01-30 14:29:03", "elapsed": 9819.800668, "delta": 81.862706}}
{"target": 0.10222521910732754, "params": {"f0": 0.6341447208102817, "f1": 0.8838047611414398, "f10": -0.4506196253461717, "f11": 0.09270244910075139, "f12": -2.773909872064031, "f13": -1.190078243949396, "f14": -1.652444842961565, "f15": 1.3747676063640912, "f16": 1.2940364304229088, "f17": 0.02784353557816488, "f18": 2.026781806684002, "f19": -1.1034091311337413, "f2": 0.06304566875360051, "f20": 0.6249989154802681, "f21": 0.7627613108574279, "f22": -1.4249197387423087, "f23": 0.14882224216922246, "f24": -2.7327630106764764, "f25": -1.9468668528863415, "f26": -1.0888762051787566, "f27": 0.4525023704260034, "f28": 0.6129270566510224, "f29": 1.2381859856622357, "f3": 0.16971104537754717, "f30": -0.330697846620277, "f31": 0.644213959176592, "f32": 0.1913793751712656, "f33": -2.9191738228259667, "f34": 2.67405046395415, "f35": 1.277440930122952, "f36": -1.070408255535593, "f37": -0.6030129500460828, "f38": 0.2763609697446618, "f39": 1.0455919437312207, "f4": -0.7403570550600567, "f40": -0.5124626113918223, "f41": 1.9282106276018705, "f42": 2.9972295659151205, "f43": -0.12440980995061901, "f44": 1.264344370958259, "f45": -0.9541066642994056, "f46": 0.22535293554807945, "f47": 0.7310367520987099, "f48": -1.756814291501005, "f49": -0.44914000304482005, "f5": -1.356686494097459, "f50": -1.6287311624668583, "f51": 1.2604000091407879, "f52": -1.1542063245521987, "f53": 0.1943660067237643, "f54": 0.6569390240619444, "f55": 0.5232316617106545, "f6": -1.477682383224375, "f7": -0.7606286553730847, "f8": 1.9743613927041666, "f9": 2.550559951893029}, "datetime": {"datetime": "2023-01-30 14:30:27", "elapsed": 9903.287322, "delta": 83.486654}}
{"target": 0.25599105225556285, "params": {"f0": 2.816179971399062, "f1": 1.9437411384458758, "f10": -0.1310593832780489, "f11": -0.055447468170195476, "f12": -1.600032750646946, "f13": -1.009020727230867, "f14": -2.931711378674728, "f15": 1.3539358496758218, "f16": 1.1054234185302851, "f17": -0.037022136085689106, "f18": 2.2208835298301803, "f19": -0.8629963427240568, "f2": -0.270478942095575, "f20": 0.8964726725622203, "f21": 0.7677461143729861, "f22": -0.41166119366572107, "f23": -0.0665268827276701, "f24": -2.167832826070597, "f25": -1.882717664689208, "f26": -1.1911321857483017, "f27": 0.33556573083629065, "f28": 0.45985332431712955, "f29": 0.8352543885812297, "f3": 0.24793606848754796, "f30": -0.48356837499251126, "f31": 0.45850556436532497, "f32": 0.6694328395807663, "f33": -1.7431084697675034, "f34": 2.784137614361408, "f35": 1.862879710181186, "f36": -2.1455692775248862, "f37": -0.16468832342989148, "f38": 0.20468392376545846, "f39": 0.9014464681864021, "f4": 0.015464992533591682, "f40": -1.639733824950762, "f41": 0.8794013451029412, "f42": 1.7937858418714234, "f43": 0.0735189536163301, "f44": 2.314959613467739, "f45": -0.6333068165785578, "f46": 0.3510828359301009, "f47": 0.6265741658567666, "f48": -2.8427290998652595, "f49": -1.1919232837724585, "f5": -1.4179820433514265, "f50": -0.6049330069566561, "f51": 0.8121987064720162, "f52": -1.3223135903479803, "f53": 0.5389703311016263, "f54": 2.33188813910538, "f55": 0.6292685070563453, "f6": -0.949980780845795, "f7": -0.5240847758977973, "f8": 0.44809572152329974, "f9": 0.8949028866636015}, "datetime": {"datetime": "2023-01-30 14:31:53", "elapsed": 9989.515578, "delta": 86.228256}}
{"target": 0.2301917843037626, "params": {"f0": 0.5144223106134032, "f1": 2.1354037725935258, "f10": -0.7527406583598335, "f11": 0.47216366037997315, "f12": -2.3015283779804783, "f13": -0.9504179837920506, "f14": -1.2704009755682195, "f15": 1.3901381589140847, "f16": 0.6259790683530853, "f17": -0.14691447354753245, "f18": 2.4985290406936302, "f19": -0.5372615957870934, "f2": 0.10147952508344227, "f20": 2.0097736087861358, "f21": 0.5757880368586934, "f22": -1.3130153922215073, "f23": 0.1099353660785215, "f24": -1.5467526033363572, "f25": -1.2620752065687482, "f26": -2.920772231002643, "f27": 1.0633995836553007, "f28": 0.30101947307936383, "f29": 0.7843795642334164, "f3": 0.040637104251532385, "f30": -0.7599945551847397, "f31": 0.028245453857599273, "f32": 0.4185401112902416, "f33": -1.6446230084970037, "f34": 0.9569559749480321, "f35": 1.4754797040701026, "f36": -1.3658115704744063, "f37": -0.15934697861566116, "f38": 0.22329993085042038, "f39": 1.403414461810466, "f4": -0.0160852397042478, "f40": -1.3359618553570936, "f41": 1.8457920310913427, "f42": 2.048461402423775, "f43": -0.36133696335904836, "f44": 1.4980076826178048, "f45": -0.42874993434414455, "f46": 0.28409823305810955, "f47": 0.221987583122783, "f48": -1.9790401005299816, "f49": -0.6338320375234576, "f5": -0.6787755300308086, "f50": -0.8510037781527535, "f51": 0.9669732601595877, "f52": -0.43283984337199777, "f53": -0.18552199231409172, "f54": 1.8582133181634286, "f55": 1.4886786794554272, "f6": -1.1517588537883132, "f7": 0.0669716186089494, "f8": 1.9689322021012954, "f9": 2.153553437188041}, "datetime": {"datetime": "2023-01-30 14:32:26", "elapsed": 10022.369164, "delta": 32.853586}}
{"target": 0.5120396013487103, "params": {"f0": 1.7026024853536226, "f1": 0.9617590675106855, "f10": -0.41777039694108015, "f11": 0.005899013737825837, "f12": -1.518149331117307, "f13": -0.713643681224561, "f14": -0.9712839334679, "f15": 0.7991970326068967, "f16": 1.172977541784259, "f17": -0.4456627303436931, "f18": 2.8167718758427522, "f19": -1.428204412811899, "f2": -0.34914585988278696, "f20": 1.1112305093883932, "f21": 0.006169280118026331, "f22": -0.42394996187374945, "f23": -0.5245970224953013, "f24": -1.5606489672590973, "f25": -0.7352962670432217, "f26": -1.011394412025243, "f27": 0.9353411884680198, "f28": 0.43469102269866156, "f29": 2.215273288805312, "f3": 0.43614809395679593, "f30": -1.0679531027900055, "f31": 0.04880118073852696, "f32": 0.4303713822765521, "f33": -0.8876844110860502, "f34": 0.6639512884072806, "f35": 0.652271242782176, "f36": -0.4596442213747125, "f37": -0.4968671805722229, "f38": 0.22382727627031834, "f39": 2.0830335053916866, "f4": -0.4188268063940939, "f40": -0.5690334188825925, "f41": 1.881957752841097, "f42": 1.8777872317812665, "f43": -0.015958151921152464, "f44": 0.5212157872625662, "f45": -0.21069403930727693, "f46": 0.07203008903008412, "f47": 0.6540248855658929, "f48": -1.8260272861992637, "f49": -0.5688231524291512, "f5": -0.8002773439163057, "f50": -1.974793693832792, "f51": 0.9728419222679021, "f52": -0.6932976822506123, "f53": 0.4559554844910488, "f54": 0.7449908188519072, "f55": 0.4857047743830262, "f6": -1.4106761137706576, "f7": -0.6457450696399977, "f8": 0.9080442165532829, "f9": 2.0316150053421103}, "datetime": {"datetime": "2023-01-30 14:33:11", "elapsed": 10068.106414, "delta": 45.73725}}
{"target": 0.20284687612981075, "params": {"f0": 0.9449534408110022, "f1": 1.353640982158451, "f10": -0.803579320235912, "f11": 0.07875182781735461, "f12": -1.5330054761905012, "f13": -0.6748998372607492, "f14": -0.78268168696528, "f15": 0.5766190236585821, "f16": 0.6235433551983939, "f17": -0.23971997533183054, "f18": 0.9045821600282955, "f19": -0.8904993359885583, "f2": -0.42497990794110235, "f20": 2.040495604998524, "f21": 0.46259919982275755, "f22": -0.8295759143317686, "f23": -0.27754036167656104, "f24": -2.338029355816524, "f25": -2.346112458487559, "f26": -2.8494082235598883, "f27": 0.09223499400750451, "f28": 0.2073678864002864, "f29": 0.5515471306895091, "f3": 0.41925622626325604, "f30": -1.221643375594599, "f31": -0.1447682530444864, "f32": 0.4149510954378608, "f33": -2.6997331645601026, "f34": 2.0991519790919297, "f35": 2.7639839031570297, "f36": -2.2287191123238275, "f37": -0.7784763286936056, "f38": -0.022184182644208295, "f39": 1.271357082271376, "f4": -0.3613959651426534, "f40": -0.7349049268633283, "f41": 0.9393000359460206, "f42": 1.7389710026013943, "f43": -0.5274600071492083, "f44": 2.7152480928654303, "f45": -0.4593373766909439, "f46": 0.03031970369233239, "f47": 0.5184781034593653, "f48": -2.4789099723468544, "f49": -1.1782466778074632, "f5": -0.29976514725887027, "f50": -1.7949740448481997, "f51": 1.457832463812291, "f52": -0.45317969376739586, "f53": 0.15268292680959422, "f54": 1.3738365891154782, "f55": 1.4910563990529826, "f6": -1.2765340362964595, "f7": -0.04437817372861186, "f8": 0.5050877587082234, "f9": 1.1671539277319907}, "datetime": {"datetime": "2023-01-30 14:34:34", "elapsed": 10150.793871, "delta": 82.687457}}
{"target": 0.23683784573127806, "params": {"f0": 1.4169181874491137, "f1": 1.4436052152885384, "f10": -0.1148074069336944, "f11": 0.2077293193095398, "f12": -1.2176159849838162, "f13": -0.713308780965537, "f14": -1.0141702633681902, "f15": 0.679302639986496, "f16": 0.6200724062897496, "f17": 0.2549991375458539, "f18": 2.0783529388326016, "f19": -0.758341978298357, "f2": -0.36071460145573914, "f20": 0.46862780308007274, "f21": 0.3525901561602136, "f22": -1.5207045378430313, "f23": -0.09733256223795383, "f24": -1.7389532976888509, "f25": -2.481018129294156, "f26": -1.3435568133730154, "f27": 1.0680605333917212, "f28": 0.5880829934282912, "f29": 2.244661338830092, "f3": 0.3893846136609272, "f30": -0.7088321469544987, "f31": 0.3498506095346423, "f32": 0.11990770893092967, "f33": -1.8521796123834717, "f34": 1.9468639262483285, "f35": 2.8435184257503754, "f36": -1.9021960306792711, "f37": -0.4976737752007131, "f38": -0.1430227070910317, "f39": 1.3521024398221828, "f4": -0.34486414358400397, "f40": -1.7060124665643237, "f41": 0.4195900365562246, "f42": 2.5851149822888497, "f43": 0.1370374684380169, "f44": 1.3731353052527542, "f45": -0.8928075258375333, "f46": 0.33953161561040746, "f47": 0.5924794697141526, "f48": -2.8250059941903074, "f49": -1.1170094262119408, "f5": -0.4437857800729379, "f50": -2.0438554830425426, "f51": 1.0154895890339806, "f52": -0.8171846156776822, "f53": 0.5037825051865874, "f54": 1.9683609289160613, "f55": 1.3096621910012134, "f6": -1.259238235054648, "f7": -0.42050508295406946, "f8": 0.9030683208991087, "f9": 2.115593689967398}, "datetime": {"datetime": "2023-01-30 14:35:56", "elapsed": 10232.894328, "delta": 82.100457}}
{"target": 0.015530802256487375, "params": {"f0": 1.7582127226571613, "f1": 1.7871156635216126, "f10": -0.025870141119144652, "f11": 0.4674861624965928, "f12": -2.9616544204634137, "f13": -1.275603971719436, "f14": -2.654814279833852, "f15": 1.5805725217394513, "f16": 1.1401885954021926, "f17": 0.08395277788343947, "f18": 1.110859486872627, "f19": -1.1216339418969836, "f2": -0.18292644807502734, "f20": 0.49945707046294885, "f21": 0.5461742147715715, "f22": -1.1748757327175685, "f23": -0.5282052862134708, "f24": -0.7638830525193354, "f25": -0.7668157597949761, "f26": -2.931243117858328, "f27": 0.18592859085163002, "f28": 0.25003884164944945, "f29": 1.9348919551744934, "f3": -0.21058498763949487, "f30": -0.7825861032170287, "f31": 0.541758522050666, "f32": 0.685856922962041, "f33": -1.7723697670170977, "f34": 2.275546528506682, "f35": 2.522833942398636, "f36": -2.150654053521268, "f37": -0.2584297559383706, "f38": -0.3452516282277364, "f39": 1.558009871026167, "f4": 0.01778882288358541, "f40": -0.7796981801893841, "f41": 1.3156439178629253, "f42": 2.956081805200252, "f43": -0.0651396454215536, "f44": 2.8810220628495675, "f45": -0.5777434221614797, "f46": 0.2884050217346499, "f47": 0.03204531862969297, "f48": -2.2367128670137246, "f49": -0.5876844646682069, "f5": -1.2521240522672896, "f50": -1.083792629367087, "f51": 0.7490316802593098, "f52": -0.9524986483316709, "f53": -0.15685867831263528, "f54": 2.107795078346503, "f55": 0.6097581342579959, "f6": -1.0980814055850723, "f7": -0.5980313261251389, "f8": 1.6164184263041097, "f9": 0.5762581691662781}, "datetime": {"datetime": "2023-01-30 14:36:10", "elapsed": 10247.007995, "delta": 14.113667}}
{"target": 0.1776478842617238, "params": {"f0": 1.5703052908170112, "f1": 1.0245061882372446, "f10": -0.560213587920067, "f11": -0.03342471584783368, "f12": -1.6239544346737307, "f13": -1.243762226326475, "f14": -2.3608556874681668, "f15": 1.2406631445564262, "f16": 0.9596150916738826, "f17": 0.16563787669034902, "f18": 2.415660227500613, "f19": -1.2312549087944153, "f2": -0.4229346258256005, "f20": 0.7755153877489296, "f21": 0.3529013991801367, "f22": -1.0674885476929579, "f23": -0.3586708358409031, "f24": -1.0973128649739368, "f25": -2.3748730127395867, "f26": -2.977761423638518, "f27": 1.0142651259735718, "f28": 0.3355521640516571, "f29": 1.4409822467066662, "f3": 0.18312817647932633, "f30": -0.7437939331839836, "f31": 0.4051697865778252, "f32": 0.07856483976376226, "f33": -0.9831559104674401, "f34": 1.8235406198065145, "f35": 2.4759196390755385, "f36": -1.596360000576599, "f37": -1.0880780204014628, "f38": 0.24093816093431836, "f39": 2.669384100820024, "f4": -0.7995891137341227, "f40": -0.6816806143131571, "f41": 1.0211012414758747, "f42": 0.7064324841284975, "f43": -0.05563582390800703, "f44": 0.7244651279300072, "f45": -0.9513026423378178, "f46": -0.1297488943222737, "f47": 0.6830354124311937, "f48": -2.638605823235284, "f49": -0.5939479608294191, "f5": -0.713443760939031, "f50": -0.730000860200356, "f51": 0.7792062446632011, "f52": -0.4062400465307108, "f53": 0.34199950827788345, "f54": 1.9694642724137612, "f55": 1.2462381768063642, "f6": -1.8828666596641186, "f7": 0.04302640303470495, "f8": 1.7665557580370157, "f9": 2.3552000243037314}, "datetime": {"datetime": "2023-01-30 14:37:14", "elapsed": 10311.094491, "delta": 64.086496}}
