{"target": 0.1320069001038602, "params": {"f0": 2.9254148753732307, "f1": 1.4514412890925714, "f10": -0.3990895633643915, "f11": 0.038077882291594325, "f12": -1.7918848931305746, "f13": -1.0106798410209914, "f14": -1.3373979830404263, "f15": 0.43221143377659377, "f16": 1.0615119744132515, "f17": -0.3565675229776175, "f18": 0.9500687623199251, "f19": -0.9178615355675547, "f2": 0.020480263931559772, "f20": 1.6158237801388549, "f21": 0.2407598418218937, "f22": -0.492996797903964, "f23": 0.08790458506114551, "f24": -2.075163117409251, "f25": -1.126624982568811, "f26": -2.065952188030258, "f27": 0.5877494637957281, "f28": -0.10581905981022996, "f29": 1.7695497903350705, "f3": -0.05446422657285349, "f30": -0.5674593541506067, "f31": 0.4573508691575907, "f32": 0.7318995785884923, "f33": -2.3547886978881873, "f34": 2.8021490423612305, "f35": 1.1852602552756493, "f36": -1.3818701017969794, "f37": -0.9540063057842515, "f38": 0.11603920205020807, "f39": 1.2407315376051877, "f4": -0.148491203289002, "f40": -1.7409078148834776, "f41": 0.5252965090159782, "f42": 1.3777275349417675, "f43": -0.4413517621375712, "f44": 2.3759299676722008, "f45": -0.9382773903923254, "f46": -0.034167080272998696, "f47": 0.2658925167535045, "f48": -2.1193743062596306, "f49": -0.8393102709432868, "f5": -1.0383735738855935, "f50": -1.2590110276929876, "f51": 0.748728350554934, "f52": -0.762717621177121, "f53": 0.34091991594132715, "f54": 1.56586247826416, "f55": 1.1405799199892501, "f6": -1.8149474616310002, "f7": -0.3860378055105259, "f8": 0.8059422206449072, "f9": 1.4948699819682831}, "datetime": {"datetime": "2023-01-30 15:35:33", "elapsed": 13809.521275, "delta": 69.966914}}
{"target": 0.27234725805732385, "params": {"f0": 0.65857561297254, "f1": 1.381513518497767, "f10": -0.20598809551229058, "f11": 0.20825921622512278, "f12": -0.9456582353709297, "f13": -0.4771498209208046, "f14": -1.8332189640498675, "f15": 1.2092641054309987, "f16": 0.31777015058448327, "f17": -0.18201974797961723, "f18": 1.5546561384691848, "f19": -0.3771256193435313, "f2": -0.4433182868095538, "f20": 1.4983781562024285, "f21": 0.3626038780182158, "f22": -1.4798882310281933, "f23": -0.4449046642315063, "f24": -2.5922864442115547, "f25": -1.9952993435459818, "f26": -1.1441593824945666, "f27": 0.3507625496871754, "f28": 0.5751668101080339, "f29": 1.2358629368160252, "f3": 0.1869688602449821, "f30": -0.7405005452688048, "f31": 0.2779243290248231, "f32": 0.5942859978819244, "f33": -1.6394825433265894, "f34": 1.1669015440027237, "f35": 2.095986516372803, "f36": -1.6752350844705148, "f37": -0.31641319101623355, "f38": 0.19425660727594424, "f39": 1.7816537193124882, "f4": -0.13932514073506175, "f40": -0.8629098126433867, "f41": 1.1978444479985968, "f42": 1.653582089721286, "f43": -0.4920282718439073, "f44": 1.4664129831306332, "f45": -0.4373282438001689, "f46": 0.012124942125781801, "f47": 0.008708130728979663, "f48": -2.599841300286869, "f49": -0.9166860407086104, "f5": -0.3900609444313048, "f50": -1.7782881293762687, "f51": 0.4528408385446164, "f52": -1.317099344554853, "f53": 0.13830305113122027, "f54": 1.151444929236081, "f55": 0.7652568475048234, "f6": -1.536978572425384, "f7": -0.34914909519650594, "f8": 1.7136820270159858, "f9": 2.5456141226288005}, "datetime": {"datetime": "2023-01-30 15:36:47", "elapsed": 13883.404655, "delta": 73.88338}}
{"target": 0.30328426530911906, "params": {"f0": 1.0643529108984793, "f1": 1.4541208388994848, "f10": -0.41058564087979865, "f11": 0.020848300247885837, "f12": -0.8048928042363288, "f13": -1.2995762192911466, "f14": -2.535266177605563, "f15": 0.7413805818816642, "f16": 1.1504361100290386, "f17": 0.09459662978163774, "f18": 2.228105353921085, "f19": -0.6399120473766434, "f2": -0.37057194326178805, "f20": 0.9466414612402039, "f21": 0.48416312570630304, "f22": -0.9195454612652028, "f23": -0.524464372119695, "f24": -0.7395190797860511, "f25": -2.165054430885905, "f26": -2.6789136827821234, "f27": 0.4693356146329333, "f28": 0.3847515801908312, "f29": 0.710953155244164, "f3": 0.21085275858802338, "f30": -0.48331955693934603, "f31": -0.1070908216041222, "f32": 0.7274904391691253, "f33": -2.2141861881592284, "f34": 1.1457686666086253, "f35": 2.7624504680028554, "f36": -1.710989966165398, "f37": -0.5202416230939507, "f38": 0.2643682039335044, "f39": 2.0556554216980043, "f4": -0.2309847876078942, "f40": -1.389230588203741, "f41": 1.7944134676268622, "f42": 1.052694444523816, "f43": 0.0992999035098171, "f44": 0.7202401953111879, "f45": -0.4982886710356189, "f46": 0.09161885808008652, "f47": 0.12436689918782705, "f48": -2.4598251024895257, "f49": -0.5906848270144784, "f5": -0.4679168053046062, "f50": -0.6545083662874183, "f51": 0.30954328350350835, "f52": -0.44476281823347097, "f53": 0.4497403712428289, "f54": 0.8426703114918868, "f55": 0.6999562721062902, "f6": -0.6401301427514106, "f7": -0.7386270865435872, "f8": 1.28738727631315, "f9": 0.856874596051558}, "datetime": {"datetime": "2023-01-30 15:37:47", "elapsed": 13944.196328, "delta": 60.791673}}
{"target": 0.0934034168441453, "params": {"f0": 1.4656664038459455, "f1": 2.341611818968051, "f10": -0.4233839682833616, "f11": 0.48290722319056556, "f12": -1.7101984317250691, "f13": -1.2374163704473844, "f14": -1.3385976048878574, "f15": 1.0527685852734516, "f16": 1.3133258640863636, "f17": -0.02346963686098613, "f18": 1.5472047018333652, "f19": -0.42607780785950045, "f2": 0.11149430274969774, "f20": 1.5763585477231012, "f21": 0.5049208427381102, "f22": -1.3215721891051968, "f23": -0.10679722582484563, "f24": -2.3997407079696913, "f25": -2.131938046981167, "f26": -1.0876455921944301, "f27": 0.1965716638955658, "f28": 0.31605912033063155, "f29": 0.5188129226115399, "f3": 0.045801503285420875, "f30": -1.4253733201416559, "f31": 0.15432445408948128, "f32": 0.510815286073439, "f33": -1.6997418861621765, "f34": 2.329270118923086, "f35": 2.1549191827610565, "f36": -1.2638125170211474, "f37": -0.8725673048084055, "f38": -0.11895858228175243, "f39": 0.7819430877419398, "f4": -0.6494462241222301, "f40": -1.0291010318564706, "f41": 1.1224104233565577, "f42": 2.344325196290767, "f43": -0.0004985748646013644, "f44": 0.9863411975671159, "f45": -0.541562808682531, "f46": -0.20413122374222736, "f47": 0.16130616803642633, "f48": -0.6636782295159782, "f49": -0.8488674730846735, "f5": -0.7436040459568192, "f50": -1.0298236909057894, "f51": 1.4465465453817898, "f52": -0.9795732655823597, "f53": 0.594926802367514, "f54": 1.5413562927292488, "f55": 0.3903125154892214, "f6": -1.0686886659551535, "f7": -0.2043394625043663, "f8": 1.0240937262730507, "f9": 1.0415773151022085}, "datetime": {"datetime": "2023-01-30 15:37:49", "elapsed": 13945.384319, "delta": 1.187991}}
{"target": 0.31998047233241367, "params": {"f0": 0.6719089702554972, "f1": 1.3473477758320698, "f10": -0.7572808620667152, "f11": 0.11367786893758762, "f12": -1.2859437454921543, "f13": -1.0616988384036719, "f14": -2.388147835803478, "f15": 1.630793811988371, "f16": 1.3204113697314774, "f17": -0.37646353431615304, "f18": 2.3019410822898427, "f19": -1.1768127901509624, "f2": 0.05323562345610766, "f20": 2.01010686176803, "f21": 0.7006754525133491, "f22": -1.2971304454311, "f23": 0.17836936483087895, "f24": -0.937849596693642, "f25": -1.2241921731612264, "f26": -2.6881445096484238, "f27": 0.18620905041774258, "f28": 0.18948965132997495, "f29": 1.128125773556837, "f3": -0.13043447109219874, "f30": -1.1422999481138538, "f31": -0.06576640607488973, "f32": 0.44729860013188755, "f33": -1.7918894182593288, "f34": 1.2004021440582442, "f35": 0.9302669337268764, "f36": -1.8832840791420202, "f37": -0.12481626898551867, "f38": 0.03894781871023267, "f39": 2.074659329666763, "f4": -0.07940347834794825, "f40": -0.8287413611821968, "f41": 1.7742901619503528, "f42": 0.5644217389652154, "f43": -0.28158445867253007, "f44": 2.9971180704163514, "f45": -0.3303036457049666, "f46": -0.19585302447234904, "f47": 0.26462955594022497, "f48": -0.558904518505559, "f49": -0.6224749584421155, "f5": -0.5408037814253582, "f50": -0.8999584391288182, "f51": 0.7396225506277383, "f52": -1.2935382604230148, "f53": 0.05112456434654594, "f54": 0.8741141595185158, "f55": 0.5911736698777015, "f6": -1.3540844107053267, "f7": -0.33131458908032546, "f8": 2.1825625041388745, "f9": 1.901909602926742}, "datetime": {"datetime": "2023-01-30 15:37:50", "elapsed": 13946.507075, "delta": 1.122756}}
{"target": 0.42726193961694636, "params": {"f0": 2.278245835604613, "f1": 1.1897579017480133, "f10": 0.030782066540212427, "f11": 0.33338897918695537, "f12": -1.8239859466874473, "f13": -0.4840575628626881, "f14": -2.970722096790756, "f15": 0.5636772700179447, "f16": 1.224300771797125, "f17": 0.0982712770315155, "f18": 0.8812244767224118, "f19": -1.1470812650373174, "f2": -0.6539697098575215, "f20": 0.47361493829966084, "f21": 0.38578285938747986, "f22": -0.6467892333255642, "f23": -0.482300411091842, "f24": -2.0998708318177823, "f25": -1.4679469616843595, "f26": -2.3221706445077848, "f27": 0.9704423407036961, "f28": 0.332938002052685, "f29": 0.9096072672642577, "f3": -0.1155163861242599, "f30": -1.0242048855945822, "f31": -0.13685652007112953, "f32": 0.7555998098169441, "f33": -2.8680961006337635, "f34": 1.5547788848400756, "f35": 0.9683011527030767, "f36": -0.9228792127516636, "f37": -1.0881829426607426, "f38": 0.38006453122202694, "f39": 2.0398187386095232, "f4": -0.8204440011128596, "f40": -1.118892671451313, "f41": 1.9747230124630888, "f42": 2.12782147172825, "f43": -0.02086451256314581, "f44": 2.9424195064755123, "f45": -0.33749999846074263, "f46": -0.2058739546613488, "f47": 0.23377933396219458, "f48": -0.7908460029164828, "f49": -0.5781936612795335, "f5": -1.3010098032655917, "f50": -1.9378477699297199, "f51": 0.8612450269648708, "f52": -0.9315308941992941, "f53": -0.17340667855438266, "f54": 2.0758055908365933, "f55": 1.2311905178432325, "f6": -0.822726447733986, "f7": -0.6546659317603508, "f8": 1.3081687020398445, "f9": 2.458260346070749}, "datetime": {"datetime": "2023-01-30 15:39:20", "elapsed": 14036.360291, "delta": 89.853216}}
{"target": 0.17540000812216947, "params": {"f0": 2.8842219010851573, "f1": 1.9556045865942444, "f10": -0.5125664234646866, "f11": 0.6163377528439573, "f12": -1.4780181846780105, "f13": -1.3124974479594758, "f14": -1.7245868419096744, "f15": 1.6428940761572446, "f16": 1.1005100140566726, "f17": -0.11037353991977406, "f18": 2.4013603930565655, "f19": -1.3588009141259154, "f2": -0.11453049344345534, "f20": 1.2310283836192386, "f21": 0.4870373179557842, "f22": -1.2173028244767141, "f23": 0.1553820095584597, "f24": -2.345384734312066, "f25": -2.1542910447336103, "f26": -1.7956230419641201, "f27": 0.15994331178929097, "f28": -0.011700607608823743, "f29": 1.0384079331751161, "f3": 0.47525148143083523, "f30": -0.8756214365713498, "f31": 0.6216216157146259, "f32": 0.6243884549276253, "f33": -2.009696777194277, "f34": 1.6282098910960674, "f35": 1.2861346981261645, "f36": -1.354580200484405, "f37": -0.680086328263421, "f38": 0.14080000265738185, "f39": 1.9899004322350993, "f4": -0.442282911522253, "f40": -1.7293807494493696, "f41": 1.6437356613723848, "f42": 2.9424573689887197, "f43": -0.025583113194373563, "f44": 2.1758279665967324, "f45": -0.5548081882433334, "f46": 0.11515895458581171, "f47": 0.14442274457530518, "f48": -1.1784115589091455, "f49": -0.6624828542426906, "f5": -1.3134672154460234, "f50": -2.0678076744455147, "f51": 0.4407269817966484, "f52": -0.2385924077904351, "f53": 0.448228804864594, "f54": 1.6560331453145773, "f55": 1.200066951362426, "f6": -1.658405732244144, "f7": -0.08932351670329941, "f8": 1.5058003989101088, "f9": 1.8262288318716289}, "datetime": {"datetime": "2023-01-30 15:40:21", "elapsed": 14097.627555, "delta": 61.267264}}
{"target": 0.24900599904731452, "params": {"f0": 1.9664025679967796, "f1": 1.3175013223510998, "f10": -0.6872130392143802, "f11": 0.5936266229032073, "f12": -1.2231440952278239, "f13": -0.48026126722148343, "f14": -0.9366212588583775, "f15": 0.5348719300520257, "f16": 1.0590614710682973, "f17": 0.0884240271260387, "f18": 0.6911110056496346, "f19": -0.8198080294114173, "f2": -0.38025733640584936, "f20": 1.4259170787653175, "f21": 0.14375098491530303, "f22": -0.615597891710666, "f23": -0.2912620759148281, "f24": -2.7719939489918435, "f25": -1.0757715760897906, "f26": -1.9953488824509793, "f27": 0.5204908731274598, "f28": 0.0860202102056073, "f29": 0.8294673280249879, "f3": 0.22154631247497475, "f30": -0.7021273314783186, "f31": 0.4945917566294846, "f32": 0.32869109378400274, "f33": -1.5391279607401935, "f34": 0.7246891470554229, "f35": 1.2740719289817486, "f36": -1.4218572711419721, "f37": -0.3096209156531389, "f38": 0.04670101922028602, "f39": 1.8990968297549382, "f4": -0.8046951721031261, "f40": -1.681336070054711, "f41": 1.1579547907900607, "f42": 1.6069474257004857, "f43": -0.08924039797025884, "f44": 1.2557841144074855, "f45": -0.26608361203180875, "f46": 0.04776663744091564, "f47": 0.33069811454110365, "f48": -1.3133323711417872, "f49": -1.3328905619727958, "f5": -0.8033136981819112, "f50": -1.631615864342736, "f51": 0.9628987602370744, "f52": -0.5170402037234071, "f53": 0.28416550798807605, "f54": 1.029110932816684, "f55": 0.4046343175401074, "f6": -0.6343160122631435, "f7": -0.0840418603205707, "f8": 1.5367851763319265, "f9": 2.6117387190362256}, "datetime": {"datetime": "2023-01-30 15:41:31", "elapsed": 14167.716063, "delta": 70.088508}}
{"target": 0.05707342561461499, "params": {"f0": 0.9650889622877646, "f1": 0.8431526122978952, "f10": -0.4580381757779785, "f11": 0.13624772979324717, "f12": -0.7529122216623585, "f13": -0.7514979193018378, "f14": -1.3977037889245498, "f15": 1.2756308359498891, "f16": 0.7164055524212074, "f17": -0.12109376187942017, "f18": 0.6801849727013044, "f19": -0.3500915346154876, "f2": -0.3331993971754767, "f20": 2.166830860510454, "f21": 0.6402887067104194, "f22": -0.5611805151357926, "f23": 0.043772322611932646, "f24": -1.7197181811725453, "f25": -1.8689142745983993, "f26": -1.9330308965492782, "f27": 0.5393532755361112, "f28": 0.5789020772913007, "f29": 1.658482610685481, "f3": -0.1761097939568309, "f30": -0.5896253629751491, "f31": 0.6173185434188113, "f32": 0.7683081303316768, "f33": -1.1535360208340482, "f34": 2.8483094090233743, "f35": 2.664778211091628, "f36": -2.1334840919847764, "f37": -0.25887007940867546, "f38": -0.3430658250884545, "f39": 0.6215996473274321, "f4": -0.3892168206615598, "f40": -1.6018157888246423, "f41": 1.5684546203948302, "f42": 2.9315054598896597, "f43": -0.18828033619664536, "f44": 2.8105788898200643, "f45": -0.35482328054318624, "f46": 0.2680110441642274, "f47": 0.3529284734741263, "f48": -2.793240751621821, "f49": -0.9867563150149947, "f5": -0.9997112219836133, "f50": -1.0375824730808536, "f51": 1.3921141335726548, "f52": -1.157356806162726, "f53": -0.14940880446824883, "f54": 0.9502606489619208, "f55": 0.7378244987822811, "f6": -1.4936725495554342, "f7": -0.3932996857315635, "f8": 1.0519743377697939, "f9": 1.0551355432220362}, "datetime": {"datetime": "2023-01-30 15:42:53", "elapsed": 14249.464132, "delta": 81.748069}}
{"target": 0.7118163423004958, "params": {"f0": 2.835833077144553, "f1": 0.915052864240059, "f10": -0.49071902864696054, "f11": 0.509643915764598, "f12": -0.6441746243111051, "f13": -1.2804943522551833, "f14": -1.2995001664700743, "f15": 0.650038273490906, "f16": 0.5150990022591508, "f17": 0.19912935673939647, "f18": 1.8911071169796219, "f19": -1.1642000753271193, "f2": -0.7342917901033135, "f20": 1.7921973042945483, "f21": 0.01930579018569996, "f22": -0.4707952435913618, "f23": -0.3561947848364114, "f24": -1.155925442843059, "f25": -0.608770045030989, "f26": -0.9007633742127124, "f27": 0.4830320546372381, "f28": -0.12401776022938138, "f29": 2.212651959339772, "f3": 0.09444680107768683, "f30": -0.8792242087704499, "f31": 0.5494409637040488, "f32": 0.22052251843469728, "f33": -1.8502154531871913, "f34": 2.6932797182260417, "f35": 2.273385666564521, "f36": -2.0613219891685297, "f37": -0.3126893846194537, "f38": -0.017458299176809244, "f39": 2.2681280734533598, "f4": -0.6478140222046693, "f40": -0.8554931441122995, "f41": 0.6219171052320913, "f42": 0.6877875485350996, "f43": -0.49879534001775977, "f44": 2.85552510023972, "f45": -0.46645236951555913, "f46": 0.25290817300185464, "f47": 0.2768224907929478, "f48": -2.0323698742041785, "f49": -0.3215526000556639, "f5": -1.0575118213292938, "f50": -0.8320017777406183, "f51": 1.4170674004996717, "f52": -0.6877872657503511, "f53": 0.35247911256232073, "f54": 1.5560814203391125, "f55": 1.2446139247623882, "f6": -1.5740296646709377, "f7": -0.6209940045136656, "f8": 1.6017993169725817, "f9": 2.279134225454578}, "datetime": {"datetime": "2023-01-30 15:44:29", "elapsed": 14345.247516, "delta": 95.783384}}
{"target": 0.23869970317879252, "params": {"f0": 2.6725294633408967, "f1": 1.4603224274831366, "f10": -0.5867338744770783, "f11": 0.1747526032620304, "f12": -1.2939886996432297, "f13": -0.7749047185286329, "f14": -0.9838714835748812, "f15": 1.3279017700756852, "f16": 1.17338930468709, "f17": -0.003955143526436999, "f18": 1.0556836788864112, "f19": -1.3627270844374917, "f2": -0.562319320246366, "f20": 1.4918267898657136, "f21": 0.22628156441711983, "f22": -1.0046021223013706, "f23": -0.37459704477458816, "f24": -1.3203541941260892, "f25": -1.6229279614270502, "f26": -0.7633377847934892, "f27": 0.7762270401676576, "f28": -0.09328240785959951, "f29": 0.4865338138678024, "f3": 0.1949667472617646, "f30": -1.150831751225437, "f31": 0.01470738772092009, "f32": 0.5417730729831658, "f33": -1.3304517330413597, "f34": 2.0233171483658725, "f35": 0.9943072979730925, "f36": -1.2723704137321181, "f37": -0.7188781478300399, "f38": 0.247966109774639, "f39": 1.3635851417566247, "f4": 0.014319699869241642, "f40": -1.4653404029760693, "f41": 1.782384376369512, "f42": 2.6321764799197975, "f43": 0.003598112518281682, "f44": 0.9115255781615459, "f45": -0.5585489844911713, "f46": 0.29804900779164034, "f47": 0.07300361196935727, "f48": -2.65939884294188, "f49": -0.9759842555839984, "f5": -1.3031674072000239, "f50": -1.0780415034998883, "f51": 0.5795264997258873, "f52": -0.33488232926700023, "f53": -0.09027986256228056, "f54": 2.4663054445202133, "f55": 0.7318829609417055, "f6": -0.7326959763253247, "f7": -0.7130947449573585, "f8": 1.713308536448825, "f9": 2.167780939318833}, "datetime": {"datetime": "2023-01-30 15:44:30", "elapsed": 14346.384311, "delta": 1.136795}}
{"target": 0.23914358536239522, "params": {"f0": 1.4707608924232565, "f1": 1.7124929630363472, "f10": -0.158423606050892, "f11": 0.5145130687876912, "f12": -1.691193891103441, "f13": -0.5436624255386658, "f14": -2.3618054186956003, "f15": 1.5338489284596766, "f16": 0.7938377742304198, "f17": 0.24642633134954206, "f18": 2.2640328455005196, "f19": -1.0211032646847125, "f2": 0.07737973509257334, "f20": 1.467741655972571, "f21": 0.16845779357612167, "f22": -1.1460592940317165, "f23": 0.16795327641503244, "f24": -1.3568862873797296, "f25": -1.0856726163658428, "f26": -2.1977026034218468, "f27": 0.3685577021207052, "f28": 0.4313903161314453, "f29": 2.0793728583997697, "f3": -0.24309097943364588, "f30": -0.43419106754715453, "f31": 0.16389519952244277, "f32": 0.0330032486355963, "f33": -0.5155032095396255, "f34": 2.364679925854873, "f35": 1.0889971236864722, "f36": -2.18378798477618, "f37": -0.9175217571143022, "f38": 0.1825934273540612, "f39": 1.3658580892157746, "f4": -0.18974734883132494, "f40": -1.7218637224172737, "f41": 0.8259710317131131, "f42": 0.6229113386174221, "f43": 0.09841480464368146, "f44": 1.1502956276684448, "f45": -0.20974184992890432, "f46": -0.22253390023720182, "f47": 0.02229910488455948, "f48": -2.072283439531125, "f49": -1.381593701458299, "f5": -1.4186827669155488, "f50": -1.9499233726978056, "f51": 0.7771277329683759, "f52": -1.0518221237388286, "f53": 0.27901233462430347, "f54": 1.9646054163809268, "f55": 0.3246938980438054, "f6": -1.2241918331490553, "f7": -0.0528709102354451, "f8": 0.8643178586913809, "f9": 1.3665931342303683}, "datetime": {"datetime": "2023-01-30 15:44:31", "elapsed": 14347.634623, "delta": 1.250312}}
{"target": 0.015530802256487375, "params": {"f0": 2.0096685628939377, "f1": 1.3861509974026607, "f10": -0.7103227582537716, "f11": 0.49607825978874864, "f12": -2.3746738891761616, "f13": -1.2031137222407398, "f14": -0.7251563359036255, "f15": 1.4891919305981385, "f16": 1.274258874120929, "f17": -0.43251587730803936, "f18": 1.7587291792115818, "f19": -0.6883932700530363, "f2": -0.4508976800609022, "f20": 2.1021912445503594, "f21": 0.7897833861889101, "f22": -0.9605951474976709, "f23": 0.11335857073146294, "f24": -0.9002767356597365, "f25": -1.4086437731943378, "f26": -2.6148395828837954, "f27": 0.3575680910726607, "f28": 0.1245996567118193, "f29": 0.833976806429389, "f3": 0.11042798379401858, "f30": -0.9841373278173797, "f31": 0.3778188747149924, "f32": 0.523993728215048, "f33": -2.6571135841111837, "f34": 1.5644678594891464, "f35": 1.6668248013337188, "f36": -1.1896081414036255, "f37": -0.6885646111885719, "f38": -0.18049288148530918, "f39": 1.4480298486935221, "f4": -0.5437822035197708, "f40": -0.7188029779930476, "f41": 0.9214518506034468, "f42": 2.711816629609887, "f43": -0.10800414766696786, "f44": 2.9050542199446463, "f45": -0.17354372485629632, "f46": -0.178596539598743, "f47": 0.14805203395374478, "f48": -2.616985527074664, "f49": -0.970401343592123, "f5": -1.4010906005916026, "f50": -1.2870712366621995, "f51": 0.7917277599593278, "f52": -0.4020141084888612, "f53": 0.5418086402592324, "f54": 1.4172708940237084, "f55": 0.921977921889272, "f6": -1.9185994088014113, "f7": 0.00662226961567014, "f8": 1.1636990799879054, "f9": 2.4278956334742947}, "datetime": {"datetime": "2023-01-30 15:44:32", "elapsed": 14348.633102, "delta": 0.998479}}
