{"target": 0.16742710819364132, "params": {"f0": 1.1034551309612683, "f1": 0.5321444237637967, "f10": -0.43881005471748025, "f11": 0.2914329801887703, "f12": -1.8916925877016093, "f13": -0.676197983177302, "f14": -2.8830772194002474, "f15": 1.387282830948619, "f16": 0.7831684997956933, "f17": -0.22043773276382972, "f18": 1.2167544151960512, "f19": -0.686037287518536, "f2": -0.6706012726050308, "f20": 0.6326675944291904, "f21": 0.21212788543022099, "f22": -0.9593392814765734, "f23": -0.20629617062133065, "f24": -0.9198498099895343, "f25": -1.6258595521480865, "f26": -2.5885170681774743, "f27": 0.9798552267559868, "f28": 0.6366960698327742, "f29": 1.4955403658906423, "f3": -0.19920249221924494, "f30": -0.8344715778096955, "f31": 0.3816784195872789, "f32": 0.05562454553393903, "f33": -2.7022835900495297, "f34": 1.7701122766649322, "f35": 1.9911668252510344, "f36": -2.1294535340235456, "f37": -0.8997090110105925, "f38": 0.2118459249080073, "f39": 1.9551790788773775, "f4": -0.35938364845308635, "f40": -0.7521485408382946, "f41": 1.4970201872232116, "f42": 1.063260582250943, "f43": -0.25952742787203087, "f44": 1.7731842049589313, "f45": -0.3200593714207086, "f46": -0.0010029343878601993, "f47": 0.044619489430960155, "f48": -1.6632651393998616, "f49": -1.2100685982999217, "f5": -1.2583187776678102, "f50": -1.7955597901907454, "f51": 0.7048386679869987, "f52": -1.1653765575509576, "f53": 0.5079890295789291, "f54": 0.5651671827769702, "f55": 1.2517941068023657, "f6": -1.9853100008621498, "f7": -0.7484376049245726, "f8": 1.6860823160890988, "f9": 2.8292823445465385}, "datetime": {"datetime": "2023-01-30 12:54:46", "elapsed": 4162.60423, "delta": 78.185757}}
{"target": 0.28744361969345666, "params": {"f0": 2.6387845878053535, "f1": 1.9655501765401109, "f10": -0.09676043334301188, "f11": 0.7441609144605479, "f12": -1.0026549569422376, "f13": -0.7308844908073313, "f14": -1.629177598011299, "f15": 0.9300055240438871, "f16": 1.158990950862018, "f17": 0.26939573293169994, "f18": 1.2654724929096157, "f19": -1.1313453508574536, "f2": -0.16276197204397846, "f20": 1.7433348299290425, "f21": 0.44235246430293634, "f22": -0.9332671788329784, "f23": -0.36647611592031937, "f24": -1.4773356194106517, "f25": -2.61409037833767, "f26": -0.6003555796510796, "f27": 0.963953412230536, "f28": 0.35664286536380596, "f29": 0.8408860053305793, "f3": -0.09940656125615882, "f30": -0.47936080388373314, "f31": 0.39995525759862516, "f32": 0.6467017270182738, "f33": -2.020711540736261, "f34": 2.05621740840626, "f35": 1.8526695923497947, "f36": -1.1306803214733432, "f37": -0.7114190526820736, "f38": -0.15600070213350276, "f39": 1.31162368400045, "f4": -0.7208550522153429, "f40": -0.4393615148135117, "f41": 1.3899561870108899, "f42": 2.197205029713372, "f43": -0.5021351085926857, "f44": 2.653405448722112, "f45": -0.7340074516236244, "f46": -0.28807408521070316, "f47": 0.28526625956803364, "f48": -1.8110206088119496, "f49": -0.3786523228318883, "f5": -1.2522256218825185, "f50": -2.050239779300454, "f51": 1.0817163074919092, "f52": -0.30939373929366565, "f53": 0.1797754275722212, "f54": 1.67618265027103, "f55": 1.4282495110330753, "f6": -0.9861281664640895, "f7": -0.3965687130706587, "f8": 1.8095090808802592, "f9": 1.2747283871197672}, "datetime": {"datetime": "2023-01-30 12:56:25", "elapsed": 4262.036783, "delta": 99.432553}}
{"target": 0.04081996790012992, "params": {"f0": 2.1968522772386576, "f1": 1.4311717781039828, "f10": -0.7395784031258622, "f11": 0.09371080394893565, "f12": -1.0940636805021842, "f13": -0.5567265840885314, "f14": -0.8256298303500182, "f15": 0.623811918262442, "f16": 0.5899543002640646, "f17": -0.351295736131886, "f18": 0.9734400704875411, "f19": -1.2447973188495993, "f2": -0.20954203924474768, "f20": 0.7320869509918198, "f21": 0.8735917520935482, "f22": -1.061442376182673, "f23": -0.23849584809819152, "f24": -2.3911369018346336, "f25": -2.0109190820722773, "f26": -2.779449457183806, "f27": 0.7324614171771449, "f28": 0.6506672399213909, "f29": 1.2958406277538679, "f3": 0.2498383429767978, "f30": -0.9435314342618849, "f31": -0.024374332632578738, "f32": 0.4688677534638149, "f33": -1.851757262816894, "f34": 0.565068809021163, "f35": 1.2610476866407336, "f36": -0.8108661613859514, "f37": -0.3920384786837362, "f38": -0.13660102399033303, "f39": 1.399428257083984, "f4": -0.21560921884804907, "f40": -1.7584596141415454, "f41": 1.8092154975072638, "f42": 0.6082290348414585, "f43": 0.057056816664105225, "f44": 2.785106900167149, "f45": -0.1280144929569612, "f46": 0.056125443352204485, "f47": 0.6485209858340031, "f48": -2.4997672380249796, "f49": -0.5213274130042577, "f5": -0.632719351628624, "f50": -2.080725632813995, "f51": 1.1326711948737678, "f52": -0.5405251234799145, "f53": -0.18015625011134978, "f54": 0.9628883368765251, "f55": 0.6326713453456134, "f6": -0.7833757358364177, "f7": 0.030517866256188353, "f8": 1.7008009496203136, "f9": 2.6147083024903695}, "datetime": {"datetime": "2023-01-30 12:58:40", "elapsed": 4396.357094, "delta": 134.320311}}
{"target": 0.10218990636980338, "params": {"f0": 2.7296640727804347, "f1": 1.9785031037280338, "f10": -0.19417033958671925, "f11": 0.5311416700720932, "f12": -1.7444264005330428, "f13": -0.676023967755455, "f14": -2.9078007964632184, "f15": 1.3106112776634846, "f16": 0.8016969345482712, "f17": -0.15815533733350473, "f18": 2.783229181767862, "f19": -1.1021009338851409, "f2": -0.10602185107453654, "f20": 1.2025249888451401, "f21": 0.388490362192298, "f22": -0.807630463605158, "f23": -0.1487222089292678, "f24": -2.3208942711704195, "f25": -0.5374784982214922, "f26": -2.8934300799582298, "f27": 0.346262143473899, "f28": 0.2727638885951331, "f29": 1.658965639060269, "f3": -0.1346476730005392, "f30": -1.2247369585362946, "f31": 0.08956043289602292, "f32": 0.017732304497144857, "f33": -2.5053445080370587, "f34": 1.8074945794046877, "f35": 2.9294935631703534, "f36": -0.9441155935513286, "f37": -0.6969597367381566, "f38": -0.2489402459770521, "f39": 2.667107901142493, "f4": 0.04682409103472451, "f40": -1.6295476352725737, "f41": 0.8368375598655322, "f42": 1.0832439192584218, "f43": 0.03511578334784338, "f44": 1.483817298865399, "f45": -0.7680646264596344, "f46": 0.23293620262463743, "f47": 0.4817855108306585, "f48": -1.381261358688148, "f49": -1.160169916583109, "f5": -0.6990540731356372, "f50": -1.8241876414154705, "f51": 0.8425062784853048, "f52": -0.698816537591984, "f53": 0.18414403825036324, "f54": 1.8181118664088372, "f55": 1.0382234667887562, "f6": -2.0078690725101223, "f7": -0.14315074477167966, "f8": 2.020974565545269, "f9": 2.5197172269832877}, "datetime": {"datetime": "2023-01-30 12:59:57", "elapsed": 4473.626522, "delta": 77.269428}}
{"target": 0.04341965357940679, "params": {"f0": 2.7675386999411287, "f1": 0.8189996507797576, "f10": -0.4862595111832941, "f11": 0.3349882206979458, "f12": -2.4615538570632816, "f13": -0.31150899027920653, "f14": -1.2521786353238296, "f15": 0.5588608020202859, "f16": 0.7955720251680423, "f17": -0.36816860134340273, "f18": 2.0257631992648877, "f19": -0.36407454854563337, "f2": -0.4180115991599718, "f20": 1.122037680026735, "f21": 0.3764666105991626, "f22": -1.2923383014339112, "f23": -0.13216702464998542, "f24": -2.218187535204714, "f25": -0.8906883232522944, "f26": -1.6778421169684445, "f27": 0.2547786255430422, "f28": 0.11212880145293214, "f29": 1.8577667403416092, "f3": 0.17248539178880318, "f30": -0.6261600500979696, "f31": 0.600631437274724, "f32": 0.35240177903169717, "f33": -0.8659326521242927, "f34": 2.2095029055454036, "f35": 0.5335927756057507, "f36": -1.9613464563298353, "f37": -1.0258884046655141, "f38": -0.058520267913757085, "f39": 1.1919552780318132, "f4": -0.7221844805623249, "f40": -0.738851383801922, "f41": 0.5932379429294679, "f42": 0.8022402092271745, "f43": 0.09568495939346189, "f44": 2.608158696582323, "f45": -0.18346625280858664, "f46": 0.33692877635942897, "f47": -0.06569490195520823, "f48": -0.8034721841287631, "f49": -1.3574845789138552, "f5": -0.5607778139853448, "f50": -1.8486984538530107, "f51": 0.5272160923259082, "f52": -1.2434982869365638, "f53": 0.2429879714821459, "f54": 1.6254477444593194, "f55": 0.8137054183174237, "f6": -1.3011924833538089, "f7": -0.7804865052200486, "f8": 1.1314771305563758, "f9": 2.3948713154824466}, "datetime": {"datetime": "2023-01-30 13:01:03", "elapsed": 4540.236036, "delta": 66.609514}}
{"target": 0.11562567791001599, "params": {"f0": 2.0491850783354604, "f1": 1.154309474875727, "f10": -0.08402993605450482, "f11": 0.4787135526151265, "f12": -2.8069229569351983, "f13": -1.212692718590847, "f14": -2.1346790896182384, "f15": 0.4580400205567545, "f16": 1.0265313777720182, "f17": -0.1397724537794623, "f18": 2.0775720741208463, "f19": -1.3042845563301586, "f2": -0.28610729997890594, "f20": 0.5376619177512282, "f21": 0.8455790693566526, "f22": -0.9524497043114818, "f23": -0.5372589131605042, "f24": -0.7568199505233992, "f25": -2.4987078528592677, "f26": -1.3549946340864572, "f27": 0.8588055180034234, "f28": -0.05104502694751897, "f29": 0.6367161815297357, "f3": -0.06362183031954452, "f30": -0.6279742931472643, "f31": 0.22880342622331076, "f32": 0.5156996654527883, "f33": -0.7641336165785781, "f34": 0.9922894007145175, "f35": 1.7832489698634986, "f36": -2.0476059792570314, "f37": -0.31853294862950654, "f38": -0.22427617780953088, "f39": 1.5652162015099822, "f4": -0.45752649020839936, "f40": -0.7316356051697304, "f41": 0.5238453301397054, "f42": 1.1484069489399575, "f43": -0.1346007773434872, "f44": 1.7120380297378135, "f45": -0.18212709657340598, "f46": 0.17055135266508492, "f47": 0.36521718260189956, "f48": -2.022673183441372, "f49": -0.30179394153208605, "f5": -0.9142161388502636, "f50": -1.4237778343230452, "f51": 1.0907695429581614, "f52": -0.5165026566323505, "f53": 0.5610041774777332, "f54": 1.4477201904910069, "f55": 1.2186582171425613, "f6": -1.6294073221580854, "f7": -0.5777025499834573, "f8": 0.8939346034116757, "f9": 1.297748827476377}, "datetime": {"datetime": "2023-01-30 13:02:03", "elapsed": 4600.115658, "delta": 59.879622}}
{"target": 0.0005966625391233509, "params": {"f0": 1.2215376160027691, "f1": 0.9266587277224155, "f10": -0.53815990794936, "f11": 0.25198939716329327, "f12": -0.8143072791464703, "f13": -0.37580545634420326, "f14": -1.68040893853525, "f15": 1.6283600302648018, "f16": 1.0184573448288372, "f17": 0.127348930806096, "f18": 1.273667754905294, "f19": -1.1471319296398794, "f2": -0.035534138082283895, "f20": 0.6419806189823409, "f21": 0.024209087556214218, "f22": -0.4374545011275406, "f23": -0.041150436395384404, "f24": -1.25666031433898, "f25": -1.4665272234211248, "f26": -2.373722267817498, "f27": 1.0464826558166027, "f28": 0.052362535585379594, "f29": 0.9266341686946575, "f3": -0.19750848741908494, "f30": -0.7807630053918301, "f31": 0.41580395338073517, "f32": 0.6329201378051035, "f33": -1.3964048087651442, "f34": 0.539586360640029, "f35": 2.8695090154883767, "f36": -1.1023416578283824, "f37": -0.6728591935359471, "f38": -0.33809869109720825, "f39": 2.696868310523889, "f4": -0.5787589980090709, "f40": -1.0015645468789653, "f41": 1.0118990071646063, "f42": 2.8700437344851144, "f43": -0.33289826708010584, "f44": 1.3948314241134347, "f45": -0.8097868826415512, "f46": -0.2886241949537256, "f47": 0.4933730707221728, "f48": -1.3112562419567269, "f49": -0.8383530468028634, "f5": -0.3523013990238548, "f50": -1.4005301357244004, "f51": 1.3188114445349097, "f52": -0.649488987858849, "f53": 0.48541761009217826, "f54": 2.145042463962458, "f55": 0.4302759625891424, "f6": -0.9928884748567761, "f7": -0.6905657131167735, "f8": 0.5450506218279909, "f9": 2.7468028589282625}, "datetime": {"datetime": "2023-01-30 13:06:39", "elapsed": 4875.260134, "delta": 275.144476}}
{"target": 0.35089430798968246, "params": {"f0": 2.7525775133134607, "f1": 1.2227395201717115, "f10": -0.09193043040080806, "f11": -0.03335043108374958, "f12": -1.0369507580272557, "f13": -0.6074562874542453, "f14": -2.0150087996789656, "f15": 1.4241701621986498, "f16": 0.788856028530925, "f17": 0.2942882644324395, "f18": 0.740881436946861, "f19": -0.331801787890206, "f2": -0.006738192556322353, "f20": 2.0065547887239115, "f21": 0.4457895000881514, "f22": -0.33419727288587087, "f23": 0.11706372330589909, "f24": -1.769468073136149, "f25": -0.6918850054435046, "f26": -1.9588036411133636, "f27": 0.5718836817297662, "f28": 0.15457716391811546, "f29": 1.0845309127926355, "f3": -0.22513490304092765, "f30": -1.3176075090013248, "f31": 0.41201565196840373, "f32": 0.6973601828340463, "f33": -0.8503608212411113, "f34": 1.8150030042280982, "f35": 2.0544326663191224, "f36": -1.498058684472145, "f37": -0.8932044474112708, "f38": 0.30137279913729204, "f39": 1.932167237642572, "f4": -0.3041705301788369, "f40": -1.413246631743021, "f41": 0.8284977559886264, "f42": 0.6397328681954854, "f43": -0.0005341543087573619, "f44": 1.6444558801531541, "f45": -0.6905828043098551, "f46": 0.14877537547764608, "f47": 0.369944381666238, "f48": -2.8823510512861206, "f49": -0.3215951664637833, "f5": -0.3226329463816713, "f50": -1.7890102112774144, "f51": 1.0141954748480067, "f52": -0.47959261514893203, "f53": -0.1534043283586234, "f54": 2.3736756195032065, "f55": 1.434501573304739, "f6": -1.897053133548461, "f7": -0.4602168233413811, "f8": 1.8890454810083295, "f9": 2.972403170175302}, "datetime": {"datetime": "2023-01-30 13:07:44", "elapsed": 4940.844366, "delta": 65.584232}}
{"target": 0.20333425533756547, "params": {"f0": 2.3502690024838024, "f1": 1.8077670262072667, "f10": -0.3743581867051544, "f11": 0.08386178673554136, "f12": -2.582716623127895, "f13": -1.323132685936691, "f14": -1.5528291105027308, "f15": 0.8585678969217395, "f16": 0.8703219567270384, "f17": 0.038476297260729764, "f18": 0.6987542782551172, "f19": -1.173548656930617, "f2": -0.22075482512826072, "f20": 1.8890833902966975, "f21": 0.16767685138252209, "f22": -0.8353169681709574, "f23": -0.10781433998155765, "f24": -2.9743023394001904, "f25": -2.369124452461972, "f26": -1.9023170104582101, "f27": 0.37553731042431554, "f28": 0.053992677013990575, "f29": 0.8432414758430498, "f3": -0.21766088194515704, "f30": -0.8409908567463503, "f31": 0.24566253203454216, "f32": 0.7899935912735156, "f33": -2.127560452746951, "f34": 1.9483471116491105, "f35": 1.1268817456415723, "f36": -2.113655208766725, "f37": -0.19659301407828877, "f38": 0.34097507651495434, "f39": 0.9759324729432209, "f4": -0.40935302227782233, "f40": -0.9031504011836965, "f41": 1.3351946940880615, "f42": 1.519623001953649, "f43": -0.23106683441972065, "f44": 2.826662247394187, "f45": -0.2934522313747918, "f46": 0.27950587539193494, "f47": 0.18348432944128662, "f48": -2.6038378902456176, "f49": -0.5166239061183299, "f5": -1.1749811173899145, "f50": -1.1055831053906802, "f51": 0.9834856979099673, "f52": -0.6004373688560262, "f53": 0.28928300487290187, "f54": 0.7900820677942224, "f55": 0.6657267959446174, "f6": -1.9744050541519262, "f7": -0.46776127606657436, "f8": 1.7617248769247729, "f9": 2.9583234277044066}, "datetime": {"datetime": "2023-01-30 13:08:51", "elapsed": 5007.281683, "delta": 66.437317}}
{"target": 0.4611969928030223, "params": {"f0": 2.3761505861717227, "f1": 1.9838964029393642, "f10": -0.5789844762147824, "f11": 0.5771925520812928, "f12": -2.4611493285194923, "f13": -0.8392696512711042, "f14": -0.6961176054179377, "f15": 1.0719397300226314, "f16": 0.8125617403272083, "f17": -0.3828110784214503, "f18": 1.229120423868233, "f19": -1.02190646334085, "f2": -0.022777034329830914, "f20": 1.0246438682095087, "f21": 0.004482191694960898, "f22": -1.113643592833871, "f23": -0.420198265767294, "f24": -1.8995006932404546, "f25": -1.2858473918102682, "f26": -1.784608975749324, "f27": 0.09718078891351772, "f28": 0.6376459146364716, "f29": 0.5847230896459313, "f3": 0.2245114901765078, "f30": -0.46721839319886094, "f31": 0.17994430641878237, "f32": 0.306061850731147, "f33": -0.7666810591723454, "f34": 2.2465446363178856, "f35": 2.5704471715550117, "f36": -0.46146147330435205, "f37": -1.0164779862454751, "f38": 0.35642219138583137, "f39": 1.4652114176364215, "f4": -0.08244564134039367, "f40": -1.3173218363274102, "f41": 0.855663173813884, "f42": 1.192154721670776, "f43": -0.28620014893407725, "f44": 2.3174338298838872, "f45": -0.10828402290790606, "f46": 0.28629889368587125, "f47": 0.607742618889092, "f48": -2.652679802814979, "f49": -0.8286866494561604, "f5": -0.6033731034418562, "f50": -0.90145612370061, "f51": 1.2411783422241633, "f52": -1.1537647581601522, "f53": -0.07851513359828421, "f54": 1.1173312293652309, "f55": 0.9225248758502442, "f6": -1.8503764830664138, "f7": -0.40120665665890676, "f8": 0.5221367833275333, "f9": 1.440017669232826}, "datetime": {"datetime": "2023-01-30 13:09:51", "elapsed": 5067.399866, "delta": 60.118183}}
{"target": 0.15257648716999786, "params": {"f0": 2.1194812811823223, "f1": 0.5795329717885974, "f10": -0.5671565871562192, "f11": -0.06710281836571089, "f12": -1.3451886918844707, "f13": -1.1188952303424229, "f14": -1.1647245095603995, "f15": 1.3330335904606443, "f16": 1.28461473617488, "f17": 0.28800714775616776, "f18": 1.6747864770459842, "f19": -0.823031295634164, "f2": -0.4982786377390064, "f20": 1.0241826230312279, "f21": 0.49439521862661295, "f22": -0.45454002938135796, "f23": 0.24937709631069427, "f24": -0.8095508100789859, "f25": -1.3530839633522471, "f26": -2.748791671447828, "f27": 0.6746720736519145, "f28": 0.5399076060483146, "f29": 2.230151367324828, "f3": 0.04620510886176321, "f30": -0.9435302437917761, "f31": -0.04667698812985724, "f32": 0.2352521624308151, "f33": -0.688695708955819, "f34": 1.9261684673134425, "f35": 2.31901167369015, "f36": -2.044944558378583, "f37": -0.5831164301548705, "f38": -0.14165235727916164, "f39": 1.594069521655482, "f4": -0.09938064376799471, "f40": -0.8400011189386467, "f41": 1.9396603367424134, "f42": 2.703981858078981, "f43": -0.03391619932881468, "f44": 1.9340129105926414, "f45": -0.9215966760714871, "f46": -0.23644800379658906, "f47": 0.23900391170686275, "f48": -2.4388084477927237, "f49": -0.7286893220167453, "f5": -0.4756594061840371, "f50": -1.3146015251390373, "f51": 1.1042150668306072, "f52": -1.1665776298875454, "f53": 0.4976222303799826, "f54": 2.3785811338975376, "f55": 1.0364105416415985, "f6": -1.3322721908731352, "f7": -0.5196986381373883, "f8": 0.6397416677808903, "f9": 0.8659640163960854}, "datetime": {"datetime": "2023-01-30 13:10:47", "elapsed": 5124.21128, "delta": 56.811414}}
{"target": 0.379097799581353, "params": {"f0": 0.9241448051096017, "f1": 2.286306247297503, "f10": -0.41370154853062335, "f11": 0.62698079318277, "f12": -2.4477578655034975, "f13": -0.9732828336433481, "f14": -2.6986043702860365, "f15": 1.0635894182425192, "f16": 1.060964573756063, "f17": -0.11416961160228378, "f18": 2.28454089007087, "f19": -1.0636930074678967, "f2": -0.24086961135142182, "f20": 2.2715255175931586, "f21": 0.5066769627023687, "f22": -0.47761760410624077, "f23": 0.13743104996364353, "f24": -1.3672131273678048, "f25": -1.7860791806985705, "f26": -1.0299409677775495, "f27": 1.0336984724182217, "f28": 0.18348453780468735, "f29": 0.7374174142106462, "f3": 0.03273190783808255, "f30": -0.5651812217336132, "f31": 0.06241676752151101, "f32": 0.026843346883637112, "f33": -0.7403836628496729, "f34": 0.808133966973949, "f35": 2.3511290021507425, "f36": -0.6114477132173992, "f37": -0.22264660453754503, "f38": -0.38976984755342786, "f39": 2.2497762878134644, "f4": -0.622422822014114, "f40": -1.0734994156422797, "f41": 0.9755254178471289, "f42": 1.711568916838128, "f43": -0.1422361169813086, "f44": 1.3725321426643726, "f45": -0.7675168965290473, "f46": 0.07642454036969576, "f47": 0.375797776234151, "f48": -2.4234202756021994, "f49": -1.0933313500675539, "f5": -1.24034234713371, "f50": -0.9032686221846391, "f51": 1.0894613957936312, "f52": -1.1328956523869247, "f53": -0.07656588006170012, "f54": 1.5421353809438236, "f55": 1.381829634993377, "f6": -1.610013728326526, "f7": -0.5197854911087716, "f8": 0.8160602089157085, "f9": 1.0760034060372312}, "datetime": {"datetime": "2023-01-30 13:11:46", "elapsed": 5182.432682, "delta": 58.221402}}
{"target": 0.3927398250871376, "params": {"f0": 0.665263301483029, "f1": 1.374114294295508, "f10": -0.7056984632421611, "f11": 0.31656134933974306, "f12": -2.6492655682983277, "f13": -0.8181204105419351, "f14": -1.630190684097946, "f15": 0.6578648145700671, "f16": 1.1293157711095108, "f17": -0.11358247573706176, "f18": 2.7993544898078775, "f19": -1.4145676755057532, "f2": -0.041855444961741095, "f20": 2.1304601943451074, "f21": 0.477061820253091, "f22": -1.1081939932029115, "f23": -0.2618334521584757, "f24": -1.8571944146438861, "f25": -0.5966892117740548, "f26": -1.5400310486159725, "f27": 0.228789152273431, "f28": -0.04497485418389453, "f29": 1.3498755654084387, "f3": 0.43435336531638064, "f30": -1.2267908810194639, "f31": 0.41989568848109826, "f32": -0.0304754523158488, "f33": -0.7409052774384493, "f34": 1.7277704278642272, "f35": 1.0895979709012134, "f36": -1.4934568216156923, "f37": -0.3555788765572627, "f38": 0.1146195866198329, "f39": 2.8846608576459967, "f4": -0.46953723130133573, "f40": -1.5854197379774313, "f41": 1.87115106813251, "f42": 2.512822146404965, "f43": -0.33494747157923194, "f44": 1.0898675646132194, "f45": -0.5997884625825485, "f46": 0.30534424678911776, "f47": 0.3262210113225621, "f48": -1.963254904738828, "f49": -0.555282056699006, "f5": -0.3125730328315697, "f50": -1.4610328502990486, "f51": 1.0969453763249204, "f52": -1.2266759954944884, "f53": 0.2879282362723135, "f54": 0.7087645791603367, "f55": 0.9656987902156902, "f6": -1.5368089828845037, "f7": -0.7019047981968498, "f8": 1.6968849882124903, "f9": 1.8582341516727698}, "datetime": {"datetime": "2023-01-30 13:12:40", "elapsed": 5237.080723, "delta": 54.648041}}
