{"target": 0.2482564534897564, "params": {"f0": 1.3110954803419579, "f1": 1.6186953849252723, "f10": -1.0280057372083715, "f11": 1.5683732040325697, "f12": 0.4388672433102221, "f13": 1.454659725091802, "f14": 0.08458781887069833, "f15": -1.3482844423342926, "f16": 0.5096133707680595, "f17": -0.6307541112114667, "f18": 0.3719138769576569, "f19": -2.5466900427509493, "f2": -0.9006884761244738, "f20": -1.4083125086303787, "f21": -0.05262143580053469, "f22": 1.6841446798763822, "f23": 0.6420037452837153, "f24": 0.3803736846170094, "f25": -0.19620183913607603, "f26": 0.17439296360865408, "f27": 0.04712157037999365, "f28": 0.042185161591418, "f29": 0.42703716090955335, "f3": -1.390138251777043, "f30": 0.7605862197197798, "f31": 2.826811051296592, "f32": 0.09162967068341654, "f33": 1.8128903924860498, "f34": -1.3992932432730563, "f35": 2.455606768369113, "f36": -1.8689018525761583, "f37": -1.9117046465025456, "f38": -0.4506459920404362, "f39": 2.8283177356298825, "f4": -1.5508487989917987, "f40": 2.246588459525948, "f41": 2.9785400396125032, "f42": -2.7970348290745997, "f43": 2.8745165374577533, "f44": -1.5368314144654014, "f45": 0.2582747878614262, "f46": 0.5264363276096568, "f47": -0.4571958393156126, "f48": -2.3013015546310482, "f49": -0.46601403120027385, "f5": -1.3228288310581957, "f50": -1.5072621060315012, "f51": -2.944837432423078, "f52": 2.59994152614663, "f53": -1.8696100259961772, "f54": -1.5174378485923783, "f55": 1.1088696344677191, "f6": -0.22393190712511296, "f7": -0.8875077012493597, "f8": -1.0087938183419232, "f9": -1.9883085803900669}, "datetime": {"datetime": "2023-02-03 11:58:46", "elapsed": 3811.313832, "delta": 51.113808}}
{"target": 0.10452679788628455, "params": {"f0": 0.5838670393058691, "f1": 2.606876478829411, "f10": -1.8468648450121907, "f11": 2.165436403421212, "f12": 1.4891995551825257, "f13": -0.06741714066133431, "f14": -0.29772925126102656, "f15": -1.1164350748131666, "f16": 2.213567118404179, "f17": -1.0367233176955781, "f18": 2.03144182943402, "f19": -0.12960422039172004, "f2": -0.5191941990042022, "f20": -1.378408762185369, "f21": -0.3548761494554611, "f22": 1.2350597574370479, "f23": 1.5600809517509457, "f24": 0.22672606627002434, "f25": -1.8850868444992752, "f26": -0.035637891623110596, "f27": -1.6136288387312387, "f28": 1.4441562398519294, "f29": 0.26984202442762745, "f3": -0.6459336370702895, "f30": 0.8521377840095608, "f31": 0.8347837066404377, "f32": -2.5951422563708464, "f33": 2.974189423742399, "f34": -1.974549672613787, "f35": 3.0089371914748106, "f36": -0.31155007687044267, "f37": -2.4074971531063003, "f38": -1.956464828695898, "f39": 0.09678421347961447, "f4": -1.1159768284411653, "f40": 1.9234714971123958, "f41": 1.4129870007574437, "f42": -0.11347452788431767, "f43": 1.7486836460570463, "f44": -2.0272297756199977, "f45": 0.04809733203975042, "f46": 1.469056134060276, "f47": -2.7224832795937117, "f48": -0.8145364062210132, "f49": -2.9661872812568344, "f5": 0.22945100174509347, "f50": -1.7671103866796043, "f51": -0.12140539675804796, "f52": 0.4658171020238144, "f53": -0.6486401293658277, "f54": -1.029533280413013, "f55": 1.1793322508009174, "f6": 2.915348887595104, "f7": -2.3455033551595674, "f8": -0.5633198449171457, "f9": -0.48518582823153666}, "datetime": {"datetime": "2023-02-03 11:59:46", "elapsed": 3871.198583, "delta": 59.884751}}
{"target": 0.08239494424188888, "params": {"f0": 1.673411890219042, "f1": 2.80999581387709, "f10": -1.895337444855521, "f11": -0.23910570128947634, "f12": 0.9895722135414589, "f13": 2.227504254921008, "f14": -0.6031848931685402, "f15": -2.825274904975222, "f16": 1.7740975005580988, "f17": -0.01887137914653625, "f18": 1.0721111722671894, "f19": -2.377852816379377, "f2": -0.1338524475440046, "f20": -2.378429731695408, "f21": 0.6032061973109382, "f22": 2.160066622791844, "f23": 1.401722306932668, "f24": 0.24964089245235555, "f25": -2.744100919776349, "f26": 0.06828417634669903, "f27": -1.437649451064997, "f28": 0.6561534987222726, "f29": 2.6143069455738486, "f3": 0.0326212164495332, "f30": 0.5173735911305006, "f31": 0.12485545564074096, "f32": -0.7236607497414966, "f33": 0.4227361639861036, "f34": 0.018262957822234416, "f35": -0.05871823294189352, "f36": -0.1347672488995333, "f37": -0.7578426140922101, "f38": -2.6872138064099635, "f39": 2.9783130599406227, "f4": -1.5325342266260413, "f40": 1.1721223367625722, "f41": 1.3538280030478678, "f42": 0.17901132227825078, "f43": 2.3732334145948317, "f44": -0.661126001817693, "f45": -0.272969629024465, "f46": 0.22211338757391602, "f47": 0.1850788468471687, "f48": -0.9475714873275143, "f49": -0.46610516581172146, "f5": -0.5379229523401303, "f50": -0.7726191056785385, "f51": -1.1488890271071925, "f52": 0.8747854734440614, "f53": -0.775042559192129, "f54": -0.9260214351957718, "f55": -0.24910203642450515, "f6": 2.3557419173660827, "f7": -0.5130631287929046, "f8": -0.7440359807804062, "f9": -0.5799675165072933}, "datetime": {"datetime": "2023-02-03 12:01:11", "elapsed": 3955.948798, "delta": 84.750215}}
{"target": 0.19760436654270794, "params": {"f0": 1.179604045529566, "f1": 0.8325999214026911, "f10": 0.029115604420279162, "f11": 0.08365262018555597, "f12": 1.8475275302423402, "f13": 0.9560093093073364, "f14": -2.788467647141653, "f15": -2.1780005570294687, "f16": 0.7655351596691791, "f17": -2.7739961701158817, "f18": -0.15557773116206894, "f19": -0.6377148953594669, "f2": -0.5833075889578998, "f20": -1.6505218427561874, "f21": -0.5515358015293423, "f22": 0.9860600846455168, "f23": -0.14062089072214856, "f24": -0.42272844342501303, "f25": -0.9155704911941616, "f26": 0.03943429443084079, "f27": -1.5594929452267534, "f28": 0.9589949559721657, "f29": -0.15350295827390392, "f3": -0.8110654358759957, "f30": 1.9843715811226912, "f31": 2.1838094206226315, "f32": -1.469955671256391, "f33": 1.2712714934716276, "f34": -1.4475488226066284, "f35": 1.7092053584031557, "f36": -1.330848419839967, "f37": 0.10926655428251575, "f38": -1.0058205644140954, "f39": 0.3927888733167865, "f4": -1.8605869857149417, "f40": 0.6666813247915917, "f41": 2.012298249151606, "f42": -1.8356970158997985, "f43": 0.5279569008345686, "f44": -1.6898833321776583, "f45": -1.0374537056095816, "f46": 0.6589549662828369, "f47": -3.035747381189131, "f48": -2.0781202922341127, "f49": -1.0955467363937748, "f5": -0.6550473740431428, "f50": -2.626673225513722, "f51": -1.838313256240607, "f52": 2.5616384942732577, "f53": -0.25453799659384124, "f54": -2.262116398203439, "f55": 2.2491167444161904, "f6": 0.5099125005261722, "f7": -1.759811983333254, "f8": -1.8370107611033875, "f9": -0.9589079297672987}, "datetime": {"datetime": "2023-02-03 12:02:30", "elapsed": 4035.087292, "delta": 79.138494}}
{"target": 0.149334857726138, "params": {"f0": 0.8749628302930856, "f1": -0.09559519643369856, "f10": -0.6860449781945084, "f11": 1.050019749061787, "f12": 2.9514898927315656, "f13": 0.4345678966054168, "f14": -1.2582669543349614, "f15": -0.05775204629157216, "f16": 2.8914436923273783, "f17": -1.8078088099151608, "f18": 0.5948008341042157, "f19": -1.4076507722150793, "f2": -0.41867366217790325, "f20": -2.790062703235334, "f21": -0.8806030592462487, "f22": 2.190723375177446, "f23": 1.4654196542960085, "f24": 0.07551986677015754, "f25": -2.493227941461405, "f26": -0.8191911599925413, "f27": -0.674431536334203, "f28": 2.9041556617200004, "f29": 2.3104591436511526, "f3": 0.4038300474651635, "f30": 1.6612525805729972, "f31": 2.4269636100296577, "f32": -0.7880853403139922, "f33": 2.8865093535217405, "f34": -1.9931328585324422, "f35": 0.0686454475268653, "f36": -0.19939988319707003, "f37": -1.7983017557157088, "f38": -2.8095298774872255, "f39": 2.701305624067196, "f4": -0.03576452294670984, "f40": 0.7529157372168085, "f41": -0.2234359445519569, "f42": -2.3098391174716078, "f43": 0.9647360177853177, "f44": -0.8911508264631463, "f45": 0.2016035317487188, "f46": -0.06351575726382974, "f47": -2.398062815847707, "f48": -2.2124156663749464, "f49": -2.9050627447979416, "f5": -2.820121588509008, "f50": -1.0818835258667734, "f51": -0.357835984145741, "f52": -0.07212567862872975, "f53": -1.2139416374950698, "f54": 0.0004165529224389175, "f55": 1.033840372193558, "f6": 0.30901807602643205, "f7": -2.915167379651129, "f8": -0.47026618150505617, "f9": -0.8266305474627162}, "datetime": {"datetime": "2023-02-03 12:03:21", "elapsed": 4086.044842, "delta": 50.95755}}
{"target": 0.1151064888708022, "params": {"f0": 0.7745301191178566, "f1": 1.5859988347869618, "f10": -2.38056050982958, "f11": 1.2627896611291498, "f12": 2.476408071835487, "f13": 2.847157294154728, "f14": -2.9293570677505123, "f15": -0.1352938745002623, "f16": 2.868501533698269, "f17": -0.7138036557066156, "f18": 0.4757855079726608, "f19": -2.1707476204413574, "f2": -2.7258645614274473, "f20": 0.13637936727747935, "f21": 0.5164365504989241, "f22": 1.7588663350250324, "f23": 2.9732539240643963, "f24": 0.10190540681578886, "f25": -1.0322447315970211, "f26": -0.274283468823995, "f27": 0.01062937923818863, "f28": 1.7865183786601422, "f29": 0.7783636835920026, "f3": -1.0044901855370123, "f30": 1.3489697526779258, "f31": 2.0570315058463406, "f32": -1.2995218724509718, "f33": 0.1437233290744036, "f34": -0.8624406825454884, "f35": 0.5759729244645138, "f36": -1.1960656359097652, "f37": -2.489304445708948, "f38": -1.8576425851992218, "f39": 1.5317414665163194, "f4": -1.934388824744915, "f40": 1.0671955159482363, "f41": 1.1371855580270815, "f42": -2.226816497629487, "f43": 1.3046582229994192, "f44": 0.09548712546754912, "f45": -1.6009583103750493, "f46": 0.5748742023329799, "f47": -0.8317148206229095, "f48": -2.5912317165686676, "f49": -1.1917865047403458, "f5": -1.8931901468174932, "f50": -2.405260041127538, "f51": -0.3350484941087446, "f52": 0.7162453687489245, "f53": -2.8196861753072064, "f54": -2.9728014959369906, "f55": 2.3123541065326783, "f6": 1.1751994729638302, "f7": -1.722671869210696, "f8": -1.6110474256199458, "f9": -0.28851270375927074}, "datetime": {"datetime": "2023-02-03 12:05:07", "elapsed": 4192.511272, "delta": 106.46643}}
{"target": 0.3545700331668026, "params": {"f0": 0.0490062379516219, "f1": 2.8256519554100255, "f10": -2.6492165066608004, "f11": 2.5765862944489015, "f12": 1.5112384365909692, "f13": 0.5780677380440049, "f14": -1.611462787609201, "f15": -2.19693509229589, "f16": -0.054228065437312845, "f17": -2.4320027451940183, "f18": 0.5361075217879885, "f19": -1.1189591987528227, "f2": -0.4950744291354434, "f20": 0.040699170369878246, "f21": -0.8112671218225829, "f22": 0.11735900128633803, "f23": 0.6400088397049541, "f24": 0.6203745222374493, "f25": -1.8020500389266914, "f26": 0.28857535020483516, "f27": -1.236594529849052, "f28": 0.7657446802530532, "f29": 1.007641348601257, "f3": -0.2604893391005918, "f30": 2.761586129361487, "f31": 1.7750015276303042, "f32": -0.5199829776573317, "f33": 1.0777219358881958, "f34": -1.5637635023858787, "f35": 1.3884930470270427, "f36": -0.2431797635183628, "f37": -2.71724308490146, "f38": -2.4569373320259578, "f39": 0.14267467632941802, "f4": -1.2068105893456698, "f40": 0.8098505265238986, "f41": 2.1091799726201446, "f42": -0.3651630697160133, "f43": 0.011365183920518801, "f44": -0.658886480362106, "f45": -0.4817551922143579, "f46": -0.20332479867648406, "f47": -0.3897135095305715, "f48": -2.7784594357084385, "f49": -1.8908618520186131, "f5": -2.829091149277668, "f50": -2.0299691199519905, "f51": -0.11445186195514889, "f52": 2.802818209297519, "f53": -2.841318545062959, "f54": -2.0797195888855495, "f55": 1.9927090093653577, "f6": 0.0006304273238205149, "f7": -2.2346577572153734, "f8": -0.3847533310577729, "f9": -1.6510425828337696}, "datetime": {"datetime": "2023-02-03 12:06:06", "elapsed": 4251.411654, "delta": 58.900382}}
{"target": 0.45412676380759587, "params": {"f0": 0.37123191649707676, "f1": 0.16099249465772028, "f10": -1.290353094036697, "f11": 3.003404427422857, "f12": 0.8313871001922262, "f13": 2.3936761245318308, "f14": -1.6917596030463236, "f15": -2.2627512241048584, "f16": 1.531791813619772, "f17": -0.4390461203511329, "f18": 0.9372454678601752, "f19": -1.5062620971237597, "f2": -2.367377343800925, "f20": -2.732948011838948, "f21": -0.641151909870735, "f22": 0.4897881493018096, "f23": 2.5579729487476954, "f24": 0.21374377779789733, "f25": -0.37875831536973514, "f26": -0.4708089358020524, "f27": -0.7736950218691585, "f28": 1.726761907553828, "f29": 1.8918099434843165, "f3": -0.7264953338841578, "f30": 2.300845333148965, "f31": 2.526116853222947, "f32": -0.6426681964356198, "f33": 0.8906177704157547, "f34": -2.1302389336953467, "f35": 2.7729210260922073, "f36": -1.9475286047955236, "f37": -0.3811538456267436, "f38": -2.527487289867204, "f39": 1.3573224636624057, "f4": -0.1640177749216849, "f40": 1.7920496570518678, "f41": 2.270532556214957, "f42": -2.487368061716727, "f43": 1.090652040697382, "f44": -0.487774181182127, "f45": -0.5051694799016693, "f46": 0.02314296637148744, "f47": -2.702717654391655, "f48": -2.0062151050167327, "f49": -0.561899276571515, "f5": -2.393986419881159, "f50": -2.233054099658439, "f51": -1.5121727120457893, "f52": 2.209724374399241, "f53": -2.826705590762062, "f54": 0.009052119379297174, "f55": 1.8580040054116282, "f6": 2.7520671871741547, "f7": -2.6178064289966283, "f8": -1.5179012452870908, "f9": -0.7338867721139719}, "datetime": {"datetime": "2023-02-03 12:07:17", "elapsed": 4322.029658, "delta": 70.618004}}
{"target": 0.6801760540424727, "params": {"f0": 0.3284733805193817, "f1": 0.6209202686741345, "f10": -0.19730364563229674, "f11": 2.2835962654673088, "f12": 2.1505797843959162, "f13": 0.9130611078437303, "f14": -3.00719755893244, "f15": -1.4228218753673079, "f16": 0.029327119187422507, "f17": -2.069664195695423, "f18": 2.73659286092106, "f19": -2.853538645172018, "f2": -2.8854285982313117, "f20": -0.5143474658666207, "f21": -0.9109477480564925, "f22": 2.026445373515033, "f23": 2.9363998911679796, "f24": -0.28194538750497716, "f25": -0.7012981258010176, "f26": -0.2471654868867743, "f27": -2.9712548818447, "f28": 2.023160261150507, "f29": 1.3324098679451615, "f3": -0.0046112554050783405, "f30": 1.6526166910857643, "f31": 2.069886860541329, "f32": -2.63629351275945, "f33": 1.7985518362963098, "f34": -2.1305573711665065, "f35": 1.7802661524004486, "f36": -0.17265659820856394, "f37": -2.332227171189701, "f38": -0.9854055365966472, "f39": 0.21338868674272546, "f4": -0.9287002476813453, "f40": 1.8621789749493456, "f41": 2.2510462192478222, "f42": -2.281899195808725, "f43": 0.14964987005399913, "f44": -2.016648150138466, "f45": -0.2887531131749641, "f46": -0.26395079341680305, "f47": -0.4136758586388152, "f48": -1.5069067855656852, "f49": -1.8773816441879747, "f5": -1.9581501817259073, "f50": -1.0726394006321944, "f51": -2.846530160175073, "f52": 0.06240664273900218, "f53": -2.7176358276215398, "f54": -2.2652144990019445, "f55": 1.1699984014828633, "f6": 0.8770587404097279, "f7": -1.6650602585470373, "f8": -0.08268772838637983, "f9": -0.367807336102723}, "datetime": {"datetime": "2023-02-03 12:10:45", "elapsed": 4530.18916, "delta": 208.159502}}
{"target": 0.10191774713447105, "params": {"f0": 0.8380283716567334, "f1": 0.24102652363234844, "f10": -0.677642638322586, "f11": 1.6710500227517262, "f12": 0.9044605875247382, "f13": 0.43111105450318155, "f14": -1.1477606227003125, "f15": -1.7392777893157443, "f16": 0.6305503573050436, "f17": -1.967262944206381, "f18": 1.2272107460097073, "f19": -0.7984870478814519, "f2": -0.08789648010936135, "f20": -1.1517671533733822, "f21": -1.989072020607185, "f22": 1.5686456657630732, "f23": 2.666079843075104, "f24": -0.6031502287786186, "f25": -1.3259849508123465, "f26": -0.11663557271394231, "f27": -1.1164135111666185, "f28": 1.622516006551819, "f29": 1.48652551970211, "f3": 0.6149632642143308, "f30": 2.92234382377353, "f31": 1.2514289589339436, "f32": -0.14435867467990748, "f33": 0.5594868657238244, "f34": -2.6480097136487917, "f35": 2.4315976626381226, "f36": 0.15802277549514254, "f37": -2.9251666004823855, "f38": 0.06808023475534997, "f39": -0.5665255634961353, "f4": 0.05164060001890647, "f40": 0.2640578847435959, "f41": 1.6454207163413235, "f42": -2.326845128329622, "f43": 0.36025205837544283, "f44": -0.2665791572285201, "f45": -0.6118933456913301, "f46": 0.22068559090209305, "f47": 0.11813424003265593, "f48": -1.6733259788010515, "f49": -2.764183763817053, "f5": -1.755606936882155, "f50": -1.3790423376539653, "f51": -0.17841349073604773, "f52": -0.14331959586888887, "f53": -1.1920633100054452, "f54": -0.32705390320192285, "f55": 1.4656563917117913, "f6": 0.487790653896974, "f7": -0.8571409670019898, "f8": -0.8327035324613999, "f9": -0.20935342993045503}, "datetime": {"datetime": "2023-02-03 12:11:18", "elapsed": 4562.848981, "delta": 32.659821}}
{"target": 0.23714775879504255, "params": {"f0": -0.3123462837935258, "f1": 0.040938136507113865, "f10": -0.09983472343056488, "f11": 2.0980549295100643, "f12": 0.79646921623419, "f13": 1.858383540975251, "f14": -2.337902689798667, "f15": -1.9644072847421512, "f16": 0.14070500455959167, "f17": -1.824463461223286, "f18": 0.5776545264085086, "f19": -1.2142936972725518, "f2": -1.6267883860288745, "f20": -0.16155680090551328, "f21": -1.9198567101501314, "f22": 1.678786735714532, "f23": 1.7999355800351167, "f24": -0.3170574397940844, "f25": -0.301566089264943, "f26": 0.4622935734221947, "f27": -1.533072469200719, "f28": 1.6115505458470134, "f29": 1.7102215727430448, "f3": 0.7426508128585196, "f30": 0.20044661978694686, "f31": 2.5516587322275237, "f32": -2.7598396687370292, "f33": 2.7092993898122852, "f34": -0.3191850241361833, "f35": 1.6255279755075278, "f36": -0.1592856533555448, "f37": -1.3556961646408334, "f38": -1.1323746322760118, "f39": -0.16734831348726337, "f4": 0.11081382435688791, "f40": 1.1224569750674787, "f41": 0.5778638794424831, "f42": -2.246079060828935, "f43": 0.18393498396987773, "f44": -1.6887432693050797, "f45": 0.023364116815270286, "f46": 0.14860696746363944, "f47": 0.3196731035908409, "f48": -1.7780774331257796, "f49": -1.3151437187196677, "f5": -2.271824622363731, "f50": -1.0467666494589993, "f51": -1.5835544891795268, "f52": 0.37311229398966306, "f53": -0.30521784197473023, "f54": -2.8202110508819485, "f55": -0.04800269020869645, "f6": 1.0980391803487097, "f7": 0.01561669547911837, "f8": 0.18013494360142634, "f9": -0.007895355010494765}, "datetime": {"datetime": "2023-02-03 12:12:18", "elapsed": 4623.581636, "delta": 60.732655}}
{"target": 0.13846180883396234, "params": {"f0": 0.5071019204270051, "f1": 0.3900587062834755, "f10": 0.43927201350977374, "f11": 2.3506224957202098, "f12": 0.042352110019527364, "f13": 1.4336207178694018, "f14": -0.928182575641888, "f15": -0.5794882732639364, "f16": -0.4576325664807757, "f17": -0.6439773069827828, "f18": 1.2495624693549223, "f19": -2.0897774914696203, "f2": -1.5683209020638569, "f20": -0.33383138698765147, "f21": -1.5954581877831042, "f22": 0.3830429616462838, "f23": 0.958354869725031, "f24": -0.780979231385757, "f25": -1.6303464158005925, "f26": 0.010839538835709428, "f27": -0.9502894929483303, "f28": 0.0061206040762522285, "f29": 0.9004168078456312, "f3": -0.49022035246631146, "f30": 0.49889613809428474, "f31": 1.685509867953791, "f32": -1.8114885219010601, "f33": 0.23147837754263234, "f34": -1.6050933643831777, "f35": 2.2936083601827097, "f36": -0.745321189137288, "f37": -1.8596878028279582, "f38": -1.746493702538242, "f39": 0.9164988052972254, "f4": -0.6788859402995584, "f40": 2.3846902447753635, "f41": 0.8386999525471428, "f42": -2.115630890599075, "f43": 0.5748705736952201, "f44": -2.600139577734527, "f45": 0.38668507757779325, "f46": -0.5307816350345422, "f47": -0.2597968670167774, "f48": -1.4324943069589446, "f49": -1.8492010530381147, "f5": -0.3714825691241259, "f50": -0.03881050676889508, "f51": -1.344063646933898, "f52": 0.3552558106007021, "f53": -1.6846248546657296, "f54": -2.9775912565148612, "f55": -0.11593592957199078, "f6": 0.7960517865865078, "f7": -1.6603902211564985, "f8": 0.5843359360770122, "f9": -0.13940204402902956}, "datetime": {"datetime": "2023-02-03 12:12:58", "elapsed": 4663.672268, "delta": 40.090632}}
{"target": 0.09691219676789584, "params": {"f0": -0.02781823416693674, "f1": 0.5655918346420304, "f10": -0.4767010240303113, "f11": 0.20457736780382374, "f12": 0.563654155551992, "f13": 0.4329710445627598, "f14": -2.6864219419729216, "f15": -1.508004557390784, "f16": -0.018820684710146085, "f17": -2.39046065900499, "f18": 0.9499834061668448, "f19": -1.8947229855111902, "f2": -2.881291451428731, "f20": 0.21328968174758356, "f21": -1.8477264627248298, "f22": 0.2164644298636882, "f23": 0.7340835446601658, "f24": -0.900518877475113, "f25": -1.600215095775929, "f26": -0.40570915985449285, "f27": -2.311315945920077, "f28": 1.8517100788577525, "f29": 2.2666046704327836, "f3": 0.4701744885381085, "f30": 1.1658368464833957, "f31": 1.902407851250958, "f32": -0.6955003656432082, "f33": 1.5431962970524218, "f34": -2.5797590956334657, "f35": 0.744619767532966, "f36": 0.18091367587243845, "f37": -2.0012671736134164, "f38": -0.734324322220582, "f39": -0.0042176534077035255, "f4": -1.2516298711097464, "f40": 1.9648073812051983, "f41": 1.1111990768976756, "f42": -2.9782487476009165, "f43": 0.22263591717853848, "f44": -1.0771835790544881, "f45": 0.44245201088247743, "f46": 0.3313875306976102, "f47": 0.017905504907654413, "f48": -1.835648956676962, "f49": -1.6581256359497498, "f5": -1.0026078884975638, "f50": 0.005644289887319687, "f51": -0.06944935183876488, "f52": -0.18123170043491754, "f53": -0.2551058582551593, "f54": -0.17647411870317642, "f55": 2.1707032523249716, "f6": 1.2799075412574483, "f7": -2.9963235274904836, "f8": 0.5583911711990754, "f9": 0.1212787869976617}, "datetime": {"datetime": "2023-02-03 12:14:55", "elapsed": 4780.654832, "delta": 116.982564}}
