{"target": 0.5183810858256825, "params": {"f0": 2.6165509630558357, "f1": 1.4757024969219534, "f10": -0.5476657953652121, "f11": 0.06889352069595465, "f12": -2.000745520312673, "f13": -0.7926195752019752, "f14": -1.1759828181050194, "f15": 1.4732560447705234, "f16": 0.3412996308985258, "f17": 0.002722222034170496, "f18": 0.8149430736338832, "f19": -0.5607281435858544, "f2": 0.05811611266944061, "f20": 0.760412076153621, "f21": 0.5830194145546603, "f22": -0.5175098238031244, "f23": -0.4593817405172962, "f24": -1.2195567072157438, "f25": -1.9757694384938256, "f26": -1.9717499645971408, "f27": 0.2534398117012243, "f28": -0.022763494397411807, "f29": 1.1186028020639072, "f3": 0.1779159030833105, "f30": -0.395632331227753, "f31": -0.10836664986257517, "f32": 0.05309492895353882, "f33": -1.3084700735590344, "f34": 2.6568237895959976, "f35": 2.052893840883533, "f36": -2.0045923683358, "f37": -0.18901250646964285, "f38": 0.1762949331390648, "f39": 0.7105295505186239, "f4": -0.14856515339159093, "f40": -1.2721977648525502, "f41": 1.7933925677086493, "f42": 1.0049840212306176, "f43": -0.1382512593926674, "f44": 0.4985070022595027, "f45": -0.852436956121871, "f46": -0.2964131161298417, "f47": 0.4456624906058501, "f48": -2.8926584691810464, "f49": -0.8109968852922143, "f5": -1.325283780007503, "f50": -1.2449862580086961, "f51": 0.44856610767242305, "f52": -0.8176106374434927, "f53": 0.14824066793345364, "f54": 2.0171362704671405, "f55": 1.1855677758742895, "f6": -1.8451960216013163, "f7": -0.2531463453255308, "f8": 1.3212054813660696, "f9": 2.9780132817253047}, "datetime": {"datetime": "2023-01-30 14:02:54", "elapsed": 8250.892929, "delta": 85.288064}}
{"target": 0.2205616091627049, "params": {"f0": 2.6464669652595916, "f1": 1.192198573862225, "f10": -0.2129059167602746, "f11": 0.6143807612554639, "f12": -0.8824916983223705, "f13": -0.7343663994878904, "f14": -0.8728919502832273, "f15": 0.7564461256376216, "f16": 1.1481242271545316, "f17": -0.0040395150574661365, "f18": 1.7999960340265653, "f19": -1.4077011900808436, "f2": -0.3576613345432425, "f20": 1.3872194389643093, "f21": 0.8056901368763091, "f22": -0.7613698775600087, "f23": -0.06843443498172525, "f24": -0.8558559950595739, "f25": -1.628243957598636, "f26": -1.8518045684624056, "f27": 1.0026624891358162, "f28": 0.24999889990001842, "f29": 1.2418515056435133, "f3": -0.020547285041859098, "f30": -0.5427133177989354, "f31": 0.35373187691849184, "f32": 0.08357571849461248, "f33": -1.7302044586804681, "f34": 2.4091492187614048, "f35": 2.4054419269242793, "f36": -1.8693918069976516, "f37": -0.6213677724990926, "f38": -0.06024307084318192, "f39": 2.4431889837951095, "f4": -0.6180063057190814, "f40": -1.6799499705712628, "f41": 1.4121918496268102, "f42": 1.323278398318895, "f43": -0.2451516069030769, "f44": 2.7085097457598275, "f45": -0.609555818772564, "f46": -0.16183078966447773, "f47": -0.10097300447246313, "f48": -0.7730320282941334, "f49": -1.153896741448609, "f5": -1.3294962497877534, "f50": -0.5218485704249689, "f51": 0.42864990354947446, "f52": -0.7433762943580622, "f53": 0.5008779667184655, "f54": 1.4042754586066561, "f55": 1.3113467228453586, "f6": -1.9182356802662426, "f7": -0.45885256031952454, "f8": 2.077965200168321, "f9": 1.1472666680771688}, "datetime": {"datetime": "2023-01-30 14:04:45", "elapsed": 8361.682265, "delta": 110.789336}}
{"target": 0.2666989733719882, "params": {"f0": 1.4274806837789453, "f1": 1.9409787102408451, "f10": -0.5029702453846089, "f11": 0.04197921167733659, "f12": -2.693262884769948, "f13": -1.1489354040724078, "f14": -2.039632167609067, "f15": 0.6353299828763332, "f16": 0.9075912173875478, "f17": 0.07474261925537362, "f18": 1.3952387182753307, "f19": -1.0901184818230862, "f2": -0.020003078061477608, "f20": 1.5636048398912819, "f21": 0.776522634661483, "f22": -1.3419246511591807, "f23": 0.24528894072808027, "f24": -0.8277240285688228, "f25": -2.5824958560772626, "f26": -2.9425952808985074, "f27": 0.8699124042793396, "f28": 0.2621708314707446, "f29": 2.1532879095310684, "f3": 0.43771831891165497, "f30": -1.1631134129902148, "f31": 0.03280088729180003, "f32": 0.37558765939649785, "f33": -2.9662502406112723, "f34": 2.7768585635976564, "f35": 0.6638775321571586, "f36": -2.0416689353115234, "f37": -0.8821203561727207, "f38": -0.17717021611277212, "f39": 2.128563907985874, "f4": -0.21764690557276611, "f40": -1.6189451525063672, "f41": 0.501190531770427, "f42": 0.6314670696168844, "f43": 0.14340051299583356, "f44": 2.5438593165096592, "f45": -0.3632996905044106, "f46": -0.31450858590018493, "f47": 0.39514484723992666, "f48": -0.8142773644602346, "f49": -1.1551817446515364, "f5": -0.707046256326435, "f50": -1.5004916520932963, "f51": 1.1424571159436878, "f52": -0.8750703319357482, "f53": 0.30834707387899646, "f54": 0.9449982486040058, "f55": 1.023168748895892, "f6": -0.4493223370862056, "f7": 0.004307867535580989, "f8": 2.0709800469525734, "f9": 2.4397221574033314}, "datetime": {"datetime": "2023-01-30 14:05:52", "elapsed": 8429.048953, "delta": 67.366688}}
{"target": 0.38830605046366673, "params": {"f0": 2.479655627357842, "f1": 0.9893751167037097, "f10": -0.6936939245794325, "f11": 0.35982012631679827, "f12": -2.9606136385137507, "f13": -0.9299723572571073, "f14": -1.0407044294470589, "f15": 0.4343956059162349, "f16": 1.3585318968404951, "f17": -0.3262892321041235, "f18": 2.5239604418549573, "f19": -0.4620858503288414, "f2": -0.14136334277816653, "f20": 0.5546525578646808, "f21": 0.2973249870491519, "f22": -0.6576410219924205, "f23": 0.11120407421994893, "f24": -2.5966125451991893, "f25": -2.0969729345549872, "f26": -2.0035103308113893, "f27": 0.7887128472119865, "f28": 0.040942156205303226, "f29": 0.462680430511383, "f3": 0.4436074814479178, "f30": -0.9846252988802865, "f31": 0.20735590560693465, "f32": 0.49641594566660746, "f33": -2.645566143678254, "f34": 1.778465876227462, "f35": 1.1899816222190753, "f36": -1.8512428040045352, "f37": -0.8279054877212297, "f38": 0.206314261095017, "f39": 2.2040688133679316, "f4": -0.578578917305672, "f40": -1.6973184401083146, "f41": 1.9522389774022457, "f42": 1.220711607752792, "f43": -0.3338526712350742, "f44": 1.7393819946020475, "f45": -0.14905028730619863, "f46": -0.12216097335528808, "f47": 0.5416861974561582, "f48": -0.5081260007366293, "f49": -0.9770323224636257, "f5": -1.1326961967722748, "f50": -2.0692435821974686, "f51": 0.7338260553019977, "f52": -0.4066870560864697, "f53": 0.28998328023122705, "f54": 0.6851822175379134, "f55": 1.271777259798223, "f6": -1.0923754692586092, "f7": -0.2601519470810263, "f8": 1.0032728939323547, "f9": 0.5859531546731959}, "datetime": {"datetime": "2023-01-30 14:07:06", "elapsed": 8502.673623, "delta": 73.62467}}
{"target": 0.0002654177839192432, "params": {"f0": 2.9635673297940848, "f1": 0.523198982221164, "f10": -0.11045226753824977, "f11": -0.07125962748199241, "f12": -1.5335387116682446, "f13": -0.468224664388762, "f14": -0.9876291292705615, "f15": 1.3314528339742977, "f16": 0.9798387410184621, "f17": -0.3285828868550141, "f18": 2.3049697697728107, "f19": -1.0280390704307458, "f2": -0.34231596662105745, "f20": 2.037420775687427, "f21": 0.3392394275900093, "f22": -0.8866860998614883, "f23": -0.4945483551771837, "f24": -1.0213182180821916, "f25": -1.9596859382201097, "f26": -1.0597842359122052, "f27": 0.4688599713081233, "f28": 0.3939848073319586, "f29": 0.9407938014095976, "f3": 0.4084396973466646, "f30": -1.2595095962294351, "f31": 0.578082766188698, "f32": 0.6522910812035418, "f33": -1.910414907550473, "f34": 2.949434583561784, "f35": 1.2045070568596268, "f36": -0.4517402450485368, "f37": -0.5271683265754652, "f38": 0.1828699918424515, "f39": 1.7193737867377532, "f4": -0.7033372457286092, "f40": -1.6836836523764065, "f41": 0.6541419181930583, "f42": 0.9837951925445853, "f43": -0.40020529758369516, "f44": 2.328049250923261, "f45": -0.7901432267792236, "f46": -0.2450115615849007, "f47": -0.10392029543210263, "f48": -1.478236628895356, "f49": -1.0234605266271355, "f5": -0.6723296708588568, "f50": -1.4273560940466923, "f51": 0.7658193470944117, "f52": -1.0491490181839271, "f53": 0.24851126478893942, "f54": 0.7613268275499938, "f55": 1.188664400043318, "f6": -1.6903145548934555, "f7": -0.014319170777144286, "f8": 2.1512420868410524, "f9": 1.196265979877313}, "datetime": {"datetime": "2023-01-30 14:13:25", "elapsed": 8881.246047, "delta": 378.572424}}
{"target": 0.2102444107275142, "params": {"f0": 1.0938695064051704, "f1": 0.8655323298576454, "f10": -0.061380235309790976, "f11": 0.1447241470643595, "f12": -2.7416648437045623, "f13": -0.6185731423625649, "f14": -1.3684300383448653, "f15": 1.6093470052037533, "f16": 1.3848276818813297, "f17": -0.264680335200047, "f18": 1.299717312710678, "f19": -0.5522164168076138, "f2": 0.12484568509629801, "f20": 1.2403137564231361, "f21": 0.10745098469553924, "f22": -1.2549063025907257, "f23": -0.2965093346859025, "f24": -0.5494203359707002, "f25": -1.0434220929209137, "f26": -2.009894024287466, "f27": 0.32366455528967913, "f28": 0.1400384396795519, "f29": 1.4641130521716212, "f3": -0.2656477468087301, "f30": -0.8463660587921157, "f31": 0.25286355454387965, "f32": 0.6534508378544215, "f33": -2.4343423707528493, "f34": 0.8560855311225033, "f35": 2.8578424703363154, "f36": -0.9983974166125753, "f37": -0.6160079295911374, "f38": -0.029954038016071216, "f39": 2.2497476042124314, "f4": -0.4552012101553046, "f40": -1.0708607818488756, "f41": 0.718948832099177, "f42": 1.904744127912348, "f43": -0.3258966234488363, "f44": 2.716201201392159, "f45": -0.7870453563130518, "f46": 0.2893734581098085, "f47": 0.47277340037594223, "f48": -2.823885924227055, "f49": -1.2125602494358085, "f5": -0.39530577031832936, "f50": -0.5931485885124739, "f51": 0.36515765697168845, "f52": -1.044601056199117, "f53": -0.18601166783041875, "f54": 1.9109589027108747, "f55": 0.8842693501625505, "f6": -1.139934234612895, "f7": 0.060869412457392524, "f8": 1.8125297572177694, "f9": 1.1958629539116394}, "datetime": {"datetime": "2023-01-30 14:14:15", "elapsed": 8932.111535, "delta": 50.865488}}
{"target": 0.2718248873018163, "params": {"f0": 0.9584425292854826, "f1": 0.6302612641047242, "f10": -0.5208387814196886, "f11": 0.6269970405697189, "f12": -2.1514192226394995, "f13": -1.1785631523734152, "f14": -1.8291258985306476, "f15": 1.1042861991644228, "f16": 0.5889369684275249, "f17": -0.10834353656163936, "f18": 1.84621669295709, "f19": -0.4677803266484253, "f2": -0.132250901513282, "f20": 0.9708868733397757, "f21": 0.6294491590213155, "f22": -1.4075619277498062, "f23": -0.5005033658311095, "f24": -1.6424042659406044, "f25": -2.085767044485047, "f26": -2.376204453300898, "f27": 0.28592662466773133, "f28": 0.26281750712213836, "f29": 2.2087386413916597, "f3": -0.02862094465677678, "f30": -0.6308294918623396, "f31": 0.47188350077259056, "f32": 0.6975178453418169, "f33": -0.7808740188297434, "f34": 2.1810697421648584, "f35": 1.3619670463907871, "f36": -1.7321582218569178, "f37": -0.9075434335756566, "f38": 0.29645130977597883, "f39": 2.291568502301729, "f4": -0.28325461346926095, "f40": -1.7057907143607989, "f41": 0.9613294374022542, "f42": 0.9398709944869774, "f43": -0.04982711525871164, "f44": 2.202408621917302, "f45": -0.28845067837987703, "f46": -0.19753987209262036, "f47": 0.02350591722292085, "f48": -1.8737061406118334, "f49": -1.041435579820302, "f5": -1.2244387607920642, "f50": -2.0269791018270835, "f51": 1.1774101704205269, "f52": -0.34207407552465374, "f53": 0.28256439741653644, "f54": 1.3368520507441848, "f55": 1.0246667223308568, "f6": -1.3778997894839962, "f7": 0.034848879023779755, "f8": 1.6935580001382, "f9": 2.4326111894597857}, "datetime": {"datetime": "2023-01-30 14:15:15", "elapsed": 8992.236435, "delta": 60.1249}}
{"target": 0.0903366899874057, "params": {"f0": 2.9678171157030047, "f1": 0.9853568104068393, "f10": -0.38951754570218244, "f11": 0.33468418350137613, "f12": -2.1373404776916622, "f13": -0.9818869372548592, "f14": -0.7207803009030882, "f15": 1.5035352944932625, "f16": 1.0127016490055347, "f17": -0.2630740576868289, "f18": 2.363728969990903, "f19": -0.827716152465163, "f2": -0.029258131940172905, "f20": 1.3570115434128094, "f21": 0.5968907469151356, "f22": -0.5191396708646712, "f23": 0.22482841847763857, "f24": -0.7649087512257098, "f25": -0.4767277295435326, "f26": -2.076353987497088, "f27": 0.2875783297407216, "f28": 0.15786550642788236, "f29": 0.9944647963193389, "f3": 0.4018888089327772, "f30": -1.07119648879056, "f31": 0.056065739195794745, "f32": 0.3403996090549691, "f33": -2.570251914916646, "f34": 1.9922388626616148, "f35": 1.8656987772735192, "f36": -1.1396522514429257, "f37": -0.2966985154757875, "f38": -0.4053015622106354, "f39": 2.7115064151600903, "f4": -0.020370003559316507, "f40": -0.7500084114849934, "f41": 0.6716754913774263, "f42": 2.97455587461236, "f43": 0.1786203172285432, "f44": 2.5480083757504, "f45": -0.23849617291276548, "f46": 0.2485938570332088, "f47": 0.44496573138283374, "f48": -1.7469629344436204, "f49": -0.7401221325449472, "f5": -0.6530582719906276, "f50": -0.5070514671598858, "f51": 1.1046498720058133, "f52": -1.2384358802611657, "f53": 0.32293205636717687, "f54": 1.4068586045231328, "f55": 0.3707202445063873, "f6": -1.686414137978218, "f7": -0.18924398486140004, "f8": 0.768858064885146, "f9": 2.556054536548329}, "datetime": {"datetime": "2023-01-30 14:15:17", "elapsed": 8993.274573, "delta": 1.038138}}
{"target": 0.38669007879469, "params": {"f0": 1.8026441555479324, "f1": 1.8871703642798792, "f10": -0.6261549075248628, "f11": 0.6968422249084764, "f12": -1.2024301801714234, "f13": -0.7806481384334312, "f14": -2.318093757410864, "f15": 0.96816164748322, "f16": 0.36934243558102103, "f17": -0.11875827427070423, "f18": 0.8989662761837902, "f19": -0.8360886838659755, "f2": -0.3721828145706647, "f20": 2.0873875242891615, "f21": 0.8160455242401338, "f22": -1.0739018179639255, "f23": -0.17858324964889782, "f24": -2.6812755872629372, "f25": -2.321683716419021, "f26": -1.733378494101732, "f27": 0.943093220804492, "f28": 0.1672903594446206, "f29": 2.088268543256922, "f3": 0.4673714388331646, "f30": -0.5130901418027809, "f31": 0.39489595168537106, "f32": 0.6561842363224548, "f33": -1.856656803505416, "f34": 2.28661645633116, "f35": 1.592910061067679, "f36": -0.5982530796754608, "f37": -0.3049591077363486, "f38": 0.1248834939085321, "f39": 1.5563564872004498, "f4": -0.6654642301014193, "f40": -1.4767753367899759, "f41": 0.8644083418857076, "f42": 0.587729860139875, "f43": 0.17268743131024777, "f44": 2.561874712407782, "f45": -0.6871362779941783, "f46": 0.013823613224876852, "f47": 0.3197595575940723, "f48": -2.610260371483637, "f49": -0.6212065862028482, "f5": -0.5284996881586064, "f50": -1.4124301606210388, "f51": 0.9441195649285155, "f52": -0.7800045513121154, "f53": 0.15195936100593832, "f54": 1.1077611624981638, "f55": 0.9980941959922641, "f6": -0.696354642245087, "f7": -0.3173014138233148, "f8": 0.4673200746942507, "f9": 0.8482987511949889}, "datetime": {"datetime": "2023-01-30 14:17:36", "elapsed": 9133.090842, "delta": 139.816269}}
{"target": 0.31972414242643576, "params": {"f0": 2.0790234144309454, "f1": 1.678624318518536, "f10": -0.11452004578981279, "f11": 0.3000795022452567, "f12": -2.296941041660907, "f13": -1.3908974777634695, "f14": -2.8642453205065745, "f15": 0.5065848787309539, "f16": 0.933613646103955, "f17": -0.07008047790949906, "f18": 2.6312873338298193, "f19": -1.0614770491110441, "f2": -0.0028899238810604633, "f20": 0.4834560225286119, "f21": 0.013405915991749152, "f22": -1.2602610072029954, "f23": -0.2539480277768968, "f24": -1.4593098770863757, "f25": -2.1217209613465084, "f26": -2.6583836098798566, "f27": 1.056526184777913, "f28": 0.27335273875298294, "f29": 1.288886388372158, "f3": 0.26933921430233904, "f30": -0.7648676797368, "f31": 0.15752682197437354, "f32": 0.4358831287025748, "f33": -1.1503326363208788, "f34": 0.7616708744997278, "f35": 1.8026203597937078, "f36": -0.7038602906433091, "f37": -0.8714076469856482, "f38": 0.3073996362340016, "f39": 1.7369075346043814, "f4": -0.1634455412083119, "f40": -1.644483438072667, "f41": 1.0703969616020799, "f42": 2.0650273155417036, "f43": 0.10564483976084926, "f44": 1.9702827404640668, "f45": -0.9210106413423126, "f46": -0.2940757664609953, "f47": 0.43478111651279844, "f48": -2.9911694818111476, "f49": -0.9260647599223881, "f5": -1.0587044143764086, "f50": -2.1419522547658523, "f51": 0.8511864864707335, "f52": -0.24934668091105494, "f53": 0.20277113834749289, "f54": 1.905847875003966, "f55": 0.7240962719919382, "f6": -0.8052246935081839, "f7": -0.5353986455318254, "f8": 0.6872730405283568, "f9": 1.341002876552707}, "datetime": {"datetime": "2023-01-30 14:19:12", "elapsed": 9229.203428, "delta": 96.112586}}
{"target": 0.22946383526382882, "params": {"f0": 0.5400436499685877, "f1": 0.5204590278435671, "f10": -0.33009725245975474, "f11": 0.042767367329533984, "f12": -0.9420954862687418, "f13": -0.6692372219766464, "f14": -2.793422617864076, "f15": 0.8736175244376196, "f16": 0.8602496384987948, "f17": -0.018994873737175233, "f18": 2.0783369763322437, "f19": -0.9597945694427533, "f2": -0.20728260410593313, "f20": 2.288851096013402, "f21": 0.5440232874825077, "f22": -1.4572343945075514, "f23": 0.013909601789831805, "f24": -0.780021425027071, "f25": -1.21359861329595, "f26": -1.2543329026505956, "f27": 0.10862580272440886, "f28": 0.3525871559994135, "f29": 0.6264222886374612, "f3": -0.13300048991163954, "f30": -0.9111610507438362, "f31": 0.23251113364559087, "f32": 0.012553069162253627, "f33": -1.7503535329999371, "f34": 1.4136067934116212, "f35": 2.3053534666588, "f36": -1.7947502793535552, "f37": -0.5465383236800568, "f38": 0.02252743937916507, "f39": 2.50250319761151, "f4": -0.28530625216053185, "f40": -1.157628832144943, "f41": 1.486567901508816, "f42": 2.5739119830259383, "f43": -0.31850772295455987, "f44": 1.1342373344218837, "f45": -0.5016142367904894, "f46": 0.23603118085540142, "f47": 0.562845220587482, "f48": -1.9833006038678604, "f49": -0.6240060277898489, "f5": -1.1179608437574826, "f50": -1.7834763195296652, "f51": 1.2705620322031446, "f52": -0.5496661054580696, "f53": 0.2929875951744924, "f54": 2.258081646145157, "f55": 0.870539808587772, "f6": -1.0155958360341693, "f7": -0.309580703044842, "f8": 1.1269771471010095, "f9": 1.8138697722771606}, "datetime": {"datetime": "2023-01-30 14:20:29", "elapsed": 9305.449433, "delta": 76.246005}}
{"target": 0.23253776638534268, "params": {"f0": 1.0019755878315109, "f1": 1.3589478260509413, "f10": -0.33357237679531404, "f11": 0.7477416102055343, "f12": -0.8631074661243803, "f13": -1.1091618399485217, "f14": -2.9974691458478344, "f15": 1.5321476688312237, "f16": 1.1366084563474006, "f17": -0.4368975609874461, "f18": 2.259943209201409, "f19": -0.5912957442803033, "f2": 0.02268182113673045, "f20": 1.1549902392224178, "f21": 0.021726531130261628, "f22": -0.7301620857013978, "f23": -0.47489191902819694, "f24": -2.1536398126485055, "f25": -2.624097437645679, "f26": -2.8069423347648845, "f27": 0.9006036121972636, "f28": 0.4336003557403133, "f29": 1.5926683161316517, "f3": 0.3336971238155489, "f30": -0.6984031599709424, "f31": 0.33636628421132564, "f32": 0.07420383761368685, "f33": -1.3770581530448174, "f34": 1.0196824408992609, "f35": 2.2053511000317894, "f36": -2.075060617478305, "f37": -0.20419362903288885, "f38": 0.07125043190543418, "f39": 1.2855059134867828, "f4": -0.09609851083535992, "f40": -0.5816278963971417, "f41": 1.5772774970061958, "f42": 2.5750127637021865, "f43": 0.054777961006187814, "f44": 2.637440936367001, "f45": -0.7007334973688528, "f46": -0.13677446579472813, "f47": -0.054281249391494736, "f48": -2.7472274903457805, "f49": -0.9126375461941951, "f5": -0.5355838788111494, "f50": -0.6030568104343828, "f51": 0.63515855388213, "f52": -0.579856319955232, "f53": 0.5819350102456804, "f54": 2.228603821647802, "f55": 1.0604139311482963, "f6": -1.370054059084738, "f7": -0.15418535044357928, "f8": 1.2207000401672992, "f9": 2.3789055442533957}, "datetime": {"datetime": "2023-01-30 14:21:49", "elapsed": 9385.7967, "delta": 80.347267}}
{"target": 0.2674694937571221, "params": {"f0": 1.1643326216051468, "f1": 1.32043169494253, "f10": -0.03850472049136866, "f11": 0.3345273336059332, "f12": -2.90198681611164, "f13": -0.39933571762672615, "f14": -2.263812423428305, "f15": 0.40749811119381224, "f16": 0.930164918033024, "f17": 0.28248451190390533, "f18": 1.1973615788257534, "f19": -0.3000608191509906, "f2": -0.3379079590712409, "f20": 0.9771373549417368, "f21": 0.2721425444159947, "f22": -0.5266299238186143, "f23": 0.21683343594110127, "f24": -2.7999262174146864, "f25": -1.0045606908656584, "f26": -1.8734992290873222, "f27": 1.0657171379882335, "f28": 0.16141824509103395, "f29": 1.7679545855310397, "f3": 0.27187204125155257, "f30": -1.1134178620748596, "f31": 0.5759717918996762, "f32": 0.43568785474108096, "f33": -0.9918184895474162, "f34": 0.6098973488969277, "f35": 2.464160283910747, "f36": -0.6720398489198749, "f37": -0.6555941292847, "f38": -0.19351532031427263, "f39": 2.993435132819078, "f4": 0.008358733125600204, "f40": -1.3428896954325444, "f41": 0.6673441625715544, "f42": 1.295284447937123, "f43": 0.13170295240918417, "f44": 0.5949786227007786, "f45": -0.9082348232293831, "f46": -0.3412247139639592, "f47": -0.09038221523513909, "f48": -2.644122454589005, "f49": -0.48283930122331375, "f5": -1.207122473275742, "f50": -1.236460466967356, "f51": 1.1261578138882393, "f52": -1.0228567384431002, "f53": 0.24993118570681122, "f54": 1.43837014235375, "f55": 1.3949843039311696, "f6": -1.2067173914200238, "f7": -0.011811007767591919, "f8": 1.7976045075303446, "f9": 0.5802679591466924}, "datetime": {"datetime": "2023-01-30 14:23:05", "elapsed": 9462.003866, "delta": 76.207166}}
