{"target": 0.4845768910722279, "params": {"f0": 1.6591276622400044, "f1": 3.0008060319232808, "f10": -3.0366928025003017, "f11": 0.17642420127418665, "f12": 3.006369603027615, "f13": 3.0467773128639264, "f14": -3.0288203922308146, "f15": -3.0265220656303153, "f16": 3.015289554926673, "f17": -3.049055429690199, "f18": 3.0418302115113782, "f19": -3.017363631688767, "f2": -3.0232814873824543, "f20": -3.0011476082613977, "f21": 0.738297063130674, "f22": 3.017507836914326, "f23": 3.049801720256873, "f24": 0.379871681854715, "f25": -3.0226775846659817, "f26": 0.1224153132817837, "f27": 0.34024076076328685, "f28": 3.046186291272398, "f29": -0.01661782556669317, "f3": -1.1626469056210496, "f30": 3.012447171507673, "f31": 3.036699947006908, "f32": -3.019898382859037, "f33": 0.4189592453225322, "f34": -2.1201805322694875, "f35": 3.0338889156121223, "f36": -1.7635794935290674, "f37": -3.0005765663909307, "f38": -3.022577497383963, "f39": 3.0348578408429807, "f4": -3.0180626158385295, "f40": 3.0297677226367488, "f41": 3.015945283731244, "f42": -3.007625133390697, "f43": 3.040185602543478, "f44": -2.1852017576253324, "f45": 1.234804993776835, "f46": 2.187626360211786, "f47": -3.0410188867601855, "f48": -2.5889497843843787, "f49": -3.0084056616048622, "f5": -0.25908811781394037, "f50": -3.043188409309721, "f51": -3.0484257207117413, "f52": 3.0067510351787914, "f53": -3.0378797784396205, "f54": -3.042390338253217, "f55": -1.2154369510378056, "f6": 3.0032775182000693, "f7": -3.027454017852021, "f8": 1.2285424211548452, "f9": -3.0150274443725267}, "datetime": {"datetime": "2023-02-03 11:16:39", "elapsed": 1284.14129, "delta": 123.848238}}
{"target": 0.4018969713802689, "params": {"f0": -1.216787140665501, "f1": 3.0008060319232808, "f10": -3.0366928025003017, "f11": 2.6719263936424573, "f12": 3.006369603027615, "f13": 3.0467773128639264, "f14": -3.0288203922308146, "f15": -3.0265220656303153, "f16": 3.015289554926673, "f17": -3.049055429690199, "f18": 3.0418302115113782, "f19": -3.017363631688767, "f2": -3.0232814873824543, "f20": -3.0011476082613977, "f21": -1.7461034195508465, "f22": 3.017507836914326, "f23": 3.049801720256873, "f24": -1.3607535442568155, "f25": -3.0226775846659817, "f26": -0.35440766428718506, "f27": -2.0077793913262543, "f28": 3.046186291272398, "f29": 2.91113767825231, "f3": -1.2316591218175212, "f30": 3.012447171507673, "f31": 3.036699947006908, "f32": -3.019898382859037, "f33": -0.7271518593886457, "f34": 0.1150439574934845, "f35": 3.0338889156121223, "f36": -2.7264881727758965, "f37": -3.0005765663909307, "f38": -3.022577497383963, "f39": 3.0348578408429807, "f4": -3.0180626158385295, "f40": 3.0297677226367488, "f41": 3.015945283731244, "f42": -3.007625133390697, "f43": 3.040185602543478, "f44": 1.1776448300548823, "f45": -2.3274137180618495, "f46": -1.1912785619052455, "f47": -3.0410188867601855, "f48": 1.1725647804395118, "f49": -3.0084056616048622, "f5": 0.3966326930030885, "f50": -3.043188409309721, "f51": -3.0484257207117413, "f52": 3.0067510351787914, "f53": -3.0378797784396205, "f54": -3.042390338253217, "f55": 2.4558108633037197, "f6": 3.0032775182000693, "f7": -3.027454017852021, "f8": 1.027956707287412, "f9": -3.0150274443725267}, "datetime": {"datetime": "2023-02-03 11:17:34", "elapsed": 1339.429196, "delta": 55.287906}}
{"target": 0.10868077848219967, "params": {"f0": 2.6332128593344986, "f1": 3.0008060319232808, "f10": -3.0366928025003017, "f11": -1.1450201003858207, "f12": 3.006369603027615, "f13": 3.0467773128639264, "f14": -3.0288203922308146, "f15": -3.0265220656303153, "f16": 3.015289554926673, "f17": -3.049055429690199, "f18": 3.0418302115113782, "f19": -3.017363631688767, "f2": -3.0232814873824543, "f20": -3.0011476082613977, "f21": -1.4764838573151995, "f22": 3.017507836914326, "f23": -0.46765871538478027, "f24": 1.7892464557431862, "f25": -3.0226775846659817, "f26": -0.7428726971207514, "f27": 0.27548462849684696, "f28": 3.046186291272398, "f29": 1.2920892734167302, "f3": 1.1965830250000946, "f30": 3.012447171507673, "f31": 3.036699947006908, "f32": -3.019898382859037, "f33": 3.0335695663211846, "f34": -3.029873758684139, "f35": 3.0338889156121223, "f36": 1.145348816947503, "f37": -3.0005765663909307, "f38": -3.022577497383963, "f39": 3.0348578408429807, "f4": -3.0180626158385295, "f40": 3.0297677226367488, "f41": 3.015945283731244, "f42": -3.007625133390697, "f43": 3.040185602543478, "f44": -1.860595304312141, "f45": -2.765195006223164, "f46": -1.1412785619052455, "f47": -3.0410188867601855, "f48": -2.499499237956614, "f49": -3.0084056616048622, "f5": -3.044655215502788, "f50": -3.043188409309721, "f51": -3.0484257207117413, "f52": 3.0067510351787914, "f53": -3.0378797784396205, "f54": -3.042390338253217, "f55": 0.3015648512710354, "f6": 3.0032775182000693, "f7": -3.027454017852021, "f8": -2.6714575788451542, "f9": -3.0150274443725267}, "datetime": {"datetime": "2023-02-03 11:19:15", "elapsed": 1440.318055, "delta": 100.888859}}
{"target": 0.35145764995133033, "params": {"f0": -0.14638196270906612, "f1": 3.0008060319232808, "f10": -1.31715290973275, "f11": 3.0049798996141774, "f12": 3.006369603027615, "f13": 3.0467773128639264, "f14": -1.0917704137536153, "f15": -3.0265220656303153, "f16": 3.015289554926673, "f17": -3.049055429690199, "f18": 3.0418302115113782, "f19": -3.017363631688767, "f2": -3.0232814873824543, "f20": -3.0011476082613977, "f21": 1.1224251030098356, "f22": 3.017507836914326, "f23": 3.049801720256873, "f24": -0.7046482658916419, "f25": -3.0226775846659817, "f26": -0.1626136992962366, "f27": -2.2423272569923283, "f28": 3.046186291272398, "f29": 1.3207767477895627, "f3": -1.4934451132096203, "f30": 3.012447171507673, "f31": 3.036699947006908, "f32": -3.019898382859037, "f33": 0.7324060553273577, "f34": -0.49926528389525376, "f35": 3.0338889156121223, "f36": -1.7285963360740983, "f37": -2.5683317579711775, "f38": -3.022577497383963, "f39": 2.781007390427216, "f4": -3.0180626158385295, "f40": 3.0297677226367488, "f41": 3.015945283731244, "f42": -0.25020123905845465, "f43": 3.040185602543478, "f44": -1.1179001504698454, "f45": 0.9922318129458114, "f46": 2.558721438094754, "f47": -3.0410188867601855, "f48": -1.3697262550968454, "f49": -3.0084056616048622, "f5": -1.1604549603095744, "f50": -3.043188409309721, "f51": -3.0484257207117413, "f52": 3.0067510351787914, "f53": -3.0378797784396205, "f54": -3.042390338253217, "f55": 0.995725565690736, "f6": 3.0032775182000693, "f7": -3.027454017852021, "f8": -0.14504455988033008, "f9": -3.0150274443725267}, "datetime": {"datetime": "2023-02-03 11:21:16", "elapsed": 1561.533005, "delta": 121.21495}}
{"target": 0.0903366899874057, "params": {"f0": 0.0958697612277162, "f1": 2.7587489260481943, "f10": -3.0366928025003017, "f11": 1.9058641751198169, "f12": 2.713845494044885, "f13": 2.739026902005966, "f14": -3.0288203922308146, "f15": -3.0265220656303153, "f16": 2.7812823082861824, "f17": -3.029419451633484, "f18": 2.940616213553432, "f19": -2.8187331884729656, "f2": -2.8262091338141944, "f20": -0.9474201528644169, "f21": -1.210093760868319, "f22": 2.8030575919459912, "f23": 3.049801720256873, "f24": -0.0615192705949334, "f25": -3.0226775846659817, "f26": -1.1937209107077011, "f27": -0.7355465602147007, "f28": 2.952149352293827, "f29": 1.6403461230466547, "f3": 0.14702813922203206, "f30": 2.8700255167305726, "f31": 3.036699947006908, "f32": -2.6053739935483633, "f33": 1.0565787877169994, "f34": -1.3973669670060642, "f35": 3.0338889156121223, "f36": -1.015089948561144, "f37": -2.6761138892676786, "f38": -2.883182341992989, "f39": 2.5419142996016415, "f4": -3.0180626158385295, "f40": 2.939832803571901, "f41": 3.015945283731244, "f42": -3.007625133390697, "f43": 2.999124727229356, "f44": -0.8446769385599999, "f45": -0.16221059412915229, "f46": 0.9771741937098168, "f47": -3.0410188867601855, "f48": -1.5074429501268873, "f49": -2.7868258034091986, "f5": -1.154012482916964, "f50": -3.043188409309721, "f51": -2.687879619615604, "f52": 2.7989220303893174, "f53": -2.936270268541721, "f54": -2.8921420855128646, "f55": 0.768808072378424, "f6": 3.0032775182000693, "f7": -3.0063358452719497, "f8": 0.5747834278462965, "f9": -2.7594789135244677}, "datetime": {"datetime": "2023-02-03 11:23:38", "elapsed": 1702.855851, "delta": 141.322846}}
{"target": 0.3792709262044996, "params": {"f0": -0.3748757229313916, "f1": 1.0406005992247822, "f10": -2.5699874063865793, "f11": 0.8041630159493485, "f12": 1.670854957858801, "f13": 0.4601782209138412, "f14": -0.2101180596236718, "f15": 0.7746157831081684, "f16": 0.25400878351349254, "f17": 0.08662413767035648, "f18": 0.23387472709274126, "f19": -2.220509297245976, "f2": 0.6847328894944749, "f20": -2.9035247424203203, "f21": 0.9335631971739242, "f22": 2.3507642623737546, "f23": 1.4283554129368048, "f24": 0.8470976163634265, "f25": 0.03410406333488236, "f26": 0.9004360283773116, "f27": -2.628145095511327, "f28": 1.7612362459060988, "f29": -0.8162443450934743, "f3": 0.9284996218949946, "f30": 1.8301337587485307, "f31": 2.8025906276044203, "f32": -1.8005066778329413, "f33": 1.5055912388997479, "f34": -1.0415550358297097, "f35": 0.05938408154496111, "f36": 0.869490730910893, "f37": -0.3216944967825941, "f38": 0.9606607093572919, "f39": -0.4051683982063322, "f4": -2.197914207677022, "f40": -0.9292539356875127, "f41": 0.11706002689610084, "f42": -0.8400451701108782, "f43": 2.3929235848467867, "f44": 0.5790938974885877, "f45": -0.8338045796445563, "f46": -1.041073379935118, "f47": 0.9554278449622671, "f48": -0.6489356745340742, "f49": 0.9604701938223541, "f5": -0.0032165602633256185, "f50": 0.5964862306410335, "f51": -0.7080028574007571, "f52": 0.45352850301537173, "f53": -1.9840651805982568, "f54": -2.151717801002958, "f55": -0.8556976393093052, "f6": -0.27295572781307154, "f7": 0.4632667930714689, "f8": -0.04824837619619027, "f9": 0.90383746155912}, "datetime": {"datetime": "2023-02-03 11:24:23", "elapsed": 1748.173355, "delta": 45.317504}}
{"target": 0.20010655117202145, "params": {"f0": 1.330706181037681, "f1": 2.707644669383895, "f10": 0.8727206551404723, "f11": 2.4437251956313792, "f12": 0.9247976646582986, "f13": 2.295474593452748, "f14": -2.0296921595420336, "f15": 0.48994853171178443, "f16": -0.8087493173645188, "f17": 0.6294808585651732, "f18": 2.980075888211907, "f19": -1.4770377061779765, "f2": -0.6963013762313852, "f20": 0.3665021377648361, "f21": 0.4594529852492417, "f22": 0.2262664556325108, "f23": 2.786886223111669, "f24": -0.3647019474970772, "f25": -1.459805339908759, "f26": 0.09643128421489022, "f27": 0.3996936534842912, "f28": 2.2943063741620673, "f29": -0.4866833698512917, "f3": 0.9080107672532365, "f30": -0.15161283086065924, "f31": 2.2539147740199232, "f32": -2.4567913859451185, "f33": 1.8963981940966352, "f34": -2.0174825721635736, "f35": 2.156211278016759, "f36": -1.8660756476632145, "f37": -0.3066807987472333, "f38": -1.8338741031756096, "f39": 0.14300126782470368, "f4": -1.8331870394921603, "f40": 1.3575832041619695, "f41": 1.00113206407618, "f42": -2.108855016196077, "f43": 0.24122942962581062, "f44": -2.162601532002727, "f45": -1.570667021438184, "f46": 1.2794988611892861, "f47": -1.5460992712407753, "f48": -1.5232307834105627, "f49": -2.5547109985737153, "f5": -1.0019834889910588, "f50": -2.345133937210311, "f51": -1.0722626317823327, "f52": 1.2113870001539366, "f53": -0.18857721811982708, "f54": -1.0568121486716227, "f55": -0.477961892415514, "f6": 0.48132710514751265, "f7": -2.6394484951324078, "f8": -0.16101625376605933, "f9": -0.32664591244083985}, "datetime": {"datetime": "2023-02-03 11:25:56", "elapsed": 1841.386779, "delta": 93.213424}}
{"target": 0.14298356060856943, "params": {"f0": 0.3020328174200272, "f1": 0.551413502127679, "f10": 0.788887031149089, "f11": 0.5043950400194565, "f12": 0.863561239154604, "f13": 1.6960322330939532, "f14": -0.8763358794253837, "f15": -1.493044473330437, "f16": -0.7943369317765123, "f17": -2.6866519401491646, "f18": 1.4860107826556037, "f19": -0.5502561884442199, "f2": -1.9140465805635154, "f20": -0.7109957201152377, "f21": -0.9716357242500593, "f22": 0.22763764988601765, "f23": 2.631040675867045, "f24": 0.8250383870375417, "f25": 0.4668563428088244, "f26": -0.8287984231618195, "f27": 0.8126601367958197, "f28": 1.7046073043357577, "f29": -0.8973078853776278, "f3": -1.4562455922841213, "f30": 2.1670039183216896, "f31": 2.501459558060617, "f32": -1.6692157456167929, "f33": 1.7555253873418404, "f34": -0.36485466614414586, "f35": 2.534437536174707, "f36": -1.4662394699205754, "f37": 0.7925974838281928, "f38": -1.8174135147393629, "f39": -0.04636430045797846, "f4": -2.499512841782292, "f40": 1.1553911667426822, "f41": -0.7763714168359952, "f42": -1.3488101261974816, "f43": 0.33712468058530154, "f44": 0.7373049399606377, "f45": -1.0856637280583705, "f46": -0.8411275011357047, "f47": 0.11997638155712087, "f48": -1.3914403365020471, "f49": -1.8928635014494624, "f5": -0.19442557637361757, "f50": 0.6714221181649487, "f51": -2.612861022547862, "f52": 1.7294578290315639, "f53": -2.1556535342206393, "f54": -2.655816752555075, "f55": 2.0186345916750708, "f6": 2.039473965793201, "f7": -1.2661196563711115, "f8": 0.8850343164453243, "f9": -0.6491826002600654}, "datetime": {"datetime": "2023-02-03 11:26:46", "elapsed": 1891.539135, "delta": 50.152356}}
{"target": 0.07666273885568696, "params": {"f0": 2.3366308418350954, "f1": 1.8292755510827785, "f10": -0.23995214495476613, "f11": 2.3140182525472257, "f12": 2.776074272222828, "f13": 1.0700811744258587, "f14": -0.07293782255749148, "f15": 0.3776768370498429, "f16": 1.7512229454146544, "f17": -1.724834656145264, "f18": 0.4143599736794602, "f19": -2.1925786926628152, "f2": -0.25621733990913764, "f20": -1.6461793100725732, "f21": 0.4703416309868145, "f22": 2.55855521013369, "f23": 2.6000322816555674, "f24": -0.11981983759673964, "f25": -0.5355132878578757, "f26": -1.6171594210502631, "f27": -2.5750612525364738, "f28": 0.8264167544376603, "f29": -0.21483147183081996, "f3": -1.2694526611320813, "f30": 0.9639360316748741, "f31": 2.151216715189448, "f32": -1.3513066746092195, "f33": -0.018383962668470644, "f34": -1.6735619882732697, "f35": 1.7478310353962443, "f36": -2.1992352181147274, "f37": -1.7613253134890559, "f38": -2.1652175745327056, "f39": -0.878720804763397, "f4": -0.6671600804354756, "f40": 1.5533999074656952, "f41": 0.704103396061252, "f42": -0.957704580037213, "f43": -0.4662512998541984, "f44": -0.995381322849958, "f45": -1.990771081564126, "f46": 0.6373770665413365, "f47": -1.1532824981988015, "f48": -1.7185352811493648, "f49": -2.902226495161592, "f5": -0.5547078775119747, "f50": -2.013495739009101, "f51": -0.6902199637129423, "f52": 1.6398683724713248, "f53": -2.4376039926390707, "f54": -0.03487696610201452, "f55": 0.09858999826006454, "f6": 0.464219822060001, "f7": -0.6594268425423708, "f8": -1.2288149152582148, "f9": -1.9120038593182571}, "datetime": {"datetime": "2023-02-03 11:27:46", "elapsed": 1951.059214, "delta": 59.520079}}
{"target": 0.08318576798646854, "params": {"f0": 1.985959366469869, "f1": 1.8356916446373415, "f10": -2.2655779562895475, "f11": 2.5575862015847286, "f12": -0.10149570096483806, "f13": 1.6014457082560543, "f14": 0.8479780097357144, "f15": -2.2992863974844764, "f16": 1.0979418879931662, "f17": -2.9829280047047684, "f18": 1.456381824811681, "f19": -1.6090899152791773, "f2": 0.8099828006875334, "f20": -2.0844833829131604, "f21": 0.0723717586547199, "f22": 2.2537498578099897, "f23": 2.7088558340459645, "f24": 1.298247581339288, "f25": -1.2787170643059265, "f26": 0.4381637419734026, "f27": -1.0256245440263612, "f28": -0.7556978340968423, "f29": 2.138334992403852, "f3": 0.9715759237311876, "f30": 0.11033265108812518, "f31": 0.8962990204857907, "f32": -0.21249352975901648, "f33": 2.7582312437001075, "f34": -1.5419173279930067, "f35": 1.8455919382267743, "f36": -0.7292515497515959, "f37": -0.46805965325215704, "f38": 0.3767099362991737, "f39": 0.682333151304804, "f4": 0.6236902534613011, "f40": 0.8860788597330601, "f41": 1.9420884753334162, "f42": -0.9180367788151775, "f43": 0.2093686543436123, "f44": -1.4594363180026861, "f45": 0.3691482569269442, "f46": 0.04691155133306779, "f47": -2.02055116387148, "f48": -0.03882048446579933, "f49": -1.4635125412499874, "f5": -0.5369662448790944, "f50": -2.908822699052767, "f51": -1.6992515041328249, "f52": 0.887244117671259, "f53": -2.1073300095166427, "f54": -0.7800881243989592, "f55": -0.1403122137924906, "f6": -0.6142623319893832, "f7": -2.9611859695546237, "f8": -0.2817187619555237, "f9": 0.18781983930993906}, "datetime": {"datetime": "2023-02-03 11:28:04", "elapsed": 1969.114737, "delta": 18.055523}}
{"target": 0.34727556818545874, "params": {"f0": 0.7781073228137986, "f1": 0.21286772164365797, "f10": -1.3226861682934727, "f11": 0.6191219312731885, "f12": 1.6874405176086689, "f13": 2.155233513903506, "f14": -2.5575910543837903, "f15": 0.1727016867330402, "f16": 2.2663537637871105, "f17": -1.7087657301250136, "f18": 0.13963975607821977, "f19": -2.0639441919590045, "f2": -1.6403515769675647, "f20": -1.9177934685309868, "f21": 0.14692449899226, "f22": 2.5103388955893355, "f23": 1.3974501332925948, "f24": 0.7683586988023221, "f25": -0.6720972226638393, "f26": -0.5441918420577203, "f27": 0.30280940367539566, "f28": 1.7620905359095822, "f29": 0.026863722820569702, "f3": -0.6056095951690899, "f30": 1.5180894310154862, "f31": 1.711035145753291, "f32": 0.3140356699198388, "f33": 1.3283420027358446, "f34": -1.974189921785378, "f35": 3.000530063667553, "f36": -2.3831117196107314, "f37": -2.975814807473015, "f38": -2.4258370193313494, "f39": -0.04602847054712211, "f4": -1.0508284137100965, "f40": 0.6734666459641995, "f41": 2.9720775110346507, "f42": 0.764651890566372, "f43": 1.4652116033864688, "f44": -0.699155348484366, "f45": -1.7724500810714368, "f46": -0.2616076326259096, "f47": -2.7067481324587668, "f48": -2.555698746708271, "f49": -1.1704877441225676, "f5": 0.7737077091648472, "f50": 0.31910632828589813, "f51": 0.8314376265863883, "f52": 1.4387154583506736, "f53": 0.48575311987374015, "f54": 0.20190366962089756, "f55": 1.729613063798464, "f6": 2.9112247838973904, "f7": -2.8137639659984903, "f8": -0.6794102511707132, "f9": -1.5180559203277673}, "datetime": {"datetime": "2023-02-03 11:28:37", "elapsed": 2002.320804, "delta": 33.206067}}
{"target": 0.3422520551488585, "params": {"f0": 1.4099704151034707, "f1": 0.6182057882420925, "f10": -1.7177017094245925, "f11": 0.3827283856504916, "f12": -0.7881124600712991, "f13": -0.039609480320901835, "f14": -0.46843336594347296, "f15": -2.574196019743499, "f16": -0.6221739849742338, "f17": -0.5130127858760272, "f18": 1.4405081844401253, "f19": -1.0221270575002546, "f2": -0.43329488127300175, "f20": -2.418947888615146, "f21": 0.5559341323728513, "f22": 0.39389480176627656, "f23": 1.676149276724304, "f24": -0.068094959264963, "f25": -1.596456073957775, "f26": 0.5465814358527494, "f27": -1.7857041278107382, "f28": 0.5096949948541992, "f29": 2.2744636324509053, "f3": -0.6053738227024485, "f30": 0.25599631193813777, "f31": 1.9701149174089987, "f32": -0.9484244639323887, "f33": 1.9050336342274932, "f34": -2.5249961067006814, "f35": 2.903536781718978, "f36": -1.2886563873963761, "f37": -1.091975347392364, "f38": -2.944879486050439, "f39": 0.46505374524852405, "f4": -2.751647290853179, "f40": 1.483768293503148, "f41": 1.7528544757477516, "f42": -1.417662412598217, "f43": 1.9034474906280927, "f44": 0.11442976424487661, "f45": -1.4491818585736669, "f46": -0.4218855615341353, "f47": 0.6322397527432644, "f48": -2.2911003107794587, "f49": 0.3753151785338966, "f5": -0.8080174226933243, "f50": 0.750889437333313, "f51": -0.9523328843909171, "f52": -0.8430984290258144, "f53": -0.5086059450632883, "f54": -2.437168117319864, "f55": 2.9527514572919036, "f6": 2.258152437611828, "f7": -0.9101764815973152, "f8": -0.3787298943977202, "f9": -1.5460336530373058}, "datetime": {"datetime": "2023-02-03 11:29:34", "elapsed": 2059.758484, "delta": 57.43768}}
{"target": 0.18008575363380402, "params": {"f0": 1.3551674366780575, "f1": 0.6834314068881159, "f10": -2.7667743036538712, "f11": 1.9117156787199026, "f12": 2.1351104632342035, "f13": 1.5804258694535225, "f14": -2.031765910125486, "f15": -2.902489759303092, "f16": 2.723849109966596, "f17": 0.006479769301440896, "f18": -0.488813209304534, "f19": 0.4033720040850146, "f2": -0.9741369421521666, "f20": -2.8138941600953573, "f21": -1.1362577476064115, "f22": 2.315145882740101, "f23": 1.804042527424154, "f24": 0.9472145755625565, "f25": -1.2763410363261054, "f26": -1.823672683291786, "f27": 0.033373488817876495, "f28": 0.7841565840333286, "f29": 1.685796262884017, "f3": -1.43181830111712, "f30": 0.9613892639207883, "f31": 2.243371821478973, "f32": -0.7425370886453124, "f33": 0.717013815406334, "f34": -2.6666133522114133, "f35": 2.6505998620938844, "f36": 0.3298536944100938, "f37": -1.4407624561167998, "f38": -0.8448725695891057, "f39": 0.0286402017506292, "f4": -1.7351367080590498, "f40": 0.18470810162529372, "f41": 1.6393182598585936, "f42": -1.248911717664954, "f43": -0.033336378171278436, "f44": -0.7160506089748297, "f45": -2.264471372119303, "f46": 1.1953435098989653, "f47": -2.5955283750940046, "f48": -0.907751226197897, "f49": 0.4215211238442622, "f5": -3.0240433213098026, "f50": -2.671111091709555, "f51": -2.318019518084635, "f52": 2.548521629500858, "f53": -1.1040995187384162, "f54": -0.7758899680292117, "f55": 1.53235046239364, "f6": 1.0031622229189776, "f7": -2.709547553934091, "f8": -0.8129380551112186, "f9": -0.32240716503057554}, "datetime": {"datetime": "2023-02-03 11:30:54", "elapsed": 2139.310656, "delta": 79.552172}}
