{"target": 8.433054405265557e-05, "params": {"f0": -2.4124102620047463, "f1": 0.5222843904936963, "f10": -0.356622071137238, "f11": -0.9697731238100173, "f12": 2.7349945453157347, "f13": -0.35533497304188494, "f14": 0.4834244891975885, "f15": -0.19535353462006144, "f16": -0.6737580966917104, "f17": -0.725501009027415, "f18": 0.12427194751080994, "f19": 0.7980300871324478, "f2": -0.5342028612460206, "f20": 0.1721567009195587, "f21": -1.681269203230845, "f22": -0.6523681010409382, "f23": -0.7951862011127668, "f24": -0.9120088985891799, "f25": -0.6873738852814988, "f26": -1.3231972460606733, "f27": 2.465041321457879, "f28": -1.2508645226196526, "f29": -0.4607601945418925, "f3": -1.5640196372371669, "f30": -0.1277436285020268, "f31": -0.5770920321819231, "f32": -1.2723236156139075, "f33": 0.04688226413923391, "f34": 1.52303164107211, "f35": -2.050664749097819, "f36": 1.4639987914179737, "f37": -2.0881599731348146, "f38": 0.6780876440099393, "f39": -0.9333747222233122, "f4": -0.371766901029875, "f40": 0.6991714677663768, "f41": -0.25977431715154325, "f42": 1.3845525570255597, "f43": 0.3811137230419939, "f44": -0.9113324509785756, "f45": 0.9708446025817629, "f46": -0.651863855300931, "f47": -0.3634528797331702, "f48": 1.4722217472493742, "f49": -0.40305488452258353, "f5": 0.09131342745818849, "f50": 0.4487080938617928, "f51": -0.4892253466935441, "f52": 2.056662504156041, "f53": 2.756258604134002, "f54": -2.2287855646200803, "f55": -0.31976428424886444, "f6": 0.10302014635478957, "f7": -1.1859993947458822, "f8": 0.8129386716010143, "f9": 2.8243465156373198}, "datetime": {"datetime": "2023-02-03 16:18:52", "elapsed": 5814.31502, "delta": 152.838964}}
{"target": 0.28617750640202366, "params": {"f0": -1.5227851575246443, "f1": 0.810770281243914, "f10": 0.18634484497426362, "f11": -2.1943081892701253, "f12": 0.6028065308404651, "f13": -0.20466469965815415, "f14": -0.31148162944711827, "f15": -0.6174698931811937, "f16": -0.3401864394492933, "f17": -0.16005691010687606, "f18": -0.5651462723528229, "f19": 1.127881426694715, "f2": -0.21380990989575566, "f20": 0.009193953433841995, "f21": -0.44745804383062904, "f22": 0.13348128912535262, "f23": -1.2265222744893953, "f24": -1.3602130276916196, "f25": -0.5469195943419499, "f26": -1.3523079090868295, "f27": 1.7573855518120003, "f28": -0.16755193126804602, "f29": 0.35916692951769136, "f3": -1.180230874906111, "f30": 0.07574753463901296, "f31": 0.11390717241243087, "f32": -1.096574100396827, "f33": 0.21197965791531226, "f34": 1.3236184100982156, "f35": -2.63675734599988, "f36": 1.5655107034493994, "f37": -2.5594693978838223, "f38": -0.1260448253572308, "f39": -0.9041146929799209, "f4": -0.2139525079239888, "f40": 0.040687382079115125, "f41": 0.036175562405713735, "f42": 1.5505348887199366, "f43": 0.7318621198498991, "f44": -0.06727225000361858, "f45": 0.40449186885730415, "f46": -0.8945549187960725, "f47": 0.10016788781858266, "f48": 0.7294697190841272, "f49": 0.4370413432305884, "f5": -0.4079716529576042, "f50": 0.6749576034560503, "f51": -0.12154733846429994, "f52": 1.2723586736507775, "f53": 0.2920737289300467, "f54": -1.0198653163349372, "f55": -0.5877111101471371, "f6": 0.2548168089813688, "f7": -1.4804220854231271, "f8": 0.9764951168510131, "f9": 2.979124757755681}, "datetime": {"datetime": "2023-02-03 16:19:15", "elapsed": 5837.274294, "delta": 22.959274}}
{"target": 0.08585209807122549, "params": {"f0": -0.672376964635558, "f1": 2.4552399878930022, "f10": -0.4200386848379375, "f11": -1.3999788502446004, "f12": 2.459206967655951, "f13": -0.6187320964568133, "f14": -0.16707925856097566, "f15": -0.8464413457268014, "f16": -0.25722320242435803, "f17": -1.0105890007346867, "f18": -0.13584972196554945, "f19": 0.7316101552317419, "f2": 0.4170194645582004, "f20": -0.2849449880747095, "f21": -0.4897804905378793, "f22": 0.014482390670192857, "f23": -1.1647795098131177, "f24": -1.9794973909731113, "f25": -0.5999698829989196, "f26": -0.786666396056997, "f27": 2.929296107195646, "f28": -0.8036099568402213, "f29": 0.06215844366076484, "f3": -1.2322366635354476, "f30": -0.12649212577208735, "f31": 0.2581032391876189, "f32": -0.31053607163472474, "f33": -0.4936046236678468, "f34": 1.068056371741453, "f35": -0.294613004194622, "f36": 1.2640578729861094, "f37": -2.1560044952986805, "f38": 0.6047683623494573, "f39": -1.3087863811512221, "f4": -1.22104673485986, "f40": 0.42148938102703326, "f41": -0.2648390753790435, "f42": 0.1297654520574109, "f43": 0.46126566364901284, "f44": -0.42589425276263104, "f45": 0.34857837596168967, "f46": -0.5194271062121599, "f47": -0.6356836755409767, "f48": 2.3604900366853827, "f49": -0.014441187815232737, "f5": -0.4729462778992068, "f50": 1.1843583476271633, "f51": 0.12274012187332628, "f52": 2.244037936935827, "f53": 0.3819219717071104, "f54": -2.123836648081639, "f55": 0.3047406624023118, "f6": 0.2094010034465536, "f7": -1.5293027828946806, "f8": 0.46416560777595256, "f9": 2.9533287808700317}, "datetime": {"datetime": "2023-02-03 16:20:23", "elapsed": 5905.051368, "delta": 67.777074}}
{"target": 0.27271830476553954, "params": {"f0": -1.2395185340499983, "f1": 2.6453610251446382, "f10": 0.40178675586595175, "f11": -1.2067233152324945, "f12": 1.220877792171616, "f13": 0.14568557072002175, "f14": -0.008331846726320036, "f15": -1.2335379157254838, "f16": -0.7522700252496002, "f17": -0.9545092562194468, "f18": -0.2597814477484611, "f19": 0.35919634412129786, "f2": 0.08063967513881676, "f20": -0.04161644382108487, "f21": -1.1855198176316977, "f22": -0.020058883059267396, "f23": -1.6355765282691108, "f24": -0.7935996591660259, "f25": -0.09552308159312783, "f26": -0.3012235569752917, "f27": 1.6584875619710833, "f28": -1.5030932465515623, "f29": -0.03732128977265614, "f3": -0.830026851851037, "f30": -0.0008743470179752855, "f31": 0.0498903381381669, "f32": -1.8401738205384448, "f33": 0.49504135802976085, "f34": 0.30161996128057067, "f35": -0.54709423278325, "f36": 1.5060460381376775, "f37": -1.7557593616579572, "f38": -0.13710402063087387, "f39": -0.4733927207682598, "f4": -1.048612233757826, "f40": 0.3908300520743694, "f41": -0.09784456548498255, "f42": 0.5310194801237142, "f43": -0.11167042343678923, "f44": -0.6209055339500861, "f45": 0.7179697931586912, "f46": -0.7344409367017058, "f47": -0.8958497279787088, "f48": 1.4480997749832991, "f49": -0.19034639484341476, "f5": -0.48859890966389063, "f50": 0.9778514903178034, "f51": -0.37637643605692306, "f52": 1.122787273782829, "f53": 0.32994771865113637, "f54": -2.792176021785652, "f55": -0.043478687751323575, "f6": 0.15072337743009634, "f7": -1.195467361575627, "f8": 1.2216054362708233, "f9": 1.4652232108105046}, "datetime": {"datetime": "2023-02-03 16:20:54", "elapsed": 5936.059805, "delta": 31.008437}}
{"target": 0.0798626484421821, "params": {"f0": -1.5952291804204197, "f1": 1.4766950120711622, "f10": 0.46094819423099637, "f11": -1.543986186133341, "f12": 2.5439770220204365, "f13": -0.4453441835979116, "f14": -0.14950419684696753, "f15": -0.41199563135922324, "f16": -0.15979374421169457, "f17": -0.3148947131882526, "f18": -0.6219886497600139, "f19": 0.8061857919069995, "f2": 0.0013181530518195927, "f20": -0.1358771291025207, "f21": -0.9877892959292112, "f22": 0.17599497635760464, "f23": -1.1407464294735625, "f24": -0.8516614050527573, "f25": -0.6487773204078003, "f26": -1.3706905396633362, "f27": 1.1836569330177429, "f28": -0.4341099665300998, "f29": 0.2985958485307002, "f3": -0.6566977118249986, "f30": -0.46713086577906204, "f31": -0.6654059829246626, "f32": -1.368699143628154, "f33": 0.24749945576426852, "f34": 0.3994628134144377, "f35": -2.7207645657686905, "f36": 1.0955839667334177, "f37": -1.0625076446697892, "f38": -0.01886617019134368, "f39": -1.2540630724939636, "f4": -0.17185594129140025, "f40": 0.29869354369061885, "f41": -0.23167024346041068, "f42": 0.94717678388706, "f43": 0.7357718553377115, "f44": -0.7617868300129167, "f45": 1.4004528458377363, "f46": -0.8240208486022219, "f47": -0.7100757034199561, "f48": 1.6146528677879846, "f49": -0.07544329921705761, "f5": -0.49568138829788533, "f50": 0.8410838122613729, "f51": -0.5370420198285144, "f52": 2.4928957615802743, "f53": 2.4210023121284734, "f54": -2.092947334940084, "f55": -0.0011118875550956142, "f6": 0.20177774865509374, "f7": -1.177676905965313, "f8": 0.6972928779062284, "f9": 2.585757710056699}, "datetime": {"datetime": "2023-02-03 16:22:02", "elapsed": 6003.724439, "delta": 67.664634}}
{"target": 0.1352504337493404, "params": {"f0": -2.6633005182405487, "f1": 0.3122050964397165, "f10": 0.189424334334295, "f11": -1.4544135115148629, "f12": 2.760671432080745, "f13": -0.24639200852683873, "f14": 0.06550022419839313, "f15": -0.22115835854201982, "f16": -1.133790734555199, "f17": -0.7651607625420602, "f18": -0.5011209295714385, "f19": 0.4949643954170691, "f2": -0.2465044118509947, "f20": 0.4113949012356317, "f21": -1.5870635602404712, "f22": -0.04768592547627648, "f23": -0.6522486488924852, "f24": -0.7470338160787431, "f25": -0.6770614361965972, "f26": -1.477574184056985, "f27": 0.3918618681013707, "f28": -0.45345278085510365, "f29": 0.056509192854869994, "f3": -1.6702729852500304, "f30": 0.004115427030806695, "f31": -0.08041825782185674, "f32": -1.2289952324302962, "f33": -0.203330508173941, "f34": 0.536370230723137, "f35": -0.2947769328603478, "f36": 0.5594634492518489, "f37": -0.5483261908528023, "f38": 0.22356593872974567, "f39": -1.3209611128147372, "f4": -1.242828789642361, "f40": 0.6077941471490437, "f41": -0.24036059781758512, "f42": 0.3877270144336647, "f43": 0.14012673498453698, "f44": 0.08548403197417742, "f45": 1.3501645888514227, "f46": -1.0264466638074508, "f47": -0.7290100759685679, "f48": 0.8483792450509728, "f49": 0.23363551471201593, "f5": 0.16299206050639048, "f50": 1.3064565201762568, "f51": 0.08722733874474986, "f52": 0.6651042991999603, "f53": 1.5472888248553203, "f54": -2.655143885047646, "f55": -0.23996448858456465, "f6": 0.5486038030495779, "f7": -0.9130285414220389, "f8": 1.3206273078957598, "f9": 1.5972011385315563}, "datetime": {"datetime": "2023-02-03 16:23:05", "elapsed": 6067.270821, "delta": 63.546382}}
{"target": 0.26555164866280573, "params": {"f0": -1.1657974909238449, "f1": 1.8157120111731635, "f10": 0.24692180217758958, "f11": -0.506209026726697, "f12": 1.6263445677544692, "f13": -0.34606967275502565, "f14": 0.03881294319648271, "f15": -0.9577017388999083, "f16": -0.6785916002953789, "f17": -0.8988301693381133, "f18": -0.11564140714481874, "f19": 0.6739715407641225, "f2": 0.07514086462168335, "f20": -0.007786372006665765, "f21": -2.031860266993974, "f22": -0.0477367499260376, "f23": -0.6334798194469711, "f24": -1.3993391614303348, "f25": -1.0619179242330452, "f26": -1.5749554638564125, "f27": 1.1335171365991918, "f28": -0.23302579278409552, "f29": 0.38504850103082766, "f3": -1.6696515350493748, "f30": -0.15930311927077778, "f31": -0.10131989564479782, "f32": -0.6847113619104059, "f33": 0.28479582811164567, "f34": 0.4752342024309651, "f35": -1.3716430166236175, "f36": 0.5312016241309663, "f37": -2.711016117329804, "f38": -0.07180438144371623, "f39": -0.6540195253355728, "f4": -1.0851348591917038, "f40": 0.7931255046526691, "f41": 0.45663111515021837, "f42": 0.6077685449640793, "f43": 0.5747015050186894, "f44": -0.9679331917634448, "f45": 1.3691744043265883, "f46": -0.7909814079237694, "f47": -0.8609991371048512, "f48": 0.8260126317761962, "f49": -0.18359828041124082, "f5": 0.12420794143926728, "f50": 0.162894708378938, "f51": -0.5385006999901287, "f52": 2.451433961096897, "f53": 1.2747729255745879, "f54": -2.1109314615313215, "f55": -0.45534810800395986, "f6": 0.43783872835332277, "f7": -0.5004813159351647, "f8": 1.9796869838079159, "f9": 2.8932204542560362}, "datetime": {"datetime": "2023-02-03 16:23:48", "elapsed": 6110.261658, "delta": 42.990837}}
{"target": 0.33092792613800087, "params": {"f0": -1.6949783247398071, "f1": 2.801613683806349, "f10": -0.35039553020082587, "f11": -0.5078202780937264, "f12": 2.200414259682807, "f13": -0.2901670145233368, "f14": -0.3359189914895286, "f15": -0.9400876287157247, "f16": -1.1464249361978298, "f17": -0.33429187848537034, "f18": -0.6794077599565871, "f19": 1.0950052360561735, "f2": -0.23827065022810368, "f20": -0.33547395670264124, "f21": -1.2250117283089295, "f22": -0.6882234945117548, "f23": -0.9850471834407458, "f24": -1.2253715859028347, "f25": -0.4384562602718417, "f26": -0.6005111907523928, "f27": 2.3406231925543546, "f28": -0.8536390744958946, "f29": 0.2999205948241135, "f3": -0.47067256363787857, "f30": -0.5489431287360709, "f31": -0.2581801164550471, "f32": -2.0102093775470835, "f33": 0.43184102429668964, "f34": 1.2400295473310439, "f35": -1.346614796001174, "f36": 0.5058899652559905, "f37": -1.9250458670974182, "f38": -0.06215076628862912, "f39": -0.09202956273365204, "f4": -0.3462067752674598, "f40": 0.779029691699087, "f41": 0.292036348638685, "f42": 0.5077327650993111, "f43": 0.5612521527432538, "f44": 0.09142673596151529, "f45": 0.7893381846839793, "f46": -0.6612990114794671, "f47": -0.7656136619784565, "f48": 0.4168654369500986, "f49": -0.08513738191477005, "f5": 0.3093854551898104, "f50": 0.7184266705199895, "f51": -0.36006216444173544, "f52": 2.271385236143819, "f53": 1.545784771544049, "f54": -0.3102664982167789, "f55": -0.44436898055892726, "f6": 0.11113539626453656, "f7": -1.2257789153358403, "f8": 0.47149961717196454, "f9": 2.8936605144440763}, "datetime": {"datetime": "2023-02-03 16:24:26", "elapsed": 6147.4619, "delta": 37.200242}}
{"target": 0.08095655939831381, "params": {"f0": -0.5391312109669695, "f1": 0.8106479310682514, "f10": 0.03432183595496424, "f11": -1.787003206557231, "f12": 1.6583480567465263, "f13": -0.2975839823225095, "f14": -0.26281273179129955, "f15": -0.9813407939766264, "f16": -0.08946274886609262, "f17": -0.38801982008958047, "f18": 0.19398506049538855, "f19": 0.14343035895803152, "f2": -0.10373753933037577, "f20": 0.38507136326682034, "f21": -1.4860538750062018, "f22": -0.7955038817506874, "f23": -1.2686135962217153, "f24": -1.129377477508429, "f25": -0.059168052871879206, "f26": -0.9017488369171771, "f27": 1.219436035289053, "f28": -0.47859482135722486, "f29": -0.10621425677682828, "f3": -1.6468957358801943, "f30": -0.04885154655561619, "f31": 0.17298660381742537, "f32": -1.1297234492523938, "f33": -0.43345187781050415, "f34": 1.5413408911961524, "f35": -1.519409291890907, "f36": 1.1821880410593304, "f37": -1.4817897143533234, "f38": 0.6660025612465489, "f39": -1.25990857117351, "f4": -1.1148865984984788, "f40": 0.6576759962034526, "f41": -0.17147280651037, "f42": 0.4723781526937824, "f43": 0.30192299175797377, "f44": -0.6428143073112103, "f45": 1.5247932074787252, "f46": -0.6450893778357072, "f47": -0.8775449162956792, "f48": 0.4760872880615241, "f49": 0.015173392894496152, "f5": -0.2149365335060316, "f50": 1.0349940460510867, "f51": 0.40654953511775027, "f52": 2.1837818270783873, "f53": 1.1012853806117282, "f54": -1.0953059233765052, "f55": 0.0782595851632023, "f6": 0.03260992634996199, "f7": -0.7331193889945871, "f8": 1.2225366252749437, "f9": 0.4490253024972164}, "datetime": {"datetime": "2023-02-03 16:25:45", "elapsed": 6227.146101, "delta": 79.684201}}
{"target": 0.42210392394190477, "params": {"f0": -1.3782621487094706, "f1": 2.6130168028806144, "f10": 0.44341705330763587, "f11": -0.4226692889357708, "f12": 2.3550464729029414, "f13": 0.06870360676311382, "f14": 0.32550374123225106, "f15": -1.7359659921494173, "f16": -0.7374058179977356, "f17": -0.7899038875250565, "f18": 0.05462426704854617, "f19": 0.18952517780232186, "f2": -0.06403340718456652, "f20": 0.18508847224965386, "f21": -1.9964341289462417, "f22": -0.6765720671979137, "f23": -0.9561894781409354, "f24": -1.05081639208067, "f25": -0.09410932458983723, "f26": -1.5306535072773768, "f27": 1.7662338503124295, "f28": -0.9870143666790877, "f29": 0.3638165032710168, "f3": -0.21819098336252685, "f30": -0.3459522798387302, "f31": -0.0918695505343482, "f32": -1.387776777064233, "f33": 0.1279447450226157, "f34": 0.9804710721624885, "f35": -0.5913389162188452, "f36": 1.857877123123757, "f37": -1.7569318920703196, "f38": 0.5323450366467257, "f39": -0.4133698632090377, "f4": -1.23266999096485, "f40": 0.5979197344716172, "f41": 0.3082259527859075, "f42": 1.3135408043012158, "f43": 0.6785958427677903, "f44": -0.15005244742755874, "f45": 0.4095875131326139, "f46": -1.386581558006343, "f47": -0.9217780376563969, "f48": 0.32707546141793675, "f49": 0.28009896947110935, "f5": -0.32963748882857014, "f50": 0.5299806263396678, "f51": -0.19912480648239517, "f52": 1.198115188612439, "f53": 2.6068058191362784, "f54": -0.8884986460492166, "f55": -0.12692602519913943, "f6": 0.5187917139798991, "f7": -1.4853069406370025, "f8": 0.6453574257940851, "f9": 1.5668891235694493}, "datetime": {"datetime": "2023-02-03 16:26:31", "elapsed": 6273.106216, "delta": 45.960115}}
{"target": 0.262933260027682, "params": {"f0": -2.4635969824176076, "f1": 0.5452689574426343, "f10": 0.4851906997876018, "f11": -0.9972150930362988, "f12": 2.776975734331832, "f13": -0.34121692629028455, "f14": 0.5266447221312669, "f15": -1.5214020618381818, "f16": -0.14194365823833466, "f17": -0.9322362766696206, "f18": 0.15190961600582598, "f19": 0.5626319476681096, "f2": 0.43570374394451594, "f20": -0.2334373466105829, "f21": -1.1312936998830794, "f22": 0.04511744059784706, "f23": -0.7645872185482223, "f24": -0.9631857922207128, "f25": -0.4423914889894732, "f26": -0.4157347956140205, "f27": 0.973103921836066, "f28": -0.2549508703899599, "f29": -0.18526867017100868, "f3": -0.6673149080811605, "f30": -0.6542297204714282, "f31": -0.3714669203947024, "f32": -0.538940566214384, "f33": 0.1191211698030154, "f34": 0.9701389369701737, "f35": -1.850299234545389, "f36": 0.8428302069431919, "f37": -1.3909654097278157, "f38": 0.5834735424046921, "f39": -0.7382053717722543, "f4": -1.1516456742759063, "f40": 0.7961074585265099, "f41": 0.6573303182838977, "f42": 0.9437395354155337, "f43": 0.4350979896882674, "f44": 0.05148779479482002, "f45": 0.5278100446422398, "f46": -0.8635807845860802, "f47": 0.08749831878203207, "f48": 0.42929716515063876, "f49": -0.20656939917159323, "f5": -0.26719089332057644, "f50": 1.4202918204666242, "f51": 0.343958941789931, "f52": 0.582428263880781, "f53": 0.6374547867075802, "f54": -0.4888056116924844, "f55": -0.38206476444606663, "f6": 0.7668539552173624, "f7": -0.38299041619527685, "f8": 1.1089269144682499, "f9": 2.6903767002844017}, "datetime": {"datetime": "2023-02-03 16:27:05", "elapsed": 6306.824275, "delta": 33.718059}}
{"target": 0.33021349614054996, "params": {"f0": -0.7531003673866872, "f1": 0.9683864396438489, "f10": 0.0658015666107939, "f11": -0.41099852428144157, "f12": 2.6170457511530834, "f13": -0.330981755326046, "f14": 0.2715992106948058, "f15": -0.9953699433647103, "f16": -0.6202329268770945, "f17": -0.7117397003766165, "f18": -0.03933300879079782, "f19": 1.059959405957247, "f2": -0.5118120423102726, "f20": 0.15791073924455823, "f21": -0.4961536062238756, "f22": 0.11953443281625842, "f23": -1.5121001596362151, "f24": -0.2923695122829726, "f25": -0.419686944171197, "f26": -0.7176591736078219, "f27": 1.9991339706986482, "f28": -0.6571078184070781, "f29": 0.06539104229695403, "f3": -0.6030755980274021, "f30": -0.5437329504208126, "f31": -0.5093946057232965, "f32": -1.1423285179042086, "f33": 0.12672301081378784, "f34": 0.7339122634800858, "f35": -2.0898868664545818, "f36": 2.0445301959131696, "f37": -1.2598557552511278, "f38": -0.204667223564167, "f39": -0.3857250220965547, "f4": -0.5333059563815155, "f40": 0.022401324680929216, "f41": 0.23937464401609232, "f42": 1.5538330686618194, "f43": 0.5645057278570716, "f44": 0.005782398431774416, "f45": 0.749835479336439, "f46": -0.3696899657026198, "f47": -0.7916461919865432, "f48": 0.8982142495657479, "f49": -0.28407671208448504, "f5": 0.00310036817929904, "f50": 0.6429003023675437, "f51": -0.35131160136298833, "f52": 1.1576966657167387, "f53": 2.562423357637453, "f54": -1.70486430412621, "f55": 0.055415903989440185, "f6": 0.6632374096699254, "f7": -1.0923048820590415, "f8": 1.826905914291434, "f9": 2.4927595805397242}, "datetime": {"datetime": "2023-02-03 16:27:43", "elapsed": 6345.378501, "delta": 38.554226}}
{"target": 0.6187258486714021, "params": {"f0": -0.7593104660060823, "f1": 0.9626183296774476, "f10": 0.16253306279237884, "f11": -1.1768150654775227, "f12": 1.2746128993231682, "f13": -0.3972830393785379, "f14": 0.3581817055616206, "f15": -1.043314446918351, "f16": -0.8954454671679313, "f17": -0.1451300394788282, "f18": 0.0875447096790607, "f19": 0.685173796152286, "f2": 0.44058278626942426, "f20": 0.11017678087302074, "f21": -1.7506717111138768, "f22": 0.11166718918044238, "f23": -1.2592852837209725, "f24": -0.4661762897679935, "f25": -0.8426396215318617, "f26": -0.9378041526607864, "f27": 2.5764949325917903, "f28": -1.0268545489687682, "f29": -0.08005931360535545, "f3": -1.2458028349299695, "f30": -0.680240683720092, "f31": 0.06694613612688938, "f32": -2.0877892573559143, "f33": 0.1308350892429892, "f34": 0.48219739646842075, "f35": -2.219389557032617, "f36": 0.5277583975575051, "f37": -2.443396885287918, "f38": 0.6083958272905228, "f39": -0.2980564882145138, "f4": -0.20213898044023204, "f40": -0.054806184370794826, "f41": 0.6325502876029435, "f42": 0.4726897114835801, "f43": 0.1518544057789104, "f44": -0.8011167981950773, "f45": 1.2971846223511811, "f46": -0.9857978975214442, "f47": -0.16640054733492415, "f48": 1.7349015634653486, "f49": 0.33739875631282323, "f5": -0.6479259078320413, "f50": 0.5935572246291816, "f51": 0.3866956547145043, "f52": 0.686322244682283, "f53": 2.0035931666747686, "f54": -1.8645391602717682, "f55": 0.19727152798518022, "f6": 0.011808731646772708, "f7": -0.6065166202914337, "f8": 0.3504826318798549, "f9": 0.9990613063094524}, "datetime": {"datetime": "2023-02-03 16:28:25", "elapsed": 6386.910405, "delta": 41.531904}}
