{"target": 0.18777762644774126, "params": {"f0": -2.989855510250891, "f1": 2.720306459157973, "f10": 0.3309505372917321, "f11": -1.5619301484129686, "f12": 0.9131936175272055, "f13": 0.24619531058546806, "f14": 0.38095432248568456, "f15": -0.9842797585188096, "f16": -0.9189612151477853, "f17": -0.47466872565527884, "f18": 0.1190600352599197, "f19": 0.3529356914994597, "f2": 0.319217083318648, "f20": -0.39238478248591857, "f21": -0.6029632486138865, "f22": -0.3467650645445595, "f23": -0.869506410458871, "f24": -0.9905880749299477, "f25": -0.773367261918156, "f26": -0.7308476262773071, "f27": 2.531319066298461, "f28": -0.989029031302587, "f29": -0.1450495006988754, "f3": -1.5126136299167743, "f30": -0.010275387830873228, "f31": 0.014931079613235254, "f32": -1.5426456980459755, "f33": 0.3985758257874436, "f34": 0.7890949743124798, "f35": -1.467492414677345, "f36": 1.3583730329358679, "f37": -2.103543272745896, "f38": 0.6562278481978512, "f39": -0.803889988568927, "f4": -0.6725914511317993, "f40": 0.2758557115620862, "f41": 0.19846667007272828, "f42": 0.9676532018212246, "f43": 0.17132405867520784, "f44": -0.6641331043461297, "f45": 0.9944830298147467, "f46": -0.4184179822279458, "f47": -0.39865352734640597, "f48": 0.8170241110486882, "f49": 0.1577760220213527, "f5": -0.24444513073313962, "f50": 0.4849113253894814, "f51": 0.1813311083492351, "f52": 2.5047128422347487, "f53": 2.0951496258552984, "f54": -2.5132478205957525, "f55": -0.0458364022181339, "f6": 0.004157805721313815, "f7": -1.159627973329848, "f8": 1.4480737130649664, "f9": 1.4547662406823727}, "datetime": {"datetime": "2023-02-03 17:02:29", "elapsed": 8430.744142, "delta": 74.83912}}
{"target": 0.16281063580132818, "params": {"f0": -2.9372575613969905, "f1": 1.0804894931869957, "f10": -0.17177163946339485, "f11": -0.8884067626595105, "f12": 2.004158258218019, "f13": 0.22909750530667272, "f14": 0.45403482291755487, "f15": -0.8478417462541137, "f16": -0.37438889539491704, "f17": -0.18089205866629432, "f18": 0.1273047278677385, "f19": 0.6226054792618975, "f2": -0.39447052438701125, "f20": -0.17843269488399088, "f21": -0.9180769896645061, "f22": -0.6624750350574728, "f23": -1.1715600171659388, "f24": -1.7317195526153546, "f25": -0.42728291784655137, "f26": -1.5515167570094766, "f27": 0.8260573581786625, "f28": -1.0278071938916415, "f29": -0.3765668451646161, "f3": -0.928846313737355, "f30": -0.4844440847518754, "f31": -0.3805342475966179, "f32": -1.3514834047304929, "f33": 0.3208161873465912, "f34": 1.0624791032604064, "f35": -2.161477482542908, "f36": 0.7339548935623065, "f37": -2.8544170464711067, "f38": 0.3287398434228642, "f39": -1.2310705753245719, "f4": -0.2647788903892627, "f40": 0.015225756533262708, "f41": 0.5746164324421011, "f42": 1.01125801383729, "f43": 0.46520611861184646, "f44": -0.5142512013642475, "f45": 1.0189279416057095, "f46": -0.311714765283453, "f47": -0.22833109687050102, "f48": 1.3614555134510136, "f49": 0.3409267641054298, "f5": -0.3265530598160832, "f50": 1.3488467564186153, "f51": 0.013286235475805264, "f52": 1.5087203514518182, "f53": 0.9145995268781684, "f54": -0.8778935457955708, "f55": -0.3787101977557415, "f6": 0.4920372329514164, "f7": -1.2334653978030272, "f8": 0.6152884453243, "f9": 2.0442930585561228}, "datetime": {"datetime": "2023-02-03 17:03:18", "elapsed": 8479.431322, "delta": 48.68718}}
{"target": 0.32751591894047943, "params": {"f0": -1.607592103991606, "f1": 1.9305585737849889, "f10": -0.3373902314353319, "f11": -1.020940503770627, "f12": 1.037895294411463, "f13": -0.09088621441683659, "f14": 0.1484947911429183, "f15": -1.0158304449868947, "f16": -1.0109307452047351, "f17": -0.5151419372865198, "f18": -0.5437855391957651, "f19": 1.0188099933335426, "f2": -0.055378793718498076, "f20": 0.14330218944357026, "f21": -0.5333072543528594, "f22": -0.1880245791941927, "f23": -1.5057296152748247, "f24": -1.7602890573844718, "f25": -0.5449933162679662, "f26": -0.7710722305126104, "f27": 0.71442915048449, "f28": -0.5026607634539636, "f29": 0.3544743486159812, "f3": -0.4025972495236114, "f30": -0.4613744735050807, "f31": -0.5010500008197055, "f32": -1.6540916161412302, "f33": -0.08035883952862893, "f34": 0.783972586516781, "f35": -0.7469419831710744, "f36": 1.566858706882535, "f37": -0.8597889891338961, "f38": 0.08083904434014261, "f39": -0.7757920453529646, "f4": -0.33268866224378135, "f40": 0.5102826185617816, "f41": 0.18089442639911563, "f42": 1.1057860634585834, "f43": 0.40315594948116507, "f44": -0.7675878622730528, "f45": 0.9440631407805675, "f46": -0.8846448263124289, "f47": -0.6489302272293566, "f48": 1.6505518561021746, "f49": 0.11462939691736801, "f5": -0.3424237900137378, "f50": 0.7590130345046266, "f51": -0.049271959150742506, "f52": 0.6343600879116315, "f53": 2.4265191659412313, "f54": -0.645947802529685, "f55": 0.2009947753865965, "f6": 0.3547686027895044, "f7": -0.5242258243082432, "f8": 1.7364296710713232, "f9": 2.609028354859805}, "datetime": {"datetime": "2023-02-03 17:04:06", "elapsed": 8528.227932, "delta": 48.79661}}
{"target": 0.17352089756357547, "params": {"f0": -2.582838110261019, "f1": 0.9905787639340016, "f10": -0.12669263272098052, "f11": -2.2004259242433366, "f12": 1.35709445968985, "f13": 0.1928403132369858, "f14": 0.15770318314666099, "f15": -1.1927251040945324, "f16": -0.513883161252415, "f17": -0.09723308162342903, "f18": -0.1073634150963505, "f19": 0.5929705029601379, "f2": -0.09961856322825619, "f20": -0.1756944212312641, "f21": -1.3016268950856174, "f22": -0.060610853207298754, "f23": -0.9399437810691433, "f24": -1.0248886555634966, "f25": -0.9321866983446994, "f26": -1.0805716763301163, "f27": 2.191211615626301, "f28": -0.5938485433059195, "f29": 0.331043008945408, "f3": -0.6840884640859858, "f30": -0.029808929738177725, "f31": 0.17184036538501224, "f32": -1.468777409433979, "f33": -0.10707805480530336, "f34": 0.5929659252719818, "f35": -2.066763843345045, "f36": 0.9765248179453893, "f37": -0.963828819459998, "f38": 0.453665966306404, "f39": -0.32024239248683106, "f4": -0.5111413337482746, "f40": 0.5941508140393531, "f41": -0.07109105443698041, "f42": 1.2474512776252498, "f43": 0.4727443206760239, "f44": -0.7660484437528995, "f45": 0.9489060668916802, "f46": -1.0488148068076932, "f47": -0.6801970269140876, "f48": 1.7650856961091825, "f49": 0.1595371102050635, "f5": -0.4029703159808945, "f50": 1.2939447030873483, "f51": 0.11260165159612162, "f52": 1.2068051888157547, "f53": 0.6009198504505192, "f54": -2.079692550582582, "f55": -0.2664587230882011, "f6": 0.23279413122360065, "f7": -1.3359281286112061, "f8": 0.6665409561049149, "f9": 0.6105287255288716}, "datetime": {"datetime": "2023-02-03 17:04:54", "elapsed": 8575.574249, "delta": 47.346317}}
{"target": 0.33654377868838226, "params": {"f0": -2.880686968483038, "f1": 1.374025043832792, "f10": 0.2766816194035378, "f11": -1.7748356701416652, "f12": 0.8187804565729724, "f13": -0.38892230599815014, "f14": 0.24981008232381224, "f15": -0.7988797720991975, "f16": -0.6281106861543009, "f17": -0.681107998229147, "f18": 0.13633866675520057, "f19": 0.9212087756479523, "f2": 0.19697389882335697, "f20": -0.29961503510877197, "f21": -0.9781622909957322, "f22": -0.015052551140284476, "f23": -1.4867923931771678, "f24": -0.9542199473871691, "f25": -0.9394192831426396, "f26": -1.207347787171424, "f27": 1.9829158899077188, "f28": -0.44011220539945617, "f29": 0.04008627315827029, "f3": -1.4558633078753043, "f30": -0.23246823285243268, "f31": -0.23221462238443663, "f32": -1.1119406053730614, "f33": -0.3046484813529988, "f34": 0.9183930591548983, "f35": -2.1905654313767386, "f36": 0.5512460807208646, "f37": -1.963948967017041, "f38": 0.4384887381468773, "f39": -0.940614466152117, "f4": -0.745432805164723, "f40": 0.51040444617967, "f41": -0.08076293859227204, "f42": 1.0731150673737417, "f43": -0.06515180770077006, "f44": -0.17818605063086412, "f45": 0.4978088574806447, "f46": -0.46850269134612066, "f47": -0.483116340541168, "f48": 1.588410184607767, "f49": -0.18468244351398316, "f5": -0.1316787743001071, "f50": 0.4631209939664652, "f51": 0.16695815546732312, "f52": 2.5902597300453643, "f53": 1.328793285355844, "f54": -2.95781509600181, "f55": -0.4416707230172363, "f6": 0.10568707386651707, "f7": -0.8815961889736514, "f8": 1.0814808320636988, "f9": 1.0226763844223778}, "datetime": {"datetime": "2023-02-03 17:05:22", "elapsed": 8603.891479, "delta": 28.31723}}
{"target": 0.32357393315579774, "params": {"f0": -1.0424863623145464, "f1": 2.6094718075530112, "f10": -0.3281106151934632, "f11": -1.6421389514916738, "f12": 2.5689515718024003, "f13": 0.0006302252538559205, "f14": -0.08251799946597779, "f15": -0.5097803754970296, "f16": -0.9222276009795233, "f17": -0.2891336022057801, "f18": 0.05342649928358856, "f19": 0.7169359721179109, "f2": -0.4206004961860929, "f20": 0.3516146145141758, "f21": -1.1213245723501366, "f22": -0.7009183447420048, "f23": -1.6617041103141552, "f24": -1.5141758665770442, "f25": -0.149998111988772, "f26": -0.9884415183204326, "f27": 2.587364636788669, "f28": -0.8979562386578697, "f29": -0.1676008955809466, "f3": -0.8773553407250249, "f30": 0.012966406413237208, "f31": -0.028660430148857885, "f32": -2.3099046831939143, "f33": -0.22154016594352818, "f34": 0.7170321232459548, "f35": -2.498119457629528, "f36": 0.8071379181333691, "f37": -1.0258085715343526, "f38": 0.19200962528670065, "f39": -0.7469532641423978, "f4": -0.25440713202292575, "f40": 0.36084501076358494, "f41": 0.3160608176531442, "f42": 1.297071282772879, "f43": 0.21278895148567123, "f44": -0.7322430850680421, "f45": 0.694252418729099, "f46": -0.560533622710103, "f47": -0.4562775354126679, "f48": 1.4202835702347874, "f49": -0.08134659490955964, "f5": -0.035227011508492834, "f50": 1.034014198657491, "f51": -0.131801502345943, "f52": 2.4957868651015245, "f53": 2.0518323139220738, "f54": -2.583296710471215, "f55": -0.11458368836928312, "f6": 0.5371574255393197, "f7": -0.6861547257659157, "f8": 0.5442767654413984, "f9": 2.271441935339976}, "datetime": {"datetime": "2023-02-03 17:06:00", "elapsed": 8641.957598, "delta": 38.066119}}
{"target": 0.487882782362841, "params": {"f0": -2.9248754453780963, "f1": 0.6863099560247641, "f10": 0.24416469487347292, "f11": -1.9106248723582477, "f12": 2.2154117640878566, "f13": 0.11360237343780433, "f14": -0.15550745481052655, "f15": -1.4101758462924074, "f16": -0.7101630960055185, "f17": -0.2962554563089814, "f18": -0.10067868372431238, "f19": 0.8802725721014559, "f2": 0.14614908586553788, "f20": 0.2854650277205094, "f21": -1.2970031048950226, "f22": -0.5257018834323124, "f23": -0.9708323893050272, "f24": -1.3511567093551045, "f25": -0.9021467161986416, "f26": -0.5773941883764452, "f27": 2.9882129736434218, "f28": -0.4207518578507261, "f29": -0.04034101998380146, "f3": -1.11932898764712, "f30": -0.48141807796910174, "f31": -0.14547271262894046, "f32": -1.725975886746391, "f33": 0.22454632210951686, "f34": 1.4280882634896137, "f35": -1.1579459013206612, "f36": 1.0894201610955598, "f37": -0.8145806376913409, "f38": 0.008042927412757167, "f39": -0.2873876562830696, "f4": -0.8730258730480371, "f40": 0.5785322269928621, "f41": 0.4962314710843596, "f42": 0.5919974415508054, "f43": -0.0297206961288429, "f44": -0.5181388035027741, "f45": 1.3319201379717327, "f46": -0.3733771038770325, "f47": -0.12534819057473345, "f48": 1.9561950405464599, "f49": -0.34613883402381485, "f5": 0.17129097606019306, "f50": 1.2211353226135453, "f51": 0.11073500079454357, "f52": 0.7313869767770174, "f53": 1.3138862221417456, "f54": -3.0027433977465394, "f55": -0.3677609162946993, "f6": 0.6852005966476475, "f7": -0.8175160643780066, "f8": 0.9630113962439328, "f9": 3.007757586529916}, "datetime": {"datetime": "2023-02-03 17:06:01", "elapsed": 8642.994088, "delta": 1.03649}}
{"target": 0.28653563228835677, "params": {"f0": -2.267527220909238, "f1": 1.340786018671001, "f10": -0.300736353836454, "f11": -2.143259898696993, "f12": 2.97133509149709, "f13": -0.23783472224871038, "f14": 0.02002186873711309, "f15": -1.1465464359699316, "f16": -0.6886930536234219, "f17": -0.9656934180955338, "f18": -0.374008153565178, "f19": 0.6520946656278424, "f2": -0.38410294312621224, "f20": -0.3531282106630339, "f21": -0.4087582800581768, "f22": 0.0015148248975085377, "f23": -0.5717058736639393, "f24": -0.9368884980305922, "f25": -0.782944174969672, "f26": -0.5963036938034207, "f27": 1.3933742243756386, "f28": -0.8285822013645371, "f29": 0.3525698117348874, "f3": -0.8602044671268892, "f30": -0.5561711912039394, "f31": 0.025757474141911763, "f32": -1.3759047340966162, "f33": 0.1283122443224976, "f34": 1.2090813532178175, "f35": -2.2541076134462132, "f36": 1.6974702880198032, "f37": -2.1296935806312995, "f38": 0.2512557406270153, "f39": -0.8277612719783749, "f4": -0.6910710425110921, "f40": 0.5709817017549338, "f41": -0.20843145549005082, "f42": 0.39640560829699095, "f43": 0.05424560199050782, "f44": -0.6447550298388998, "f45": 1.3843885191304741, "f46": -1.0410123832735687, "f47": -0.3229980128662404, "f48": 1.2325727218359452, "f49": -0.09696836596450781, "f5": -0.30366889741099323, "f50": 1.1697220335670713, "f51": -0.4072905116960673, "f52": 1.4856568537657322, "f53": 2.4006756311680775, "f54": -1.5863200161875513, "f55": 0.07859074368733909, "f6": -0.036578519518522236, "f7": -0.40274997219044073, "f8": 0.4548103577034797, "f9": 2.7260547643613013}, "datetime": {"datetime": "2023-02-03 17:07:04", "elapsed": 8705.556448, "delta": 62.56236}}
{"target": 0.17435710426909545, "params": {"f0": -2.967855003102251, "f1": 2.919035886689933, "f10": -0.3356641754046353, "f11": -2.237792188399778, "f12": 1.3121636531472407, "f13": -0.05392607370028624, "f14": 0.39450581001882973, "f15": -0.5853027670831996, "f16": -0.3416061643761895, "f17": -0.6145228020737146, "f18": 0.05565255719959994, "f19": 1.0961482620128762, "f2": -0.19342841131140825, "f20": 0.055427884890093815, "f21": -1.5712786472206517, "f22": 0.10296869975365974, "f23": -0.5868935704556597, "f24": -0.823809763551729, "f25": -0.9685372178554051, "f26": -0.5557860340355589, "f27": 1.2130973309412139, "f28": -0.6616283140053054, "f29": 0.008492438797166157, "f3": -0.6666688081217287, "f30": -0.08254600269916035, "f31": 0.07570417587077705, "f32": -1.262547591249585, "f33": -0.13921866718768688, "f34": 0.5441937654318901, "f35": -2.1186953592564235, "f36": 1.2840352389546328, "f37": -0.5473666276009519, "f38": 0.21938478443542922, "f39": -0.9864260033444903, "f4": -1.1861681727703552, "f40": 0.2841530603814538, "f41": -0.12714426348810898, "f42": 1.0377520965898797, "f43": 0.47298235239191955, "f44": -0.5311132671378653, "f45": 1.037008051843266, "f46": -0.6060175633584193, "f47": -0.23244116587747843, "f48": 1.699096783231711, "f49": -0.06225080592195009, "f5": -0.13797089424696973, "f50": 0.8826922994716244, "f51": -0.4485488869228895, "f52": 1.168584874883633, "f53": 2.504832764997935, "f54": -1.803790318158471, "f55": -0.439425707238364, "f6": 0.7690108709370117, "f7": -1.0728523989755077, "f8": 1.6278775267518575, "f9": 2.6995964129515553}, "datetime": {"datetime": "2023-02-03 17:07:51", "elapsed": 8752.626272, "delta": 47.069824}}
{"target": 0.20212243447719525, "params": {"f0": -2.754085712956213, "f1": 2.394815607801252, "f10": 0.12872884445472393, "f11": -0.9829424432840748, "f12": 1.4921740831076056, "f13": 0.1904949365980405, "f14": -0.08127010116123187, "f15": -1.2079524876605632, "f16": -0.5985930706936411, "f17": -0.9825653945691804, "f18": -0.16490260979939653, "f19": 0.8980168200528692, "f2": -0.15485720454764268, "f20": -0.3225301944349608, "f21": -0.7713329135113758, "f22": -0.48740055669198507, "f23": -1.5809110452572053, "f24": -0.572540517752147, "f25": -0.5911269636351477, "f26": -1.4423714048473297, "f27": 1.0135930793319603, "f28": -0.9398011209594471, "f29": 0.2930002120122786, "f3": -1.318605879905246, "f30": -0.43288289466283636, "f31": -0.354741486857024, "f32": -1.430333107718584, "f33": -0.32598925274916185, "f34": 1.3719069344428225, "f35": -1.0767611220598414, "f36": 1.5232561229799906, "f37": -1.2130987756696323, "f38": 0.3737240353148177, "f39": -0.7222382752785838, "f4": -0.9698526008667682, "f40": 0.5481519717137042, "f41": 0.38906527029800464, "f42": 0.5352294915892687, "f43": 0.29267942032840827, "f44": -0.800362611356237, "f45": 0.8760963580007042, "f46": -1.1157679372449785, "f47": -0.4249430466251646, "f48": 1.7755442495106628, "f49": -0.4167061550318298, "f5": -0.07855734959421928, "f50": 1.1758250814769298, "f51": 0.0007792576220024272, "f52": 2.802418133710198, "f53": 1.4411399384089312, "f54": -2.6229018391464627, "f55": -0.46943304886795356, "f6": 0.5677787310775486, "f7": -0.47674519207084054, "f8": 1.1270960415607054, "f9": 2.3739117881993974}, "datetime": {"datetime": "2023-02-03 17:08:01", "elapsed": 8763.417681, "delta": 10.791409}}
{"target": 0.12566239036729623, "params": {"f0": -2.0475444502263906, "f1": 1.7716488001487967, "f10": -0.2109902074287723, "f11": -2.144204954020674, "f12": 2.3325542506801327, "f13": -0.31619420343755145, "f14": 0.28650414510696404, "f15": -0.6208898217636258, "f16": -0.9374935468804944, "f17": -0.37649137828955703, "f18": -0.13885775839787817, "f19": 0.771123662749297, "f2": 0.06182317199594084, "f20": 0.008149554800573167, "f21": -0.5331301547524465, "f22": 0.04989067283146198, "f23": -1.7332972702277145, "f24": -1.0776432818834403, "f25": -0.2712446673294395, "f26": -1.315921663304629, "f27": 1.2327342145110616, "f28": -0.6527136285756866, "f29": 0.1468299565911298, "f3": -1.0108025118262955, "f30": -0.5397179212377807, "f31": -0.07339146757566739, "f32": -0.6674788424007587, "f33": 0.35466982407279996, "f34": 0.7417473315567813, "f35": -1.2305736689459685, "f36": 1.855536259289842, "f37": -2.470627355939164, "f38": 0.29528541354286464, "f39": -0.37570038608405765, "f4": -0.614662181382194, "f40": 0.18186266784409244, "f41": 0.2629073193693954, "f42": 0.5925750968008303, "f43": -0.1774795588435088, "f44": -0.4108904042736705, "f45": 0.6742390514144554, "f46": -1.1307154296468023, "f47": -0.5881923979444207, "f48": 0.6054775535448611, "f49": -0.13131548535354925, "f5": 0.10465665616343489, "f50": 1.012915946125676, "f51": 0.23951302233640265, "f52": 1.3908162540330031, "f53": 1.6275037693682826, "f54": -2.016877524677059, "f55": -0.4799243388744801, "f6": 0.03784283099220899, "f7": -0.37114404246889343, "f8": 1.0655048222720438, "f9": 2.6790981704178893}, "datetime": {"datetime": "2023-02-03 17:08:58", "elapsed": 8820.256467, "delta": 56.838786}}
{"target": 0.6701325542126394, "params": {"f0": -1.146933827642187, "f1": 1.5650428142501478, "f10": -0.0044236094153267125, "f11": -1.4982629228827926, "f12": 1.0904745276363683, "f13": -0.1143646927572941, "f14": 0.023232100020470603, "f15": -0.566371326195751, "f16": -0.898232664488339, "f17": -0.8801903080610217, "f18": -0.5470802193304345, "f19": 0.6697945387354192, "f2": -0.2530852812544703, "f20": -0.12473399621729425, "f21": -1.4666612079237444, "f22": -0.4566047641814293, "f23": -1.0926082325308122, "f24": -1.119899297508961, "f25": -0.24818314114509565, "f26": -0.9069692204585361, "f27": 0.947969817953611, "f28": -1.3802236564306307, "f29": 0.3769414479700662, "f3": -1.0336705779994886, "f30": -0.7183416645395532, "f31": -0.32020964473207925, "f32": -1.6095593662001788, "f33": -0.3900244803461444, "f34": 1.1478919202590683, "f35": -1.9021237404562004, "f36": 0.4677694014162111, "f37": -0.9849313867979088, "f38": 0.5494799759412892, "f39": -0.4552336759289476, "f4": -0.4594810381635731, "f40": 0.7317836269949045, "f41": 0.3199833471166479, "f42": 0.7187011943310335, "f43": 0.2965474551228978, "f44": -0.5374786687743467, "f45": 1.3965200165997353, "f46": -0.4105436460886007, "f47": -0.4172422101486635, "f48": 0.7822501385720138, "f49": 0.09028371204904978, "f5": -0.03937583751900231, "f50": 0.7505839467717621, "f51": 0.06867684759578435, "f52": 2.475880314136236, "f53": 1.9732689866997273, "f54": -0.9876612078341114, "f55": -0.15999265790056094, "f6": 0.00850207088898345, "f7": -1.027018292037674, "f8": 0.7373811028207595, "f9": 1.0088508703383081}, "datetime": {"datetime": "2023-02-03 17:09:47", "elapsed": 8869.119994, "delta": 48.863527}}
{"target": 0.5839389396349974, "params": {"f0": -1.6660328484696088, "f1": 1.3214190537184465, "f10": -0.18632925101199213, "f11": -2.8626999780561633, "f12": 1.1797060001220132, "f13": -0.28821128440754545, "f14": 0.39515448840498507, "f15": -1.5173477825988122, "f16": -0.34418264359111095, "f17": -0.3771840198543117, "f18": -0.03992760931024275, "f19": 0.7494020032334501, "f2": 0.05450582517206176, "f20": 0.1943821423726872, "f21": -1.2786792093592, "f22": -0.14305965342221805, "f23": -0.45822371649589666, "f24": -0.6126528856980744, "f25": -0.3358821181384377, "f26": -1.0481243399895512, "f27": 2.2980011847614916, "f28": -0.5037490854562691, "f29": -0.24252896709886756, "f3": -1.4634975210769414, "f30": -0.12073021028148034, "f31": -0.012737354901258824, "f32": -2.1338848092014198, "f33": -0.28958372403635624, "f34": 0.7896702628535848, "f35": -1.5037461307541968, "f36": 1.7253909835994055, "f37": -1.9730824450267426, "f38": 0.3324694831224071, "f39": -0.5773288420668492, "f4": -1.0536419395730274, "f40": 0.27293810105191796, "f41": 0.47452049989698075, "f42": 1.5086310384146409, "f43": 0.12252196012987582, "f44": -0.25652292237955887, "f45": 1.2769797268527212, "f46": -0.42650253208979516, "f47": -0.03502431788640703, "f48": 0.9613574770750051, "f49": 0.20985308515602202, "f5": 0.19802219220907724, "f50": 0.6412770315226453, "f51": -0.38042869339811736, "f52": 0.5391394826621319, "f53": 1.0798638489466037, "f54": -1.5885995725988098, "f55": -0.1316581274928058, "f6": 0.5566695498101708, "f7": -1.2763134969628127, "f8": 1.938669912609765, "f9": 0.8320556365741272}, "datetime": {"datetime": "2023-02-03 17:10:53", "elapsed": 8934.71664, "delta": 65.596646}}
