{"target": 0.21981913641430761, "params": {"f0": -0.12159996156598396, "f1": 1.527794408966816, "f10": -0.008955637088154167, "f11": -1.254236889597296, "f12": 0.7072099350665526, "f13": -0.6714891129666647, "f14": 0.40751385259658535, "f15": -0.49408388060931197, "f16": -0.9673966210847555, "f17": -0.756203574247193, "f18": -0.28780541020438044, "f19": 0.4385645833416822, "f2": 0.318592258200751, "f20": -0.654029312103196, "f21": -1.9652250434210945, "f22": -0.52943302627462, "f23": -0.4825169426729019, "f24": -0.5153809909087275, "f25": -0.2769011936267789, "f26": -0.6066646182451405, "f27": 1.5815989625272335, "f28": -1.3631154113277195, "f29": -0.3780562637119915, "f3": 0.0618556731306672, "f30": 0.5125771671111248, "f31": 0.38384906102797767, "f32": -2.637827325509082, "f33": -0.503979165061364, "f34": 0.0631066096989974, "f35": -1.6644780691304535, "f36": 0.9932923758232551, "f37": -1.9404570662397926, "f38": 0.2710556404069463, "f39": -0.6725237542262623, "f4": 0.16868616279395088, "f40": 0.4290767407169749, "f41": -0.3694381928912443, "f42": -0.2208635645081481, "f43": -0.24631309333283508, "f44": -0.41484912591897405, "f45": 0.02077917962854664, "f46": -0.48701409752438285, "f47": 0.19461273111425714, "f48": 2.687394807290969, "f49": -0.04339440497525959, "f5": -0.7805331715434227, "f50": 1.1457940081567877, "f51": -0.03429074581987801, "f52": 0.9878426158284225, "f53": -0.0920884764331096, "f54": -0.37023317330721284, "f55": -0.40124972732741837, "f6": 0.17091429315807372, "f7": -0.168614935804694, "f8": 1.727858077717546, "f9": 1.8017400151451746}, "datetime": {"datetime": "2023-02-03 15:37:02", "elapsed": 3303.627946, "delta": 84.260742}}
{"target": 0.1791807682795753, "params": {"f0": -0.07818704652920827, "f1": 0.7142834685187492, "f10": -0.5996211486144183, "f11": -2.836726453079379, "f12": 1.5823061906772031, "f13": 0.34866051120206387, "f14": 0.33169657117224727, "f15": -0.7700321334824829, "f16": -0.27879479027914456, "f17": -1.0616364548392787, "f18": -0.733105976462811, "f19": -0.13198480640407728, "f2": 0.6101761925355074, "f20": 0.20433124174640782, "f21": -1.3640263715497585, "f22": -0.28266173590138766, "f23": -1.29389805207851, "f24": -0.9627969249935724, "f25": 0.39786150597996817, "f26": -0.6827749799447351, "f27": 2.4289795039236193, "f28": -1.9704354441212704, "f29": -0.6599451652495275, "f3": -1.454313652204239, "f30": -0.9471353377407811, "f31": -0.3336752897710945, "f32": -1.5042519968087318, "f33": -0.5032429726521293, "f34": 0.6540004806973826, "f35": -2.360189216991579, "f36": 2.4482949254946913, "f37": -2.476892629584939, "f38": -0.10860266631648707, "f39": 0.14453340753937738, "f4": -1.2222632340792758, "f40": -0.44583187380792855, "f41": 0.8740006741304985, "f42": 1.6881950643691481, "f43": -0.1478868752189756, "f44": -0.47169227162218763, "f45": 1.294015431510033, "f46": -1.1561377980597165, "f47": -0.6221912191726815, "f48": 1.9891482052227598, "f49": 0.27887264444112003, "f5": 0.6595244950296937, "f50": 0.02268125268299742, "f51": 0.16276508026129632, "f52": -0.1610697099499218, "f53": 0.4787049784704601, "f54": -2.5271896867640096, "f55": -0.5831962658942478, "f6": -0.4613548157481523, "f7": -0.08297781602353704, "f8": 0.8974942294094558, "f9": 1.3765584341973085}, "datetime": {"datetime": "2023-02-03 15:38:08", "elapsed": 3369.678697, "delta": 66.050751}}
{"target": 0.2944153786130204, "params": {"f0": -2.7262703442222005, "f1": -0.2181841366746624, "f10": -0.09287099371978813, "f11": -2.628552754808269, "f12": 1.0985712328668207, "f13": -0.1179601441426914, "f14": -0.3626380281635818, "f15": -2.109433756952494, "f16": -0.13552154484437984, "f17": -0.6949735425087158, "f18": -0.8598939397868282, "f19": 0.10211001099343853, "f2": 0.6214604695216568, "f20": -0.8573920367442137, "f21": -2.035020000290174, "f22": -0.5655579718133747, "f23": -0.421532324628191, "f24": 0.16518916147417784, "f25": -1.4653069542689847, "f26": -1.988041930128468, "f27": 0.15145086616571274, "f28": -0.16089656765111582, "f29": 0.5604865522564816, "f3": -0.3389286858086411, "f30": -0.15897278032972628, "f31": 0.6394116031334345, "f32": 0.15200827665577288, "f33": 0.5820945867878844, "f34": 1.0194777539280575, "f35": -2.718125185663022, "f36": 0.1295521096612512, "f37": -0.7539746504391944, "f38": 0.5190541895420159, "f39": -1.3923696402634984, "f4": -0.6218338433414372, "f40": 0.558215455909955, "f41": -0.45710688336541283, "f42": -0.11907332152861763, "f43": -0.5474051299288709, "f44": -0.5815339569280955, "f45": 0.47973806164272287, "f46": 0.12315999293253199, "f47": -0.0599957933422508, "f48": 0.5025859296416584, "f49": -0.7532491277641514, "f5": 0.5619052227496424, "f50": 0.7390918456082161, "f51": -0.8541952498449998, "f52": 1.0584484527872853, "f53": 2.5054169674935878, "f54": 0.06106238981716405, "f55": -0.9784044317568003, "f6": -0.4486552493174695, "f7": -0.09592413384152731, "f8": 0.5824442973347139, "f9": 2.1541191865543423}, "datetime": {"datetime": "2023-02-03 15:39:08", "elapsed": 3429.522327, "delta": 59.84363}}
{"target": 0.24436796964660207, "params": {"f0": -2.5892977940686794, "f1": 0.993836998899349, "f10": 0.8661326473316007, "f11": -1.4769411396647567, "f12": 1.7019789157025242, "f13": -0.7819423789861368, "f14": -0.6930814299365172, "f15": -1.6859777808678924, "f16": -1.1470923091473773, "f17": -0.523036023792458, "f18": -0.8996779486853523, "f19": 0.3171012108654586, "f2": 0.07621721087757172, "f20": -0.472328491120481, "f21": -2.4450150036372897, "f22": 0.15800279908141812, "f23": -0.14181046647429607, "f24": -0.39005147776050686, "f25": -1.0529091858704425, "f26": -0.5183315779058189, "f27": 1.7918115756101534, "f28": -0.23247117734100287, "f29": -0.38842383096589694, "f3": -1.3941289155611107, "f30": -0.4342839268818708, "f31": 0.12324309131720668, "f32": -0.761842850596937, "f33": 0.5985875833882388, "f34": 1.4395015992793905, "f35": -0.5350532124588012, "f36": 0.00964464169167717, "f37": -1.4258377062820533, "f38": 0.6982076475639162, "f39": -0.22164267073823218, "f4": -0.39279828790080873, "f40": 1.2498646959150264, "f41": -0.4942176308131783, "f42": 2.0576684647517616, "f43": -0.14212245346198238, "f44": -0.09421802014118819, "f45": 0.09056677750029396, "f46": -1.3436098741453928, "f47": -0.6950445939508563, "f48": 1.6941042596553948, "f49": -0.6113361188603705, "f5": 0.11389606543012798, "f50": 1.70867126253779, "f51": 0.14289078424006507, "f52": 1.899647382917136, "f53": 0.26489417528880926, "f54": -2.7323100082306633, "f55": 0.1420754173951, "f6": 0.12288106504425378, "f7": 0.22862934127151502, "f8": 0.40864718401046124, "f9": 2.1203378071260928}, "datetime": {"datetime": "2023-02-03 15:39:51", "elapsed": 3472.733041, "delta": 43.210714}}
{"target": 0.46781108856112286, "params": {"f0": -0.3969824958778636, "f1": 0.9360405071813771, "f10": 0.7301208318709596, "f11": 0.1529070839274378, "f12": 2.4509390115265113, "f13": -0.5388327011919476, "f14": -0.46771749577173427, "f15": 0.15598758021057701, "f16": 0.16124573255312757, "f17": -0.3299902906204215, "f18": 0.6213915620291679, "f19": 1.5459364995490839, "f2": -0.5021780072215514, "f20": 0.7345619185517247, "f21": -1.5513051656334977, "f22": -0.107067909415266, "f23": -1.6225254603099302, "f24": -0.6861450038514183, "f25": 0.293969017007492, "f26": -1.3603846395652217, "f27": 1.1669868363815763, "f28": -1.5248471673659412, "f29": 0.0055856421446504045, "f3": -1.2982522787499353, "f30": -0.2235600068131669, "f31": -0.08580055686471066, "f32": -2.5919710713547413, "f33": -0.19286093616283495, "f34": 1.0165756377905024, "f35": -1.648568221375234, "f36": 0.3024491538436082, "f37": -2.2883207481802326, "f38": 0.7110278680894123, "f39": 0.2979787480788172, "f4": -0.7823819740412026, "f40": 0.14016111995630953, "f41": 0.007484248120410042, "f42": 0.14201906452323332, "f43": 0.03792495220021397, "f44": 0.3639764620746557, "f45": 1.0583494400685518, "f46": -1.2766775306216664, "f47": 0.4657988266862152, "f48": 2.050836098881422, "f49": 0.2503485199802429, "f5": -0.4432621542615225, "f50": 0.8219455844997229, "f51": -0.43216416968073146, "f52": 1.2591928678189201, "f53": 2.7068897885442507, "f54": -1.2442290634737594, "f55": -0.8236106501915015, "f6": -0.13125006760147578, "f7": -0.8793863844443282, "f8": 1.6715292491258824, "f9": 2.888369654190505}, "datetime": {"datetime": "2023-02-03 15:40:32", "elapsed": 3514.164903, "delta": 41.431862}}
{"target": 0.26340127788908185, "params": {"f0": -0.6978667172451902, "f1": 0.7282824622116086, "f10": 0.22937660650933356, "f11": -1.202358020788552, "f12": 1.5210784360496137, "f13": 0.4809860436885808, "f14": 0.7491777618065725, "f15": -1.5961491122740716, "f16": -0.09916573948078633, "f17": -0.7329353916226766, "f18": -0.8498699963290478, "f19": 0.7670492142606411, "f2": 0.6939678089654024, "f20": 0.1350744679774415, "f21": -2.476612072085821, "f22": -1.1624685628388214, "f23": -0.5779485727466258, "f24": -0.7107628659989091, "f25": -0.5682874422677044, "f26": -1.577140642015166, "f27": 1.7530958476033656, "f28": -0.008751609432860352, "f29": -0.4239903098989445, "f3": 0.2389758025213049, "f30": -1.1346001867653401, "f31": 0.5475278477812285, "f32": -1.2078554963216115, "f33": 0.29870775521977033, "f34": 0.5249754182483921, "f35": -2.450997121778852, "f36": 0.8732986438589176, "f37": -0.30395401515560927, "f38": 0.7338108410096255, "f39": -0.8805041025468029, "f4": -0.03721810739587328, "f40": 0.38736334682678036, "f41": 0.4586333937514936, "f42": 0.1276170895592293, "f43": -0.4507395430133764, "f44": -0.5537679550957411, "f45": 0.2864236926732465, "f46": -0.830561020861109, "f47": -0.4002484542220346, "f48": 2.065563820985613, "f49": -0.7494922639012155, "f5": 0.531927574952539, "f50": -0.14526197942544822, "f51": -0.5847271033765021, "f52": 1.9252345028641766, "f53": 0.7759062192480153, "f54": -2.0106371134393664, "f55": 0.4511944798148494, "f6": 1.2064602988904554, "f7": -0.5089509475994343, "f8": 0.13190923304895208, "f9": 2.0270154614185603}, "datetime": {"datetime": "2023-02-03 15:41:26", "elapsed": 3567.67175, "delta": 53.506847}}
{"target": 0.27537684993942996, "params": {"f0": 0.05080628911687546, "f1": 0.6127686004938342, "f10": 0.0013112803375778803, "f11": -2.3360612724577976, "f12": 0.07113024666506923, "f13": -0.6881496454469442, "f14": 0.3034449958176644, "f15": -2.267073346763033, "f16": -0.6827495122610316, "f17": -0.49994615336223547, "f18": 0.2939901715876313, "f19": 0.0014084861409070504, "f2": 0.4725349446548577, "f20": -0.14133161317532394, "f21": -1.7350002792176897, "f22": -0.18788657723350344, "f23": -0.3159406978814867, "f24": -1.816586196895023, "f25": -0.6142433257291706, "f26": -0.5863265288537556, "f27": 1.3921168969236564, "f28": -0.2974572797288879, "f29": 0.7760317480510829, "f3": -1.238644955074689, "f30": -0.5717151774569043, "f31": -0.8961877709403319, "f32": -0.5721276534410369, "f33": -0.18085578849473505, "f34": 1.4952768360185311, "f35": 0.14960952024697116, "f36": 1.1227510314178024, "f37": -1.7270033273926069, "f38": 0.5607721032027567, "f39": -1.0712728158733813, "f4": 0.16556340283495286, "f40": -0.43354057489106734, "f41": -0.060140892183919825, "f42": 0.8881039034653071, "f43": 0.09609229478315984, "f44": 0.31255042105339825, "f45": 0.8056644213442399, "f46": -1.3826377673639894, "f47": -0.25793002184554115, "f48": -0.12780872218189657, "f49": -0.30022339744841353, "f5": 0.13525688164678207, "f50": 0.06824660948410921, "f51": -0.5716093315815347, "f52": 2.2152812027149573, "f53": -0.10241649989654247, "f54": -1.9688296846943585, "f55": -0.21423766522325216, "f6": 0.041306550509230544, "f7": 0.25287428054602934, "f8": 1.3391253067111406, "f9": 2.05131409605917}, "datetime": {"datetime": "2023-02-03 15:42:25", "elapsed": 3626.55816, "delta": 58.88641}}
{"target": 0.20039666702692374, "params": {"f0": -2.393917362666235, "f1": 2.8672718270856024, "f10": 0.2735334335852919, "f11": -1.960597658047815, "f12": 2.947513205804089, "f13": 0.39591435754014526, "f14": 0.2966390918346178, "f15": -0.6302741033457278, "f16": 0.09116145090561867, "f17": -0.8287025034023797, "f18": 0.18905879225454825, "f19": 0.15028602542859099, "f2": -0.11344819117231586, "f20": -0.742894116189214, "f21": -2.1031133639124113, "f22": -0.12149278868718527, "f23": -0.7867797773645235, "f24": -2.011308011550085, "f25": 0.2979208149003134, "f26": -0.037545863975143146, "f27": 0.6052915963303378, "f28": -1.7202704116456156, "f29": 0.32909733804852614, "f3": -1.3856070957507436, "f30": -0.8627471948419663, "f31": 0.4908763883589603, "f32": -2.1736177476427088, "f33": 0.5601009514421311, "f34": 0.6866470227085533, "f35": -1.8861596767263906, "f36": 0.17541271914833242, "f37": -0.48593342483093505, "f38": 0.4464094201527845, "f39": -1.120420123111994, "f4": -0.30456750735219784, "f40": -0.06215450918561172, "f41": 0.6473869283714851, "f42": -0.17465228360905016, "f43": 0.5424632442450898, "f44": 0.3980303148618307, "f45": 0.19175462999427062, "f46": -1.5531417480981728, "f47": 0.1995582133910776, "f48": 1.2896032903712535, "f49": 0.04391588938722302, "f5": 0.555788553035842, "f50": 1.2167896090328691, "f51": 0.7203834064766987, "f52": 2.5693131561204163, "f53": 1.4804817025643027, "f54": -2.2336301928659665, "f55": 0.11851105621121738, "f6": 1.1841727966045044, "f7": -0.40810062645915246, "f8": 0.21562669113605004, "f9": 2.739348455769638}, "datetime": {"datetime": "2023-02-03 15:43:15", "elapsed": 3677.257937, "delta": 50.699777}}
{"target": 0.25533137941558254, "params": {"f0": -1.4544186840608107, "f1": 0.9804936376684594, "f10": -0.5927017544366481, "f11": -2.0174690374615207, "f12": 1.1342968114328975, "f13": -0.49328065736815796, "f14": -0.08907754259515, "f15": -0.08452770490093453, "f16": -0.6999111521511309, "f17": -0.09728257262726481, "f18": 0.04594024981071254, "f19": 1.1634699080836888, "f2": -0.5392317911835451, "f20": 0.3449452981814891, "f21": -0.5387316597142051, "f22": -0.8992223063323656, "f23": -0.49410757040583553, "f24": -0.7800274208468445, "f25": -0.26080694546518024, "f26": -1.355942273599667, "f27": 2.7880388261506264, "f28": -1.1555053351107818, "f29": -0.7265732838542549, "f3": -0.8139651003596216, "f30": 0.46001223990107354, "f31": -0.8415120245006276, "f32": -2.9901855778639383, "f33": 0.13801656833095366, "f34": 1.390963744772793, "f35": -0.8370020934747173, "f36": 0.9667852048220413, "f37": -2.900449781843746, "f38": -0.5279268312912372, "f39": -0.04067857131299646, "f4": -1.7226055643912226, "f40": 0.6462499566563891, "f41": 0.39921915410820985, "f42": 1.9314408263396372, "f43": 0.8823032560159625, "f44": -0.07265048738735302, "f45": 1.7655662307548785, "f46": 0.10979550321967801, "f47": -0.9541372554953216, "f48": 1.9833267245444066, "f49": -0.38470014172975814, "f5": 0.48752660719202834, "f50": 1.3061415928067248, "f51": 0.603738201201848, "f52": 0.37895729924742405, "f53": 2.429305710453933, "f54": -1.2247724367806008, "f55": -0.6893272243222817, "f6": 0.6442478780521874, "f7": -0.979296496679706, "f8": 0.609493150517104, "f9": 2.69087129440493}, "datetime": {"datetime": "2023-02-03 15:43:56", "elapsed": 3717.613307, "delta": 40.35537}}
{"target": 0.6435317463549995, "params": {"f0": -2.377715078573773, "f1": 2.470778493780436, "f10": -0.5786695231764692, "f11": -2.1925326646674197, "f12": 1.992640045902884, "f13": 0.6536437109450383, "f14": 0.5456513971210044, "f15": -0.9011356634946777, "f16": -0.5943922739828471, "f17": -0.2346583240076805, "f18": 0.2620201770756815, "f19": -0.2314201472957733, "f2": -0.32567337896793913, "f20": -0.04192641681190279, "f21": -0.012139694817541624, "f22": 0.1425685263958849, "f23": -0.07592204993554041, "f24": -1.58091129315278, "f25": -0.9925440467679025, "f26": -0.6984938819091333, "f27": 1.382465187290497, "f28": -1.9838725062408307, "f29": -0.17485377196239027, "f3": 0.05298868441450555, "f30": -0.14379833611465287, "f31": -0.8495392041473173, "f32": -0.3086034724712987, "f33": -0.16355689745121915, "f34": 0.23764903267235016, "f35": -1.1202650041015378, "f36": 2.252763737496739, "f37": -2.1720521095306835, "f38": -0.48626722040454706, "f39": -0.7686290772304696, "f4": -0.5969715192703722, "f40": 0.4742683238268027, "f41": 0.9206540368196056, "f42": 1.1622733035093942, "f43": 0.7550412643817197, "f44": -1.2708924454481683, "f45": 1.8596764807869037, "f46": -1.2038443188831034, "f47": -0.21001259386522242, "f48": 2.6141010014171933, "f49": -0.2531307405149189, "f5": 0.28271611054619616, "f50": 0.7434662452955074, "f51": -0.18838534927067818, "f52": 0.11752459653168093, "f53": 0.40402072807649914, "f54": -2.0565080439333707, "f55": -0.8128138068636088, "f6": -0.24927972549431368, "f7": -1.5310660273981356, "f8": 1.5504632268391312, "f9": 2.6809789533386925}, "datetime": {"datetime": "2023-02-03 15:44:52", "elapsed": 3773.984999, "delta": 56.371692}}
{"target": 0.26304095824448753, "params": {"f0": -0.7142508689183735, "f1": 1.8436048576085282, "f10": 0.7162208233021266, "f11": -1.715726573847815, "f12": 1.0242626616317771, "f13": -0.43601524318316803, "f14": 0.39652437619505654, "f15": 0.09306075643024636, "f16": -0.7787404899863478, "f17": -0.7416163772311355, "f18": -0.4950262590346797, "f19": -0.0869407974171591, "f2": -0.7379111987170754, "f20": 0.7054625095704723, "f21": -1.08026164406169, "f22": -0.3225859505199927, "f23": -0.11576229367056934, "f24": -0.39365896625015373, "f25": -1.0652970709007188, "f26": -0.3265208263861408, "f27": 2.411407169699062, "f28": -1.635974568767605, "f29": -0.5790196453190433, "f3": -0.02924851498253478, "f30": -0.936610687302381, "f31": -0.002699556653086188, "f32": -1.3248499052903204, "f33": 0.6138166217028767, "f34": 1.8436879336547423, "f35": -0.2985177580042011, "f36": 1.4169000835970986, "f37": -1.9731755035464988, "f38": 0.11898230360979922, "f39": -1.199029326206446, "f4": -0.8657734357086494, "f40": 0.7636123760675503, "f41": 0.10187462796534175, "f42": 1.1054683201985758, "f43": 0.8721854024885545, "f44": -0.2966083946981357, "f45": 1.7773129106449068, "f46": -1.3301917452460075, "f47": 0.1933748598748739, "f48": -0.03946094473874365, "f49": -0.5260080263489306, "f5": 0.47934975785808986, "f50": -0.11742048649688225, "f51": -0.18472185837402488, "f52": 1.4699106509378193, "f53": 2.18440178024447, "f54": -1.3274362859230207, "f55": -0.35621581640283984, "f6": 0.16541974281298333, "f7": -1.5185717180741325, "f8": 2.2288483420419616, "f9": 1.2592066967764093}, "datetime": {"datetime": "2023-02-03 15:45:32", "elapsed": 3813.527712, "delta": 39.542713}}
{"target": 0.3558426318107212, "params": {"f0": -2.998968068554326, "f1": 2.976258646107908, "f10": -0.44515013499033684, "f11": -0.8631505562845909, "f12": 1.532228386426731, "f13": 0.12121575502124227, "f14": -0.1271805153611606, "f15": -1.771406411686009, "f16": -1.0657396891067366, "f17": -1.0897225872209173, "f18": -0.9346792396226022, "f19": 0.23679859100802925, "f2": -0.4789787709096033, "f20": 0.46711431117285507, "f21": -1.4880590258717272, "f22": -0.2966522221234217, "f23": -1.1926809224213557, "f24": 0.008685262660511839, "f25": 0.005902310991882764, "f26": 0.0014650950344989866, "f27": 1.1208263787889405, "f28": -1.253862026369251, "f29": -0.3594637711734297, "f3": -1.5523809714900652, "f30": -0.8046063774425729, "f31": -0.41969020203439983, "f32": -2.3238311286538273, "f33": -0.46549642872370567, "f34": 0.9502098311861542, "f35": -2.048044617154108, "f36": 2.44558669565783, "f37": -0.8786740448279469, "f38": 0.45233760211139296, "f39": 0.1305819307394238, "f4": -0.0027929496186887004, "f40": 0.6523670297864604, "f41": 0.7955735699247078, "f42": 1.6890541871088478, "f43": -0.193069416046122, "f44": -0.848961986545982, "f45": 0.12057884416663, "f46": -0.7661625945603694, "f47": -0.8927373973207022, "f48": 1.858125027149989, "f49": -0.4655330974875899, "f5": -0.3318083169344268, "f50": 0.43779933529264015, "f51": 0.6843228329209496, "f52": 1.000670637370066, "f53": 2.593478674123215, "f54": -1.0129995125262061, "f55": -0.34466362922444094, "f6": 0.5376650686394071, "f7": -1.30018130444192, "f8": 2.476152963413875, "f9": 0.29240326461308896}, "datetime": {"datetime": "2023-02-03 15:46:17", "elapsed": 3858.758955, "delta": 45.231243}}
{"target": 0.2027773591363439, "params": {"f0": -1.3780075425620246, "f1": -0.007504099163246333, "f10": -0.5062333440068092, "f11": -0.8633282723629048, "f12": 1.8237555089044708, "f13": -0.5280696439912032, "f14": 0.821290805167856, "f15": -1.673198732955202, "f16": -1.0833241538949931, "f17": -1.208294232578739, "f18": 0.12341059454230396, "f19": 0.4790893637160908, "f2": 0.12615705707628755, "f20": -0.7450063012467109, "f21": -0.620168347375011, "f22": 0.1410979594922086, "f23": -1.4254572380500745, "f24": -0.9123093578837183, "f25": -1.283024740092313, "f26": -1.6817768055860074, "f27": 2.7167878515736095, "f28": -0.8806434284162474, "f29": -0.3259773848245045, "f3": -1.397809591952799, "f30": 0.15015365917821222, "f31": 0.4235205104296119, "f32": -2.825817076553114, "f33": 0.4506536179058118, "f34": 1.4020631366865088, "f35": -2.9265019150680374, "f36": 0.08291164093938931, "f37": -0.6143063272504343, "f38": 0.2255873477173433, "f39": -0.05194250774829223, "f4": -0.0817330364691553, "f40": 0.6491750011756446, "f41": 0.03990681925696116, "f42": -0.13685644105491934, "f43": -0.1826193900634468, "f44": 0.17495766331415763, "f45": -0.012115490991055133, "f46": -1.452408907537834, "f47": 0.13866150419995016, "f48": 1.0624989344035995, "f49": 0.6254614753192353, "f5": -0.028260366033243223, "f50": 1.700520493513875, "f51": -0.6175187083659366, "f52": 2.8786223247216283, "f53": 0.2098707432483533, "f54": -2.6246369835124033, "f55": -0.778126128636393, "f6": 0.47731432747170877, "f7": -0.38359283438743597, "f8": 1.6126515967127883, "f9": 0.6716856627486294}, "datetime": {"datetime": "2023-02-03 15:47:05", "elapsed": 3906.860938, "delta": 48.101983}}
