{"target": 0.24530454596793477, "params": {"f0": -0.1109051892604267, "f1": 1.0466155588912378, "f10": -0.3135388010739303, "f11": 2.241045730983423, "f12": 2.9190944069484983, "f13": 1.4390851935828688, "f14": -1.5079848041469504, "f15": -0.9111884527667491, "f16": -0.02099874249618683, "f17": -1.3964936887878836, "f18": 1.1220999570270598, "f19": -0.4132750197782582, "f2": -2.4778026730829072, "f20": 0.13194732310558943, "f21": -0.806800149805845, "f22": 1.8405311677464002, "f23": 0.768256481111598, "f24": -0.2494392439374773, "f25": 0.07262533572608643, "f26": -0.7216605860893329, "f27": -0.25061550719363757, "f28": 2.349341152749282, "f29": 1.0953067715941525, "f3": 0.6264238644926745, "f30": 1.9659263807343963, "f31": 2.1260729360378887, "f32": -1.1805258979148165, "f33": 0.32622982555709235, "f34": -1.8778608921831708, "f35": 2.3951223924237715, "f36": 0.35508662917204237, "f37": -2.571249039912602, "f38": -1.496755086576551, "f39": 0.8618547481753877, "f4": -1.0612073624318061, "f40": 2.321677177884217, "f41": 1.0597487267056087, "f42": -3.029095769062752, "f43": 0.5943547735925566, "f44": -0.7465169530240923, "f45": -0.3412351010600364, "f46": 0.19001319520486026, "f47": -0.5095367077145434, "f48": -2.928391911289553, "f49": -0.3218065132901633, "f5": -0.7702331817269403, "f50": -0.5932365929700683, "f51": -1.1597831138410224, "f52": -0.5439441731272701, "f53": -2.3942432424621036, "f54": -1.5510192053456162, "f55": 2.0797459620702927, "f6": 1.3379735007822904, "f7": -0.15522347121398372, "f8": 0.49033089640409466, "f9": -0.20740657509301252}, "datetime": {"datetime": "2023-02-03 12:31:30", "elapsed": 5775.819114, "delta": 114.834857}}
{"target": 0.33250229196582226, "params": {"f0": 0.8110167136008608, "f1": 0.42262907730315735, "f10": -0.6037721595410964, "f11": 2.17981630459101, "f12": 2.732840427938562, "f13": 0.6992676654834875, "f14": -1.3586963452123852, "f15": -0.5025069745849993, "f16": -0.5886494213771241, "f17": -0.3810256850892597, "f18": 0.09688526600399645, "f19": -2.600437724806949, "f2": -1.2216030499134427, "f20": -0.5729171975358235, "f21": -1.7256169344651222, "f22": 1.3264138576988362, "f23": 0.3664124027875249, "f24": -0.6649833148161612, "f25": -0.8511431178963647, "f26": -0.1856961927095061, "f27": -1.3911622488505313, "f28": 2.386606654343379, "f29": 0.4317477358343794, "f3": 0.01437099372996864, "f30": 0.3396768259738924, "f31": 2.7097911267785046, "f32": -2.3678256518453473, "f33": 2.576291132814416, "f34": -2.586161202075994, "f35": 0.3645905207813595, "f36": 0.05982178541645844, "f37": -0.9581351702044638, "f38": -1.26949296217823, "f39": 0.3205526987616879, "f4": -0.8307479419566786, "f40": 1.268867035228889, "f41": 1.1622505369633205, "f42": -1.481096182086441, "f43": -0.13719309693803633, "f44": -1.271501620103073, "f45": -0.6084503558705235, "f46": 0.18617995852157643, "f47": -0.6041834488562344, "f48": -2.595202669635078, "f49": -3.016220802414816, "f5": -2.4338527649796173, "f50": -0.9754366403798855, "f51": -0.6020452555051481, "f52": -0.4163773522320315, "f53": -0.38923824263048434, "f54": -2.0373669984268012, "f55": 0.9285740511665411, "f6": 0.691257603029814, "f7": -0.6930615107166882, "f8": 0.06255402155813017, "f9": -0.7981924422170819}, "datetime": {"datetime": "2023-02-03 12:31:50", "elapsed": 5795.390711, "delta": 19.571597}}
{"target": 0.3357652645316129, "params": {"f0": 0.16794225455416373, "f1": 0.4824733312207373, "f10": -0.09761083635950452, "f11": 0.5085037574563244, "f12": 0.93456299850125, "f13": 0.6488462722293996, "f14": -0.9917309774613052, "f15": -1.7474886767555748, "f16": -0.4839021708988255, "f17": -1.0473395247710646, "f18": 1.7541291932558134, "f19": -1.6246102013210129, "f2": -1.6335120580692253, "f20": -0.1913948492479911, "f21": -0.9306819297169981, "f22": 1.2465472888914049, "f23": 0.8828365224667908, "f24": -0.29073665426018647, "f25": -1.152566946011331, "f26": -0.8629598575273464, "f27": -2.4686328391236785, "f28": 1.6675547622181963, "f29": 0.6789245345823199, "f3": -0.06747594274054425, "f30": 0.5111342639958173, "f31": 0.1748296548018578, "f32": -1.5592353721891699, "f33": 2.8180934819484293, "f34": -2.2435405954683754, "f35": 1.4897291396728052, "f36": -0.19353325252767373, "f37": -1.5486210151079953, "f38": -0.55386710951344, "f39": 0.6930144858604487, "f4": -1.4515034344694704, "f40": 1.8662941101435315, "f41": 0.7459503196597096, "f42": -1.0350294112526952, "f43": 0.3583027928313516, "f44": -1.9009448307712402, "f45": -0.29642499964992663, "f46": -0.6691037619132626, "f47": -0.09424941520656982, "f48": -0.5444184753104504, "f49": -1.9877891429695635, "f5": -1.9925103436915375, "f50": -1.0742211321105037, "f51": -2.47337453125163, "f52": -0.38071334107696775, "f53": -2.8875862290368977, "f54": -1.1392442178428233, "f55": 1.865964494089428, "f6": 0.8231340097283895, "f7": -2.294496783872587, "f8": 0.28133475587986423, "f9": -0.3378726386663822}, "datetime": {"datetime": "2023-02-03 12:33:03", "elapsed": 5868.136769, "delta": 72.746058}}
{"target": 0.20270450659979483, "params": {"f0": 0.5544984056541977, "f1": 0.9467563321889195, "f10": -0.38079073149909637, "f11": 0.6968498841948937, "f12": 1.8332417943939867, "f13": 1.2976987685242267, "f14": -2.192966264620757, "f15": -1.7914662302407502, "f16": -0.42868759148708857, "f17": -0.8352295796376126, "f18": 2.4101852936743, "f19": -0.2917183192162911, "f2": -0.5346636707648162, "f20": -0.647156584537222, "f21": -0.7413257293035238, "f22": 2.9883897230835026, "f23": 1.838763822232458, "f24": -0.2565139374715796, "f25": -1.227253766471173, "f26": -0.10734925845855836, "f27": -2.549440977021392, "f28": 2.0655378438965166, "f29": 0.5768820276020425, "f3": 0.173032112909692, "f30": 0.9724585286487477, "f31": 0.9430100093174295, "f32": -1.433363372470979, "f33": 2.239013239920128, "f34": -2.293276309911543, "f35": 2.410453752913184, "f36": 0.43938810359020264, "f37": -0.8350751603173516, "f38": -0.05937993923487861, "f39": -0.270484700944143, "f4": -1.0501383808500313, "f40": 2.2212452841471317, "f41": 2.020495779864296, "f42": -1.1783309044038839, "f43": 0.6113974613519693, "f44": -0.24918899453542442, "f45": -0.47877024437782834, "f46": 0.15785417158548154, "f47": -0.8122324703755811, "f48": -0.8773729521744764, "f49": -2.3435798003774924, "f5": -2.3915558591131396, "f50": -1.1055103382502047, "f51": -0.7235528242450351, "f52": -0.25640511389807913, "f53": -1.5632489051049943, "f54": -0.3193231178806677, "f55": 0.38951927030243405, "f6": 1.1372599179769667, "f7": -2.011096823131619, "f8": 0.44666716875122825, "f9": -0.03059418237422573}, "datetime": {"datetime": "2023-02-03 12:34:14", "elapsed": 5938.906405, "delta": 70.769636}}
{"target": 0.5363918595731493, "params": {"f0": -0.0043414675472533415, "f1": 0.9827647012780968, "f10": 0.030333688989175323, "f11": 2.969640654196754, "f12": 1.4870933702847189, "f13": 0.6143224957422915, "f14": -1.45828262529495, "f15": -2.160788406316357, "f16": 0.08605359881941055, "f17": -1.3658633702746559, "f18": 2.7868984575882947, "f19": -0.960258645113448, "f2": -2.6997419166070062, "f20": -0.06607702833952489, "f21": -1.452599920667892, "f22": 1.4004722165201495, "f23": 1.7224024375792613, "f24": -0.8910097515930367, "f25": -0.3137334114201318, "f26": -0.622941523070551, "f27": -2.6826539297534917, "f28": 0.6507135323666402, "f29": 0.4847015213044781, "f3": 0.48936653676112396, "f30": 0.4732346443902778, "f31": 2.5553619384997126, "f32": -1.4304257734778338, "f33": 0.6694933605704605, "f34": -0.9615513177329857, "f35": 1.558560278493198, "f36": 0.05837484182336705, "f37": -1.18357823596149, "f38": -1.5266168267172908, "f39": -0.25428105300345016, "f4": -0.25022684912835436, "f40": 2.036829280371875, "f41": 0.932682011543791, "f42": -1.5061909642957296, "f43": -0.40224836594843594, "f44": -2.877255009958253, "f45": -0.0006821226272369918, "f46": 0.13345767545920828, "f47": -0.984065727531179, "f48": -2.3806304869685224, "f49": -2.9810540946468653, "f5": -1.8732302828252212, "f50": -1.1928801948782883, "f51": -1.4804439268931193, "f52": -0.0940865308255674, "f53": -2.4404921964655526, "f54": -2.7693580958053374, "f55": 0.6185479982715376, "f6": 0.5737951084101639, "f7": -2.4718399435285674, "f8": -0.38154938172394964, "f9": -0.9399796134275451}, "datetime": {"datetime": "2023-02-03 12:35:04", "elapsed": 5989.533163, "delta": 50.626758}}
{"target": 0.14033276634998948, "params": {"f0": 0.6297581818861906, "f1": 0.30819048210186717, "f10": -0.6769242643864757, "f11": 1.97227173434464, "f12": 0.8484907077036961, "f13": 1.1030090175686724, "f14": -1.580686072391079, "f15": -0.13323359594605577, "f16": 0.07311942937479654, "f17": -1.4871911470002046, "f18": 2.241294803175629, "f19": -1.7135493659251444, "f2": -0.2124284645086454, "f20": -0.6811018075457945, "f21": -0.7339658284979234, "f22": 2.6725790432473264, "f23": 1.1862580090816741, "f24": -0.5268257850238187, "f25": -0.7511649930348732, "f26": -0.1725736351833269, "f27": -1.3658528037791722, "f28": 1.359962018045396, "f29": 2.3973938218404713, "f3": 0.33131309786056495, "f30": 0.3731443353641717, "f31": 2.5628162612148437, "f32": -1.5154663144316562, "f33": 2.47681206909985, "f34": -0.9946300687897249, "f35": 2.467476054412798, "f36": -0.6552968908704903, "f37": -1.9004312376932684, "f38": -0.35032689534358585, "f39": 0.42236836222252955, "f4": -0.7466396302430531, "f40": 2.5268729823298304, "f41": 1.1769706858293356, "f42": -1.7776848217096315, "f43": 0.057415151719030055, "f44": -1.5046882372446837, "f45": 0.1787692272811907, "f46": 0.15469552640168804, "f47": -0.6610697400394628, "f48": -0.14034561732122786, "f49": -1.0019170737348113, "f5": -1.9534635290053073, "f50": -1.8563852116226387, "f51": -0.5865052807349942, "f52": -0.0217467117671043, "f53": -0.153900785052409, "f54": -2.705033238909971, "f55": 1.7978434493170963, "f6": 0.8096264389232307, "f7": -2.881922440063563, "f8": 0.4113994413310571, "f9": -0.8633213259194557}, "datetime": {"datetime": "2023-02-03 12:35:53", "elapsed": 6038.13029, "delta": 48.597127}}
{"target": 0.7122361468207682, "params": {"f0": -0.015597872664209644, "f1": 0.22704947650739782, "f10": -0.15420396344528886, "f11": 1.12908455313579, "f12": 1.0653834219177356, "f13": 1.4123822165102604, "f14": -1.32188992299995, "f15": -1.5657478856333904, "f16": -0.08677071874668713, "f17": -0.9281197716534497, "f18": 2.4468494039068958, "f19": -1.6868465523949756, "f2": -2.785258883380691, "f20": -0.41248835967360875, "f21": -1.4565821487796344, "f22": 2.983379918943022, "f23": 2.482390888797442, "f24": 0.23222293087054213, "f25": -0.0901304950855486, "f26": 0.20465696888923157, "f27": -2.954469872105651, "f28": 2.883828759540953, "f29": 1.2269474495545982, "f3": -0.11687215451924055, "f30": 0.31636811343784577, "f31": 2.631472740933715, "f32": -1.10649099861882, "f33": 1.4333444992726485, "f34": -1.1138984348030438, "f35": 1.8044275770765483, "f36": -0.10918259782973416, "f37": -2.4923558268604014, "f38": -0.21430715893399865, "f39": 0.7007995510362885, "f4": -0.8709050419128455, "f40": 0.37211593204265236, "f41": 2.6546941921732343, "f42": -0.9418036431206045, "f43": 0.335834460452719, "f44": -1.0598296274588768, "f45": 0.05489741490166633, "f46": 0.0016588913026016616, "f47": 0.14322695738957236, "f48": -1.7322098876573366, "f49": -1.653052162049729, "f5": -1.9967490397783734, "f50": -0.3854527838460955, "f51": -0.6800557773752596, "f52": 0.250864543494139, "f53": -1.8985963181333199, "f54": -1.7078190327170755, "f55": 0.6296818827671037, "f6": 0.853897396971281, "f7": -1.6879347290110351, "f8": 0.42853139930903117, "f9": 0.2081021482279093}, "datetime": {"datetime": "2023-02-03 12:38:13", "elapsed": 6178.665489, "delta": 140.535199}}
{"target": 0.4409052960814793, "params": {"f0": -0.3964439271640621, "f1": 0.5938215559705573, "f10": -0.36906505897224445, "f11": 0.9297282792796658, "f12": 1.485438148206874, "f13": 0.6851249306898122, "f14": -1.5775094686318258, "f15": -2.1852333254006897, "f16": 0.3027858994279359, "f17": -0.9827187773266504, "f18": 0.26065437780221234, "f19": -0.5828628855890026, "f2": -1.4944603241725558, "f20": -0.8624192360108897, "f21": -0.28691506995326455, "f22": 1.0047173873814967, "f23": 0.17059046291400473, "f24": 0.13535920082204334, "f25": 0.477190536344678, "f26": -0.13265170568225937, "f27": -1.3872095962649467, "f28": 1.0298488078126784, "f29": 1.1000326169242323, "f3": 0.2617834135756908, "f30": -0.07740679207113346, "f31": 1.5094061428546237, "f32": -1.7725845844342862, "f33": 0.6319014062779981, "f34": -1.8417735190819369, "f35": 1.8945022164244054, "f36": -0.024339030751070356, "f37": -0.17093006160843194, "f38": -0.46187698560978235, "f39": 1.1755983487953348, "f4": -0.5999122918577695, "f40": 0.5895828522172506, "f41": 0.45714587372268667, "f42": -1.425321273283215, "f43": 0.01824108874683661, "f44": -1.3402210734881224, "f45": 0.10818653743072937, "f46": -0.4502423717536682, "f47": -0.3798481507856997, "f48": -1.6484735116684712, "f49": -1.7085424789939698, "f5": -0.2417744818159373, "f50": -0.7505286211400133, "f51": -0.9669782260925865, "f52": -0.048888396128522194, "f53": -2.369207914120919, "f54": -2.648383783040893, "f55": 0.27259548411642054, "f6": 0.5146927957830273, "f7": -1.4314218069978528, "f8": 0.23809454557919602, "f9": 0.03829856785557162}, "datetime": {"datetime": "2023-02-03 12:39:07", "elapsed": 6232.511362, "delta": 53.845873}}
{"target": 0.3198582571069113, "params": {"f0": -0.22931931032600172, "f1": 0.5933081799351307, "f10": -0.5982621991496582, "f11": 2.0228289583626013, "f12": 0.9694212549953846, "f13": 1.453605607859116, "f14": -2.1083450948242004, "f15": -1.745443763706112, "f16": -0.21137049364900923, "f17": -1.7496241908199215, "f18": 2.6033767534402052, "f19": -2.086539531387177, "f2": -0.26594145797457447, "f20": -0.07097710971342952, "f21": -1.3782122983478495, "f22": 0.7351130527754024, "f23": 2.0170505517383703, "f24": -0.242272392328869, "f25": -0.6142296874036302, "f26": 0.04984946092922238, "f27": -1.754356402217237, "f28": 1.8100646008773407, "f29": 2.17662100057212, "f3": -0.6496095095508982, "f30": 0.036430679828477364, "f31": 2.26678199640795, "f32": -0.49541654945673774, "f33": 0.7182209527471155, "f34": -0.8385525067529886, "f35": 1.2778336607196457, "f36": -0.05152539534183309, "f37": -1.2591155468832054, "f38": -0.09260055704303827, "f39": 0.46316696965868354, "f4": -0.8343618253678129, "f40": 0.11122551039990808, "f41": 1.9621012797816606, "f42": -0.799935077003384, "f43": -0.12034147754841035, "f44": -0.6187534580292715, "f45": 0.4559467242103393, "f46": -0.33595717426702343, "f47": 0.4282697284012692, "f48": -2.526342026552233, "f49": -2.506092383548876, "f5": -0.6053304411448739, "f50": -0.6652021736284752, "f51": -0.8211401620826925, "f52": 0.35966796563109626, "f53": -3.0247877329526545, "f54": -2.4958522925374744, "f55": 0.9159593839043714, "f6": 0.31849446832258954, "f7": -1.876438581874639, "f8": 0.7475756317468625, "f9": 0.61011771706056}, "datetime": {"datetime": "2023-02-03 12:39:52", "elapsed": 6277.493975, "delta": 44.982613}}
{"target": 0.17079489494485048, "params": {"f0": 0.5686546102150081, "f1": -0.11392213418647995, "f10": 0.32171835489210276, "f11": 1.7821372813635186, "f12": 0.8904168582154757, "f13": 0.9183081765306778, "f14": -0.6779665242427519, "f15": -1.308204219067008, "f16": -0.09438885740352476, "f17": -1.281891020523695, "f18": 0.5611396392650609, "f19": -2.075605898489073, "f2": -1.6852586336854647, "f20": -0.6735227869802465, "f21": -1.7464276188422216, "f22": 2.141190567998855, "f23": 2.141294586892648, "f24": -0.03371621100085964, "f25": 0.28226627170790153, "f26": -0.0978600705466044, "f27": -1.8708611589237067, "f28": 0.5481024666612246, "f29": 1.0823752139423033, "f3": -0.5781124090691402, "f30": -0.044528077339686944, "f31": 0.6308808596096989, "f32": -0.9952485667516979, "f33": 2.1296896629409634, "f34": -1.9871664106175502, "f35": 0.4863768031106074, "f36": -0.6183887548082448, "f37": -2.786788381969537, "f38": -0.6696628742280067, "f39": 1.3119701987761978, "f4": -1.148979398488596, "f40": -0.08005647004078728, "f41": 0.18039854956050158, "f42": -0.5011792874589536, "f43": -0.1653713042744696, "f44": -1.325497005776517, "f45": -0.4942809297498571, "f46": -0.28285836564762623, "f47": -0.026782114575166494, "f48": -1.7190051608739323, "f49": -1.5460087727743348, "f5": -0.9477706621658393, "f50": -0.3164140551729707, "f51": -0.46899678273018897, "f52": -0.18174944345021427, "f53": -2.2726457753577476, "f54": -0.7277831694068784, "f55": 0.23812244711480374, "f6": 0.5653961971368714, "f7": -2.765631521299498, "f8": -0.06454050027892941, "f9": -0.04339657680570658}, "datetime": {"datetime": "2023-02-03 12:40:19", "elapsed": 6304.546743, "delta": 27.052768}}
{"target": 0.1698634287044832, "params": {"f0": -0.08609035959999095, "f1": 0.2658339926917376, "f10": -0.5236613036844857, "f11": 0.7720082527575721, "f12": 0.5027928103169238, "f13": 0.3645019777679843, "f14": -0.18446419938963654, "f15": -0.5825852050605307, "f16": 0.14756962976118082, "f17": -0.21853446697477996, "f18": 0.4982445512636992, "f19": -1.5449574998185742, "f2": -2.067078865541183, "f20": -0.7459818416619428, "f21": -0.579789313160922, "f22": 2.7662334549698615, "f23": 2.4617546409156827, "f24": 0.17988894995742666, "f25": -0.3109924174132622, "f26": -0.3188456935692744, "f27": -2.8839052986206255, "f28": 0.7489252952757846, "f29": 0.4016645178977244, "f3": -0.35354844109645767, "f30": 0.7446272111675422, "f31": 2.5934787168542206, "f32": -1.2781436493434994, "f33": 0.40859870136995546, "f34": -1.777204265954491, "f35": 1.6351914611301233, "f36": 0.11346115644239185, "f37": -2.2324332265656937, "f38": -0.7904281810574583, "f39": 1.1157603483916971, "f4": -0.5725639723382718, "f40": 0.5073224342812718, "f41": 0.9769478211402354, "f42": -0.6487707462900345, "f43": 0.1636887601476552, "f44": -0.605266217039498, "f45": -0.2345208011032442, "f46": 0.5504963980869831, "f47": -0.33797276763590967, "f48": -2.438304573698832, "f49": -1.862041962611619, "f5": -1.8467681362730026, "f50": -0.8345155702801621, "f51": -0.8680521527859563, "f52": 0.3515783103141745, "f53": -0.48167059607290064, "f54": -1.7936623752107403, "f55": 0.23759429676751115, "f6": 0.13003221726425268, "f7": -1.32137521989165, "f8": 0.04334364770166038, "f9": -0.07722122858866903}, "datetime": {"datetime": "2023-02-03 12:41:13", "elapsed": 6358.179278, "delta": 53.632535}}
{"target": 0.22040855708610507, "params": {"f0": 0.4974065530238734, "f1": 0.015529432404893295, "f10": -0.6455910116371196, "f11": 1.5757569131072215, "f12": 1.8365159661162767, "f13": 0.259425146921891, "f14": -0.9172860156626463, "f15": -1.1819325664873195, "f16": 0.16088949542863717, "f17": -1.0901348125201926, "f18": 0.22972533960090197, "f19": -2.9586813501193547, "f2": -2.6090756304462572, "f20": -0.5561035872802582, "f21": -2.0012043100487302, "f22": 2.577418743810655, "f23": 2.3798443697037523, "f24": 0.06526843076992667, "f25": 0.17785794161589719, "f26": 0.19051733069588506, "f27": -1.1927582507487804, "f28": 0.9431806158793969, "f29": 1.8412731042365658, "f3": -0.6301389700819848, "f30": 0.10051928314504505, "f31": 1.3975622840269568, "f32": -1.3305064487111253, "f33": 0.29673272400810197, "f34": -1.3093858762524841, "f35": 0.7752509257480332, "f36": 0.4384797524583314, "f37": -0.8784838704528237, "f38": -0.43088961570588313, "f39": 1.0449572660368645, "f4": -0.6292552753685439, "f40": 0.25987147209343087, "f41": 0.572031762723942, "f42": -1.01826079081212, "f43": 0.3976167432918301, "f44": -0.36014314286282834, "f45": 0.21373065961438298, "f46": -0.012360928029891971, "f47": 0.23016439943670824, "f48": -0.9761520801974295, "f49": -2.150354735034296, "f5": -0.6520695176449913, "f50": 0.1815967310043759, "f51": -0.4897342034813408, "f52": 0.5988780518977368, "f53": -2.3398205111875874, "f54": -2.9595976462597156, "f55": -0.00623619184266061, "f6": 0.6155800898850785, "f7": -2.42054219958772, "f8": 0.7205547738933948, "f9": 0.799342708254911}, "datetime": {"datetime": "2023-02-03 12:41:58", "elapsed": 6403.276354, "delta": 45.097076}}
{"target": 0.3230600440533824, "params": {"f0": 0.03173270207807799, "f1": 0.21698546805647106, "f10": -0.6952786110444202, "f11": 1.8277512682005397, "f12": 1.4634488920211368, "f13": 0.9408026365294864, "f14": -2.0466851428037436, "f15": -1.406390606427027, "f16": -0.41090495013503947, "f17": -0.28334806318747185, "f18": 2.43048114088809, "f19": -0.5472868364081083, "f2": -1.2771526890727019, "f20": -0.24005605978028988, "f21": -1.3410053329145721, "f22": 2.2641545387252475, "f23": 0.33131361016974703, "f24": 0.8242666821027725, "f25": 0.2995336901467922, "f26": 0.4637673824800808, "f27": -2.2640570172874894, "f28": 0.3268117214552406, "f29": 1.250639968817557, "f3": -0.6460052446757331, "f30": 0.5644430386677107, "f31": 2.14336526242374, "f32": -1.8802907514720055, "f33": 1.50780927867087, "f34": -1.3858944369350108, "f35": 0.42704588517120984, "f36": -0.5712882434301009, "f37": -2.827260559697718, "f38": 0.2762185390940196, "f39": 0.8504471190511358, "f4": -0.7187629161616774, "f40": -0.22759181351428362, "f41": 0.5301554372444524, "f42": -0.30136053309442823, "f43": -0.23753617550644493, "f44": -1.900921599127384, "f45": 0.46538723902437684, "f46": 0.21001100070745993, "f47": -0.03631501726751157, "f48": -0.8137958127077352, "f49": -2.0496513344383374, "f5": -2.476637284342298, "f50": 0.21195433050004187, "f51": -0.20300324894750554, "f52": 0.6614519381734804, "f53": -1.5518097715123171, "f54": -2.1627552317277217, "f55": 1.163346409435466, "f6": 0.8100053762826559, "f7": -1.2352683609156745, "f8": 0.4389510326703794, "f9": 0.21438248695200718}, "datetime": {"datetime": "2023-02-03 12:43:00", "elapsed": 6465.294135, "delta": 62.017781}}
