{"target": 0.24087595221003166, "params": {"f0": 0.18778136849498583, "f1": 0.5894718989418645, "f10": 0.08474433931271952, "f11": 2.924683544392493, "f12": 2.592562865118673, "f13": -0.056756488952813544, "f14": -0.36318456369914154, "f15": -0.40488810875067127, "f16": -0.6936282720018041, "f17": -2.5253976283305635, "f18": 0.5666880966726813, "f19": -1.1996740391055827, "f2": -0.11670699108011284, "f20": -0.9919886893513616, "f21": -0.6770463150059405, "f22": 0.5059362643152101, "f23": 0.040906816458804576, "f24": -0.4613785640291397, "f25": -0.37090964111903757, "f26": -0.7104339365883683, "f27": -0.10094581782421619, "f28": 1.7598918873361897, "f29": 2.37896441795602, "f3": -0.27692400556431845, "f30": 1.9618739610011526, "f31": 2.8799647631089926, "f32": -1.3207627494437386, "f33": 2.1990769722790002, "f34": -2.683426767648391, "f35": 3.025418702489848, "f36": -0.6048729229459188, "f37": -2.4767016250983045, "f38": -0.5340860957204521, "f39": 0.5498951727568546, "f4": -0.21718516760488105, "f40": 1.4504227868327007, "f41": 2.387536778053605, "f42": -2.29216311494143, "f43": 0.740499538061509, "f44": -2.399442719283339, "f45": -0.5302530164187741, "f46": -0.5468440751329386, "f47": -0.3619541622923703, "f48": -1.9162508369761986, "f49": -2.346645370024633, "f5": -1.3706806598105499, "f50": -1.5748157210758682, "f51": -2.819555171351397, "f52": -0.58522729751448, "f53": -1.0286621913985472, "f54": -0.2958178355051042, "f55": 2.4213369689903157, "f6": 0.2731685381144723, "f7": -0.4171995315429915, "f8": 0.14052262110555114, "f9": -0.022555149700355992}, "datetime": {"datetime": "2023-02-03 12:15:25", "elapsed": 4810.376333, "delta": 29.721501}}
{"target": 0.31613947960052097, "params": {"f0": 0.3444594814085628, "f1": 1.4385346902819194, "f10": 0.039757624578150685, "f11": 2.2549638070527602, "f12": 0.7287510820730754, "f13": 0.08814657287564379, "f14": -2.122929394732358, "f15": -1.2681004909562783, "f16": -0.4777733120858867, "f17": -1.114447990315551, "f18": 1.3099206703212385, "f19": -1.0863075286701873, "f2": -3.02078583966605, "f20": 0.14736752719168966, "f21": -0.6728675972654823, "f22": 1.9514477626214533, "f23": 1.3053711062737634, "f24": -0.07446713237993463, "f25": 0.18600309428570694, "f26": 0.133430725337207, "f27": -2.4860140412535197, "f28": 2.5232183676840836, "f29": 0.22898546579128926, "f3": -0.4666470291019993, "f30": 2.506862985088842, "f31": 1.6872983208878396, "f32": -1.1813254836358784, "f33": 2.285687540490598, "f34": -1.1398173869479236, "f35": 0.6020021318235149, "f36": -0.8624615196677654, "f37": -0.6266231542230378, "f38": -1.9813656376774125, "f39": 0.5219132091112315, "f4": -1.9543129919048972, "f40": 2.527447379165024, "f41": 1.4550101909609356, "f42": 0.04346723636264471, "f43": 0.4235295892256318, "f44": 0.04098009428595217, "f45": -0.1815646923690134, "f46": 0.07843071308605398, "f47": 0.03902718095835578, "f48": -2.871042636945465, "f49": -1.9372903260890313, "f5": -0.08016747520865675, "f50": -1.6372406972856988, "f51": -1.2865967061894932, "f52": -0.36982240391733834, "f53": -0.8565919408308122, "f54": -0.3467435534086527, "f55": 0.2051070708241341, "f6": 0.24435303505157244, "f7": -2.6974620777007225, "f8": -0.699308442171849, "f9": -0.880854230357013}, "datetime": {"datetime": "2023-02-03 12:16:22", "elapsed": 4867.655375, "delta": 57.279042}}
{"target": 0.10091374752709809, "params": {"f0": 0.19371684792574945, "f1": -0.13603577679027629, "f10": -0.06776325387158932, "f11": 2.2265774844868735, "f12": 1.0748861120334166, "f13": 0.33322874677275016, "f14": -1.2498295813323919, "f15": -0.8463208882045268, "f16": -0.4390623545683591, "f17": -1.1229676909716786, "f18": 2.5320322293155946, "f19": -0.08990468550010622, "f2": -2.6408766039301033, "f20": 0.009760341475186785, "f21": -0.9202412363279253, "f22": 1.546762495493835, "f23": 1.2981958090079377, "f24": 0.009986430237205468, "f25": -0.598393553385054, "f26": -0.24372323351240843, "f27": -1.1958145309134913, "f28": 1.6124096441302869, "f29": 1.6138240393038457, "f3": -0.1100341463205019, "f30": 2.1982656028501513, "f31": 1.4302064887467552, "f32": -0.8282526395436061, "f33": 1.8563624553433768, "f34": -0.8161933415168079, "f35": 1.4364075310875108, "f36": -0.7239154368461258, "f37": -1.303293091136485, "f38": -0.375794874324201, "f39": 0.4648391236685214, "f4": -0.7330327924581304, "f40": 0.02290846039539273, "f41": 2.438872972932396, "f42": -0.06809027981653548, "f43": 0.45501036699274, "f44": -1.568016275463125, "f45": 0.3167460819994563, "f46": -0.7589324905267623, "f47": 0.09287035895378337, "f48": -1.8386526855446093, "f49": -1.2247392950168343, "f5": -1.3511375387290978, "f50": -0.5186337597918589, "f51": -0.04637720317766547, "f52": 0.12476891867749107, "f53": -2.2392979970813967, "f54": -0.8578864685440619, "f55": 1.8639563000640638, "f6": 0.755394963896811, "f7": -0.294499610003343, "f8": -0.3707570174759406, "f9": -0.3427665944050271}, "datetime": {"datetime": "2023-02-03 12:17:42", "elapsed": 4946.85436, "delta": 79.198985}}
{"target": 0.28091797198802143, "params": {"f0": 0.6735634664442416, "f1": -0.14691290830740877, "f10": -0.6747897625219921, "f11": 2.770786679852097, "f12": 2.7054592527171937, "f13": 0.11601369509129197, "f14": -1.4811562189607914, "f15": -0.53131219530332, "f16": 0.3956761268138108, "f17": -1.7538479339587567, "f18": 0.9758577745032806, "f19": -2.0480391743574304, "f2": -2.0206190309135423, "f20": -1.1958504117265412, "f21": -1.3083770071925218, "f22": 1.845945822920064, "f23": 0.3735632378874362, "f24": -0.8205392585855287, "f25": -0.013163644937046248, "f26": -0.6758313944524339, "f27": -1.8639341725741503, "f28": 1.9047607416438508, "f29": 1.1271039626894355, "f3": -0.08018057286554325, "f30": 0.5002521655213814, "f31": 2.8470021763575977, "f32": -2.023370562419069, "f33": 1.9691405910601918, "f34": -0.2898374362380407, "f35": 0.6884042479783552, "f36": 0.1970559125171848, "f37": 0.05900931908056162, "f38": -0.7260578527846187, "f39": -0.38105543302006345, "f4": -1.652290542256205, "f40": 0.5796763832753524, "f41": 0.9352732634157338, "f42": -1.896652195379914, "f43": 0.46648461367706007, "f44": -0.9572282098860572, "f45": 0.42306088217730053, "f46": 0.33738169845715826, "f47": -0.8096819340820678, "f48": -1.1723043272314833, "f49": -0.8478387368776157, "f5": -2.660486390201541, "f50": -1.7155868781213393, "f51": -2.881517581348958, "f52": 0.7211182917115354, "f53": -1.6896369777080091, "f54": -0.8624484333922742, "f55": 0.8518055119806373, "f6": 1.361580023153891, "f7": -0.32934123478979327, "f8": 0.4199655992965077, "f9": -0.27804932967807094}, "datetime": {"datetime": "2023-02-03 12:18:46", "elapsed": 5011.743042, "delta": 64.888682}}
{"target": 0.2522080639139374, "params": {"f0": 0.6910424650223637, "f1": 0.9844725071922149, "f10": 0.08439696883933878, "f11": 1.4001586960981969, "f12": 1.2702269206771253, "f13": 1.6356417135380314, "f14": -0.5049245814538836, "f15": -2.8641844433069457, "f16": 0.3206890708932941, "f17": -1.0505802665389463, "f18": 2.2883275311014857, "f19": -2.5601290331479225, "f2": -1.3641495419337082, "f20": -0.8119903835025204, "f21": -0.3146626873481648, "f22": 1.9867393201465027, "f23": 2.918916734985767, "f24": 0.4451111772796126, "f25": -0.7524475972622013, "f26": -0.8241173772232637, "f27": -2.3080872466829137, "f28": 2.6266798775989626, "f29": 0.06533103134651519, "f3": -0.19065102929193023, "f30": 1.5248888520600956, "f31": 1.8104750381981214, "f32": -1.258887649364105, "f33": 1.3864415520863846, "f34": -1.1144691073156456, "f35": -0.011758818202060404, "f36": -0.10851165923500294, "f37": -1.7416302893608022, "f38": -1.7577232462025862, "f39": -0.36636543130741006, "f4": -1.5036207835136242, "f40": 1.77403006877672, "f41": 1.9366935191960764, "f42": -1.4533662891393542, "f43": -0.09693417761708062, "f44": -0.8641096756391575, "f45": -0.04683574231353416, "f46": -0.9604096231769927, "f47": -0.4396486014544865, "f48": -0.40775389129752115, "f49": -1.735464083411565, "f5": -1.9295637990356538, "f50": -1.2988818044478432, "f51": -0.2894207409303253, "f52": 0.19542256908147182, "f53": -2.807338214402723, "f54": -1.0489718648156723, "f55": 0.15196832017970824, "f6": 0.6800796460865383, "f7": -2.079701032216488, "f8": 0.1979744479248251, "f9": 0.22719673060677792}, "datetime": {"datetime": "2023-02-03 12:19:53", "elapsed": 5078.779314, "delta": 67.036272}}
{"target": 0.26907760033808664, "params": {"f0": 0.5828037045438281, "f1": 0.5885848017809732, "f10": -0.7893586432039124, "f11": 1.6574177845085534, "f12": 0.24430985994437504, "f13": 0.23293339559547038, "f14": -1.8031784407642635, "f15": -1.1493103142807601, "f16": 0.44400994550060713, "f17": -0.285249152962439, "f18": 1.4512968954229206, "f19": -0.06743938422809581, "f2": -2.8598000914827115, "f20": 0.21280871664584766, "f21": -1.4012239220146432, "f22": 1.92051678803851, "f23": 2.4492405815747227, "f24": 0.2089962626688988, "f25": -1.2104396592062954, "f26": -0.17696687143763035, "f27": -1.5501144826705286, "f28": 0.3362140805304607, "f29": 0.8422966643895287, "f3": 0.28471905651776963, "f30": 0.2235786601398847, "f31": 0.5625448670438765, "f32": -0.4484167274639428, "f33": 1.062380192087658, "f34": -1.7734585318993752, "f35": 0.1859131831788166, "f36": 0.0612090906782119, "f37": -1.9198324467044305, "f38": -0.3678398913953691, "f39": 0.14628558165799949, "f4": -1.3499598382161966, "f40": 1.1116236981003684, "f41": 0.4442079991760873, "f42": -2.274820021215604, "f43": -0.3276517983793612, "f44": -1.5097113859768396, "f45": -0.2164802668274921, "f46": -0.30326096058513186, "f47": -1.039297450413613, "f48": -0.231572302413233, "f49": -0.06978106490098224, "f5": -0.803908854779114, "f50": -0.02861888817083935, "f51": -0.3519183836873734, "f52": 0.4884228557532394, "f53": -2.790347438444397, "f54": -2.241743531404498, "f55": 0.7166332688373668, "f6": 1.7271868639959511, "f7": -0.6238421473581579, "f8": 0.2741975016209064, "f9": -0.7701368583458671}, "datetime": {"datetime": "2023-02-03 12:20:49", "elapsed": 5133.941277, "delta": 55.161963}}
{"target": 0.1573456941282847, "params": {"f0": 0.2911568844281333, "f1": 0.7991863863952573, "f10": -0.702456128961999, "f11": 1.86971281882033, "f12": 0.43564399070542, "f13": 1.4360839247646486, "f14": -2.092378016635114, "f15": -0.5198367735852605, "f16": 0.3889911745657967, "f17": -2.0839615991333678, "f18": 2.858410215238761, "f19": -1.471005326576025, "f2": -2.2391014036346206, "f20": -0.5779786433903501, "f21": -0.8041451660310703, "f22": 0.06098090658953367, "f23": 0.7891477158310495, "f24": -0.8164561123706039, "f25": 0.0711581620742543, "f26": 0.4032923014330566, "f27": -1.7373172408517297, "f28": 2.97062632236294, "f29": 1.0974933197156036, "f3": -0.1872446911082436, "f30": 0.3209967306042839, "f31": 2.3281184500626577, "f32": -1.0731639594591242, "f33": 1.5161597831013136, "f34": -0.34979293004113154, "f35": 0.897359507330147, "f36": 0.4145279172782649, "f37": -1.4483271188857, "f38": -0.3846242052875959, "f39": 0.5651863509086588, "f4": -0.09376578779346745, "f40": 1.5379778840288938, "f41": 2.7544995922755016, "f42": -2.8311485670834005, "f43": 0.5943180259595099, "f44": -2.8854073077349107, "f45": -0.555869912855389, "f46": -0.551693210201994, "f47": -0.7053319430176195, "f48": -0.9786130024371675, "f49": -0.8984486644410139, "f5": -0.6363382702663829, "f50": -1.8732438494321682, "f51": -1.4032358397127418, "f52": -0.5556454031671283, "f53": -2.495231551372183, "f54": -2.5290457021030783, "f55": 0.10821781150178658, "f6": 0.5947696234186837, "f7": -1.53515028893353, "f8": 0.12474607137719396, "f9": -0.6456293198667087}, "datetime": {"datetime": "2023-02-03 12:22:55", "elapsed": 5260.050456, "delta": 126.109179}}
{"target": 0.34762433307873697, "params": {"f0": 0.9051178213337291, "f1": 1.1354914678058754, "f10": -0.4732180630900811, "f11": 1.6021782569593028, "f12": 2.918042805605037, "f13": 1.4392071340081105, "f14": -1.1826765339084144, "f15": -2.036471553496035, "f16": -0.3398145318496679, "f17": -0.09418990194521504, "f18": 2.8176890442319054, "f19": -1.246093501955341, "f2": -1.0904736541340763, "f20": -0.2762688142800105, "f21": -0.29739173304187383, "f22": 0.6475721954342549, "f23": 1.1050607544512698, "f24": -0.3038653534149185, "f25": -0.4693906133156849, "f26": -0.06158619121492159, "f27": -1.1900658364225711, "f28": 2.131180177173713, "f29": 1.2501962269698426, "f3": 0.6377188796004123, "f30": 0.6396726982224796, "f31": 2.952956545386064, "f32": -0.16776746664134867, "f33": 0.3050372737073229, "f34": -2.343017055441062, "f35": 1.0509551182133092, "f36": -0.16993999402016102, "f37": -2.370192462061268, "f38": -1.2266064485618453, "f39": 0.7155510134837955, "f4": -0.09818499678579573, "f40": 2.7223640566205245, "f41": 1.7926481360064794, "f42": -1.2269103469747866, "f43": 0.560642744816272, "f44": -1.6526748573917032, "f45": -0.49660260528429806, "f46": 0.4008717990177073, "f47": -0.13982755005524616, "f48": -0.05828090088024229, "f49": -0.6719443700788101, "f5": -2.83684798667828, "f50": -0.6267049288428084, "f51": -1.470260954900549, "f52": 0.22543287725489258, "f53": -2.173196648170626, "f54": -0.3680007237758396, "f55": 2.1981846639907956, "f6": 0.15407122167484338, "f7": -2.956059171973658, "f8": 0.29364800053919726, "f9": -0.3916753990447447}, "datetime": {"datetime": "2023-02-03 12:24:17", "elapsed": 5341.997809, "delta": 81.947353}}
{"target": 0.2358188933299364, "params": {"f0": 0.8822228543992966, "f1": 0.8443120402973493, "f10": -0.30870926609134486, "f11": 2.767904928503875, "f12": 1.3484355012379468, "f13": 0.549118438786156, "f14": -1.2563935327415316, "f15": -0.31608810913523966, "f16": 0.5790155330895869, "f17": -2.581370374234586, "f18": 1.1175602818236028, "f19": -1.7264256481561073, "f2": -2.785044479549224, "f20": -0.9439582384947539, "f21": -0.3416870412151096, "f22": 2.2680300323743596, "f23": 2.061148806119863, "f24": 0.03138386238500179, "f25": -1.3720776695115535, "f26": 0.32780161202860814, "f27": -1.8574537786325647, "f28": 0.3433177720003831, "f29": 0.45741856080492543, "f3": -0.5525380611643971, "f30": 2.932920082287817, "f31": 0.39223430314954877, "f32": -0.818066578449054, "f33": 2.846031091073813, "f34": -2.2786853818910844, "f35": 1.9451184441233402, "f36": 0.38428119694725005, "f37": -1.9893464876006728, "f38": -0.3164964249204396, "f39": 0.30164342102655256, "f4": -0.4802695945214137, "f40": 1.1787941659274088, "f41": 2.612846753947379, "f42": -0.05968550261173888, "f43": -0.20584531285450647, "f44": -0.5917674163469004, "f45": -0.8679044772882957, "f46": 0.32165317733188936, "f47": -0.4518482495152367, "f48": -2.0598746810998034, "f49": -2.913374027396987, "f5": -2.7554281178151494, "f50": -1.927078158488594, "f51": -1.1876221751206866, "f52": 0.428949318913996, "f53": -1.204972665976259, "f54": -1.0056861311297554, "f55": 1.3917197479432128, "f6": 1.303045396779321, "f7": -2.7195352475067236, "f8": 0.5338647624787656, "f9": 0.02874018207875384}, "datetime": {"datetime": "2023-02-03 12:24:59", "elapsed": 5384.465652, "delta": 42.467843}}
{"target": 0.3665321494309249, "params": {"f0": -0.21879886996882775, "f1": 0.6662923506121861, "f10": -0.09630421164129654, "f11": 2.1724844039964126, "f12": 1.2676121575698625, "f13": 0.7263980797900478, "f14": -1.6338622341011577, "f15": -2.2449069735115526, "f16": 0.4916363507034217, "f17": -1.655888275491257, "f18": 0.8487376893781747, "f19": -1.6325535196705914, "f2": -0.6458220820199871, "f20": -0.798018099020538, "f21": -1.3455254461789257, "f22": 0.6321400564149123, "f23": 0.5730552417191145, "f24": 0.06780012778060884, "f25": -0.3951958242087359, "f26": -0.407355185527397, "f27": -2.6387412675315427, "f28": 1.0678498087664443, "f29": 2.4385081538792157, "f3": -0.5296002540844045, "f30": 0.9890829606700449, "f31": 0.4059431908656277, "f32": -2.930023916102272, "f33": 2.0059248233083933, "f34": -0.5486796063122035, "f35": 2.7491946728384216, "f36": 0.4849804514510204, "f37": -2.6946727999089672, "f38": -0.348813296591548, "f39": 0.4541535517267172, "f4": -1.590181059378254, "f40": 1.3021702699452593, "f41": 1.4309249579282568, "f42": -1.0938477336360786, "f43": 0.5377061518966216, "f44": -2.3162703891617413, "f45": -0.9462296300919846, "f46": 0.40320021193249733, "f47": -1.0845333168334124, "f48": -2.1837853218164502, "f49": -2.0093218962041606, "f5": -0.4344796592394249, "f50": -0.17978993168915136, "f51": -0.5150490767762368, "f52": -0.5767994426780191, "f53": -2.8070525669365285, "f54": -2.7492078120371097, "f55": 2.078483411147656, "f6": 1.720050186273539, "f7": -1.6244968994753102, "f8": 0.16633580778083612, "f9": -0.43495824337911915}, "datetime": {"datetime": "2023-02-03 12:26:19", "elapsed": 5464.792655, "delta": 80.327003}}
{"target": 0.46057634783902807, "params": {"f0": 0.17452710592001708, "f1": 1.4176752630302865, "f10": 0.42532694958856865, "f11": 2.704146155326015, "f12": 1.2170880863828089, "f13": 0.7525791020622438, "f14": -2.3295253113133203, "f15": -0.3209676516681421, "f16": 0.24469108601313816, "f17": -0.5747156196056169, "f18": 1.1963244010605087, "f19": -0.5234396443773783, "f2": -2.7749546331592554, "f20": -0.12814959674041337, "f21": -0.8355390133802296, "f22": 0.5738650185596746, "f23": 0.19149865781049188, "f24": -0.7748013637445893, "f25": -1.3086948149269026, "f26": -0.13132368934224226, "f27": -2.016733905954033, "f28": 0.470280569121273, "f29": 0.27456809952070094, "f3": -0.2987410936815867, "f30": 0.32360250506345456, "f31": 2.548835914722739, "f32": -2.7805693769129878, "f33": 2.0435868436887517, "f34": -0.8244056508190827, "f35": 1.812173742736823, "f36": -0.038548677428403844, "f37": -2.7840498439595076, "f38": -0.6625676824465077, "f39": -0.03694569634504147, "f4": -1.5673922132411318, "f40": 1.0521107746282194, "f41": 2.8769877900663374, "f42": -2.082048302421156, "f43": -0.4840344430970714, "f44": -2.083501336782331, "f45": -0.17985782904484726, "f46": 0.39320805411829474, "f47": -1.028292955832041, "f48": -1.8054996825359093, "f49": -2.4977133266831735, "f5": -0.51515750089635, "f50": -1.3659471469724744, "f51": -0.9118880649642511, "f52": 0.4459043076270591, "f53": -0.8335990751392264, "f54": -0.1547961802535709, "f55": 1.603774597880568, "f6": 1.726720616625353, "f7": -0.2226653029712331, "f8": 0.15200069050957865, "f9": -0.42531563567403186}, "datetime": {"datetime": "2023-02-03 12:27:32", "elapsed": 5536.884463, "delta": 72.091808}}
{"target": 0.21281005231854938, "params": {"f0": -0.22093852893429294, "f1": 0.13926296828519025, "f10": -0.1393115505701258, "f11": 1.655584295960528, "f12": 2.8858599927959445, "f13": 1.822773608854098, "f14": -0.8022698141625626, "f15": -0.9357770775908354, "f16": 0.38317148919726274, "f17": -1.7108201038800217, "f18": 1.434051842832142, "f19": -0.9956370752658472, "f2": -1.298007240316297, "f20": -1.1866036358242238, "f21": -0.06053976712682352, "f22": 1.9136098245617519, "f23": 1.0032851824479916, "f24": 0.11826948231262069, "f25": -0.8343885203522908, "f26": -0.11494113882193213, "f27": -1.8854313100737758, "f28": 1.8971820921974585, "f29": 0.4063099168096522, "f3": 0.1994895741848266, "f30": 2.7033650922027803, "f31": 1.4304992011244304, "f32": -1.9401793254153534, "f33": 2.565851756097852, "f34": -0.9164200107989533, "f35": 1.0152989654322586, "f36": 0.20829280917156956, "f37": -1.7848175396801917, "f38": -1.0085058144893038, "f39": 0.27481222505567604, "f4": -1.8773005052406098, "f40": 2.0829383950579023, "f41": 0.6434401875491471, "f42": -2.49288826110091, "f43": -0.18122788319643313, "f44": -0.2782432070900671, "f45": -0.09551970524478814, "f46": -0.2540161192956035, "f47": -0.5891969810507836, "f48": -1.9112801660221537, "f49": -2.0145626619724033, "f5": -1.4634367439313727, "f50": -0.629185663482605, "f51": -2.4200662653254295, "f52": 0.06700196148555015, "f53": -2.408222956999835, "f54": -1.0642357631971826, "f55": 1.7985311594906466, "f6": 1.2428123692354207, "f7": -2.6803045005896555, "f8": 0.06074223761381037, "f9": 0.11971485779881519}, "datetime": {"datetime": "2023-02-03 12:28:08", "elapsed": 5573.420068, "delta": 36.535605}}
{"target": 0.24423448599714076, "params": {"f0": 0.3916671745500844, "f1": 0.27368635889009607, "f10": -0.8319356962010391, "f11": 0.1254637718624114, "f12": 1.5812441540473545, "f13": 1.3523223403023712, "f14": -2.57155904870849, "f15": -1.7659213993906204, "f16": 0.4281760058970089, "f17": -2.491731949909079, "f18": 2.3177794231363174, "f19": -0.23773387314112604, "f2": -1.36910273576156, "f20": -1.1623960334868537, "f21": -1.8334370631723425, "f22": 1.1844082972425496, "f23": 0.053900776606097114, "f24": -0.9258022093083675, "f25": 0.0469316829508053, "f26": -0.2793040665233697, "f27": -1.8367254767690488, "f28": 1.978272891953169, "f29": 1.93520948672075, "f3": 0.4478520676726092, "f30": 1.9719952934151788, "f31": 2.9972105727373495, "f32": -0.6640221888973361, "f33": 2.55591840796293, "f34": -1.5054587753239794, "f35": 2.297174490397671, "f36": 0.3975905974289179, "f37": -1.602540423171688, "f38": -1.9509565273289307, "f39": 0.43877248689536197, "f4": -0.6184549935980472, "f40": 2.609126233212992, "f41": 0.6268967644124781, "f42": -1.9079366138707328, "f43": 0.21950976644204967, "f44": -1.6857049593681848, "f45": 0.2914010159932878, "f46": -0.2757663957164568, "f47": -0.010631160996348088, "f48": -0.09385281409924806, "f49": -2.337531187624463, "f5": -2.714827782052904, "f50": -0.8321586159197456, "f51": -1.197828490682346, "f52": 0.6732493235860656, "f53": -1.7679824789867251, "f54": -2.9022728551041, "f55": 0.18934396558215755, "f6": 1.383037668862476, "f7": -2.4163496910037403, "f8": -0.2775867779270524, "f9": -0.018387219543684274}, "datetime": {"datetime": "2023-02-03 12:29:36", "elapsed": 5660.984257, "delta": 87.564189}}
