{"target": 0.6274246061547527, "params": {"f0": -0.03918738307259826, "f1": 0.19926467037691922, "f10": -0.16486624245195247, "f11": 0.8976657945688762, "f12": 0.8368761000105983, "f13": 1.5505357224748544, "f14": -1.0087338006681725, "f15": -1.430384982076089, "f16": -0.15258778748157656, "f17": -0.7708517257121066, "f18": 2.4197960114632404, "f19": -1.4707357982023457, "f2": -2.41600899629717, "f20": -0.3908839193443641, "f21": -1.5005250722585002, "f22": 3.0061992555271617, "f23": 2.195554208633019, "f24": 0.28211753546627366, "f25": -0.024518650408662926, "f26": 0.2012914253125946, "f27": -2.8151948290551463, "f28": 2.864692608484738, "f29": 1.1444068660345568, "f3": -0.15549501970905025, "f30": 0.152328127740558, "f31": 2.499009203019788, "f32": -0.8169802931167309, "f33": 1.3417547641385967, "f34": -0.993022837065091, "f35": 1.7832792423709434, "f36": -0.06609376815703592, "f37": -2.366976625817377, "f38": -0.033933655943556865, "f39": 0.778249844002182, "f4": -0.9408078859408883, "f40": 0.14250123281571178, "f41": 2.3977212456423995, "f42": -0.8367789341750044, "f43": 0.41934321096680366, "f44": -0.9596294294666609, "f45": 0.1355388464533765, "f46": 0.03974774770292617, "f47": 0.28086204173413776, "f48": -1.7390019214585868, "f49": -1.5765953507147903, "f5": -1.865098880106714, "f50": -0.2249728809585793, "f51": -0.39890560696952615, "f52": 0.27654126178203725, "f53": -1.535280813136824, "f54": -1.5297042300682313, "f55": 0.5347172417160907, "f6": 0.9104768092347418, "f7": -1.7263200529500917, "f8": 0.6024382604913514, "f9": 0.3153266239536706}, "datetime": {"datetime": "2023-02-03 13:10:31", "elapsed": 8116.772296, "delta": 5.402892}}
{"target": 0.4715951841340611, "params": {"f0": -0.09280234746259489, "f1": 0.18036358886485754, "f10": -0.029772677495343472, "f11": 1.2927485347070167, "f12": 1.1847832406751753, "f13": 1.2727394994674393, "f14": -1.2824930186862629, "f15": -1.5960906135416646, "f16": -0.151626040195362, "f17": -0.7674278344950421, "f18": 2.395033865067461, "f19": -1.3839074864722996, "f2": -2.550445583774212, "f20": -0.45079936059920594, "f21": -1.967481095468463, "f22": 2.8877530087160856, "f23": 2.4670107173387454, "f24": 0.27618312033077635, "f25": 0.0692364825179679, "f26": 0.12470896672256461, "f27": -2.642022131260659, "f28": 2.806460562597374, "f29": 0.982121490888798, "f3": -0.07717592117873956, "f30": 0.13725495566916768, "f31": 2.763542284486124, "f32": -1.0637577783141323, "f33": 1.1843433812160828, "f34": -1.1773497990455146, "f35": 2.0406312247060896, "f36": -0.0855405410178366, "f37": -2.481921307969819, "f38": -0.26123385710878083, "f39": 0.7791616395029525, "f4": -0.9154219195996363, "f40": 0.368995868400538, "f41": 2.7253869893256075, "f42": -0.648309331429906, "f43": 0.41027428124247883, "f44": -1.036545572961295, "f45": 0.13838435399867335, "f46": 0.16404249428198103, "f47": 0.003472974166131998, "f48": -2.086675570975747, "f49": -1.4368316115789275, "f5": -1.868399612883615, "f50": -0.4178647033228965, "f51": -0.5851321302885064, "f52": 0.16233998145398199, "f53": -1.6058297549041651, "f54": -1.8601548578193152, "f55": 0.5391450098446017, "f6": 0.9286701787817545, "f7": -1.5433322431317444, "f8": 0.5579568346005934, "f9": 0.28512518559861094}, "datetime": {"datetime": "2023-02-03 13:11:55", "elapsed": 8200.381723, "delta": 83.609427}}
{"target": 0.6274246061547527, "params": {"f0": 0.13032266245962495, "f1": 0.32800052855191286, "f10": -0.1167892384991169, "f11": 0.8494269885898738, "f12": 0.9339033630315459, "f13": 1.705208081265473, "f14": -1.0058408066265128, "f15": -1.5053016530110284, "f16": -0.07719416011626366, "f17": -1.0295946611547546, "f18": 2.5884563963222895, "f19": -1.862898456600852, "f2": -2.5343870188644586, "f20": -0.31955238167081096, "f21": -1.0292313653569458, "f22": 3.009697106525497, "f23": 2.480530452936482, "f24": 0.141886372059061, "f25": -0.13824674145909757, "f26": 0.18285588290922689, "f27": -3.0044698721056506, "f28": 2.934376822000042, "f29": 1.2769003953130376, "f3": -0.1362037161848649, "f30": 0.30835223813184665, "f31": 2.2346148593907347, "f32": -0.9836864305704641, "f33": 1.3882240995079536, "f34": -1.1185224713597008, "f35": 1.7367346135677, "f36": -0.050510918976357115, "f37": -2.4644851715060687, "f38": 0.00850871610329991, "f39": 0.7780009152900257, "f4": -0.9559461482916415, "f40": 0.2820947353283589, "f41": 2.2289115293256168, "f42": -1.1374424752888626, "f43": 0.4220827722089104, "f44": -1.1567384960631606, "f45": 0.13742252621751472, "f46": -0.03307633682410278, "f47": 0.3427312295890824, "f48": -1.5489912863944277, "f49": -1.697244899723939, "f5": -2.1595586454520967, "f50": -0.25391306011128384, "f51": -0.8156672040901293, "f52": 0.22861300357517556, "f53": -1.7771904402519787, "f54": -1.8380263119398814, "f55": 0.6935174085338326, "f6": 0.8054392939738996, "f7": -1.7931638836400845, "f8": 0.5325992911210656, "f9": 0.09679939141437398}, "datetime": {"datetime": "2023-02-03 13:12:02", "elapsed": 8207.478947, "delta": 7.097224}}
{"target": 0.5824919004833264, "params": {"f0": -0.022452822444025508, "f1": 0.313064387482049, "f10": -0.28563493833297976, "f11": 0.9218746873249385, "f12": 0.8142770970175403, "f13": 1.571653728118121, "f14": -1.3676776265063033, "f15": -1.457919621046011, "f16": -0.128893870176501, "f17": -0.9842973439073525, "f18": 2.577577823461199, "f19": -1.6257248893241947, "f2": -2.696570081286499, "f20": -0.3516657639408093, "f21": -1.2394558318313302, "f22": 2.7798079041982886, "f23": 2.0630824807399444, "f24": 0.18677380363172055, "f25": -0.1205023378118985, "f26": 0.16729512951844883, "f27": -3.0044698721056506, "f28": 2.607795482334923, "f29": 1.1323652540190332, "f3": -0.18957729281763608, "f30": 0.38917106936423246, "f31": 2.711363213747594, "f32": -1.0232049613204872, "f33": 1.5788669779348392, "f34": -1.1072703164481128, "f35": 1.5120414283136905, "f36": -0.06701862651689962, "f37": -2.0427644532638842, "f38": -0.11764431956314624, "f39": 0.4765050852617822, "f4": -0.793406567570045, "f40": 0.23152822831631248, "f41": 2.387935630597424, "f42": -1.0812449577024175, "f43": 0.22984655234698495, "f44": -1.195570994700716, "f45": -0.01888830512147171, "f46": -0.07536287484760659, "f47": 0.24656689252088382, "f48": -1.7288973384758368, "f49": -1.6447818212760548, "f5": -1.9377758040557103, "f50": -0.23914194393030133, "f51": -0.7064424522971011, "f52": 0.40723317485245175, "f53": -1.865974417585541, "f54": -1.230226458056499, "f55": 0.6536733037569972, "f6": 0.80959182169594, "f7": -1.977298624331971, "f8": 0.47866346824105716, "f9": 0.3588573166190361}, "datetime": {"datetime": "2023-02-03 13:13:10", "elapsed": 8275.635177, "delta": 68.15623}}
{"target": 0.2357662687770211, "params": {"f0": -0.13606687466771664, "f1": 0.21228625927491931, "f10": -0.22531809808335598, "f11": 1.0683417634491748, "f12": 0.9967960954826, "f13": 1.395173555893598, "f14": -1.2454291850874033, "f15": -1.2886764603224883, "f16": -0.11781110451149013, "f17": -0.7340908125421542, "f18": 2.4030405312074334, "f19": -1.882944294275781, "f2": -2.6993856431246237, "f20": -0.4013200640625142, "f21": -1.4499731384546917, "f22": 3.0333799189430217, "f23": 2.043288081437955, "f24": 0.2877052742061965, "f25": -0.18877305791248042, "f26": 0.19341715596341924, "f27": -2.9883691743300473, "f28": 2.9845395827629697, "f29": 1.3859259535736357, "f3": -0.16474872505292532, "f30": 0.3469875928487825, "f31": 2.2111163025829756, "f32": -1.2132491269806973, "f33": 1.5745521245987815, "f34": -0.8842496843631988, "f35": 1.9157328381718144, "f36": -0.028415437265866917, "f37": -2.592237687307722, "f38": -0.13782164681482387, "f39": 0.7612452748980068, "f4": -1.1044296887882874, "f40": 0.390440761428786, "f41": 2.3552081394481617, "f42": -1.2297035960687355, "f43": 0.39416093561145776, "f44": -0.9645189014558072, "f45": 0.037670563900561845, "f46": -0.10423287114585329, "f47": 0.2612405122857222, "f48": -1.4313105015269947, "f49": -1.853737823349606, "f5": -1.6528604784954246, "f50": -0.23869867637191125, "f51": -0.6406476688973307, "f52": 0.2094788468195178, "f53": -1.7051285556841729, "f54": -1.546424569747451, "f55": 0.5330438973425115, "f6": 1.127457087663409, "f7": -1.4197521659472478, "f8": 0.5536655317723722, "f9": 0.17102037125289415}, "datetime": {"datetime": "2023-02-03 13:14:13", "elapsed": 8338.066811, "delta": 62.431634}}
{"target": 0.6274246061547527, "params": {"f0": 0.11746108896964866, "f1": 0.3064111436443, "f10": -0.10549232867358897, "f11": 1.0173048925230683, "f12": 0.9808835061142281, "f13": 1.5924291732618465, "f14": -1.212506997739695, "f15": -1.5922157413617801, "f16": -0.12266170389810091, "f17": -1.0701461997283122, "f18": 2.5840551433724164, "f19": -1.5535697779225295, "f2": -2.432606824260543, "f20": -0.3792598650647373, "f21": -1.319847946353133, "f22": 2.9390032218643154, "f23": 2.5865471070211687, "f24": 0.1508615325570341, "f25": -0.05499253760474903, "f26": 0.14235421397277526, "f27": -2.8455117607828666, "f28": 2.722779881104251, "f29": 1.05839457632957, "f3": -0.11485020817834568, "f30": 0.28059543385133306, "f31": 2.633342813010239, "f32": -0.9124453104826601, "f33": 1.2571859121104676, "f34": -1.2814877710362278, "f35": 1.678062829155652, "f36": -0.10827216201659311, "f37": -2.297789990005338, "f38": -0.11443984284295754, "f39": 0.6843863922011424, "f4": -0.8119561812647044, "f40": 0.2873390031163914, "f41": 2.427362939682637, "f42": -0.8660266752709651, "f43": 0.3602916710751371, "f44": -1.2109218885437514, "f45": 0.13665890676553458, "f46": 0.07000989169755038, "f47": 0.2015038053093256, "f48": -1.898718646890876, "f49": -1.5267569072900016, "f5": -2.169353748629683, "f50": -0.3712726955092255, "f51": -0.749985900629612, "f52": 0.2785597025182551, "f53": -1.7720224325376375, "f54": -1.7516323722961054, "f55": 0.6848445722070682, "f6": 0.7025144359032207, "f7": -1.980369859651959, "f8": 0.4736653064988484, "f9": 0.23025133563753572}, "datetime": {"datetime": "2023-02-03 13:14:20", "elapsed": 8345.46129, "delta": 7.394479}}
{"target": 0.6274246061547527, "params": {"f0": 0.008793313940181543, "f1": 0.3276099613709838, "f10": -0.057902556761633535, "f11": 0.9026475950034897, "f12": 0.9952819410380837, "f13": 1.5973427098876023, "f14": -1.0317138327413031, "f15": -1.6788776416713116, "f16": -0.07148830949255594, "f17": -0.8986791052548105, "f18": 2.590047840897328, "f19": -1.6865726635052627, "f2": -2.8641811048051107, "f20": -0.27779539731456826, "f21": -1.3611802566912161, "f22": 2.686915292208798, "f23": 2.292801576421768, "f24": 0.1556040513660049, "f25": 0.044415747225550556, "f26": 0.14977321141477667, "f27": -2.905767822665835, "f28": 2.8166794078114674, "f29": 1.0562614317758328, "f3": -0.12396965933750932, "f30": 0.18582783924759302, "f31": 2.615822561180501, "f32": -1.0948024724851058, "f33": 1.4049711644200122, "f34": -1.1224044518091931, "f35": 1.8454054648258575, "f36": 0.010409955158062202, "f37": -2.2342005588547207, "f38": -0.04436968929220179, "f39": 0.6567887072097709, "f4": -0.8671185145490986, "f40": 0.22601639541611682, "f41": 2.4857542976324005, "f42": -0.9518585492664785, "f43": 0.35519085486066015, "f44": -1.20189596419225, "f45": 0.07637951172124395, "f46": 0.03998844887470008, "f47": 0.16794505959307424, "f48": -1.8557738127967558, "f49": -1.4707819906823836, "f5": -2.1520852601657032, "f50": -0.20815359867511102, "f51": -0.8462617906180161, "f52": 0.22956380987607508, "f53": -1.7916653002197875, "f54": -1.802164846063116, "f55": 0.6753739662519518, "f6": 0.8178177557966797, "f7": -1.6560710079387224, "f8": 0.6281042582230276, "f9": 0.22738808026893698}, "datetime": {"datetime": "2023-02-03 13:14:29", "elapsed": 8354.186695, "delta": 8.725405}}
{"target": 0.3702680938365082, "params": {"f0": -0.01076333613638662, "f1": 0.3095268399182431, "f10": -0.06183535429450275, "f11": 0.883275735315761, "f12": 0.9928733935721311, "f13": 1.5488156817338625, "f14": -1.4051097327134603, "f15": -1.586198316853386, "f16": -0.0539334601842463, "f17": -0.9927563367330446, "f18": 2.4900148293098825, "f19": -1.5784093867716984, "f2": -2.4150175187351617, "f20": -0.36320756810001564, "f21": -1.2840055123045127, "f22": 2.4449435836750406, "f23": 2.665010531300191, "f24": 0.20174377023176024, "f25": 0.023263139792248606, "f26": 0.1527320047415784, "f27": -3.0044698721056506, "f28": 2.842962999871712, "f29": 1.3577350887667845, "f3": -0.10285058186990333, "f30": 0.37269159226820747, "f31": 2.6281224830533074, "f32": -1.0131589520333317, "f33": 1.346672831542363, "f34": -1.0689027469442292, "f35": 1.6187109947365688, "f36": -0.03951874653887598, "f37": -2.4862538338499687, "f38": -0.18166164078765984, "f39": 0.6887814809331506, "f4": -0.9817433390837764, "f40": 0.2935214574534622, "f41": 2.4845241892938428, "f42": -0.8659053071189926, "f43": 0.34814075517001314, "f44": -1.016595251820596, "f45": 0.09052357879849256, "f46": -0.012772742245105754, "f47": 0.280354165534318, "f48": -1.7348197999736366, "f49": -1.6036008808975437, "f5": -2.0060732700468233, "f50": -0.3294610967475912, "f51": -0.7083815958219609, "f52": 0.24809436275964672, "f53": -1.6396182725954438, "f54": -1.6332961179556698, "f55": 0.5946652144832729, "f6": 0.7807157811602614, "f7": -1.7706451512444572, "f8": 0.491572587483113, "f9": 0.28433541979677146}, "datetime": {"datetime": "2023-02-03 13:15:52", "elapsed": 8437.180264, "delta": 82.993569}}
{"target": 0.6274246061547527, "params": {"f0": 0.10324876650492418, "f1": 0.22092153242097526, "f10": -0.24844864100028594, "f11": 1.2109637049760227, "f12": 0.9724510246023786, "f13": 1.5028232765265221, "f14": -1.025604145409124, "f15": -1.4450862126971342, "f16": -0.19010084449685258, "f17": -0.9524558676359135, "f18": 2.5479021271832925, "f19": -1.697635182763234, "f2": -2.703155419826058, "f20": -0.4212477776227679, "f21": -1.4545921366900247, "f22": 3.0333799189430217, "f23": 2.179708268971671, "f24": 0.19069596543192896, "f25": -0.2216665278991267, "f26": 0.19001197761612024, "f27": -2.767034348033963, "f28": 2.7541865267609364, "f29": 0.9225458293550092, "f3": -0.1594827661380626, "f30": 0.2102545261003199, "f31": 2.4655202502969216, "f32": -0.9655937917668181, "f33": 1.377984963615371, "f34": -1.2726076062235347, "f35": 1.875339097772242, "f36": -0.16093446970498027, "f37": -2.25318383879819, "f38": -0.07246872844764345, "f39": 0.7121566104301068, "f4": -0.7489977550912045, "f40": 0.329910718351945, "f41": 2.417127166544816, "f42": -1.047263936376656, "f43": 0.3753868633843586, "f44": -1.2513933724667805, "f45": 0.11085383900189286, "f46": 0.05722725068393462, "f47": 0.1282966222531877, "f48": -1.8020092212565841, "f49": -1.6311494905651203, "f5": -2.0579590473315656, "f50": -0.3542494444654329, "f51": -0.6750846861323598, "f52": 0.29310978682945527, "f53": -1.9425343116820295, "f54": -1.7303403262038157, "f55": 0.697820979720023, "f6": 0.8524869328879929, "f7": -1.8879918877762507, "f8": 0.4679137649958312, "f9": 0.15120569719964505}, "datetime": {"datetime": "2023-02-03 13:16:00", "elapsed": 8444.898427, "delta": 7.718163}}
{"target": 0.6274246061547527, "params": {"f0": -0.013507956637550585, "f1": 0.33902201253378716, "f10": -0.10778502130113041, "f11": 1.0956233866068954, "f12": 0.8117169960649333, "f13": 1.4106808260071404, "f14": -1.1885819475746089, "f15": -1.5283409624340567, "f16": -0.14427282368637925, "f17": -0.8030809759326103, "f18": 2.7554431460548137, "f19": -1.7606346582044845, "f2": -2.724526130978892, "f20": -0.38329824414301794, "f21": -1.5107910367082602, "f22": 3.0333799189430217, "f23": 2.3269799022700846, "f24": 0.22603285635662393, "f25": -0.06436174636913913, "f26": 0.09362553371445924, "f27": -3.0044698721056506, "f28": 2.824165953023189, "f29": 0.9464885018342982, "f3": -0.138465054776473, "f30": 0.22547231472789522, "f31": 2.5789051586508482, "f32": -1.092690874613337, "f33": 1.3027218310900635, "f34": -1.1706228513649595, "f35": 1.658158338061919, "f36": 0.011024940260294309, "f37": -2.498509922428305, "f38": -0.08272129446435475, "f39": 0.7032736276381475, "f4": -1.0123143119469833, "f40": 0.24230152656982704, "f41": 2.3353086872305355, "f42": -0.9744004969940815, "f43": 0.32559567166206926, "f44": -1.3190177873635076, "f45": 0.1266560776340677, "f46": 0.04450128651297193, "f47": 0.18473736623942288, "f48": -2.017955027051881, "f49": -1.592235102676372, "f5": -2.068334181904412, "f50": -0.29108712681617166, "f51": -0.8504595101511352, "f52": 0.2357535236676618, "f53": -1.810934310895197, "f54": -1.5805495085751329, "f55": 0.6153419737836449, "f6": 0.8079760776735313, "f7": -1.9241093716869946, "f8": 0.5711242775397314, "f9": 0.2384335283797159}, "datetime": {"datetime": "2023-02-03 13:16:10", "elapsed": 8455.589348, "delta": 10.690921}}
{"target": 0.5824919004833264, "params": {"f0": -0.09833393429026724, "f1": 0.295154225149469, "f10": -0.14137493479296345, "f11": 1.0254057519343645, "f12": 0.9743643791845469, "f13": 1.636741587303377, "f14": -1.2416390861186493, "f15": -1.43557329197851, "f16": -0.14177434182097778, "f17": -0.9520597853797034, "f18": 2.50769278056065, "f19": -1.4857598536021326, "f2": -2.5176334441287698, "f20": -0.2611080834912886, "f21": -1.5511923852510314, "f22": 3.0333799189430217, "f23": 2.3700337460726137, "f24": 0.260700926666917, "f25": -0.06964790716789444, "f26": 0.14312246692425432, "f27": -3.0044698721056506, "f28": 2.8267058946333, "f29": 1.0379828308828307, "f3": -0.18167592327554027, "f30": 0.25318476417117797, "f31": 2.399347303315867, "f32": -1.1992256592462027, "f33": 1.391296796883879, "f34": -1.2075330837923197, "f35": 1.7380870782967186, "f36": -0.057210077198285775, "f37": -2.0665199052742405, "f38": -0.04171747171247018, "f39": 0.5082904544251498, "f4": -0.727799257940063, "f40": 0.2821823170190079, "f41": 2.3738039191573423, "f42": -0.9594354478141844, "f43": 0.21046535599886543, "f44": -1.249475612243168, "f45": -0.0578313967301496, "f46": 0.030616854114618623, "f47": 0.2001968236153376, "f48": -1.7502177887128085, "f49": -1.4723335064387852, "f5": -2.0252249835178344, "f50": -0.3028487852215643, "f51": -0.7488319295595285, "f52": 0.21714654466840955, "f53": -1.9601870633944232, "f54": -1.9474448127802424, "f55": 0.6239433723890614, "f6": 0.8155928223234848, "f7": -1.7356141333566037, "f8": 0.5677499837441145, "f9": 0.28844150529234447}, "datetime": {"datetime": "2023-02-03 13:16:22", "elapsed": 8467.703363, "delta": 12.114015}}
{"target": 0.6274246061547527, "params": {"f0": 0.09738503838652497, "f1": 0.3821009281744514, "f10": -0.1221304259776165, "f11": 1.0402052516996905, "f12": 1.1347739521010547, "f13": 1.5134611603755883, "f14": -1.0867241509455012, "f15": -1.5472211846912265, "f16": -0.20883331848915893, "f17": -1.1290439691983358, "f18": 2.5221162506469743, "f19": -1.696491675029022, "f2": -2.6544123313367978, "f20": -0.3382468495474504, "f21": -1.2868955401124196, "f22": 3.0333799189430217, "f23": 2.248681630429055, "f24": 0.04897116739236991, "f25": -0.0006090472983590744, "f26": 0.08461757738767194, "f27": -3.0044698721056506, "f28": 2.6608051264242434, "f29": 1.0391414458206254, "f3": -0.16654641705559803, "f30": 0.2845702207897505, "f31": 2.7717734510490537, "f32": -0.7651652905409788, "f33": 1.3063586297683187, "f34": -1.2118635157529494, "f35": 1.9674675569748226, "f36": -0.05686878286258428, "f37": -2.2425273065964557, "f38": -0.09399445219286783, "f39": 0.7277301830500824, "f4": -0.8901274838381247, "f40": 0.30340212889827645, "f41": 2.664140070466323, "f42": -1.1156646350907882, "f43": 0.4634822151696851, "f44": -1.2559264702504478, "f45": 0.12560731398411387, "f46": 0.03722666943401786, "f47": 0.160504638321587, "f48": -1.806803454934481, "f49": -1.6153340275960497, "f5": -1.8693851131644588, "f50": -0.31825249314897225, "f51": -0.9227483327784347, "f52": 0.36666353968984444, "f53": -1.6427697294628445, "f54": -1.6203971928404033, "f55": 0.6779190624668493, "f6": 0.9005516732325893, "f7": -1.7852831899148696, "f8": 0.6343151107067174, "f9": 0.14451035226592834}, "datetime": {"datetime": "2023-02-03 13:16:27", "elapsed": 8472.017516, "delta": 4.314153}}
{"target": 0.1982003310565988, "params": {"f0": 0.5392934275388661, "f1": 0.37018155598184044, "f10": 0.2634965068916544, "f11": 0.8218823110498786, "f12": 1.0284643971909833, "f13": 1.4172191109316041, "f14": -0.5770983170991664, "f15": -2.1067823616195107, "f16": -0.2711624478271182, "f17": -0.4491307349878926, "f18": 2.124596254750896, "f19": -1.7571920794052744, "f2": -2.1012872535231466, "f20": -1.1022844118763089, "f21": -1.9685334210189231, "f22": 2.3738915546860615, "f23": 0.3127957769420161, "f24": -0.6353484063593973, "f25": -0.589196245442974, "f26": -0.5157240339240052, "f27": -2.8650453133022067, "f28": 1.3914984724281312, "f29": 0.9043374380610077, "f3": 0.8865406658407002, "f30": 0.39631765848858325, "f31": 0.559140884584881, "f32": -1.07878462805617, "f33": 1.8525558893066818, "f34": -1.3390004740463368, "f35": 0.6834228159747088, "f36": -0.9967925221863976, "f37": -0.9837308345121922, "f38": 0.00013199996242962975, "f39": 1.0362440616511108, "f4": -1.90166673568753, "f40": 1.0791460674497346, "f41": -0.8334521394338844, "f42": -0.5963484856054451, "f43": 0.9662511904221516, "f44": -0.019851915634084616, "f45": -0.2791395004689954, "f46": 0.5266716180990236, "f47": 0.7380850766216345, "f48": -2.9738443966819514, "f49": -1.5476281429266603, "f5": -1.6641193451431602, "f50": -0.6041067533035716, "f51": -1.3725821472197914, "f52": 0.19081814944677622, "f53": -0.5836372597061885, "f54": 0.5955553851186712, "f55": 1.6898454918962937, "f6": -0.12009314818245387, "f7": -1.0834006832132392, "f8": 0.7541617566872929, "f9": 1.1322879707817897}, "datetime": {"datetime": "2023-02-03 13:17:26", "elapsed": 8531.050201, "delta": 59.032685}}
