{"target": 0.12610646857470145, "params": {"f0": -2.985305169433108, "f1": -0.8400377774427419, "f10": -1.6040597032191584, "f11": 2.9505723323606956, "f12": 2.594042185654807, "f13": -1.0083718100751937, "f14": 1.542286460068266, "f15": 2.724569916708525, "f16": -1.3654111155192785, "f17": -1.862139312718829, "f18": -0.6067557067822014, "f19": 1.5916501444196989, "f2": 1.764092281045989, "f20": -0.4759379645920303, "f21": 0.9178755627232862, "f22": 1.1860554202127958, "f23": 0.4676518090290753, "f24": -0.4922276637102705, "f25": -2.6731871012443045, "f26": 2.2985570027378195, "f27": 1.2815616242167032, "f28": -0.8414563516045859, "f29": -0.09040217328159805, "f3": -1.854340101678806, "f30": -0.470952688434088, "f31": -0.2367839539393808, "f32": 0.1598427819312418, "f33": -2.091785563661406, "f34": -0.2821310780156123, "f35": -2.5922674501146745, "f36": 1.4762721624279997, "f37": 2.631496973376497, "f38": -2.8920940000056587, "f39": -0.47345579423179984, "f4": -1.2357715959765838, "f40": -0.6919113750648518, "f41": 2.7750148225794895, "f42": 2.5325530368672418, "f43": -2.109089065439085, "f44": -2.0721838157292343, "f45": -0.8171296466365323, "f46": 0.6742667139707264, "f47": -0.4161234019413089, "f48": 1.1032944102905713, "f49": -2.104863703310543, "f5": -0.22296077609604925, "f50": 0.7643182630102308, "f51": 1.1645766869825005, "f52": 0.9474103900443334, "f53": -2.6963177664352305, "f54": 2.5896799835735385, "f55": 0.025781495184952874, "f6": -2.636645760970229, "f7": -1.3881953382247005, "f8": -2.3015222855941566, "f9": -0.10386672051465062}, "datetime": {"datetime": "2023-02-03 14:41:58", "elapsed": 0.0, "delta": 0.0}}
{"target": 0.04814372919563212, "params": {"f0": 0.4146958316526481, "f1": 1.1503078647831284, "f10": -1.7356518360879174, "f11": 1.642772099973791, "f12": 2.392090263566714, "f13": 0.6980873685687241, "f14": 0.09726609859040192, "f15": 2.2838954520852237, "f16": 1.4055037790470948, "f17": 1.0830832477409151, "f18": 1.1856422430955114, "f19": 2.7364675033954793, "f2": 0.19342174265029932, "f20": -1.6701944964119952, "f21": 2.162630096411977, "f22": 0.25763022906350663, "f23": -1.6508837354730908, "f24": -1.9956664539995312, "f25": -2.6053645745479406, "f26": -2.8964885017864055, "f27": 2.9983243365992696, "f28": 0.13311613109834042, "f29": -1.692905959466996, "f3": -2.3028718513925996, "f30": -2.6939132493717457, "f31": -2.689750389121147, "f32": 0.9946434255244352, "f33": -0.39789690314119497, "f34": -0.9588026727985222, "f35": 2.6957527117287627, "f36": 0.5845638333819467, "f37": 1.0437771808872993, "f38": -0.5493848409646693, "f39": -0.8413041269497179, "f4": -0.8848511523145919, "f40": 0.397770064777224, "f41": -1.143643034568149, "f42": 1.1993958552185946, "f43": -2.2625901636484143, "f44": -1.4814454277828448, "f45": -2.8427055286742657, "f46": -0.5576368706141124, "f47": -2.3687931197735965, "f48": 2.3756698121295443, "f49": 0.004427071931349502, "f5": 2.631632180434364, "f50": -0.7424578484519886, "f51": -2.3488529408996373, "f52": -2.068746149066634, "f53": 0.9236963290063454, "f54": 0.13329641541897264, "f55": 1.940499140872145, "f6": 1.2692991641226898, "f7": -0.1650125032130383, "f8": 0.33322996926663695, "f9": -2.534684818737189}, "datetime": {"datetime": "2023-02-03 14:42:52", "elapsed": 54.043513, "delta": 54.043513}}
{"target": 0.1378529662190788, "params": {"f0": -2.230540747265957, "f1": -0.43208715057413727, "f10": -0.9701130381066374, "f11": 2.7838625457376613, "f12": 2.7718575626694184, "f13": -0.9698725661593621, "f14": 1.3791202072718027, "f15": 2.7945765816499835, "f16": -0.5159495665288385, "f17": -0.4383800790562362, "f18": 1.1030743445208833, "f19": 0.6795774182165135, "f2": 1.2453885764864552, "f20": -1.9772227741414372, "f21": -0.8975256152555631, "f22": -1.8430031295068465, "f23": -1.1620805139046828, "f24": 2.1025541190471224, "f25": -2.2928607287011564, "f26": 1.5417513260666098, "f27": 0.5599797041045611, "f28": -0.36936773809621304, "f29": -2.1597638809161572, "f3": 1.4682684993890218, "f30": -1.5720389729085409, "f31": -1.8496709863172676, "f32": 1.747968306821999, "f33": 0.2651929887016302, "f34": -0.3397527087837111, "f35": -0.25321876796271114, "f36": 1.771103604861847, "f37": 2.367025259099905, "f38": -2.261228171028301, "f39": -0.1328006532333572, "f4": -1.3788349738828785, "f40": -2.7651642489784036, "f41": 2.3863191768532577, "f42": 0.003515430220934146, "f43": -1.150511516671575, "f44": 0.015756437648459798, "f45": -0.33085429310959524, "f46": -1.4675860899675937, "f47": 0.7629418300313233, "f48": -0.5210359074217423, "f49": 0.5270655309484251, "f5": 0.17912834383090637, "f50": -2.1068592646540525, "f51": -0.656300456240329, "f52": 0.6569672160507274, "f53": -1.191128542744504, "f54": 2.1635838538255623, "f55": 1.9175935068153094, "f6": -2.1593111677952033, "f7": -0.6949543533835305, "f8": -1.2475643325489993, "f9": 0.8899697038730312}, "datetime": {"datetime": "2023-02-03 14:43:43", "elapsed": 104.821264, "delta": 50.777751}}
{"target": 0.20383990164778712, "params": {"f0": -3.0305407472659542, "f1": -1.1596087900826506, "f10": -1.0743900942850522, "f11": 3.0338625457376605, "f12": 2.8958938805337504, "f13": -1.528459622166429, "f14": 1.9138290051224929, "f15": 2.9286897351068792, "f16": -1.5468937585541969, "f17": -1.6565067687471462, "f18": 0.16875146601748853, "f19": 0.5481875198395935, "f2": 1.816169025687451, "f20": -1.3108900236085326, "f21": -0.793198453016765, "f22": -0.8376619912868694, "f23": -0.13340749376268124, "f24": 1.9184828730436845, "f25": -2.4989396644248116, "f26": 3.0417513260666067, "f27": 0.279545313533804, "f28": -0.8077874652315771, "f29": -1.2635208308771781, "f3": 0.7886770127749564, "f30": -0.614484362003381, "f31": -0.7833757198564655, "f32": 1.0779118032300667, "f33": -0.8284326059875919, "f34": -0.1047954060758388, "f35": -2.3719743900503656, "f36": 2.0385889707822966, "f37": 2.9295605930075457, "f38": -3.011228171028298, "f39": -0.06304206091558219, "f4": -1.5262617871106288, "f40": -2.6425123758811835, "f41": 3.0363191768532554, "f42": 0.9920677688241206, "f43": -1.4026245411362415, "f44": -0.654012189790235, "f45": 0.15521432729947277, "f46": -0.545894809350687, "f47": 1.1087877575453735, "f48": -0.4561438167292898, "f49": -0.7155795532158108, "f5": -0.7605215609711282, "f50": -1.0390773013505041, "f51": 0.833808248144724, "f52": 1.6169160760640002, "f53": -2.66858969690841, "f54": 3.006499581215693, "f55": 0.9420877800488165, "f6": -3.0093111677952002, "f7": -1.2127318756730563, "f8": -2.296879953013246, "f9": 1.3572442908260716}, "datetime": {"datetime": "2023-02-03 14:44:25", "elapsed": 147.063876, "delta": 42.242612}}
{"target": 0.11491889120592244, "params": {"f0": -3.0305407472659542, "f1": -1.651869773819471, "f10": -0.8068591706874559, "f11": 3.0338625457376605, "f12": 3.04589388053375, "f13": -1.9963309597584737, "f14": 2.287711046183738, "f15": 2.9600621764414026, "f16": -2.27681336120011, "f17": -2.192323866440575, "f18": -0.045767107552996164, "f19": 0.00814608924883507, "f2": 2.13907863347667, "f20": -1.3900340790166248, "f21": -1.6922293404167645, "f22": -1.3819436604142272, "f23": 0.22914257882056274, "f24": 2.982179219899612, "f25": -2.425919735779585, "f26": 3.0417513260666067, "f27": -0.345781806074474, "f28": -1.0557681251557773, "f29": -1.3224878670887705, "f3": 1.855727560210802, "f30": -0.14877244202752551, "f31": -0.393864784087418, "f32": 1.1847221459790709, "f33": -0.7772487822364172, "f34": 0.07703734316358549, "f35": -3.0219743900503633, "f36": 2.470403986082759, "f37": 3.0295605930075453, "f38": -3.011228171028298, "f39": 0.2691750452248499, "f4": -1.725457325740365, "f40": -3.042512375881182, "f41": 3.0363191768532554, "f42": 0.8061623225453285, "f43": -1.1131323663611947, "f44": -0.20184086292233075, "f45": 0.9115542344257156, "f46": -0.6758332212604613, "f47": 2.1366277195586165, "f48": -1.2349825151472773, "f49": -0.6695995045866566, "f5": -1.5205377351974207, "f50": -1.3865983467745406, "f51": 1.4830617761969678, "f52": 2.573796250909616, "f53": -3.0185896969084087, "f54": 3.006499581215693, "f55": 0.9135479539080498, "f6": -3.0093111677952002, "f7": -1.3411697404419232, "f8": -2.9169142447712226, "f9": 2.356386300847533}, "datetime": {"datetime": "2023-02-03 14:44:48", "elapsed": 170.303646, "delta": 23.23977}}
{"target": 9.091452197940986e-06, "params": {"f0": -1.595620458440105, "f1": -0.01259231818819817, "f10": -2.5474456719254617, "f11": 2.2951408542969975, "f12": 0.8321953676805542, "f13": -0.38563481330399396, "f14": 0.7156703856840314, "f15": 0.29273021017936807, "f16": 0.3365321377202837, "f17": 0.5429265217719728, "f18": 0.5644329107559993, "f19": 1.4991164631153324, "f2": 1.0443293682639734, "f20": 1.3293411350276547, "f21": 0.6616056887817914, "f22": -2.1581303238285017, "f23": 1.9199323561986916, "f24": 0.35821004773321197, "f25": 1.2741010467600264, "f26": -0.21422225114871174, "f27": 2.313265454446369, "f28": -2.324366137751148, "f29": -1.0392098174057178, "f3": 2.7884839815180094, "f30": -2.491507799908385, "f31": -3.007494162350915, "f32": -0.6426104679286393, "f33": 0.5616830528751104, "f34": -1.8902273270068684, "f35": -1.571361994325281, "f36": 1.597836979454285, "f37": -0.8825681678038595, "f38": -1.5879115218104387, "f39": -0.41939823247857566, "f4": -0.3719006352742378, "f40": -2.0518118048934992, "f41": -1.489201166361059, "f42": 1.2132973177467414, "f43": -2.692591004429759, "f44": 1.277107777235012, "f45": 1.9387588843228654, "f46": 0.7657061546503074, "f47": 1.0806925318851175, "f48": -0.692041881396849, "f49": 0.29265312637577967, "f5": -0.12932168801119692, "f50": -1.9032081108613075, "f51": 2.4138030799537478, "f52": 1.4780730313578652, "f53": 0.48215000995575297, "f54": 2.587420572303912, "f55": 1.0888104791776614, "f6": -1.4457266571776195, "f7": -0.7545537847272281, "f8": 0.05890380030207565, "f9": 2.033769954084411}, "datetime": {"datetime": "2023-02-03 14:46:37", "elapsed": 279.035513, "delta": 108.731867}}
{"target": 0.06072334569649877, "params": {"f0": -3.0305407472659542, "f1": -0.9324333736192759, "f10": -1.1335761332998333, "f11": 3.0338625457376605, "f12": 3.04589388053375, "f13": -1.4007653007897947, "f14": 1.878151978708628, "f15": 3.028689735106879, "f16": -0.9731181932507721, "f17": -1.4063943166638029, "f18": 0.5848021104777101, "f19": 0.75014963786681, "f2": 1.612292822374629, "f20": -1.7188200962788593, "f21": -0.19557320550477095, "f22": -0.2830667768988668, "f23": -1.0571573560968266, "f24": 1.4526386065722572, "f25": -3.0489396644248097, "f26": 3.0417513260666067, "f27": 0.4463334936586097, "f28": -0.2751087232741343, "f29": -1.4691313718338221, "f3": -0.3725528225649411, "f30": -0.8813628323982579, "f31": -1.0613394391113027, "f32": 1.3538030143828272, "f33": -0.9028786151075656, "f34": 0.03727739009672759, "f35": -2.2626206284773778, "f36": 1.7203571266278928, "f37": 3.0295605930075453, "f38": -3.011228171028298, "f39": -0.4170169024768758, "f4": -1.5594599604191313, "f40": -3.042512375881182, "f41": 3.0363191768532554, "f42": 0.8517201428853726, "f43": -1.4972142755573605, "f44": -1.3348482297625195, "f45": -0.7709808928614994, "f46": -0.7739433271384748, "f47": 0.15469944083657422, "f48": 0.20272820943957132, "f49": -0.7270292607423793, "f5": -0.15214615926335273, "f50": -0.7902051193959334, "f51": -0.15605651853982655, "f52": 0.592174634575788, "f53": -3.0185896969084087, "f54": 3.006499581215693, "f55": 1.0390227968868844, "f6": -3.0093111677952002, "f7": -1.199560442919646, "f8": -1.9147986206870644, "f9": 0.4042327652134937}, "datetime": {"datetime": "2023-02-03 14:46:56", "elapsed": 298.073514, "delta": 19.038001}}
{"target": 0.17941599638810884, "params": {"f0": -2.0814907557096762, "f1": -2.7563669317365, "f10": -2.3564189809868843, "f11": 2.017506306737981, "f12": 2.117871481472444, "f13": 0.683131935399691, "f14": 2.870543425215595, "f15": 0.6941336165809957, "f16": 1.0316044356725653, "f17": -0.24868695853120348, "f18": -1.6130128232660939, "f19": -0.34815557573241707, "f2": -0.21972226807549666, "f20": -1.4427560623246516, "f21": -1.009268299784888, "f22": -1.253683972667931, "f23": 0.40856400648082225, "f24": -0.6673454102471182, "f25": -0.8747732366962966, "f26": -0.5393663026856714, "f27": -1.0510229433668612, "f28": -2.618993227962222, "f29": 0.8154700921762976, "f3": 1.2847861328122472, "f30": -2.3570175317827364, "f31": 1.5252224333454913, "f32": 1.5752982189708402, "f33": -2.2284747661263293, "f34": 0.5334603413996901, "f35": 1.5064411093709027, "f36": 1.8130454515221113, "f37": -1.29904056197698, "f38": -2.3169027453038287, "f39": -1.6892052012736043, "f4": 1.3778131925471095, "f40": -1.6158613862262432, "f41": -0.5833072355989232, "f42": -1.5016936177737763, "f43": -2.901364805919656, "f44": -2.601940988719976, "f45": 0.2620474950212397, "f46": -1.909585653152856, "f47": 2.3821232842833515, "f48": -0.5171392226930633, "f49": -0.9957901356498646, "f5": 1.0511993864774687, "f50": -1.5138422250001164, "f51": 0.9903862388290596, "f52": -0.15752438009427538, "f53": -1.4345997634356336, "f54": 0.6046082567794799, "f55": 2.6650713705734708, "f6": -2.5983707661456314, "f7": -0.18331533151813773, "f8": -1.591275541798259, "f9": 2.52371707219699}, "datetime": {"datetime": "2023-02-03 14:47:39", "elapsed": 341.31526, "delta": 43.241746}}
{"target": 4.5414815950467134e-05, "params": {"f0": -2.082856409317328, "f1": -0.7986390034293964, "f10": -2.9896844576831563, "f11": 1.5158962044623965, "f12": 0.948627175162883, "f13": 0.24992624728846868, "f14": -0.8519840261642564, "f15": 0.35383902690628655, "f16": 0.05465188159656176, "f17": -2.8393425108265835, "f18": 0.001654658140193277, "f19": 2.491102617322511, "f2": 1.5487485618498957, "f20": 0.06375301913738296, "f21": -2.940241395209124, "f22": -2.2638511946127835, "f23": 0.1120627466657349, "f24": 2.3054687899264765, "f25": -1.33670728894978, "f26": -0.5220435235093649, "f27": -0.06482300916485761, "f28": 0.06641602334732033, "f29": 0.7496847281475967, "f3": 2.599089534444894, "f30": 0.8372882339079029, "f31": -2.2315618033831948, "f32": 3.0192480454892925, "f33": 0.8081833530168585, "f34": -1.0644185842731293, "f35": -1.40507569962218, "f36": 2.102185910314967, "f37": 2.867045807211119, "f38": 1.362387849576706, "f39": 1.249913776072794, "f4": 0.5097579784696693, "f40": -0.19328199479779062, "f41": 2.767403639589403, "f42": -1.4419312943229567, "f43": -1.2246899675392795, "f44": 0.8314414986135659, "f45": 1.4639807748132592, "f46": 0.2102454038864945, "f47": -1.0818976478833293, "f48": 0.6820383634164968, "f49": -1.3117527279074948, "f5": -2.07044308135847, "f50": -1.4683376074649412, "f51": 2.4633010984978583, "f52": 0.3896386579197588, "f53": -1.8586201373965712, "f54": 2.538424864077391, "f55": -0.19425411904916445, "f6": 0.7624940922829788, "f7": -0.26079436596419914, "f8": 1.4454389452191525, "f9": 2.4957258920468677}, "datetime": {"datetime": "2023-02-03 14:49:34", "elapsed": 456.150482, "delta": 114.835222}}
{"target": 0.18353672539861196, "params": {"f0": -1.8561911200518546, "f1": -2.4503455720163334, "f10": -0.9800127781647339, "f11": 2.9382054521915, "f12": 1.2101441287921324, "f13": -1.403993066746895, "f14": -0.215433278266993, "f15": -1.3628596080242037, "f16": 0.08492278362271044, "f17": -0.23229896338221234, "f18": -0.29150163802466245, "f19": -1.1791862605675307, "f2": 2.85481231060575, "f20": -0.965481022938063, "f21": -0.8522681368135796, "f22": -0.3983236265115617, "f23": 0.5255973555678219, "f24": 1.942688787151547, "f25": -2.4943531213608514, "f26": 2.9570443755569205, "f27": -1.2171294909859867, "f28": -2.596179715439924, "f29": -1.197919888053333, "f3": 2.4608199394852237, "f30": -1.4196598264325395, "f31": -0.23994756684321983, "f32": 1.4468128642525333, "f33": 1.3600997730178879, "f34": 1.4108356953740773, "f35": -2.3703283392065444, "f36": 0.7683510855530742, "f37": 0.48632152077190116, "f38": -2.3054081615670565, "f39": -0.5585168447981539, "f4": -0.7268039865475031, "f40": -2.9011024603148288, "f41": 2.3784804419019236, "f42": -0.5752722965116355, "f43": -2.5544308164108593, "f44": 0.26952631079001543, "f45": -0.43351684206458807, "f46": -0.8554874079425208, "f47": -0.012950854006946066, "f48": 0.6048170842981007, "f49": 0.4765133113341409, "f5": 0.1703395363314093, "f50": -2.4180001526240056, "f51": 2.896095354683448, "f52": 0.23710180435451123, "f53": -1.1963098069991953, "f54": 2.0946982096299576, "f55": 2.3589614260657177, "f6": -2.9914845892421003, "f7": 1.131374404757111, "f8": -0.37962297026468894, "f9": -1.2512673703912596}, "datetime": {"datetime": "2023-02-03 14:49:56", "elapsed": 477.759145, "delta": 21.608663}}
{"target": 0.11062767469818427, "params": {"f0": -2.9658379766562963, "f1": 1.0241054193980932, "f10": -2.7993391592688357, "f11": -0.48128711560941684, "f12": -1.2691631574788684, "f13": 1.3178725881963427, "f14": 0.3969213447156992, "f15": 0.8774806598285825, "f16": 0.26937837588448854, "f17": -2.131328406628408, "f18": 1.5193708721194499, "f19": -0.9442459151141248, "f2": -0.23699797826563151, "f20": -0.7230426977949329, "f21": -1.774829717646148, "f22": -0.2723617633590689, "f23": 0.3097124654231429, "f24": 0.14462416323884963, "f25": 0.6570353773872517, "f26": -0.9697160185083846, "f27": -0.12426675923438979, "f28": -0.33304462251321665, "f29": -0.3608425791416572, "f3": -1.045892804476027, "f30": 0.2238956861343886, "f31": 0.9072217729677088, "f32": 0.2834615283830093, "f33": -0.4914864355397657, "f34": -1.095850373111491, "f35": 0.5920325507275952, "f36": 1.8824051599744325, "f37": 2.8863648265235486, "f38": -2.9534912431357743, "f39": 0.40479335358523394, "f4": -0.038588658351452754, "f40": -2.27937631559977, "f41": 2.477106943455685, "f42": 1.3477327877544434, "f43": 0.8134428900786936, "f44": -1.852560491053143, "f45": 1.1168065820358786, "f46": 0.6791601355484502, "f47": -0.054247072081754055, "f48": -0.23220421955190895, "f49": 0.029655057284852848, "f5": 0.3915419717861637, "f50": -0.5287957643176107, "f51": -0.39393261400991986, "f52": 0.35819423921538096, "f53": -1.058716629482245, "f54": -0.7065769932472206, "f55": -0.1446571621048265, "f6": 0.39225560755830413, "f7": -2.3500625158136255, "f8": 0.23263465599949962, "f9": 0.6101532974815485}, "datetime": {"datetime": "2023-02-03 14:50:20", "elapsed": 501.420958, "delta": 23.661813}}
{"target": 0.03204822252693149, "params": {"f0": -1.2657784164217065, "f1": -1.705598823712065, "f10": 0.402064179488427, "f11": 2.064497412102322, "f12": -0.42024906898868797, "f13": -0.2762553371250158, "f14": 2.0857520677064163, "f15": -0.201387175846087, "f16": 0.6418440790221935, "f17": -2.1711454624553443, "f18": -1.0278450296503325, "f19": 0.5054804311898224, "f2": 1.545888722160014, "f20": -2.807617912106127, "f21": -1.861659587493483, "f22": -0.3123089935378802, "f23": -0.43467691999655855, "f24": 0.032138107147153816, "f25": -2.1373704536113163, "f26": 2.1286247232638056, "f27": 0.4505059830778393, "f28": 0.25349679222352295, "f29": -2.4822591000374166, "f3": 2.628913130609004, "f30": 0.2202861335916566, "f31": -0.39105191812707707, "f32": 2.322339534767452, "f33": -1.6939536104878032, "f34": -0.6439462486490635, "f35": 1.1857056746839079, "f36": 2.3823545309621705, "f37": 2.898654470617204, "f38": -2.4617681776492892, "f39": -0.5350413637116882, "f4": 1.0623804559082215, "f40": -2.505763987207988, "f41": 1.8699022553221099, "f42": 3.0066978908217123, "f43": -1.3175595532879676, "f44": 0.12961238776011408, "f45": 1.3518973112124828, "f46": -1.802891744416458, "f47": 2.312044736985098, "f48": -2.0723757593500354, "f49": -1.3042846465180093, "f5": 0.44229899710823517, "f50": -0.41555459880219114, "f51": 0.8718860066296925, "f52": 1.2929043092947943, "f53": 0.8549727799671962, "f54": 1.7909822901763555, "f55": 0.7032430669360998, "f6": -0.933239588893616, "f7": 0.6386899264660268, "f8": 0.6748157246586071, "f9": 1.9591941896361216}, "datetime": {"datetime": "2023-02-03 14:50:40", "elapsed": 522.002951, "delta": 20.581993}}
{"target": 0.1534778208953504, "params": {"f0": -2.286742382047699, "f1": -0.877900144151261, "f10": -0.9259393490978249, "f11": 2.7206530587632125, "f12": 0.3159115742158267, "f13": -3.0231354262011876, "f14": 2.2174790718618844, "f15": -0.9756615896251561, "f16": -1.3296664513298828, "f17": -2.6393399330215135, "f18": 1.2624775918686106, "f19": 2.1566703301289607, "f2": 2.570680473831966, "f20": -1.0643265660955787, "f21": -0.23670553023710994, "f22": -1.0351329796708142, "f23": 0.9444311477028196, "f24": 1.0609091047436354, "f25": 1.2508549320408426, "f26": -0.8308625251074111, "f27": -0.23733955256441486, "f28": -0.701761453197824, "f29": -0.9123504235564184, "f3": 0.3898950495249949, "f30": -0.48991498124358657, "f31": 0.11503655016946723, "f32": 2.22174831865518, "f33": -1.6659091983907417, "f34": 0.24062900497388107, "f35": -0.5982450443622045, "f36": -0.512354013552104, "f37": -1.0935812282336919, "f38": -1.2953253048590099, "f39": 1.2508871961089028, "f4": -2.805304220795629, "f40": 1.029804385698156, "f41": 0.6243040249418388, "f42": -0.39581353519511275, "f43": -1.8484602346857166, "f44": -1.5344033782934152, "f45": 0.9877574234758599, "f46": -1.5545562858151358, "f47": -1.1211918758086905, "f48": -1.2553445377278198, "f49": -2.1188815498622495, "f5": -2.28722982605731, "f50": -2.1181458857282527, "f51": -0.0012099214368643807, "f52": 0.9266155596544869, "f53": 0.9155852840117693, "f54": 0.3359291312645538, "f55": 1.0624528163463383, "f6": 0.07614046737298219, "f7": 0.2475886053295726, "f8": -1.3114662551786378, "f9": 2.7825475612816044}, "datetime": {"datetime": "2023-02-03 14:50:51", "elapsed": 533.123275, "delta": 11.120324}}
