{"target": 0.013727413802492512, "params": {"f0": 1.206409395990612, "f1": 0.6130192003358356, "f10": -0.3466575695995797, "f11": 0.08493519144835295, "f12": -2.2856739115893623, "f13": -0.30439482690846464, "f14": -1.4613835411338958, "f15": 0.8862910236995099, "f16": 0.8289013651153339, "f17": -0.23166149973797157, "f18": 0.8886905385130803, "f19": -0.8165277624660173, "f2": -0.09398081193265051, "f20": 0.5022711949323799, "f21": 0.6635251338287632, "f22": -0.5359247898864284, "f23": 0.0013278616059531068, "f24": -1.6881545594959466, "f25": -1.0428858039087385, "f26": -2.8109412352622702, "f27": 0.41725979432361027, "f28": 0.6106200460532402, "f29": 0.6682468105203401, "f3": 0.1543109042696978, "f30": -1.225350342366973, "f31": 0.5497296349190918, "f32": 0.6974336717058707, "f33": -1.9886826004521188, "f34": 0.741477510723675, "f35": 1.8449954150828647, "f36": -1.327982272666335, "f37": -0.7337015484562246, "f38": -0.09632513187995073, "f39": 1.4293156648149843, "f4": -0.1003343239931338, "f40": -0.6035645610272404, "f41": 1.9860088941555136, "f42": 2.8150042272359768, "f43": 0.22121585406303823, "f44": 2.363477380742109, "f45": -0.4267826610736789, "f46": -0.3527956197949621, "f47": 0.7812675340443669, "f48": -2.6678795732157368, "f49": -0.3896526179264851, "f5": -0.9335404472510588, "f50": -0.7211123583364312, "f51": 0.6469141125294756, "f52": -0.5781290756969922, "f53": -0.15805500702826833, "f54": 2.158110812068847, "f55": 0.9912174216961706, "f6": -1.74904809818768, "f7": -0.190266149829741, "f8": 1.55788195654673, "f9": 2.8676534885323055}, "datetime": {"datetime": "2023-01-30 15:20:29", "elapsed": 12905.717014, "delta": 121.869317}}
{"target": 0.3565830160657569, "params": {"f0": 1.6343293034790434, "f1": 1.7383526616774791, "f10": -0.4727578887703395, "f11": 0.055559259195977165, "f12": -0.8032070865830447, "f13": -0.42948262782840674, "f14": -0.7734553542504949, "f15": 0.8922649026652807, "f16": 1.3245674089333457, "f17": -0.2716199492272832, "f18": 1.6292981454722966, "f19": -0.4435904673730984, "f2": -0.39070956874200535, "f20": 2.2554264334476612, "f21": 0.1401690492318195, "f22": -0.869077510918259, "f23": 0.12446391706419624, "f24": -1.2033674832990207, "f25": -0.6501438038335339, "f26": -0.9359645923234892, "f27": 0.3835309690076936, "f28": 0.49750078162917344, "f29": 2.163935418403194, "f3": 0.4008748475180907, "f30": -0.7688768715336479, "f31": 0.19861640882675782, "f32": 0.00567095639603464, "f33": -1.6241946869048132, "f34": 1.5883057365229616, "f35": 2.668908095442059, "f36": -1.1752561367316725, "f37": -0.255627332390696, "f38": 0.11021607000737471, "f39": 0.6274101235742805, "f4": 0.018549936885506213, "f40": -0.7560361043172659, "f41": 1.1176868713014527, "f42": 0.5875625311384279, "f43": 0.0002287274570181852, "f44": 1.8298511358182674, "f45": -0.297080517919575, "f46": 0.3308856897184007, "f47": 0.0630842268726532, "f48": -2.4536696966753677, "f49": -1.244932505873337, "f5": -1.4085792508572594, "f50": -1.6505371838461094, "f51": 0.38809394921148455, "f52": -0.25149015007903497, "f53": 0.34341452167202896, "f54": 1.7903689399809632, "f55": 0.4029900165211895, "f6": -0.4776338693775064, "f7": -0.4608490077901872, "f8": 1.2615472096167537, "f9": 2.9860195708859134}, "datetime": {"datetime": "2023-01-30 15:21:32", "elapsed": 12968.237083, "delta": 62.520069}}
{"target": 0.3047148549947122, "params": {"f0": 1.3632029664999352, "f1": 2.056005302303267, "f10": -0.22865872333837245, "f11": 0.670850146947258, "f12": -2.5620513187319083, "f13": -1.1973259783403185, "f14": -1.198212921414033, "f15": 1.0862361814453732, "f16": 1.1437272605442423, "f17": 0.08308804861027719, "f18": 2.924405092634296, "f19": -1.4747084665271457, "f2": -0.5366122416283066, "f20": 1.8524322377445064, "f21": 0.6886782989294503, "f22": -0.3902305885172066, "f23": -0.31701968917588946, "f24": -1.8218560309958458, "f25": -1.5563660245489839, "f26": -2.850618349520512, "f27": 0.6832586009161019, "f28": 0.060621851272304184, "f29": 0.8134025632517838, "f3": 0.22141357714715487, "f30": -0.34658080858356444, "f31": 0.3402799230709187, "f32": 0.38096983285381936, "f33": -2.708847391461867, "f34": 1.868337577609334, "f35": 1.456320414789753, "f36": -1.3243384499000566, "f37": -0.7807903838726873, "f38": -0.22135632308580042, "f39": 2.4310385053474075, "f4": -0.0864641565212303, "f40": -0.5278174346058278, "f41": 1.4641202040665329, "f42": 2.580925293133354, "f43": -0.05855924637957205, "f44": 1.2515777865511266, "f45": -0.7160613380036218, "f46": -0.31687692986464067, "f47": 0.5998805141459295, "f48": -2.4885776389594665, "f49": -0.9088067568826501, "f5": -0.5163351361251096, "f50": -1.2116063886411, "f51": 1.1935063541545188, "f52": -0.9310605329009691, "f53": 0.5516745482232241, "f54": 1.2125448853652692, "f55": 0.9133749882712974, "f6": -0.9067340572611133, "f7": -0.7730171613762167, "f8": 1.691623623393471, "f9": 1.8390711637109394}, "datetime": {"datetime": "2023-01-30 15:22:28", "elapsed": 13024.875809, "delta": 56.638726}}
{"target": 0.16752909911143507, "params": {"f0": 2.232032680966826, "f1": 0.5249965328365137, "f10": -0.786195532653522, "f11": 0.2769673428399885, "f12": -2.0630800210239677, "f13": -0.5171758834885658, "f14": -0.5611563166363518, "f15": 1.6444961851458038, "f16": 1.0837557416944315, "f17": 0.053019824384398895, "f18": 0.9068916907455369, "f19": -0.5733013988798549, "f2": -0.739785642239574, "f20": 0.4613952313991404, "f21": -0.015855292333902836, "f22": -1.0531143362690587, "f23": -0.1596733920705733, "f24": -2.297776710534909, "f25": -1.0773363155187823, "f26": -2.439147226905544, "f27": 1.0002461618000917, "f28": 0.41382765630195306, "f29": 1.4280814194751843, "f3": 0.4505498472130803, "f30": -0.4715394771823356, "f31": 0.08448245921453759, "f32": 0.008088917837247633, "f33": -1.8734162975395867, "f34": 0.9335080479776217, "f35": 2.586757797342882, "f36": -1.5089600398209315, "f37": -0.6660518688978816, "f38": -0.046623878529262364, "f39": 2.3938082890328785, "f4": 0.03997466302845065, "f40": -1.1230943916931007, "f41": 1.3242990189936092, "f42": 1.2036342766280885, "f43": 0.18624056101295539, "f44": 2.5033289316779532, "f45": -0.991147549373327, "f46": 0.2510948655632883, "f47": 0.03238959002402954, "f48": -1.4643337613062586, "f49": -0.6283079235351924, "f5": -0.7569504813345739, "f50": -2.052535699787861, "f51": 0.8145291850637686, "f52": -0.9874545334392697, "f53": 0.5565812464940723, "f54": 1.236790922041165, "f55": 0.4021247811366802, "f6": -0.9257888023819254, "f7": -0.06592946142549139, "f8": 1.8146338319464506, "f9": 1.589965195263065}, "datetime": {"datetime": "2023-01-30 15:23:44", "elapsed": 13100.667643, "delta": 75.791834}}
{"target": 0.18113912424720333, "params": {"f0": 1.136528577015104, "f1": 1.9000926330394647, "f10": -0.4709713317178978, "f11": -0.03415182605456379, "f12": -2.8539722814821635, "f13": -0.6483002401812684, "f14": -2.4402454697360163, "f15": 1.3707629283353187, "f16": 1.1863413947398662, "f17": -0.10311843823264377, "f18": 1.1307267481746108, "f19": -0.9353898630073121, "f2": -0.22298643245362615, "f20": 1.7923926070425358, "f21": 0.3856612903106213, "f22": -0.8981586501358526, "f23": -0.37516342445733253, "f24": -1.9785511372336497, "f25": -0.8057403634986466, "f26": -0.8518574867360358, "f27": 0.922495567344768, "f28": 0.42867812858655674, "f29": 1.6726161193852815, "f3": -0.19669745343689016, "f30": -1.4779167687582346, "f31": 0.6185262544367479, "f32": 0.7676378360714937, "f33": -1.3232963683198866, "f34": 0.5024746698696336, "f35": 0.7711016463379833, "f36": -1.1089086059556115, "f37": -0.6070444317785264, "f38": -0.37054208144667394, "f39": 1.1475105196485937, "f4": -0.38672611644806965, "f40": -1.7879551345941234, "f41": 1.670810809332799, "f42": 2.9614217680355126, "f43": -0.0867134309503414, "f44": 1.1102382394150587, "f45": -0.24060351253910506, "f46": -0.3928528957605154, "f47": 0.7507647950904578, "f48": -0.6631014327126756, "f49": -0.8582986101233263, "f5": -0.8467328123424555, "f50": -1.2359588734598623, "f51": 1.4409109785454577, "f52": -0.4173419865628115, "f53": 0.20642142489788023, "f54": 0.8998546829470426, "f55": 1.2955969886307468, "f6": -1.4816249749212496, "f7": -0.3232974341750633, "f8": 0.8145202452916702, "f9": 2.7888989445492403}, "datetime": {"datetime": "2023-01-30 15:24:27", "elapsed": 13143.921716, "delta": 43.254073}}
{"target": 0.3637889093339202, "params": {"f0": 2.164949727292616, "f1": 0.9874388546316566, "f10": -0.3075298040193374, "f11": 0.44817737477887465, "f12": -1.8946357476253495, "f13": -1.023472612829503, "f14": -0.7211221488228379, "f15": 1.5542715380030976, "f16": 1.024703436677815, "f17": -0.24367589203268952, "f18": 1.4688698291263735, "f19": -0.8283233781893092, "f2": -0.5766684524111791, "f20": 2.2201233470956643, "f21": 0.6954890622029264, "f22": -0.7095996424199054, "f23": -0.015862920706698258, "f24": -0.5116117147915866, "f25": -1.5025945280624775, "f26": -1.773861984125229, "f27": 0.5644296815877299, "f28": -0.07684792442184817, "f29": 1.9979810375512876, "f3": -0.17930398316724389, "f30": -0.7412039591033635, "f31": 0.55549606755479, "f32": 0.5527579476647375, "f33": -2.623684898060686, "f34": 1.1130416180635867, "f35": 2.639743199363009, "f36": -1.5375426322668613, "f37": -0.3904608901618837, "f38": -0.25019336923247637, "f39": 0.7403161869409229, "f4": -0.13443524545578134, "f40": -1.0063462058140278, "f41": 1.4356901166413683, "f42": 1.6491928064301706, "f43": -0.2440728670555724, "f44": 2.3076159385528716, "f45": -0.5472443488757084, "f46": 0.19667262151838882, "f47": 0.6887301988997165, "f48": -2.74817925377001, "f49": -0.9308982277982445, "f5": -0.3988680458088427, "f50": -1.6557799525656582, "f51": 1.161265594805204, "f52": -1.096447548126657, "f53": 0.25485298234076903, "f54": 2.3499274225314095, "f55": 1.5110862113377512, "f6": -0.7656127433467126, "f7": 0.06103433865059105, "f8": 0.9919731096115192, "f9": 2.167214397314156}, "datetime": {"datetime": "2023-01-30 15:26:15", "elapsed": 13251.8577, "delta": 107.935984}}
{"target": 0.235586271013238, "params": {"f0": 0.8526778108423752, "f1": 1.726650703516624, "f10": -0.17615424726558349, "f11": 0.3827757376738314, "f12": -2.827107207265059, "f13": -0.3536451097328184, "f14": -0.6061537017781147, "f15": 1.2926558602002403, "f16": 0.8031348833711833, "f17": -0.3909742819819503, "f18": 2.541799834707485, "f19": -1.2171530047687202, "f2": -0.47622891587922933, "f20": 0.8485631922927368, "f21": 0.20938096001872009, "f22": -0.5954421651161808, "f23": 0.16933951298756267, "f24": -2.346317039992541, "f25": -1.979289776596881, "f26": -0.9175899660960569, "f27": 0.6920286155009413, "f28": 0.36464609254778324, "f29": 0.7286868172526844, "f3": 0.4518264882281526, "f30": -1.0352916029767791, "f31": 0.6358998172409428, "f32": 0.6531731908028338, "f33": -1.564663422602541, "f34": 1.3093640450322717, "f35": 1.1198793581238091, "f36": -2.049895820490441, "f37": -0.8455751383352724, "f38": 0.3438004375305654, "f39": 2.3135726907390812, "f4": -0.6487975224914786, "f40": -0.7082778401439942, "f41": 1.7492960099524222, "f42": 2.4114822989423366, "f43": -0.12993091258765394, "f44": 1.0830952050157419, "f45": -0.7885134572564814, "f46": 0.16533406331116718, "f47": 0.4820447874264126, "f48": -2.7902760277983867, "f49": -0.7896941376463102, "f5": -0.4762438340096854, "f50": -1.7841221806232475, "f51": 0.29590556492274456, "f52": -0.9880162356958688, "f53": 0.18994564323141977, "f54": 1.3164825790019952, "f55": 0.38592779283776235, "f6": -0.8755826673434639, "f7": -0.21572051701377692, "f8": 2.102787022898717, "f9": 2.3887865384773854}, "datetime": {"datetime": "2023-01-30 15:27:00", "elapsed": 13296.758346, "delta": 44.900646}}
{"target": 0.3475174424477625, "params": {"f0": 2.1650998597013307, "f1": 0.8878618752153661, "f10": -0.3986010361648148, "f11": 0.45239423464865813, "f12": -1.9880859030571207, "f13": -1.2494642786891201, "f14": -2.954959643916635, "f15": 1.41536167257106, "f16": 1.069602273395117, "f17": -0.10935776539346626, "f18": 2.0992842341921483, "f19": -1.0244417505756784, "f2": 0.09507172869008496, "f20": 1.0957759397099602, "f21": 0.36926875331203923, "f22": -0.6645096999904102, "f23": 0.21802644568229312, "f24": -1.7226923965613268, "f25": -1.3777917714865038, "f26": -2.9699725781257196, "f27": 0.8559830691980858, "f28": 0.39426750692902746, "f29": 0.9312660348504711, "f3": -0.20384362449588755, "f30": -1.446061822424836, "f31": 0.4793540684768419, "f32": 0.7572951701673305, "f33": -2.6894593046816837, "f34": 0.5422999345479765, "f35": 1.7815247872935338, "f36": -0.6560718540800827, "f37": -0.6088636867972315, "f38": 0.2186440171653034, "f39": 2.5337712335372466, "f4": 0.0411405113871498, "f40": -0.9470866237814316, "f41": 0.7753546708213567, "f42": 0.5541681843391708, "f43": -0.13208906663552983, "f44": 2.262221903546229, "f45": -0.982969792875646, "f46": -0.08622268094231972, "f47": -0.05725031770924855, "f48": -0.6358288459872741, "f49": -1.224553709534856, "f5": -1.145155826629687, "f50": -0.617640251621757, "f51": 1.3322634534349098, "f52": -0.8602318216221714, "f53": 0.29625754798915777, "f54": 1.4912131800507489, "f55": 0.8385524001127622, "f6": -1.0065509292981694, "f7": -0.38064151832318255, "f8": 1.5256889517495744, "f9": 1.025666441168147}, "datetime": {"datetime": "2023-01-30 15:28:22", "elapsed": 13378.686368, "delta": 81.928022}}
{"target": 0.22557425569800713, "params": {"f0": 2.2964245004174355, "f1": 0.6027940227396837, "f10": -0.32792690072145947, "f11": 0.4242923496053118, "f12": -1.5868119398672895, "f13": -0.5986529456969909, "f14": -2.336082687374784, "f15": 1.5261270775376956, "f16": 0.6966167513679367, "f17": -0.021234005181010762, "f18": 2.3288213222834653, "f19": -0.43654285269371984, "f2": 0.07964178444791803, "f20": 2.0581057225112054, "f21": 0.8257976087411658, "f22": -0.874366398634976, "f23": 0.19015098676793207, "f24": -1.735297090017106, "f25": -2.3273531328325014, "f26": -2.596862380557172, "f27": 0.2280379421101516, "f28": 0.6024148024224678, "f29": 1.7291034927328899, "f3": -0.21428497255753448, "f30": -1.0263215616584427, "f31": 0.15854281290958763, "f32": 0.22650509933329704, "f33": -1.6635981284838763, "f34": 1.8138349693528142, "f35": 1.6853584254882632, "f36": -0.5249198023564827, "f37": -1.052520985875856, "f38": -0.17014335993350027, "f39": 0.5671502671960621, "f4": 0.0001001183385354043, "f40": -1.6268483745329405, "f41": 1.8056071188357357, "f42": 1.4053580187081713, "f43": 0.25765862209356616, "f44": 0.8413535053183638, "f45": -0.28186312434505656, "f46": 0.1418820143607299, "f47": 0.41858146107111344, "f48": -1.1472880015269047, "f49": -1.347968290403408, "f5": -0.9625397122300678, "f50": -1.7468882852614858, "f51": 0.5617400746514292, "f52": -0.6619339107360659, "f53": 0.11513136363230098, "f54": 1.4893587131517123, "f55": 1.4857734323309648, "f6": -1.2853426942506443, "f7": -0.2972442253494866, "f8": 1.2537351757267652, "f9": 0.9935218726221688}, "datetime": {"datetime": "2023-01-30 15:30:11", "elapsed": 13488.183685, "delta": 109.497317}}
{"target": 0.22787494493576355, "params": {"f0": 0.7313518705116236, "f1": 0.7368537988141819, "f10": -0.2989585218050579, "f11": 0.4818743750097657, "f12": -1.0988570455301359, "f13": -1.14494897037321, "f14": -1.705128919962382, "f15": 0.9869208508208545, "f16": 1.3734269605336407, "f17": -0.38120207416922824, "f18": 2.9167615534251348, "f19": -0.31572806998088954, "f2": -0.004183508573815553, "f20": 1.1411636625272437, "f21": 0.21126454245846615, "f22": -0.45695900313106796, "f23": -0.3744729404665176, "f24": -2.029979988380842, "f25": -0.8657115082817832, "f26": -1.058129222497304, "f27": 0.543086831351688, "f28": 0.5958528704011206, "f29": 1.3557639215059303, "f3": 0.0371665489511086, "f30": -0.646669009108111, "f31": 0.09714707392814068, "f32": 0.7053234981870349, "f33": -2.202873912288876, "f34": 1.441586455023902, "f35": 1.573069056695013, "f36": -1.6597861298947096, "f37": -0.42365837243746696, "f38": -0.12939910881010774, "f39": 2.8134857299337206, "f4": -0.18145532798864572, "f40": -1.6538901704728644, "f41": 1.2120997015437647, "f42": 0.5569832407215691, "f43": 0.004598572398428202, "f44": 0.5183351928253503, "f45": -0.9840092679373658, "f46": 0.0404062012556487, "f47": 0.29194254339786924, "f48": -1.3941470222829986, "f49": -1.2042347664370716, "f5": -0.2593982124721135, "f50": -1.574343140756961, "f51": 1.065394490335169, "f52": -0.8842623268628419, "f53": -0.18190832441766974, "f54": 1.7123988300870348, "f55": 0.9801643254514295, "f6": -1.943239708174415, "f7": -0.2184484828998312, "f8": 0.5458932025489949, "f9": 2.459765519234586}, "datetime": {"datetime": "2023-01-30 15:31:36", "elapsed": 13572.896839, "delta": 84.713154}}
{"target": 0.32321273388198146, "params": {"f0": 2.5444079905308303, "f1": 1.8984908914705758, "f10": -0.8263120478139171, "f11": 0.20745022714715716, "f12": -1.9624003622202013, "f13": -0.9941487822837723, "f14": -1.6356469491321293, "f15": 0.7292401543607654, "f16": 0.7836048129833993, "f17": 0.2836426771896301, "f18": 2.3840227653748993, "f19": -0.867301460215071, "f2": -0.1502921616303674, "f20": 1.516549260852861, "f21": 0.4936613065122134, "f22": -0.4639031661901656, "f23": -0.5030691078059563, "f24": -2.2403188166124557, "f25": -1.5135672036526937, "f26": -1.5028199657983599, "f27": 0.33488288699578056, "f28": 0.3865086009998595, "f29": 1.8962632557819186, "f3": 0.0007043713580834887, "f30": -1.4389659622130935, "f31": 0.5430265248547564, "f32": 0.010937587843847109, "f33": -1.3186317439488178, "f34": 2.7296302144569395, "f35": 2.094084917809442, "f36": -1.453173217277409, "f37": -0.6495219974769074, "f38": -0.2783731993054173, "f39": 1.401543471031847, "f4": -0.48553330623265367, "f40": -0.9376282408463238, "f41": 1.6461312117944646, "f42": 1.805641919516988, "f43": -0.2765935191052032, "f44": 2.3506663710508255, "f45": -0.17722390051866954, "f46": -0.009465371214395168, "f47": -0.09432303114563709, "f48": -1.0819036636186525, "f49": -1.1624417498128883, "f5": -0.36584076891650974, "f50": -0.7665385821373725, "f51": 0.36767710827903677, "f52": -1.2799292962654618, "f53": -0.07914146524498447, "f54": 0.9188599250532068, "f55": 0.6233460549060342, "f6": -1.7660558929181325, "f7": -0.02878743449415988, "f8": 2.0216656596296376, "f9": 2.3612722098020007}, "datetime": {"datetime": "2023-01-30 15:32:48", "elapsed": 13644.556326, "delta": 71.659487}}
{"target": 0.3101669360394631, "params": {"f0": 1.9720013444390039, "f1": 1.0670866691449363, "f10": -0.18707473930478868, "f11": 0.5180970121728277, "f12": -1.7258360322519644, "f13": -1.1503405370983335, "f14": -1.2496912789925616, "f15": 1.13259930180908, "f16": 1.359554665184287, "f17": -0.3400772975554601, "f18": 0.7030431701031563, "f19": -0.35713185371688194, "f2": -0.246216696327485, "f20": 1.1413100085255397, "f21": 0.6022910786806751, "f22": -0.5528218971389063, "f23": 0.20903652194154676, "f24": -1.4506858222601062, "f25": -1.1067450273269033, "f26": -0.7179784949164354, "f27": 0.6832845772043529, "f28": 0.027498928793662947, "f29": 1.1501452465800694, "f3": 0.11986508407161617, "f30": -1.200012176349827, "f31": 0.3204991133270373, "f32": 0.6299365805601398, "f33": -1.5051708620408029, "f34": 1.781692319895381, "f35": 1.6581628882024344, "f36": -1.6719140823345726, "f37": -0.8270051356483624, "f38": -0.030127577734695155, "f39": 2.5029978623495968, "f4": -0.316775595601679, "f40": -1.405337805863253, "f41": 1.927888699697215, "f42": 2.007349812150342, "f43": 0.16093604794133454, "f44": 1.6824923065070232, "f45": -0.2632237534784704, "f46": -0.22975903591147778, "f47": 0.08024433512732056, "f48": -2.8412366272355194, "f49": -0.6140910503850078, "f5": -1.198035121715203, "f50": -1.9862547138685804, "f51": 0.9100112474030684, "f52": -1.2341795192898728, "f53": 0.10216194070368279, "f54": 1.0083001428318226, "f55": 0.8594882235438289, "f6": -1.3861162569169267, "f7": -0.4767389277809199, "f8": 0.952316063016989, "f9": 1.994495012681459}, "datetime": {"datetime": "2023-01-30 15:33:46", "elapsed": 13702.764589, "delta": 58.208263}}
{"target": 0.2576574141745685, "params": {"f0": 2.051571940306365, "f1": 2.3315923200112056, "f10": -0.7141435872107484, "f11": 0.1590208372495514, "f12": -2.231433047889475, "f13": -0.8349782285309686, "f14": -2.4975637188056794, "f15": 0.5870706564383699, "f16": 1.1122776608859268, "f17": -0.37899739484962885, "f18": 1.537025201073719, "f19": -0.30585471178166523, "f2": -0.7443063366996222, "f20": 0.6433655307839476, "f21": 0.1797049376447406, "f22": -1.4975497877355073, "f23": 0.1318757084476908, "f24": -0.7022383351050943, "f25": -1.6119577211842269, "f26": -1.0452179014798741, "f27": 1.0053458374548556, "f28": 0.22147662882602318, "f29": 0.9431003061474615, "f3": -0.09973236560144852, "f30": -0.9114856166037733, "f31": 0.15330626104751957, "f32": 0.3232430657647812, "f33": -1.1463072162032497, "f34": 1.6973676414271637, "f35": 1.7269168037706002, "f36": -1.843297562237597, "f37": -0.5951734437730621, "f38": 0.2608481692822057, "f39": 1.0214481584196564, "f4": -0.5103513331498386, "f40": -0.9229607995268839, "f41": 0.4615973553544121, "f42": 0.9678577751208814, "f43": 0.10309395709697411, "f44": 0.6367232311582809, "f45": -0.8503962380250083, "f46": -0.039251224303748056, "f47": 0.2118927226577263, "f48": -0.985816959996765, "f49": -0.5478807005946242, "f5": -0.278847850359762, "f50": -1.4610778985960797, "f51": 0.43623575125510333, "f52": -0.548246945517457, "f53": 0.2959035033537829, "f54": 0.6822611138056571, "f55": 0.5032727748622626, "f6": -0.7795063551058727, "f7": -0.40728398057050985, "f8": 1.6050010701131052, "f9": 0.7654755839666887}, "datetime": {"datetime": "2023-01-30 15:34:23", "elapsed": 13739.554361, "delta": 36.789772}}
