{"target": 0.7296801349408862, "params": {"f0": 1.6432832643918789, "f1": 2.3681110892522765, "f10": -0.5323994864924553, "f11": 0.377400128803464, "f12": -1.9634856595885066, "f13": -1.3150433369697763, "f14": -1.8972143665414174, "f15": 0.39740449358186936, "f16": 0.7955764325774024, "f17": 0.20844037795264636, "f18": 2.54677936022808, "f19": -1.3091401505085594, "f2": -0.6143554074764805, "f20": 1.5127200486630752, "f21": 0.682070607555301, "f22": -1.2099573281765106, "f23": 0.15023486564259547, "f24": -2.568774907276481, "f25": -0.5578729906340976, "f26": -2.3556024740571315, "f27": 0.5147022245962583, "f28": -0.09836589846496016, "f29": 0.7744858443237513, "f3": -0.030161611731264415, "f30": -0.688786729558209, "f31": 0.23714790417498813, "f32": 0.6112868640708504, "f33": -1.9509839076029756, "f34": 1.9668117632127657, "f35": 1.8568636168264554, "f36": -1.5808216028893467, "f37": -0.5452435656437997, "f38": -0.09417612187919289, "f39": 1.2667123302810044, "f4": 0.04652603044555059, "f40": -1.7476363068068315, "f41": 1.4919891713121753, "f42": 2.5640296084411776, "f43": 0.09278954285105212, "f44": 0.9838633096804654, "f45": -0.3021577536793092, "f46": -0.08546977869999267, "f47": 0.675073186547685, "f48": -0.9810039079935935, "f49": -0.7543482970646735, "f5": -0.6778888834590984, "f50": -0.6657703027355453, "f51": 0.5065996560126571, "f52": -0.7972378480553628, "f53": 0.11628361662194453, "f54": 2.2044299485342895, "f55": 0.39097273668615073, "f6": -1.8970479437264034, "f7": -0.5949755668222614, "f8": 0.6776944917850681, "f9": 2.9165786821382165}, "datetime": {"datetime": "2023-01-30 14:52:19", "elapsed": 11216.088797, "delta": 67.507276}}
{"target": 0.23683002884378174, "params": {"f0": 1.0551922277689234, "f1": 1.468369690106191, "f10": -0.577232142473606, "f11": 0.23300679404532415, "f12": -2.340625511138101, "f13": -0.9077491641170969, "f14": -2.7597747209561505, "f15": 0.4219219840526516, "f16": 0.6193940966844798, "f17": -0.02864031602857675, "f18": 1.322319001588981, "f19": -1.4652867949523714, "f2": -0.22275318843219638, "f20": 2.291637129173868, "f21": 0.46331657955196315, "f22": -1.1621256038594048, "f23": -0.17651959272369055, "f24": -1.9202057659136207, "f25": -1.0050746148500254, "f26": -2.03282517752303, "f27": 0.8063367203512634, "f28": -0.12507129860686123, "f29": 0.6799013567683114, "f3": -0.2791815896495402, "f30": -0.47300235106396116, "f31": 0.4548264006252326, "f32": 0.3087092111051592, "f33": -0.6522326023217713, "f34": 0.7935027300341697, "f35": 0.8921091528530612, "f36": -0.7069163961772849, "f37": -0.958274738487987, "f38": -0.06638787695787779, "f39": 1.7533340260000914, "f4": 0.004355242706137075, "f40": -0.44800923157510697, "f41": 0.5650253175080773, "f42": 1.1427161621299011, "f43": 0.051201751508431204, "f44": 1.5401243268412284, "f45": -0.13231431873583888, "f46": -0.3159093109467948, "f47": 0.5426585625094602, "f48": -1.0963598577246974, "f49": -1.0264084387279055, "f5": -1.1549086426565174, "f50": -1.1740624703484497, "f51": 0.6017425607398489, "f52": -0.5299172895397419, "f53": 0.4300032993080272, "f54": 1.3506102699071052, "f55": 0.9533729719629079, "f6": -1.1858273483419124, "f7": -0.433532133091724, "f8": 0.6230388005918024, "f9": 2.171804414032114}, "datetime": {"datetime": "2023-01-30 14:53:23", "elapsed": 11280.2319, "delta": 64.143103}}
{"target": 0.3102987450855362, "params": {"f0": 2.5580371642032174, "f1": 2.2894202911698014, "f10": -0.045991279460450785, "f11": 0.6969646311398091, "f12": -1.344410700457621, "f13": -1.0406410922269536, "f14": -1.0334164738140137, "f15": 0.3961598118080204, "f16": 1.371454970984369, "f17": 0.13217956040390932, "f18": 1.0079800410356445, "f19": -0.65696233929533, "f2": -0.14068423014624654, "f20": 0.9115820465103497, "f21": 0.7137050907340089, "f22": -0.719762361612756, "f23": 0.1357245686016214, "f24": -0.9981162804738073, "f25": -0.6080279804385418, "f26": -1.7154835728029643, "f27": 0.3317666293355998, "f28": 0.5082972283181458, "f29": 2.177923545813691, "f3": 0.4895790484671308, "f30": -1.1580818311222227, "f31": 0.3327697207517236, "f32": 0.11407963808536115, "f33": -2.9593141547291655, "f34": 1.1902954655573281, "f35": 1.1814229029134007, "f36": -0.8856196064921011, "f37": -0.9120391839356939, "f38": 0.08724908663457615, "f39": 1.5442808711182023, "f4": -0.1095707547337943, "f40": -1.3118811880732697, "f41": 0.9896177943064621, "f42": 1.1889099353344121, "f43": -0.4419883977642537, "f44": 0.7678624208235071, "f45": -0.39768612632683864, "f46": 0.2482073176710059, "f47": 0.25584288520299625, "f48": -2.7475358919478428, "f49": -1.3501763893773857, "f5": -0.9892765894211231, "f50": -1.4183838309618493, "f51": 0.590862264360218, "f52": -0.8036152919273983, "f53": 0.01929032304049133, "f54": 1.06178777266725, "f55": 0.6464688792263102, "f6": -0.5285415282564423, "f7": -0.22119911889805077, "f8": 2.148420072664062, "f9": 0.6311215373677014}, "datetime": {"datetime": "2023-01-30 14:54:52", "elapsed": 11369.203775, "delta": 88.971875}}
{"target": 0.29072611983949653, "params": {"f0": 0.7937843948517868, "f1": 0.9458295975181382, "f10": -0.4444335583653545, "f11": 0.40424583168220035, "f12": -2.617205382690085, "f13": -1.1281731664203067, "f14": -0.8542079713594606, "f15": 1.4279752067935034, "f16": 1.3496200913938257, "f17": 0.011112532031995137, "f18": 0.8605870804178344, "f19": -0.6362406912835737, "f2": -0.333986596868399, "f20": 1.6869895857361796, "f21": 0.09928504525797906, "f22": -1.0546207564990326, "f23": -0.4319750257851785, "f24": -0.8536937767314523, "f25": -1.7453454229053444, "f26": -0.5541687565620639, "f27": 0.36143218801501625, "f28": 0.41144488375643307, "f29": 1.3833907152447926, "f3": 0.4816020959779724, "f30": -0.5902874207727822, "f31": -0.0826951761886716, "f32": 0.05779028149466299, "f33": -2.724812413752864, "f34": 1.5403082008385218, "f35": 1.0688229244631446, "f36": -1.7078657576202696, "f37": -0.5950832277469961, "f38": 0.2767132727754466, "f39": 2.0785905460380847, "f4": -0.7321736017381786, "f40": -1.3584529837371686, "f41": 1.267974990344276, "f42": 2.8915148100325325, "f43": -0.022514970056023986, "f44": 1.713517128335484, "f45": -0.8671941543416862, "f46": 0.34791979037514864, "f47": 0.5176214903609865, "f48": -2.7572554475729647, "f49": -0.8300333773361362, "f5": -1.053662039071839, "f50": -1.9198921600722625, "f51": 0.5274360285893445, "f52": -0.38174251354072664, "f53": -0.036260717363770734, "f54": 1.8562285541153232, "f55": 0.5407649649417297, "f6": -1.4468547938952359, "f7": -0.4440080207095441, "f8": 1.216602006104265, "f9": 2.13406077141513}, "datetime": {"datetime": "2023-01-30 14:55:31", "elapsed": 11407.974617, "delta": 38.770842}}
{"target": 0.44552989055328374, "params": {"f0": 2.8032534928469075, "f1": 1.366117052095227, "f10": -0.2798720916673758, "f11": 0.12149495974559708, "f12": -0.8305948672873718, "f13": -1.093646889671255, "f14": -2.7361263984085054, "f15": 0.8110130192906275, "f16": 1.3169033905371943, "f17": 0.11660900047796807, "f18": 2.992076361220248, "f19": -0.7124704294058388, "f2": -0.006369442350741106, "f20": 1.3976358506383209, "f21": 0.7790232651958566, "f22": -1.0124268906213043, "f23": 0.024889083536598022, "f24": -2.3850743749412673, "f25": -2.409094453215885, "f26": -2.3849664656658986, "f27": 0.31279529286027435, "f28": 0.44944133258421803, "f29": 0.6291432465553455, "f3": 0.20157085123669427, "f30": -1.1841216535865173, "f31": 0.28025380588914983, "f32": 0.17111724632318492, "f33": -2.282749484500762, "f34": 1.65180417253074, "f35": 2.0040440059098183, "f36": -0.5779807758827549, "f37": -1.0169069444079835, "f38": -0.06691267958856739, "f39": 0.5800906949781153, "f4": -0.04384884769838304, "f40": -1.7214201799338427, "f41": 0.6387648919003659, "f42": 2.5975096262221093, "f43": -0.15486790049924065, "f44": 2.351640237280172, "f45": -0.6052374504670586, "f46": 0.13741633670810005, "f47": -0.008924103141768405, "f48": -1.2995301180828194, "f49": -1.1956628171948076, "f5": -1.0170364552641389, "f50": -0.7618148109434968, "f51": 0.3413530445000427, "f52": -0.38384406265177873, "f53": 0.4909511921427286, "f54": 1.813379886075493, "f55": 0.9203314475858254, "f6": -1.8129172023811158, "f7": -0.43085154899922695, "f8": 0.5518990815969842, "f9": 1.2942114418415573}, "datetime": {"datetime": "2023-01-30 14:56:54", "elapsed": 11490.87278, "delta": 82.898163}}
{"target": 0.23253776638534268, "params": {"f0": 1.6634686464814032, "f1": 1.1926037038059494, "f10": -0.4694588663697084, "f11": 0.6759483826927897, "f12": -1.4515458225273494, "f13": -0.530161376943063, "f14": -1.651221394056371, "f15": 1.1015709685232857, "f16": 1.1687377681161497, "f17": -0.07508704067205546, "f18": 1.072044784232984, "f19": -0.38482522888517656, "f2": -0.3182814129916125, "f20": 1.430347011795577, "f21": 0.7208997122188989, "f22": -0.49209358265113057, "f23": -0.4788365212804351, "f24": -2.5352559873701335, "f25": -1.89144229216457, "f26": -2.4675724331401514, "f27": 0.943506646422283, "f28": 0.12429104766140728, "f29": 0.6299186859209782, "f3": 0.4111750237297906, "f30": -0.49417820937498647, "f31": -0.1392039870462724, "f32": 0.7535108014285379, "f33": -0.8270439115773263, "f34": 1.1071417849035283, "f35": 2.7793954433300425, "f36": -2.2229492832438527, "f37": -0.40546839983552296, "f38": 0.024910162569752203, "f39": 1.9199117666349845, "f4": -0.26893113733561613, "f40": -1.673200860135732, "f41": 1.8661477275811187, "f42": 0.6465659358863157, "f43": 0.006061752531098308, "f44": 0.6198801275744892, "f45": -0.4246356413029555, "f46": -0.3468533837122566, "f47": 0.5303116092124402, "f48": -2.399248854743252, "f49": -0.43782920534861713, "f5": -1.0104069182399327, "f50": -1.6844571248242053, "f51": 0.6855082694022305, "f52": -0.34500941659526185, "f53": 0.3648591443964539, "f54": 1.8542688459088623, "f55": 0.3806673506636503, "f6": -0.8288884278626092, "f7": -0.19187162709212446, "f8": 1.7304065579275365, "f9": 1.8802307830485128}, "datetime": {"datetime": "2023-01-30 14:56:55", "elapsed": 11492.021858, "delta": 1.149078}}
{"target": 0.20741692607964113, "params": {"f0": 1.10685073631059, "f1": 0.5842540101172662, "f10": -0.8073631359894862, "f11": 0.7969928212770185, "f12": -2.595944769582478, "f13": -0.5681138796242072, "f14": -1.786113309222923, "f15": 0.8033569317257923, "f16": 1.3542607658247772, "f17": -0.07296833584513285, "f18": 2.694876444886661, "f19": -0.6580750768214865, "f2": -0.3127756623721056, "f20": 1.1857276206293355, "f21": 0.5129990236300724, "f22": -0.36759587398532, "f23": -0.13148433257263747, "f24": -1.1908938555983462, "f25": -1.6020202020938945, "f26": -1.5944644417172193, "f27": 0.8302830319933058, "f28": -0.1258307534911517, "f29": 0.8200249126931072, "f3": 0.1688830236820647, "f30": -1.0547014955598435, "f31": 0.3181205924421935, "f32": 0.293747485571994, "f33": -0.7048994228019532, "f34": 2.9779968806297807, "f35": 0.6914106929443374, "f36": -1.1796202941633118, "f37": -0.17202379959936553, "f38": 0.1799669244797188, "f39": 2.631249035169855, "f4": -0.25890733026807966, "f40": -0.5149480405832672, "f41": 0.8578252503774286, "f42": 1.4308887136451571, "f43": -0.2019579159044727, "f44": 1.4518031305713344, "f45": -0.8724296544769535, "f46": -0.009659145236280031, "f47": 0.11184208223647828, "f48": -1.3517644046040314, "f49": -1.0942831227300136, "f5": -0.7645378752432993, "f50": -1.2822413574375116, "f51": 0.27369748604833194, "f52": -0.5852357084493635, "f53": 0.26011290853586727, "f54": 2.219678464790922, "f55": 0.9804401766256233, "f6": -0.5575160103633972, "f7": -0.2205204348168428, "f8": 2.078522766754165, "f9": 2.088928096195895}, "datetime": {"datetime": "2023-01-30 14:57:44", "elapsed": 11540.759902, "delta": 48.738044}}
{"target": 0.1544072711789366, "params": {"f0": 0.8338866089438544, "f1": 1.8572868055487748, "f10": -0.4751887279580964, "f11": 0.3569888301302795, "f12": -0.8985967090926859, "f13": -0.9340899389205484, "f14": -0.7877779117258212, "f15": 1.3518124735582526, "f16": 0.6535991893385651, "f17": -0.09529151881524667, "f18": 1.9547605082463364, "f19": -0.42269305477980845, "f2": -0.1007029260654475, "f20": 2.1266430403138914, "f21": 0.31628673809140967, "f22": -1.1707073335227451, "f23": 0.22529456091423017, "f24": -2.17877242403077, "f25": -1.7379394016746936, "f26": -2.71669276309459, "f27": 0.9823446821022245, "f28": 0.6341263622616637, "f29": 2.0008426795095335, "f3": 0.2741157778868854, "f30": -0.5665336973348546, "f31": 0.6331137018299383, "f32": 0.7081475357601901, "f33": -2.6230967363335047, "f34": 2.6278397554773254, "f35": 0.7634959211258463, "f36": -1.8736700234111106, "f37": -1.1092621562432672, "f38": 0.0366918570025806, "f39": 2.2613124817336407, "f4": -0.02104918940854028, "f40": -1.7453571164593567, "f41": 1.1059141541866966, "f42": 2.995576981063301, "f43": -0.4551847511423565, "f44": 1.1031032936211262, "f45": -0.24529186113808177, "f46": 0.3218609631443764, "f47": 0.5282392556271098, "f48": -1.741724396764633, "f49": -0.5826004844537731, "f5": -0.636150718549965, "f50": -1.4815710675429634, "f51": 0.6112619167951114, "f52": -0.693919014224599, "f53": -0.11694819254376164, "f54": 1.059836168957183, "f55": 0.41648519657320704, "f6": -0.7311862128421454, "f7": -0.08365813695210267, "f8": 1.9526135085765306, "f9": 1.4883860667212068}, "datetime": {"datetime": "2023-01-30 14:59:29", "elapsed": 11645.881719, "delta": 105.121817}}
{"target": 0.18639137087970098, "params": {"f0": 1.7705785194847914, "f1": 1.9987049829332688, "f10": -0.4153110466144856, "f11": -0.004429826481714416, "f12": -0.9074200454953765, "f13": -1.3352273057585158, "f14": -2.7805799664351767, "f15": 1.662024694030494, "f16": 0.6837978524985668, "f17": 0.28544609676504684, "f18": 1.4606317857017368, "f19": -0.8030335898794394, "f2": -0.48293012536804736, "f20": 1.129028379271348, "f21": 0.22291622283811746, "f22": -1.264409671087901, "f23": -0.2300005244816305, "f24": -1.8438341974989452, "f25": -1.9246813448015117, "f26": -1.2184469898514665, "f27": 0.9901076951462039, "f28": -0.029613946450640638, "f29": 1.255191840205899, "f3": -0.03312648243491578, "f30": -0.45990877583619505, "f31": 0.6406827203752604, "f32": 0.5027432055604866, "f33": -1.0572672783288708, "f34": 2.4635588680491485, "f35": 2.313663345180101, "f36": -1.3250759760710789, "f37": -0.3800292379546708, "f38": -0.3938196044970061, "f39": 2.0231395118205864, "f4": -0.4011435737634718, "f40": -1.726605360802603, "f41": 1.401333890549263, "f42": 0.9128017823499995, "f43": -0.3810537366510733, "f44": 1.384562702726293, "f45": -0.3936856998738727, "f46": 0.13294882416369802, "f47": 0.3244419390323288, "f48": -0.9877179053274676, "f49": -0.7162410546956667, "f5": -0.935324820201363, "f50": -1.9901008450201847, "f51": 1.4110039306790654, "f52": -0.6865534932076922, "f53": -0.13682080424673282, "f54": 2.227478432983886, "f55": 0.37034927256257155, "f6": -1.246164855220247, "f7": -0.3224191377818493, "f8": 1.9471423441112337, "f9": 2.005955659980402}, "datetime": {"datetime": "2023-01-30 15:00:51", "elapsed": 11728.21396, "delta": 82.332241}}
{"target": 0.26276967030210263, "params": {"f0": 1.5516868774017976, "f1": 2.232767814507858, "f10": -0.729279457104449, "f11": 0.14420226837844202, "f12": -2.297422073431723, "f13": -0.3903823919501319, "f14": -2.3547412303471464, "f15": 0.3926012818684563, "f16": 0.7040410911048298, "f17": 0.19312265463209677, "f18": 2.4177279562881804, "f19": -1.0097275823998015, "f2": -0.2477469448820695, "f20": 2.0545367087524826, "f21": 0.10026659836338836, "f22": -1.4305670800268993, "f23": -0.07544405146432287, "f24": -1.3050063740118412, "f25": -2.3514612940562687, "f26": -1.5807657984819512, "f27": 0.16561020707245286, "f28": 0.1911847294292021, "f29": 1.0938953734122017, "f3": -0.16772755704349696, "f30": -0.463981863006359, "f31": -0.08243188571402923, "f32": 0.14146981777937082, "f33": -0.987865659328603, "f34": 1.6325092404628418, "f35": 1.7392857721719917, "f36": -1.4388598694082768, "f37": -0.5355494067552746, "f38": -0.08332599808045815, "f39": 1.4420846207837177, "f4": -0.48405172014935277, "f40": -0.5968464008898093, "f41": 1.8046066666306637, "f42": 1.73766322602055, "f43": -0.2565652895478925, "f44": 2.8310994234802798, "f45": -0.507489521312305, "f46": 0.23895084880787798, "f47": 0.4439682838947043, "f48": -1.6196758738180488, "f49": -1.0335377269700985, "f5": -1.07819008283928, "f50": -0.7384876877595492, "f51": 1.25378115647266, "f52": -0.4037315303982989, "f53": 0.09728167811964045, "f54": 0.9718507334326087, "f55": 0.4979849426615074, "f6": -1.0362023764011645, "f7": -0.2135936883014491, "f8": 1.8697259534527322, "f9": 1.2446289906058157}, "datetime": {"datetime": "2023-01-30 15:01:58", "elapsed": 11794.462609, "delta": 66.248649}}
{"target": 0.056391888780408454, "params": {"f0": 1.7196659694703686, "f1": 1.1359107096626964, "f10": -0.46587166610918174, "f11": 0.27125500300214767, "f12": -1.3071436236384668, "f13": -0.5989067513786676, "f14": -1.1507413742633206, "f15": 1.457500444967619, "f16": 0.5711047589840348, "f17": 0.21015926685638797, "f18": 1.364332707084459, "f19": -0.5105675581343901, "f2": -0.3587607082885585, "f20": 1.3233888049829696, "f21": 0.07620371326083095, "f22": -0.5777648427894845, "f23": 0.20899651509346706, "f24": -0.6035749081785196, "f25": -1.9458907107667813, "f26": -0.7730133632030296, "f27": 0.5720679230452392, "f28": 0.3296598220795004, "f29": 1.8304802199338899, "f3": 0.13518304830596967, "f30": -0.38175757669710864, "f31": 0.04581300684393089, "f32": 0.3118065608222298, "f33": -0.5677077912618373, "f34": 2.611585758816658, "f35": 1.9792106656076325, "f36": -1.8098375174674481, "f37": -0.22259011867733958, "f38": 0.0345314453901836, "f39": 2.9799057971822758, "f4": -0.2930486515929802, "f40": -1.5561898793490316, "f41": 2.007926219615746, "f42": 1.6197201714405967, "f43": 0.18949315613607842, "f44": 1.2334070595400124, "f45": -0.9242948775789395, "f46": 0.010893408531909898, "f47": 0.07584130270712215, "f48": -2.7968698127487976, "f49": -0.9204560137851715, "f5": -0.8860635621803732, "f50": -1.1846346764043467, "f51": 1.2278857823539877, "f52": -0.31493431045549114, "f53": -0.015878666954943083, "f54": 0.7503833276823091, "f55": 0.9338051331325475, "f6": -0.4765361977368294, "f7": -0.7432506472503089, "f8": 0.7711094833886252, "f9": 0.9256841590050229}, "datetime": {"datetime": "2023-01-30 15:02:52", "elapsed": 11849.130442, "delta": 54.667833}}
{"target": 0.23914358536239522, "params": {"f0": 2.839093275815367, "f1": 2.351299984242151, "f10": -0.035185430668066675, "f11": 0.6072282303201366, "f12": -2.92672513967952, "f13": -0.4010492593594295, "f14": -2.3262961083638602, "f15": 1.5703338077526177, "f16": 0.6746599648456085, "f17": -0.012692488158051296, "f18": 1.319090795160824, "f19": -1.1209341493516283, "f2": 0.04195745071038748, "f20": 1.5371462697642915, "f21": 0.8370122911364387, "f22": -1.5136966323037266, "f23": -0.5149289929516542, "f24": -0.6042728383822369, "f25": -2.5880405397957142, "f26": -0.9317532866361855, "f27": 0.7609852907116184, "f28": 0.4551500469368901, "f29": 1.682140866233816, "f3": 0.4297227206582788, "f30": -0.7906418299991687, "f31": 0.4698851839322503, "f32": 0.08945996096350614, "f33": -2.310347484830028, "f34": 1.0359880574883868, "f35": 2.298912202372125, "f36": -1.121023660661187, "f37": -1.0696595961920463, "f38": 0.1997779507883341, "f39": 0.7641423666574431, "f4": -0.6014450539749442, "f40": -1.3960779874340992, "f41": 1.7482829033099643, "f42": 2.7701584010296885, "f43": 0.05097868742422573, "f44": 1.325106108014789, "f45": -0.3227546558634312, "f46": -0.37105388707290415, "f47": -0.09373266353647351, "f48": -2.019338024953273, "f49": -0.3123937417576468, "f5": -1.0870642240164974, "f50": -1.7976860946765054, "f51": 0.2684986381643667, "f52": -0.8544667459153099, "f53": -0.10275486981060433, "f54": 0.5237844222331194, "f55": 0.6159909749257783, "f6": -0.5187897467377336, "f7": -0.5551309628326689, "f8": 1.3243209546415744, "f9": 1.6429552659927193}, "datetime": {"datetime": "2023-01-30 15:02:54", "elapsed": 11850.288635, "delta": 1.158193}}
{"target": 0.38339044066258743, "params": {"f0": 1.6636966298254168, "f1": 1.670125450401153, "f10": -0.3976887114196622, "f11": -0.08087682306411306, "f12": -2.5755367566083267, "f13": -0.36495322507695094, "f14": -2.834543686538727, "f15": 0.42632721237639637, "f16": 1.0671876583932929, "f17": -0.2250758758872642, "f18": 1.0594359561831819, "f19": -0.7189963885454629, "f2": -0.4056479762649206, "f20": 1.0876049136531873, "f21": 0.2587596865915499, "f22": -0.7791742558237277, "f23": -0.4449344107655122, "f24": -2.8915858779786006, "f25": -0.9521188816181716, "f26": -1.2547644626195655, "f27": 0.09285859682304115, "f28": 0.45441562269502433, "f29": 1.955220395675816, "f3": 0.11351588970617704, "f30": -0.4908202868575755, "f31": -0.0017820226058032629, "f32": 0.2007717493476014, "f33": -2.2849612046933183, "f34": 1.6127419078876906, "f35": 2.5910644249113974, "f36": -0.8965578732116892, "f37": -1.104299914653592, "f38": 0.004036759456464534, "f39": 1.5622551110139478, "f4": -0.17424602445731252, "f40": -1.2934972748052063, "f41": 1.8413138072413533, "f42": 1.7382315417384124, "f43": -0.19606860938963078, "f44": 2.6386150434329916, "f45": -0.8023024253640866, "f46": -0.10735644380086484, "f47": -0.06352226930974178, "f48": -1.613027014670915, "f49": -0.3844185868073845, "f5": -1.2246330767576497, "f50": -1.733092069507467, "f51": 1.0226781564161136, "f52": -0.9981016055990171, "f53": 0.03184757028334151, "f54": 1.556181841883153, "f55": 0.769001283101838, "f6": -0.4847896297951122, "f7": -0.3925910417726445, "f8": 2.1825156563049264, "f9": 2.1969486099528606}, "datetime": {"datetime": "2023-01-30 15:04:21", "elapsed": 11938.138821, "delta": 87.850186}}
