{"target": 0.06199951778573569, "params": {"f0": 2.6400532336030618, "f1": 0.5263064374302852, "f10": -0.577979428560223, "f11": 0.3316250589594329, "f12": -1.0159877931530896, "f13": -0.9741197811234725, "f14": -0.5609076876459662, "f15": 0.5771040400120171, "f16": 0.4842980854611909, "f17": -0.29620521362143837, "f18": 2.7095290839415225, "f19": -1.1691769904718958, "f2": -0.431366666045667, "f20": 1.1918073644121885, "f21": 0.31633426823336314, "f22": -0.7216592884401877, "f23": 0.2510614496617787, "f24": -0.5595104234417505, "f25": -2.234316385189422, "f26": -1.6518842124163884, "f27": 0.7223068840454155, "f28": 0.04095759147445849, "f29": 1.640007041029611, "f3": 0.24784441814917485, "f30": -0.3099288772354971, "f31": 0.14534969986239385, "f32": 0.12428730049991307, "f33": -2.1914010611707786, "f34": 2.3742090320959814, "f35": 2.2264907860940477, "f36": -0.9253197803625293, "f37": -0.36708360823222796, "f38": 0.2551117420771872, "f39": 0.8028619241259436, "f4": 0.013184437988942865, "f40": -0.8203745326687357, "f41": 1.589182535729622, "f42": 2.3488500050703154, "f43": -0.14852785692524978, "f44": 1.498543727296686, "f45": -0.6298019987287339, "f46": -0.1585508498181059, "f47": 0.035915254759295565, "f48": -2.8917655120143007, "f49": -0.7139339673404087, "f5": -0.8395141600316398, "f50": -0.8821835805184346, "f51": 0.4926740025438599, "f52": -1.0688072173105596, "f53": -0.1020264018325723, "f54": 1.110652522529079, "f55": 1.4310887901784282, "f6": -1.207582031105101, "f7": -0.35653458282135625, "f8": 0.5227008614673136, "f9": 0.9287049367223261}, "datetime": {"datetime": "2023-01-30 14:39:16", "elapsed": 10433.074779, "delta": 121.980288}}
{"target": 0.23914358536239522, "params": {"f0": 1.1165957926087609, "f1": 1.8903417178235, "f10": -0.5157243003461167, "f11": 0.01757359938396677, "f12": -1.8488383535593647, "f13": -1.2980699379869394, "f14": -2.4122830169190994, "f15": 1.4086890176857563, "f16": 0.833811067873937, "f17": 0.042796475667145395, "f18": 2.3716562573414564, "f19": -0.42682431056277426, "f2": -0.6088372383710052, "f20": 1.7485164203414854, "f21": 0.1712129572270426, "f22": -0.37270858230217696, "f23": 0.1816637934093267, "f24": -0.9217490223041613, "f25": -0.7809029212713281, "f26": -1.6579704755090532, "f27": 0.9054383159680812, "f28": 0.3348345171644803, "f29": 1.3217438156210723, "f3": 0.1781617522581535, "f30": -0.9914214897381757, "f31": -0.11454682380696747, "f32": 0.08328751873934548, "f33": -1.1880720198505654, "f34": 1.3236633495790666, "f35": 0.7698841706830295, "f36": -0.6114801721822543, "f37": -0.9746125846032796, "f38": 0.3486835040148865, "f39": 1.711850552076811, "f4": -0.12219582808382246, "f40": -0.6765931963345375, "f41": 0.5907626284993399, "f42": 1.927685058976972, "f43": -0.23950243537929444, "f44": 2.4270253250084917, "f45": -0.2937652345252878, "f46": 0.11710158542034022, "f47": 0.07467563568222342, "f48": -1.0177920278191421, "f49": -1.377971422191419, "f5": -0.7578969072769275, "f50": -1.5009608155337617, "f51": 1.1452064650212999, "f52": -0.6976635721672154, "f53": 0.40986787873522995, "f54": 1.9645145082227244, "f55": 1.515616121665363, "f6": -1.2660385458051509, "f7": -0.1565200963482979, "f8": 0.8338124443497931, "f9": 1.2778889285496282}, "datetime": {"datetime": "2023-01-30 14:39:17", "elapsed": 10434.091636, "delta": 1.016857}}
{"target": 0.11383363335885455, "params": {"f0": 1.5279459674699192, "f1": 1.1753473379437362, "f10": 0.03827150872648799, "f11": 0.5282457727118965, "f12": -0.6995564353020325, "f13": -0.7106598816398787, "f14": -2.3361070757480293, "f15": 0.9585781343350193, "f16": 1.3941522220905769, "f17": -0.39248115284816415, "f18": 1.2382106060585296, "f19": -1.0370804712787327, "f2": -0.4341604959381499, "f20": 1.6549404987707736, "f21": 0.275743873569268, "f22": -0.7400141250098281, "f23": -0.37519369404779296, "f24": -0.9500370869801515, "f25": -2.6509825811086993, "f26": -1.6950843735827426, "f27": 0.9865102637905449, "f28": 0.3490597933304125, "f29": 0.7470310926827415, "f3": 0.1278581233669973, "f30": -0.40316903764429024, "f31": 0.3947882202304889, "f32": 0.8087892187052188, "f33": -1.5667421855947319, "f34": 2.9936971260067318, "f35": 1.3255559581259335, "f36": -0.5705901349445652, "f37": -1.080065582868623, "f38": 0.07798811784619258, "f39": 1.0866862403547, "f4": -0.622942105713884, "f40": -1.6967172933771728, "f41": 1.803145564784923, "f42": 1.8544989777518412, "f43": -0.4171555549424224, "f44": 1.636146138842447, "f45": -0.593620667504897, "f46": -0.09180029475622731, "f47": 0.7681392171829194, "f48": -2.5613377188789017, "f49": -0.8245367661459814, "f5": -0.6398632580481216, "f50": -1.2524968612601555, "f51": 0.5512595283133117, "f52": -0.7621320118075751, "f53": 0.12580406657432103, "f54": 1.788569215170322, "f55": 0.7631487231680169, "f6": -0.5630537632045898, "f7": -0.471730682547044, "f8": 2.1041447785657224, "f9": 0.5715399264912611}, "datetime": {"datetime": "2023-01-30 14:41:00", "elapsed": 10536.702258, "delta": 102.610622}}
{"target": 0.2139995361713155, "params": {"f0": 1.7359974389101842, "f1": 0.8940891640113775, "f10": -0.06316398099201825, "f11": 0.7890999562268259, "f12": -1.9240062992441198, "f13": -0.7460791924003871, "f14": -1.9182745633452782, "f15": 0.7580444416889581, "f16": 0.5407512567149599, "f17": -0.17195639479674613, "f18": 2.4504230541365875, "f19": -0.9484983460182096, "f2": -0.09209836264711291, "f20": 0.6542148614435528, "f21": 0.39095611951440307, "f22": -0.33740864130700143, "f23": -0.39339371858866257, "f24": -1.5792017129720242, "f25": -2.0087058499121637, "f26": -2.115684084355753, "f27": 0.6930432990779688, "f28": -0.053462438757874736, "f29": 0.5414100870730046, "f3": -0.03631805110327546, "f30": -1.1310504470222735, "f31": 0.4125257180534625, "f32": 0.30821799015382656, "f33": -1.1568980934358883, "f34": 2.8161924094096924, "f35": 2.2073842843788825, "f36": -1.154356114706692, "f37": -0.9947724103598385, "f38": -0.1674200734892002, "f39": 0.8197641781342319, "f4": -0.3221849800714053, "f40": -0.583301027853601, "f41": 1.1474358663706659, "f42": 1.7626406656774745, "f43": -0.44297202688199755, "f44": 0.9809765810136164, "f45": -0.18246140018428036, "f46": -0.20829083192824271, "f47": 0.09766054545174212, "f48": -2.987241658636075, "f49": -0.3542873803113735, "f5": -0.9441155877741703, "f50": -0.812479999423009, "f51": 0.5992382960258715, "f52": -0.6007345901069303, "f53": 0.5164286734116639, "f54": 1.891649731280141, "f55": 0.9633487860048772, "f6": -1.9740837973899286, "f7": -0.75331507223314, "f8": 0.4622791297590176, "f9": 2.772620626091702}, "datetime": {"datetime": "2023-01-30 14:41:52", "elapsed": 10588.558463, "delta": 51.856205}}
{"target": 0.11825703717248259, "params": {"f0": 0.594615758683703, "f1": 1.6938910463317995, "f10": -0.00856359967384146, "f11": 0.6829162893883532, "f12": -2.847518686457345, "f13": -1.0304959282842803, "f14": -2.5053676971739356, "f15": 0.9375861114169157, "f16": 1.052508085129528, "f17": -0.37751335077658055, "f18": 2.573957325917272, "f19": -0.9869873431710959, "f2": -0.3301452350620184, "f20": 1.5188335620287183, "f21": 0.7595730600860613, "f22": -1.1176023352579059, "f23": -0.09676037434471174, "f24": -0.5797755584038726, "f25": -1.0152949897897325, "f26": -2.181004899127646, "f27": 0.8916769438444099, "f28": 0.4445859966254835, "f29": 1.9226039859427195, "f3": -0.04555090695619218, "f30": -1.234873869874681, "f31": -0.07063399570984513, "f32": 0.31827521560206445, "f33": -2.609004670860415, "f34": 2.295333505609819, "f35": 1.129875617564677, "f36": -2.0787464307816794, "f37": -0.9788435874723402, "f38": -0.16996924636157082, "f39": 1.3906110624492878, "f4": 0.03547169869521516, "f40": -1.5764394986334551, "f41": 1.0928103947908903, "f42": 2.878557004793472, "f43": 0.028154611211033354, "f44": 1.3561296873760695, "f45": -0.6852846611187455, "f46": -0.24338939796058218, "f47": -0.07251800885222381, "f48": -1.7036491125504711, "f49": -0.7839136929208422, "f5": -0.9028203658553426, "f50": -1.3320566382425, "f51": 0.6198495062717465, "f52": -0.37799817862399154, "f53": 0.572538023683067, "f54": 2.0046134331675995, "f55": 0.6347394828493952, "f6": -1.0774223206762066, "f7": -0.051574748089207256, "f8": 1.1706801574921333, "f9": 1.5484499908180873}, "datetime": {"datetime": "2023-01-30 14:43:11", "elapsed": 10667.957135, "delta": 79.398672}}
{"target": 0.524725447575395, "params": {"f0": 2.5377590464234276, "f1": 2.2452189712576938, "f10": -0.38057388027896916, "f11": 0.3782146725422412, "f12": -2.7379344465962276, "f13": -0.9867746512291342, "f14": -1.0528140572030427, "f15": 1.3868905194114136, "f16": 0.6015523785727881, "f17": 0.1422610897269594, "f18": 1.3582030922939918, "f19": -0.4593835717899468, "f2": -0.42133857473729697, "f20": 1.3198055507539665, "f21": 0.49830822369347727, "f22": -1.1585513634339633, "f23": -0.4987159876222065, "f24": -2.0632822107896933, "f25": -2.443266030602559, "f26": -2.501964468660232, "f27": 0.39117924462840004, "f28": -0.032778790176882344, "f29": 1.0496252056176174, "f3": -0.1228475536469687, "f30": -1.4845612631542078, "f31": -0.09110285751980549, "f32": 0.45255815096339463, "f33": -2.342140283024592, "f34": 0.7862177286001399, "f35": 2.3006183192448963, "f36": -1.6221421297488736, "f37": -0.3296640470488956, "f38": 0.10872425294760196, "f39": 1.3022313500515423, "f4": -0.34509709856852927, "f40": -1.6788136173471566, "f41": 1.9994882248025392, "f42": 2.45117624374419, "f43": -0.29778574611619313, "f44": 1.0881718118685089, "f45": -0.9220580272485781, "f46": 0.20859518761542806, "f47": 0.3675569189025449, "f48": -0.6206172141733508, "f49": -0.4422505495391964, "f5": -0.28416270474002636, "f50": -1.939853446981556, "f51": 0.9746790945966697, "f52": -1.0877626315514521, "f53": 0.5682196038389495, "f54": 0.997975651229748, "f55": 1.120818794388696, "f6": -1.484919738114544, "f7": -0.7888317104890108, "f8": 0.8913770177649982, "f9": 2.332422396471051}, "datetime": {"datetime": "2023-01-30 14:44:42", "elapsed": 10758.57065, "delta": 90.613515}}
{"target": 0.1580092128908486, "params": {"f0": 1.5313164489976212, "f1": 2.377223088327374, "f10": -0.6949729408200659, "f11": 0.2983801552256844, "f12": -2.8758005896230716, "f13": -0.7854273921763972, "f14": -2.8210553943300716, "f15": 1.211587877451805, "f16": 0.7604541748676381, "f17": -0.45625638865717766, "f18": 0.9115353506147075, "f19": -0.723669239611658, "f2": -0.17551678976525542, "f20": 1.0326801024811691, "f21": 0.5229231843243569, "f22": -0.8140874358234531, "f23": 0.1451227905933129, "f24": -0.5496003274411736, "f25": -2.5670975844577972, "f26": -2.4836091642611597, "f27": 0.4170469394926336, "f28": 0.34422033390334406, "f29": 1.665336402025253, "f3": 0.19440467384450572, "f30": -1.24806057557578, "f31": 0.2627095710506909, "f32": 0.515690983802227, "f33": -2.2127992314085105, "f34": 1.3894388480933366, "f35": 1.279327497408573, "f36": -1.487218574066227, "f37": -0.5130165754674545, "f38": 0.1667517190060494, "f39": 1.4771251703315484, "f4": -0.4087790460497022, "f40": -0.4018658993075306, "f41": 1.751106394792909, "f42": 1.2891859205944187, "f43": 0.09021916250546047, "f44": 1.3895513236593426, "f45": -0.32876461785191213, "f46": 0.0601018002844681, "f47": 0.4565132449626192, "f48": -2.478655061741004, "f49": -1.0006704341564974, "f5": -0.3137770653001053, "f50": -1.6320149973249305, "f51": 0.8600616045135117, "f52": -1.0652493283628333, "f53": 0.05343683027982843, "f54": 0.7366002058217842, "f55": 0.58883404691822, "f6": -1.3493205813076574, "f7": 0.006268731769437874, "f8": 0.9651940008217189, "f9": 1.4988505902613456}, "datetime": {"datetime": "2023-01-30 14:45:30", "elapsed": 10807.102588, "delta": 48.531938}}
{"target": 0.30380173027156765, "params": {"f0": 2.248928755405327, "f1": 2.0644489138923077, "f10": -0.7061025023205418, "f11": 0.2696882267814078, "f12": -2.847308665536498, "f13": -1.1487645170059082, "f14": -2.057227673774848, "f15": 1.3016523249447145, "f16": 0.9365480123906602, "f17": 0.1639015868822532, "f18": 1.5725779733256613, "f19": -0.9582020638886343, "f2": -0.4948964583881466, "f20": 0.7787789751188787, "f21": 0.8062124316103467, "f22": -0.43056344926928936, "f23": 0.049068798085096565, "f24": -2.594665989479116, "f25": -1.3418076005653201, "f26": -1.5338916394502426, "f27": 0.682860464890931, "f28": 0.16860471144772957, "f29": 1.4519810967908187, "f3": -0.17895011101888042, "f30": -1.4268465230522565, "f31": 0.5213584756941992, "f32": 0.515284716149637, "f33": -1.7233328419075975, "f34": 2.2325174146385267, "f35": 0.5588568056437696, "f36": -1.8359247489293535, "f37": -0.37434346589249856, "f38": 0.3904551042698379, "f39": 1.9897676847175347, "f4": -0.15123410764902157, "f40": -0.7635298354656683, "f41": 1.6452609068241504, "f42": 1.639975664738021, "f43": -0.33000076149671376, "f44": 2.2426790906939322, "f45": -0.9516589674249388, "f46": -0.19674129041318048, "f47": 0.544729432357262, "f48": -1.4962391193969253, "f49": -0.3226314026790049, "f5": -1.4202965482174987, "f50": -0.5889960114274715, "f51": 0.6607194125418363, "f52": -1.014603500555076, "f53": 0.06420487891522025, "f54": 0.7108333191412213, "f55": 1.154868722201667, "f6": -1.7023822987843167, "f7": -0.31379937690383386, "f8": 1.5626535054424915, "f9": 0.688337535886713}, "datetime": {"datetime": "2023-01-30 14:46:55", "elapsed": 10891.356299, "delta": 84.253711}}
{"target": 0.14032703150500825, "params": {"f0": 2.1733507935197274, "f1": 2.2293959110905917, "f10": -0.13756509456116606, "f11": 0.058466738363836215, "f12": -0.7763420614815653, "f13": -0.9360721610874199, "f14": -2.5720961888924894, "f15": 1.0065816959871128, "f16": 0.8758021181243207, "f17": -0.2124730610532239, "f18": 1.3000907470359908, "f19": -1.2727513729368145, "f2": -0.6428592905013837, "f20": 2.1680080645947446, "f21": 0.7622688841438888, "f22": -1.1209816924113536, "f23": -0.5281837531479464, "f24": -1.4484566393490237, "f25": -1.4341688357911466, "f26": -2.8733330426478907, "f27": 1.0188248762650738, "f28": 0.5713648482187341, "f29": 0.5245341088211435, "f3": 0.08964810308786575, "f30": -1.0400134135496955, "f31": 0.5371392298119599, "f32": 0.23428163359344573, "f33": -1.1740587507844342, "f34": 0.9292823940785855, "f35": 0.8068881461851499, "f36": -0.9842551627926803, "f37": -0.8437265223821737, "f38": -0.20728591211887765, "f39": 2.0560204645881273, "f4": -0.019630749728220098, "f40": -1.3015004817625817, "f41": 0.8455857322570075, "f42": 2.979893279059423, "f43": -0.44809737351309287, "f44": 1.0575736931310808, "f45": -0.20219793087443916, "f46": 0.130347796102961, "f47": 0.5500995787835165, "f48": -1.6155680353519843, "f49": -0.7414203769420286, "f5": -0.5537003008534181, "f50": -1.2708807893444933, "f51": 0.7438074486463068, "f52": -0.9223289264754695, "f53": -0.14676166186213793, "f54": 1.2585016911990468, "f55": 0.419548845283125, "f6": -1.1978545396092424, "f7": -0.1591382245228844, "f8": 0.9979604103658779, "f9": 1.1297062498456543}, "datetime": {"datetime": "2023-01-30 14:48:38", "elapsed": 10994.502785, "delta": 103.146486}}
{"target": 0.28177433839716615, "params": {"f0": 2.402684208492761, "f1": 2.2658995284241037, "f10": -0.19986526760281975, "f11": 0.562872209831645, "f12": -1.4379080434114924, "f13": -1.0396399167056067, "f14": -2.169200171138076, "f15": 1.4344874614265388, "f16": 0.6681859131941893, "f17": -0.48082859431579894, "f18": 2.210367601792538, "f19": -0.5298457551934629, "f2": -0.44598129553586235, "f20": 1.541749662185044, "f21": 0.12828712291348304, "f22": -1.0032044528851722, "f23": -0.10875263875523317, "f24": -0.73021389280385, "f25": -0.6299446387661787, "f26": -1.76505251774179, "f27": 0.4988744617158416, "f28": 0.11739836255129682, "f29": 1.7653943963208014, "f3": -0.05841182660202665, "f30": -1.350572020152007, "f31": 0.6401956579261389, "f32": 0.6875280217843842, "f33": -0.7636009626543427, "f34": 0.6828950348603269, "f35": 2.0155177291430877, "f36": -0.6694947886601286, "f37": -0.815054998318028, "f38": 0.13714011982080138, "f39": 2.039842542999903, "f4": -0.11259816555157809, "f40": -0.8935770386360291, "f41": 0.666644603150415, "f42": 0.520001563762294, "f43": -0.07804071678756436, "f44": 2.1524141816717255, "f45": -0.9903651838226616, "f46": 0.17020004507216924, "f47": 0.753749109932382, "f48": -2.9233585355295824, "f49": -0.5495208378760488, "f5": -1.1903240953546528, "f50": -0.7763260075245786, "f51": 0.9911373706803528, "f52": -0.774815316968219, "f53": 0.4095210283536344, "f54": 1.264716089240122, "f55": 0.5001011208026371, "f6": -1.2804404774607563, "f7": -0.06506237431900341, "f8": 0.5814032764955792, "f9": 2.276566582634574}, "datetime": {"datetime": "2023-01-30 14:49:31", "elapsed": 11048.09826, "delta": 53.595475}}
{"target": 0.0903366899874057, "params": {"f0": 1.7415367021582298, "f1": 0.49908317601697444, "f10": -0.3823160502157455, "f11": 0.5440010093493467, "f12": -1.8244636241182883, "f13": -0.5871795776352882, "f14": -2.6968244409585846, "f15": 0.9164404806549398, "f16": 1.2508879574200107, "f17": -0.3874903317168748, "f18": 2.97214093473509, "f19": -1.1283881822333965, "f2": -0.08771152482926914, "f20": 2.255548087651154, "f21": 0.4770274221838794, "f22": -0.37095052418639396, "f23": 0.20109877733291348, "f24": -0.7442711161082141, "f25": -0.5610284510229113, "f26": -2.056017234044609, "f27": 0.2953085464546281, "f28": 0.31870599409922395, "f29": 0.5982034661792378, "f3": -0.10470396643799046, "f30": -1.2755587368062593, "f31": 0.024995721404926452, "f32": 0.5965584079147681, "f33": -2.382578943095698, "f34": 2.681959299309704, "f35": 2.923487686912006, "f36": -0.9582155188551902, "f37": -0.32444599028605703, "f38": -0.030535641328430785, "f39": 1.4402424806134335, "f4": -0.5488101437769028, "f40": -1.2651352667787001, "f41": 0.8271020180034052, "f42": 2.9095945896950868, "f43": -0.45146591289934035, "f44": 2.140151921883183, "f45": -0.456328175741625, "f46": -0.2822302071476147, "f47": 0.5669401567522968, "f48": -2.6240989506466517, "f49": -1.1236433587927568, "f5": -0.7095473925353137, "f50": -0.8285637100173504, "f51": 0.7125284270725789, "f52": -1.0553654050130439, "f53": 0.3340035226532813, "f54": 0.6842930470847544, "f55": 0.5119397853967189, "f6": -1.5492485170056705, "f7": -0.5862975034702763, "f8": 0.5110370490636663, "f9": 2.1132651505396423}, "datetime": {"datetime": "2023-01-30 14:49:33", "elapsed": 11049.262918, "delta": 1.164658}}
{"target": 0.524725447575395, "params": {"f0": 1.592263906967879, "f1": 1.0155450389859224, "f10": 0.030840128405251743, "f11": 0.43590045028544144, "f12": -1.738793027442693, "f13": -0.3638966567584696, "f14": -0.6744274780936559, "f15": 1.566105902375145, "f16": 0.8649433739284813, "f17": 0.004589442123864029, "f18": 0.9640485176078822, "f19": -0.36952293134341363, "f2": -0.2433380735035452, "f20": 1.7444194115109273, "f21": 0.1529709970932932, "f22": -0.3318621964721826, "f23": 0.14626440348368308, "f24": -0.7472601457510377, "f25": -1.7961612094319825, "f26": -2.6207676254018804, "f27": 0.569104170941118, "f28": 0.34022496717613837, "f29": 0.9929524643730803, "f3": -0.20047948663241816, "f30": -0.9272579250597578, "f31": 0.516792656879592, "f32": 0.7179516937355541, "f33": -1.1349671878824448, "f34": 1.5796500345580151, "f35": 1.390221870432856, "f36": -1.4922323411351504, "f37": -0.18579331290888823, "f38": -0.025824308916407523, "f39": 2.2906256387575006, "f4": -0.7893511659813234, "f40": -1.599655731945708, "f41": 0.6149623220784124, "f42": 2.04588630814051, "f43": -0.3777783741907263, "f44": 1.8241977195826615, "f45": -0.9656814255484834, "f46": -0.22500871591870378, "f47": 0.6584655013770738, "f48": -1.2865512754992423, "f49": -0.6828662610216484, "f5": -0.33695320676142493, "f50": -0.6434750132039668, "f51": 1.2531868274000773, "f52": -0.8893669511408246, "f53": -0.13871588856606526, "f54": 1.6767280557417905, "f55": 1.3543607133464708, "f6": -0.8828819536968615, "f7": -0.7496856029443163, "f8": 0.9555304632708217, "f9": 2.6786506055621637}, "datetime": {"datetime": "2023-01-30 14:49:34", "elapsed": 11050.296863, "delta": 1.033945}}
{"target": 0.09490346281532759, "params": {"f0": 2.682712909996878, "f1": 1.0888892024010217, "f10": -0.6809338885235974, "f11": 0.1529658419556451, "f12": -1.4718715395617599, "f13": -0.7226420058874528, "f14": -2.559356314495759, "f15": 0.6173775661220509, "f16": 0.544541823877698, "f17": -0.2708608427303302, "f18": 0.8888348411971119, "f19": -0.9299576916168283, "f2": -0.7607914700956439, "f20": 0.8858298275346903, "f21": 0.6224657446228968, "f22": -0.7621595186323477, "f23": 0.018757023809075513, "f24": -2.7571399601838893, "f25": -1.279524453142354, "f26": -2.516938628202301, "f27": 0.3486865261224353, "f28": 0.1603609346029147, "f29": 0.9242451856207072, "f3": 0.3109305637050129, "f30": -0.4631937111624904, "f31": -0.041483646628932766, "f32": 0.5880256797968795, "f33": -2.1955322919212876, "f34": 2.8849870647199203, "f35": 1.7101265892820885, "f36": -1.8173955300841356, "f37": -0.4303688257881182, "f38": 0.3559591593779739, "f39": 0.7996141116764766, "f4": -0.6639342776130911, "f40": -1.6885679126081776, "f41": 1.6204910970067585, "f42": 2.0681857053725956, "f43": -0.36012669196117664, "f44": 1.1570490249472123, "f45": -0.38461694373342015, "f46": 0.354203231484991, "f47": 0.21796856803029557, "f48": -1.2642007067448975, "f49": -0.6453773721783851, "f5": -0.7149418186330705, "f50": -1.8005626438403564, "f51": 0.7232973891500922, "f52": -0.5521109092407351, "f53": 0.5769826557398203, "f54": 1.7744653200067058, "f55": 0.4477407937540593, "f6": -1.4988499402972693, "f7": -0.5355293975905013, "f8": 1.4644812692991702, "f9": 1.2744978505395075}, "datetime": {"datetime": "2023-01-30 14:51:12", "elapsed": 11148.581521, "delta": 98.284658}}
