{"target": 0.26192009033360336, "params": {"f0": -2.4357990979020356, "f1": -0.22056547423455397, "f10": -2.9544329739945496, "f11": 2.099636975487276, "f12": -0.15264188182257232, "f13": -2.8354285253592204, "f14": -0.33056405930991084, "f15": 2.9490967728189728, "f16": -2.5190727043816543, "f17": -0.9680512127736933, "f18": -1.3747420755338562, "f19": 1.5777392507361996, "f2": 1.8250621961180487, "f20": -2.2703924489258855, "f21": -2.831889867398553, "f22": 0.3787979653131832, "f23": 0.857551657371191, "f24": 0.896193142127832, "f25": -0.6929740834791098, "f26": 2.0461342792290655, "f27": 0.7915933255428935, "f28": -0.6605038887082033, "f29": -1.9490911195378577, "f3": 1.8944052824314759, "f30": -1.0189288863017567, "f31": -1.6658755846242184, "f32": 1.2554876486478521, "f33": -1.5367020746651687, "f34": 0.3763548684286564, "f35": -2.0005742398480537, "f36": 2.638482415949631, "f37": -0.12544530413092936, "f38": -2.106780752062174, "f39": 0.2629865683080532, "f4": 0.9503060147684068, "f40": -0.04178820455477483, "f41": 2.173748447693821, "f42": 1.531608008454619, "f43": -1.895808295986153, "f44": -1.7898260686652705, "f45": -0.9758011163768028, "f46": -0.3800398199323922, "f47": -0.08605920733276262, "f48": -1.9874147210021058, "f49": -0.21127840208108983, "f5": -0.42151200386386556, "f50": -0.8481278397788765, "f51": 0.9138039416147372, "f52": 0.07103150661242652, "f53": -1.412299615750279, "f54": -0.8208217200946992, "f55": -0.9964592351945896, "f6": -1.3067843582806917, "f7": -0.795175596608444, "f8": 1.0221563080086367, "f9": 1.1096048456165293}, "datetime": {"datetime": "2023-02-03 14:51:45", "elapsed": 586.843643, "delta": 53.720368}}
{"target": 0.29036218267959507, "params": {"f0": 0.9586104643731383, "f1": 0.7147709750382241, "f10": -0.7661150514076924, "f11": -0.38003061440595365, "f12": 1.3545428216560094, "f13": 1.108422003205038, "f14": 0.6266100465797784, "f15": 0.45159479889336085, "f16": -2.100375927467067, "f17": -2.1719618488309544, "f18": -2.3093079571910646, "f19": 1.6828367890984706, "f2": 0.043311812591218635, "f20": -0.8607656666561452, "f21": 0.38816289564077966, "f22": 1.5321921430747742, "f23": 1.327458653051379, "f24": 1.0175556967983168, "f25": -2.066934356392613, "f26": -0.4971158055916506, "f27": -1.0051633485011369, "f28": -1.6942518604297212, "f29": -2.1293420744468374, "f3": 1.3344375546129246, "f30": 0.19014317144167014, "f31": -0.7589264130213578, "f32": 0.9528493100164421, "f33": -2.772795302104054, "f34": 1.8756010657169173, "f35": -2.261902094687361, "f36": 0.7765955230324617, "f37": -0.6047139334825893, "f38": -1.3521703668426674, "f39": -0.9649376981884471, "f4": -0.5865798716216538, "f40": -0.7520715348297782, "f41": 0.9935253355853508, "f42": 2.3095434407176088, "f43": -1.5451417369401181, "f44": -1.7593557488676832, "f45": -0.9300468463665958, "f46": 0.8554230878741871, "f47": -0.06958753609530222, "f48": -0.5595216847293911, "f49": 0.5426524012877838, "f5": 0.22461072661320536, "f50": -2.1103692002931185, "f51": 1.2444079234542538, "f52": 0.08754175071209125, "f53": -0.0967508615932835, "f54": -0.027199290236911366, "f55": -0.5085001626267638, "f6": -0.5313399594351327, "f7": 1.1189996880882593, "f8": 0.11945046481908794, "f9": 1.696167250902281}, "datetime": {"datetime": "2023-02-03 14:53:18", "elapsed": 679.848586, "delta": 93.004943}}
{"target": 0.21891690007580636, "params": {"f0": -0.5935699651112757, "f1": -0.7963448187901971, "f10": -0.7647225679266352, "f11": 0.3296330333184532, "f12": 1.831606154252875, "f13": 2.746662124574149, "f14": -1.056467651393281, "f15": 1.8266906619621635, "f16": -0.4212135267848365, "f17": 0.045346059517175075, "f18": 0.7087055440853747, "f19": -0.15213392041145224, "f2": -0.8431347123843917, "f20": 0.07669846551227799, "f21": -0.11353404795696376, "f22": 1.3365275262664185, "f23": 1.4016505110823962, "f24": 1.1682033870358304, "f25": -2.4512532155496163, "f26": -0.2039337281481841, "f27": -1.421838902889173, "f28": 0.4770149141962552, "f29": 0.2399481842074005, "f3": -0.8100754024192298, "f30": 1.3028967591180902, "f31": -1.406511682690818, "f32": 1.1973783163650014, "f33": -1.8962860235882701, "f34": -0.839562668305818, "f35": 0.1473659268797034, "f36": 2.3481978071105734, "f37": -1.407788178689394, "f38": -1.0527539088504063, "f39": -2.874146668207746, "f4": -0.32773570970727084, "f40": -2.379810688890549, "f41": 1.3404625495457656, "f42": 2.5756884128277338, "f43": 0.529902585655806, "f44": -0.06039726712405491, "f45": -1.8121602881458843, "f46": 1.3532668800084482, "f47": 0.8249488993624381, "f48": -0.45593422015766105, "f49": -0.5777135690028806, "f5": -0.6048121318621814, "f50": -0.9438778761595139, "f51": 1.0221484258156648, "f52": 0.8230699863628177, "f53": 0.4473073609195357, "f54": 1.498408495838205, "f55": 1.163413119648132, "f6": -0.6131695364843879, "f7": 2.400972902613387, "f8": 0.059902202317365205, "f9": -0.06835561303272142}, "datetime": {"datetime": "2023-02-03 14:53:44", "elapsed": 706.019732, "delta": 26.171146}}
{"target": 0.2112053800691762, "params": {"f0": 1.3019305240433652, "f1": 0.1673803745645588, "f10": 0.6240173480753572, "f11": 0.06268345009425214, "f12": 1.3034705457164786, "f13": 1.4082713162727185, "f14": 0.06839159274829165, "f15": -0.7009551921021263, "f16": -2.4969982524000107, "f17": -0.5254013809969433, "f18": -2.4151957880125847, "f19": 0.3455616128138448, "f2": -0.29553251971553385, "f20": -2.8106523018952925, "f21": 0.7854747784229699, "f22": -0.7798799869266813, "f23": 1.7492370316774386, "f24": 1.4773547103331421, "f25": -0.7378536838714758, "f26": -0.2948827391261599, "f27": -0.9164626584768887, "f28": 0.5645855730791296, "f29": -1.4821693996902834, "f3": 1.5792792289957542, "f30": -0.2888307325956123, "f31": -2.1048144268009947, "f32": -0.1278930123074421, "f33": -1.0299363845921499, "f34": 0.044968114226307865, "f35": -0.84122282686441, "f36": -0.5055647175798207, "f37": -1.514971355240023, "f38": -1.190137833528314, "f39": -0.39367026740990774, "f4": -1.2162801710619449, "f40": 0.5695003811652439, "f41": 1.011769691659905, "f42": -0.29556841783373033, "f43": -1.939920902775119, "f44": -2.5059219502933123, "f45": -2.04455938555141, "f46": 1.5653968538206322, "f47": 0.8400458886282371, "f48": 1.0840974112917863, "f49": -0.5858943302943109, "f5": -1.206044629360143, "f50": -2.5636015574243807, "f51": 0.43806893020941473, "f52": 0.38062964475843875, "f53": -0.4336285820970467, "f54": -0.24783302803516705, "f55": 1.0212504857487286, "f6": -1.9676071115838683, "f7": 2.526474851853619, "f8": -0.5123447267447946, "f9": 1.8104914046834013}, "datetime": {"datetime": "2023-02-03 14:55:28", "elapsed": 810.134448, "delta": 104.114716}}
{"target": 0.18731122784585633, "params": {"f0": -0.48427116024226, "f1": 0.5019067040069347, "f10": -2.231003593143223, "f11": -1.3479199540841877, "f12": 1.7538195196086532, "f13": 2.445298323350017, "f14": -0.49344224054157315, "f15": 1.3813479117276535, "f16": -1.8596025874398936, "f17": 0.5835559138098048, "f18": -1.8214196507471492, "f19": 1.5590443885490308, "f2": -1.2326247673062556, "f20": 0.11069002224724045, "f21": 0.5024799304279826, "f22": 0.12102090482108951, "f23": 0.24042409405643062, "f24": 0.3865024788184832, "f25": -2.081449055815394, "f26": -0.09628982170954448, "f27": -0.24634388576803223, "f28": -1.0688491850310013, "f29": -1.3550415752079525, "f3": -0.34240491991582733, "f30": 0.6321109350527343, "f31": -1.1928537887914175, "f32": 2.0805286465486024, "f33": -1.8997692493865215, "f34": -0.8963482295205142, "f35": -2.444960161321306, "f36": 1.5495594029078101, "f37": -0.9834749457488114, "f38": -0.738373879605458, "f39": -2.516049213768606, "f4": -1.0944469588396593, "f40": -2.29217411562559, "f41": 0.34760059004410304, "f42": 2.282036541894395, "f43": -1.4749750324099582, "f44": 0.020785352294582005, "f45": 0.7050571486260897, "f46": 2.034124713487631, "f47": 1.035074677212412, "f48": -0.9819541983245705, "f49": 2.0267718239995203, "f5": 0.8301969281687127, "f50": -0.8053906987359754, "f51": 2.8949488152175853, "f52": 0.6185318454109285, "f53": 0.4022001637048618, "f54": 0.2672014442467152, "f55": -0.31840948016552173, "f6": -0.600714200069379, "f7": -0.03758063778231868, "f8": -0.9171933353722836, "f9": 2.0548205828302377}, "datetime": {"datetime": "2023-02-03 14:57:02", "elapsed": 903.709039, "delta": 93.574591}}
{"target": 0.34891371967973633, "params": {"f0": -0.8125235340390818, "f1": 1.7740525961594198, "f10": -2.39148860647373, "f11": -1.1184516547165253, "f12": 2.454921111920628, "f13": -1.0053299526963475, "f14": 2.1019581735180446, "f15": -0.7523439175204532, "f16": -1.936283798915152, "f17": -0.15414514793557554, "f18": -2.2419648309174494, "f19": 0.7890479068565102, "f2": -0.7442752488339424, "f20": 0.8375397894786629, "f21": -0.1436326967552657, "f22": 2.568465186721504, "f23": 1.258836652666438, "f24": 0.45241996606489576, "f25": -1.6202157759477234, "f26": -0.8314641773233222, "f27": -2.8774292998369666, "f28": -2.5079047061984783, "f29": -0.8982660619122105, "f3": 0.9393639714974049, "f30": 0.9114994206161491, "f31": -0.8668390359194507, "f32": 1.891680296483793, "f33": -2.565489169654334, "f34": 2.5639174446124073, "f35": -1.7995842713281491, "f36": -0.13839882107597812, "f37": -1.889659778438117, "f38": -0.21953099763017914, "f39": -2.858144723739024, "f4": -0.0849057613941655, "f40": -0.10451378585263349, "f41": 0.03661861192398108, "f42": 1.6149164626509926, "f43": -2.923419793205259, "f44": -2.077270041103768, "f45": 0.08582949632706516, "f46": 1.1725217964762942, "f47": 0.1349778304599687, "f48": -0.7166534090382064, "f49": -0.7188452540711969, "f5": 0.7192841669572676, "f50": -1.1558959500598682, "f51": 2.964065656856492, "f52": 0.2922158246084676, "f53": 1.1693554339611254, "f54": -1.1906703117071964, "f55": 0.05616287106139595, "f6": -0.44070285037330303, "f7": 0.21446984463141483, "f8": -0.06721998924558314, "f9": 0.13148128556014105}, "datetime": {"datetime": "2023-02-03 14:59:51", "elapsed": 1072.520882, "delta": 168.811843}}
{"target": 0.17382513371697253, "params": {"f0": -0.10119005194652742, "f1": -0.6662339534980541, "f10": 0.8633908384732742, "f11": -2.504202103233216, "f12": 1.0082535556325078, "f13": 0.4742299068612157, "f14": -0.7552250064935628, "f15": -0.36210134361828317, "f16": -2.8484796544432607, "f17": 0.5415041001710494, "f18": -1.1391774849101637, "f19": 1.9855357349380478, "f2": 0.7631383300371599, "f20": 1.777021591639039, "f21": 0.5741947397749039, "f22": 2.1015688575784566, "f23": 2.412646335980593, "f24": 1.180398498104138, "f25": -1.7380137771813187, "f26": 0.05185199106478677, "f27": -1.7096975042963638, "f28": 0.46241717758838785, "f29": -1.5658985749480983, "f3": 2.2541439928598126, "f30": 2.296208122752056, "f31": -1.6803215413193946, "f32": 1.1522408354293094, "f33": -1.2741198698108673, "f34": 1.7569491407864355, "f35": -0.5786089592958623, "f36": 0.5106928449471562, "f37": -2.812307466240792, "f38": -0.8340392036189616, "f39": 0.8147595104668213, "f4": -0.08445602738983116, "f40": 1.058198091058037, "f41": -1.0691783723580428, "f42": 0.5614971344128844, "f43": -2.868396070711909, "f44": -0.39003404232482275, "f45": 1.2151905804133574, "f46": 2.488970879144513, "f47": 0.3838803575348839, "f48": -0.37965999939589956, "f49": -1.5138500422793033, "f5": -0.8936838515632608, "f50": -2.3013677115902005, "f51": 1.2744902741115052, "f52": 1.1178846673807858, "f53": 1.2624527033718516, "f54": -2.1466955934186767, "f55": 0.1670524174622965, "f6": -1.852107606204309, "f7": 0.45876173541595544, "f8": -0.3428440213760937, "f9": 1.0795125301972384}, "datetime": {"datetime": "2023-02-03 15:02:04", "elapsed": 1206.159051, "delta": 133.638169}}
{"target": 0.27049656638374, "params": {"f0": 0.4367341318700504, "f1": 1.1781319253494233, "f10": -0.5592154632300899, "f11": -0.6087320665617248, "f12": 2.093344504467487, "f13": 0.7474242496900385, "f14": 1.3666820464992187, "f15": 0.18181506342022846, "f16": -0.491323122653025, "f17": 0.315273686661796, "f18": -0.3488568229330662, "f19": 0.12068042682611335, "f2": -0.8776094277095465, "f20": -0.3579639266376319, "f21": -0.5604194985462271, "f22": 2.261113015241208, "f23": 0.22722917838388546, "f24": 0.9506143939401461, "f25": -2.951789338313889, "f26": 0.4001866218682717, "f27": -1.188718218107378, "f28": -1.7373613864367086, "f29": 0.7454829194880106, "f3": 0.7198346948516593, "f30": 1.323001852501775, "f31": 0.15424521537564706, "f32": 0.03337077105734143, "f33": 0.26202729263040725, "f34": 1.8121526497070848, "f35": -0.7910851125912921, "f36": -1.3569510367235191, "f37": -2.2882087918210914, "f38": -0.6947750800849306, "f39": -0.6203492337844416, "f4": -1.4024356489489311, "f40": 0.3247512827158052, "f41": 1.1474469448380493, "f42": 0.7286782764760024, "f43": -0.3672562297661024, "f44": -1.9681604617903918, "f45": -1.2667624826488464, "f46": -0.8159378957309058, "f47": -0.323815380456282, "f48": -1.6659192446050668, "f49": -0.9696004423091151, "f5": -0.16739707038435414, "f50": -1.6946938973001835, "f51": 1.5096521527804012, "f52": -0.48456782957928457, "f53": 2.430387065525245, "f54": -1.7636817911427174, "f55": -0.27331932936416203, "f6": -0.7595549232077003, "f7": -1.0654037810374475, "f8": -0.523876779206591, "f9": 0.6193726173636751}, "datetime": {"datetime": "2023-02-03 15:02:52", "elapsed": 1254.171661, "delta": 48.01261}}
{"target": 0.24701152597362805, "params": {"f0": -1.3320426250949573, "f1": 2.417211665666584, "f10": 0.16639560103944273, "f11": -2.5716193096314695, "f12": -0.9217505722392979, "f13": -2.741914415773233, "f14": -0.352999340090717, "f15": -1.6180645728919716, "f16": -1.6872361799748032, "f17": 0.4719458557215108, "f18": 0.22792826677267097, "f19": 0.6982626160904691, "f2": -1.6053331054235667, "f20": -0.6369539576313122, "f21": -0.9594896938586663, "f22": -0.2772612471288882, "f23": 2.3904965347923817, "f24": -0.5271636406344206, "f25": 0.4971650864489141, "f26": -1.487095105517974, "f27": -0.8313174365732126, "f28": -0.6431373517018444, "f29": -2.5160559168918715, "f3": 2.179183631637004, "f30": 2.598699830759061, "f31": -1.5877672862998649, "f32": -0.34669404350710076, "f33": 0.25049500350675924, "f34": -0.551714320982415, "f35": -0.5173084006097355, "f36": -0.8712140368085982, "f37": -2.618898569834216, "f38": -1.466170301213843, "f39": 0.27880145558991076, "f4": -1.0827845720588272, "f40": -0.7227857702165215, "f41": 0.6182132779203382, "f42": 0.5460297399842634, "f43": -1.390076749988601, "f44": -0.9689012200121883, "f45": 0.15967084706903933, "f46": 0.5381129443692058, "f47": -0.15317106660762736, "f48": 0.9170131992257682, "f49": -0.8523506452865715, "f5": 1.9649837101347232, "f50": -1.6913418259548478, "f51": -0.6695458454774472, "f52": -0.49437135051251424, "f53": 2.6127601310703437, "f54": -2.660070097857769, "f55": -1.2480940436039538, "f6": -1.483539978776016, "f7": -0.4369615850860358, "f8": 0.3242276749734214, "f9": 0.17866205618354503}, "datetime": {"datetime": "2023-02-03 15:04:43", "elapsed": 1364.735966, "delta": 110.564305}}
{"target": 0.049178881804424465, "params": {"f0": -1.4095714252599068, "f1": 1.3415893008532849, "f10": -1.7395623238698026, "f11": 0.7514057821535745, "f12": 0.18217517366914826, "f13": -0.01725369492926143, "f14": 0.6216848943231322, "f15": -2.41504095307695, "f16": -0.8440559559523049, "f17": -0.6993200949640656, "f18": 0.3185588625326803, "f19": 1.6809069395792324, "f2": 0.4731241181712966, "f20": -0.1241917532331378, "f21": -0.894266835557016, "f22": 2.5478863835896877, "f23": 2.140265121442596, "f24": 0.25499770847977643, "f25": 0.8314443744639219, "f26": -0.1123054118096678, "f27": 0.02986380734906735, "f28": -1.010376197234697, "f29": -0.25084348976833715, "f3": 0.8486340803617237, "f30": 2.282240364677222, "f31": -1.3639177594114065, "f32": 2.7343406105500803, "f33": -2.1008094058641866, "f34": 1.5002148733713048, "f35": -2.8887858508137154, "f36": -0.9267780094663401, "f37": -1.6677076054006343, "f38": -0.32185963696859177, "f39": -2.74477911102506, "f4": -0.3930040367285006, "f40": 1.0236095205727287, "f41": -1.2596760542210863, "f42": 1.4729934048233257, "f43": -0.723066986126061, "f44": -1.398857920952262, "f45": -1.099849377420652, "f46": 1.3956814933842767, "f47": -0.6786183314655804, "f48": -2.2487783301525894, "f49": 0.6894639372612463, "f5": -0.589766344910003, "f50": 0.25484849787727226, "f51": 2.7101259964281366, "f52": 1.4804931283865288, "f53": 1.2959287233390673, "f54": -0.8733124984394136, "f55": -0.38363262072497784, "f6": -0.18376224965156274, "f7": -0.44037024991332574, "f8": -0.07540944209092637, "f9": 1.455333538208975}, "datetime": {"datetime": "2023-02-03 15:05:17", "elapsed": 1398.886598, "delta": 34.150632}}
{"target": 0.12087358120456057, "params": {"f0": -2.181211822593338, "f1": 1.4807019344000212, "f10": -0.955489212871357, "f11": -0.4631458457722051, "f12": 1.9744713408540773, "f13": 0.8088276238417569, "f14": 2.2637008843750497, "f15": -1.046412689163821, "f16": -1.3704494927664943, "f17": -0.11720470315503206, "f18": -1.1006321537354975, "f19": 1.844323902693477, "f2": 0.6077420902463286, "f20": 1.5983193413422052, "f21": 0.6377996465748592, "f22": 2.7850529140838374, "f23": 0.7701238478773761, "f24": 0.7989585068893134, "f25": -1.8757226269372163, "f26": -1.9463717320745324, "f27": -2.832223870442718, "f28": -3.0076959648915977, "f29": 0.05849905291575341, "f3": 1.40626668840234, "f30": 0.7214966276521187, "f31": 0.23163143501943217, "f32": 1.2822455233940118, "f33": -0.5552836765845273, "f34": 2.1806991615652027, "f35": -1.6879434952750558, "f36": -0.12176835583242118, "f37": -0.3642192173262955, "f38": -0.713013397344894, "f39": -0.8678901518836106, "f4": -1.1004042866775023, "f40": 0.44751229445981466, "f41": 1.0172210845464653, "f42": -0.7810197000917138, "f43": -1.035184620373184, "f44": -0.6756895790465935, "f45": -0.13084506801565055, "f46": -0.7656483445055722, "f47": -0.7496790846241579, "f48": -0.6658648963229783, "f49": 0.20749448784722535, "f5": 1.8250396336013912, "f50": 0.5128720413254761, "f51": 1.9412869901031717, "f52": 0.20933266575706044, "f53": 0.8823356295818913, "f54": 0.11560287637281386, "f55": 0.6949545000468269, "f6": -1.5228739002985656, "f7": 0.8002584588852042, "f8": -0.3370955057425329, "f9": -0.000813400091818961}, "datetime": {"datetime": "2023-02-03 15:06:00", "elapsed": 1441.782002, "delta": 42.895404}}
{"target": 0.12423449958253299, "params": {"f0": -2.397165347810306, "f1": -0.5851866469082421, "f10": -2.911415493863834, "f11": -1.6398377696814819, "f12": 2.486602697390757, "f13": -2.480235955578934, "f14": 2.721670324785736, "f15": -1.2993774356795986, "f16": -2.8084877469890657, "f17": -0.6402677416467168, "f18": -1.8720443110695124, "f19": 1.2588733820136704, "f2": -0.08889459107407349, "f20": 1.3264342917971073, "f21": 0.8388176258624527, "f22": 2.846559085604675, "f23": 2.711934962405806, "f24": 1.410598817657546, "f25": 0.47540229318086924, "f26": -1.6894369445212098, "f27": -2.748159521566756, "f28": -2.7799336169488247, "f29": -1.3384799353886292, "f3": 1.6689175665424525, "f30": 1.3678452653933233, "f31": 0.2799454679807618, "f32": -0.517283171561522, "f33": -0.644306391176658, "f34": 2.8865242850792994, "f35": -1.1506133402655652, "f36": -1.1546331564148784, "f37": -2.000052225632868, "f38": 0.3916658953086807, "f39": -0.12376218229038027, "f4": -1.277815703373881, "f40": 0.9370932484623049, "f41": 0.7103733227507067, "f42": 1.154100645504463, "f43": -1.5202422865632, "f44": -0.29792644119001466, "f45": -0.30525644703509014, "f46": 0.38956931086008784, "f47": 0.19841033357644422, "f48": 0.10207177569751158, "f49": -0.39255862232956806, "f5": 1.3572389932351023, "f50": 0.35522660832606556, "f51": 0.3864890490240557, "f52": 0.8143650843783086, "f53": 2.169446764759396, "f54": -1.6593536361476617, "f55": -0.6038074676033021, "f6": -1.6729178317895028, "f7": 0.3133279816212968, "f8": -0.9400422205871177, "f9": 0.057608616725894235}, "datetime": {"datetime": "2023-02-03 15:06:50", "elapsed": 1491.722115, "delta": 49.940113}}
{"target": 0.10722874595020168, "params": {"f0": 0.43504331612878433, "f1": -0.3182776806685701, "f10": -2.8643230611037187, "f11": -0.6868068187618563, "f12": 0.032058051097973106, "f13": -0.94890403884904, "f14": 0.9034707635970932, "f15": -0.22278612921952057, "f16": -0.504359311421962, "f17": -1.114430942250993, "f18": -2.9356365969663316, "f19": 1.7499879790892052, "f2": -0.5537352625276131, "f20": 2.342102981289041, "f21": -0.6229766821984442, "f22": 0.4840223321035705, "f23": 1.992490940766233, "f24": -0.43943687384592267, "f25": -2.6040493861237572, "f26": -0.3560056260695843, "f27": -2.60076479534462, "f28": -1.6407936459364247, "f29": 0.6783925473515775, "f3": 2.6389095047021645, "f30": 0.13271905275694873, "f31": -1.754968701934692, "f32": 0.1760571571094115, "f33": -0.27473392429700505, "f34": 0.6404813058670148, "f35": 0.14066878237809632, "f36": -0.2974103985107357, "f37": -2.4262596136504078, "f38": -0.13273698560476244, "f39": 0.3279262767251274, "f4": -0.7885420783327791, "f40": 0.8933133488430303, "f41": 0.9603034814172049, "f42": 0.21556722089973757, "f43": -1.7270940674324804, "f44": 0.015759752819767048, "f45": 0.06279128707162362, "f46": -0.4214481936923591, "f47": 0.5213625590595916, "f48": -2.2523067030653547, "f49": -0.03425720632011098, "f5": -0.6908202311984348, "f50": 0.022695149208507015, "f51": 2.2947457884304105, "f52": 0.8407638567657572, "f53": 2.100069100072225, "f54": -2.4168836316390454, "f55": -0.044345461407028, "f6": -0.4220275574300234, "f7": -0.12828211202670303, "f8": -0.7659567661492998, "f9": 0.5296732206060459}, "datetime": {"datetime": "2023-02-03 15:07:17", "elapsed": 1518.584657, "delta": 26.862542}}
