{"target": 0.21581948432344414, "params": {"f0": -2.534506279555939, "f1": 1.5557278580617038, "f10": -0.06704988212532687, "f11": -2.911646971575006, "f12": 2.6332571609921573, "f13": -0.20554949324513905, "f14": -0.3146390963225021, "f15": -0.7088636632721841, "f16": -1.060407509281212, "f17": -0.3727822822981679, "f18": -0.045110675450451776, "f19": 0.33664230073921164, "f2": -0.29595951777818413, "f20": 0.21465335936679275, "f21": -1.2202096108464024, "f22": 0.05554463789517339, "f23": -0.7992162501360054, "f24": -1.7833807378876754, "f25": -0.18570523706779163, "f26": -1.587436104828217, "f27": 2.375931687169065, "f28": -1.2118058522590753, "f29": 0.42301571878946564, "f3": -1.1060377859049666, "f30": -0.46223435634461707, "f31": -0.6569356221751657, "f32": -1.74599728562317, "f33": 0.33446996965989284, "f34": 0.5749505167196642, "f35": -1.5924743083947848, "f36": 1.7583947624201306, "f37": -0.5394495659007439, "f38": 0.7216200020844105, "f39": -1.1752822672036114, "f4": -0.23572097303977957, "f40": 0.1342199364431923, "f41": -0.18704859564705012, "f42": 0.5863184490078388, "f43": 0.639357519967033, "f44": -0.3934275727224821, "f45": 0.7126240639693686, "f46": -0.2226190544554063, "f47": -0.05934832736460194, "f48": 0.8175194235799732, "f49": 0.16268817654695045, "f5": -0.5128309130379956, "f50": 0.2015985091021859, "f51": 0.13587283588714416, "f52": 0.7421027945830265, "f53": 1.990623176666803, "f54": -2.556116925213975, "f55": -0.4294637866578451, "f6": -0.12756562003764757, "f7": -0.5961518700064331, "f8": 0.6070782505102581, "f9": 0.46929280829084413}, "datetime": {"datetime": "2023-02-03 16:29:24", "elapsed": 6445.472196, "delta": 58.561791}}
{"target": 0.19789730413161805, "params": {"f0": -1.8593983514653452, "f1": 1.7217395242588671, "f10": -0.3067338932942412, "f11": -2.2909117615323855, "f12": 2.6130155216147397, "f13": 0.23566906787698683, "f14": 0.3813206262380321, "f15": -1.0280864584259999, "f16": -0.8866069584205866, "f17": -0.5458107213322457, "f18": -0.5573148578964966, "f19": 0.11707649053898249, "f2": 0.19067279862868802, "f20": -0.3499622408959979, "f21": -1.135880240435457, "f22": 0.01731320464503694, "f23": -0.42514141421732443, "f24": -1.689021905636212, "f25": -0.9763970533847839, "f26": -1.054882467791451, "f27": 2.313840140995902, "f28": -0.45165943755784244, "f29": -0.29282276938412377, "f3": -1.4855160797202793, "f30": -0.31187887321237195, "f31": 0.15600081397385157, "f32": -1.1655500639005225, "f33": -0.08314763688552079, "f34": 1.085861699751896, "f35": -0.5022589313032824, "f36": 1.8645810122282291, "f37": -2.353640772623159, "f38": 0.6176058138893243, "f39": -0.5907483791885964, "f4": -0.34030085135735166, "f40": -0.027085839342286533, "f41": 0.38497969156872486, "f42": 0.6780942418277404, "f43": 0.4783690390935381, "f44": -0.8078554228966187, "f45": 0.6908012946153641, "f46": -0.43494133147902925, "f47": -0.35755185521665656, "f48": 1.0212124359238508, "f49": -0.41476889892266966, "f5": -0.34547813227017615, "f50": 1.0365853972650516, "f51": -0.28854508550434305, "f52": 1.3499333480353461, "f53": 1.6301243864558193, "f54": -2.0220257077356374, "f55": -0.4599567502469507, "f6": 0.5368634518840034, "f7": -0.558728710276631, "f8": 2.0490109444961617, "f9": 0.8994954544267593}, "datetime": {"datetime": "2023-02-03 16:30:35", "elapsed": 6517.32372, "delta": 71.851524}}
{"target": 0.42955096611069643, "params": {"f0": -2.733529030420822, "f1": 1.9891574871596827, "f10": 0.0965621587615656, "f11": -1.7011908588662041, "f12": 1.5415816186601792, "f13": -0.4010851350358181, "f14": -0.27388806918194514, "f15": -1.0409943057380662, "f16": -1.113800075938644, "f17": -0.7566094555891231, "f18": -0.5303018887363897, "f19": 0.09038149638650894, "f2": 0.20535966337645695, "f20": -0.45255003448358644, "f21": -0.40344908778273836, "f22": -0.7962615185556003, "f23": -1.0128590298479778, "f24": -0.7319481231938472, "f25": -0.9745239083985493, "f26": -1.221022520578618, "f27": 0.9540556568321539, "f28": -1.0664392082209457, "f29": 0.3838967359835873, "f3": -0.4551765471930673, "f30": -0.8231544311358455, "f31": -0.41886138605710943, "f32": -2.566257930186496, "f33": -0.28274500936178815, "f34": 0.7048673558093131, "f35": -0.9767714260435323, "f36": 0.8107553004079944, "f37": -0.5518381690895957, "f38": 0.030281562522736227, "f39": -1.0449988329323043, "f4": -0.6405145726443842, "f40": 0.36860435090128413, "f41": -0.09796773205405898, "f42": 1.088468972029563, "f43": -0.09881820209145842, "f44": -0.14325826416047516, "f45": 0.3095003556725158, "f46": -0.4248634245674324, "f47": -0.38652356780911445, "f48": 1.4196028429285183, "f49": -0.036107937480897134, "f5": -0.2535309125651633, "f50": 0.2515027974990251, "f51": -0.007554882359652404, "f52": 2.4647163864455943, "f53": 1.2431156953844171, "f54": -1.8693965006769855, "f55": -0.2568063767794225, "f6": 0.22116916333311884, "f7": -0.5837480382869817, "f8": 2.0006648522366612, "f9": 2.7065059683665513}, "datetime": {"datetime": "2023-02-03 16:31:19", "elapsed": 6560.674673, "delta": 43.350953}}
{"target": 0.11031097511407997, "params": {"f0": -1.7574831923622323, "f1": 2.195262922849718, "f10": 0.08349132903576673, "f11": -2.5975745971086925, "f12": 0.6720669024886383, "f13": -0.5185470432023924, "f14": -0.10806184022562221, "f15": -1.2750414531274443, "f16": -0.6575556044915407, "f17": -0.9948440230878309, "f18": -0.4117946046003932, "f19": 0.12363135813581877, "f2": -0.3910764696535173, "f20": 0.3914618568491576, "f21": -0.5101513974094654, "f22": -0.6603486810503303, "f23": -1.4042058290136312, "f24": -0.8794446249376671, "f25": -1.036594134582665, "f26": -0.8651591897153643, "f27": 2.4751034964428813, "f28": -0.2814232677768589, "f29": -0.3531633283284564, "f3": -0.2757238132921167, "f30": -0.8780855555700403, "f31": -0.14246282214777906, "f32": -1.355240778899508, "f33": -0.2630404875629728, "f34": 1.2520775559178394, "f35": -1.0257319998622434, "f36": 1.7238738316521114, "f37": -2.8148915973424637, "f38": 0.3847194738569382, "f39": -0.6321531713587883, "f4": -0.2899108343911645, "f40": -0.04132055299919318, "f41": -0.25781022292807954, "f42": 0.7006511060476939, "f43": 0.1221771300884738, "f44": 0.0010336367031662519, "f45": 0.9229138737160212, "f46": -0.18516200325692767, "f47": -0.8105628118182916, "f48": 1.9373589618283724, "f49": 0.3262470920554934, "f5": -0.25822608389093266, "f50": 1.4169511808205137, "f51": 0.24658786905785324, "f52": 1.70400925158574, "f53": 2.6543443281066286, "f54": -0.782052360287381, "f55": -0.3799794256799091, "f6": 0.7082112860190348, "f7": -0.8131405700155765, "f8": 0.41954422986235834, "f9": 0.769175169386983}, "datetime": {"datetime": "2023-02-03 16:32:04", "elapsed": 6605.589666, "delta": 44.914993}}
{"target": 0.34057222769697537, "params": {"f0": -1.0069748855759721, "f1": 2.692955841854115, "f10": 0.09714189188693634, "f11": -2.22605979422826, "f12": 2.347213812557511, "f13": -0.265225486456721, "f14": 0.40578615547623276, "f15": -0.5891550783711941, "f16": -0.8765007909280904, "f17": -0.06360653225811586, "f18": 0.11998417341553669, "f19": 0.41910195298306874, "f2": -0.43157367832916604, "f20": -0.45889197720363156, "f21": -1.5407688504097834, "f22": -0.5598637839780933, "f23": -1.7328626947363466, "f24": -1.3679211902849935, "f25": -0.6009897951132946, "f26": -0.8638794939210439, "f27": 2.227261834188695, "f28": -0.5038997238168781, "f29": -0.28455319223776887, "f3": -1.05675740275264, "f30": -0.7617472392003102, "f31": 0.014151517214626153, "f32": -2.2017220552551957, "f33": 0.23778016963688886, "f34": 1.507184048816654, "f35": -2.1052966203702836, "f36": 1.3423006112072007, "f37": -0.854533474179159, "f38": 0.42440190926659455, "f39": -0.6072806596823327, "f4": -0.9811075109492218, "f40": 0.5364164419782386, "f41": 0.5490312949527958, "f42": 0.54745659492562, "f43": 0.4426035390029746, "f44": -0.2808181337904958, "f45": 1.0420416220815487, "f46": -0.4714836020349805, "f47": -0.3518248693887893, "f48": 0.7413141071986713, "f49": 0.27262739012430715, "f5": 0.24515791985623636, "f50": 0.7024140406113992, "f51": 0.24839322978900447, "f52": 1.5114490521545234, "f53": 1.657031913125801, "f54": -0.680078135823079, "f55": 0.05175471063615045, "f6": 0.09881304509971664, "f7": -0.49004374040735843, "f8": 2.0236438719188206, "f9": 1.2919307603121652}, "datetime": {"datetime": "2023-02-03 16:32:41", "elapsed": 6642.858066, "delta": 37.2684}}
{"target": 0.26024389131966186, "params": {"f0": -0.8321324080779733, "f1": 2.8103808934924226, "f10": -0.14659082407572188, "f11": -1.9507619463720902, "f12": 0.7297412724712838, "f13": -0.3113662883326543, "f14": 0.30206877528793996, "f15": -1.369140557472394, "f16": -0.6702550508371815, "f17": -0.2907452247156467, "f18": -0.24222022477233762, "f19": 1.0399428706450053, "f2": 0.276184082331008, "f20": -0.40269770737177196, "f21": -1.0979941168749043, "f22": -0.244127243286419, "f23": -1.0753807627345524, "f24": -0.49333043854703407, "f25": -0.7425246918094943, "f26": -0.9306818407225232, "f27": 1.128391760698959, "f28": -0.858105340967822, "f29": -0.3350705522059826, "f3": -0.6656800366894496, "f30": -0.35371964453644766, "f31": -0.09509059800986608, "f32": -2.392532529574077, "f33": -0.22536498739323696, "f34": 1.3375693600970904, "f35": -1.1207039061209543, "f36": 1.9489555363687256, "f37": -2.6537615857628536, "f38": 0.30431097902527365, "f39": -1.2891057546998543, "f4": -1.3141571780908703, "f40": 0.46522306315009204, "f41": 0.394363334484979, "f42": 0.589527008802045, "f43": 0.16638790291622757, "f44": 3.9612597700244834e-05, "f45": 0.7961483917133836, "f46": -0.8978642753566002, "f47": -0.7603552430438398, "f48": 1.3775110227622582, "f49": 0.19259721303652677, "f5": -0.5532070753737438, "f50": 0.6789763326975448, "f51": -0.21326587244725365, "f52": 1.9235095659727213, "f53": 2.8812315743126007, "f54": -1.1110347694627316, "f55": 0.16173170821979954, "f6": 0.4916795288733954, "f7": -0.7774075625982408, "f8": 1.271763293683974, "f9": 2.6707497212821965}, "datetime": {"datetime": "2023-02-03 16:33:12", "elapsed": 6673.732095, "delta": 30.874029}}
{"target": 0.12451443920233722, "params": {"f0": -2.700496829996437, "f1": 3.017154719047384, "f10": 0.2322043544731851, "f11": -0.749909357975544, "f12": 0.5490496033621702, "f13": 0.04930346120635731, "f14": -0.10138810767642437, "f15": -0.72289034827389, "f16": -0.6165718517586001, "f17": -0.34919747351568864, "f18": -0.5844265282044484, "f19": 0.6455399848498377, "f2": 0.09451288582663564, "f20": -0.18858578855571195, "f21": -0.6985430682865872, "f22": -0.39854194174764485, "f23": -1.4475102835530416, "f24": -1.3175958304120707, "f25": -0.7723105577450666, "f26": -1.3777077088177851, "f27": 1.4571870747098257, "f28": -1.337999117721431, "f29": -0.2648537622128212, "f3": -1.1636520123387153, "f30": -0.7864190961778739, "f31": -0.4999726534718061, "f32": -1.1888706761939005, "f33": -0.07618477232657139, "f34": 0.7208370079690565, "f35": -1.8338505328703303, "f36": 1.887772645053228, "f37": -1.760850311960087, "f38": -0.10954031010839192, "f39": -1.1454972501560916, "f4": -0.954028255900703, "f40": 0.8389789583236971, "f41": 0.6166306627629696, "f42": 0.8715878842173108, "f43": 0.6052896745922893, "f44": -0.7306598006719545, "f45": 0.7451413229181904, "f46": -0.8146303513634227, "f47": -0.31759598951019086, "f48": 0.9073994005473378, "f49": -0.044330420974871665, "f5": 0.2042887073328944, "f50": 1.034760917903829, "f51": -0.25190672340097275, "f52": 1.9330056361918642, "f53": 3.008426134645458, "f54": -0.45016414292314044, "f55": 0.07227414208755689, "f6": 0.4093811236921901, "f7": -0.24474775628638246, "f8": 1.271915816914206, "f9": 1.7024898515557711}, "datetime": {"datetime": "2023-02-03 16:34:01", "elapsed": 6722.969489, "delta": 49.237394}}
{"target": 0.0001456660211937876, "params": {"f0": -2.53558458141209, "f1": 2.2433516584309507, "f10": 0.1958437735345372, "f11": -0.8413418726553155, "f12": 1.776299750047722, "f13": 0.025048449198840306, "f14": 0.3012950085477186, "f15": -0.4464222956522006, "f16": -0.3402406556581181, "f17": -0.5313819690827095, "f18": -0.5206536256193666, "f19": 0.8557407785310686, "f2": -0.07441935614528367, "f20": -0.1588463178699414, "f21": -1.0572584421094353, "f22": -0.2231225187606678, "f23": -0.5509815167080243, "f24": -0.9209080754001423, "f25": -0.7001733910353887, "f26": -0.7172557231842741, "f27": 0.7224897423202172, "f28": -1.0703725483799729, "f29": -0.4278399046031694, "f3": -0.3835222999242802, "f30": 0.033263957501843744, "f31": 0.025049946536298107, "f32": -0.7643243666781443, "f33": -0.3024661010210547, "f34": 0.47692324001189534, "f35": -0.7434302133304898, "f36": 1.8717893612666943, "f37": -2.6967501557279303, "f38": -0.1449418881955244, "f39": -0.8358123566892509, "f4": -0.21442086142346817, "f40": 0.5530368725037828, "f41": 0.07796373599401851, "f42": 0.5166658795488354, "f43": -0.16936162068710897, "f44": -0.27625604692752836, "f45": 0.7979010130159033, "f46": -0.21052661148863128, "f47": -0.21202202775050216, "f48": 1.5936610038690895, "f49": -0.34000580967822847, "f5": -0.16788641616602246, "f50": 0.7918360455390312, "f51": 0.13446440003593363, "f52": 2.773294943833399, "f53": 1.7952506502447805, "f54": -2.5230366289092343, "f55": -0.5205157125892589, "f6": 0.04920678939943955, "f7": -0.3685086011216465, "f8": 1.7700194701519762, "f9": 1.2520514082806549}, "datetime": {"datetime": "2023-02-03 16:36:41", "elapsed": 6883.026655, "delta": 160.057166}}
{"target": 0.42911610156156016, "params": {"f0": -2.69477562001727, "f1": 2.3923444106095086, "f10": 0.34465636479621264, "f11": -2.632275079803137, "f12": 2.0658744312051494, "f13": 0.2673716400392083, "f14": 0.17632736002792082, "f15": -0.5111983146326708, "f16": -0.7958091861814354, "f17": -0.1907763342251252, "f18": 0.19743103143314678, "f19": 0.5245157174147961, "f2": -0.14015800108470522, "f20": 0.028956463520713016, "f21": -0.6199725327503594, "f22": -0.11243401491608218, "f23": -1.4702939096358822, "f24": -0.561005353057455, "f25": -1.0422219807966335, "f26": -0.9210028241202954, "f27": 1.0407262054143929, "f28": -0.985075227118572, "f29": -0.1331940098278741, "f3": -0.9108149593423939, "f30": -0.32797313472721457, "f31": 0.0035723000483842693, "f32": -1.3868188824807124, "f33": 0.05208780076562258, "f34": 0.2801662940071454, "f35": -1.222463240936822, "f36": 1.3767495574512065, "f37": -2.8812929147213984, "f38": 0.04593419371903784, "f39": -0.42791086087140406, "f4": -0.9274565674999312, "f40": 0.3660701174406372, "f41": -0.08729786201131998, "f42": 0.7435558831268101, "f43": -0.07054523838420484, "f44": -0.5246401131621619, "f45": 0.8026257712577224, "f46": -0.9873774390134042, "f47": -0.2811351925593629, "f48": 1.1727532167404644, "f49": -0.22059280406450293, "f5": -0.3965222267723856, "f50": 1.228158202033773, "f51": -0.39725399855226945, "f52": 0.91402050321233, "f53": 2.153668565422267, "f54": -0.5579559334332584, "f55": -0.27166314538073993, "f6": 0.17689145393221134, "f7": -0.979900163844255, "f8": 1.5018113057227305, "f9": 2.5530392130964437}, "datetime": {"datetime": "2023-02-03 16:37:45", "elapsed": 6946.995106, "delta": 63.968451}}
{"target": 0.23711736196390493, "params": {"f0": -1.1193090915340649, "f1": 1.2997848259459497, "f10": 0.08973258905304787, "f11": -0.9248387254239439, "f12": 2.741924384701887, "f13": 0.16795045592871027, "f14": -0.18273776484106322, "f15": -0.7659741484644274, "f16": -0.6192164360584883, "f17": -0.9851531097730988, "f18": -0.035890163567955935, "f19": 0.9521453841758946, "f2": 0.26045026083713196, "f20": 0.39274627019344144, "f21": -1.843403463174732, "f22": 0.006225506916639367, "f23": -0.602529542081282, "f24": -1.1706641658776065, "f25": -0.8541203996125846, "f26": -1.4255720962743943, "f27": 1.0660587687177299, "f28": -1.1465759281592327, "f29": 0.08959756968393207, "f3": -1.0999806180864935, "f30": -0.34098898441301806, "f31": -0.31744619027924736, "f32": -1.2091603560220376, "f33": -0.2348568477272676, "f34": 0.8767159867920349, "f35": -1.5973530541600363, "f36": 1.2746401440653203, "f37": -1.0284834490968826, "f38": 0.6518742273493545, "f39": -0.8063789341344274, "f4": -1.2109584039348849, "f40": 0.6532422918551728, "f41": 0.41055545085144435, "f42": 1.2003177766101358, "f43": -0.04523756692991515, "f44": -0.2977974630720165, "f45": 1.3550401539448156, "f46": -1.0339761583515232, "f47": -0.5996758695107519, "f48": 1.5562373533235294, "f49": 0.28771966421927464, "f5": -0.25704426477248304, "f50": 1.3900967304308307, "f51": -0.4519441273875395, "f52": 2.52102076512379, "f53": 2.614715153660061, "f54": -1.5806725908126364, "f55": -0.2034914184707466, "f6": 0.4918346833508035, "f7": -0.8620120634413314, "f8": 1.5802364313023198, "f9": 1.4951110538553567}, "datetime": {"datetime": "2023-02-03 16:38:39", "elapsed": 7001.098414, "delta": 54.103308}}
{"target": 0.21397645941764412, "params": {"f0": -1.1359041565228782, "f1": 1.7499340700105237, "f10": 0.20140639373876112, "f11": -2.977595699293849, "f12": 0.7277384824513445, "f13": -0.27911167570784234, "f14": 0.36376836833242454, "f15": -1.5138638992842448, "f16": -0.6557659822582865, "f17": -0.7152601287198779, "f18": -0.458762546672571, "f19": 0.3997900241119102, "f2": 0.18031791154380616, "f20": 0.13869401328969655, "f21": -0.49441350489550673, "f22": -0.08303846250818836, "f23": -1.758154156682633, "f24": -1.3946487022414955, "f25": -0.6499259567555504, "f26": -0.9251465166495156, "f27": 2.778785841853272, "f28": -0.42736240891822086, "f29": 0.32803593889731586, "f3": -1.1796276468426756, "f30": -0.28362241260535237, "f31": -0.15274399097932828, "f32": -1.1529429510610012, "f33": -0.20131206010617173, "f34": 0.9235511360363691, "f35": -1.4499668839035917, "f36": 1.4467977253300273, "f37": -2.5199477989504557, "f38": -0.09291075752264194, "f39": -1.256184423671606, "f4": -1.209624462993715, "f40": 0.6078267181287688, "f41": -0.14262278507857096, "f42": 0.41191863037818444, "f43": -0.03403008058612733, "f44": -0.49846001199494194, "f45": 0.5901749924896935, "f46": -1.1098565470245636, "f47": -0.5347234321661516, "f48": 2.076096863969808, "f49": 0.26214008791598464, "f5": 0.24939756919230938, "f50": 0.6539487616817958, "f51": -0.32185770633740296, "f52": 2.0244057335386554, "f53": 1.946394026131776, "f54": -2.8804466415825813, "f55": -0.4596637452961102, "f6": 0.707006451078049, "f7": -0.4127627360892565, "f8": 0.8184111007516909, "f9": 2.8310431688088253}, "datetime": {"datetime": "2023-02-03 16:39:27", "elapsed": 7048.636499, "delta": 47.538085}}
{"target": 0.23928318243864205, "params": {"f0": -1.4922040597614163, "f1": 0.8588303011774361, "f10": 0.36842625902597653, "f11": -2.2390296213170893, "f12": 0.7084844635749534, "f13": -0.29492538949201474, "f14": 0.44058683984131813, "f15": -1.5819808585988155, "f16": -0.9690904677028057, "f17": -0.8036480764348822, "f18": 0.247374035515602, "f19": 0.15428867628058585, "f2": -0.246276913349367, "f20": 0.08790712269468276, "f21": -0.5696816574510701, "f22": -0.1658151012255693, "f23": -0.8019233338542332, "f24": -0.7863647647298082, "f25": -0.31274528063710916, "f26": -0.687818148315208, "f27": 1.0597954027814696, "f28": -0.7161800495100482, "f29": -0.37156505064782924, "f3": -1.1743125345480023, "f30": -0.6406518187663294, "f31": -0.32816945355098986, "f32": -1.7193269537927043, "f33": 0.11326496870186725, "f34": 0.7823525245029639, "f35": -1.4818417964407593, "f36": 1.9044143383588397, "f37": -0.8217887874184675, "f38": 0.338484758399277, "f39": -0.5315021684471676, "f4": -0.40754246820947027, "f40": 0.7231586162505381, "f41": 0.3886718115842697, "f42": 1.4464916986712497, "f43": 0.3694247532867531, "f44": -0.539358383257186, "f45": 1.25499074180387, "f46": -0.3028716214774272, "f47": -0.04701855216153483, "f48": 1.7645336607674929, "f49": 0.33422068618792083, "f5": -0.4718733534139881, "f50": 1.0842804840070883, "f51": 0.08418773932611517, "f52": 0.7045149901379493, "f53": 1.6107236345583966, "f54": -2.6375557188240646, "f55": 0.21463612433107992, "f6": 0.016212904428788255, "f7": -0.30421744607825896, "f8": 1.1983437305557494, "f9": 0.8137936722022188}, "datetime": {"datetime": "2023-02-03 16:40:14", "elapsed": 7095.829399, "delta": 47.1929}}
{"target": 0.07657773653060392, "params": {"f0": -1.04167709205134, "f1": 2.4556089570029993, "f10": -0.2916792296372378, "f11": -1.5777242185339022, "f12": 1.4268368249983057, "f13": -0.03470894522655604, "f14": 0.009451926246120623, "f15": -1.0631508059144805, "f16": -0.7389851134961605, "f17": -1.028357402268488, "f18": -0.25284566002156633, "f19": 0.8594862058414551, "f2": 0.17408635798512012, "f20": 0.20442870730409674, "f21": -0.6802025649562031, "f22": 0.0007032625150918959, "f23": -0.8297934235652313, "f24": -1.212604877726422, "f25": -0.37984948590850587, "f26": -0.9937900607379797, "f27": 2.9173808038908033, "f28": -1.1075399117742089, "f29": -0.0828586159447875, "f3": -0.9387126418381309, "f30": -0.7514432993888013, "f31": 0.13498718667365084, "f32": -0.7304808622560237, "f33": 0.19112039552939014, "f34": 0.6930721334970562, "f35": -1.4820729143553932, "f36": 0.5176749249486066, "f37": -2.849661730360627, "f38": 0.17577394525446294, "f39": -0.4077627737249452, "f4": -0.8108775826439723, "f40": 0.018331883535318005, "f41": 0.16442739780466437, "f42": 0.7121655428091699, "f43": 0.33661550266790324, "f44": -0.36801840807658703, "f45": 0.7988786218210252, "f46": -0.5037210943442261, "f47": -0.7028666119402811, "f48": 2.0936245494605683, "f49": -0.374666144094745, "f5": -0.46014273048050547, "f50": 0.43586237251753573, "f51": 0.1979678389270793, "f52": 0.8676634863942911, "f53": 0.5521828714479876, "f54": -1.2147362587865114, "f55": -0.10104581298644111, "f6": -0.03776522490133187, "f7": -0.3669814399548783, "f8": 1.3105561734209723, "f9": 2.6917225629016808}, "datetime": {"datetime": "2023-02-03 16:41:23", "elapsed": 7165.236911, "delta": 69.407512}}
