{"target": 0.23949384828031375, "params": {"f0": 0.8292415064574348, "f1": 1.7599753271456082, "f10": -0.2509397051141483, "f11": 0.7102768489794995, "f12": -2.1855732894235924, "f13": -1.0445428547227793, "f14": -1.1332016281723998, "f15": 0.5875575157383245, "f16": 0.8658802421087894, "f17": -0.21723231032281665, "f18": 2.499584363998753, "f19": -0.9234249385717772, "f2": -0.4807633841706646, "f20": 1.2193944305598001, "f21": 0.5731034612107478, "f22": -1.3464061016062385, "f23": -0.2888430071877513, "f24": -1.321272954792219, "f25": -1.0355938290457358, "f26": -0.8708353375093796, "f27": 0.29055735776648295, "f28": -0.07284718939871487, "f29": 1.0707940919201264, "f3": 0.4805872286150477, "f30": -0.6241046416955665, "f31": -0.014205219462521818, "f32": 0.7365939377531556, "f33": -1.4983269534413692, "f34": 1.5297787455027707, "f35": 2.7113374552438274, "f36": -1.5285696451935649, "f37": -1.0976781302084206, "f38": -0.20569873891573928, "f39": 0.8233702827530403, "f4": -0.7901471217545698, "f40": -1.1562869859602811, "f41": 1.400976566627703, "f42": 2.9654948435061073, "f43": -0.08172418163092543, "f44": 0.7469287668623477, "f45": -0.9191246610627567, "f46": 0.1372839995912557, "f47": 0.22895056874703507, "f48": -2.9885566073135563, "f49": -0.39774227365455495, "f5": -1.2351029442545503, "f50": -2.1005716829453895, "f51": 0.48985121039094065, "f52": -0.8377697908778189, "f53": -0.03704619338003637, "f54": 1.576918539177986, "f55": 0.4641628415929834, "f6": -1.3374460664574415, "f7": -0.024562219652524808, "f8": 2.070331653425654, "f9": 2.1487929936648933}, "datetime": {"datetime": "2023-01-30 13:43:27", "elapsed": 7083.805883, "delta": 51.090352}}
{"target": 0.16857027564438795, "params": {"f0": 2.985877668943604, "f1": 0.8199737023037003, "f10": -0.6663349776480186, "f11": 0.21727415750774703, "f12": -2.2140168376277924, "f13": -0.4146522716533897, "f14": -1.8476419347747484, "f15": 1.567369634447985, "f16": 1.0729201746993242, "f17": -0.009258079725411594, "f18": 1.5657021945997693, "f19": -1.1103512687009593, "f2": -0.6205750835814778, "f20": 1.3488240941244856, "f21": 0.10001075477207019, "f22": -0.4626310608627926, "f23": -0.4187738944771026, "f24": -1.4959939214479971, "f25": -2.570705056284795, "f26": -2.4874193546710797, "f27": 1.0201686005876003, "f28": -0.08026912145994733, "f29": 1.0601032695987942, "f3": -0.025659755123032757, "f30": -0.39361979682323067, "f31": 0.15409294037430335, "f32": 0.041047535675261884, "f33": -2.6920253428133245, "f34": 1.6809679052650053, "f35": 0.9205587581534354, "f36": -1.7462359912802834, "f37": -0.3103608437110983, "f38": -0.22335150543736793, "f39": 2.64804535843924, "f4": -0.39072463150918535, "f40": -1.2715931274251076, "f41": 1.5448245796068822, "f42": 1.6519580833301795, "f43": -0.09502921276017606, "f44": 2.3698750751423274, "f45": -0.9308767855540434, "f46": 0.3788140851889803, "f47": 0.4123435385088405, "f48": -1.0757024185401443, "f49": -0.3450283053868137, "f5": -0.4017764971848432, "f50": -1.7151913676430726, "f51": 0.4666048548485363, "f52": -1.2748075683734919, "f53": 0.21722651640397006, "f54": 1.4372411323427055, "f55": 1.2421795435920457, "f6": -0.8107542274104664, "f7": -0.31920483809691264, "f8": 1.1021070512662576, "f9": 0.5108574024961048}, "datetime": {"datetime": "2023-01-30 13:44:51", "elapsed": 7167.946099, "delta": 84.140216}}
{"target": 0.36700629643769445, "params": {"f0": 1.0934624823957801, "f1": 2.108721829918662, "f10": -0.742023195116674, "f11": 0.3548475465695083, "f12": -1.8694217754368296, "f13": -0.2965447626751314, "f14": -0.9691503066078155, "f15": 0.40172944688130163, "f16": 1.2688526940778155, "f17": -0.06934875821178244, "f18": 1.5691784055610403, "f19": -1.1246182667404612, "f2": -0.045338629287821064, "f20": 0.5105343449104384, "f21": 0.05869051479771788, "f22": -1.2735249632939674, "f23": -0.4919512353297416, "f24": -0.9605257372186085, "f25": -0.9811747910932236, "f26": -2.907004315430301, "f27": 0.6091524192623833, "f28": 0.056140820412943854, "f29": 0.7384232940328401, "f3": 0.41234229070337364, "f30": -0.8749497427180479, "f31": -0.1251779216957066, "f32": 0.16120782949008491, "f33": -2.03401622959722, "f34": 1.5110931662838114, "f35": 0.7808371858799612, "f36": -0.8941892153641824, "f37": -0.9089349977746395, "f38": -0.2616992689053725, "f39": 1.1668774096682935, "f4": -0.3465668192495011, "f40": -1.6942568472994792, "f41": 1.4350824721440345, "f42": 2.8136896041102775, "f43": 0.08509276081441641, "f44": 1.031821297239743, "f45": -0.8557797329040857, "f46": 0.3152514252448151, "f47": 0.4685825649015471, "f48": -2.649293430781094, "f49": -0.6400364672227807, "f5": -0.36547197757701566, "f50": -0.9202369391280809, "f51": 1.3678051986107522, "f52": -0.886514648382404, "f53": 0.01757094383581273, "f54": 2.3327606979139834, "f55": 1.0174956879805728, "f6": -1.104222109598438, "f7": -0.6246703719964777, "f8": 2.022384857590734, "f9": 0.5602329826633996}, "datetime": {"datetime": "2023-01-30 13:46:08", "elapsed": 7244.588389, "delta": 76.64229}}
{"target": 0.3956933607246122, "params": {"f0": 1.2184726801547656, "f1": 2.0444065643867058, "f10": -0.32300039103424283, "f11": 0.6986545812222594, "f12": -1.916228484205418, "f13": -0.7165517341847508, "f14": -2.8096816853308124, "f15": 0.9896975270185808, "f16": 0.6794643722464606, "f17": -0.012906856881338136, "f18": 1.7949359819269486, "f19": -0.9544488861325114, "f2": -0.6842387026768659, "f20": 1.7194105218933144, "f21": 0.2820184670689532, "f22": -0.5728510094226738, "f23": -0.2924037770828678, "f24": -2.155527838930132, "f25": -1.689097603808827, "f26": -0.5596368156381857, "f27": 0.8375826437267049, "f28": 0.6315508340232953, "f29": 0.5428148849013597, "f3": -0.17280491696970257, "f30": -0.3778360551321318, "f31": 0.6244130073308605, "f32": 0.8472630309794307, "f33": -2.5247862915161168, "f34": 1.5265686228178, "f35": 1.1934581433807627, "f36": -1.0866423043736828, "f37": -0.17233149913110157, "f38": 0.3127377459291239, "f39": 1.701120269022191, "f4": -0.5140602947472761, "f40": -1.4343031175369152, "f41": 1.0401965341347406, "f42": 0.8296334750675688, "f43": 0.06938375950704245, "f44": 1.3929906834949735, "f45": -0.41055934917643, "f46": 0.06638326180349319, "f47": 0.5692975483073235, "f48": -0.8097486723873653, "f49": -1.3044526140233184, "f5": -0.7245408776046014, "f50": -1.2630909525116139, "f51": 1.3895538009305675, "f52": -1.1751174484687157, "f53": 0.4611886345985247, "f54": 2.269194430811926, "f55": 0.8416030080344219, "f6": -1.1127427607544091, "f7": -0.2989048359498, "f8": 0.7398225779894112, "f9": 0.7807948649441532}, "datetime": {"datetime": "2023-01-30 13:47:08", "elapsed": 7304.951684, "delta": 60.363295}}
{"target": 0.24162056999200146, "params": {"f0": 1.7033361615022644, "f1": 1.853308357200081, "f10": -0.5509831350161873, "f11": 0.4300403060682647, "f12": -1.4248610601074754, "f13": -0.43618487679940443, "f14": -1.2625471880624035, "f15": 1.45253840052522, "f16": 1.2945147767010552, "f17": 0.06152212227621201, "f18": 2.9172108702898987, "f19": -1.2341819995694958, "f2": -0.40872758283816335, "f20": 1.8658145527001182, "f21": 0.6031184025661892, "f22": -0.6132608259311496, "f23": -0.47646413784917585, "f24": -1.5471981564255608, "f25": -0.8618444717122291, "f26": -2.258443528999295, "f27": 0.29875807465272436, "f28": -0.11447095260098555, "f29": 0.7861291037743743, "f3": 0.48509285235459193, "f30": -0.8457637320893965, "f31": 0.5942501951559569, "f32": 0.3091277255449261, "f33": -1.6178861379568237, "f34": 1.0501708880273903, "f35": 1.7329847888152343, "f36": -0.8904547544665202, "f37": -0.8949481377301146, "f38": -0.18472549626283016, "f39": 0.7685117846920622, "f4": 0.007093595916936923, "f40": -1.3708705546465096, "f41": 1.1108817885342939, "f42": 2.4538615118795724, "f43": 0.06002890228346325, "f44": 0.8763149762269784, "f45": -0.6151131123986042, "f46": -0.08656480914589931, "f47": 0.49591453399397806, "f48": -1.4809493738382362, "f49": -1.0609210654050991, "f5": -0.8213661897304783, "f50": -0.6416752031509392, "f51": 1.0329908325877917, "f52": -0.5890406593665877, "f53": -0.062306291782495804, "f54": 2.4633494961299234, "f55": 1.412884171716174, "f6": -1.248399335059344, "f7": -0.6671447276062993, "f8": 1.3729744535831574, "f9": 1.1171825759202958}, "datetime": {"datetime": "2023-01-30 13:48:06", "elapsed": 7363.017618, "delta": 58.065934}}
{"target": 0.00020533269099816382, "params": {"f0": 0.6912362327351563, "f1": 1.420360635039474, "f10": -0.5768696318943602, "f11": 0.03775576557944178, "f12": -0.5223188768757443, "f13": -1.2268080825248762, "f14": -0.660083230513441, "f15": 1.59050159821239, "f16": 0.8818960946869829, "f17": -0.4017822205441434, "f18": 0.722867688954248, "f19": -0.9341001637989274, "f2": -0.48774979076066566, "f20": 0.7676719032111784, "f21": 0.6221317641729452, "f22": -1.226087307837336, "f23": -0.1861560756947297, "f24": -0.898625257496966, "f25": -2.099198530534342, "f26": -1.0255045449704283, "f27": 0.3627860699128714, "f28": 0.5792822315349931, "f29": 1.089157191580544, "f3": -0.12308602832564769, "f30": -1.0488817648893252, "f31": 0.21929774398155147, "f32": 0.6710999904102997, "f33": -0.9444898517255496, "f34": 1.3822391194806862, "f35": 0.7393307486808676, "f36": -1.1105339364375773, "f37": -0.7041952908628804, "f38": -0.011561754030246452, "f39": 1.8167190283823462, "f4": 0.01559390482151124, "f40": -1.0960786805659768, "f41": 1.229990099980529, "f42": 2.6912260838611233, "f43": 0.014959716338936002, "f44": 1.4325830180099828, "f45": -0.4225036886392509, "f46": 0.23266455002494224, "f47": 0.5220663642738967, "f48": -0.981704425286829, "f49": -0.7228386993216647, "f5": -0.5037501464612727, "f50": -1.112745269600519, "f51": 0.813719368364592, "f52": -1.1907981004923514, "f53": 0.2666423866610479, "f54": 1.787206110541114, "f55": 1.0702031025307455, "f6": -1.8128719066413244, "f7": -0.19332353029818738, "f8": 1.6146369770962705, "f9": 1.286476792318032}, "datetime": {"datetime": "2023-01-30 13:51:04", "elapsed": 7540.961015, "delta": 177.943397}}
{"target": 0.25511971483634854, "params": {"f0": 2.2934536113374357, "f1": 2.315195855190339, "f10": -0.8123846940225092, "f11": 0.7142787017760488, "f12": -1.2907192735845743, "f13": -1.1583038863892647, "f14": -1.2620205586026216, "f15": 1.1049698267486612, "f16": 1.1190029422454073, "f17": 0.16454894776938334, "f18": 2.1501744539498753, "f19": -0.7403379324998931, "f2": -0.5704716149310591, "f20": 2.067929279205867, "f21": 0.23613798730734498, "f22": -0.6862471275438419, "f23": -0.37090119871396127, "f24": -0.5738366280562923, "f25": -0.7489660993999225, "f26": -1.440233811170756, "f27": 0.9720145133157309, "f28": 0.18848287074497785, "f29": 1.501238723534706, "f3": 0.1141651923804326, "f30": -1.291822205392387, "f31": 0.5581475067428313, "f32": 0.035084152503820104, "f33": -2.7288542428868885, "f34": 1.416406097980248, "f35": 2.343634263210705, "f36": -1.3768412479716852, "f37": -0.3720578402586848, "f38": 0.22300564886691437, "f39": 1.4594540910953724, "f4": -0.7106404254579104, "f40": -0.8602144783523217, "f41": 0.9866358133505725, "f42": 1.4486273838681845, "f43": -0.24050168283141649, "f44": 1.7315668738197316, "f45": -0.8253772792371525, "f46": -0.3238179045455083, "f47": 0.21430754559673237, "f48": -2.00123314115999, "f49": -0.3964800812267715, "f5": -0.626381063920656, "f50": -2.0951445898906265, "f51": 0.29434441112159226, "f52": -0.3063583642899159, "f53": 0.09723003084677578, "f54": 0.9154334749418882, "f55": 0.44685009158436745, "f6": -1.780605657871088, "f7": 0.07175136977659602, "f8": 0.9099539025310257, "f9": 0.7387243476845962}, "datetime": {"datetime": "2023-01-30 13:52:20", "elapsed": 7616.658945, "delta": 75.69793}}
{"target": 0.41377570106729067, "params": {"f0": 0.6972909661420256, "f1": 1.2232151811058092, "f10": -0.09720392909090558, "f11": 0.1645763662231997, "f12": -1.731941740296005, "f13": -0.9741625541676338, "f14": -1.1790815761566766, "f15": 1.1005620575803758, "f16": 0.408065186971881, "f17": -0.39959705387810673, "f18": 2.3034062345554998, "f19": -1.3611277650235052, "f2": -0.723501211789309, "f20": 1.1234302964718548, "f21": 0.5811971824705122, "f22": -1.2924379111335642, "f23": -0.5323312878515183, "f24": -2.285111869308106, "f25": -2.2448250864478974, "f26": -2.9370171327366825, "f27": 0.4952623498596763, "f28": 0.5213065769743843, "f29": 1.4885146338662265, "f3": 0.464841645027868, "f30": -0.7575802654456893, "f31": 0.4127591365914387, "f32": 0.33053022482652894, "f33": -0.5390273781127108, "f34": 2.873294057525067, "f35": 0.8035364586638548, "f36": -1.8320548098261222, "f37": -0.2796208066697311, "f38": 0.2086254114137322, "f39": 0.6698036383972157, "f4": -0.03598861974775891, "f40": -1.171195586788792, "f41": 0.7997772201623692, "f42": 1.0438857344348993, "f43": -0.49939162542078613, "f44": 1.8513963190750968, "f45": -0.2937489944396813, "f46": -0.41503579528505685, "f47": 0.05624640623501813, "f48": -1.4232039218739745, "f49": -0.683147161942175, "f5": -0.8349808538445079, "f50": -0.9248701576157004, "f51": 0.8647635580427309, "f52": -1.2167532249250885, "f53": 0.41455211280944265, "f54": 2.1089795886907634, "f55": 0.6379975955405762, "f6": -1.8983668984238502, "f7": -0.10478476232564038, "f8": 1.560407226999311, "f9": 2.7092352950355303}, "datetime": {"datetime": "2023-01-30 13:53:48", "elapsed": 7705.055093, "delta": 88.396148}}
{"target": 0.4543112799229334, "params": {"f0": 2.479835177509684, "f1": 2.252231584889598, "f10": 0.016677848068326395, "f11": 0.5428635457007793, "f12": -2.770417338040776, "f13": -0.5987004996951841, "f14": -1.6561242565858585, "f15": 0.8909393235549286, "f16": 0.4653300587278888, "f17": -0.3048757400586196, "f18": 2.5712353495967974, "f19": -1.1798198756130023, "f2": -0.11006443021649392, "f20": 1.3694587117154589, "f21": 0.7696751802535009, "f22": -1.1167512906050194, "f23": -0.1319610645448307, "f24": -1.8506009397456462, "f25": -1.6651615509793203, "f26": -2.8201236489957617, "f27": 1.053267562670861, "f28": -0.09614216736558362, "f29": 0.7460856991731564, "f3": 0.13364723331011652, "f30": -0.7529857499559278, "f31": 0.3019497000784459, "f32": 0.7306730582433325, "f33": -2.1868575219040345, "f34": 2.903895602366253, "f35": 1.4964634404484933, "f36": -1.9144742887304698, "f37": -0.6068352420079747, "f38": 0.15544049785774666, "f39": 1.6820151687374627, "f4": -0.8206688883254368, "f40": -0.8059325156635265, "f41": 0.9499293130744818, "f42": 0.7773428657719522, "f43": -0.20863787952447632, "f44": 1.583252981065675, "f45": -0.6104381563046377, "f46": -0.038377619387877426, "f47": 0.6753210332764138, "f48": -2.5069231168117208, "f49": -1.236833182957459, "f5": -0.6786093253708592, "f50": -1.292338302747933, "f51": 1.0860265151088664, "f52": -0.6991474029433434, "f53": -0.05183906563987992, "f54": 1.6545438280324478, "f55": 0.37522902260434743, "f6": -0.6974937840793227, "f7": -0.6070895327450149, "f8": 0.8187080272149321, "f9": 1.9653363555845362}, "datetime": {"datetime": "2023-01-30 13:55:00", "elapsed": 7776.584857, "delta": 71.529764}}
{"target": 0.38966894797366347, "params": {"f0": 0.8617714663451648, "f1": 1.015864602294503, "f10": -0.08594328820901154, "f11": 0.04463407388866501, "f12": -2.759235368648154, "f13": -0.8449662610229931, "f14": -2.2291301073743983, "f15": 0.5719288730740804, "f16": 1.242232144874184, "f17": -0.38001669329588506, "f18": 1.4169130393442266, "f19": -0.6491191259974219, "f2": 0.07878475054558842, "f20": 0.8386745783014328, "f21": -0.010102658214986444, "f22": -0.9378735617386303, "f23": -0.47325218072499053, "f24": -0.7120035866704075, "f25": -0.7334061585252734, "f26": -0.7161846190780956, "f27": 0.6046114819638794, "f28": 0.5278028613362048, "f29": 1.1547715199129742, "f3": 0.2982489867974613, "f30": -0.6173766681857163, "f31": 0.044935225581424626, "f32": 0.5031096766952177, "f33": -1.6621205284386091, "f34": 1.3143225413839545, "f35": 1.0590179474959847, "f36": -2.1338459556199703, "f37": -0.6784212139865896, "f38": 0.06805732327573982, "f39": 1.321602628490268, "f4": 0.025443537465074773, "f40": -1.2194649935522357, "f41": 1.9097197834912052, "f42": 1.2905875239112323, "f43": -0.08046613086450921, "f44": 1.1278753934106822, "f45": -0.9544646598440495, "f46": -0.20676983998162168, "f47": 0.11507361797606026, "f48": -2.0899197460342416, "f49": -1.0917953624644419, "f5": -0.5364067664480466, "f50": -0.48409069372982816, "f51": 0.44187470755905434, "f52": -1.0640919809196303, "f53": 0.04718665523237828, "f54": 1.727637772634295, "f55": 0.5697892123127561, "f6": -1.8223061625650216, "f7": -0.476000201691637, "f8": 1.6402629916933034, "f9": 1.310470718095476}, "datetime": {"datetime": "2023-01-30 13:56:37", "elapsed": 7873.801382, "delta": 97.216525}}
{"target": 0.3833635370420409, "params": {"f0": 2.509856558741975, "f1": 0.5744285952756759, "f10": -0.29587403677730795, "f11": 0.616206332399055, "f12": -0.8237578654457693, "f13": -1.0175857251955431, "f14": -1.3923470995614002, "f15": 1.146545203901372, "f16": 0.8145947186843823, "f17": 0.08336453086375706, "f18": 1.765942871089813, "f19": -0.8139367007632237, "f2": 0.011515851177032244, "f20": 1.7791714285222506, "f21": 0.4206174685684609, "f22": -1.3117200793386383, "f23": -0.3483388267964647, "f24": -0.7908774402664247, "f25": -1.1781109172079498, "f26": -1.0275815272385007, "f27": 0.8095587650931135, "f28": 0.2883673907668389, "f29": 1.247267449241535, "f3": -0.02599933949668226, "f30": -1.3393246870315842, "f31": 0.2962806637776799, "f32": 0.4251950347999737, "f33": -1.606792978250084, "f34": 1.6283925775186059, "f35": 2.163163935632177, "f36": -1.9211819616800372, "f37": -0.4064706065092777, "f38": -0.062003838103818765, "f39": 0.8009703301038973, "f4": -0.7523750273619526, "f40": -1.7423907766983902, "f41": 1.3577982375618998, "f42": 2.739191563481611, "f43": -0.184899995341317, "f44": 0.8552060781333841, "f45": -0.36395345505343246, "f46": -0.4021713533898637, "f47": 0.4363334488289519, "f48": -0.5940269752907206, "f49": -1.1289798661166606, "f5": -0.4903363138104331, "f50": -1.7856971889911348, "f51": 1.1184357209726736, "f52": -0.4412256899966669, "f53": 0.5516915446669297, "f54": 1.6649063386738658, "f55": 0.7262709045584126, "f6": -1.2958404125044964, "f7": -0.6563507424930133, "f8": 1.8939065368666372, "f9": 2.7549714842409623}, "datetime": {"datetime": "2023-01-30 13:57:52", "elapsed": 7948.256579, "delta": 74.455197}}
{"target": 0.18283052574261927, "params": {"f0": 2.9960900409747246, "f1": 0.768786078006928, "f10": -0.7523457210857414, "f11": 0.5026663904685328, "f12": -2.042576668763234, "f13": -0.7103413862912331, "f14": -0.7318988129014086, "f15": 1.2610632933546264, "f16": 0.5371376993894305, "f17": 0.31148478564008464, "f18": 0.904849668140226, "f19": -1.1788318304829335, "f2": -0.06549580574064573, "f20": 2.2114783799037894, "f21": 0.8635503080665077, "f22": -0.858831205674426, "f23": -0.281090460886586, "f24": -0.5619484651906128, "f25": -2.5608412080956144, "f26": -0.5896440983918438, "f27": 0.6878988470719484, "f28": 0.16621424776497326, "f29": 1.8151700444293184, "f3": -0.12951912590771109, "f30": -1.489636406790417, "f31": 0.5361608456148496, "f32": 0.8205094862878681, "f33": -2.303700600786249, "f34": 2.958647894500399, "f35": 1.02255721083078, "f36": -0.7332566601007531, "f37": -0.6285335750421728, "f38": -0.24018475317538088, "f39": 2.559793492527706, "f4": -0.6664862778670406, "f40": -1.7074463656945438, "f41": 1.12254659474253, "f42": 0.8586626635081281, "f43": -0.2880625825180436, "f44": 2.8606127112077675, "f45": -0.26043409337718404, "f46": -0.13326719067425813, "f47": 0.724223750542717, "f48": -1.4968104799408477, "f49": -0.45216377852895295, "f5": -0.9871454279135576, "f50": -0.6611764800335691, "f51": 0.4699084024361009, "f52": -0.8052176760730168, "f53": 0.5190699687160452, "f54": 0.9461623173237981, "f55": 1.188382336161057, "f6": -1.9291678915495798, "f7": -0.45025655247364693, "f8": 1.684422474545472, "f9": 1.033166696019697}, "datetime": {"datetime": "2023-01-30 14:00:14", "elapsed": 8090.34242, "delta": 142.085841}}
{"target": 0.11029480752272547, "params": {"f0": 1.9670407196836508, "f1": 1.5810444255582279, "f10": -0.025843855721996878, "f11": 0.7635810916217226, "f12": -0.8414259619052618, "f13": -1.171210530791025, "f14": -0.5199218557497312, "f15": 0.7480233926638972, "f16": 0.3894527849181503, "f17": -0.26259831090660185, "f18": 2.279951256481595, "f19": -1.2303635306445795, "f2": -0.6113620953703053, "f20": 1.1161276948704852, "f21": 0.23964249149865835, "f22": -1.1468446889723323, "f23": -0.3068473223070517, "f24": -1.8088306239689385, "f25": -1.6954525830321072, "f26": -0.9205440031830632, "f27": 0.24219424410738644, "f28": 0.4418719839470323, "f29": 1.344510451210933, "f3": -0.03371460746490945, "f30": -1.4544939757920012, "f31": 0.5017149393116868, "f32": 0.6961147245542163, "f33": -2.9964212054083164, "f34": 1.5191394250457273, "f35": 1.5899806668742194, "f36": -1.6903926639933915, "f37": -0.20621300852897473, "f38": 0.1177049247419259, "f39": 0.7912556186016049, "f4": -0.2447739650490416, "f40": -1.318754528181598, "f41": 0.6227426932656873, "f42": 2.245789771112899, "f43": 0.1485558290631166, "f44": 1.909893658877817, "f45": -0.9414815170027633, "f46": 0.3294890760360808, "f47": 0.41814403042649967, "f48": -1.2627549334141694, "f49": -1.2932858789009345, "f5": -1.4192686004273058, "f50": -0.49931532082266505, "f51": 0.7518380086401734, "f52": -0.4156436898198749, "f53": 0.5770670170177059, "f54": 1.5065116838180101, "f55": 0.8397341387727513, "f6": -1.239203766837148, "f7": -0.7208047945455481, "f8": 0.7823351677867403, "f9": 1.398704875327228}, "datetime": {"datetime": "2023-01-30 14:01:29", "elapsed": 8165.604865, "delta": 75.262445}}
