{"target": 0.1435105614057753, "params": {"f0": 1.5364965250530718, "f1": 1.3408840115599978, "f10": -2.542016089278418, "f11": -0.37353491676236555, "f12": 1.7708903151928044, "f13": 1.0498430272542412, "f14": -1.7700400733305204, "f15": -2.058293123545432, "f16": -0.21108642373097453, "f17": -1.797932244375935, "f18": 2.465638579025326, "f19": -2.964225732479696, "f2": -1.1244590250589048, "f20": -2.8251898678225964, "f21": -0.2368545018288435, "f22": 0.12313856316284222, "f23": 2.1004725641740496, "f24": 0.08319582675319226, "f25": 0.40163712317943734, "f26": -1.0130315066916338, "f27": -0.4755594288248868, "f28": -0.3400449697241683, "f29": 0.27814127475163064, "f3": -1.1995240879545213, "f30": 2.0971594331347463, "f31": 2.157221713355208, "f32": -0.2231465758787632, "f33": 2.228913964700088, "f34": -1.2905772228484425, "f35": -0.038796805234246, "f36": 0.4393034329381038, "f37": -0.16114480475564985, "f38": 0.5474373435320787, "f39": -0.5841574024621573, "f4": -2.348425855810089, "f40": 0.7617838552512642, "f41": 2.7948591564632856, "f42": -2.7779237856899965, "f43": 1.504619674836424, "f44": -1.636610948384482, "f45": -1.5085756441414748, "f46": 0.8726966810844727, "f47": -1.9787048217061285, "f48": 0.0975965372566181, "f49": -0.797749976038824, "f5": -0.6756576343690344, "f50": 0.5631224411858224, "f51": 0.6957712428648666, "f52": -0.06951814286075342, "f53": -1.7105911896934223, "f54": -1.8176507052052069, "f55": 2.7687030386274234, "f6": 1.399339913450088, "f7": 0.23184639231878856, "f8": -0.6625893092461639, "f9": -2.0614032137947467}, "datetime": {"datetime": "2023-02-03 11:31:50", "elapsed": 2195.583947, "delta": 56.273291}}
{"target": 0.3456661214466426, "params": {"f0": 0.2381614401765274, "f1": 0.36060944295532205, "f10": -2.4787894496317935, "f11": 2.8168018721588393, "f12": 2.277807730971863, "f13": 1.4378985493548946, "f14": -2.6668108701083546, "f15": -1.1975259666792313, "f16": 1.2240540809125848, "f17": -2.669310320742477, "f18": -0.5214442259560849, "f19": -1.494257889188876, "f2": -1.8153467554915372, "f20": -0.4038443650588568, "f21": -1.2944575343800793, "f22": 2.836342281374708, "f23": 2.1699569982397713, "f24": 0.6294314710337949, "f25": -1.3947183619505974, "f26": -0.0990603933397276, "f27": -0.9696790893325629, "f28": 2.7256448049123896, "f29": 2.5881376650862595, "f3": -0.4902365211102502, "f30": 1.971584612450704, "f31": -0.5544034003377678, "f32": -0.9312758615640102, "f33": 2.711341899230553, "f34": -1.63188975990718, "f35": -0.08938284255230222, "f36": -2.111920078444668, "f37": -1.422450854546192, "f38": -0.22194028601537408, "f39": 2.0317304871411173, "f4": -0.6230155511513207, "f40": 2.260422487665096, "f41": 1.5915599872101454, "f42": -2.789488352080051, "f43": 1.0130921974489313, "f44": -0.5845828134576712, "f45": -0.6714011437376022, "f46": -0.1977859655645957, "f47": -1.784381416352235, "f48": -0.2960105323660449, "f49": 0.21627296066327117, "f5": 0.10348036501631075, "f50": -2.6925570751483443, "f51": -3.0425029911143673, "f52": 0.8034033104899131, "f53": 0.4223803408376279, "f54": -1.0551243725504826, "f55": 2.390492612095698, "f6": 0.7866872581070042, "f7": -1.7514210028770905, "f8": -2.175050848289638, "f9": -0.9635639074055842}, "datetime": {"datetime": "2023-02-03 11:32:42", "elapsed": 2246.977613, "delta": 51.393666}}
{"target": 0.10212785483257325, "params": {"f0": 0.4981553563739459, "f1": 0.8822703952690686, "f10": -0.5389595962727589, "f11": 1.0246124412590962, "f12": 0.7889224562259584, "f13": 2.7795054022037786, "f14": 0.47161101049887755, "f15": -0.25200535659380874, "f16": 0.7647351368120626, "f17": -1.81554940238315, "f18": 1.9119588358445054, "f19": -0.6193558055570949, "f2": 0.3062902943306578, "f20": -1.7839560453836434, "f21": -1.317577362859786, "f22": 2.642967803497484, "f23": 2.118504831690893, "f24": -0.28326821701520455, "f25": -2.368532057379897, "f26": -0.05898789630407175, "f27": -0.8979757547565712, "f28": -0.49860605059484964, "f29": -0.04250881703999454, "f3": -0.7802145839941423, "f30": -0.16401797703909404, "f31": 0.8036779825167321, "f32": 0.08438271767874861, "f33": 0.36880367525859936, "f34": 0.7105199289683264, "f35": 1.5455799435653557, "f36": -1.835896344885744, "f37": -1.431237932925082, "f38": -2.9002637850084754, "f39": 1.842976769078967, "f4": -2.462103756910857, "f40": 0.6254070889353484, "f41": 1.768543542147896, "f42": 0.5756458569849512, "f43": 2.48895357863949, "f44": -2.331376566682943, "f45": -1.8433909468263316, "f46": 2.036282154586155, "f47": 0.4530810957706488, "f48": -0.4759740178141092, "f49": 0.22554871095124707, "f5": 0.041033137913294215, "f50": -0.6346938964674296, "f51": -2.3569794063763263, "f52": 2.182402024668269, "f53": -0.3798610130968054, "f54": 0.19969936123543208, "f55": 2.1625928990645042, "f6": 0.002313951897036981, "f7": -2.5110660906350137, "f8": -1.6050918923151978, "f9": -0.2118723540528591}, "datetime": {"datetime": "2023-02-03 11:33:30", "elapsed": 2295.714357, "delta": 48.736744}}
{"target": 0.12437746876742067, "params": {"f0": 1.5891163997794937, "f1": 2.226713865372123, "f10": -1.83011012449923, "f11": 1.784039081643729, "f12": 0.029520088211497097, "f13": 0.8468749270987407, "f14": 0.5981507189932564, "f15": 0.46238807305111074, "f16": 2.7092793809094022, "f17": -0.02234269181288262, "f18": 1.876513317105835, "f19": 0.2597850769013226, "f2": -2.370024137588694, "f20": -0.24428429585260192, "f21": -0.3009948487470555, "f22": 1.152898419970282, "f23": 1.6759183086138867, "f24": 1.0438904153328417, "f25": -1.1621476594850642, "f26": -1.4633363344616024, "f27": 0.5712612803246091, "f28": 1.9910451357668881, "f29": 1.194645471566668, "f3": -1.2834056804528395, "f30": 1.1834773932988876, "f31": 2.802453130959643, "f32": -2.081847290541273, "f33": 0.6824857076360965, "f34": -0.22782175873942556, "f35": 0.9345933513641435, "f36": -0.5586010843326665, "f37": -1.4697105402718351, "f38": -2.0289927941271744, "f39": 1.1147358653109607, "f4": -0.5455359779929991, "f40": 0.47128982593033053, "f41": 0.10450795435673876, "f42": -0.4415714119696923, "f43": 2.0169568032442124, "f44": -2.0623060089016367, "f45": -2.311950251695168, "f46": 0.2580334433126428, "f47": -0.44963761545370584, "f48": -0.5862573658456562, "f49": -1.5948354370085749, "f5": -0.3966266763075983, "f50": -2.472386077686135, "f51": 0.037277790980928316, "f52": 1.8084678923104152, "f53": -2.1644614397651525, "f54": -0.2443173955798592, "f55": 1.4675662933730882, "f6": 0.7574865990932077, "f7": -1.336113891843092, "f8": -0.9941033855392254, "f9": -0.5939299698983866}, "datetime": {"datetime": "2023-02-03 11:34:34", "elapsed": 2359.324898, "delta": 63.610541}}
{"target": 0.23966095161037546, "params": {"f0": 1.0202206832414382, "f1": 1.1547843950587873, "f10": -2.623137646261711, "f11": 1.5465668047314578, "f12": -0.4476080643070638, "f13": 0.4444418769832682, "f14": 0.0224055727670871, "f15": -1.788825718809898, "f16": 2.673143340967154, "f17": -0.4207959219396522, "f18": -0.6538909138939392, "f19": 0.27285064899250866, "f2": 0.012278180611420275, "f20": 0.1043286636259495, "f21": -0.7944176665095198, "f22": 1.2910676563240937, "f23": 2.038563315265453, "f24": 1.2023258108450223, "f25": -0.5715546401422111, "f26": -1.5547952696116554, "f27": -0.1188246231245853, "f28": 2.7427791130107666, "f29": 0.9836886649538993, "f3": -0.30270381801727475, "f30": 0.7503415092610667, "f31": 2.7921248787984867, "f32": 0.1994197560618991, "f33": 1.0312007623349246, "f34": -3.000448597746942, "f35": 0.9639424746088244, "f36": -2.0015995436886134, "f37": -2.5102781198994935, "f38": -2.536209290690925, "f39": 2.9564712835388787, "f4": -2.088611992834973, "f40": 2.8509552613866487, "f41": 1.0532982103178052, "f42": -2.365921224185052, "f43": -0.40538035550731316, "f44": -1.927729299992053, "f45": -1.9173780635207944, "f46": -0.26420297115056446, "f47": -2.711645367158324, "f48": 0.09307510748363912, "f49": -1.8633006180270086, "f5": -1.3991170860941964, "f50": -1.1620467914216615, "f51": -1.2367616111546946, "f52": 0.28228410848209007, "f53": -0.3622496631020198, "f54": -0.44569710682754415, "f55": 2.067391719973668, "f6": 1.8128050036308587, "f7": -1.938208065441607, "f8": 0.45146785189463845, "f9": -2.4728115704677514}, "datetime": {"datetime": "2023-02-03 11:34:59", "elapsed": 2384.479141, "delta": 25.154243}}
{"target": 0.24969333662455923, "params": {"f0": 0.8529593596881949, "f1": -0.2864696522951496, "f10": -2.6652952134960204, "f11": 1.1798651047881976, "f12": 2.365671366317844, "f13": 2.868386737991714, "f14": -0.5305439739266422, "f15": -1.3553022130634638, "f16": 1.3815243726672763, "f17": -0.7218103654205255, "f18": 0.8996917561962284, "f19": -0.28731971544544166, "f2": -1.0099330907245814, "f20": -1.3855048089606197, "f21": -0.28940184592362717, "f22": 0.5260655049655746, "f23": 2.3835566100445202, "f24": 0.06135421277474973, "f25": -1.898476438874796, "f26": -0.6508720568662221, "f27": -1.0949986476716895, "f28": 0.9448743374225187, "f29": -0.3586605455085082, "f3": 0.4911398009647243, "f30": 2.616101653363282, "f31": -0.5293323099109782, "f32": -0.7417123887678181, "f33": 0.07477916758210768, "f34": -2.0398652464820533, "f35": 2.694195238944731, "f36": -1.0164448842227654, "f37": -0.4156296747228079, "f38": -2.3949966608595785, "f39": 1.8093814039555651, "f4": -0.6569051089352547, "f40": 0.45377895688713876, "f41": 1.0400023425064617, "f42": -0.9632037514787855, "f43": 1.9488679439930539, "f44": -0.7480741777822582, "f45": -0.012771085810053595, "f46": 0.5757597353434649, "f47": -2.6001268478386876, "f48": -2.2266939793141938, "f49": -0.5565526343247136, "f5": -0.3601317407663718, "f50": -1.6925072197072677, "f51": 0.28589377524763826, "f52": 2.333318293836008, "f53": 0.10594505001127885, "f54": 0.1594747171924924, "f55": -0.13195544273318505, "f6": 0.9018195383880628, "f7": -0.6911009513193167, "f8": -0.37526956070469186, "f9": -1.3561804016978642}, "datetime": {"datetime": "2023-02-03 11:36:37", "elapsed": 2481.905239, "delta": 97.426098}}
{"target": 0.03688823807582559, "params": {"f0": 1.4833044266749487, "f1": -0.3238163106765838, "f10": -2.974039247199141, "f11": 1.17485181730023, "f12": 0.6076064978298231, "f13": 1.6071196442565356, "f14": -1.089910214563039, "f15": 0.24525293291967376, "f16": 2.5308637053793963, "f17": -1.3592372189212028, "f18": 2.4459192457424503, "f19": -3.015344613171172, "f2": -2.2158284536848467, "f20": -1.6274421620304615, "f21": -0.5607636980917136, "f22": 2.3897228932573222, "f23": 0.48497059751002725, "f24": 1.113838867213931, "f25": -1.1577149081037703, "f26": -1.4557794419947867, "f27": -0.45319437813463814, "f28": 0.8623478455912609, "f29": -0.5797262469609494, "f3": -0.2298679398904233, "f30": 2.5345083554053462, "f31": 1.155480817269276, "f32": -2.894870071460099, "f33": -0.2062387939945527, "f34": -0.8056761971472226, "f35": 1.8380038568508112, "f36": -1.0182687579371783, "f37": -1.6540130586865618, "f38": -2.1239683666693554, "f39": -0.05565725673120603, "f4": -2.8601206052145987, "f40": -0.28050171966085535, "f41": 2.043355164083216, "f42": -0.8841694196808656, "f43": 1.232199033207348, "f44": -0.17508521081491102, "f45": 0.26406931678789647, "f46": 1.4112806315125797, "f47": -0.7561523181780117, "f48": -1.8249078575228872, "f49": -0.7390812049718405, "f5": -2.763912371282278, "f50": -2.6431028514539667, "f51": -1.1818406265085435, "f52": 0.37279991043043303, "f53": -0.053098004719500214, "f54": -2.0048756240749857, "f55": 1.4992047722696928, "f6": 2.2998667709908136, "f7": -2.562339719609395, "f8": -0.18434612841080078, "f9": -0.8404628342735907}, "datetime": {"datetime": "2023-02-03 11:37:06", "elapsed": 2511.729341, "delta": 29.824102}}
{"target": 0.14970827473392564, "params": {"f0": 1.2778102824534505, "f1": 0.5644217167593061, "f10": 0.08457787515471438, "f11": 0.03250617797908373, "f12": 0.6698742527282419, "f13": -0.5776000519935249, "f14": -2.3694297046938577, "f15": 0.3592995735750293, "f16": 0.2454282501813072, "f17": 0.42384537836941183, "f18": 0.9760142346151731, "f19": -0.8033580703656362, "f2": -1.2637415892803894, "f20": 0.16556148916773195, "f21": -0.2949315173569941, "f22": 2.790403701560399, "f23": 0.17832984234180882, "f24": 0.9104845272914932, "f25": 0.39323447043109416, "f26": 0.4637061401521805, "f27": -1.7723787385937557, "f28": 0.4852652431389911, "f29": -0.503582952945443, "f3": -0.9040043844663437, "f30": 0.34714389214463726, "f31": 0.5412349384785956, "f32": -1.8890045752365836, "f33": -0.07955363520854919, "f34": 0.10158099106977714, "f35": 1.9693833919661716, "f36": -0.12593113763043373, "f37": -0.8050402856517951, "f38": -0.09333475382570056, "f39": 3.0144507699227594, "f4": -2.061974552503723, "f40": 2.059214361789797, "f41": 1.0970164229859432, "f42": -0.7878478104130311, "f43": 2.8821748677517585, "f44": -2.958880409239614, "f45": -0.7315094047626152, "f46": 1.8121213800576612, "f47": 0.05071300231769671, "f48": 0.005482885803692383, "f49": -2.6012826316286333, "f5": -2.6821746325468596, "f50": -1.4337678097282975, "f51": -1.8637950658002704, "f52": 2.8922880168927527, "f53": -0.1712749336433559, "f54": -2.090851083210522, "f55": 0.1460171699466749, "f6": 1.6235417132796224, "f7": -2.951463612303099, "f8": -0.26179205883613976, "f9": -2.1118283231536137}, "datetime": {"datetime": "2023-02-03 11:38:28", "elapsed": 2593.543947, "delta": 81.814606}}
{"target": 0.3224988071829902, "params": {"f0": 0.03258522404174469, "f1": 2.338984731835712, "f10": -0.9299515775500669, "f11": -0.1904279458512647, "f12": 2.0155933675615714, "f13": 0.17452837698826718, "f14": 0.220243475621118, "f15": 0.6222496022150907, "f16": -0.036491763034558256, "f17": 0.1077488948275751, "f18": 1.1612239462592866, "f19": -2.247575620188222, "f2": -0.05642244572370014, "f20": -2.7805038950065417, "f21": 0.43430976060677584, "f22": 0.8631149096614202, "f23": 0.5802688633281473, "f24": -0.5322047952904322, "f25": -2.2691130573811966, "f26": -0.4653685614391003, "f27": 0.49020667901158266, "f28": 2.8740266089140234, "f29": 1.2569758286923953, "f3": 0.10963194206312021, "f30": 1.1977754494294195, "f31": 1.9323992987648402, "f32": -0.08437258715556828, "f33": 1.251291909335996, "f34": -2.2632896214950016, "f35": 0.0030952099740876315, "f36": -2.1552373867352808, "f37": -1.4237799004110747, "f38": -0.24304087222494086, "f39": 0.5043303992272824, "f4": 0.12014762005655699, "f40": 0.30760847286787585, "f41": 2.2888129374068553, "f42": -2.517589582818483, "f43": 0.8159563933879185, "f44": -1.1612794201216756, "f45": 0.36720025788352517, "f46": 0.7581835596149193, "f47": -2.3654113606283, "f48": 0.24881555924464127, "f49": -1.7395923701714462, "f5": 0.05260216494822734, "f50": -0.0514168767466594, "f51": -0.9743893361357481, "f52": 0.1567019017664263, "f53": -0.9550350407681494, "f54": -0.04079016091439547, "f55": 2.902890290428613, "f6": -0.17497660546403093, "f7": 0.5404716515001731, "f8": -0.12207953418491568, "f9": -0.38000238490780136}, "datetime": {"datetime": "2023-02-03 11:39:20", "elapsed": 2645.511341, "delta": 51.967394}}
{"target": 0.27756887471797315, "params": {"f0": 1.167129072660003, "f1": -0.31752589359894845, "f10": -1.5788573843048692, "f11": 1.8161090942939264, "f12": 1.2913299181324374, "f13": 1.8756751485904926, "f14": 0.41843300503758973, "f15": -2.3477135946471783, "f16": 0.9524654072285291, "f17": -0.1232821811161866, "f18": 2.4308802076721046, "f19": 0.3715153937792528, "f2": -1.2003714613165357, "f20": -2.452377245314949, "f21": 0.456691395842199, "f22": 1.068633105502681, "f23": 2.952931928805393, "f24": -0.7729291700864187, "f25": -2.574853235988832, "f26": 0.2898799434846959, "f27": -0.5080776170458283, "f28": 0.6501309227347573, "f29": -0.30277508395431635, "f3": 0.5087267139875713, "f30": -0.12379598327923191, "f31": 2.645932127232115, "f32": -0.957124803976312, "f33": 0.5350718707370846, "f34": -2.2033337102237733, "f35": 0.7423153556461645, "f36": -0.33061133440628665, "f37": 0.5710225256235963, "f38": -2.62002084128507, "f39": 2.1332153858867358, "f4": 0.39250679270152444, "f40": 2.341580086655651, "f41": 0.38721295685161927, "f42": -2.518683017321539, "f43": -0.49139672906754517, "f44": -1.7543826727993344, "f45": 0.14797442004959738, "f46": 1.0773290556267983, "f47": -0.288476022725241, "f48": -0.19704507381744607, "f49": -0.5480842458908639, "f5": -1.7241160748986515, "f50": -0.21137941601875632, "f51": -0.2537539941760767, "f52": 2.3244596745830597, "f53": -0.42866955419208264, "f54": -2.0558307237084357, "f55": -0.10916426705250215, "f6": 2.7915737257989193, "f7": -0.039318123826697526, "f8": -2.1062816505068684, "f9": -0.22477472038685953}, "datetime": {"datetime": "2023-02-03 11:40:29", "elapsed": 2714.08784, "delta": 68.576499}}
{"target": 0.32939972166963005, "params": {"f0": 2.023333608082679, "f1": -0.02029545384462672, "f10": -1.2456584191500133, "f11": -0.026468392420108677, "f12": -0.3972017089437043, "f13": 0.6743155382933582, "f14": -2.036229122232743, "f15": -0.8921446449438406, "f16": 1.2071363506208712, "f17": -0.29649698053277174, "f18": 1.9479022333516292, "f19": 0.2173292168309109, "f2": -1.097449794883213, "f20": -0.5593009201958208, "f21": 0.025916154710741157, "f22": 0.9483048021402894, "f23": 0.8751215935273916, "f24": -0.5099834273468545, "f25": -0.4907955968277302, "f26": -0.008059203216613353, "f27": 0.39427876160224606, "f28": 1.3315568734357641, "f29": -0.26444479278685074, "f3": -0.48009362479772855, "f30": 0.3454413057828165, "f31": 1.2728533570093719, "f32": -1.9679468832018696, "f33": 1.8496298440482946, "f34": -0.08607779097636659, "f35": 2.1278189794882283, "f36": -2.197085242263257, "f37": -1.6847861762452445, "f38": -1.472987713087056, "f39": 0.2824054328391806, "f4": -2.308464916234767, "f40": 1.1348659076676433, "f41": -0.012591790348311593, "f42": -2.8182351085928707, "f43": 2.4225791276074493, "f44": -2.480019737720886, "f45": -1.903045230527771, "f46": -0.03802500630867067, "f47": -2.8920594150211234, "f48": -1.7264092261230946, "f49": -2.2290108284655976, "f5": 0.2962502428673055, "f50": -0.6840340881439402, "f51": -2.2198716052388487, "f52": 0.7014457631318588, "f53": -0.45241536556509265, "f54": 0.3851936530936553, "f55": 1.026438588558578, "f6": 2.1467294140327913, "f7": -2.717498464865562, "f8": -2.056760843471558, "f9": -2.2994231801372353}, "datetime": {"datetime": "2023-02-03 11:41:41", "elapsed": 2786.227303, "delta": 72.139463}}
{"target": 0.37464821855836966, "params": {"f0": -0.5535552558529611, "f1": 2.7270535607411843, "f10": -1.2193343384597646, "f11": 1.9241841087850546, "f12": 0.15399846782427062, "f13": -0.44506789747354614, "f14": -1.0533640984427135, "f15": -0.9316002543336266, "f16": 0.9245698015139455, "f17": -1.3950846981619778, "f18": 0.7338107780731612, "f19": -2.5654215285905897, "f2": -1.1168509298827758, "f20": 0.10027368285239868, "f21": -0.790382269565652, "f22": 0.9574614344039077, "f23": 0.49556920454123243, "f24": -0.5483791331227602, "f25": -2.7959329205903067, "f26": -0.9574828898877971, "f27": -0.020097916452507913, "f28": 2.040949350575392, "f29": 0.08531469164108652, "f3": -0.08088758906000093, "f30": 1.0530633452937375, "f31": 2.2612006064034014, "f32": 0.425459131722258, "f33": 2.258456110977071, "f34": -1.2801983349552648, "f35": 1.0952588461914918, "f36": -1.6266806905658275, "f37": -0.5213962067546025, "f38": -1.4123757345759438, "f39": 1.6779982425711446, "f4": -1.7444003645049282, "f40": 1.1245924363836655, "f41": 1.4179595133337197, "f42": -2.503708124187476, "f43": 1.9833354264915268, "f44": -0.8972170595060098, "f45": 0.09840279293283061, "f46": 2.0014572476916666, "f47": -1.0243558380856115, "f48": -0.4345139582026101, "f49": -0.2529324428845068, "f5": -0.0783932649934842, "f50": 0.3483241231203489, "f51": 0.23690542414927585, "f52": 0.852251283704253, "f53": -1.3048309367146924, "f54": 0.25454382948274334, "f55": 2.252702083491905, "f6": 1.8301561831571633, "f7": -1.691992064609159, "f8": 0.5361220193235079, "f9": 0.2916325662788011}, "datetime": {"datetime": "2023-02-03 11:42:16", "elapsed": 2821.33566, "delta": 35.108357}}
{"target": 0.48241509573826674, "params": {"f0": 1.7643610410627941, "f1": 2.6875472252409, "f10": -0.3667440388045349, "f11": 0.7064242624843947, "f12": 0.23884271976091842, "f13": -0.1395519057712123, "f14": -2.944301991377091, "f15": -2.710087828688771, "f16": 0.3394370206867712, "f17": -1.4765892671772696, "f18": 1.5296004805821437, "f19": -2.3480379801314943, "f2": -1.1413475393667232, "f20": -1.0282995331097369, "f21": 0.6165502997637013, "f22": 0.6500047515150916, "f23": 2.251655004199068, "f24": 0.9024429228085449, "f25": -0.3679182162232193, "f26": -0.19335844672870373, "f27": -1.6930620752193373, "f28": 0.4673972448089053, "f29": 2.620487689467613, "f3": -0.2800467420318289, "f30": 0.7689837480625631, "f31": 1.9036177945085782, "f32": 0.12121629411168522, "f33": 1.061209228991634, "f34": -0.718814475167461, "f35": 2.3577929435851925, "f36": -1.3198440479399225, "f37": -2.0698732654636394, "f38": 0.3893761518048775, "f39": 1.000119246135771, "f4": 0.47876034789953437, "f40": 0.6694743912453353, "f41": 0.369284758283168, "f42": -1.3456012052477824, "f43": 2.447928647584877, "f44": 0.11722053749000416, "f45": 0.09979655697098533, "f46": -0.029661233000070952, "f47": -0.022691816646013496, "f48": -1.4336525546445795, "f49": -2.5354254734879094, "f5": -2.2311275108039954, "f50": -2.5051259771061654, "f51": 0.34489647559468084, "f52": 1.238729239363873, "f53": -1.2111632607537, "f54": -1.3464240552229039, "f55": 0.20992327202889838, "f6": 0.6050157439568778, "f7": -0.06080819980088714, "f8": -0.2890378450099578, "f9": -2.900067494938052}, "datetime": {"datetime": "2023-02-03 11:43:19", "elapsed": 2884.501441, "delta": 63.165781}}
