{"target": 0.330732555803527, "params": {"f0": 1.892361750240269, "f1": 1.8339330195630406, "f10": -0.46980592887031286, "f11": 0.21212441082085737, "f12": -0.998943750704242, "f13": -1.3593330985860268, "f14": -2.0060150248842614, "f15": 0.8245688677250631, "f16": 0.6691306819028462, "f17": 0.23807019911019922, "f18": 1.6541972312491442, "f19": -0.3261845741148386, "f2": -0.6063736037259172, "f20": 1.1343814326395776, "f21": 0.7895851974382879, "f22": -0.4843001633111663, "f23": -0.38564019293236995, "f24": -0.5243352371994479, "f25": -2.414578208318612, "f26": -0.7054021434205806, "f27": 0.5445987697483625, "f28": 0.029115059685822314, "f29": 1.538514671642933, "f3": 0.3578989872588207, "f30": -0.5997946675585227, "f31": 0.1368496570367753, "f32": -0.01634128911830085, "f33": -2.369778286156256, "f34": 2.7506762379634857, "f35": 1.2456824769922008, "f36": -0.9869250401234444, "f37": -0.6144686109426845, "f38": -0.10951948910083825, "f39": 1.5969425034542164, "f4": -0.08088047742365634, "f40": -1.7427989051063555, "f41": 1.5986349993530977, "f42": 2.2989536710849334, "f43": 0.10377404249506195, "f44": 1.0887264968993617, "f45": -0.9026839106207334, "f46": 0.1638635035823115, "f47": 0.6773737753678654, "f48": -2.121203525556745, "f49": -0.5691268081437496, "f5": -1.1489587509816759, "f50": -1.72861195372714, "f51": 0.6903498796905563, "f52": -0.7299284545244615, "f53": -0.04606416085885748, "f54": 2.436016216658949, "f55": 0.5944110986834836, "f6": -1.48785366561953, "f7": -0.47210143993011905, "f8": 1.9170313875938159, "f9": 1.6933534069632261}, "datetime": {"datetime": "2023-01-30 13:27:28", "elapsed": 6124.531412, "delta": 47.915704}}
{"target": 0.4234198425058476, "params": {"f0": 2.416891427367473, "f1": 1.3406145798488307, "f10": -0.31048169980800056, "f11": 0.2671725316921531, "f12": -1.4635237801649497, "f13": -0.4117106021868745, "f14": -2.509960606206132, "f15": 1.6259753601734026, "f16": 1.350359617586182, "f17": -0.1794148288949718, "f18": 0.9724802003444651, "f19": -1.3002149713583582, "f2": 0.08688974976774055, "f20": 2.2999254253484933, "f21": 0.39102005162519154, "f22": -0.5610374223991118, "f23": 0.21768568510420994, "f24": -2.036472685195147, "f25": -2.3873575418357924, "f26": -2.1823732351778857, "f27": 0.7574519142700634, "f28": 0.15764185134851136, "f29": 1.0530021000170977, "f3": 0.36575329842851595, "f30": -1.4371877071330705, "f31": 0.5940414720281028, "f32": 0.3471098499960344, "f33": -2.8902190454961234, "f34": 2.7855596147419246, "f35": 1.343907480238889, "f36": -0.614756996855534, "f37": -1.005038103069683, "f38": -0.04456307159002232, "f39": 1.7739214016356186, "f4": -0.026577074560830694, "f40": -0.700046258199706, "f41": 0.9359879591505083, "f42": 0.9779508417096884, "f43": -0.3212233411783132, "f44": 0.7449343071940571, "f45": -0.16358029625290238, "f46": 0.3333440050944121, "f47": 0.7814625760773665, "f48": -1.0818664338151347, "f49": -0.46362122428618135, "f5": -1.1534657668745274, "f50": -1.0575287408277194, "f51": 0.49364378221747324, "f52": -0.8937762568272853, "f53": 0.49866121255637125, "f54": 1.3660526959171795, "f55": 0.924767093587433, "f6": -1.995024591958814, "f7": -0.32088145907678645, "f8": 0.7155916466880554, "f9": 2.2635891845448213}, "datetime": {"datetime": "2023-01-30 13:29:07", "elapsed": 6223.758213, "delta": 99.226801}}
{"target": 0.7176747449335384, "params": {"f0": 0.8931503883111285, "f1": 1.9626069872394785, "f10": -0.43125374527871585, "f11": 0.21958994374203178, "f12": -2.007899486864449, "f13": -1.1452389713536382, "f14": -2.265152445657809, "f15": 1.3599346123588227, "f16": 0.4696726001855452, "f17": 0.12653924459224541, "f18": 2.6959434140177554, "f19": -0.3053446512760427, "f2": 0.0709412696219347, "f20": 1.328532117785382, "f21": 0.2347626798323228, "f22": -1.361570546118807, "f23": 0.15660063826366044, "f24": -2.654519666820335, "f25": -0.983236187630234, "f26": -2.0512685405852307, "f27": 1.0473097693015845, "f28": 0.1208274241435646, "f29": 1.7990743940859741, "f3": 0.3079818696457349, "f30": -1.0311111731574352, "f31": 0.03333505634326428, "f32": 0.015049561611685427, "f33": -1.7143618540265888, "f34": 2.8746776033509347, "f35": 1.0307162896463897, "f36": -2.2054244100930633, "f37": -1.0434719614397296, "f38": 0.12728589817200814, "f39": 1.39263454103236, "f4": -0.3664277375514915, "f40": -1.4648015433391097, "f41": 0.6710422654180648, "f42": 2.252673421015136, "f43": 0.12661734912335543, "f44": 1.7076761589210079, "f45": -0.7110027872784432, "f46": -0.3112201605184148, "f47": 0.08351306985736769, "f48": -1.2389606356540828, "f49": -0.48008955916465346, "f5": -1.4124560836776188, "f50": -0.8097815887273148, "f51": 0.7280382576155537, "f52": -1.2980139647619018, "f53": 0.0008278855223540771, "f54": 1.9451682370516947, "f55": 0.3898959340281286, "f6": -1.7563680246833469, "f7": -0.02606420909254259, "f8": 0.5826245023399318, "f9": 1.288939880758763}, "datetime": {"datetime": "2023-01-30 13:29:58", "elapsed": 6274.360926, "delta": 50.602713}}
{"target": 0.19904533453529452, "params": {"f0": 1.7934948619894473, "f1": 1.9952331791905198, "f10": -0.38229736061042285, "f11": 0.7765078253437264, "f12": -2.062004988111535, "f13": -1.243687227325083, "f14": -2.238968542866246, "f15": 1.23332186040624, "f16": 1.346025763586268, "f17": 0.23932763801621892, "f18": 1.0795862840612103, "f19": -0.8691469833492059, "f2": 0.0020487192830380696, "f20": 0.7779866460075975, "f21": 0.009560132287785614, "f22": -0.38851300318760296, "f23": -0.06812076708778814, "f24": -0.9847831296295801, "f25": -0.9458025237574867, "f26": -1.4189457523554738, "f27": 0.8734708330149975, "f28": 0.6218746411092172, "f29": 1.4081885850883749, "f3": 0.16922099819301412, "f30": -0.6329440106792796, "f31": 0.1707070775298378, "f32": 0.09415900287888282, "f33": -0.5180665765979802, "f34": 1.9761526215976124, "f35": 1.0712826898324848, "f36": -2.101586750096681, "f37": -0.6805267970583777, "f38": -0.23047249576829393, "f39": 2.4359027611160213, "f4": -0.8307118722024986, "f40": -0.9561604862382947, "f41": 1.736105052805108, "f42": 2.850687834161963, "f43": -0.14044405911930985, "f44": 2.2182045344664165, "f45": -0.45715889635024487, "f46": -0.25491279476050965, "f47": 0.5983437864452841, "f48": -2.6730880088549163, "f49": -1.20131721854086, "f5": -0.45596304112363906, "f50": -2.10467929346509, "f51": 0.37908289973636544, "f52": -0.46032967912443823, "f53": -0.1224019202121627, "f54": 0.6761158254810085, "f55": 0.8032814115169294, "f6": -0.9999389800058183, "f7": -0.3354559577076406, "f8": 0.986250980940383, "f9": 0.8869835343910084}, "datetime": {"datetime": "2023-01-30 13:30:52", "elapsed": 6329.119931, "delta": 54.759005}}
{"target": 0.07269310977410379, "params": {"f0": 0.6920754671748119, "f1": 1.6935143683275835, "f10": -0.6574985135759852, "f11": -0.04754407270571579, "f12": -0.6271517227012264, "f13": -1.0823060752574505, "f14": -0.9310866834297489, "f15": 0.6472874680090581, "f16": 1.0217033181214064, "f17": 0.23919790990460177, "f18": 2.9765989642083, "f19": -0.6549318643400968, "f2": -0.04857828149367449, "f20": 1.7156390148454057, "f21": 0.3402907741232557, "f22": -0.5163750122999389, "f23": 0.15918940331663267, "f24": -0.9842025865030255, "f25": -1.397177464673796, "f26": -1.9275325014580709, "f27": 0.6823317370709663, "f28": 0.3844787445859117, "f29": 1.7876218132699782, "f3": 0.2281375590175499, "f30": -1.1145572282627134, "f31": -0.02434477704330862, "f32": 0.1173904353199525, "f33": -1.2393005820254273, "f34": 2.504408445650179, "f35": 1.8034264553095904, "f36": -1.4691842804187547, "f37": -0.33349260208327847, "f38": -0.32441082626278744, "f39": 2.003514858520905, "f4": -0.38674807148526175, "f40": -1.7579385789226667, "f41": 1.5816777519327259, "f42": 1.0224518983864717, "f43": -0.39458641270653283, "f44": 2.080380748396067, "f45": -0.6354729890371655, "f46": 0.18646575072688887, "f47": 0.4658738056143487, "f48": -2.17501712732594, "f49": -1.1297083992516967, "f5": -0.6305158992147556, "f50": -1.172682699513354, "f51": 0.6143299894564052, "f52": -0.4911412435159893, "f53": 0.22866535123041054, "f54": 1.8768065330467008, "f55": 0.6539482973064024, "f6": -1.3260424766084649, "f7": -0.5570098647369507, "f8": 1.7175942222470817, "f9": 0.8487418075742241}, "datetime": {"datetime": "2023-01-30 13:31:54", "elapsed": 6390.484787, "delta": 61.364856}}
{"target": 0.2857685084382821, "params": {"f0": 1.989565731750155, "f1": 0.6977781980363069, "f10": -0.22645708424259026, "f11": 0.13863001585835028, "f12": -2.957270182773548, "f13": -0.686145748812513, "f14": -0.5380325844188816, "f15": 0.5333500500103587, "f16": 0.8642155345588325, "f17": -0.3359356893911378, "f18": 0.5311168083322335, "f19": -0.99829769605337, "f2": -0.005981741234484694, "f20": 2.0855196039314277, "f21": 0.14469496538788934, "f22": -1.1546800549977398, "f23": -0.20276232918060982, "f24": -2.798293929725534, "f25": -2.1605260720209, "f26": -2.282728064541433, "f27": 0.46650012773515237, "f28": 0.5509835007647732, "f29": 2.005136007344872, "f3": -0.10503699601797223, "f30": -1.3512874980062346, "f31": 0.14333553367658317, "f32": 0.2793004889954903, "f33": -2.8223199128369747, "f34": 0.6219719757044758, "f35": 0.9316844326079496, "f36": -0.5547959897364276, "f37": -0.8109784722923576, "f38": -0.09499364347230682, "f39": 2.872721119395508, "f4": -0.13501770761040177, "f40": -0.8790352297988695, "f41": 1.5573418302274873, "f42": 1.002139061353192, "f43": -0.20515124903867366, "f44": 2.456018582575468, "f45": -0.46773658417458874, "f46": -0.11547412911096439, "f47": -0.09971928675702382, "f48": -1.9401892072661824, "f49": -0.5339781192295625, "f5": -1.0689519120744873, "f50": -1.167953580243214, "f51": 0.7290581839113972, "f52": -1.0415290837484108, "f53": 0.5533990704831686, "f54": 2.2243314845752273, "f55": 0.3382035939998256, "f6": -0.6200217123636045, "f7": -0.1921487773448718, "f8": 1.0477537065436007, "f9": 1.3558193411942927}, "datetime": {"datetime": "2023-01-30 13:32:51", "elapsed": 6447.618926, "delta": 57.134139}}
{"target": 0.13995432513614744, "params": {"f0": 2.237093035847656, "f1": 1.9518869672058765, "f10": -0.8309345328423563, "f11": 0.36013622329129835, "f12": -1.3170178961879704, "f13": -0.6346808292334134, "f14": -2.864247290650398, "f15": 1.3283633260150132, "f16": 0.6894541629385602, "f17": 0.07466618798174252, "f18": 0.7388729106276419, "f19": -1.0090050733053673, "f2": -0.4149444651801571, "f20": 1.0905299406872522, "f21": 0.582464223753291, "f22": -0.5814332538810039, "f23": 0.16094690872300677, "f24": -1.1454882173699283, "f25": -0.6091248530489946, "f26": -2.2123743069426216, "f27": 0.5993044804377083, "f28": 0.24355715524584617, "f29": 2.12093203114855, "f3": 0.48277632268382215, "f30": -1.4298804505564542, "f31": 0.08872495975721734, "f32": 0.6604757251669051, "f33": -2.6524355680001257, "f34": 2.9600082645844283, "f35": 1.0508636516773253, "f36": -1.9938155442396432, "f37": -0.1202370587294922, "f38": -0.35389099596255497, "f39": 2.429958380924787, "f4": -0.7550955895105084, "f40": -1.2814633760924545, "f41": 1.5139888464001272, "f42": 2.091478662874918, "f43": -0.32076288606737985, "f44": 0.9981824037185805, "f45": -0.7569406229919757, "f46": -0.15259477348101297, "f47": 0.544727827847376, "f48": -0.5031019200175146, "f49": -1.239553027141711, "f5": -0.3929038400671796, "f50": -1.6680648922382675, "f51": 1.4339105694063377, "f52": -0.9262671383798735, "f53": 0.34944080973324826, "f54": 0.9540433059729534, "f55": 1.4464401024042504, "f6": -1.944787736942709, "f7": -0.3959885358835462, "f8": 1.0783560433760582, "f9": 0.6463207962112598}, "datetime": {"datetime": "2023-01-30 13:34:00", "elapsed": 6516.569213, "delta": 68.950287}}
{"target": 0.21276508751730586, "params": {"f0": 2.7648688894535356, "f1": 2.1602621340562806, "f10": -0.0013469580401056502, "f11": 0.553959980755528, "f12": -0.9307821615121745, "f13": -0.7770467142269557, "f14": -1.1910896644566424, "f15": 0.9553872705909232, "f16": 0.8245591250115105, "f17": -0.0004147762347351813, "f18": 0.7823859598991423, "f19": -1.043852621258921, "f2": -0.668753697075287, "f20": 1.7977251772462262, "f21": 0.5867172022838881, "f22": -0.9581695448586051, "f23": -0.1819665697360517, "f24": -0.6486330902901916, "f25": -2.602822491435624, "f26": -2.261786049807674, "f27": 0.28211407623036433, "f28": 0.2235309790647653, "f29": 1.1382384392923872, "f3": 0.41193869975531044, "f30": -0.826811307926608, "f31": 0.3049492721772361, "f32": 0.6784477929638442, "f33": -0.7004424590772431, "f34": 0.6753004102855635, "f35": 1.3245738640719975, "f36": -1.934007583006071, "f37": -0.7361913542499952, "f38": -0.3449618832041351, "f39": 1.6994447304250344, "f4": 0.03673909753824767, "f40": -0.44917185813385085, "f41": 1.7506601292048223, "f42": 2.904369057968272, "f43": -0.22253091309676465, "f44": 1.303154328819107, "f45": -0.48973439979805633, "f46": 0.3282256294593987, "f47": 0.5642922613344379, "f48": -1.590036857494681, "f49": -1.1366929552141725, "f5": -1.0763231388102108, "f50": -1.7308602344809805, "f51": 0.7197361511600513, "f52": -0.2679354162765273, "f53": 0.5132396830484778, "f54": 1.0305922035325892, "f55": 0.38915711471852854, "f6": -0.5338084211823779, "f7": -0.12493794381202328, "f8": 1.8454105867202268, "f9": 1.8411222225372361}, "datetime": {"datetime": "2023-01-30 13:35:33", "elapsed": 6609.729537, "delta": 93.160324}}
{"target": 0.3500072205863567, "params": {"f0": 1.0717238790399763, "f1": 0.5492766761903389, "f10": -0.44565442131122945, "f11": 0.18704091257360755, "f12": -1.8133429498240246, "f13": -1.3043491302560906, "f14": -2.8544847636560067, "f15": 1.588330025761394, "f16": 0.7774777638413499, "f17": -0.20101959211563425, "f18": 0.8297183627610474, "f19": -1.2210598857399502, "f2": -0.7159599603720236, "f20": 2.2482784145473715, "f21": -0.0157838861638186, "f22": -0.5137972069459404, "f23": -0.246447709639792, "f24": -2.3429862029471042, "f25": -1.1011313327498544, "f26": -2.731714783879212, "f27": 0.37635499530225697, "f28": 0.6115375240104703, "f29": 0.5088685417264073, "f3": -0.2257402558981494, "f30": -0.5950771447330391, "f31": 0.0019063007990892111, "f32": 0.6845257087643368, "f33": -0.5508160134409148, "f34": 0.6235376289732042, "f35": 0.6312640806387462, "f36": -0.4782560325925094, "f37": -1.1119155244927639, "f38": 0.3640233763876923, "f39": 2.185173769827741, "f4": -0.6962517391634175, "f40": -0.9241658200455268, "f41": 0.9983273467175657, "f42": 0.5592267482234562, "f43": -0.07564822224929008, "f44": 1.921757777353331, "f45": -0.9929889244594297, "f46": -0.12804171137414433, "f47": 0.1261627603053454, "f48": -2.6936594776873375, "f49": -1.234686348950801, "f5": -1.1385770791087975, "f50": -0.49041520182470544, "f51": 1.2736646465802264, "f52": -1.1440278122754295, "f53": 0.45649299876704547, "f54": 1.6303671202402894, "f55": 0.6154469280998683, "f6": -0.44523825920526927, "f7": -0.45740817960239744, "f8": 0.7503317767528648, "f9": 0.8366137472746176}, "datetime": {"datetime": "2023-01-30 13:37:08", "elapsed": 6704.30056, "delta": 94.571023}}
{"target": 0.5111408576346894, "params": {"f0": 0.49863099172070297, "f1": 1.7677456349232081, "f10": -0.36732241195166215, "f11": 0.5758549404434783, "f12": -1.7575105857626696, "f13": -0.30627011296554785, "f14": -0.6725755642214839, "f15": 1.013671029727716, "f16": 0.6419772811423722, "f17": -0.1496248010798193, "f18": 1.6093498902097034, "f19": -0.9498154761796195, "f2": -0.4426458216445719, "f20": 1.9768128273156504, "f21": 0.7420023102445414, "f22": -1.4734459932362058, "f23": -0.3737551327727415, "f24": -1.6072712222166863, "f25": -2.1861459228523583, "f26": -0.9803599331837942, "f27": 0.6462699260057189, "f28": 0.4012169290589802, "f29": 1.86397079597347, "f3": 0.32192638074815755, "f30": -1.3543497212021252, "f31": -0.018462237063381376, "f32": 0.3556242629687916, "f33": -1.4900467140854552, "f34": 2.9042612165688255, "f35": 1.7188563068718894, "f36": -0.5390229434555367, "f37": -0.3939009564709439, "f38": -0.38626755605514906, "f39": 2.091112831662424, "f4": -0.3539240668709121, "f40": -0.9523550149047835, "f41": 1.7845789310914735, "f42": 2.7840703875094697, "f43": -0.39641209096484, "f44": 2.266133476496963, "f45": -0.25041746127014053, "f46": 0.36820169895716504, "f47": 0.4086573897665045, "f48": -0.9338839000237096, "f49": -1.365406140942867, "f5": -1.1625798372677587, "f50": -1.8883080951052875, "f51": 0.6846493366944583, "f52": -1.0316154320684003, "f53": 0.1356787785349095, "f54": 1.9334244836869345, "f55": 1.3131360171693816, "f6": -0.8217719688317267, "f7": -0.6947401037895634, "f8": 1.7426038246301583, "f9": 2.5909089974058177}, "datetime": {"datetime": "2023-01-30 13:38:10", "elapsed": 6766.6647, "delta": 62.36414}}
{"target": 0.35262328934991105, "params": {"f0": 2.8398070548827454, "f1": 1.4845047773701752, "f10": -0.2666931604462983, "f11": 0.4451492419188927, "f12": -2.0429466416735917, "f13": -0.4810382430519585, "f14": -1.2882317212071095, "f15": 1.4038792546038794, "f16": 1.0638484466420712, "f17": -0.02555389674861447, "f18": 2.04798557114541, "f19": -1.2874232955373242, "f2": -0.7733566019311174, "f20": 1.115700562070054, "f21": 0.06710009442679654, "f22": -0.95241935846939, "f23": 0.1436338557505661, "f24": -2.187139236060925, "f25": -2.1698455005730017, "f26": -2.122638643682616, "f27": 0.41713426073119875, "f28": 0.5043006962858992, "f29": 2.0398261887234006, "f3": 0.2306035777336693, "f30": -1.3121675639211325, "f31": -0.14690620120001568, "f32": 0.17678465692548026, "f33": -2.6254182895311464, "f34": 0.7182851131965595, "f35": 2.1273686240203307, "f36": -1.0993186980778467, "f37": -0.8752316849770234, "f38": 0.30697329349993924, "f39": 1.020294172012526, "f4": 0.031346970172555166, "f40": -0.5017105505538775, "f41": 1.2289614967012594, "f42": 0.511454124912502, "f43": 0.14068942110615146, "f44": 1.5875110035616384, "f45": -0.5470077919760086, "f46": -0.35202328283002915, "f47": 0.6981268048354567, "f48": -2.2093146279491154, "f49": -0.3556132979081499, "f5": -0.8589264247444917, "f50": -1.3626226037804525, "f51": 0.4588803312430263, "f52": -1.255045014013789, "f53": 0.3271209155000399, "f54": 1.9806096332290732, "f55": 0.8971305365029361, "f6": -1.9499621164824181, "f7": 0.03592327439777554, "f8": 2.070355089600514, "f9": 2.5590557736579265}, "datetime": {"datetime": "2023-01-30 13:40:15", "elapsed": 6892.092017, "delta": 125.427317}}
{"target": 0.24590215457604664, "params": {"f0": 1.0874477546295847, "f1": 2.3163802971135445, "f10": -0.016057958755910873, "f11": 0.356923142477049, "f12": -2.3001922650861264, "f13": -0.4215558494517776, "f14": -1.8107614356117825, "f15": 0.8685069498756282, "f16": 1.2361198193923697, "f17": -0.12103537731542341, "f18": 1.7859584964848203, "f19": -0.930738702169052, "f2": -0.7248679663044766, "f20": 1.9986159614367074, "f21": 0.320472686458347, "f22": -0.5476886328761957, "f23": -0.06151783986259185, "f24": -1.7730873770477835, "f25": -1.1040902443433334, "f26": -2.977767426161638, "f27": 0.8865825744840478, "f28": -0.07941666609887715, "f29": 1.3097432134797846, "f3": 0.46424236897944243, "f30": -0.5585797480555637, "f31": -0.12097945062904611, "f32": 0.2477374474511494, "f33": -2.074627838364945, "f34": 2.2044229541488773, "f35": 1.6935694853259673, "f36": -1.2980829697269043, "f37": -0.2334570866000385, "f38": -0.1342700247022428, "f39": 1.0482801481395223, "f4": -0.5858038377913803, "f40": -1.4441456973478142, "f41": 1.3566020672223447, "f42": 2.055194256807823, "f43": 0.08588720101865488, "f44": 2.113368987536961, "f45": -0.21066460596508063, "f46": 0.2529169527141697, "f47": 0.23701106891966683, "f48": -2.9640235539675373, "f49": -0.678005219641971, "f5": -0.5934134323562322, "f50": -2.098395084029818, "f51": 0.7911860653091523, "f52": -0.30543169533335246, "f53": 0.3907520199938566, "f54": 2.0216556541264485, "f55": 0.5887077995566128, "f6": -1.4204024770649737, "f7": -0.19196683940924164, "f8": 0.605496855154025, "f9": 2.9345464256784908}, "datetime": {"datetime": "2023-01-30 13:41:04", "elapsed": 6940.992303, "delta": 48.900286}}
{"target": 0.09699390932085893, "params": {"f0": 2.1787957666015885, "f1": 1.1973824331426193, "f10": -0.26460101891889753, "f11": 0.7420431496019534, "f12": -2.099230573286868, "f13": -0.7958296620484515, "f14": -2.4351777901995395, "f15": 0.6606092890768603, "f16": 1.2241229721251232, "f17": -0.2212073145843954, "f18": 2.0579694623405382, "f19": -1.342375020396606, "f2": -0.18400412594212623, "f20": 1.7055825399034767, "f21": 0.24418921507331853, "f22": -0.7065957305480193, "f23": -0.09399065062327056, "f24": -1.1273105588372339, "f25": -0.4707362259837722, "f26": -1.5897357100915763, "f27": 1.0409100575157775, "f28": 0.2171986829695002, "f29": 1.9194028683585682, "f3": -0.24028506978086173, "f30": -0.5434241439821597, "f31": 0.3052208601627032, "f32": -0.011355426127634738, "f33": -2.198849315980295, "f34": 1.8603030702022592, "f35": 0.5386837049102623, "f36": -1.7651513909917111, "f37": -0.22156574187972256, "f38": -0.3371690929714134, "f39": 1.194605532978363, "f4": -0.8086145934557959, "f40": -1.0446611554637895, "f41": 1.4094614117547986, "f42": 0.9198539094001124, "f43": -0.04693577862508741, "f44": 1.7183817231372864, "f45": -0.37746087606505874, "f46": -0.30228303267299006, "f47": 0.011075903327091977, "f48": -2.355961213979887, "f49": -0.9562622426782825, "f5": -1.320816733416739, "f50": -2.0714286283547523, "f51": 0.9301137317174324, "f52": -0.3386675410712747, "f53": 0.1969393045158251, "f54": 1.1182980150092015, "f55": 0.7492738263935719, "f6": -1.507364864235837, "f7": -0.561597789543399, "f8": 1.6614018234749826, "f9": 1.2110172856089343}, "datetime": {"datetime": "2023-01-30 13:42:36", "elapsed": 7032.715531, "delta": 91.723228}}
