{"target": 0.42946439450093327, "params": {"f0": -1.6245146982573873, "f1": 3.025186179776266, "f10": 0.2668430006518737, "f11": -2.143805627728707, "f12": 0.9451155671024395, "f13": 0.420680997692341, "f14": 0.6847506690059766, "f15": -0.5046372832607644, "f16": -0.6159124360510101, "f17": 0.07314811422280454, "f18": -0.5726034921422447, "f19": 0.1786331257907681, "f2": 0.34044725798246, "f20": 0.04172710849935124, "f21": -1.3038230617463586, "f22": 0.05477673393427274, "f23": -1.1072997380433183, "f24": -1.271354494116201, "f25": -1.0410155531927379, "f26": -1.369942704292904, "f27": 0.21019706151276504, "f28": -0.05719778632717021, "f29": -0.06524089543445233, "f3": -0.4085414124538782, "f30": -0.4588571584331307, "f31": -0.5006742438781453, "f32": -1.6124638549560286, "f33": -0.43717886327655275, "f34": 0.030465269925335357, "f35": -1.3398399094421047, "f36": 0.8661594803062637, "f37": -2.0424137756641, "f38": 0.345210122013241, "f39": -0.6600824739362133, "f4": -0.24513943828938167, "f40": 0.5593837032623479, "f41": 0.005387333662294158, "f42": 0.40067183018251673, "f43": -0.402953045376679, "f44": -0.6399084864424562, "f45": 1.1887157198820864, "f46": -0.7253623689840722, "f47": -0.2901973670008431, "f48": 0.5089894074725679, "f49": -0.5794533260537972, "f5": 0.3206079543322895, "f50": 0.4111104508978882, "f51": -0.21038317759594327, "f52": 1.9329732937925606, "f53": 1.0861899856703436, "f54": -0.9284182881386691, "f55": -0.16260884658250285, "f6": 0.029749204923057326, "f7": -1.5337196631150654, "f8": 1.8481912126506186, "f9": 0.1599314245919069}, "datetime": {"datetime": "2023-02-03 16:05:50", "elapsed": 5032.140341, "delta": 60.375797}}
{"target": 0.1349432978684277, "params": {"f0": -2.0813394247702663, "f1": 2.985472309182521, "f10": 0.5917943349826293, "f11": -2.461569545865539, "f12": 1.8335176723169377, "f13": -0.21902957749561913, "f14": 0.026183181508336983, "f15": -0.5361372305475087, "f16": -0.3038180114108967, "f17": -0.9419098682507319, "f18": -0.7325552309235113, "f19": 1.3182340246586965, "f2": 0.3109567382462104, "f20": -0.3964143524449809, "f21": -2.1539689254411907, "f22": 0.24653797051146864, "f23": -1.8337865554689121, "f24": -0.9594988751981188, "f25": -0.6601622118390884, "f26": -0.5634309523436236, "f27": 0.920286954297203, "f28": -0.3662894719670746, "f29": 0.09939236494373105, "f3": -1.016463799980726, "f30": -0.5054781379100302, "f31": -0.6941082565338935, "f32": -1.911059677158433, "f33": 0.283664015717511, "f34": 0.7490787563474414, "f35": -2.4460992383358793, "f36": 0.7161456654632139, "f37": -2.337916600530167, "f38": 0.030248639955456458, "f39": -0.5729213821732992, "f4": -1.388274905891149, "f40": 0.18436304154762712, "f41": 0.09836794835984997, "f42": 0.7516659147511284, "f43": 0.6582319114527563, "f44": -0.8006084062059835, "f45": 0.963179384192171, "f46": -0.25960228859458545, "f47": -0.6840253807522441, "f48": 2.147027298655008, "f49": 0.2461480830517503, "f5": 0.181056428275162, "f50": -0.0181855871920322, "f51": -0.3315596724430584, "f52": 0.8300308936605584, "f53": 1.795453480276884, "f54": -1.0761782755947589, "f55": -0.45608561488237354, "f6": -0.24238646997428995, "f7": -0.19700768269454794, "f8": 0.13275790585769062, "f9": 2.983130302762337}, "datetime": {"datetime": "2023-02-03 16:06:52", "elapsed": 5093.779934, "delta": 61.639593}}
{"target": 0.22175649110788873, "params": {"f0": -2.244438563587139, "f1": 1.3152894103735098, "f10": 0.31524538989169404, "f11": -1.3208429688221175, "f12": 2.1189838937965795, "f13": -0.7176670549114269, "f14": -0.472732926192335, "f15": -0.5483328271723396, "f16": -1.163787666015903, "f17": -0.5450934345695513, "f18": 0.2958691274046402, "f19": 0.18602229477900953, "f2": -0.15419819604109647, "f20": -0.3025561410190083, "f21": -1.0094735960934753, "f22": -0.3876771562003316, "f23": -0.3594334373839829, "f24": -1.6006737641988291, "f25": -0.5017627127794619, "f26": -0.5825998437973199, "f27": 0.7627747392840505, "f28": -0.8062606906911455, "f29": 0.15603306630980673, "f3": -1.5339533720333856, "f30": -0.6781938922380977, "f31": 0.10378396732007167, "f32": -1.6276832849337055, "f33": 0.12458122145127137, "f34": 0.328665288041333, "f35": -2.5340511026769352, "f36": 1.9142006466538193, "f37": -1.77061585199606, "f38": -0.3363899417308003, "f39": -1.1570974491796044, "f4": -1.2515334995000642, "f40": 0.5122028799181753, "f41": 0.34982353208318995, "f42": 1.0017578470170887, "f43": 0.4540606833269395, "f44": -1.0707773250881578, "f45": 1.6455189465093756, "f46": -1.020849249771149, "f47": 0.2616247705322159, "f48": 0.4616388328132917, "f49": -0.10699806124959721, "f5": -0.3563264603209528, "f50": 1.6750868609097271, "f51": -0.23057923530760005, "f52": 1.1805934479900373, "f53": 2.406348635122675, "f54": -1.4060415456644457, "f55": 0.40294614338385626, "f6": -0.023819138866980394, "f7": -0.3966652927017027, "f8": 0.2848520876705015, "f9": 2.031651407299637}, "datetime": {"datetime": "2023-02-03 16:07:37", "elapsed": 5138.844585, "delta": 45.064651}}
{"target": 0.20968278246168093, "params": {"f0": -2.4070715106619747, "f1": 1.2939572197360765, "f10": 0.1909020751196312, "f11": -2.0411993600316802, "f12": 2.456457522272832, "f13": -0.011744577685045443, "f14": 0.18716346962071495, "f15": -1.501361724033411, "f16": -0.8215620350790019, "f17": -0.2662586664002081, "f18": -0.5376015316906833, "f19": 0.6880725262477295, "f2": -0.5218188117156138, "f20": -0.3341580344718657, "f21": -0.8126293082538418, "f22": -0.5098039361971589, "f23": -1.1790619459132015, "f24": -0.3442732608457597, "f25": -0.37633602511690256, "f26": -1.346873180470837, "f27": 2.5849008660750488, "f28": -0.3619911675437073, "f29": -0.11936814441294585, "f3": -0.43834214869236665, "f30": 0.2580671314040741, "f31": 0.1974862971547292, "f32": -0.34606590160712436, "f33": -0.21238051070409508, "f34": 1.328580325258553, "f35": -2.414267447144792, "f36": 1.3116528691940463, "f37": -2.805939239736538, "f38": 0.551359083218913, "f39": -1.0439703584580406, "f4": -0.5646317247743189, "f40": 0.9037990213165186, "f41": 0.04251046244899381, "f42": 1.2568223402855119, "f43": 0.5899307105154445, "f44": -0.6548484162502481, "f45": 1.6601615137030554, "f46": -0.7080071012969911, "f47": -0.13238344721231932, "f48": 2.3744480429452617, "f49": 0.042227684470815596, "f5": -0.5491440481850496, "f50": 0.5020534116722439, "f51": -0.4592707343577756, "f52": 0.5367943845281931, "f53": 1.5241140262423396, "f54": -0.3671740763192948, "f55": -0.44761472508804334, "f6": 0.17442978491288624, "f7": -0.9876344554911637, "f8": 0.42957403603812905, "f9": 1.5703427039919222}, "datetime": {"datetime": "2023-02-03 16:08:21", "elapsed": 5183.141979, "delta": 44.297394}}
{"target": 0.1591922740609812, "params": {"f0": -1.9443173217206504, "f1": 2.9665470922165227, "f10": 0.3373653869941835, "f11": -1.3981035087113372, "f12": 2.4288421110941085, "f13": -0.3377682593399831, "f14": -0.16668050492059377, "f15": -1.3291053293565844, "f16": -0.6502529367458847, "f17": -0.9027922769514217, "f18": 0.08568636539481056, "f19": 1.0906681317296316, "f2": -0.22619476650874348, "f20": 0.2284292787968779, "f21": -1.1514515896304962, "f22": -0.8393411758459777, "f23": -0.7464377598105578, "f24": -2.0393902325863777, "f25": -1.0821691077685096, "f26": -0.3998262390167766, "f27": 0.9551001684391731, "f28": -0.7507381629098544, "f29": 0.15764610286748382, "f3": -1.1808157822750767, "f30": 0.1952163480025273, "f31": -0.33011644966113823, "f32": -1.0058646126339974, "f33": 0.012520902936763889, "f34": 1.386151266043597, "f35": -1.861592238843024, "f36": 0.3991983578951191, "f37": -2.2098040765372846, "f38": 0.6566915576781504, "f39": -0.001554930511898256, "f4": -0.9457646670716218, "f40": 0.8720421199213535, "f41": 0.5968899191082508, "f42": 0.32081151654696466, "f43": 0.634532630435298, "f44": -0.30684123447202605, "f45": 0.4925183945938942, "f46": -0.26424692650327164, "f47": -0.1832588830177556, "f48": 0.5170238373556513, "f49": 0.3531768935143864, "f5": -0.5842815004839618, "f50": 0.25703445096299227, "f51": -0.39836934605340923, "f52": 2.4002291118949555, "f53": 0.32975702420339603, "f54": -0.20308649559733194, "f55": -0.7122271071032101, "f6": 0.7007197705454498, "f7": -0.17166510803941604, "f8": 0.16790551037307358, "f9": 2.0448734002024973}, "datetime": {"datetime": "2023-02-03 16:09:27", "elapsed": 5248.437712, "delta": 65.295733}}
{"target": 0.5819509371576206, "params": {"f0": -0.1961138578703192, "f1": 1.4265169246216163, "f10": 0.48255350360870697, "f11": -1.2474359797356398, "f12": 2.5186547743895615, "f13": 0.2801530994149778, "f14": 0.22775427513732116, "f15": -1.0915030407441928, "f16": -0.18002326549744274, "f17": -0.3368662254687371, "f18": -0.5737890146954198, "f19": 0.4974835771910558, "f2": 0.5482952224185669, "f20": -0.5695652058757271, "f21": -1.9767234089702308, "f22": -0.7403183245842215, "f23": -1.5866364598837535, "f24": -0.35767079480469044, "f25": 0.001681089288247728, "f26": -1.1043445493733617, "f27": 1.737729832268219, "f28": -0.11999804227632604, "f29": -0.03677881306942099, "f3": -1.0942207656965608, "f30": -0.848627668875997, "f31": -0.1564325968453001, "f32": -1.9974353236227835, "f33": 0.07166247972598949, "f34": 1.6380592944282937, "f35": -0.9068928180096751, "f36": 1.666110094736608, "f37": -1.5321030446285362, "f38": 0.15330580699065444, "f39": -0.540151945984949, "f4": -0.27800169305469, "f40": -0.17280709635980918, "f41": 0.11466692070712137, "f42": 0.9156386525258846, "f43": 0.09176959966122528, "f44": -0.2811625423417702, "f45": 0.36759047634336584, "f46": -0.3852856399287179, "f47": -0.10517931875889985, "f48": 0.8932089809044943, "f49": -0.5995048808226353, "f5": -0.7361799894543609, "f50": 0.0525044981906961, "f51": -0.33763999447341836, "f52": 1.1565781176723815, "f53": 0.5813343428772146, "f54": -2.5900811157408614, "f55": -0.4024719907599343, "f6": 0.7948529143357952, "f7": -1.596120761257573, "f8": 1.7581976709722043, "f9": 1.7784291727309094}, "datetime": {"datetime": "2023-02-03 16:10:22", "elapsed": 5303.546071, "delta": 55.108359}}
{"target": 0.5390810296920295, "params": {"f0": -2.478518601231188, "f1": 1.1411671059911868, "f10": 0.505992415629539, "f11": -0.8715424274363541, "f12": 2.717083040977201, "f13": -0.1526530988314888, "f14": -0.3687585936399828, "f15": -0.6022290815335636, "f16": -0.43655868662945196, "f17": -0.3185299797543951, "f18": -0.08133611771733351, "f19": 0.6139317216995479, "f2": 0.26260160349962913, "f20": 0.1769896157428107, "f21": -0.6820492077561995, "f22": -0.08776524843330025, "f23": -0.521430503735925, "f24": -1.887692023930219, "f25": -1.0217760724959575, "f26": -0.19734390258955492, "f27": 0.25384735514525614, "f28": -1.2431704561456205, "f29": 0.09673558100700608, "f3": -0.3766054893192208, "f30": -0.40542957061586715, "f31": 0.10818637203713521, "f32": -1.7309302046926158, "f33": -0.4109025696248607, "f34": 0.12871806927981982, "f35": -0.49429980939163976, "f36": 0.9948163218344939, "f37": -0.7496016005923494, "f38": 0.271812944101257, "f39": -1.2867722213564474, "f4": -1.171801795295613, "f40": -0.017315012047455502, "f41": 0.18551178615837405, "f42": 0.2447035799245706, "f43": 0.000667668609335037, "f44": 0.20450363966869323, "f45": 1.3922257971061156, "f46": -0.08094872311437795, "f47": -0.3877967694049138, "f48": 1.6504914171819844, "f49": 0.3635529821995689, "f5": 0.13976115985773896, "f50": 1.6144924552051858, "f51": 0.4115669123051311, "f52": 0.9199774815884607, "f53": 0.7755236298261441, "f54": -2.263049200869758, "f55": -0.655944380843361, "f6": 0.02674328922714797, "f7": -0.10744700519834494, "f8": 1.7434400476127572, "f9": 0.7965409957061895}, "datetime": {"datetime": "2023-02-03 16:11:15", "elapsed": 5356.456202, "delta": 52.910131}}
{"target": 0.19262446888460458, "params": {"f0": -2.355066598949857, "f1": 1.8084651524054236, "f10": -0.2614096145773952, "f11": -1.810293411020655, "f12": 2.781500049640079, "f13": 0.106433078913022, "f14": 0.003921747508110696, "f15": -0.7144713037254118, "f16": -0.9881541123815045, "f17": -0.8133316366054809, "f18": -0.5900092840264342, "f19": 0.5664242448467118, "f2": -0.3216728526738929, "f20": 0.4699326804623205, "f21": -1.621814897629539, "f22": -0.37432550463056946, "f23": -1.793995289720704, "f24": -1.566894997061425, "f25": -0.21226761661273352, "f26": -0.5340611026380941, "f27": 2.835511101434445, "f28": -0.5192618867403462, "f29": -0.16799101670084599, "f3": -0.44049820438985243, "f30": -0.23805515993804816, "f31": -0.24562669172696883, "f32": -1.8438263992320245, "f33": -0.3698899812626133, "f34": 0.12041103035122924, "f35": -2.258384882788805, "f36": 2.146779935643249, "f37": -1.5598510825946181, "f38": 0.5583571295099902, "f39": -0.3190956160563483, "f4": -0.2080177091453912, "f40": 0.30004403210543995, "f41": 0.6906265068238944, "f42": 1.642654790945611, "f43": 0.6166107524554277, "f44": -1.0042111855646623, "f45": 0.7352699137981417, "f46": -0.47332638614083744, "f47": -0.16582712337819083, "f48": 1.8769063214420234, "f49": -0.19570662787507148, "f5": -0.303600830549031, "f50": 0.24442699588095795, "f51": 0.25362580885426234, "f52": 2.0482690893596565, "f53": 1.594177890687237, "f54": -2.1931767082540947, "f55": -0.6345858501741941, "f6": 0.12179979749159753, "f7": -1.235381334090405, "f8": 1.0806285072896418, "f9": 1.2349634894319377}, "datetime": {"datetime": "2023-02-03 16:12:07", "elapsed": 5408.602946, "delta": 52.146744}}
{"target": 0.23492538649335937, "params": {"f0": -2.3580430251314666, "f1": 2.0090388378109587, "f10": -0.32915203468721166, "f11": -2.773908351665677, "f12": 1.4747055129199063, "f13": -0.394475189615215, "f14": -0.30369826756461515, "f15": -0.7262517692466908, "f16": -0.11353460121726866, "f17": -0.8139734364511217, "f18": 0.2497040126534208, "f19": 0.1040074917976943, "f2": -0.22714162409699884, "f20": -0.1826033384186483, "f21": -0.18741615988469396, "f22": -0.5163826169684662, "f23": -1.4454020728899226, "f24": -0.24158177911885703, "f25": -0.08749975282288824, "f26": -0.5120217717707816, "f27": 1.6687026318968616, "f28": -1.1670294110534694, "f29": -0.3249614557401651, "f3": -0.1778512675968129, "f30": -0.7417456201075283, "f31": -0.49650415207689647, "f32": -0.4252885851332455, "f33": -0.2858473225875413, "f34": 0.3888620564396037, "f35": -0.8044048382675855, "f36": 1.7388653919850157, "f37": -0.43882574442980227, "f38": -0.22088541622323127, "f39": -0.1928850472860133, "f4": -0.12182566980715515, "f40": 0.5052607424314652, "f41": 0.12098514270130323, "f42": 1.1924698891655316, "f43": -0.241704334505037, "f44": 0.16030853243375653, "f45": 0.17524816775717625, "f46": -0.8007693426156834, "f47": -0.8958358077470593, "f48": 1.1371568945577017, "f49": -0.4015359034254773, "f5": 0.4143683859061946, "f50": 0.43452647557485724, "f51": -0.1112264859213552, "f52": 2.6451266832172817, "f53": 1.3137665263992966, "f54": -0.8416750349734214, "f55": 0.4209133712794978, "f6": 0.7514832389827377, "f7": -1.4837816428189226, "f8": 0.18304371906560685, "f9": 2.8279763501076696}, "datetime": {"datetime": "2023-02-03 16:13:14", "elapsed": 5476.176971, "delta": 67.574025}}
{"target": 0.2131797816876089, "params": {"f0": -1.6643989140774005, "f1": 1.3911820414674205, "f10": -0.08082061680533675, "f11": -0.8628302408481718, "f12": 0.48895712062443436, "f13": -0.23825817259367021, "f14": -0.06137760102933737, "f15": -1.8617755351406047, "f16": -0.8531283988433931, "f17": -0.48600904879090856, "f18": -0.3097592467394149, "f19": 0.36643438213376517, "f2": 0.4808126584691894, "f20": 0.3226220257896375, "f21": -1.081440543869696, "f22": -0.0051769864823436595, "f23": -1.7169652414926888, "f24": -1.8940426631543286, "f25": -0.02824652321932275, "f26": -1.270284405912486, "f27": 2.4315626337607466, "f28": -1.4298078209902338, "f29": -0.2770437405794854, "f3": -0.5731532484568171, "f30": -0.8904315998779988, "f31": 0.0034061693492579703, "f32": -0.8855134285817075, "f33": -0.41759964701443125, "f34": 0.2570135279947821, "f35": -0.9617482594123916, "f36": 1.3711045414178784, "f37": -2.933243751850783, "f38": -0.26199149150188356, "f39": -1.2458307377836357, "f4": -0.4982831268457988, "f40": 0.548105614948966, "f41": 0.3053587924245484, "f42": 0.2285453577453106, "f43": 0.026086316113964614, "f44": -0.3830323808889833, "f45": 0.4778629224715667, "f46": -1.1586916178690279, "f47": -0.49568167929866963, "f48": 1.521091430916156, "f49": -0.3496322793201698, "f5": -0.47133006416423673, "f50": 0.9691684590553616, "f51": -0.4584161744265718, "f52": 1.142280024611074, "f53": 1.9450182475007352, "f54": -1.386342947867659, "f55": -0.4162124566795588, "f6": 0.6412035210026106, "f7": -0.5507804648578465, "f8": 0.23214681568421955, "f9": 1.546765688684303}, "datetime": {"datetime": "2023-02-03 16:13:56", "elapsed": 5518.351217, "delta": 42.174246}}
{"target": 0.32240544263925414, "params": {"f0": -0.40176879313958036, "f1": 2.096341206258537, "f10": -0.08746322085333963, "f11": -1.1582957541652437, "f12": 2.411075728470058, "f13": -0.044011729564184865, "f14": 0.5406599829342154, "f15": -0.4746670455966884, "f16": 0.05474609282046505, "f17": -0.2635963170744444, "f18": -0.5963996662280555, "f19": 0.6323058849372775, "f2": 0.3132179395938828, "f20": 0.22769771702599717, "f21": -2.126921822243037, "f22": -0.7808328431234267, "f23": -1.7662797258177168, "f24": -0.37301688540188893, "f25": -0.3985079632249844, "f26": -0.8256164053209897, "f27": 2.9463012580945707, "f28": -0.9171631622156788, "f29": -0.438421459825491, "f3": -1.2143673693155117, "f30": -0.2148653132311923, "f31": -0.6722635417225142, "f32": -2.6286668932180923, "f33": 0.10742209941487257, "f34": 1.1332796913556527, "f35": -1.2794071577602237, "f36": 1.872145602889341, "f37": -0.8861149294129977, "f38": 0.4479462447275806, "f39": -0.35105168286921073, "f4": -0.7044959958587962, "f40": 0.6442934843127259, "f41": -0.30968453018304776, "f42": 1.3139513806254195, "f43": 0.18431154182788184, "f44": -1.0194788808466468, "f45": 1.083246427346427, "f46": -1.4051711368569855, "f47": 0.0895249318384469, "f48": 2.0852270443213787, "f49": -0.13640884895329275, "f5": 0.16269215191706854, "f50": 1.5541757139153678, "f51": -0.3593371711461827, "f52": 2.3626872246400152, "f53": 1.7839361412431496, "f54": -2.9573992379465652, "f55": -0.453514194885544, "f6": 0.7564717813254508, "f7": -1.2195714431702231, "f8": 1.8393119641178224, "f9": 0.7334617360178438}, "datetime": {"datetime": "2023-02-03 16:14:49", "elapsed": 5570.555021, "delta": 52.203804}}
{"target": 0.1810890450092791, "params": {"f0": -2.7325281916129356, "f1": 1.6508246417418206, "f10": -0.12061473238853526, "f11": -0.550010057900931, "f12": 1.3776640095060948, "f13": -0.5103928537657627, "f14": -0.10872513947597551, "f15": -0.2765086368279366, "f16": -0.42191433350183827, "f17": -0.7031754407357447, "f18": -0.07416703093677979, "f19": 0.2735812480221394, "f2": -0.2901701601008845, "f20": -0.09609639985281815, "f21": -1.6737706937736683, "f22": -0.1390874519133336, "f23": -1.22642476257897, "f24": -0.3197604443894584, "f25": -0.7586635813927554, "f26": -1.7210486457043555, "f27": 1.410790684414371, "f28": -0.8353739133269847, "f29": -0.36162479934441105, "f3": -0.8021565980734728, "f30": -0.9345539313164914, "f31": -0.33154254158558333, "f32": -0.8674606269895109, "f33": 0.46266083949652215, "f34": 0.13868814252091416, "f35": -0.8888544288337057, "f36": 0.2467742585639596, "f37": -2.297499122769837, "f38": 0.46312673064304083, "f39": -0.97531978713886, "f4": -0.5091273710503359, "f40": 0.10989714105083226, "f41": 0.6828072559487368, "f42": 1.7047681140989652, "f43": -0.334583885123912, "f44": -0.23289908001664106, "f45": 1.4838963001478758, "f46": -1.015987231628185, "f47": -0.46953061718458766, "f48": 2.1947226420052615, "f49": -0.5065672055777403, "f5": -0.09361145367185741, "f50": 0.6924484125506374, "f51": 0.42934189947385093, "f52": 1.012620153753208, "f53": 0.32014583949168174, "f54": -2.629393804489911, "f55": -0.062091239870891934, "f6": 0.7272099204816654, "f7": -1.1043754351224606, "f8": 0.45150923109758345, "f9": 1.2034680367828985}, "datetime": {"datetime": "2023-02-03 16:15:08", "elapsed": 5589.910974, "delta": 19.355953}}
{"target": 0.2937208267500959, "params": {"f0": -2.659318789615894, "f1": 2.178979431439686, "f10": -0.13943414674902943, "f11": -1.3546708053865555, "f12": 2.9339163712843446, "f13": 0.35685075283730583, "f14": 0.2730747457592597, "f15": -1.4762066458504908, "f16": -1.1273501858998838, "f17": -0.43391035321432825, "f18": -0.5349732546450523, "f19": 0.7668681179819253, "f2": -0.452489125016125, "f20": 0.11135011934107875, "f21": -0.8992912754835856, "f22": -0.1355593114012157, "f23": -0.9607237728622158, "f24": -1.911436757257247, "f25": -0.4320649586815851, "f26": -0.7767776063525342, "f27": 2.703911206153419, "f28": -0.11195577953715063, "f29": 0.2668077505299512, "f3": -0.3264929960090681, "f30": -0.714385044484805, "f31": 0.31731099544726493, "f32": -0.5799193889820908, "f33": -0.39350772011698076, "f34": 0.33979834350105675, "f35": -1.2918691327728336, "f36": 1.6410480023848284, "f37": -1.8286222299411898, "f38": 0.12150125952279911, "f39": -0.9184003256389595, "f4": -1.0668408631584898, "f40": 0.29287542861073135, "f41": 0.3786100503346416, "f42": 1.3542925180494225, "f43": 0.32070912495973253, "f44": -0.8538424908234392, "f45": 0.5969074718092232, "f46": -0.5250536334201027, "f47": -0.06536932643316296, "f48": 1.3981400831304267, "f49": 0.2338875997976475, "f5": -0.6568488062633259, "f50": 0.37046738126017786, "f51": -0.5479204169554893, "f52": 1.9447456422258282, "f53": 1.2667288553303298, "f54": -1.5751690481989171, "f55": -0.49287590446378615, "f6": 0.7084571046429923, "f7": -0.2886154089445394, "f8": 1.3704094523136443, "f9": 0.7563646036634685}, "datetime": {"datetime": "2023-02-03 16:16:20", "elapsed": 5661.476056, "delta": 71.565082}}
