{"target": 0.2772908590279062, "params": {"f0": -2.4755792644055954, "f1": -0.22183978267541588, "f10": 0.7915791599705151, "f11": -2.606632673176178, "f12": 1.1212227660762997, "f13": 1.310110809024569, "f14": 0.8304577617539349, "f15": -0.5071315964091098, "f16": 0.0719258344422622, "f17": 0.4374388038865853, "f18": -2.6447336801980863, "f19": -0.016641120264276887, "f2": 0.0576276672412499, "f20": -1.8123981505352504, "f21": -2.6002595141557228, "f22": 0.4576435083220399, "f23": 0.5202513135151443, "f24": -1.374344481356007, "f25": 0.5733114758820947, "f26": -0.592114634831474, "f27": 1.814080510878727, "f28": -0.004767933199719909, "f29": 0.701527261369849, "f3": -0.966485281296071, "f30": 1.226173146335392, "f31": 2.860206729523498, "f32": 0.30345818536425306, "f33": 0.14258101221341146, "f34": 1.6627520644733702, "f35": -2.7525259909179534, "f36": -0.25313153198903654, "f37": -0.706973160763313, "f38": 0.6250679678712266, "f39": 0.3381139384637626, "f4": -0.4961084780342251, "f40": -1.4260508742877822, "f41": -0.4205707615568254, "f42": 1.009103416518811, "f43": -1.2500690136271184, "f44": -0.24406482678699026, "f45": 0.5401348153356481, "f46": 0.3339935352129737, "f47": -0.30342662002265186, "f48": 1.3158417328258958, "f49": 0.42768641351450576, "f5": 0.01226326529524202, "f50": 0.3024729186085958, "f51": 1.390993632007567, "f52": -0.4156226213748439, "f53": -0.2830921407653413, "f54": 0.25381425206436603, "f55": 0.1033502962159718, "f6": -0.17066281153305485, "f7": 0.8998613665671287, "f8": 1.2701143681107554, "f9": 1.1855051402207288}, "datetime": {"datetime": "2023-02-03 15:22:31", "elapsed": 2432.730389, "delta": 60.533405}}
{"target": 0.3258724904181855, "params": {"f0": -1.3642275400036399, "f1": 1.5863457146855184, "f10": 1.5936807292830746, "f11": -2.1246562319897935, "f12": 0.5394177616429016, "f13": -0.11074288005378646, "f14": 0.3344189807244232, "f15": -1.0721074848886905, "f16": 1.1413247421523727, "f17": -0.7129663835744379, "f18": -1.7002032620139773, "f19": -1.093284896432111, "f2": -0.617338562550737, "f20": -1.5872922902225208, "f21": -1.0420544555587625, "f22": 0.06464511564286957, "f23": -1.2169236599721647, "f24": -1.5063682281721995, "f25": -1.462902213026979, "f26": 0.10673233392510562, "f27": 1.606865061512571, "f28": -2.8544935945508296, "f29": -0.23138079937593625, "f3": -0.663582156550107, "f30": 0.09663626236596146, "f31": 2.424223923353345, "f32": -1.0927100504262106, "f33": -0.4186346759781675, "f34": 0.8417023216864368, "f35": -0.02039065528535966, "f36": 1.4645862729728027, "f37": -1.8925660316116295, "f38": 1.3412945065017996, "f39": -0.08385355919015636, "f4": -0.8775126470043311, "f40": -0.5692086464039348, "f41": 0.3915018441491225, "f42": 2.323054342798433, "f43": -0.06421122378538446, "f44": 0.15902630703432097, "f45": 1.0859947911087886, "f46": -0.25386687650105, "f47": 0.9020597584550337, "f48": 0.6469515995797818, "f49": -0.4698763375241275, "f5": 2.1780464562665456, "f50": -0.24303685503622027, "f51": 0.5981004676207845, "f52": 2.6195324765509453, "f53": 0.6622729547376432, "f54": 0.3850099319659597, "f55": 0.06291721091530156, "f6": -1.5608222680392556, "f7": 0.6380017842376788, "f8": 1.1715058758788426, "f9": -0.06939124282734188}, "datetime": {"datetime": "2023-02-03 15:23:24", "elapsed": 2485.675796, "delta": 52.945407}}
{"target": 0.12174679391235843, "params": {"f0": -2.1331663178970586, "f1": 0.27572454336258967, "f10": 1.2129136602387613, "f11": 0.052333810461576036, "f12": 0.2186984024787067, "f13": 1.612756059700248, "f14": 0.45033247741776905, "f15": 0.12486953304434456, "f16": 1.243195741407691, "f17": 0.006088106502696311, "f18": -0.3842157603275749, "f19": 0.005528322025407206, "f2": -0.552027584544809, "f20": -1.878869872808024, "f21": -2.6217371228276662, "f22": 0.9447188306342634, "f23": -0.931432404691317, "f24": 0.4665852999480671, "f25": -1.4921896835285635, "f26": 0.0063973865428348375, "f27": 0.735106710361831, "f28": -2.4892639954577023, "f29": 0.12766787193813645, "f3": -0.9658135097297474, "f30": 0.9374580668384527, "f31": 2.7301510232755444, "f32": -0.591756629204903, "f33": 0.014017715173786471, "f34": 1.6646677123431308, "f35": -0.1571115067858977, "f36": 0.5669421903978378, "f37": 0.4008592868027514, "f38": 0.4068144652296807, "f39": -0.516840330187025, "f4": 0.24104659027442965, "f40": 0.06536907610171272, "f41": 1.3571327667609616, "f42": 0.2435192868093708, "f43": 0.5262041412570673, "f44": 0.18353621618250493, "f45": 0.14357253812915283, "f46": 0.3693923396454837, "f47": 1.7581059157378647, "f48": 1.71105393622785, "f49": -0.08633299417411466, "f5": 0.07728712266788934, "f50": 1.8458799526098129, "f51": -0.27842650717439016, "f52": -0.386703884280651, "f53": 0.9684529928490423, "f54": 0.11221393835693672, "f55": -1.022225835027791, "f6": -1.0176098390917228, "f7": -0.1624170755802976, "f8": -0.1848188553925577, "f9": 1.1044465508147923}, "datetime": {"datetime": "2023-02-03 15:23:52", "elapsed": 2514.11953, "delta": 28.443734}}
{"target": 0.251065987474543, "params": {"f0": -2.0858299143248926, "f1": 0.8486881098449646, "f10": 0.9668047772103834, "f11": -1.4156658719328856, "f12": 2.64910626074567, "f13": 1.0036371362467922, "f14": 1.8272071967933172, "f15": -0.8871062615656118, "f16": 1.2584847353665096, "f17": 0.1339457346181716, "f18": 0.04653445191896477, "f19": -0.546232739204883, "f2": -0.33277736379028433, "f20": -1.7143769964957738, "f21": -1.7690513127935428, "f22": 0.8025384005513085, "f23": 0.3933572346652916, "f24": -1.921133989557745, "f25": -0.459566454733056, "f26": -0.1308213758453758, "f27": 0.9619721803808889, "f28": -0.00031210913554469144, "f29": 0.09802317522170745, "f3": 0.5296836615485971, "f30": -0.0702117603668726, "f31": 2.3632870952251124, "f32": -1.5052340038368004, "f33": 1.1234976208397387, "f34": 2.2135099643538436, "f35": -1.831533745433957, "f36": 0.5122216424444632, "f37": -0.5159144869296739, "f38": 1.4337343798782722, "f39": 0.2808576693738136, "f4": -0.47762409228698455, "f40": 0.6542746373275274, "f41": -0.11629361049811004, "f42": 2.469507127593518, "f43": 0.20730799214414097, "f44": 0.17933095486906758, "f45": -0.06427676668114968, "f46": 0.3013755902267057, "f47": 0.5059811968948565, "f48": 0.5638083802985067, "f49": 0.3317537472243117, "f5": 0.772113053836313, "f50": 2.255002595914308, "f51": 0.5913028100365026, "f52": 2.5030179833581574, "f53": -0.41760791564555727, "f54": -2.370584212379896, "f55": -0.43026026476225954, "f6": -0.8083143609638712, "f7": -0.49271968699464597, "f8": 0.801938382711844, "f9": 1.458391801836473}, "datetime": {"datetime": "2023-02-03 15:24:51", "elapsed": 2572.77163, "delta": 58.6521}}
{"target": 0.06968304871864063, "params": {"f0": 0.16094464229411276, "f1": 0.17447043373924326, "f10": 1.326636014693737, "f11": -2.31818899149653, "f12": 1.4781395071127654, "f13": -0.24480075412029292, "f14": 1.376692654306562, "f15": -0.47264754870513814, "f16": 1.2558522609001515, "f17": 0.976897177085152, "f18": -0.27577801199691576, "f19": -0.25097047499742686, "f2": 0.4381516042169946, "f20": -1.0505953581498177, "f21": -1.7263801684570632, "f22": 2.6973996532318374, "f23": -0.42377796031602877, "f24": -1.424079410227002, "f25": 0.1450716915499577, "f26": -0.4240814412421149, "f27": 0.22586743239050278, "f28": -0.2494660806760769, "f29": -0.242420052106059, "f3": -0.7881101133952748, "f30": -0.5213626825221074, "f31": 0.5875140389065618, "f32": -1.076133957472863, "f33": 1.25418915112725, "f34": 0.13515536993798533, "f35": 0.3143172489542265, "f36": 1.073747770322594, "f37": 0.3142586510562797, "f38": -0.3028170078235555, "f39": 0.07211384995973313, "f4": -1.1592417930467724, "f40": 0.5726775400477435, "f41": 1.0159285044266861, "f42": 0.024941427675414685, "f43": -1.1269226606667277, "f44": 0.026202759940072706, "f45": 0.13645855767546533, "f46": 0.5557011704559831, "f47": 2.5726800833060164, "f48": 0.2628593645892908, "f49": -0.9142614868478156, "f5": 1.4788855169066828, "f50": 1.1657973811458595, "f51": 1.3610671466461683, "f52": 2.391934251321794, "f53": 2.6577258328134397, "f54": -2.344621092077807, "f55": -0.3194594236010797, "f6": -1.6463930063820196, "f7": 0.4163546895361727, "f8": -0.43995064119961846, "f9": 0.6821195542812175}, "datetime": {"datetime": "2023-02-03 15:26:21", "elapsed": 2663.30846, "delta": 90.53683}}
{"target": 0.7734663709215022, "params": {"f0": -2.1877121946618923, "f1": 1.7440643071861943, "f10": 0.045093420154880826, "f11": -1.7990314573729624, "f12": 2.1154135837442922, "f13": -0.11940911632235057, "f14": 0.09005253757939535, "f15": -1.0184721135377295, "f16": -0.5652547667577384, "f17": -0.5392103667030337, "f18": -0.19185552536416273, "f19": 0.6194886461795257, "f2": -0.04475649989980468, "f20": -0.040837046923393405, "f21": -1.1525578905203144, "f22": -0.3457466260025127, "f23": -1.0938277884749323, "f24": -1.1164903791686132, "f25": -0.575073392111816, "f26": -0.9743690532642979, "f27": 1.8693105956662082, "f28": -0.897982500463586, "f29": -0.002026770002033662, "f3": -0.9321644035108004, "f30": -0.3818758979460035, "f31": -0.16827565119424423, "f32": -1.4821844993151856, "f33": 0.008947507255737563, "f34": 0.9009311168643159, "f35": -1.679336167225087, "f36": 1.1915493155223496, "f37": -2.119259692336832, "f38": 0.27059429937801505, "f39": -0.7331664374288798, "f4": -0.7379806365842905, "f40": 0.3993101211422947, "f41": 0.17958617152376932, "f42": 0.9278360533064902, "f43": 0.1931782163792588, "f44": -0.4445755409440276, "f45": 0.8498715298528486, "f46": -0.7664759987789244, "f47": -0.3845670419284495, "f48": 1.3111461289973865, "f49": -0.0486187479417044, "f5": -0.15114341473813797, "f50": 0.8262478091044019, "f51": -0.05672617331869456, "f52": 1.8890382645773294, "f53": 1.9360841906336477, "f54": -2.78971162817023, "f55": -0.1602412951064991, "f6": 0.36272119286605253, "f7": -0.833763919803046, "f8": 1.22043080222393, "f9": 2.2287143836523}, "datetime": {"datetime": "2023-02-03 15:28:31", "elapsed": 2792.542824, "delta": 129.234364}}
{"target": 0.3041361523407186, "params": {"f0": -1.4648109338942938, "f1": 2.9737452390674064, "f10": -0.7200944942933645, "f11": -0.04024455429531271, "f12": 1.8623984605205695, "f13": -0.7559438838812456, "f14": 0.9280004286985339, "f15": 0.25082386673598744, "f16": -0.9516408166862789, "f17": -1.3764953035745893, "f18": -0.25060148783960123, "f19": -0.3159984191287529, "f2": 0.8054124545405241, "f20": -0.7279401524157751, "f21": -1.131973649744378, "f22": 0.4412289985860016, "f23": -0.1562592723516283, "f24": -1.695229149438337, "f25": -1.2157789711174238, "f26": -1.0678711919994694, "f27": -0.20493970229354302, "f28": -0.45326741291728223, "f29": 0.030181154263816623, "f3": 0.014733712737954985, "f30": -0.9463860945324933, "f31": 0.17392272831354516, "f32": -2.6546304364141005, "f33": -0.9207328160922135, "f34": 0.715457334953097, "f35": -1.8307814069590875, "f36": -0.21629310429062912, "f37": -1.9407096196578686, "f38": 0.10882692736052624, "f39": -0.8216485720521285, "f4": -0.28769519310368685, "f40": -0.025485754895730572, "f41": 0.06253616686092611, "f42": -0.32677140735595167, "f43": 0.2445975460897969, "f44": -0.07217062752877901, "f45": 1.1294562057678244, "f46": -0.6092260898737683, "f47": -1.0874085863218843, "f48": 1.3323095641095282, "f49": -0.32811405337376776, "f5": -0.3454246253177766, "f50": 0.9217185652529445, "f51": -0.02059696181964621, "f52": 0.200799024171115, "f53": 2.2964969953611405, "f54": -1.6955880811531645, "f55": -0.5952651287418614, "f6": 1.2809075886293515, "f7": -1.7229746579028056, "f8": 1.424068854516925, "f9": -0.269829017474727}, "datetime": {"datetime": "2023-02-03 15:29:13", "elapsed": 2834.667768, "delta": 42.124944}}
{"target": 0.5821457133972409, "params": {"f0": -2.2889378436267, "f1": 1.753816019830903, "f10": 0.1601110445283215, "f11": -1.873324521175815, "f12": 1.975346122636486, "f13": 0.13624156752262426, "f14": 0.21506792655667697, "f15": -0.836340207827065, "f16": -0.3953110366240665, "f17": -0.5331649109131722, "f18": -0.6747116373417421, "f19": 0.37881019343139677, "f2": -0.1228434290913194, "f20": -0.14134714965207681, "f21": -1.0926836067127, "f22": -0.11215767291223895, "f23": -0.9231775309196638, "f24": -1.1526377863759525, "f25": -0.5175510361951631, "f26": -0.7587240592285209, "f27": 1.6566521600025519, "f28": -1.230560698728175, "f29": -0.15537075424985772, "f3": -0.6896288287396727, "f30": -0.2810349497513833, "f31": 0.012231916282541068, "f32": -1.232260408191566, "f33": -0.100359247364752, "f34": 0.8061758131345619, "f35": -1.8830984938069268, "f36": 1.0835093528551631, "f37": -2.3451098470433873, "f38": 0.352072153294192, "f39": -0.5479936287787978, "f4": -0.8177532187823362, "f40": 0.18765391892566716, "f41": 0.2577320553190329, "f42": 1.2447864940926425, "f43": 0.08490333051390431, "f44": -0.3193174078809212, "f45": 0.7183876808194087, "f46": -0.5305647118607604, "f47": 0.15430894318267027, "f48": 1.1256380676086553, "f49": -0.5354152338333894, "f5": 0.3781127148740793, "f50": 0.7551377455833979, "f51": 0.1287849664888157, "f52": 1.7653310339050134, "f53": 1.971942305983303, "f54": -2.708469262040107, "f55": -0.18086267433449685, "f6": 0.07528488640687672, "f7": -0.7778949933873582, "f8": 1.1882255083443471, "f9": 1.9740742223348997}, "datetime": {"datetime": "2023-02-03 15:29:54", "elapsed": 2875.874373, "delta": 41.206605}}
{"target": 1.0217602110789815e-05, "params": {"f0": -2.187741261464058, "f1": 2.0101562876053065, "f10": -0.0017159622667102612, "f11": -1.7024667271856246, "f12": 2.256388749166887, "f13": -0.42696611582772315, "f14": 0.14457292019312176, "f15": -0.9228627874596609, "f16": -0.7419038844804416, "f17": -0.7627478356086999, "f18": 0.041207632829403464, "f19": 0.5491365506376217, "f2": 0.048499414392972555, "f20": -0.20706787711873645, "f21": -1.1341017526953499, "f22": -0.4858844856170526, "f23": -1.106237671029306, "f24": -1.310586496991318, "f25": -0.7007517191360145, "f26": -1.0609801616327084, "f27": 1.801913321436708, "f28": -0.6848356940673873, "f29": 0.013050944194489978, "f3": -0.9252749841073721, "f30": -0.5637765237560874, "f31": -0.03721653814407566, "f32": -1.9075294169414334, "f33": -0.20056912489146683, "f34": 0.9552160246629935, "f35": -1.7772762074900448, "f36": 1.0746001664094769, "f37": -2.1225798493718457, "f38": 0.3217773118576226, "f39": -0.6869124529784335, "f4": -0.6683937693910957, "f40": 0.4670962235361569, "f41": 0.044065194716001156, "f42": 0.8207823825180534, "f43": 0.30069270202268983, "f44": -0.44858161144978526, "f45": 0.9526885714207368, "f46": -0.9265100405061902, "f47": -0.9264312240300615, "f48": 1.4962683300427675, "f49": 0.2821778779692159, "f5": -0.3738316829179559, "f50": 0.7842141723477251, "f51": -0.16722139321626503, "f52": 1.6847881553158746, "f53": 1.9269007125826145, "f54": -2.7679221305180057, "f55": -0.1734602703351843, "f6": 0.6400520287207748, "f7": -1.0622938076111097, "f8": 1.4741021832559178, "f9": 2.0057388492270714}, "datetime": {"datetime": "2023-02-03 15:32:40", "elapsed": 3042.305647, "delta": 166.431274}}
{"target": 0.20006628715822627, "params": {"f0": -0.9148523776521795, "f1": 2.512951738310486, "f10": -0.8244705288090113, "f11": -1.059736762527073, "f12": 2.815858937186534, "f13": -0.611272638049493, "f14": 0.496637128989333, "f15": -1.1329149887810313, "f16": -0.8678493061213055, "f17": -0.5473582260027763, "f18": -1.019825687101869, "f19": 1.6436023488440186, "f2": -0.8377752991377746, "f20": 0.6973254192888767, "f21": -1.4473209975772525, "f22": -0.311316064471414, "f23": -0.48204187354027095, "f24": -1.0807041808146263, "f25": -0.23235448604993958, "f26": -1.7811353547921176, "f27": -0.08453807809624284, "f28": -0.7496220913201574, "f29": -0.7473501807840826, "f3": -0.7245204444740692, "f30": -0.6630101682616584, "f31": -0.17492774124709876, "f32": -0.9932403750077059, "f33": -0.038669629415776896, "f34": 0.12671830043607024, "f35": -1.057913945643096, "f36": 2.144037721282755, "f37": -2.572879385759156, "f38": 0.7533730408165086, "f39": -1.7805983550366715, "f4": 0.016273429663859584, "f40": 0.6781543793731115, "f41": 0.9462714218024161, "f42": -0.044755770905410885, "f43": 0.9766950360316389, "f44": -0.8377643045487091, "f45": 0.3427285033932069, "f46": -0.8560410073374152, "f47": -0.06029027901124806, "f48": 2.21725003339871, "f49": -0.3798077715798833, "f5": -0.3273978397807289, "f50": 1.0404841302576076, "f51": 0.3053212053318397, "f52": 0.18195349942533923, "f53": 2.1780339480153716, "f54": -0.12809885362379747, "f55": -0.6918691440419719, "f6": -0.23926267982528676, "f7": -0.4049034545519292, "f8": -0.27564212535959376, "f9": 1.2272442791741487}, "datetime": {"datetime": "2023-02-03 15:33:28", "elapsed": 3089.870291, "delta": 47.564644}}
{"target": 0.16273219298195374, "params": {"f0": -1.6987055531409023, "f1": 1.3953177300394126, "f10": 0.22664369886908164, "f11": -1.2517247106612175, "f12": 0.6369207865289692, "f13": 0.1735658451995583, "f14": 0.7627577969458326, "f15": -1.2771122075087933, "f16": -1.0385809921130083, "f17": 0.0393859516195505, "f18": 0.24044221350736095, "f19": 0.915782535427877, "f2": -0.06000186468741697, "f20": 0.10505368546578908, "f21": -2.4970648573681804, "f22": 0.44452500071452894, "f23": -0.0071687576757843985, "f24": -0.5547435246182415, "f25": -0.9228825782401291, "f26": -0.8885446422568946, "f27": 1.846650110542828, "f28": -0.2995098424343283, "f29": -0.6803017359263535, "f3": -2.1710690818338523, "f30": -1.0831288748498318, "f31": -0.1952342080930478, "f32": -1.3429914074076146, "f33": 0.05682963136624508, "f34": 1.5290318209594642, "f35": -0.18738170588657033, "f36": 2.5645223092522733, "f37": -1.2774200150940034, "f38": 1.0854256973231187, "f39": -1.14264430845995, "f4": -1.6063827364641756, "f40": -0.5209903246582847, "f41": 0.8538461082722727, "f42": 0.8058606032979654, "f43": 0.9883677708157785, "f44": -0.6830417579494082, "f45": 0.30879166305664707, "f46": 0.201618076734839, "f47": -0.6211201691857164, "f48": 2.129018054714807, "f49": 0.5198349318464246, "f5": -0.1104768003525678, "f50": 2.0021980606659104, "f51": -0.6958474051749812, "f52": 1.2905665611271206, "f53": 0.3496470406995756, "f54": -2.210045024050432, "f55": 0.23668948520939592, "f6": 0.18468435533378513, "f7": -1.5742195638402106, "f8": 2.6417623996788953, "f9": 2.597601870332763}, "datetime": {"datetime": "2023-02-03 15:33:53", "elapsed": 3115.00213, "delta": 25.131839}}
{"target": 0.40334253943668763, "params": {"f0": -0.606046726099843, "f1": 1.955978497313362, "f10": -0.6829188422977556, "f11": -0.3944575534250512, "f12": 2.0600093468078864, "f13": 0.18651584897109696, "f14": -0.31792686682142085, "f15": -0.8402938160577251, "f16": -1.2185828278950417, "f17": -0.0017803281387540615, "f18": 0.04676949199691238, "f19": 0.6704676772363585, "f2": -0.041841648015527255, "f20": 0.0020146097114173145, "f21": -1.4816024653074413, "f22": -0.9804968787753929, "f23": -1.0786782134730066, "f24": -0.2776482846484498, "f25": -0.9908100047430134, "f26": 0.21903045453552616, "f27": 1.0065343415604742, "f28": -2.0817632052530963, "f29": 0.838783371308392, "f3": -0.8251805535803252, "f30": 0.034863481368445415, "f31": -0.03695223031420025, "f32": -2.5325182428566677, "f33": -0.8241633527707417, "f34": 1.4757051758762298, "f35": -3.0222741356224305, "f36": 0.6210540955536412, "f37": -2.664122846516703, "f38": -0.04829077397757375, "f39": -1.823324017615722, "f4": 0.23959953245077448, "f40": 0.19831817058253598, "f41": -0.6617673147293618, "f42": 0.7352144048561249, "f43": -0.2652343810383006, "f44": -1.2577467080513303, "f45": 1.3647357085917728, "f46": 0.15583012969134624, "f47": 0.29491047051570285, "f48": 0.9075625945309388, "f49": 0.28409636613567435, "f5": 0.4791830643399768, "f50": 0.06548949019391176, "f51": 0.4403175450742416, "f52": -0.22923435142086962, "f53": -0.15953877008324582, "f54": -0.9676981986731947, "f55": 0.6852860631061053, "f6": 0.013878368790802953, "f7": -0.5786503542338897, "f8": 1.3963625894490166, "f9": -0.08623302758987234}, "datetime": {"datetime": "2023-02-03 15:34:52", "elapsed": 3174.226496, "delta": 59.224366}}
{"target": 0.16927661638484026, "params": {"f0": -0.7413639333125066, "f1": 1.2573870438933903, "f10": 0.11452121284959416, "f11": -1.2551990426286839, "f12": 0.8831398324739143, "f13": -0.30239015628731214, "f14": -0.3697240343039223, "f15": -0.0842111506968819, "f16": -1.2328899770508963, "f17": 0.37676764433183485, "f18": 0.479589257925898, "f19": 0.897899692001606, "f2": -0.8025570396705282, "f20": 0.14034299944690476, "f21": -1.8994163512618418, "f22": -0.05789884680198365, "f23": -2.387735815451344, "f24": 0.16641804195138699, "f25": -0.12153039704092516, "f26": -0.799283809111722, "f27": 2.2533553184483543, "f28": -0.2627039267222615, "f29": -0.8070957097772057, "f3": -0.3474489911584835, "f30": -1.0283313941789793, "f31": 0.5408923571562627, "f32": -0.5289444454716814, "f33": 0.13309902581444744, "f34": 0.047719867850646025, "f35": -0.06825333479088025, "f36": 0.5491988120218603, "f37": -2.080476204033502, "f38": -0.4801104369974031, "f39": 0.19868678557223673, "f4": -0.38600397951662724, "f40": 0.2389450334930543, "f41": 0.7801948057779863, "f42": -0.300264629064444, "f43": 0.8620720641588204, "f44": -0.10418936249821731, "f45": 0.8065417479580462, "f46": -1.255708435657537, "f47": -1.1534739348585883, "f48": 1.009646222973768, "f49": 0.5739547901197479, "f5": 0.4674108642175179, "f50": 1.7845442017309898, "f51": 0.2878952521198832, "f52": 1.9172489394620051, "f53": 2.2754436667793057, "f54": -0.49458327928759527, "f55": -0.5023492559946232, "f6": 0.40676574682787126, "f7": -1.5508206428743523, "f8": 2.2414590022523413, "f9": 0.6386373149200417}, "datetime": {"datetime": "2023-02-03 15:35:37", "elapsed": 3219.367204, "delta": 45.140708}}
