{"target": 0.21600283778290416, "params": {"f0": -1.097902743019526, "f1": 1.7438348167958935, "f10": 0.0725247941670733, "f11": -2.6640467372708496, "f12": 1.7320450062571862, "f13": 0.09672581230065536, "f14": 0.40333826177925636, "f15": -1.3774106659563063, "f16": -0.6299285144716384, "f17": -0.824805377493086, "f18": -0.04106089564616888, "f19": 0.44986144868507394, "f2": -0.057603221660994575, "f20": 0.09897912520562713, "f21": -0.879688590955537, "f22": -0.37651060029978667, "f23": -0.6826365051140504, "f24": -1.1827214927050145, "f25": -0.8184699344351881, "f26": -1.0036096727897696, "f27": 1.401599617270104, "f28": -0.7034746547264675, "f29": 0.051067962212820284, "f3": -0.973179195335229, "f30": -0.20274170163913863, "f31": -0.3322301690662633, "f32": -2.1748086407711464, "f33": 0.21899419393077113, "f34": 1.1922580386493544, "f35": -2.1834123843978985, "f36": 0.8785003034729325, "f37": -1.3677952721666444, "f38": 0.6288498889778602, "f39": -0.39390139397209833, "f4": -0.7186462950849484, "f40": 0.6757452184126496, "f41": -0.15843106429009476, "f42": 0.6049980000038088, "f43": 0.212009461891793, "f44": -0.8419854741954156, "f45": 0.9769574154719336, "f46": -1.1895967093086735, "f47": -0.4868581297171971, "f48": 1.7013855837594882, "f49": 0.14499053317781818, "f5": -0.1800879977746187, "f50": 0.3927726113729429, "f51": -0.34466484382701446, "f52": 1.751740452032127, "f53": 1.7909303638556033, "f54": -2.2039943970415243, "f55": -0.28110336096162003, "f6": 0.029226344403994603, "f7": -0.7367921686162544, "f8": 1.3836330793970335, "f9": 1.1712169858148207}, "datetime": {"datetime": "2023-02-03 16:53:45", "elapsed": 7907.324441, "delta": 74.803153}}
{"target": 0.29740845996012033, "params": {"f0": -1.649709039182695, "f1": 1.3746947276428716, "f10": 0.19376222483035616, "f11": -2.432572203784712, "f12": 1.2038409260210168, "f13": 0.19353609124781745, "f14": -0.13520112531972223, "f15": -1.5794173066364998, "f16": -0.6025103542012691, "f17": -0.5233477176891265, "f18": -0.4861686755368983, "f19": 0.21809718372521186, "f2": -0.3835063505706422, "f20": -0.2900211689897703, "f21": -1.485631269925313, "f22": -0.5211374140140606, "f23": -0.8239317313435968, "f24": -1.3815488259946358, "f25": -0.5600559100951317, "f26": -0.5082053515194704, "f27": 2.5499562593317604, "f28": -1.2972470093444333, "f29": -0.011295600930795513, "f3": -1.396597228146852, "f30": -0.4890756329451886, "f31": 0.020502343506868637, "f32": -2.2312344567590343, "f33": 0.2961901857363153, "f34": 0.6420041762238486, "f35": -0.8626977546869663, "f36": 0.8489307728069572, "f37": -1.9718520111814715, "f38": 0.3665259943584313, "f39": -0.5678928561522242, "f4": -0.44430113257423554, "f40": 0.6290894460540633, "f41": 0.07558740467681685, "f42": 1.266351259286241, "f43": -0.15090770298448047, "f44": -0.7691518185554832, "f45": 1.3146599471010578, "f46": -1.0440440764292782, "f47": -0.0017888469819919983, "f48": 1.8169913054231173, "f49": -0.28678736973860935, "f5": -0.19169449134838124, "f50": 0.5548869525218109, "f51": -0.11742833005759173, "f52": 2.519155320529195, "f53": 1.160529677699048, "f54": -1.473050773346898, "f55": -0.13827560043618103, "f6": 0.6508709813957962, "f7": -0.9605572743162684, "f8": 1.0845040137477238, "f9": 1.662133204122342}, "datetime": {"datetime": "2023-02-03 16:54:21", "elapsed": 7942.43145, "delta": 35.107009}}
{"target": 0.33952868292313587, "params": {"f0": -2.848502097844142, "f1": 1.3717289010977554, "f10": 0.20395455918400562, "f11": -2.6921482738130074, "f12": 2.50144567248054, "f13": -0.10392156196783359, "f14": -0.17794008132843397, "f15": -0.774258503065487, "f16": -0.3866802568961917, "f17": -0.73568272691988, "f18": -0.06129557554895043, "f19": 0.788290871758897, "f2": -0.016378774761210135, "f20": 0.19612965289342243, "f21": -0.5106542150081192, "f22": -0.08471650193716573, "f23": -0.626162253035166, "f24": -1.3122283536974901, "f25": -0.634754125335165, "f26": -1.279291114760809, "f27": 1.3661507767281345, "f28": -1.2315105678345002, "f29": 0.014098460162368376, "f3": -0.7682668336647256, "f30": -0.4927711411132293, "f31": -0.12517594694587136, "f32": -1.6934888707946831, "f33": -0.169488565598781, "f34": 0.4840362734596611, "f35": -2.355093964124725, "f36": 1.3337468851547598, "f37": -2.3259050372619394, "f38": 0.34809457197902505, "f39": -0.7045458621979394, "f4": -0.9122547041502905, "f40": 0.5193280322077225, "f41": 0.20013792089388607, "f42": 0.5995649241909274, "f43": 0.5176418035755039, "f44": -0.502196270518662, "f45": 1.066260295527681, "f46": -0.32540936777151597, "f47": -0.5574211200653967, "f48": 1.1827630495277246, "f49": -0.2360256909492889, "f5": -0.4452787439750962, "f50": 0.3527112131375324, "f51": -0.1732678542321948, "f52": 2.5493627621182484, "f53": 1.4890429925450275, "f54": -2.3283320524499747, "f55": 0.017030689002852095, "f6": 0.5082448039665226, "f7": -0.8704214951602358, "f8": 0.6470431412982588, "f9": 1.6484687184874138}, "datetime": {"datetime": "2023-02-03 16:55:16", "elapsed": 7998.291863, "delta": 55.860413}}
{"target": 0.282107933915268, "params": {"f0": -0.8012890874615035, "f1": 2.810737975622474, "f10": -0.26969429332313993, "f11": -2.1056169391908512, "f12": 1.0581001680427864, "f13": -0.290972204573541, "f14": 0.43987153892729214, "f15": -1.4636317382682933, "f16": -0.6964367080210424, "f17": -0.8689207657090279, "f18": 0.02417357837943912, "f19": 0.3054990695398218, "f2": -0.25629359885701863, "f20": 0.2491889705666086, "f21": -1.0528274711549308, "f22": -0.27254450983454226, "f23": -1.3228215670798895, "f24": -1.0351158180269482, "f25": -0.8026123007354988, "f26": -0.8399895847581194, "f27": 1.7909222543384775, "f28": -0.9474451729112883, "f29": 0.27782401822715175, "f3": -0.44734862138014164, "f30": -0.05385392929524324, "f31": 0.08121525883648728, "f32": -2.3011506235550554, "f33": 0.26265199344799883, "f34": 1.3845314893709222, "f35": -2.3677948458102542, "f36": 1.3642738958698892, "f37": -2.2631039325365547, "f38": -0.014408403087462412, "f39": -0.9816887822812466, "f4": -0.7439341371204311, "f40": 0.44519766709133246, "f41": -0.1126438565681932, "f42": 0.5384864556263835, "f43": 0.1861517120826052, "f44": -0.1133719020990348, "f45": 0.90967225839195, "f46": -1.0749621148685702, "f47": -0.7362451196067784, "f48": 1.9741378086060066, "f49": -0.36302118058353905, "f5": 0.018632745519841398, "f50": 0.47562970970691654, "f51": -0.19857400824563365, "f52": 2.3104331967112746, "f53": 0.8483173295891091, "f54": -1.4898111990531138, "f55": -0.1312954517973871, "f6": 0.13605317522787344, "f7": -0.9649717235321861, "f8": 1.8357909724529031, "f9": 0.6536679872517686}, "datetime": {"datetime": "2023-02-03 16:55:50", "elapsed": 8031.98829, "delta": 33.696427}}
{"target": 0.5146916096242667, "params": {"f0": -0.767727788425749, "f1": 1.0188780819144543, "f10": 0.19147828741729778, "f11": -1.8960571432434572, "f12": 1.3643624591126717, "f13": -0.22531150791891172, "f14": 0.017665068913553128, "f15": -0.7460932226872553, "f16": -0.4679835452001617, "f17": -0.2148456285422592, "f18": 0.13866179092673514, "f19": 0.4768160849798772, "f2": 0.16230551554939698, "f20": -0.1111542090405756, "f21": -0.6759363824423448, "f22": -0.07422230900644444, "f23": -1.4080499718084476, "f24": -0.960398623247251, "f25": -0.8248915054831045, "f26": -1.3583298386481375, "f27": 2.357720723438538, "f28": -0.8893888748789672, "f29": 0.3381149074731895, "f3": -1.2716676588671838, "f30": -0.14097946907653514, "f31": -0.20776971150618756, "f32": -1.3147652201095907, "f33": 0.02010140890025397, "f34": 0.6976138945732344, "f35": -1.017541247448881, "f36": 0.6140139632734353, "f37": -0.6456701343526108, "f38": 0.3419530605525964, "f39": -0.35106052431849377, "f4": -1.1803069032964737, "f40": 0.01580399613698585, "f41": 0.08743899663950735, "f42": 1.2672216662427822, "f43": 0.06725832408053031, "f44": -0.31490005112645736, "f45": 1.0754873664300366, "f46": -0.489837727005797, "f47": -0.7210230931436953, "f48": 0.8754146560151868, "f49": 0.1663805588138556, "f5": -0.3991826962349623, "f50": 1.0262859477132982, "f51": -0.263734603828529, "f52": 1.7213120056937907, "f53": 1.713229565959585, "f54": -1.804392489885668, "f55": -0.4213579284964386, "f6": 0.6847764745900401, "f7": -0.8065486868333556, "f8": 0.9662495952560277, "f9": 1.9251859524750976}, "datetime": {"datetime": "2023-02-03 16:56:41", "elapsed": 8082.817685, "delta": 50.829395}}
{"target": 0.487882782362841, "params": {"f0": -2.1405641564749613, "f1": 1.1095688618324515, "f10": 0.3529274920302159, "f11": -1.4618781974885628, "f12": 2.222403369828011, "f13": 0.2047293936238458, "f14": 0.4204725661799863, "f15": -1.2016904800070778, "f16": -0.7225754947647849, "f17": -0.1444097653018056, "f18": -0.35165451673715287, "f19": 0.7405614420516038, "f2": 0.12111341457253555, "f20": 0.25302285038970485, "f21": -0.9466119497108049, "f22": -0.3391235487151519, "f23": -0.5509217650921419, "f24": -0.5191274562975645, "f25": -0.367015974102335, "f26": -1.0973307087372528, "f27": 2.898932155377554, "f28": -0.4427364676045177, "f29": -0.34453359572097064, "f3": -1.2454218186759733, "f30": -0.35503682277835297, "f31": -0.10045088333294233, "f32": -0.9643570985083016, "f33": 0.021948576531358233, "f34": 0.8854669247714492, "f35": -1.5488250325761705, "f36": 1.076160681829311, "f37": -1.5888861972614134, "f38": 0.011597897433727578, "f39": -0.43519591872687946, "f4": -1.0511549314869217, "f40": 0.30284269626580607, "f41": 0.11108250636565217, "f42": 1.3296691948097759, "f43": -0.14736188945337345, "f44": -0.5887787422469942, "f45": 0.5612538596052471, "f46": -1.1311165473895217, "f47": -0.4810970300422415, "f48": 1.7289260363490309, "f49": -0.23911580510978028, "f5": -0.3909213005343338, "f50": 1.2469290421815238, "f51": -0.21595583650498357, "f52": 1.5902261825839803, "f53": 2.9083798716853835, "f54": -2.865636178771666, "f55": -0.3813922266963715, "f6": 0.5193418188760552, "f7": -0.5883299378436468, "f8": 1.227909755597142, "f9": 1.826104362556416}, "datetime": {"datetime": "2023-02-03 16:57:29", "elapsed": 8130.613892, "delta": 47.796207}}
{"target": 0.15732649367281334, "params": {"f0": -2.1685529952942475, "f1": 1.7111966528811793, "f10": 0.23746071212621933, "f11": -1.9724883517924474, "f12": 1.0080007828134767, "f13": 0.170106873947657, "f14": -0.16292626985901448, "f15": -1.2872174825947276, "f16": -0.8686171625825516, "f17": -0.7442762995287926, "f18": -0.12710888234985968, "f19": 0.24742733435324393, "f2": 0.02116556153627064, "f20": -0.13056453825168401, "f21": -0.8145498487574696, "f22": -0.5129766189523843, "f23": -0.8582947193810522, "f24": -0.9636036982679026, "f25": -0.28530876185776044, "f26": -1.1692126349619383, "f27": 2.3402316276798594, "f28": -0.7022033005232647, "f29": 0.21995498126762802, "f3": -0.547951540878374, "f30": -0.5084906487441603, "f31": -0.07452091898907615, "f32": -1.3689736440741533, "f33": 0.3130554076520725, "f34": 1.3297549592279803, "f35": -1.6663802149851066, "f36": 1.2805139157526129, "f37": -2.3464865663089265, "f38": 0.5617419263565913, "f39": -1.0860476599568258, "f4": -0.7768205221101308, "f40": 0.406216027483166, "f41": 0.17623596480905337, "f42": 1.3673238105604526, "f43": 0.051518289083457264, "f44": -0.29950240971789166, "f45": 1.2233966913364267, "f46": -1.1605336022933705, "f47": -0.5739128534089089, "f48": 1.782720216265323, "f49": -0.21925236919700736, "f5": 0.13622804660675591, "f50": 1.1096177961840006, "f51": -0.3011536357613882, "f52": 1.5076075189311315, "f53": 2.1315379420076357, "f54": -1.6140018007845194, "f55": 0.05788062728917176, "f6": 0.4607515762118816, "f7": -0.5601197867734251, "f8": 1.4026281507644636, "f9": 3.0139505342654256}, "datetime": {"datetime": "2023-02-03 16:58:17", "elapsed": 8179.149405, "delta": 48.535513}}
{"target": 0.21270103477803823, "params": {"f0": -0.7733537121677792, "f1": 2.837157034318878, "f10": 0.19049010689181417, "f11": -1.8531096501976345, "f12": 2.5086025756631205, "f13": 0.04840574821126653, "f14": -0.09352407542602853, "f15": -0.8000615007046232, "f16": -0.48228949164536533, "f17": -0.5946507802236383, "f18": 0.04372648903721965, "f19": 0.6906075107070085, "f2": -0.26403002784151175, "f20": -0.21908793735249807, "f21": -0.5757883376376076, "f22": -0.14605674999078055, "f23": -0.9791791367679465, "f24": -1.0209887725407873, "f25": -0.5596558422783176, "f26": -1.0094337388197077, "f27": 0.6808555503280835, "f28": -0.6423039813324332, "f29": -0.05516990353220125, "f3": -1.3277315580799645, "f30": -0.5516344638066274, "f31": -0.11153236046705045, "f32": -0.9243391116430717, "f33": 0.19361827451450497, "f34": 0.8825151972869997, "f35": -0.8426978413893935, "f36": 1.35892227355371, "f37": -2.2059517381612452, "f38": 0.5391092971824836, "f39": -1.0604665949828527, "f4": -0.8818220771576544, "f40": 0.18531781409572023, "f41": 0.3019892223847086, "f42": 1.1634020128328553, "f43": 0.1509770604740854, "f44": -0.48369077355450046, "f45": 0.407671562811579, "f46": -0.8405718141635966, "f47": -0.39082061428984893, "f48": 1.6084218705164695, "f49": -0.14128633652495964, "f5": -0.4109245279703626, "f50": 0.4395105983805815, "f51": -0.22806644198671447, "f52": 2.333372016051115, "f53": 0.9527704197318915, "f54": -1.2863670763315702, "f55": 0.009254328260554612, "f6": 0.4598914713979733, "f7": -0.9694747526946005, "f8": 0.6316924301857981, "f9": 2.272332005687683}, "datetime": {"datetime": "2023-02-03 16:59:20", "elapsed": 8242.185859, "delta": 63.036454}}
{"target": 0.28582842247387696, "params": {"f0": -2.9308339513797956, "f1": 2.4132856599965935, "f10": -0.004230946275417535, "f11": -0.8968051835191853, "f12": 2.6775090667767394, "f13": 0.016679032165187957, "f14": -0.23613394316758707, "f15": -0.5301443697828618, "f16": -0.19090735398171876, "f17": -0.21628905494015005, "f18": 0.0450795418219595, "f19": 0.34100121506426273, "f2": -0.2297310308510973, "f20": -0.18563239117629005, "f21": -0.721091392804561, "f22": -0.2971745915754943, "f23": -0.8417645574896975, "f24": -1.1716831598862496, "f25": -0.8544651804074084, "f26": -1.1794661881533055, "f27": 0.8386661167989495, "f28": -0.5149067001894183, "f29": -0.3319955107625667, "f3": -0.9427375508146056, "f30": -0.11553032387018902, "f31": -0.30615367874715194, "f32": -2.097199011747673, "f33": 0.0805441558161234, "f34": 1.271845687738428, "f35": -2.1356343219706537, "f36": 1.5876900400302325, "f37": -2.30974271183712, "f38": 0.408401718806041, "f39": -0.4404614527001315, "f4": -0.7287952144322092, "f40": 0.7383408354071291, "f41": -0.12669736214764402, "f42": 0.4832207368426627, "f43": 0.24318003530743384, "f44": -0.3478366683372532, "f45": 0.4241188477906322, "f46": -0.8878084830181916, "f47": -0.046829009144714995, "f48": 0.7686410997232509, "f49": 0.23870734138689254, "f5": -0.3311741715504923, "f50": 0.5321028164571047, "f51": -0.11959227978859599, "f52": 2.2672217758464743, "f53": 2.148588046374883, "f54": -1.6681536414003195, "f55": 0.16557816740276365, "f6": 0.5380059547477238, "f7": -0.9655635354358374, "f8": 0.5797668021223085, "f9": 1.8580340563791014}, "datetime": {"datetime": "2023-02-03 16:59:56", "elapsed": 8278.275868, "delta": 36.090009}}
{"target": 0.15804724756329505, "params": {"f0": -2.869286253091944, "f1": 1.2122238061134216, "f10": 0.3854076697488943, "f11": -1.5861620142081791, "f12": 1.012270117889722, "f13": -0.11132507688572196, "f14": 0.0007301951210190727, "f15": -0.8509976383480656, "f16": -0.7529008355281778, "f17": -0.839372220505925, "f18": -0.1852381002391743, "f19": 0.714872550444283, "f2": -0.2972964785444317, "f20": -0.3846537688083527, "f21": -0.7555107738071515, "f22": -0.624452125232044, "f23": -1.5932561915576597, "f24": -0.5930532046160713, "f25": -0.46041240379045256, "f26": -1.2211708689932266, "f27": 0.7542855856494137, "f28": -1.2224670895320306, "f29": 0.2974230346815874, "f3": -1.1373610996876504, "f30": -0.727082426857083, "f31": 0.11176964726328265, "f32": -1.5555806423947969, "f33": -0.29835676839765907, "f34": 0.5612413409243823, "f35": -2.1200105490832506, "f36": 1.2112163434991141, "f37": -2.4239952339990483, "f38": 0.5625013729342802, "f39": -0.7726169644859933, "f4": -1.164825662922026, "f40": 0.5018513730818124, "f41": 0.42333068471300184, "f42": 0.9286081860259529, "f43": 0.36690569229607184, "f44": -0.200501680413519, "f45": 0.42099432363820377, "f46": -0.8078046462247188, "f47": -0.4579318145385296, "f48": 1.6442907097258261, "f49": -0.005410728709001944, "f5": -0.4187752270172667, "f50": 0.9935260486651112, "f51": -0.19618541150396493, "f52": 1.8598538935844728, "f53": 2.1372011510656863, "f54": -2.23695113164093, "f55": -0.07677972884101902, "f6": 0.2557146579770443, "f7": -0.7854135023734011, "f8": 1.1498879607763033, "f9": 2.65514133732583}, "datetime": {"datetime": "2023-02-03 17:00:25", "elapsed": 8306.607433, "delta": 28.331565}}
{"target": 0.23986731226150484, "params": {"f0": -1.5690835396784049, "f1": 0.8505005465839307, "f10": -0.10374820070212307, "f11": -0.8903050326350574, "f12": 1.1111828563476955, "f13": 0.049910196450766, "f14": -0.20200544302233892, "f15": -0.6729199600974887, "f16": -0.6226310319660361, "f17": -0.4442025199012007, "f18": 0.08484181843017735, "f19": 0.5746499224755858, "f2": -0.2939571515917431, "f20": 0.297684129404329, "f21": -1.3692048858877213, "f22": -0.07456345100567963, "f23": -1.539161465766641, "f24": -0.8787760791635693, "f25": -0.6256529708100709, "f26": -1.2222033975609938, "f27": 2.765011011726811, "f28": -0.403629951850364, "f29": -0.34645882996697913, "f3": -0.5034759851112985, "f30": -0.2956116926610102, "f31": 0.17577619672248768, "f32": -0.9760007723876327, "f33": 0.029748425307876913, "f34": 1.2177117963388358, "f35": -1.3061687957897998, "f36": 1.0190190222828022, "f37": -0.7892097279283119, "f38": 0.007388931763897821, "f39": -1.003227314724049, "f4": -0.4294547660879272, "f40": 0.5242951923584221, "f41": 0.1849612120701105, "f42": 0.9118848581297541, "f43": -0.08654788150558705, "f44": -0.48593513505724484, "f45": 0.4791535177308908, "f46": -0.9685389230062198, "f47": -0.691793206216331, "f48": 1.0849429314648038, "f49": 0.2504474788247192, "f5": 0.15790053642326318, "f50": 0.8343694013927936, "f51": -0.3270778740825267, "f52": 0.9672417566896743, "f53": 2.6915945334595746, "f54": -1.689581584056958, "f55": -0.4861747884422866, "f6": 0.18626376301160275, "f7": -0.6513623081817201, "f8": 0.956742728651153, "f9": 2.5118778639595774}, "datetime": {"datetime": "2023-02-03 17:01:12", "elapsed": 8354.019601, "delta": 47.412168}}
{"target": 0.487882782362841, "params": {"f0": -1.442485631100882, "f1": 0.9571949131750193, "f10": 0.17533240486102736, "f11": -1.748061159392157, "f12": 1.5150044046201248, "f13": 0.0859742265475475, "f14": 0.08969002702430096, "f15": -1.355102540929835, "f16": -0.899416530887091, "f17": -0.7962840839127161, "f18": -0.26090518941287755, "f19": 0.486515179636579, "f2": -0.3776940411535393, "f20": 0.02897373630261374, "f21": -1.2452908397454492, "f22": -0.10996887246098153, "f23": -0.6523030110161382, "f24": -1.2894371475326736, "f25": -0.6278797038682313, "f26": -1.4030724769950031, "f27": 2.6562640487977704, "f28": -0.7626513512007722, "f29": 0.15507979205023503, "f3": -0.9279802422591708, "f30": -0.40052394047344153, "f31": -0.15760961221610253, "f32": -1.8311812344419591, "f33": -0.2681953660509756, "f34": 0.7623695889716238, "f35": -0.7576330857303895, "f36": 1.7630442088045706, "f37": -2.625943481858824, "f38": -0.03196571682111501, "f39": -0.6409349316290585, "f4": -0.4667109280467078, "f40": 0.5587157046760416, "f41": 0.015246848077181074, "f42": 1.3891924665027797, "f43": -0.06604841902926167, "f44": -0.5854868783449565, "f45": 1.2760173790684188, "f46": -1.156667078198135, "f47": -0.10804294723829122, "f48": 1.3293159602538402, "f49": 0.014549128909583153, "f5": -0.07231824334933734, "f50": 0.9194676007762614, "f51": -0.3778226091845372, "f52": 1.831821334038208, "f53": 2.8934407329955834, "f54": -2.703360804565121, "f55": 0.14667792840856309, "f6": 0.43694444151648354, "f7": -0.5399218361434962, "f8": 1.8174292680849302, "f9": 1.0628092642083766}, "datetime": {"datetime": "2023-02-03 17:01:13", "elapsed": 8354.959374, "delta": 0.939773}}
{"target": 0.34261984578367943, "params": {"f0": -1.8986489650049885, "f1": 0.8412501927559924, "f10": 0.2882523322098237, "f11": -1.7799048396911479, "f12": 0.8732489095531563, "f13": 0.2061463828814728, "f14": 0.40942738423325775, "f15": -1.6183156090007755, "f16": -0.676840441807087, "f17": -0.20642473618712398, "f18": -0.05230635281994378, "f19": 0.4035976679150136, "f2": 0.2929434791541977, "f20": 0.09666518673702135, "f21": -1.19013950970014, "f22": -0.5855683951608196, "f23": -1.5519460932896592, "f24": -1.2299494963541897, "f25": -0.613327384340353, "f26": -0.5023681502629171, "f27": 1.4201513736599813, "f28": -0.7101840789300788, "f29": -0.037352382244988436, "f3": -1.2467820651299615, "f30": -0.45659498995627257, "f31": -0.01449175388893087, "f32": -0.7762535710355498, "f33": -0.33898018143568426, "f34": 0.7007346906420118, "f35": -1.5377766367658015, "f36": 1.4998600197100769, "f37": -1.1437186945956794, "f38": 0.4983925736854843, "f39": -0.5498511836389867, "f4": -1.0931480542598269, "f40": 0.5929535837508876, "f41": 0.010028145099283403, "f42": 1.2213332266024521, "f43": 0.27112322048799464, "f44": -0.24786076496337806, "f45": 1.1673115379076788, "f46": -0.7499325484620818, "f47": -0.6813256927970428, "f48": 0.9472057991650396, "f49": 0.017231199284311494, "f5": 0.011677074526821984, "f50": 1.2778396741962896, "f51": -0.21756876112993653, "f52": 1.6537620528198864, "f53": 1.1742791909182664, "f54": -2.8865540042053746, "f55": -0.06359103277951239, "f6": 0.05395653911810212, "f7": -0.34318066875820585, "f8": 1.7411578352806747, "f9": 2.6724769873409167}, "datetime": {"datetime": "2023-02-03 17:01:14", "elapsed": 8355.905022, "delta": 0.945648}}
