{"target": 0.2150682017275875, "params": {"f0": -0.3714629758896505, "f1": 0.4591704032414564, "f10": -0.3292081944575998, "f11": 1.132956960888403, "f12": 1.3165851315273747, "f13": 0.9954327203837559, "f14": -1.444881908884476, "f15": -1.7249636003183337, "f16": 0.05780910109335317, "f17": -0.9524047717225774, "f18": 0.9629574373665157, "f19": -0.6612053315462167, "f2": -1.4889191720026391, "f20": -0.6152845558463388, "f21": -0.9477751909459505, "f22": 1.5587619904828462, "f23": 0.46916395247631437, "f24": 0.2017861323515099, "f25": 0.2062764488040754, "f26": -0.13189545908478686, "f27": -1.3124825645692482, "f28": 1.4145660195489331, "f29": 0.8577143921195829, "f3": 0.11187448303960379, "f30": 0.038645009674202244, "f31": 1.4052885512044893, "f32": -1.7729786739795679, "f33": 0.9668385492693284, "f34": -1.75069304191491, "f35": 1.9718849561001037, "f36": -0.03737555430438383, "f37": -0.36314513268785453, "f38": -0.2563883618036098, "f39": 0.8135788609865207, "f4": -0.5706715492225423, "f40": 0.5499899560590007, "f41": 0.7297030729973274, "f42": -1.3343147184879383, "f43": 0.049204496359659046, "f44": -1.4168379137047742, "f45": 0.008957274016223793, "f46": -0.25145681130741493, "f47": -0.2742785798773719, "f48": -1.6606213172347182, "f49": -1.4588330622264145, "f5": -0.7194549239882593, "f50": -0.5969274745971679, "f51": -0.8408697160011929, "f52": -0.037749183674294924, "f53": -2.1572596156355823, "f54": -2.511711397090263, "f55": 0.43011819865225803, "f6": 0.7336713815114702, "f7": -1.444792158285275, "f8": 0.4247084682830007, "f9": 0.14393704234232635}, "datetime": {"datetime": "2023-02-03 13:18:52", "elapsed": 8617.061162, "delta": 86.010961}}
{"target": 0.39119110957490455, "params": {"f0": -0.6436913451216101, "f1": -0.07229148302719535, "f10": -0.4972134144682835, "f11": 0.45750692363611656, "f12": 1.2370421673189518, "f13": 1.8029869516181298, "f14": -0.8741952495804282, "f15": 0.6348611734634422, "f16": -0.2479960690641292, "f17": -1.1562940888948805, "f18": 2.7054639296705583, "f19": -1.7428850035178904, "f2": -2.1850046602938726, "f20": -0.2398125500324717, "f21": -1.4625501825088714, "f22": 2.81791619262531, "f23": 2.3530295047013974, "f24": 1.1757068092509741, "f25": -0.6647998794997294, "f26": 0.49793659691339553, "f27": -2.3656727377173143, "f28": 1.2620263656065016, "f29": 1.1694576783746715, "f3": 0.9933959345071268, "f30": 1.2561498411343464, "f31": 2.742304041364492, "f32": 0.5713696894495688, "f33": 2.5282070411670325, "f34": -1.9644160778017339, "f35": 1.764145750869392, "f36": 1.084509423588771, "f37": -1.734664815699902, "f38": -0.5343819246631726, "f39": -0.19657453817650883, "f4": -1.6308255897986599, "f40": -0.07976219458623124, "f41": 2.8619271464143083, "f42": 0.32884617228054536, "f43": -0.4412156208552892, "f44": -0.4763855937943786, "f45": -0.04635187790447537, "f46": -0.11818434941706202, "f47": 0.6187989674643446, "f48": -2.7617887202551112, "f49": -2.007569880778018, "f5": -1.8313104936261548, "f50": -0.876812635555272, "f51": 0.15314236912042434, "f52": -0.7625344583897358, "f53": -0.5405621396806959, "f54": -0.43543520880328135, "f55": 1.1268948982543554, "f6": 1.8227358799810391, "f7": -2.0360273371156508, "f8": -0.6715959302920491, "f9": 0.16055014834983972}, "datetime": {"datetime": "2023-02-03 13:19:52", "elapsed": 8676.936561, "delta": 59.875399}}
{"target": 0.3702680938365082, "params": {"f0": 0.14675754137052252, "f1": 0.13630622932288725, "f10": -0.14850080318823386, "f11": 1.0141152791065, "f12": 1.1983310178414026, "f13": 1.6503709257215038, "f14": -1.1978061721110347, "f15": -1.6522948791582919, "f16": 0.010115781636574363, "f17": -0.9242582253813207, "f18": 2.737237619423614, "f19": -1.8293254369634744, "f2": -2.65902314660258, "f20": -0.4571602790532833, "f21": -1.3561673813679893, "f22": 3.0333799189430217, "f23": 2.2931867783797726, "f24": 0.1698919451873698, "f25": -0.1514471080616067, "f26": 0.25523874331212953, "f27": -2.7510039467093343, "f28": 2.557646496528457, "f29": 1.0281096337734612, "f3": -0.04265659006485347, "f30": 0.29063745909182487, "f31": 2.577305920300483, "f32": -1.062178280737179, "f33": 1.5649196369626655, "f34": -1.158006966595473, "f35": 1.849499848355059, "f36": -0.05804455779893411, "f37": -2.1343416577846135, "f38": -0.20648371633726428, "f39": 0.6975548232609672, "f4": -0.8990816335259411, "f40": 0.3185675852704085, "f41": 2.3989683164129274, "f42": -0.892859666834952, "f43": 0.4787518215191302, "f44": -1.0280116332773117, "f45": 0.22693031042087752, "f46": 0.08487557293518634, "f47": 0.18384443262664735, "f48": -1.9442212642789307, "f49": -1.6124377960333742, "f5": -2.2439183189376366, "f50": -0.24074758975483085, "f51": -0.7310822323260071, "f52": 0.19343162786712656, "f53": -1.6394223991112964, "f54": -1.5496751768769448, "f55": 0.7753048514829257, "f6": 0.8877213916348441, "f7": -1.730757516090564, "f8": 0.4383032137651105, "f9": 0.2238665660898412}, "datetime": {"datetime": "2023-02-03 13:19:55", "elapsed": 8680.149163, "delta": 3.212602}}
{"target": 0.3463317653379256, "params": {"f0": -0.8519672666443383, "f1": 0.3792574745026327, "f10": -0.5427875972731679, "f11": 0.1563853163248936, "f12": 0.31549784832016736, "f13": 0.7549065881258059, "f14": -2.091527042019634, "f15": -0.9707064275525887, "f16": 1.0543461815842659, "f17": -2.641027282884546, "f18": 2.2011957695702105, "f19": -1.3292836583789764, "f2": -1.6930763000271256, "f20": -0.21888725340212778, "f21": -2.304723553166217, "f22": 2.881679651789478, "f23": 1.2080666447431918, "f24": -0.032486464534617454, "f25": 0.6499562233013858, "f26": -0.29801654194468097, "f27": -1.9385044749399298, "f28": 1.2638696648750725, "f29": 2.250199895579989, "f3": 0.23011111397926975, "f30": -0.06997212284860987, "f31": 2.2735542832886235, "f32": -0.8535408636816832, "f33": 1.7376438156189278, "f34": -2.8444574426772684, "f35": 2.750620016645568, "f36": -1.0625261405124529, "f37": -0.8092215416716022, "f38": -1.181536920930342, "f39": -0.3501870768483967, "f4": -1.9263860958569488, "f40": 0.27743048883135835, "f41": 1.893362307310671, "f42": -0.8617976259522249, "f43": 0.6860997909550999, "f44": -0.6169379153714467, "f45": 1.4552662627463508, "f46": -0.03673246322031076, "f47": 0.2746511935597866, "f48": -0.5974939393465775, "f49": -2.8773893358235294, "f5": -2.041852262900762, "f50": 0.15683659485115742, "f51": 0.2709774261888547, "f52": 0.7269981461642561, "f53": -2.906718029121372, "f54": -1.1229361327449867, "f55": 0.8192259243571909, "f6": 0.15689215997352246, "f7": -1.3068661656310452, "f8": 0.8081158642919539, "f9": 0.13867379884229014}, "datetime": {"datetime": "2023-02-03 13:20:29", "elapsed": 8714.714291, "delta": 34.565128}}
{"target": 0.12350861578401813, "params": {"f0": -0.3153808153305797, "f1": 0.25639491707764406, "f10": 0.4219986643750526, "f11": 0.196681443098347, "f12": -0.5263006370844301, "f13": 1.5129190743630954, "f14": -1.5329647864694833, "f15": -0.7482318891630855, "f16": -1.070854204534243, "f17": -1.9674690754002675, "f18": 1.9922781904767346, "f19": -2.1561672286422087, "f2": -2.0564692303488403, "f20": -0.20569000343388888, "f21": -2.5683222850411553, "f22": 2.1146134586863474, "f23": 2.2516740634506354, "f24": 1.2628016330717804, "f25": -0.6772661720011441, "f26": 0.2545325107266405, "f27": -1.0974928127298504, "f28": 2.556537807959929, "f29": 1.825121146317432, "f3": 1.0369572709960406, "f30": -0.12446637252679715, "f31": -0.27902055091019873, "f32": -2.102325498803428, "f33": 0.8876659656986297, "f34": -2.069741012316885, "f35": 2.643657589678846, "f36": 0.18323751388944753, "f37": 0.47520674535989116, "f38": 0.6950588000149123, "f39": -0.08323861574746538, "f4": -0.8737194772859629, "f40": 1.3288143607370824, "f41": -0.1756729325078228, "f42": -0.5660398247689189, "f43": 0.3450478988185164, "f44": -0.7026212127143703, "f45": -0.7235730067649155, "f46": 0.9174728097159011, "f47": -0.4382731447117386, "f48": -0.8199071868001004, "f49": -2.1044455672169136, "f5": -0.703740264200492, "f50": -1.1926515813053442, "f51": -0.293814705342919, "f52": -0.08537827067114678, "f53": -2.012397301388618, "f54": -2.9867215747960665, "f55": 0.7693486415910058, "f6": 1.5984289349040226, "f7": -2.6138269177702544, "f8": -0.8835494833850333, "f9": -0.827408638421643}, "datetime": {"datetime": "2023-02-03 13:21:38", "elapsed": 8783.811564, "delta": 69.097273}}
{"target": 0.08343991550409828, "params": {"f0": 0.800061848634517, "f1": 0.6818299748074861, "f10": -0.6918466469064881, "f11": -0.5775179865670869, "f12": 0.433505755064412, "f13": 2.0269945708923944, "f14": -0.4718234194251072, "f15": -1.4510697054672066, "f16": 0.8958453756569629, "f17": -1.0189958651426885, "f18": 1.9266928565531192, "f19": -1.3687241790352922, "f2": -1.3043189160874455, "f20": 1.0504853898616153, "f21": 0.41550004039952126, "f22": 1.8735929151764457, "f23": 2.0506558544001114, "f24": 0.044452579419971494, "f25": -1.4773755186897077, "f26": -0.11170405708068532, "f27": -2.100216043555358, "f28": 2.882801451798983, "f29": 0.3575478060169629, "f3": -0.5292804579199538, "f30": -0.7975134496847904, "f31": 2.6525687330562997, "f32": -0.4661533323081217, "f33": 0.41236453147735863, "f34": -2.7568715577680867, "f35": 1.7330540964116117, "f36": 0.41646062231029624, "f37": -2.2867576629454542, "f38": -0.22190964259472867, "f39": -0.2794923752234557, "f4": 0.1557994287984652, "f40": 0.25237012792982627, "f41": 0.5075866575615032, "f42": 0.28410328195702483, "f43": -0.5867330495502759, "f44": -2.4303104071100643, "f45": -0.6528426525767188, "f46": -0.5801527532905779, "f47": -0.4859832211453441, "f48": -1.6511689351018097, "f49": -2.029197351861867, "f5": -1.1817706367287142, "f50": 0.03577244655665912, "f51": -0.2904756249996381, "f52": -0.8497349024527414, "f53": -1.149617601744664, "f54": -1.6837423542397227, "f55": 1.2714932488904198, "f6": 0.13982388334487972, "f7": -2.3386208093310876, "f8": 0.8654730497147318, "f9": 0.9848098410678061}, "datetime": {"datetime": "2023-02-03 13:23:37", "elapsed": 8902.18001, "delta": 118.368446}}
{"target": 0.38625024644412115, "params": {"f0": -0.6676128525497258, "f1": -0.6568599561344123, "f10": -0.6517634021733597, "f11": -0.6988488922831937, "f12": -0.09022988996162828, "f13": 2.0926519214482564, "f14": -1.688792324115006, "f15": -0.70638163539622, "f16": -0.18499816057794738, "f17": -1.4895177506611408, "f18": 1.7753405972239276, "f19": -2.3326965210643387, "f2": -1.9720275535243104, "f20": -0.3007691739241243, "f21": -2.126695918661519, "f22": 1.9736838928455662, "f23": 2.6592636952542716, "f24": -0.16575271049900753, "f25": 1.0318338840677086, "f26": -0.9276083441402206, "f27": -2.9829952571883758, "f28": 2.501320590201125, "f29": 1.1056603048978233, "f3": -0.559223266464323, "f30": -0.4709705757811512, "f31": 2.824032558206872, "f32": -2.7600969429804603, "f33": 0.526240933219639, "f34": -0.6698697807038698, "f35": 0.6172865757070564, "f36": -0.966729037769696, "f37": -0.7532171798434875, "f38": 0.8048461756121821, "f39": 0.4799632272427795, "f4": -0.6036473360927039, "f40": 0.4868939610599361, "f41": 2.849971048511432, "f42": -2.733892270272984, "f43": 0.42183713120320654, "f44": -1.325149695755046, "f45": 0.9688233557993136, "f46": 1.3072796164597877, "f47": -0.1546480776181467, "f48": -2.9216209104933664, "f49": -2.1336046919311418, "f5": -0.27078068419472157, "f50": -0.7564080465750367, "f51": 0.5679066560788097, "f52": 0.6315404791152479, "f53": -2.3108505366387924, "f54": -0.9168873271405067, "f55": 0.8008531905579819, "f6": 1.313665000313447, "f7": -2.7815776097319045, "f8": 1.2528347447803871, "f9": -0.12335132221347145}, "datetime": {"datetime": "2023-02-03 13:25:25", "elapsed": 9010.322108, "delta": 108.142098}}
{"target": 0.14125170835853576, "params": {"f0": 0.09002757512568227, "f1": 1.0730773258502684, "f10": -0.6545904649205346, "f11": 2.2679076847169113, "f12": 2.298982052417977, "f13": 0.2943607644972116, "f14": -0.8364367265632322, "f15": 0.17090140608707394, "f16": -0.6573412934121882, "f17": -0.2895272555233963, "f18": 0.8267255809537918, "f19": -0.07602270651344956, "f2": -0.6445096203578964, "f20": -0.1263040260028987, "f21": -2.116909231550387, "f22": 0.5503791072143064, "f23": 2.574634597578605, "f24": -0.8021191242156502, "f25": -0.31150148038270986, "f26": -1.0790098234199528, "f27": -2.1648570899900736, "f28": 1.5698642276013377, "f29": 0.449924430672051, "f3": 0.14227192174662484, "f30": 0.26270346885728224, "f31": 1.4243181615629985, "f32": -1.3032815751100004, "f33": 1.7904754924309416, "f34": -2.219693580841903, "f35": 1.1910348267614577, "f36": 0.08930238003427782, "f37": -2.2403475527428016, "f38": -0.2689320159951234, "f39": 1.0083526661216937, "f4": 0.39843725234394833, "f40": 0.6908064846797566, "f41": 1.9585537892425275, "f42": -1.8975839057013917, "f43": -0.27611012600440676, "f44": -1.2725987612567053, "f45": -1.0338450156791872, "f46": 0.11289811069677036, "f47": 0.6553982454602432, "f48": -1.7299833605103703, "f49": -0.04579545738144297, "f5": -1.0462421022853472, "f50": -0.7205950568221109, "f51": -1.9707577539544456, "f52": 0.5837830706278995, "f53": 0.5100320010009467, "f54": -2.0330844111982107, "f55": 1.0651468772382475, "f6": 0.34035185115722366, "f7": -0.9363620282344431, "f8": 0.6782242666256302, "f9": -0.17237487419477981}, "datetime": {"datetime": "2023-02-03 13:26:58", "elapsed": 9103.259436, "delta": 92.937328}}
{"target": 0.8573457633690854, "params": {"f0": -0.767797335218498, "f1": 0.838017021734834, "f10": 0.229046011468645, "f11": 0.8711798219394281, "f12": -0.7856861037136852, "f13": 2.9518716409358836, "f14": 0.2573100398601156, "f15": -2.7706596862660247, "f16": -1.2431816978391, "f17": -1.6550686694870278, "f18": 2.774625510292231, "f19": -0.28851333381033584, "f2": -1.763401854676405, "f20": -0.9004840420469015, "f21": -0.9898657525797567, "f22": 1.5385345440155782, "f23": 2.5897335545346767, "f24": -0.6005808085166203, "f25": 0.9154804759991684, "f26": -0.42016234244188855, "f27": -2.8175908527175832, "f28": 2.51890300314852, "f29": 0.0709918991387194, "f3": 0.5188273009063422, "f30": 0.6969551695578731, "f31": 2.7289231470147164, "f32": -1.2871051649378655, "f33": 0.042323079230145444, "f34": 0.03484537166692281, "f35": 1.0408914290596445, "f36": 0.5478548037481137, "f37": -2.832415821601749, "f38": 0.08432429936361818, "f39": 0.35591854743839935, "f4": -1.160874086447165, "f40": -0.3050973882832224, "f41": 2.0491773885257434, "f42": -1.5564710459026896, "f43": 1.335138078890335, "f44": -1.412259785279647, "f45": 1.3263275622498953, "f46": 0.995156233463097, "f47": -0.07098370982415814, "f48": -2.3723013037148957, "f49": -1.6031242889636004, "f5": -2.238463233297054, "f50": -0.8195095362978941, "f51": -0.03142006051114521, "f52": 0.09390844643012786, "f53": -1.8372283219637666, "f54": 0.22455061488817707, "f55": 0.4934459865681382, "f6": -0.1462294673629968, "f7": -2.068647571779484, "f8": 1.7557320255048536, "f9": -0.149999742681852}, "datetime": {"datetime": "2023-02-03 13:30:28", "elapsed": 9312.921776, "delta": 209.66234}}
{"target": 0.1341104155655632, "params": {"f0": -1.8454953167923684, "f1": 1.1849560190412736, "f10": -0.04085274388415372, "f11": 1.1655359541887103, "f12": -0.8074124412026749, "f13": 2.9626309623466893, "f14": 0.45933029930934244, "f15": -2.985962356346549, "f16": -2.3581352204958175, "f17": -2.085550385080757, "f18": 1.8256943460634516, "f19": -0.4345520624801842, "f2": -1.346522866977327, "f20": -0.3602712377466877, "f21": -2.2944679527151814, "f22": 0.5301790204909601, "f23": 1.4198489601403783, "f24": -0.8007867051437152, "f25": 1.493874580377982, "f26": -0.4965420740842874, "f27": -2.1550513444519845, "f28": 2.278645762453004, "f29": 0.23915788363159463, "f3": 0.5789210943632904, "f30": 1.4434005650837993, "f31": 2.937424150590277, "f32": -0.11414734867672038, "f33": 1.2184649424818081, "f34": 0.3529780477072899, "f35": -0.27926602951719337, "f36": 1.0007380070424339, "f37": -1.1077669469033615, "f38": -1.1339699825976097, "f39": -0.5435820732765977, "f4": -1.1196230744519304, "f40": 0.7384517251035687, "f41": 1.7352644348385433, "f42": -1.919339631355397, "f43": 2.7458873237327124, "f44": -2.714897577288535, "f45": 1.0690229224292902, "f46": 0.7015144599381401, "f47": -0.07358420177473368, "f48": -0.4331251099439739, "f49": -1.6595763300040771, "f5": -0.7687954641399961, "f50": -1.446138939623426, "f51": -0.5485057176816488, "f52": 0.9516129306073708, "f53": -0.428297217724928, "f54": -0.25116127295815416, "f55": 0.37219722074964856, "f6": 0.42111978030228925, "f7": -2.7248290064601908, "f8": 2.3689110427887, "f9": -1.3415201405110297}, "datetime": {"datetime": "2023-02-03 13:30:34", "elapsed": 9319.151949, "delta": 6.230173}}
{"target": 0.2963346368107628, "params": {"f0": 0.3287777264220324, "f1": 1.367118421311925, "f10": -1.039257495224624, "f11": 2.085617310012469, "f12": 0.7453149351647741, "f13": 1.6428793376429036, "f14": 0.2308937288705868, "f15": -1.5471052975674406, "f16": -1.478695983945169, "f17": -1.7650853353460711, "f18": 1.6886845017183334, "f19": 0.9217822311749753, "f2": -2.8153924211375694, "f20": -1.5764692058670682, "f21": -0.7531504301063241, "f22": 1.718710465476351, "f23": 1.6751998851952337, "f24": -1.371661257646024, "f25": 1.429272656025384, "f26": -0.19517489186567816, "f27": -3.006334612563532, "f28": 2.3121558572829946, "f29": -0.8812807249103947, "f3": -0.8699758256552421, "f30": 0.6865780901042967, "f31": 1.071710754788393, "f32": -1.4005602999221753, "f33": 0.19694475240569242, "f34": 1.2500010952758456, "f35": 1.392913413668949, "f36": 1.0691651207863355, "f37": -2.989359892019118, "f38": -0.9731897181345387, "f39": 0.7383471088629522, "f4": -1.4052489635380467, "f40": -0.7043994474827926, "f41": 1.0836540326497768, "f42": -1.0181635496161043, "f43": 0.6128254522140423, "f44": -2.5921587016024996, "f45": 1.5087821953599279, "f46": 1.1744947788635378, "f47": 0.7248103579279281, "f48": -2.3256434025148867, "f49": -2.987010377938349, "f5": -0.9580115793345501, "f50": -0.49375403965133535, "f51": 0.5803671455037918, "f52": -0.3301197833341487, "f53": -2.325854798386004, "f54": -0.034400418778376185, "f55": 1.7119652995354064, "f6": 0.09986664769951092, "f7": -2.4377883741438127, "f8": 1.143135761874679, "f9": -0.37751148439513216}, "datetime": {"datetime": "2023-02-03 13:31:30", "elapsed": 9375.575545, "delta": 56.423596}}
{"target": 0.2667131296748952, "params": {"f0": -2.2987412829513643, "f1": 0.3113201355732379, "f10": 0.5876709857699798, "f11": 1.1526015802314447, "f12": -0.6915553287207235, "f13": 2.4446743179275185, "f14": 0.9516320149458122, "f15": -2.5022245972232877, "f16": 0.22724966011195757, "f17": -1.7799120640734125, "f18": 1.9762435200324764, "f19": 0.36033094867147364, "f2": -2.043897982339028, "f20": -0.18494241063176586, "f21": -2.1165420742232177, "f22": 1.102526460014139, "f23": 1.0220503154536358, "f24": -1.0706524587775101, "f25": 0.1500884400530862, "f26": -0.6285278094097191, "f27": -2.108447542532993, "f28": 1.1379904513411914, "f29": -0.7841099937845222, "f3": 0.0031234550013463647, "f30": -0.5204114799728233, "f31": 2.552473134654896, "f32": -3.002542409992508, "f33": -0.18399838680339742, "f34": -0.6209040975084318, "f35": 0.4348734205497039, "f36": 0.9230274313688082, "f37": -1.6616158098403104, "f38": 1.3100996329646317, "f39": 0.7431589450652537, "f4": -2.150637164754066, "f40": 0.5253858204865673, "f41": 0.5572332440659783, "f42": -2.5802048885229363, "f43": 1.6001155970512189, "f44": -1.2066715000842902, "f45": 1.0790878895946903, "f46": 1.3818827357223085, "f47": 0.6724372535097698, "f48": -2.331882519118026, "f49": -0.6990620821135902, "f5": -0.8097823984969308, "f50": 0.14854096091404, "f51": 0.720379935931043, "f52": -0.057174644418943155, "f53": -1.0376407163738437, "f54": 0.5750609913069609, "f55": 0.5948955072034957, "f6": -0.2167140625635231, "f7": -0.7200004152647499, "f8": 2.198044827176202, "f9": -1.1377764445138214}, "datetime": {"datetime": "2023-02-03 13:31:37", "elapsed": 9382.558508, "delta": 6.982963}}
{"target": 0.21815705290169413, "params": {"f0": -1.712324573669708, "f1": 0.4125777786951249, "f10": 0.7101393115497743, "f11": -0.1742919299803377, "f12": -1.1346138520318807, "f13": 0.4188823600939394, "f14": 0.49755899143235627, "f15": -1.9758678041029374, "f16": 0.39912771333933783, "f17": -2.2019171446893395, "f18": 2.4890309051271244, "f19": -1.550173743677889, "f2": 0.10738768575843549, "f20": -1.3693409631598856, "f21": -1.7674363192964206, "f22": 2.2817740469813543, "f23": 1.344044120703885, "f24": -0.08858927625081248, "f25": 0.5193586349398759, "f26": 0.7599975627661317, "f27": -2.94046407698889, "f28": 1.6181728018112347, "f29": 0.06386726727111292, "f3": 0.9484522491573829, "f30": 0.16163437427700178, "f31": 2.6106076845736217, "f32": 0.26224271267389776, "f33": 0.34351858733438556, "f34": 0.5607361361625158, "f35": 1.40414957106363, "f36": 0.21850535574154117, "f37": -1.926485229509266, "f38": 0.12985588028603368, "f39": -0.26902880505580873, "f4": -1.8256881539670757, "f40": -0.28519223490238743, "f41": 1.7511287131156439, "f42": -0.8926931420287354, "f43": 1.1775944013325752, "f44": -0.9777238904690875, "f45": 1.958770184128178, "f46": 0.8871067799510505, "f47": -1.2316551629062438, "f48": -2.1612991378338777, "f49": -0.6720357326705799, "f5": -2.1636245297279975, "f50": -1.5705105893261098, "f51": -0.9865544255639251, "f52": -0.7074495961961178, "f53": -2.2027495791142737, "f54": -0.2377597926462276, "f55": 0.4192357400279151, "f6": 0.8501978666236927, "f7": -2.121709844264126, "f8": 1.3411083568754498, "f9": 0.0895011731779567}, "datetime": {"datetime": "2023-02-03 13:32:26", "elapsed": 9431.348171, "delta": 48.789663}}
