{"target": 0.126762947735206, "params": {"f0": 2.7161145609279678, "f1": 0.8630362250833499, "f10": -0.17633879291419763, "f11": 0.033892255809438734, "f12": -2.0062663911832503, "f13": -1.1096273417926514, "f14": -2.9296219232383174, "f15": 1.0063688094256849, "f16": 0.4487250759466419, "f17": -0.3637085275204619, "f18": 0.6533959158385021, "f19": -1.2647855541467996, "f2": 0.04943462966472223, "f20": 0.6480973124402749, "f21": 0.7857141326277394, "f22": -1.2420246123425565, "f23": 0.1542810397266251, "f24": -0.627102345782474, "f25": -2.331954134795592, "f26": -2.6780678062456578, "f27": 0.6851087877712908, "f28": 0.13814348480928437, "f29": 1.9543122542863685, "f3": -0.13160497356694884, "f30": -1.2296654982917474, "f31": 0.6319414168309293, "f32": 0.2890853204731333, "f33": -2.595991192386293, "f34": 2.6648498475114395, "f35": 2.1197573012395843, "f36": -0.6482098077340732, "f37": -0.25063485296086907, "f38": 0.3372220777267933, "f39": 0.9569894200138188, "f4": -0.4884241260812202, "f40": -1.6260330277822024, "f41": 0.7185843905022662, "f42": 0.9946640802425619, "f43": -0.47128086094574956, "f44": 1.867824493237161, "f45": -0.8120265083548406, "f46": -0.34721966513066854, "f47": 0.6884450656996554, "f48": -2.1208936039315303, "f49": -0.907770440846836, "f5": -0.2953625166801854, "f50": -1.2967869843848554, "f51": 0.8512411662236941, "f52": -0.3046950428217756, "f53": 0.16500915708252012, "f54": 0.5847924136222336, "f55": 1.390574921825475, "f6": -0.955473783732103, "f7": -0.5805226949794652, "f8": 1.3183334947597136, "f9": 0.6707591059594469}, "datetime": {"datetime": "2023-01-30 15:45:51", "elapsed": 14428.154376, "delta": 79.521274}}
{"target": 0.22711765909602494, "params": {"f0": 2.7111090049403717, "f1": 1.1229922927448532, "f10": -0.5870576301619417, "f11": 0.0859210050234377, "f12": -1.8031308055781932, "f13": -0.5166518129814748, "f14": -2.7284640298598286, "f15": 1.243989167696371, "f16": 0.5421822396509346, "f17": -0.06973007678007953, "f18": 0.7318059783710014, "f19": -0.7123582675687095, "f2": -0.07403998702379555, "f20": 2.342714336488077, "f21": 0.015435760081917813, "f22": -1.178744043719714, "f23": -0.519850100468631, "f24": -0.9931360894525785, "f25": -0.48754690487691876, "f26": -0.8840079682831541, "f27": 0.10747336386758483, "f28": -0.03767027517117767, "f29": 1.6456123081895806, "f3": -0.11950938408932671, "f30": -1.0248142851413136, "f31": 0.2804095377269594, "f32": 0.2922115347917107, "f33": -1.6996952241889505, "f34": 0.517925213867862, "f35": 1.805305710311441, "f36": -2.137362852147734, "f37": -1.0610216858320543, "f38": 0.027789081400824922, "f39": 2.8229869490388664, "f4": -0.22622288624806963, "f40": -1.131503000528651, "f41": 1.5875505433955879, "f42": 2.364727268096881, "f43": -0.2507132797474744, "f44": 1.9298344589938137, "f45": -0.2281311850626525, "f46": -0.021417527429433536, "f47": 0.6185443699749525, "f48": -1.8894641708232085, "f49": -0.9656116373193986, "f5": -0.8853938644360365, "f50": -1.2534997302460558, "f51": 1.3932473790129567, "f52": -0.8970934728729609, "f53": 0.5547130865482508, "f54": 1.924755516770564, "f55": 1.1554442457402727, "f6": -0.6640416889975311, "f7": -0.6024806821720555, "f8": 1.049262370696161, "f9": 1.56031230701107}, "datetime": {"datetime": "2023-01-30 15:46:54", "elapsed": 14490.623121, "delta": 62.468745}}
{"target": 0.4467714350171376, "params": {"f0": 1.6766057716143752, "f1": 0.8724231312143054, "f10": -0.7297912351122927, "f11": 0.7693992348189098, "f12": -1.612157714889108, "f13": -0.3548500061314297, "f14": -1.7742904432439361, "f15": 1.6201632108060342, "f16": 0.964619209166103, "f17": -0.05441567845170975, "f18": 1.2564534805676217, "f19": -1.2486690426602087, "f2": -0.4569119588120811, "f20": 0.9019671078000906, "f21": 0.8418688868123695, "f22": -1.4259610630685735, "f23": 0.10477531539074769, "f24": -2.7642417222082343, "f25": -1.6959385062921246, "f26": -2.9598074527756237, "f27": 0.4749153440921591, "f28": 0.6382729462664072, "f29": 1.8406445164508003, "f3": 0.2855032318637241, "f30": -0.9972454919436778, "f31": 0.003550628319774929, "f32": -0.008268112392112434, "f33": -2.5167690296034615, "f34": 2.7801848706700674, "f35": 2.0838328826762136, "f36": -1.8048137739894035, "f37": -0.9024204976671601, "f38": -0.14190913396151933, "f39": 2.225964329480552, "f4": -0.7717906978299859, "f40": -1.7681837949857129, "f41": 1.6872846933328458, "f42": 2.9558086449925933, "f43": 0.07155621652391475, "f44": 2.7026786383063985, "f45": -0.4506963373784696, "f46": 0.261960699256512, "f47": 0.12365970637836522, "f48": -0.8779886052521926, "f49": -1.1652693016782933, "f5": -1.2721044201153018, "f50": -2.062763105177183, "f51": 0.46005292280209265, "f52": -0.8079797399802159, "f53": 0.13133828185680257, "f54": 0.8587217666108722, "f55": 1.1538479147778826, "f6": -0.5315528068803661, "f7": -0.5858568518006249, "f8": 1.9269334996254033, "f9": 1.5845855151362744}, "datetime": {"datetime": "2023-01-30 15:48:01", "elapsed": 14557.735263, "delta": 67.112142}}
{"target": 0.06604877298251063, "params": {"f0": 0.7134577705642514, "f1": 2.153588116750866, "f10": -0.1839113948197194, "f11": 0.5881295216928176, "f12": -1.962200285971587, "f13": -0.9344768646184942, "f14": -2.35669303767597, "f15": 1.5458250885481766, "f16": 0.42289920196648056, "f17": -0.2592947705522345, "f18": 2.3960236538488546, "f19": -0.5290599743567359, "f2": -0.02203658364530181, "f20": 1.3152958387151223, "f21": 0.3586204249411678, "f22": -1.3262443058598896, "f23": -0.43607019357162624, "f24": -1.0328007021593741, "f25": -1.7940319082510747, "f26": -2.551547287925264, "f27": 0.44439054394596533, "f28": 0.36551209883041524, "f29": 0.8671892274066701, "f3": 0.21675117717222198, "f30": -1.4718752713068828, "f31": 0.5258510562081331, "f32": 0.5498241257135701, "f33": -0.5668796344567717, "f34": 1.2855397273356466, "f35": 2.281940718796179, "f36": -0.5588668418713789, "f37": -0.5024472778595173, "f38": 0.3111417375938547, "f39": 2.5515797425207953, "f4": -0.15313412505275292, "f40": -0.830680135242059, "f41": 0.45218983480201763, "f42": 2.3867228130499774, "f43": -0.15812262882676376, "f44": 1.8445753908999227, "f45": -0.724089557676987, "f46": -0.005483141739508479, "f47": -0.051885866429032486, "f48": -1.1148593825255262, "f49": -1.0646077864081447, "f5": -0.6157249650029331, "f50": -1.9790306771761825, "f51": 1.3802158937945355, "f52": -0.5574313477701536, "f53": 0.5616894059709665, "f54": 1.8156846076995548, "f55": 0.8399632748069831, "f6": -0.738543524690622, "f7": -0.013171232668581445, "f8": 0.6240202155919511, "f9": 1.7592471508352778}, "datetime": {"datetime": "2023-01-30 15:48:14", "elapsed": 14570.477842, "delta": 12.742579}}
{"target": 0.15424139181358737, "params": {"f0": 1.9143777525392258, "f1": 2.347353770182701, "f10": -0.0037473466806010602, "f11": 0.5459428376825246, "f12": -1.487975165357809, "f13": -0.5151885758743697, "f14": -2.5614126685165126, "f15": 0.43897798875744326, "f16": 0.9235978358239292, "f17": -0.35699544489184276, "f18": 1.4527049669423473, "f19": -1.4411439889558306, "f2": -0.4470402529666147, "f20": 1.6378719873794638, "f21": 0.39708307889228495, "f22": -1.4620763953231577, "f23": 0.24895381192521582, "f24": -1.7696939813245947, "f25": -0.5019217470225472, "f26": -2.086842190979481, "f27": 0.18565848920163405, "f28": 0.5329429063381024, "f29": 0.6089576286044455, "f3": 0.43619074758828374, "f30": -0.5723878434437891, "f31": 0.3943529312364811, "f32": 0.7520260370330003, "f33": -2.0097230463813607, "f34": 1.29494867758544, "f35": 2.1534647108162446, "f36": -1.657774303782647, "f37": -0.35528805856330226, "f38": 0.3859175855942703, "f39": 1.5681568368184962, "f4": -0.492147334518975, "f40": -1.2221119931840168, "f41": 1.2926969367366008, "f42": 2.99555685629147, "f43": 0.0026256126222726772, "f44": 2.895821361832945, "f45": -0.22946235025862038, "f46": 0.2834218666536584, "f47": 0.08705576766117075, "f48": -2.196520046652278, "f49": -1.0928420737325502, "f5": -0.4664503545439489, "f50": -1.7291760663315365, "f51": 1.300939582476386, "f52": -0.9629959348522268, "f53": 0.5680956187408395, "f54": 1.6313281574668537, "f55": 0.6055832608237166, "f6": -1.0332623328756507, "f7": -0.1501689641483983, "f8": 0.8161977730970664, "f9": 1.2776091869655346}, "datetime": {"datetime": "2023-01-30 15:50:00", "elapsed": 14677.127275, "delta": 106.649433}}
