{"target": 0.33941121416619024, "params": {"f0": 1.03116569355742, "f1": 2.1077670343607076, "f10": -0.2888295707787488, "f11": 0.17141032455653593, "f12": -2.110152983150532, "f13": -1.057748275892544, "f14": -2.5480349482477878, "f15": 0.4437920284086891, "f16": 1.2294911233489911, "f17": 0.025442446444090328, "f18": 2.3703155077584857, "f19": -1.091559862422981, "f2": -0.5879480235038372, "f20": 0.5429591876126091, "f21": 0.4028814385011238, "f22": -0.7286277752184305, "f23": 0.09247530804680859, "f24": -2.193475529629132, "f25": -2.164776723677295, "f26": -0.677542023638837, "f27": 0.6544063594614133, "f28": 0.5027152133108248, "f29": 1.7474879064209239, "f3": 0.0018332848245162792, "f30": -0.9902182215323022, "f31": 0.03619990348693994, "f32": 0.7906395618718143, "f33": -1.0175308638181828, "f34": 2.7909588369924703, "f35": 2.6877241470725752, "f36": -0.7085674052026207, "f37": -0.8142479460145843, "f38": -0.05941439923648978, "f39": 1.1288806754825726, "f4": -0.07251890565002006, "f40": -0.8270407428548071, "f41": 1.580228031869487, "f42": 2.743964112711376, "f43": 0.03531849080835581, "f44": 2.8380364916777547, "f45": -0.7050914066205762, "f46": -0.2330397626515705, "f47": 0.6015801222986287, "f48": -2.652394995699977, "f49": -0.9288001474927522, "f5": -0.8919059071612703, "f50": -0.4900368382387654, "f51": 0.7286578052366144, "f52": -0.406996163693661, "f53": -0.18365890096944354, "f54": 2.1274687378634924, "f55": 0.600561442599999, "f6": -0.6872689785522976, "f7": -0.22320534762784394, "f8": 0.8870828340562382, "f9": 2.0659105656473837}, "datetime": {"datetime": "2023-01-30 13:13:30", "elapsed": 5286.460598, "delta": 49.379875}}
{"target": 0.23525874704676078, "params": {"f0": 1.9884446209723585, "f1": 0.931726158320779, "f10": -0.5552181647706038, "f11": 0.19831324117410765, "f12": -1.3898586522760508, "f13": -1.3640319765823068, "f14": -2.878898489833533, "f15": 0.8952728714021101, "f16": 0.6845439227767385, "f17": 0.0697211666105284, "f18": 1.347740402298217, "f19": -1.020095140535869, "f2": -0.5047793771889828, "f20": 1.985062899588919, "f21": 0.22097181873058308, "f22": -0.6913002734463981, "f23": -0.07765465757294093, "f24": -2.1857460371180304, "f25": -2.362034761585498, "f26": -0.8768743792277003, "f27": 0.6886325526910186, "f28": -0.051558586562880704, "f29": 0.49698795037015076, "f3": 0.07026463058258559, "f30": -1.4363148099699785, "f31": 0.17987773613830568, "f32": 0.8153675413780954, "f33": -2.3190359695177984, "f34": 1.0589937577882667, "f35": 2.741782452662934, "f36": -1.2441940525514465, "f37": -1.007361994146461, "f38": -0.2642775264401882, "f39": 2.0639109920395082, "f4": -0.7099268877558617, "f40": -1.1463154627144125, "f41": 0.7573672892490964, "f42": 1.2500874589602295, "f43": -0.1828550500598567, "f44": 0.7088845729623635, "f45": -0.12292863283688793, "f46": 0.1329622467149495, "f47": 0.4175976055096235, "f48": -2.5531848006788214, "f49": -0.6776247635799214, "f5": -1.4001582216324473, "f50": -1.6447725199439915, "f51": 0.34757791615797323, "f52": -1.3295835591705807, "f53": -0.1675097445539947, "f54": 0.6382330040681838, "f55": 0.37329541314311115, "f6": -1.3542165560875352, "f7": -0.004651395294075988, "f8": 2.0114928680438724, "f9": 2.9198476712984016}, "datetime": {"datetime": "2023-01-30 13:15:56", "elapsed": 5432.645174, "delta": 146.184576}}
{"target": 0.0816781734078225, "params": {"f0": 1.703613888324155, "f1": 2.164635593557851, "f10": -0.24248994107295663, "f11": 0.6487624250806915, "f12": -2.6034212274080275, "f13": -0.5389825930986917, "f14": -0.581688054663172, "f15": 0.8365524923854719, "f16": 0.4141398274185601, "f17": -0.27757756251369586, "f18": 1.7306779932271479, "f19": -1.3522139834838902, "f2": -0.43577355804229323, "f20": 2.127816391510597, "f21": 0.27682740156061914, "f22": -0.3814468190196938, "f23": -0.4268204591388848, "f24": -1.0364308602299381, "f25": -2.393796565243348, "f26": -2.1548187057920596, "f27": 0.9902230682860218, "f28": -0.0785774276936389, "f29": 2.2185264000709832, "f3": 0.4949151165226113, "f30": -0.9907174287156902, "f31": 0.636730174765147, "f32": 0.4302785503122798, "f33": -2.212450644219781, "f34": 1.7819814705671868, "f35": 1.7717463408923626, "f36": -0.8361831560769826, "f37": -1.0739402613538287, "f38": -0.36603237386858023, "f39": 2.2286166561252823, "f4": -0.19927738447305565, "f40": -1.2708834280660621, "f41": 0.9328664601677066, "f42": 1.7812653749121095, "f43": 0.19699798901258792, "f44": 1.8865042916580241, "f45": -0.8616711416566698, "f46": 0.0685600787128286, "f47": 0.04882032606924562, "f48": -1.2496919890027194, "f49": -0.30538681540571466, "f5": -1.104459005120551, "f50": -1.806150367992386, "f51": 0.4395195250783135, "f52": -0.3182211108380455, "f53": 0.18698285791790098, "f54": 2.4167802083700076, "f55": 1.2745010800217673, "f6": -1.6669706611010238, "f7": -0.3248177937325644, "f8": 1.1802170400347562, "f9": 1.4095682180371596}, "datetime": {"datetime": "2023-01-30 13:17:49", "elapsed": 5545.664535, "delta": 113.019361}}
{"target": 0.12301952950956914, "params": {"f0": 1.76768086388914, "f1": 1.659280565751826, "f10": -0.2639855242758099, "f11": 0.5115795255810969, "f12": -0.5109284080980339, "f13": -1.0016426920776205, "f14": -1.9168671953708174, "f15": 0.5638125541408132, "f16": 1.1355043976576074, "f17": -0.32324987348410616, "f18": 2.187877293949284, "f19": -0.38074342008625006, "f2": -0.06586931698495913, "f20": 0.5382388663703465, "f21": 0.774765103156337, "f22": -0.3675109483376837, "f23": -0.46616223084760144, "f24": -2.7137011415187393, "f25": -1.3288636090421933, "f26": -2.430152263121538, "f27": 0.1095560278454541, "f28": -0.02090230508125876, "f29": 1.202852394578638, "f3": -0.18461454461452345, "f30": -1.3186034626667784, "f31": 0.03310738888674708, "f32": 0.6047508936853452, "f33": -2.6456187494851737, "f34": 1.0088687927160982, "f35": 0.9490518238678622, "f36": -0.5922167907700007, "f37": -0.4843442009863872, "f38": -0.2991256920738015, "f39": 2.8930891264227836, "f4": -0.5662959672125871, "f40": -0.9237197696555847, "f41": 0.5796104711126533, "f42": 0.945299539816205, "f43": -0.34664063577467574, "f44": 0.6165134945829289, "f45": -0.1665965836741653, "f46": 0.03466014250211685, "f47": 0.14020974895392851, "f48": -1.3135962786291069, "f49": -0.434072276578534, "f5": -0.9538661142152873, "f50": -1.6898102372392272, "f51": 0.7796013272773492, "f52": -0.8420085552555847, "f53": 0.39323364555747503, "f54": 0.9675896590868027, "f55": 0.9663251253296387, "f6": -0.963577716585581, "f7": -0.08926160770674274, "f8": 1.6276807218805645, "f9": 1.184268167152863}, "datetime": {"datetime": "2023-01-30 13:18:46", "elapsed": 5602.954693, "delta": 57.290158}}
{"target": 0.25562682490971744, "params": {"f0": 1.7110365005859949, "f1": 0.7891308527263167, "f10": -0.45132633652648263, "f11": 0.6005073065923853, "f12": -1.9238463166082287, "f13": -0.6861664287966714, "f14": -2.50851848767732, "f15": 1.0287836648301725, "f16": 0.8535329030800314, "f17": 0.16943871854177595, "f18": 0.9294294018688398, "f19": -0.3366926387538045, "f2": 0.08680104524485865, "f20": 1.5738981318777876, "f21": 0.5443301854570909, "f22": -1.4140778603586563, "f23": -0.5004428665753512, "f24": -2.944273592470265, "f25": -0.6218174704775743, "f26": -0.9204018600715322, "f27": 0.5596658017981364, "f28": 0.5059876639408626, "f29": 1.211408303875772, "f3": 0.13733516465893214, "f30": -0.3707237785113109, "f31": 0.3455002291361734, "f32": 0.33794773309201576, "f33": -1.8680728816201575, "f34": 1.0495117954130715, "f35": 1.9751886605948523, "f36": -2.028119134327468, "f37": -0.6893118423673958, "f38": 0.18913634993355383, "f39": 2.731187910875911, "f4": -0.2955060852876986, "f40": -1.1531610379730504, "f41": 0.8048589905995833, "f42": 2.051492084354548, "f43": 0.052845856539250335, "f44": 1.9129883976449353, "f45": -0.7725323315034003, "f46": 0.32491005308928644, "f47": 0.20762240189567382, "f48": -2.7379391119113223, "f49": -0.3723309792646654, "f5": -1.154535618208489, "f50": -1.2977547095089086, "f51": 1.1703773013912961, "f52": -1.3088586254670913, "f53": -0.09663529161367224, "f54": 1.56208922205651, "f55": 1.2761986044050708, "f6": -0.6602735841926917, "f7": -0.7391806279247847, "f8": 1.2153917323891301, "f9": 0.7848641294149843}, "datetime": {"datetime": "2023-01-30 13:20:03", "elapsed": 5679.562847, "delta": 76.608154}}
{"target": 0.08876412558710618, "params": {"f0": 1.3008661444673115, "f1": 0.7734164540240227, "f10": -0.5023204967192323, "f11": 0.1350424030026009, "f12": -1.3212553574297323, "f13": -0.8582247128243227, "f14": -2.0428160812336538, "f15": 0.9796351685145304, "f16": 1.3670773355439783, "f17": -0.05657692971536521, "f18": 2.199754734358507, "f19": -0.5068259473695864, "f2": -0.4366199515004129, "f20": 1.6339327979140121, "f21": 0.6643003871650347, "f22": -0.8799148869316892, "f23": -0.13301438312471653, "f24": -1.6565425820250614, "f25": -0.7492002433182896, "f26": -1.159465091994449, "f27": 0.996897195890984, "f28": -0.010557928260595206, "f29": 1.8883797531544693, "f3": 0.16759619955353772, "f30": -1.353367640289409, "f31": 0.03660630633153797, "f32": 0.21828034952341524, "f33": -2.861211887262991, "f34": 1.2828645914225716, "f35": 0.5849440444630803, "f36": -1.6291663306462971, "f37": -0.16828806959379494, "f38": 0.15649679542171607, "f39": 1.3853799388288837, "f4": -0.6201945701632644, "f40": -1.7789304042549392, "f41": 1.1658976665030523, "f42": 0.8814972851076951, "f43": 0.2649676257691892, "f44": 1.4416880922653903, "f45": -0.6521081124571937, "f46": 0.3256544783093911, "f47": -0.06405009434286896, "f48": -2.14893310875563, "f49": -1.1186732354814888, "f5": -1.4522935567033148, "f50": -1.1208518539785148, "f51": 0.6846197776191741, "f52": -0.2827517880203172, "f53": 0.07374584616289925, "f54": 1.0745598885174679, "f55": 1.1181403208328242, "f6": -0.4966963019363757, "f7": -0.3345219765332848, "f8": 1.5724846592098234, "f9": 0.8278322958036071}, "datetime": {"datetime": "2023-01-30 13:21:43", "elapsed": 5779.307203, "delta": 99.744356}}
{"target": 0.23869970317879252, "params": {"f0": 2.5638039413716154, "f1": 1.4826307389036548, "f10": -0.7462875308543832, "f11": 0.17789515457135063, "f12": -0.9821235359904881, "f13": -0.8889923569333456, "f14": -1.1534675630812, "f15": 1.4015392207091857, "f16": 0.8767168307864475, "f17": 0.13569611949348082, "f18": 1.2563613348701634, "f19": -1.159834546038925, "f2": -0.3113294190779131, "f20": 1.0278794286809037, "f21": 0.25229002243054593, "f22": -0.4476368731858118, "f23": -0.23052604499365936, "f24": -0.5167154648361532, "f25": -0.6137344117395367, "f26": -0.6767347909095784, "f27": 0.5292652540096078, "f28": 0.5806706046898, "f29": 0.5856254873542304, "f3": 0.06271568467048166, "f30": -1.1983897627408198, "f31": 0.2518783340928814, "f32": 0.04831637805804516, "f33": -0.5566424123822209, "f34": 0.5722472642169132, "f35": 1.8657493527915747, "f36": -1.187457894728699, "f37": -0.5595833023612151, "f38": -0.14159296736936006, "f39": 2.3313662551419423, "f4": -0.8230584046496373, "f40": -0.48887559226864186, "f41": 0.9504869462145182, "f42": 0.9783331903618347, "f43": 0.13332471039917326, "f44": 1.49239225862067, "f45": -0.6407957059533052, "f46": 0.18652211183254708, "f47": 0.013549747137114251, "f48": -0.9276557324542116, "f49": -0.9223114467140161, "f5": -0.3818019337241223, "f50": -0.6685010143717769, "f51": 1.0942577881119635, "f52": -1.0649231706141593, "f53": 0.492258732201656, "f54": 0.6003676353732681, "f55": 1.0683726155249968, "f6": -0.5457596813733991, "f7": -0.025518444477953817, "f8": 1.2552580490758842, "f9": 1.8139788901820173}, "datetime": {"datetime": "2023-01-30 13:21:44", "elapsed": 5780.29278, "delta": 0.985577}}
{"target": 0.1672478888138772, "params": {"f0": 0.7490349691989497, "f1": 2.2389142440119523, "f10": -0.003266147958666199, "f11": 0.051396040742866564, "f12": -2.3425375455674136, "f13": -0.6240124854512702, "f14": -1.0573816080188643, "f15": 1.4425441913157853, "f16": 0.45147979403712146, "f17": 0.15912948179684072, "f18": 2.4186224785971886, "f19": -1.4093008803781193, "f2": -0.45007067384895844, "f20": 1.9181492396016853, "f21": 0.8671839800937341, "f22": -0.5731681654310603, "f23": -0.38176027402120727, "f24": -0.5487137130325377, "f25": -2.443012703718192, "f26": -1.1790218123481142, "f27": 1.038389912259366, "f28": -0.029668661986338787, "f29": 2.0007209841730473, "f3": 0.27179842224416223, "f30": -1.4320483430214823, "f31": 0.3466271114156919, "f32": 0.08671081989577592, "f33": -1.6638282913904443, "f34": 1.483515601885187, "f35": 2.495354050678642, "f36": -0.4840111567210521, "f37": -0.8025130452602016, "f38": 0.011977482953576701, "f39": 2.663889422649684, "f4": -0.21689497896344612, "f40": -0.450856032073655, "f41": 1.3707601395810125, "f42": 1.0062061673792646, "f43": -0.15659684866866458, "f44": 2.0285916320172186, "f45": -0.7183543423287371, "f46": -0.13196377050486635, "f47": 0.7767236755895276, "f48": -2.671712326610678, "f49": -0.6968360875516919, "f5": -0.4808213443621442, "f50": -0.650710961386944, "f51": 1.4345633658188175, "f52": -0.25966971574181064, "f53": -0.08079287917537029, "f54": 1.538175011754375, "f55": 0.6747229902306944, "f6": -0.4962646898398806, "f7": -0.058718060654128656, "f8": 0.8670604428669737, "f9": 2.139545899090878}, "datetime": {"datetime": "2023-01-30 13:22:57", "elapsed": 5853.939385, "delta": 73.646605}}
{"target": 0.29594664495928696, "params": {"f0": 0.6203637976239387, "f1": 0.9984034375263489, "f10": -0.1684872600624553, "f11": 0.8053991959347644, "f12": -2.398755498792663, "f13": -0.7263822001845801, "f14": -0.8270608171788201, "f15": 0.9944946880901013, "f16": 0.6418827176572137, "f17": -0.13215901062497826, "f18": 2.4924945610950306, "f19": -1.1324376399816938, "f2": 0.07215790726430737, "f20": 1.669915164670644, "f21": 0.29492296705851867, "f22": -1.5035891825638201, "f23": 0.25019745852694575, "f24": -0.7657184948968014, "f25": -2.4034828473678247, "f26": -2.726969607243913, "f27": 0.6292188345963831, "f28": 0.43311626854963536, "f29": 1.509039380424257, "f3": 0.0662353640895123, "f30": -1.49830083292104, "f31": -0.10095757670105637, "f32": -0.0362047372362988, "f33": -1.4224479728831574, "f34": 2.8120309594174255, "f35": 1.9255453421205435, "f36": -2.0754285861301174, "f37": -0.19457758527556257, "f38": -0.01144713909943107, "f39": 1.0719537322807218, "f4": 0.043594973944227955, "f40": -0.8688336929502423, "f41": 1.7383124715191651, "f42": 1.936241853174613, "f43": -0.12947250678925543, "f44": 0.6964300649149588, "f45": -0.8485856803048561, "f46": -0.3023802205218945, "f47": 0.02352518073225833, "f48": -2.2600215363694045, "f49": -0.8040650884983631, "f5": -0.9164516836640108, "f50": -0.7862656240512376, "f51": 0.8164592302730331, "f52": -0.5907215887923318, "f53": 0.24983733819724496, "f54": 1.795389323574082, "f55": 0.8078330188962455, "f6": -0.7632903479413478, "f7": 0.0818586109256485, "f8": 0.4744610807458907, "f9": 2.641096557867833}, "datetime": {"datetime": "2023-01-30 13:23:41", "elapsed": 5897.490522, "delta": 43.551137}}
{"target": 0.23869970317879252, "params": {"f0": 0.8390740344235137, "f1": 2.0652439917950476, "f10": -0.02444084499151522, "f11": 0.6767694680964403, "f12": -1.8362009080259079, "f13": -1.1243942916385739, "f14": -1.6498050374044506, "f15": 1.1332179797676303, "f16": 0.5324865667321538, "f17": -0.45953823248825204, "f18": 2.163527007497282, "f19": -0.9658979164450426, "f2": -0.26588365017728155, "f20": 1.5273212537136247, "f21": 0.28509683470968306, "f22": -0.8354085693780535, "f23": -0.4364392367572228, "f24": -0.9504577283292295, "f25": -1.2767704794498995, "f26": -0.5965675669974031, "f27": 0.8323626784894189, "f28": 0.2600275581283328, "f29": 1.0664546493640699, "f3": -0.2538421108573128, "f30": -0.3543795751122689, "f31": 0.48887083244538976, "f32": 0.3881087193466864, "f33": -1.2999662035447976, "f34": 1.2028728205066048, "f35": 2.301843805474809, "f36": -1.2049689455737735, "f37": -0.13561618473711712, "f38": 0.18252880878989414, "f39": 1.6806301325127424, "f4": -0.36006168853280934, "f40": -1.175843574329598, "f41": 1.0612995853891976, "f42": 0.9014887246303831, "f43": -0.2830045247429779, "f44": 1.8903590386153, "f45": -0.4751674810540163, "f46": -0.2775977456741109, "f47": 0.4216001395846701, "f48": -2.429361971533442, "f49": -0.9303868527876684, "f5": -0.5938708112053285, "f50": -1.0702099417063837, "f51": 0.7778263630576929, "f52": -0.8002349295987804, "f53": -0.15859680258069575, "f54": 1.895795637359067, "f55": 0.6210109580560825, "f6": -1.8590024726319871, "f7": -0.07704044164798907, "f8": 1.9796607258741443, "f9": 2.257682257281254}, "datetime": {"datetime": "2023-01-30 13:23:42", "elapsed": 5898.468478, "delta": 0.977956}}
{"target": 0.11279058568715794, "params": {"f0": 2.7406936031315143, "f1": 1.031153088882318, "f10": -0.3142886680232303, "f11": 0.5643107095009943, "f12": -1.372310161514929, "f13": -0.4193056185833889, "f14": -1.8617764709326703, "f15": 0.7025318345454377, "f16": 1.3296045364032403, "f17": -0.18386186409707872, "f18": 0.6609147327930898, "f19": -0.7895700743548993, "f2": -0.5204977349427238, "f20": 0.8153624318619171, "f21": 0.7633697918987642, "f22": -1.3839865944549399, "f23": 0.1072419815429071, "f24": -1.83929290587766, "f25": -2.376898678838817, "f26": -1.2324881735946156, "f27": 0.547091631809422, "f28": 0.6560587232181625, "f29": 2.1901308337619305, "f3": -0.030096796917671642, "f30": -0.7975190695750946, "f31": -0.09534602231483293, "f32": 0.29278041914008873, "f33": -0.7818964021217338, "f34": 2.588299219147065, "f35": 0.5148921482713162, "f36": -2.208932131151515, "f37": -1.02489092782677, "f38": 0.1965556247294083, "f39": 2.237031744450076, "f4": -0.749099089969549, "f40": -1.345174790409549, "f41": 0.9774243486919836, "f42": 2.0958441452290444, "f43": 0.05006565147231534, "f44": 1.9960846059558082, "f45": -0.49062022963247043, "f46": 0.3633668738096312, "f47": -0.014127224746430259, "f48": -1.8583749237844676, "f49": -0.6702283144967773, "f5": -1.383335778239869, "f50": -2.0965102412706136, "f51": 1.2852258828697471, "f52": -0.3787191736595381, "f53": 0.035840883791832506, "f54": 0.49545225931946285, "f55": 0.7480214585599841, "f6": -0.4634088141100987, "f7": -0.7194064000055054, "f8": 1.0982241307507057, "f9": 1.5882523679100786}, "datetime": {"datetime": "2023-01-30 13:24:53", "elapsed": 5970.236064, "delta": 71.767586}}
{"target": 0.31998047233241367, "params": {"f0": 2.6879840567096034, "f1": 1.750665516621382, "f10": -0.7753881485663571, "f11": 0.530541708038197, "f12": -2.5927308496590533, "f13": -0.6666893147955939, "f14": -1.6878164374726279, "f15": 1.1547525438194766, "f16": 0.8525299113278593, "f17": 0.2574622621044178, "f18": 1.884868100613902, "f19": -0.8922143871688698, "f2": -0.719787775515327, "f20": 0.8177634646764801, "f21": 0.5789006830529947, "f22": -0.6953539811375277, "f23": 0.06593266781471663, "f24": -0.6878783277704938, "f25": -0.6260703718898353, "f26": -2.065375304868853, "f27": 0.677222778487473, "f28": 0.4112167965617938, "f29": 2.240629940263011, "f3": -0.04888436844455635, "f30": -0.7473472540860684, "f31": 0.6466227612631881, "f32": 0.39890050736023824, "f33": -2.2529112413684396, "f34": 2.822391890134585, "f35": 0.8697482802812251, "f36": -0.4877986380948909, "f37": -0.861716099237486, "f38": 0.1331951519962002, "f39": 1.158437469802887, "f4": -0.0321836033782712, "f40": -0.757248544965754, "f41": 0.8796483463100153, "f42": 2.1180336573421705, "f43": -0.053707509306294754, "f44": 2.179396116359734, "f45": -0.2541554553097847, "f46": -0.389852355218947, "f47": 0.42271874625513745, "f48": -1.549380400243429, "f49": -0.6152681261157957, "f5": -1.282440642770835, "f50": -1.710890085039163, "f51": 0.7264182067634875, "f52": -0.7898264976713633, "f53": 0.22644845349214732, "f54": 1.1275316973405718, "f55": 0.642853659938966, "f6": -1.8662671119471375, "f7": -0.11608976442827657, "f8": 1.1441425179731992, "f9": 2.233884975747939}, "datetime": {"datetime": "2023-01-30 13:25:28", "elapsed": 6004.356279, "delta": 34.120215}}
{"target": 0.3830025373374484, "params": {"f0": 1.9285658915926105, "f1": 0.929596093131748, "f10": -0.2486360610076923, "f11": 0.20640888056219514, "f12": -1.9768241785345806, "f13": -1.3518027618527901, "f14": -2.686590664571845, "f15": 0.43216279035699173, "f16": 1.1250664955268863, "f17": 0.17786223426526349, "f18": 1.1866976543984555, "f19": -0.8472325677630296, "f2": -0.32998566653224365, "f20": 0.5306474254790015, "f21": 0.3228944681795819, "f22": -1.299892819519054, "f23": -0.14326650647358014, "f24": -1.111271436589468, "f25": -2.4213782832333113, "f26": -1.761603787194234, "f27": 0.9987495212931394, "f28": -0.037551757650472375, "f29": 1.296266115518131, "f3": 0.0007711465531690109, "f30": -0.33640080156970553, "f31": 0.28076016343099075, "f32": 0.7785231002354573, "f33": -1.569649162752691, "f34": 1.0743823719286418, "f35": 2.581209278976779, "f36": -1.4027668732036696, "f37": -1.1174370382224552, "f38": 0.10420050547531418, "f39": 2.97045124358948, "f4": -0.7408791430569099, "f40": -0.5694992137946133, "f41": 1.7775371699848832, "f42": 1.2083019800779295, "f43": -0.2682567470768774, "f44": 1.8326960174946074, "f45": -0.3267173577617901, "f46": 0.27486171279061977, "f47": -0.09357173582843888, "f48": -0.7723773687759157, "f49": -1.2554108398163566, "f5": -0.9068484274269187, "f50": -2.0896544906778742, "f51": 1.251892977548972, "f52": -1.1507723187808616, "f53": 0.5340655938635122, "f54": 2.451305810469572, "f55": 1.4745788516515819, "f6": -0.4930050171756526, "f7": -0.47996591603107586, "f8": 0.8229933138196381, "f9": 2.855920099260744}, "datetime": {"datetime": "2023-01-30 13:26:40", "elapsed": 6076.615708, "delta": 72.259429}}
