{"target": 0.33442511818207704, "params": {"f0": 0.6012399875889831, "f1": 2.0363634618623365, "f10": -0.07544515336080071, "f11": 0.6558821736717869, "f12": -0.6896266480771533, "f13": -1.6110063338274745, "f14": -2.6985828552458755, "f15": 2.6614736228895075, "f16": 0.5121988530575733, "f17": -0.35270549697317555, "f18": 2.3447050324095566, "f19": -2.8188269390632916, "f2": -0.4804565597077005, "f20": 1.8230874159570953, "f21": 0.6311017965804491, "f22": -0.7569563106715709, "f23": -0.1759781773894179, "f24": -1.34552133901359, "f25": -0.5424050934157327, "f26": -0.4944278735217269, "f27": 1.0116033124370474, "f28": 0.16553077520060694, "f29": 0.652677653717181, "f3": 0.34028397733631865, "f30": -0.9779695964750785, "f31": 0.013881954161721666, "f32": 0.4274755373520437, "f33": -2.922908184420112, "f34": 2.680046566392926, "f35": 1.319504189063525, "f36": -1.1845578911194998, "f37": -2.080042700717585, "f38": 0.2795055109362321, "f39": 2.6729313281620666, "f4": -0.17133934837379394, "f40": -1.350453778111443, "f41": 2.5519730035877592, "f42": 2.4208803731232282, "f43": -0.3351051529802403, "f44": 0.94925613187303, "f45": -1.4700541576147632, "f46": 0.2828634967022494, "f47": 0.8388372816289276, "f48": -1.3181098064350407, "f49": -0.8646635682070287, "f5": -1.759849002055952, "f50": -2.9504286787378615, "f51": 0.5140276542283798, "f52": -2.8638815493584193, "f53": 0.5623110511797085, "f54": 1.1909941868623901, "f55": 2.6527130534097534, "f6": -0.9708537427424513, "f7": -0.4703931432074512, "f8": 2.1957116008438637, "f9": 0.7398255694287253}, "datetime": {"datetime": "2023-01-30 12:19:08", "elapsed": 2024.989692, "delta": 53.480735}}
{"target": 0.09795572975974305, "params": {"f0": 2.4666858892819925, "f1": 0.5957639290555731, "f10": 0.11467303383138028, "f11": -0.07214430267359562, "f12": -2.1367453096360345, "f13": -1.1569019277812709, "f14": -0.8347189072394374, "f15": 2.9422654725169495, "f16": 0.6424283574753176, "f17": 0.06395599437285582, "f18": 0.9357508959427739, "f19": -2.0592100885384026, "f2": -0.14089591513093236, "f20": 1.406079490623881, "f21": 0.8941480024770345, "f22": -1.9267992461499146, "f23": -0.056662449462107856, "f24": -0.6961917715715185, "f25": -1.4396968529873044, "f26": -0.5573754330908773, "f27": 2.3337483093505056, "f28": 0.6059765086073128, "f29": 1.402763408421552, "f3": 0.3360598332096484, "f30": -0.785044646002746, "f31": -0.45022630018332893, "f32": 0.8629861873107572, "f33": -1.268418609630092, "f34": 2.3288649514979047, "f35": 0.5007663201512469, "f36": -0.6084856224874424, "f37": -0.5588883069132389, "f38": -0.1208981261885757, "f39": 2.1331645705146776, "f4": -0.24681276881542816, "f40": -1.745642883464783, "f41": 1.0165845032975234, "f42": 1.1978440124472274, "f43": -0.20863700806775676, "f44": 1.959966070221359, "f45": -0.7671591361413435, "f46": 0.4146609097796857, "f47": 0.791476546950945, "f48": -1.916428019835593, "f49": -1.2983692286954795, "f5": -1.183886879231365, "f50": -1.8034989414579754, "f51": 0.89007539499643, "f52": -0.8896561396801177, "f53": 0.39156965163410434, "f54": 2.7915911041551142, "f55": 2.8774806423850148, "f6": -0.9666905693869428, "f7": -0.9159929158603397, "f8": 1.7782751701903585, "f9": 2.397566326331245}, "datetime": {"datetime": "2023-01-30 12:20:33", "elapsed": 2109.57346, "delta": 84.583768}}
{"target": 0.7724486602868728, "params": {"f0": 2.9940381759089436, "f1": 1.449061213010065, "f10": -0.407994746200842, "f11": 0.3683542275714303, "f12": -2.94011968963918, "f13": -0.8441319794284303, "f14": -2.71755626643976, "f15": 1.032854613488753, "f16": 0.8488848856870349, "f17": -0.08537527797507083, "f18": 2.5149878597596347, "f19": -0.8861246923200934, "f2": -0.32366058383856056, "f20": 1.411359922984248, "f21": 0.4330631325541848, "f22": -0.9295490888632014, "f23": -0.14359233471731853, "f24": -1.9093988031667062, "f25": -1.5654549895853893, "f26": -2.2769220167607287, "f27": 0.5775726657478311, "f28": 0.2688152496203885, "f29": 1.3621331064667292, "f3": 0.11150597307273705, "f30": -0.9040466593276962, "f31": 0.24707108473440287, "f32": 0.40507070676715945, "f33": -2.464194440807996, "f34": 2.3880917291725434, "f35": 2.1938319851542785, "f36": -1.3409215786690132, "f37": -0.6181526257070478, "f38": -0.0064650767112528484, "f39": 1.8114506974571984, "f4": -0.3925203790591188, "f40": -1.0929970410240337, "f41": 1.214355608102057, "f42": 2.007806872830027, "f43": -0.13335078361148633, "f44": 2.2348123483563707, "f45": -0.5456040673825573, "f46": -0.0206491972618211, "f47": 0.337696057177233, "f48": -1.9914218071401597, "f49": -0.8335183429223804, "f5": -0.8570499866759802, "f50": -1.3129526247817662, "f51": 0.8588875101385656, "f52": -0.7837903509535642, "f53": 0.20494740830519118, "f54": 1.4906099487029019, "f55": 0.9169347561534691, "f6": -1.2450611780003293, "f7": -0.3481812360874651, "f8": 1.3427287222716786, "f9": 2.956235572548506}, "datetime": {"datetime": "2023-01-30 12:23:31", "elapsed": 2287.256595, "delta": 177.683135}}
{"target": 0.4014740373145744, "params": {"f0": 1.4585264432144072, "f1": 0.546935983433051, "f10": -0.6210083819251664, "f11": 0.5897441213686521, "f12": -2.5113592798743096, "f13": -0.7938254637037261, "f14": -1.086069261826918, "f15": 1.0330768235092533, "f16": 0.5760249356529384, "f17": -0.376987212058578, "f18": 1.6269768093898918, "f19": -1.3777457593352267, "f2": -0.06786016735622524, "f20": 0.9153195132960197, "f21": 0.47732084871935504, "f22": -0.8988877459340993, "f23": -0.1676980608889338, "f24": -1.0846370060566684, "f25": -1.1713526012719495, "f26": -2.432809014929878, "f27": 0.8220791388840859, "f28": 0.08133403786669352, "f29": 0.5160161461692596, "f3": -0.25869171292613624, "f30": -0.6407842212596577, "f31": 0.14262500568115102, "f32": -0.024477218378451918, "f33": -2.100886177146442, "f34": 0.599716979663556, "f35": 1.2934733224938075, "f36": -1.6228857714831901, "f37": -0.48816177622604995, "f38": -0.08661543958379864, "f39": 2.0370624043215635, "f4": -0.6721694613650891, "f40": -1.3893738713516375, "f41": 1.5295776352599995, "f42": 2.892476950907572, "f43": -0.1459564296995587, "f44": 2.022769861678105, "f45": -0.6857378558277676, "f46": 0.350488393027489, "f47": -0.07531999047715571, "f48": -0.6785739474122079, "f49": -1.312258129616787, "f5": -0.7067727072912673, "f50": -1.4320296070570528, "f51": 1.109144256041984, "f52": -1.084806118027894, "f53": -0.14872482782024246, "f54": 0.9951531298658609, "f55": 0.9980996910846478, "f6": -1.3504436023766684, "f7": -0.7484915582208692, "f8": 1.1363838707747034, "f9": 2.0179238620454085}, "datetime": {"datetime": "2023-01-30 12:24:22", "elapsed": 2338.82723, "delta": 51.570635}}
{"target": 0.1967051904940151, "params": {"f0": 2.644071439607454, "f1": 1.2248726311562126, "f10": -0.4133521588626211, "f11": 0.3661493348156655, "f12": -3.0, "f13": -0.8148225704177947, "f14": -2.550549079417343, "f15": 1.2164466520879786, "f16": 0.8500539300384845, "f17": -0.16745336670001074, "f18": 2.391219592011008, "f19": -0.9789447831067587, "f2": -0.34516648818220774, "f20": 1.388435305739631, "f21": 0.4641247611632533, "f22": -0.816124528703066, "f23": -0.1882900999371122, "f24": -1.6761408008490575, "f25": -1.4162280067453208, "f26": -2.3029911829055405, "f27": 0.5862641589272217, "f28": 0.2692908226244267, "f29": 1.1524866669047764, "f3": 0.020296349790367294, "f30": -0.7866526189439539, "f31": 0.16309510106283126, "f32": 0.30821832656273884, "f33": -2.4563137177178653, "f34": 1.967356218319662, "f35": 2.067636122010422, "f36": -1.42322371296617, "f37": -0.7803287263560988, "f38": 0.0279476243430331, "f39": 1.8271189510744619, "f4": -0.45259961849207087, "f40": -1.0868435859375931, "f41": 1.341045053482089, "f42": 2.1014575670900153, "f43": -0.18905778648050203, "f44": 2.2240502717770934, "f45": -0.5437398225324003, "f46": 0.049547042496850144, "f47": 0.3980943020794821, "f48": -1.9366908561524117, "f49": -0.9393665168572325, "f5": -0.7822844304180895, "f50": -1.3954865031292552, "f51": 0.8942728389754112, "f52": -0.7577864315914553, "f53": 0.18257066951206752, "f54": 1.4446148079593697, "f55": 0.8679372457174567, "f6": -1.1947586333487457, "f7": -0.4160099060446879, "f8": 1.4014072606067047, "f9": 2.7020082263604737}, "datetime": {"datetime": "2023-01-30 12:25:42", "elapsed": 2418.276701, "delta": 79.449471}}
{"target": 0.18954383148937784, "params": {"f0": 1.0728637914834667, "f1": 2.2375225189536785, "f10": -0.5921799172540478, "f11": 0.8003888942927679, "f12": -0.8645089679739772, "f13": -0.6894579846618182, "f14": -2.08176711798016, "f15": 0.4968168243343414, "f16": 0.6934818858001233, "f17": -0.07192913261041384, "f18": 1.239375292976582, "f19": -1.3099099744623124, "f2": 0.08636363387438872, "f20": 1.7314528978355341, "f21": 0.23541673136392804, "f22": -1.523062314128376, "f23": -0.5382411861851659, "f24": -2.141475329375554, "f25": -0.6797475408294629, "f26": -2.043628619354392, "f27": 1.008151930975777, "f28": 0.2452197036426055, "f29": 1.2307110167157995, "f3": 0.21291891432098026, "f30": -1.152931802290743, "f31": 0.13691353054073993, "f32": 0.20130209216670727, "f33": -2.9960925353155, "f34": 1.7014027393324902, "f35": 1.2464551815790545, "f36": -2.167485554956045, "f37": -0.9402550393597247, "f38": 0.03926480513308811, "f39": 0.5952675403363874, "f4": -0.10139866971034361, "f40": -1.516603475547914, "f41": 0.8924920211007452, "f42": 2.1737344093400157, "f43": 0.19340727068143904, "f44": 1.8645818448285996, "f45": -0.7596299289780459, "f46": 0.20848396047198758, "f47": 0.41087714625434607, "f48": -2.136426985751204, "f49": -0.9539893715699441, "f5": -1.1500624109350894, "f50": -1.2288690275912653, "f51": 0.4518440974336711, "f52": -0.6269366659414459, "f53": 0.23122447016784203, "f54": 2.479174361857898, "f55": 0.7768965973467097, "f6": -1.2319850193853175, "f7": -0.7851397125409674, "f8": 1.0134208114355614, "f9": 1.6202021678479432}, "datetime": {"datetime": "2023-01-30 12:26:28", "elapsed": 2465.021034, "delta": 46.744333}}
{"target": 0.12290231180211288, "params": {"f0": 1.7492306148035492, "f1": 1.9335571185828277, "f10": -0.09972840663851013, "f11": 0.010368207772724694, "f12": -2.661365020377578, "f13": -0.3999666213102092, "f14": -1.007978289002941, "f15": 1.6392245382916053, "f16": 1.0240495668104341, "f17": 0.29450911852072104, "f18": 1.3742991008193832, "f19": -0.7344637924694757, "f2": -0.08093202487395634, "f20": 1.621852812835546, "f21": 0.08248868693083757, "f22": -1.1301656125793471, "f23": -0.21291967407610318, "f24": -1.7705768633654448, "f25": -1.9337730096218086, "f26": -1.1186953981999257, "f27": 0.10743568756062555, "f28": 0.44454192234364853, "f29": 1.6465599622981466, "f3": -0.2524865296455204, "f30": -0.5669402651497717, "f31": 0.47739990367731033, "f32": 0.46763228125627826, "f33": -1.338246372719746, "f34": 1.1840706617471926, "f35": 2.34834077491479, "f36": -1.6890057034109822, "f37": -0.9183256588926346, "f38": -0.08606959733162878, "f39": 0.6893875738872072, "f4": -0.7039185805390863, "f40": -1.0068100839077239, "f41": 1.577192312972596, "f42": 2.4076441764547925, "f43": 0.09452540946865384, "f44": 0.538589339508625, "f45": -0.18685041328502305, "f46": -0.3171372411243819, "f47": -0.08579786434225269, "f48": -0.7441460175957433, "f49": -0.8396889886327495, "f5": -0.578425640523017, "f50": -0.9198919616711385, "f51": 0.39653571039963165, "f52": -1.0498429568299013, "f53": 0.12602372740936707, "f54": 1.8700974891824311, "f55": 1.3839233004515261, "f6": -2.0184189307240454, "f7": -0.4417834372613363, "f8": 0.7996975735905975, "f9": 1.8048744887291996}, "datetime": {"datetime": "2023-01-30 12:27:52", "elapsed": 2548.454036, "delta": 83.433002}}
{"target": 0.24233343080665493, "params": {"f0": 0.7539372452398907, "f1": 1.860655976639275, "f10": -0.5361972236356296, "f11": 0.49305264695885087, "f12": -0.9823240656247685, "f13": -0.7409448200715043, "f14": -1.4327718080826322, "f15": 0.7561803926769676, "f16": 0.6960288788991897, "f17": -0.2004553077913252, "f18": 1.966027637061756, "f19": -1.2570976868818733, "f2": 0.1219144828364247, "f20": 1.315565221039051, "f21": 0.1267246709309685, "f22": -1.1268383130862938, "f23": -0.16650535248534803, "f24": -1.009613526710817, "f25": -2.5383023716725472, "f26": -2.8813388905592787, "f27": 1.0478555417290696, "f28": -0.09340814616414375, "f29": 1.2090933440084477, "f3": 0.170381494667733, "f30": -0.386034058758679, "f31": 0.3579872692612225, "f32": 0.6762535445618316, "f33": -0.8404302048047176, "f34": 2.2956185500215027, "f35": 0.6134541780576718, "f36": -0.7612567163893338, "f37": -0.394657161683163, "f38": 0.3568147935912364, "f39": 1.1543726911346888, "f4": -0.33971209700603333, "f40": -1.1004963076616687, "f41": 1.0238360961576967, "f42": 1.9497800710988116, "f43": -0.519193482784325, "f44": 1.4853672480793882, "f45": -0.7166810134317428, "f46": 0.35329141352461313, "f47": 0.3984734372532181, "f48": -1.9858297905792677, "f49": -1.1815329788340456, "f5": -0.9419266936700486, "f50": -0.7370180506225648, "f51": 0.9073433855085489, "f52": -0.43526400087550043, "f53": 0.16239194120427497, "f54": 2.4524046989310477, "f55": 0.8805613478193919, "f6": -0.5896605659520899, "f7": -0.20031558072681632, "f8": 1.9645492846816448, "f9": 2.917124570541713}, "datetime": {"datetime": "2023-01-30 12:28:39", "elapsed": 2595.696105, "delta": 47.242069}}
{"target": 0.3488020883536652, "params": {"f0": 0.8912033974572018, "f1": 2.2816159719580136, "f10": -0.4972699610976978, "f11": 0.14467049403401672, "f12": -1.7964279318868224, "f13": -0.6809785802517938, "f14": -1.1443848125037162, "f15": 0.6063993039827945, "f16": 0.6827221257780349, "f17": -0.05372145422748503, "f18": 2.363340501644708, "f19": -1.0503225869221988, "f2": 0.05278435898303013, "f20": 1.6587913040575406, "f21": 0.49893829026712766, "f22": -1.2741042258811963, "f23": -0.48023025089354304, "f24": -1.4122149729317626, "f25": -1.023356418886594, "f26": -2.824598964009088, "f27": 0.44596227729170124, "f28": -0.04054254540355484, "f29": 0.7404676020591268, "f3": -0.08078237408378114, "f30": -0.5968238205652943, "f31": 0.12975235424445344, "f32": 0.030279303184807094, "f33": -2.2938589342541285, "f34": 1.9872854801839879, "f35": 2.2991368968736166, "f36": -1.8104607027944142, "f37": -0.5075625027473227, "f38": 0.2245374109544041, "f39": 2.4988174276157027, "f4": -0.8004581623126, "f40": -0.42188046440612625, "f41": 1.4825692564021176, "f42": 2.2949653056116963, "f43": -0.4628196492153822, "f44": 0.7019472254489627, "f45": -0.6923786689226068, "f46": 0.29423216937751984, "f47": 0.61183850050915, "f48": -1.9366718073136706, "f49": -0.9017154691913206, "f5": -0.755125394323851, "f50": -1.3094587141006393, "f51": 0.6639055449678257, "f52": -0.34988373802197736, "f53": 0.12898057356446313, "f54": 0.5089285025187127, "f55": 1.4396780623119592, "f6": -1.0399067285388837, "f7": -0.6077359569581362, "f8": 0.5294937834572182, "f9": 2.1757011990232953}, "datetime": {"datetime": "2023-01-30 12:30:06", "elapsed": 2683.19075, "delta": 87.494645}}
{"target": 0.2635589727432663, "params": {"f0": 1.3187654294668265, "f1": 2.148882286414742, "f10": -0.05151760780848913, "f11": 0.106983851972229, "f12": -1.2853277091747088, "f13": -0.3743375937982947, "f14": -1.0571586411513243, "f15": 1.3479685016806682, "f16": 0.46900118727323975, "f17": -0.4674042077017905, "f18": 1.3797754910269138, "f19": -0.43974280821802236, "f2": -0.38770942358571964, "f20": 1.6758867349553563, "f21": 0.1336966444200796, "f22": -0.9166827703825811, "f23": 0.1817003263767366, "f24": -0.65352646855166, "f25": -2.2213215898912186, "f26": -2.4259944889001894, "f27": 0.18273658577055504, "f28": 0.5591311507113281, "f29": 1.381184299621147, "f3": 0.005519125801290936, "f30": -0.8169504492619893, "f31": 0.05147406941863408, "f32": 0.8155253437467, "f33": -1.8275803352729019, "f34": 0.8988836354841732, "f35": 1.0680397924867773, "f36": -1.3946144724485179, "f37": -0.294038549388691, "f38": -0.0427481592345641, "f39": 2.8744520175110546, "f4": -0.22757584351839477, "f40": -0.9596396307656495, "f41": 1.7817700955262685, "f42": 0.9632784796094921, "f43": 0.1957247497720409, "f44": 2.573664306557977, "f45": -0.989625564882226, "f46": -0.33380044282571647, "f47": 0.23713078516457092, "f48": -1.6883900642111704, "f49": -0.8003803190641112, "f5": -1.1187465059152248, "f50": -1.1808867663177578, "f51": 1.1953220479450588, "f52": -0.7013821745397297, "f53": -0.1420452287773501, "f54": 1.8428363998594326, "f55": 1.1578312957447272, "f6": -1.7985054660470001, "f7": -0.3783653721706934, "f8": 2.165119053726821, "f9": 0.7298787174630479}, "datetime": {"datetime": "2023-01-30 12:31:37", "elapsed": 2773.825548, "delta": 90.634798}}
{"target": 0.2131944860406408, "params": {"f0": 2.4161886274748454, "f1": 0.8094113624643265, "f10": -0.701938769750991, "f11": -0.0397494299741772, "f12": -0.6731082263014865, "f13": -0.479563695449302, "f14": -2.581656801743869, "f15": 1.4925900044850229, "f16": 1.3646847489465033, "f17": 0.2261348564790081, "f18": 0.5655651975349192, "f19": -1.1011926173337623, "f2": -0.7210969063782585, "f20": 1.195936001667249, "f21": 0.18320615829714204, "f22": -0.5754228857302941, "f23": -0.37504038210910784, "f24": -1.8100650497543989, "f25": -2.6367354304226303, "f26": -1.915094296908098, "f27": 0.9575272851171807, "f28": 0.21190062485986408, "f29": 1.1759010564098928, "f3": -0.030500419025953796, "f30": -0.3301561045221415, "f31": 0.2158216845686964, "f32": 0.2764808210560701, "f33": -2.832490271735814, "f34": 2.101950691913135, "f35": 0.6971570392327813, "f36": -1.8929456396739315, "f37": -0.6172150738989604, "f38": -0.2588841790590208, "f39": 2.7554833420179765, "f4": -0.7960312542231041, "f40": -1.57401814591536, "f41": 0.9781471332449923, "f42": 1.7980186854154452, "f43": -0.02403715514745386, "f44": 0.7028702464547378, "f45": -0.2519596248735356, "f46": -0.25708556247556735, "f47": 0.7746601744047484, "f48": -1.536577628117981, "f49": -1.0667075843203255, "f5": -1.1140857178575687, "f50": -1.6503715394128369, "f51": 1.4088568362261267, "f52": -0.7298685647599231, "f53": -0.1765369192355849, "f54": 2.1261537098377667, "f55": 0.9551006422194148, "f6": -0.7511450885814033, "f7": -0.4189186818307024, "f8": 1.8337802224049184, "f9": 2.790396951032642}, "datetime": {"datetime": "2023-01-30 12:33:02", "elapsed": 2858.303799, "delta": 84.478251}}
{"target": 0.18728938940865958, "params": {"f0": 1.428276841301599, "f1": 0.7847672870187686, "f10": -0.7882285439722182, "f11": 0.3722964871604456, "f12": -2.259678094214958, "f13": -1.0777935961047216, "f14": -0.8719195245757416, "f15": 1.434316740106271, "f16": 0.7300221653882275, "f17": 0.06798648540041141, "f18": 2.625462499568636, "f19": -0.4318916700228874, "f2": 0.047683193270394275, "f20": 0.6450087368767684, "f21": -0.005053383309965591, "f22": -0.710875882776772, "f23": -0.17037768237908435, "f24": -1.9175552118182058, "f25": -2.489384965022109, "f26": -2.5829200316990306, "f27": 0.4229008132100899, "f28": 0.42239971031689016, "f29": 1.438680671093517, "f3": 0.1122488961299814, "f30": -0.6866289315817461, "f31": 0.2958072666820054, "f32": -0.02794494776159833, "f33": -1.9488228940643533, "f34": 2.8147005270865133, "f35": 2.367669269893292, "f36": -0.6934946493402059, "f37": -0.3047557933963392, "f38": 0.36157532541410425, "f39": 1.3170617872893537, "f4": -0.710277246467985, "f40": -1.2891092229399381, "f41": 0.7691592392679735, "f42": 1.705404413073707, "f43": -0.3980083308464012, "f44": 1.6905812908026376, "f45": -0.9331982800399536, "f46": 0.13541344735934457, "f47": -0.03965664069226453, "f48": -2.5574046422356598, "f49": -0.5391083105831349, "f5": -0.3450532891714606, "f50": -1.7559604068217434, "f51": 1.3233243498280953, "f52": -1.0079441477627367, "f53": -0.04978424421649971, "f54": 2.084535279245729, "f55": 1.0283096060605934, "f6": -1.3767160473931992, "f7": -0.5867586807668652, "f8": 2.1319741520781474, "f9": 1.7053851648820346}, "datetime": {"datetime": "2023-01-30 12:34:30", "elapsed": 2946.673806, "delta": 88.370007}}
{"target": 2.3383608708485875e-05, "params": {"f0": 2.6721839382539128, "f1": 2.120003755931795, "f10": -0.7859316983665314, "f11": 0.3448793953676596, "f12": -0.6258466356938563, "f13": -1.3109454260757427, "f14": -1.0684261812134639, "f15": 1.594876084183987, "f16": 0.4829059205986713, "f17": -0.39516704925793844, "f18": 0.8745050479951879, "f19": -1.025313820729359, "f2": -0.5923313432030115, "f20": 0.5302516056422256, "f21": 0.37404915251301823, "f22": -0.8022345975379469, "f23": -0.029591629360102623, "f24": -1.4617076180744684, "f25": -0.9901057660243946, "f26": -0.9462850627935135, "f27": 0.621534867874067, "f28": 0.2775180622330864, "f29": 1.3781268279631107, "f3": -0.009109566314835671, "f30": -1.2137416087803943, "f31": 0.33562929304862277, "f32": 0.6918441448968653, "f33": -0.5975687341668641, "f34": 1.1526293672690686, "f35": 1.2103867928587286, "f36": -1.9999836782008176, "f37": -1.0822617182602021, "f38": 0.3243655740971359, "f39": 0.8127389916956879, "f4": -0.48023130591692254, "f40": -1.5167258710227474, "f41": 1.176842212147624, "f42": 0.6286622902095875, "f43": -0.14210848207784393, "f44": 2.9495362052593914, "f45": -0.271056317779095, "f46": -0.037656239954480586, "f47": 0.07791441752105792, "f48": -0.5115738843153577, "f49": -1.0492911365484114, "f5": -0.7137672315906441, "f50": -0.6535019323240121, "f51": 0.8508055372717704, "f52": -1.0007633741758641, "f53": 0.1812221613683731, "f54": 2.2051639628988875, "f55": 1.2688521245697748, "f6": -1.4362401952534167, "f7": -0.4886401193679407, "f8": 2.1327230492555023, "f9": 2.8437245541137806}, "datetime": {"datetime": "2023-01-30 12:38:06", "elapsed": 3162.985271, "delta": 216.311465}}
