{"target": 0.5363918595731493, "params": {"f0": 0.3462682999906245, "f1": 0.065055735683689, "f10": 0.2568333485956167, "f11": 0.7302507229170461, "f12": 1.3550586451747362, "f13": 1.5026512006601491, "f14": -1.582073041190533, "f15": -2.224427673607006, "f16": 0.3762695981780495, "f17": -0.8939463303060751, "f18": 2.8465722076627666, "f19": -1.7042684492569056, "f2": -0.409040728846211, "f20": -0.7543958647479374, "f21": -0.5342719688536572, "f22": 2.4946801892643307, "f23": 2.7737777400957584, "f24": 0.17175483030228866, "f25": -0.015037653033798448, "f26": 0.03751296607483745, "f27": -2.024550176090349, "f28": 0.4415547474950177, "f29": 0.4556356511000787, "f3": 0.05451417370872391, "f30": 0.6152663095525561, "f31": 1.440696187079935, "f32": -1.22047373472053, "f33": 1.767038263430735, "f34": -1.1897957747908672, "f35": 0.5853589407828639, "f36": 0.3446364066387567, "f37": -0.8736896530902931, "f38": -0.549502293892889, "f39": 1.0009999509324983, "f4": -1.531705186157578, "f40": -0.09834701147191993, "f41": 0.6810287234571475, "f42": -0.3887632867686168, "f43": 0.777024113007699, "f44": -0.40280134089190556, "f45": 0.5836258929994022, "f46": 0.38062236142382067, "f47": 0.4230490645025154, "f48": -2.7393046817633646, "f49": -1.9088989497168396, "f5": -2.793475724167208, "f50": -0.31432838402804875, "f51": -0.9396077512576604, "f52": -0.13490990838365524, "f53": -1.215175437122213, "f54": -0.690357959418836, "f55": 0.8483123279474728, "f6": 0.22037991110046534, "f7": -1.9105901162982994, "f8": 0.34687250754969534, "f9": 0.2600357777131956}, "datetime": {"datetime": "2023-02-03 12:57:21", "elapsed": 7325.942531, "delta": 1.017517}}
{"target": 0.4741738574281256, "params": {"f0": -0.5749977588369588, "f1": 0.3542198622928999, "f10": 0.09599724457859837, "f11": 0.33214302848803046, "f12": 0.11357004879995652, "f13": 0.6136984578761727, "f14": -1.6568881452549102, "f15": -1.366318966385043, "f16": 0.41013964538442305, "f17": -0.22539524473210526, "f18": 0.900111150095011, "f19": -1.6803507366627266, "f2": -2.5635301967586868, "f20": -0.002967426749231006, "f21": -1.150822443206284, "f22": 0.7867740465112557, "f23": 1.5375725990036386, "f24": 0.2832324580925384, "f25": 0.3739053385430491, "f26": -0.07726174962870108, "f27": -1.7827929172771073, "f28": 2.202544887096705, "f29": 2.310031225917644, "f3": -0.017169111917265112, "f30": 0.9435849358723869, "f31": 1.3132626242126546, "f32": -1.8996919111126438, "f33": 2.284743257998072, "f34": -0.11931726870551218, "f35": 0.6019777076767476, "f36": 0.4369572640117695, "f37": -2.779020306271314, "f38": -0.6612759716949896, "f39": 0.45548534139456265, "f4": -1.7040832311025913, "f40": 0.5088447679370489, "f41": 1.1217826723773103, "f42": -1.0978228596585704, "f43": -0.01185130702437448, "f44": -0.33283904968128897, "f45": -0.47310952423681196, "f46": -0.4138164315809021, "f47": 0.2003128372696824, "f48": -0.7165459372768765, "f49": -1.5810239036560951, "f5": -1.314398729269606, "f50": 0.17110994383243416, "f51": -0.21090877434097277, "f52": -0.04996973003249522, "f53": -0.9400149402843558, "f54": -0.8530127435554875, "f55": 0.16793222883325143, "f6": 0.9328246742116647, "f7": -0.5419561261658794, "f8": 0.5790602874592334, "f9": 0.561597896310093}, "datetime": {"datetime": "2023-02-03 12:58:22", "elapsed": 7386.957686, "delta": 61.015155}}
{"target": 0.2092200221272912, "params": {"f0": 0.48001055335388854, "f1": -0.3014891054934895, "f10": -0.1295183851634898, "f11": 1.3736667695674638, "f12": 1.0531447589189809, "f13": 1.2178699226617509, "f14": -2.450706115953983, "f15": -1.1176098787526092, "f16": 0.06203229644995922, "f17": -1.668056741795454, "f18": 0.7032760139210237, "f19": -1.9982250771731453, "f2": -0.7891078582047699, "f20": 0.0457060390893429, "f21": -2.4365387328811865, "f22": 1.4323036449124982, "f23": 1.8552038387953027, "f24": 0.18883104744264068, "f25": -0.20105854748000734, "f26": 0.34697296758084784, "f27": -2.9663622934849574, "f28": 0.85105698725062, "f29": 0.13437782033641932, "f3": 0.27091575396232004, "f30": 0.667068941473804, "f31": 0.8458691517435417, "f32": -1.1917484943808794, "f33": 1.4527911731110252, "f34": -1.7788147406360149, "f35": 0.808169534188649, "f36": -0.3889879602883193, "f37": -2.7346450959040784, "f38": 0.30019641365969874, "f39": 1.2707182702610726, "f4": -1.201031110232512, "f40": 0.4622325837258883, "f41": 1.9882866544281659, "f42": -1.4598971256306, "f43": 0.7034691135734443, "f44": -0.5428302076578777, "f45": 0.6267696035270313, "f46": 0.5321404605945746, "f47": -0.4079908392468346, "f48": -0.3974531654130611, "f49": -1.7501514012987538, "f5": -2.8140801212530033, "f50": 0.1254947807741298, "f51": -0.05345204566824635, "f52": -0.01611100305883928, "f53": -0.6858952636713282, "f54": -2.0641131953910263, "f55": 0.7486657754600614, "f6": 0.14824705551940015, "f7": -2.0019134408062977, "f8": -0.21701069738226128, "f9": 0.4648299778924555}, "datetime": {"datetime": "2023-02-03 12:58:52", "elapsed": 7417.190172, "delta": 30.232486}}
{"target": 0.32723815672484396, "params": {"f0": 0.1344142046853829, "f1": -0.116067992544652, "f10": 0.3790694314291996, "f11": 1.27748805374431, "f12": 1.7001661527799192, "f13": 2.620339188290401, "f14": -1.1089644591506507, "f15": -2.31059845128802, "f16": -0.5184302528644628, "f17": -0.901160180450749, "f18": 1.8803845441231812, "f19": -2.8132757757023072, "f2": -2.1517252733846526, "f20": -1.0126527157272318, "f21": -1.7017613216915108, "f22": 2.5841429201799535, "f23": 1.905448037842872, "f24": 0.5907908427827748, "f25": -0.5295175931175751, "f26": 0.6305422785143575, "f27": -2.1907910338080305, "f28": 0.29354562311935156, "f29": 2.2661002696060297, "f3": 0.05461163452181561, "f30": 0.8209930352920908, "f31": 0.9523009840065784, "f32": -0.5386182175742262, "f33": 1.116865775342828, "f34": -1.5931932526669268, "f35": 1.3543940839716697, "f36": 0.3087562764492785, "f37": -0.16645286566360262, "f38": -0.044492036460933915, "f39": 0.3783039318792578, "f4": -0.2913502672847983, "f40": 0.7311097822212196, "f41": 2.815372237345989, "f42": -1.21465537246214, "f43": 0.16339575636031206, "f44": -1.1387960451376973, "f45": 0.37034266069273947, "f46": 0.4854842036859158, "f47": 0.06743092591337119, "f48": -2.8198545395934604, "f49": -1.3922022795260374, "f5": -2.8243316863402947, "f50": -0.3134077143708056, "f51": -0.7869017044456942, "f52": -0.09051373523398415, "f53": -2.093354955840544, "f54": -0.15822530104672383, "f55": 0.3488211995001261, "f6": 1.5441584326597733, "f7": -0.25346731605546324, "f8": -0.21685871161629497, "f9": 0.3679067165497176}, "datetime": {"datetime": "2023-02-03 12:59:51", "elapsed": 7475.978265, "delta": 58.788093}}
{"target": 0.13303128091151545, "params": {"f0": 0.19082207189400224, "f1": -0.0956520522152613, "f10": -0.21641880247965595, "f11": 2.124969079290751, "f12": 0.8725424717147983, "f13": 0.8085289518670149, "f14": -1.4412904279547207, "f15": -2.786756601277986, "f16": -0.4493022388434347, "f17": -1.661620223192349, "f18": 2.8344928390357174, "f19": -1.2702687240526476, "f2": -2.465079388697913, "f20": -0.30180088341775335, "f21": -0.3677038872287772, "f22": 1.7218125102085942, "f23": 2.530667993319961, "f24": 0.6876642958297304, "f25": 0.2855194792341954, "f26": 0.3275821212914801, "f27": -1.4528112462870366, "f28": 0.7742609415294128, "f29": 0.9841988683325577, "f3": 0.39587999550289354, "f30": -0.07888682230631566, "f31": 0.6029674661319756, "f32": -0.8116846563986251, "f33": 2.1966593872144213, "f34": -1.0198754125532488, "f35": 0.16595933861152126, "f36": -0.2755886235389711, "f37": -1.5723772885638105, "f38": -0.5558915164895262, "f39": 1.4392864239223178, "f4": -1.1052527239975256, "f40": 0.8199659168080781, "f41": 2.5007683476374547, "f42": -1.372367595574436, "f43": 0.5253412965751467, "f44": -1.7528659352505414, "f45": -0.4387324823050084, "f46": 0.3322695408285702, "f47": -0.15325131349307014, "f48": -0.3958193472509861, "f49": -0.4094480543823127, "f5": -0.5844802629548025, "f50": -0.7153322969468141, "f51": -0.09065528923052879, "f52": 0.19966604066878235, "f53": -1.9558282989723323, "f54": -1.6675518601821142, "f55": 0.7253386330536387, "f6": 1.0685599704996986, "f7": -2.6736760411951113, "f8": 0.5349143752887777, "f9": -0.1817938948510755}, "datetime": {"datetime": "2023-02-03 13:01:02", "elapsed": 7546.852335, "delta": 70.87407}}
{"target": 0.4861429609610064, "params": {"f0": 0.1363406261946356, "f1": -0.23726212245330128, "f10": -0.259859668719477, "f11": 1.5811847999127178, "f12": 1.4459835400726677, "f13": 0.7967255879409951, "f14": -1.1108066780686399, "f15": -1.293972087525191, "f16": 0.09535053002600735, "f17": -0.09918455361372436, "f18": 2.73615835824166, "f19": -1.6236282290712962, "f2": -2.959918663952962, "f20": -0.9625279928975077, "f21": -2.642802660714739, "f22": 2.7221583496409676, "f23": 0.36235315499656073, "f24": 0.11799152120052014, "f25": 0.06987950207371785, "f26": -0.14610220446693473, "f27": -0.7732772325798201, "f28": 1.710194209141876, "f29": 0.6776392635946504, "f3": 0.024650146869436673, "f30": 0.5482373544649245, "f31": 2.3958320932951866, "f32": -1.7283536670132622, "f33": 0.9191001042102851, "f34": -1.3885544186586793, "f35": 2.6761015057675652, "f36": -0.21394696377745342, "f37": -1.9665110481887886, "f38": -0.6688648564027593, "f39": 1.2113185266393425, "f4": -1.4411461105167955, "f40": 0.742949402185479, "f41": 1.1405501079098959, "f42": -0.6470874745726269, "f43": 0.8249575861799554, "f44": -1.216528991046385, "f45": 0.22560928395238766, "f46": 0.07619682503132463, "f47": -0.3252629659693143, "f48": -2.943295650998502, "f49": -1.3319353861051724, "f5": -0.6754628407811465, "f50": 0.15370082869534107, "f51": -0.8854308852161775, "f52": 0.12297945160658091, "f53": -0.40082582614896056, "f54": -1.2252734671030563, "f55": 0.7942349514647, "f6": 1.6205668213987157, "f7": -0.6312413955511604, "f8": 0.6048306226513773, "f9": 0.4785620104339857}, "datetime": {"datetime": "2023-02-03 13:01:30", "elapsed": 7575.062619, "delta": 28.210284}}
{"target": 0.3367655044222852, "params": {"f0": -0.18945371575817593, "f1": -0.07424351955268116, "f10": -0.5945100718502417, "f11": 0.5672798798686989, "f12": 1.761972007658162, "f13": 2.4069517601883024, "f14": -1.919289257615772, "f15": -0.877824145044773, "f16": 0.23986783836685033, "f17": -0.528669736607907, "f18": 2.07971736807177, "f19": -1.0622956381446964, "f2": -1.2649878839068207, "f20": -0.4483874156036176, "f21": -1.4343452702948971, "f22": 2.4528477631617296, "f23": 2.0389336724461655, "f24": 0.5392002430285804, "f25": -0.3603022388041552, "f26": 0.09739873058203635, "f27": -2.830123995057524, "f28": 2.1007599323552766, "f29": 1.5111476071467675, "f3": -0.18290967307998873, "f30": 0.8176424234602119, "f31": 1.077965647466642, "f32": -1.6048527545037505, "f33": 0.8269368759113243, "f34": -1.1196311335110813, "f35": 1.599198191690581, "f36": -0.5608516181409308, "f37": -1.3341177738838745, "f38": -0.2309472030007581, "f39": 0.40863425227800965, "f4": -0.473740418655203, "f40": 0.5397096114570891, "f41": 0.567445930899765, "f42": -0.6586746159753885, "f43": 0.008843184691551154, "f44": -1.0537601663232539, "f45": -0.4241801778467799, "f46": -0.18540736012098585, "f47": 0.6907056914386365, "f48": -0.8711210102653659, "f49": -2.423349557669524, "f5": -0.5807410076496629, "f50": 0.029660474144065474, "f51": -0.42717960099911445, "f52": 0.2882686247609417, "f53": -1.1332509140464422, "f54": -2.0904097549665277, "f55": 0.4407663961073554, "f6": 1.0043276121444733, "f7": -1.4185474865302476, "f8": -0.0700102999886412, "f9": 0.641102762735907}, "datetime": {"datetime": "2023-02-03 13:02:39", "elapsed": 7644.109511, "delta": 69.046892}}
{"target": 0.3008766196886184, "params": {"f0": -0.19580022311598594, "f1": 0.7428084591041002, "f10": -0.4347351359352852, "f11": 1.7938836549340764, "f12": 1.701736287674356, "f13": 0.8857146940179238, "f14": -1.8169590138218186, "f15": -0.7168223102214841, "f16": -0.45930008065730665, "f17": -0.3155419521106413, "f18": 1.892649986801736, "f19": -2.8564579050592647, "f2": -0.658665028582436, "f20": 0.12073228729776786, "f21": -1.624648877101095, "f22": 0.5738080884129708, "f23": 1.6186646737667851, "f24": 0.1205410642929638, "f25": -0.5242286927889315, "f26": 0.7329621291767068, "f27": -0.5561423337666689, "f28": 0.6009551347744164, "f29": 0.6265991474057168, "f3": 0.3429612349153506, "f30": 0.6504877723979042, "f31": 1.0880491922995135, "f32": -0.42750930652687424, "f33": 0.19413577573047636, "f34": -1.882936333440754, "f35": 1.0971188614163259, "f36": -0.247841215895163, "f37": -0.7040501522342737, "f38": 0.1642603863307256, "f39": 0.8174560771545698, "f4": -0.7064314740647354, "f40": -0.048711795069995845, "f41": 2.897239743765789, "f42": -1.458481318169422, "f43": 0.5387423468994292, "f44": -1.7148294306680953, "f45": -0.375159115794199, "f46": -0.21430780628572577, "f47": -0.1695642960587508, "f48": -0.38668009590745367, "f49": -2.983819344307226, "f5": -1.7286037009754585, "f50": -0.9031943423571204, "f51": -0.1434055847037694, "f52": -0.23618113666031365, "f53": -2.897909544442736, "f54": -1.4766966533006987, "f55": 0.09533248895483215, "f6": 0.3378755254635699, "f7": -0.19080789487005223, "f8": -0.14464617261531307, "f9": 0.2702725252044967}, "datetime": {"datetime": "2023-02-03 13:04:09", "elapsed": 7734.748317, "delta": 90.638806}}
{"target": 0.18399226802444013, "params": {"f0": -0.10566321302081405, "f1": -0.0690108662599409, "f10": 0.14829170536083613, "f11": 1.6343643810019208, "f12": 0.9703060221346902, "f13": 1.673799440838014, "f14": -0.4491238332520404, "f15": -1.8124736566286606, "f16": -0.5167686098946687, "f17": -1.6867576469865144, "f18": 1.8831531022382235, "f19": -1.7877722145637018, "f2": -1.731517408616427, "f20": -0.5793258566930306, "f21": -1.0997586551629708, "f22": 1.3668304347236209, "f23": 2.340834270222201, "f24": 0.25578105420520875, "f25": 0.3903433212363372, "f26": -0.3276094294767579, "f27": -0.3212363480113698, "f28": 2.6965353896501183, "f29": 2.106766973723957, "f3": -0.1939812690313309, "f30": 0.7721583087669149, "f31": 1.2389322011349484, "f32": -1.3574882337307277, "f33": 0.9637701865572819, "f34": -2.013953991517871, "f35": 2.853892725283295, "f36": -0.0451093091777649, "f37": -1.7370888507096134, "f38": -0.6768702067769345, "f39": 1.0569280298901114, "f4": -1.1449801573869034, "f40": -0.007405866830284852, "f41": 0.22056111707575124, "f42": -0.4066418529332996, "f43": 0.56748703745095, "f44": -0.3706900053188249, "f45": 0.01285951291635623, "f46": 0.21152431293663043, "f47": 0.6127268873075349, "f48": -2.1076711194225126, "f49": -2.326045811006313, "f5": -2.6372113553538856, "f50": -0.6415737916791817, "f51": -1.1224472258725824, "f52": 0.7905725360196518, "f53": -1.8047635276462954, "f54": -2.0361512751707505, "f55": 1.1772133590477067, "f6": 1.0153716262136139, "f7": -0.9297728864459716, "f8": 0.18827333543550026, "f9": 0.21283075733900808}, "datetime": {"datetime": "2023-02-03 13:05:12", "elapsed": 7797.696526, "delta": 62.948209}}
{"target": 0.4202486449390327, "params": {"f0": -0.4196167108094406, "f1": 0.24667718575338254, "f10": 0.23405558254421577, "f11": 1.6709535596655425, "f12": 1.2318864877480666, "f13": 1.9008054918032897, "f14": -0.7741365617415352, "f15": -1.595307910201932, "f16": -0.4228318254779229, "f17": -0.8655375337493217, "f18": 1.7869909209160477, "f19": -1.0092864424284929, "f2": -2.0174803416882687, "f20": -0.48515687071816904, "f21": -1.5572813347330483, "f22": 2.344456982345863, "f23": 0.7523820442907785, "f24": -0.3068386490452112, "f25": -0.4768698590820765, "f26": -0.13902297339954914, "f27": -0.6376496885753187, "f28": 0.7642106440784651, "f29": 0.8503790447296884, "f3": 0.3596954171426916, "f30": 0.7802361375970993, "f31": 1.5352440149159552, "f32": -1.3145125069014463, "f33": 1.5226585495312097, "f34": -0.6996754461642654, "f35": 2.9569624690234675, "f36": -0.22523598336255762, "f37": -1.4234799431084086, "f38": 0.3304712140982927, "f39": 0.32555637797070514, "f4": -0.8002855784031149, "f40": -0.05751634579298759, "f41": 1.219204711275026, "f42": -1.3575852150920542, "f43": 0.6283396694850609, "f44": -1.461541875036527, "f45": 0.6013248970735393, "f46": 0.27070123091890086, "f47": -0.3844097888980463, "f48": -0.5624227274662208, "f49": -0.7996895929235284, "f5": -0.3158672024684428, "f50": -0.9725291804707352, "f51": -0.37601054809031753, "f52": 0.6377111244724938, "f53": -0.47695813761935435, "f54": -0.9565769281116245, "f55": 0.9192912269329007, "f6": 0.7904078361669982, "f7": -2.988994576156503, "f8": 0.7781871719686158, "f9": 0.3393554076575404}, "datetime": {"datetime": "2023-02-03 13:06:04", "elapsed": 7848.911597, "delta": 51.215071}}
{"target": 0.4234921429701659, "params": {"f0": -0.18896388270082576, "f1": 0.18968125965314403, "f10": -0.650092815580411, "f11": 1.1189573751163986, "f12": 1.5574678308469374, "f13": 0.8372714528531915, "f14": -0.29593638668792277, "f15": -0.7937422081774987, "f16": -0.5250233754708753, "f17": -0.7533300713705592, "f18": 1.3721710728820038, "f19": -1.4239304186062065, "f2": -2.469997756940451, "f20": -0.2510042935296598, "f21": -1.09261991203406, "f22": 2.650941752096713, "f23": 0.3155596507383948, "f24": 0.09244964154067276, "f25": -0.2660040929749351, "f26": 0.16520428546882776, "f27": -1.6474498005685378, "f28": 1.3492712346420075, "f29": 0.734599610899175, "f3": -0.5819424311849236, "f30": 0.31459802571647494, "f31": 2.179390595562109, "f32": -0.2083409101001965, "f33": 1.9882574299713243, "f34": -0.6691623763668268, "f35": 2.4338125045581442, "f36": 0.0973007770204789, "f37": -0.7882861824260678, "f38": -0.05598332115241367, "f39": 0.8274532861649861, "f4": -0.617824442197997, "f40": 0.2529322217299763, "f41": 2.864969119426188, "f42": -1.646438002667006, "f43": 0.6115088883569658, "f44": -0.5858990617496371, "f45": -0.324362092613454, "f46": -0.10933930153800947, "f47": -0.05919967254495667, "f48": -1.213392337120922, "f49": -2.4183851147002344, "f5": -0.5466468369823678, "f50": -0.18581680961567804, "f51": -0.46210021405438406, "f52": 0.41109439169426104, "f53": -1.819186194220497, "f54": -0.8881752924262774, "f55": 0.43645293006682173, "f6": 1.4846018375747836, "f7": -0.39220458362953003, "f8": 0.8038846912596875, "f9": -0.2842526736584362}, "datetime": {"datetime": "2023-02-03 13:06:59", "elapsed": 7903.895204, "delta": 54.983607}}
{"target": 0.6274246061547527, "params": {"f0": -0.005800416659681489, "f1": 0.374914163009105, "f10": -0.07771256212190578, "f11": 1.1957081843032624, "f12": 1.1167307582694947, "f13": 1.4718012051563918, "f14": -1.3592586229659172, "f15": -1.3669069000018799, "f16": -0.19491061291878187, "f17": -0.9471347602873185, "f18": 2.6696534832283825, "f19": -1.6863129058022255, "f2": -2.2243869130082694, "f20": -0.36935942303101615, "f21": -1.5674426125495504, "f22": 2.767733806368616, "f23": 2.190340127026569, "f24": 0.12884203953990678, "f25": -0.09923090804212945, "f26": -0.01648276278969664, "f27": -2.6826953184518443, "f28": 2.587098304465664, "f29": 0.9742116135476404, "f3": -0.12469861661256378, "f30": 0.34059950247971216, "f31": 2.3356877356776873, "f32": -1.204086216187329, "f33": 1.245224280244093, "f34": -1.2833123058145994, "f35": 1.9001361907169445, "f36": 0.007565359419804868, "f37": -2.255598851839437, "f38": -0.14424545386138532, "f39": 0.6566378944900958, "f4": -1.0413626368106208, "f40": 0.4669192554237697, "f41": 2.0812885896660585, "f42": -1.1259894871187255, "f43": 0.39853122636418137, "f44": -1.3499491361159408, "f45": 0.13323979690171275, "f46": 0.05482568153814314, "f47": 0.15413159066447116, "f48": -1.9351920855877736, "f49": -1.5913792196989234, "f5": -1.820811890966099, "f50": -0.3069892702253575, "f51": -1.0247380657223908, "f52": 0.17534401391167184, "f53": -1.5256743226825757, "f54": -1.748227515946359, "f55": 0.6238072406900534, "f6": 0.9746551881400429, "f7": -1.7267115034920952, "f8": 0.6406758578661034, "f9": 0.19280954619556945}, "datetime": {"datetime": "2023-02-03 13:09:25", "elapsed": 8050.80196, "delta": 146.906756}}
{"target": 0.3897450362123904, "params": {"f0": 0.01390951333583124, "f1": 0.37531515850404673, "f10": -0.14345875926805549, "f11": 1.5027869250162322, "f12": 1.3858777706702452, "f13": 1.2466774427006486, "f14": -1.8675136139578095, "f15": -1.5391423718240176, "f16": -0.07580965110703258, "f17": -1.1762208492120574, "f18": 2.6378714605094276, "f19": -2.051899889382214, "f2": -2.9063950975236055, "f20": -0.4280518410184205, "f21": -1.411004174519949, "f22": 2.8287565078915127, "f23": 2.6303967067316334, "f24": 0.09419131059352175, "f25": -0.24872402914488, "f26": 0.05871970309577515, "f27": -3.0044698721056506, "f28": 2.6905912108860517, "f29": 1.2222316324390783, "f3": -0.0895133589182736, "f30": 0.6303818965360592, "f31": 2.581392489499976, "f32": -1.605255832903086, "f33": 1.483166656819039, "f34": -1.3868898850725015, "f35": 1.8414153147493078, "f36": -0.09744503924221777, "f37": -2.5180109730553517, "f38": -0.43418777325719127, "f39": 0.5334115787052867, "f4": -0.9031709820206385, "f40": 0.786554848427469, "f41": 2.565650804708517, "f42": -1.3071060612687042, "f43": 0.23432523370884628, "f44": -1.4050756598483376, "f45": -0.03580613171706518, "f46": -0.05931319180594423, "f47": -0.012012109098938888, "f48": -1.7904538481990866, "f49": -1.8076305797944483, "f5": -1.99727633405403, "f50": -0.5575333228021206, "f51": -1.3300557773752602, "f52": 0.1939219149990834, "f53": -2.183634968258595, "f54": -1.8778587092331696, "f55": 0.7507986948436439, "f6": 0.8765934331249764, "f7": -1.6987334064304596, "f8": 0.29594584396948903, "f9": 0.04811795108378969}, "datetime": {"datetime": "2023-02-03 13:10:26", "elapsed": 8111.369404, "delta": 60.567444}}
