{"target": 0.17927485022269377, "params": {"f0": 2.1554380284798356, "f1": 1.3286497896436875, "f10": -0.2347617180351126, "f11": 0.6624710182269278, "f12": -1.9019984700402763, "f13": -1.3274148001006494, "f14": -2.8259762412350757, "f15": 2.417316604535273, "f16": 0.9471488564961434, "f17": -0.5850079270952268, "f18": 0.8467803553378063, "f19": -1.9263730703042192, "f2": -0.24919434484508318, "f20": 1.6467591407527182, "f21": 0.804230271313297, "f22": -2.3310064933114663, "f23": -0.4252288315427039, "f24": -1.6383315620633465, "f25": -0.6000917814688156, "f26": -1.791593986741654, "f27": 0.9480203836901522, "f28": -0.27090115870289794, "f29": 1.8413664910160068, "f3": 0.11417359701972277, "f30": -0.9510289248199696, "f31": -0.5711355398101934, "f32": 1.3120972218597786, "f33": -1.3035879929423149, "f34": 2.2406367532343823, "f35": 0.9272244404644325, "f36": -0.653882549038076, "f37": -1.5979304784952657, "f38": 0.35884688884748706, "f39": 1.9573845351288568, "f4": -0.6861993279993728, "f40": -2.816448800239872, "f41": 1.6669038456200147, "f42": 2.3309940154370565, "f43": 0.14126567322038186, "f44": 2.331298632465086, "f45": -1.850746712255465, "f46": -0.29755342043259386, "f47": 0.3261690853785542, "f48": -1.820848851703894, "f49": -0.2572626636978492, "f5": -0.8513169627851436, "f50": -1.3150562587412018, "f51": 1.485106933634815, "f52": -2.9664345425206133, "f53": 1.003685491194661, "f54": 0.9424086796352542, "f55": 1.0020569051240535, "f6": -0.3220524058855365, "f7": -0.6974307773290789, "f8": 2.991161982923901, "f9": 1.5233721739662855}, "datetime": {"datetime": "2023-01-30 12:06:42", "elapsed": 1278.680852, "delta": 58.405651}}
{"target": 0.0903366899874057, "params": {"f0": 2.1151848085796, "f1": 1.0478928550995408, "f10": -0.5452811479212503, "f11": 0.1892095549401283, "f12": -1.3782198959758485, "f13": -1.5080838180068676, "f14": -1.3218547132950207, "f15": 0.9487301540730172, "f16": 0.5129215772351036, "f17": -0.3367715702530396, "f18": 2.0830791745842716, "f19": -2.0674029566918644, "f2": 0.06415425377620654, "f20": 0.6904878028476262, "f21": 0.45617929034071436, "f22": -2.758017649334492, "f23": -0.5960179313344179, "f24": -1.5214731605952652, "f25": -1.3899090913618344, "f26": -1.925492260046221, "f27": 2.163304108904228, "f28": 0.06477109962843547, "f29": 1.4358378374992282, "f3": 0.4416394479531556, "f30": -0.5458223334259888, "f31": 0.27429068728437467, "f32": 1.0687814091865753, "f33": -0.8413443029766503, "f34": 0.9266409808309382, "f35": 0.657120427329401, "f36": -1.3451758397343276, "f37": -1.1710906837488109, "f38": -0.16622667019372123, "f39": 1.9005145534918404, "f4": 0.35297326948566743, "f40": -0.5967816721092443, "f41": 1.2719191413467197, "f42": 2.5856493965516925, "f43": 0.02126147550912072, "f44": 1.1765162286945827, "f45": -2.0999319397897898, "f46": 0.06573549850254129, "f47": 0.3790217547715723, "f48": -1.9395513087944067, "f49": -1.2008745046327267, "f5": -1.2538355887372545, "f50": -2.5284411883481455, "f51": 1.2542304104238144, "f52": -2.0742440974051357, "f53": 0.8126711792399706, "f54": 1.0427955407871403, "f55": 1.9390765799074468, "f6": -1.3434455597728907, "f7": -0.46977261580036367, "f8": 1.4424462738930717, "f9": 2.697011490209319}, "datetime": {"datetime": "2023-01-30 12:07:17", "elapsed": 1313.889801, "delta": 35.208949}}
{"target": 0.07359534010192333, "params": {"f0": 0.5705017921640115, "f1": 1.005036360715213, "f10": -0.34852428811457614, "f11": 0.2232314214132901, "f12": -1.565183207116688, "f13": -2.090123193950324, "f14": -1.3234834336062005, "f15": 2.368943519780797, "f16": 1.0216859112202914, "f17": -0.4590080390038097, "f18": 0.6064690388705429, "f19": -2.2961650263290134, "f2": -0.8803283098822312, "f20": 0.68950582500978, "f21": 1.004236475791727, "f22": -1.130036959676117, "f23": -0.4001888458545526, "f24": -2.7259288781030286, "f25": -0.6728301795164802, "f26": -1.6387653810841947, "f27": 2.4436319283703196, "f28": 0.6171776381566764, "f29": 0.7159205821323941, "f3": 0.7574800532976423, "f30": -0.8427097260884608, "f31": 0.3276602322208664, "f32": 0.41086108155913126, "f33": -0.7441312345388589, "f34": 1.926825013027622, "f35": 1.5923818378217118, "f36": -1.565804862133285, "f37": -2.2113461448597187, "f38": -0.16517608392212146, "f39": 1.650295632138888, "f4": -0.17742723138748573, "f40": -2.2261473240947587, "f41": 0.9517349754083735, "f42": 0.741627418615944, "f43": -0.12993360813486732, "f44": 2.172447073185972, "f45": -2.1904367777015126, "f46": 0.7130075545376967, "f47": 0.47513566746292246, "f48": -1.6620607757835748, "f49": -0.5606014824077113, "f5": -0.6509248109613872, "f50": -0.7668433881884726, "f51": 0.40546870403879814, "f52": -2.011354088093845, "f53": 0.5614458792258988, "f54": 0.5490257640636337, "f55": 0.7735923880259824, "f6": -0.5375302307037622, "f7": -1.085341371715975, "f8": 1.127538363875787, "f9": 2.1631539297713296}, "datetime": {"datetime": "2023-01-30 12:08:42", "elapsed": 1398.442699, "delta": 84.552898}}
{"target": 0.2944047456234072, "params": {"f0": 1.062261430811552, "f1": 1.663419764335557, "f10": -0.049024210638732524, "f11": -0.11293769736755958, "f12": -2.9498017106556857, "f13": -1.1929779086798715, "f14": -0.7157671738817162, "f15": 1.8803617769871952, "f16": 1.4925185070036346, "f17": -0.059698085349471686, "f18": 1.7110930367198394, "f19": -1.9507066989825614, "f2": -0.7797427502554227, "f20": 1.9873161776778565, "f21": 0.7743302591608066, "f22": -2.5302470259435745, "f23": 0.2468662358023429, "f24": -2.343311075746464, "f25": -1.408339906853492, "f26": -1.0306412959136473, "f27": 2.4103342347276144, "f28": 0.19805711158725725, "f29": 2.4516171974896994, "f3": 0.5282069064659658, "f30": -0.7300368154211289, "f31": -0.025796857325002198, "f32": 1.0497193838778616, "f33": -0.9746394812778156, "f34": 2.4279422554089165, "f35": 1.1484744302351972, "f36": -1.6090872772952771, "f37": -2.2035071187585826, "f38": 0.24541790477402964, "f39": 0.8194587556492864, "f4": -0.286921004431102, "f40": -2.8309261315614473, "f41": 1.7725858814392987, "f42": 2.628371617639572, "f43": -0.16085697721178815, "f44": 1.7531602699872046, "f45": -1.5149787480843198, "f46": -0.07961074425659385, "f47": 0.8166953432790582, "f48": -2.011335265153578, "f49": -0.9675604163363372, "f5": -1.2263384193175657, "f50": -1.1973797133130895, "f51": 1.1054657699637636, "f52": -2.6861162090263773, "f53": 0.7588478104947192, "f54": 1.6468487860684384, "f55": 1.9367021333795353, "f6": -1.003094507026181, "f7": -0.6041839501381506, "f8": 2.806263477768352, "f9": 2.5794722679140003}, "datetime": {"datetime": "2023-01-30 12:09:46", "elapsed": 1462.633208, "delta": 64.190509}}
{"target": 0.26916671981351, "params": {"f0": 1.1320328643794086, "f1": 1.344982343765998, "f10": -0.23579017807914704, "f11": 0.42686812897472115, "f12": -1.4845263513420788, "f13": -1.026120401695263, "f14": -2.232744697202527, "f15": 2.2369832010306174, "f16": 1.4556122137528393, "f17": 0.2778436162006204, "f18": 1.1308121619477192, "f19": -0.6426687720027409, "f2": 0.05638483768814817, "f20": 1.0779837486917754, "f21": 0.6690617052344732, "f22": -0.5133944867814111, "f23": -0.3819338630752276, "f24": -2.4593831359999165, "f25": -1.2899415042886866, "f26": -0.70638748919772, "f27": 1.8910916993327884, "f28": 0.5717124429193695, "f29": 1.6247141213973828, "f3": 0.10107987105532548, "f30": -1.0804437399727311, "f31": -0.13935033407394704, "f32": 1.392403243854472, "f33": -0.9544065776316408, "f34": 2.7456543926514905, "f35": 1.5347201029316146, "f36": -1.2373132481469677, "f37": -2.696730969877508, "f38": -0.253944403852414, "f39": 1.8142276879425239, "f4": -0.2114256233069814, "f40": -1.1736881800185872, "f41": 2.406233169382158, "f42": 1.031417499289653, "f43": -0.5249697693717315, "f44": 2.2487559306886675, "f45": -1.72244689666258, "f46": 0.5204495733405504, "f47": 0.5043142191865871, "f48": -0.5747640620170649, "f49": -1.0450922333426735, "f5": -0.7831744162888512, "f50": -2.591095323404188, "f51": 1.608369406909556, "f52": -1.3980916533398438, "f53": 0.20116740186668428, "f54": 1.0345020536756642, "f55": 2.849718307137317, "f6": -0.265948360209707, "f7": -0.33342154143986047, "f8": 1.03564654193875, "f9": 2.370533108569584}, "datetime": {"datetime": "2023-01-30 12:10:42", "elapsed": 1518.548451, "delta": 55.915243}}
{"target": 0.09927135423530142, "params": {"f0": 1.729381484162597, "f1": 1.9812959801551495, "f10": 0.22987636303709047, "f11": 0.14475296697635973, "f12": -0.6223597243703312, "f13": -2.235319609541234, "f14": -1.5170739236331043, "f15": 0.6434815005789953, "f16": 1.5126787355525406, "f17": 0.010341466566680557, "f18": 2.6079769064393368, "f19": -0.6363768624980657, "f2": -0.2514613518338287, "f20": 1.3206042963477422, "f21": 0.4592762893498512, "f22": -1.2772885669528686, "f23": 0.27365161609610755, "f24": -2.212865719800783, "f25": -1.6437103175370584, "f26": -2.9717018753039572, "f27": 0.8037661572659425, "f28": 0.27246458160247056, "f29": 0.7697708646229333, "f3": 0.6942499155949585, "f30": -0.40413344089874814, "f31": -0.43127033226420963, "f32": 1.5473385629989234, "f33": -1.360341714704622, "f34": 2.9956685347994254, "f35": 1.0867944968089671, "f36": -0.983925463118267, "f37": -2.478125256831361, "f38": 0.42591553195417176, "f39": 1.7001335455180582, "f4": -0.4344699635389215, "f40": -2.8050071206889324, "f41": 0.8498572420038908, "f42": 1.8727937886213522, "f43": 0.08291269672835777, "f44": 2.0339843098775487, "f45": -0.5454082987297388, "f46": 0.2584988480973105, "f47": 1.3543490360123536, "f48": -1.6438930521571762, "f49": -0.940475018571337, "f5": -1.5367880387975021, "f50": -2.5520226020768937, "f51": 1.2423373064418288, "f52": -1.8794962080746929, "f53": 0.3651762374938673, "f54": 1.3591745611176924, "f55": 1.5056655549476463, "f6": -0.4048481160501938, "f7": -0.5572385224939784, "f8": 1.6268620476811881, "f9": 1.8641781034475955}, "datetime": {"datetime": "2023-01-30 12:11:52", "elapsed": 1588.645886, "delta": 70.097435}}
{"target": 0.19570023494797706, "params": {"f0": 0.7790110212480483, "f1": 1.9566891146543817, "f10": 0.006324577277113108, "f11": 0.1808034170538134, "f12": -2.243730034277349, "f13": -2.6271726206103883, "f14": -0.9587028292795474, "f15": 2.337364936962496, "f16": 0.49629008294772814, "f17": 0.17413034574995778, "f18": 1.7811853402211208, "f19": -0.9385567489635056, "f2": -0.4242057549544622, "f20": 1.456062965095274, "f21": 1.1462076674609862, "f22": -1.8269016235114695, "f23": -0.4880482780981126, "f24": -2.1997574543128113, "f25": -1.5281069806862786, "f26": -0.7953473477173163, "f27": 1.7258868578236564, "f28": 0.4714655363598403, "f29": 1.7082528610254553, "f3": 0.6939922606879338, "f30": -0.22141685472612382, "f31": 0.2495231415646021, "f32": 1.0589879668745181, "f33": -2.0492873013508017, "f34": 2.587528539218191, "f35": 1.7175889250155436, "f36": -1.9187740411438086, "f37": -2.3162601675569388, "f38": 0.29684403961967976, "f39": 1.892118110495973, "f4": -0.33679441748613403, "f40": -1.0595660035912327, "f41": 2.9266884676930838, "f42": 1.5015498565533987, "f43": 0.11448556759871809, "f44": 1.3043180286040181, "f45": -1.150490221840697, "f46": 0.15818465568882503, "f47": 1.188308821289951, "f48": -2.04261717898919, "f49": -1.2991420233217563, "f5": -0.9886253693519232, "f50": -2.8019455829280915, "f51": 1.411673378317324, "f52": -2.1503671796984616, "f53": 0.047968352536884126, "f54": 2.019501254616354, "f55": 2.7873286348262525, "f6": -1.1066328190361776, "f7": -0.8911624566742592, "f8": 0.8159817975153223, "f9": 1.4033082444471803}, "datetime": {"datetime": "2023-01-30 12:12:23", "elapsed": 1619.345508, "delta": 30.699622}}
{"target": 0.4027538980914017, "params": {"f0": 1.8002744691085228, "f1": 0.8173314433298748, "f10": -0.14742682379974686, "f11": 0.014052509643816657, "f12": -2.8511315506268238, "f13": -1.1751128480726882, "f14": -2.786526407678784, "f15": 2.7359917555881994, "f16": 1.4342806942248731, "f17": -0.3077478684517627, "f18": 1.9765515013421069, "f19": -1.2081251368316803, "f2": -0.6881268315481582, "f20": 1.452828812039454, "f21": 0.717917917778588, "f22": -0.8023084653067287, "f23": -0.4470319670073458, "f24": -0.8943335326382433, "f25": -0.9761343805856953, "f26": -2.169388897231858, "f27": 1.0290144822423615, "f28": 0.6065210003558328, "f29": 0.7192708111360583, "f3": 0.25278120460851644, "f30": -0.18233318638903906, "f31": -0.4701727052665417, "f32": 0.5492309905348234, "f33": -1.8246449235043385, "f34": 1.1504885260578326, "f35": 1.73570113016731, "f36": -1.4110600781726825, "f37": -2.440447184630773, "f38": 0.32537842495786073, "f39": 1.5781688904914741, "f4": -0.2952684801824431, "f40": -1.036030220037267, "f41": 1.5525072245887628, "f42": 1.3116407161930534, "f43": -0.48565835151969244, "f44": 2.202845485746786, "f45": -0.9407215275343499, "f46": 0.27177766270898573, "f47": 1.4409533666664558, "f48": -2.698703131153339, "f49": -1.2608810123350083, "f5": -0.7227879418907819, "f50": -2.064384012032883, "f51": 1.0278955600423405, "f52": -0.6974993936732847, "f53": 0.7123141780146782, "f54": 1.6628494350583662, "f55": 0.8794542152974645, "f6": -0.5260521504588117, "f7": -0.6473814803922143, "f8": 2.093707503023748, "f9": 1.6745583425887038}, "datetime": {"datetime": "2023-01-30 12:13:13", "elapsed": 1669.734048, "delta": 50.38854}}
{"target": 0.0903366899874057, "params": {"f0": 2.071866975997179, "f1": 2.3130498027460344, "f10": -0.31920453090905043, "f11": 0.04747750393859057, "f12": -1.4900088759066483, "f13": -0.5315477997779632, "f14": -0.49153251072786563, "f15": 2.5321172171437967, "f16": 2.2293371212984323, "f17": -0.3115838216457699, "f18": 2.587134220999571, "f19": -0.7926585358841467, "f2": -0.8175431077457055, "f20": 1.293693186598611, "f21": 0.6833299502313305, "f22": -1.558023057010522, "f23": -0.3538724831740986, "f24": -1.3358204748307343, "f25": -0.8763979319961331, "f26": -2.8953457883311216, "f27": 0.932547147220723, "f28": 0.7696995756351148, "f29": 2.264906159094612, "f3": 0.6858134301668343, "f30": -0.261913270655746, "f31": -0.3183513752423244, "f32": 1.0655202672100623, "f33": -1.4255313489523571, "f34": 2.4185680184182554, "f35": 2.151637030891501, "f36": -1.124811174927328, "f37": -2.448648077365263, "f38": -0.24840993063451247, "f39": 1.2681027159836655, "f4": 0.08507260859529825, "f40": -2.6142997527190612, "f41": 2.5216356027769677, "f42": 1.674587048166614, "f43": -0.5653437194383065, "f44": 2.1736314155753567, "f45": -1.4660901801339632, "f46": 0.630885327863617, "f47": 0.7509890645352015, "f48": -1.0301211945696904, "f49": -0.9640167501137402, "f5": -1.3257839687221624, "f50": -1.3045415182805558, "f51": 1.6134852197547223, "f52": -1.3319259031352007, "f53": 0.48699408513804593, "f54": 2.270496230604862, "f55": 2.432076818068154, "f6": -0.35508764428256323, "f7": -1.29318360312125, "f8": 1.4964904257206986, "f9": 0.6465327524153983}, "datetime": {"datetime": "2023-01-30 12:14:01", "elapsed": 1717.270634, "delta": 47.536586}}
{"target": 0.03922086101678836, "params": {"f0": 0.8063922650293929, "f1": 0.7839152359100492, "f10": -0.3065374783457641, "f11": 0.32882399871898516, "f12": -0.9961090659018845, "f13": -2.354727465793225, "f14": -2.756615333782441, "f15": 1.00941503037476, "f16": 1.0862260225682785, "f17": 0.336870603164087, "f18": 0.6523702251175822, "f19": -2.0476408817145497, "f2": 0.06040542321625042, "f20": 1.4784104776243139, "f21": 0.31031924054356824, "f22": -2.3958737367963074, "f23": 0.26894940128843114, "f24": -0.7814632166808759, "f25": -1.695669749832615, "f26": -2.911689393456351, "f27": 0.8041629063201692, "f28": -0.04090047389865449, "f29": 1.206737961072566, "f3": 1.0095113710163857, "f30": -1.0214941294875597, "f31": -0.2104914892576083, "f32": 0.48085158086044055, "f33": -1.1979008393786856, "f34": 1.1251600123951826, "f35": 1.7621118302748817, "f36": -1.4640429303471567, "f37": -2.3771893814031904, "f38": -0.25302210189166824, "f39": 0.7660828780743704, "f4": -0.17134065315828034, "f40": -1.1701558145156277, "f41": 1.8714385570018623, "f42": 1.5336447987794273, "f43": -0.6225218893479348, "f44": 1.8730853575320012, "f45": -2.73317297024979, "f46": 0.2308094144589923, "f47": 0.9128420326850648, "f48": -0.5333422270539296, "f49": -1.3069463455898864, "f5": -0.7183980080026513, "f50": -1.0244244983668243, "f51": 1.359729192139522, "f52": -1.100232523398633, "f53": 0.8061501361564283, "f54": 1.0123941456263823, "f55": 2.341676029175081, "f6": -0.3137082521675667, "f7": -0.5052873526735043, "f8": 0.9682084350507845, "f9": 2.5509210221778}, "datetime": {"datetime": "2023-01-30 12:14:56", "elapsed": 1772.482646, "delta": 55.212012}}
{"target": 0.23031223972823217, "params": {"f0": 1.499549559301475, "f1": 1.3524022434359901, "f10": -0.39136414609476367, "f11": 0.14741798034771028, "f12": -2.205049775520732, "f13": -2.8574443370675398, "f14": -2.0172793143844303, "f15": 1.4149936611013798, "f16": 1.6404072596052062, "f17": 0.15259292805395086, "f18": 1.025730811479894, "f19": -2.0855504891924035, "f2": -0.4171941007174711, "f20": 2.12738631567593, "f21": 1.15285521568843, "f22": -2.887960414974795, "f23": 0.15515038666702585, "f24": -1.8568059526068694, "f25": -1.1726770459698275, "f26": -2.6267467610649926, "f27": 0.5723772721582803, "f28": 0.5495952545521414, "f29": 1.1533438512280767, "f3": 0.8763153282006386, "f30": -0.28615059539798826, "f31": -0.34569789722002287, "f32": 0.864552396633993, "f33": -2.95323600179984, "f34": 2.3912559195196907, "f35": 0.8753896665108375, "f36": -0.7367320736145566, "f37": -2.57245856161704, "f38": -0.06979533533357285, "f39": 2.6309132343022092, "f4": 0.28323103855072956, "f40": -1.1001614573412724, "f41": 1.200319762499924, "f42": 2.0327475984516905, "f43": -0.19565243369002072, "f44": 2.0767961319654664, "f45": -2.768934697979908, "f46": 0.04363442632484457, "f47": 0.9638759780820663, "f48": -0.8856986452102058, "f49": -1.004791446295993, "f5": -1.8413162606879374, "f50": -2.395617390413814, "f51": 0.4668097048999817, "f52": -1.2565905973929987, "f53": 0.2869955691641687, "f54": 1.0306953862950252, "f55": 1.3451824168547122, "f6": -0.73737692301092, "f7": -0.5244897776941098, "f8": 0.9148525415243142, "f9": 2.35656136115388}, "datetime": {"datetime": "2023-01-30 12:16:26", "elapsed": 1862.577648, "delta": 90.095002}}
{"target": 0.0934034168441453, "params": {"f0": 2.7487959841944294, "f1": 2.694788993247932, "f10": -0.5301236012295828, "f11": 0.4440436660470277, "f12": -1.9485573906517766, "f13": -1.4894676847467194, "f14": -2.6501454154309907, "f15": 2.9947668703204426, "f16": 2.2963966839147787, "f17": -0.3217935331923114, "f18": 0.5196578718084568, "f19": -0.6642262023678884, "f2": -0.16153428521941815, "f20": 1.3390518037254728, "f21": 0.22089442291417083, "f22": -2.1000326828005744, "f23": 0.13893759704464603, "f24": -2.6347668199680716, "f25": -1.8179313400039574, "f26": -1.0655148669625507, "f27": 2.2699092881079994, "f28": 0.4409364990181484, "f29": 2.516536785237781, "f3": 0.8950499542116788, "f30": -0.36263482041514017, "f31": -0.08078928324820706, "f32": 0.6294693530319534, "f33": -2.0084884414102144, "f34": 2.380838257539446, "f35": 2.6003235741552615, "f36": -0.6971845624864292, "f37": -0.9678178478410144, "f38": -0.18106920894723116, "f39": 2.302870038379183, "f4": 0.06902105393013697, "f40": -1.8399774503428288, "f41": 0.9463667161642924, "f42": 1.1506747520471128, "f43": -0.6329835449449075, "f44": 2.3737190462570243, "f45": -1.6818523474259675, "f46": 0.3304555371954794, "f47": 0.2765791562808915, "f48": -0.6263489381788743, "f49": -0.9594028536556589, "f5": -1.8416457250080707, "f50": -0.5410538783067667, "f51": 1.0476360714226838, "f52": -2.216348849304668, "f53": 0.1095367148804049, "f54": 1.0129806448716079, "f55": 1.2528868459381612, "f6": -1.0318646336223873, "f7": -0.7635824261900442, "f8": 2.0982264583789174, "f9": 1.4914827498093723}, "datetime": {"datetime": "2023-01-30 12:17:44", "elapsed": 1940.933807, "delta": 78.356159}}
{"target": 0.18454475499136622, "params": {"f0": 2.722280737894284, "f1": 1.7761504798402055, "f10": -0.46532544848029056, "f11": 0.4748799848803974, "f12": -2.273085923073635, "f13": -2.5366479641769883, "f14": -2.0605769149517448, "f15": 1.9544383607455773, "f16": 1.3399277622447712, "f17": 0.13075521506167154, "f18": 0.6513884724605368, "f19": -2.0896350023257906, "f2": -0.6337744222574155, "f20": 1.6194938878781027, "f21": 0.6145294888688442, "f22": -2.309742630089431, "f23": -0.2717462024881495, "f24": -1.3244040003105912, "f25": -0.9016539357572614, "f26": -1.5925479140926346, "f27": 1.209653854163605, "f28": 0.5063708001408067, "f29": 2.1875603111881654, "f3": 0.1532185926311726, "f30": -0.6953400733388928, "f31": -0.046569176434747284, "f32": 1.5665310572975333, "f33": -1.2501140508706343, "f34": 2.5482144522710546, "f35": 1.7824294474032478, "f36": -1.5336793527419765, "f37": -1.6453549652067412, "f38": 0.08416987261378128, "f39": 2.683996081690603, "f4": -0.30378861631592174, "f40": -1.9044933996250824, "f41": 2.54591671841636, "f42": 2.089113771206903, "f43": -0.2808671574033682, "f44": 1.316820717352305, "f45": -2.1581219912193492, "f46": 0.1018461187168451, "f47": 0.6793197029486999, "f48": -2.118902340678262, "f49": -1.164920089489594, "f5": -0.4588028962190285, "f50": -2.6208634252033636, "f51": 0.766111439201774, "f52": -2.470664034775564, "f53": 0.20744745016295144, "f54": 0.8828899630094351, "f55": 0.7708314423633642, "f6": -1.0273448133726184, "f7": -1.3012559405013577, "f8": 2.7511907241660785, "f9": 1.9022216428078345}, "datetime": {"datetime": "2023-01-30 12:18:15", "elapsed": 1971.508957, "delta": 30.57515}}
