{"target": 0.16316046014877086, "params": {"f0": -1.0043486732235976, "f1": 1.744826878655887, "f10": 0.19584368187891887, "f11": -2.2762591353783197, "f12": 1.3736069588336952, "f13": 0.008018890081061825, "f14": 0.41085548460748555, "f15": -1.4792767113772411, "f16": -0.8360934190681708, "f17": -0.634725776233334, "f18": -0.5119866069611838, "f19": 0.9405957346879917, "f2": -0.18847104408110327, "f20": 0.010068303230406195, "f21": -0.7452050567257884, "f22": 0.07780495015494293, "f23": -0.7454819029998463, "f24": -1.3165420700103614, "f25": -0.42554528024915506, "f26": -1.6732912029795943, "f27": 1.650368100476209, "f28": -1.3583664313705817, "f29": -0.40294191962667386, "f3": -1.443248609431969, "f30": -0.5622976825634376, "f31": -0.08045095205686292, "f32": -2.341229084241367, "f33": 0.40666432350554604, "f34": 1.4687642005421766, "f35": -2.736013932571027, "f36": 1.776364309600774, "f37": -0.612479613377356, "f38": 0.6811266712756077, "f39": -0.18576446504017818, "f4": -1.274583969566274, "f40": 0.6567448811854074, "f41": -0.16463137748215784, "f42": 0.7652145601396796, "f43": -0.11717454012245987, "f44": -0.7939980521972143, "f45": 0.5620732043031433, "f46": -0.8357467041875675, "f47": -0.023632751935405483, "f48": 1.7076875032556702, "f49": -0.1445282704121844, "f5": -0.3453522667024976, "f50": 1.1250751845707212, "f51": 0.38838035898580414, "f52": 1.1885787913443604, "f53": 2.569929951449164, "f54": -1.3108672987977297, "f55": 0.18411843109825687, "f6": 0.4976420061295672, "f7": -0.9213088159692716, "f8": 0.9022106552590607, "f9": 2.0367300882071047}, "datetime": {"datetime": "2023-02-03 17:34:03", "elapsed": 10325.185273, "delta": 33.092232}}
{"target": 0.12430201127545502, "params": {"f0": -2.4450895685120217, "f1": 1.9091715222322208, "f10": -0.35448862452976526, "f11": -2.508754834345705, "f12": 2.7860058570018427, "f13": -0.46774002886013083, "f14": 0.025497152408671675, "f15": -0.8685712805493078, "f16": -0.44862549533219287, "f17": -0.995546651492705, "f18": 0.17639663982805787, "f19": 0.738302436370119, "f2": 0.3858476342598961, "f20": -0.21099744888477623, "f21": -0.5712263176225694, "f22": -0.17393535904515844, "f23": -1.2150922251125322, "f24": -0.5227755891625572, "f25": -0.2871144727378131, "f26": -0.6043322402116331, "f27": 2.1155570221550337, "f28": -1.393439881477436, "f29": 0.2307263120141415, "f3": -1.5210567829820847, "f30": -0.26971984962777995, "f31": -0.5511504903284099, "f32": -0.5278899518078015, "f33": 0.06846802920195516, "f34": 1.0523745744413782, "f35": -1.3875046120004026, "f36": 1.9816019785752705, "f37": -0.7989741366877428, "f38": 0.3544295815064628, "f39": -1.0507146884061775, "f4": -1.1626363885697193, "f40": 0.8491098296993428, "f41": 0.24013221498301546, "f42": 1.4398736856829186, "f43": 0.18763395195701194, "f44": -0.5597742644939881, "f45": 0.625796531694482, "f46": -1.032489490294546, "f47": 0.1115530803796263, "f48": 1.5505540517445562, "f49": 0.3285475100499633, "f5": -0.11049980379919128, "f50": 1.2661782950566698, "f51": 0.2984651642481203, "f52": 2.890565922573035, "f53": 1.9574624321311354, "f54": -2.0982699445463644, "f55": -0.45391217664150135, "f6": 0.4405840142173203, "f7": -0.29412520531000697, "f8": 0.7418895294891897, "f9": 1.129365370270572}, "datetime": {"datetime": "2023-02-03 17:34:31", "elapsed": 10352.723977, "delta": 27.538704}}
{"target": 0.15656284995726993, "params": {"f0": -0.7859571571176356, "f1": 3.0026293246988947, "f10": 0.2066912265478037, "f11": -0.9594519950633438, "f12": 0.887801332576688, "f13": 0.07885420542867783, "f14": -0.08465013481472361, "f15": -0.5258072441712913, "f16": -0.984105370346075, "f17": -0.6801626321615415, "f18": -0.3835516017861322, "f19": 0.31984203998964156, "f2": -0.3348908285742974, "f20": 0.24297069129042292, "f21": -0.42217395973620175, "f22": -0.1708109059688916, "f23": -1.412322608737027, "f24": -0.7768331842600185, "f25": -0.37408458592003857, "f26": -0.2871742434821345, "f27": 1.6317151647363914, "f28": -0.41367535608347183, "f29": 0.14736131775698558, "f3": -1.1530950415259544, "f30": -0.7502474518356952, "f31": 0.0445409903148144, "f32": -0.6058803819758276, "f33": -0.32327195409630965, "f34": 1.253276346574668, "f35": -1.081074829222676, "f36": 0.5657259499176697, "f37": -2.2670584007555736, "f38": -0.07016542016145452, "f39": -0.9921433596695683, "f4": -0.6709156905603048, "f40": 0.7711040857693696, "f41": 0.3760495923106469, "f42": 0.8344411172103914, "f43": 0.30373150881558214, "f44": -0.4755207343720259, "f45": 0.4404470963178535, "f46": -0.30828378783982924, "f47": -0.23908914110812096, "f48": 0.5456001947883886, "f49": 0.2688618860428016, "f5": -0.22788136381521124, "f50": 0.42418809640170974, "f51": 0.2948772350231439, "f52": 1.232940433541346, "f53": 0.5012750727844203, "f54": -2.9224702559625655, "f55": 0.07674343081240398, "f6": -0.07521440103185528, "f7": -0.8487268692201421, "f8": 1.3178625164398534, "f9": 2.8069670457959486}, "datetime": {"datetime": "2023-02-03 17:35:18", "elapsed": 10399.729224, "delta": 47.005247}}
{"target": 0.0017421020635820952, "params": {"f0": -2.164607186384411, "f1": 0.5755232309737568, "f10": -0.09320412837049274, "f11": -2.396208713598165, "f12": 1.9188410563156708, "f13": -0.467043953792341, "f14": -0.2829659306956681, "f15": -0.3228046459008529, "f16": -0.6228853492379179, "f17": -0.04620153652444958, "f18": -0.13700302688393262, "f19": 0.7835675706574736, "f2": -0.24102822055049433, "f20": -0.484404460772525, "f21": -1.3328986519773234, "f22": -0.6724408784649426, "f23": -1.78518513238843, "f24": -0.5158730974471775, "f25": -1.0526789447826839, "f26": -0.7810464199285185, "f27": 1.797697142764075, "f28": -0.5547697153447702, "f29": -0.11330498027702773, "f3": -0.8598896347399436, "f30": -0.5358395122687872, "f31": -0.3642385263797888, "f32": -0.6393823241490977, "f33": 0.36325466646366256, "f34": 1.4818731380313788, "f35": -2.8467603467370513, "f36": 1.7559753635938997, "f37": -0.8633002039192119, "f38": 0.6310502136856975, "f39": -1.216723081360016, "f4": -0.5867770548067169, "f40": 0.401712026281323, "f41": 0.37867934903893546, "f42": 1.1132464621204379, "f43": 0.5008038564060731, "f44": -0.013609559966151874, "f45": 0.45727575412814325, "f46": -1.0095572353361209, "f47": -0.21981164056367164, "f48": 1.4827343656331164, "f49": 0.36745779357416875, "f5": -0.2876865098282742, "f50": 0.8021689257481349, "f51": 0.19891420915251123, "f52": 2.8300881842145236, "f53": 2.8315363922068926, "f54": -1.4530642589711775, "f55": -0.5454551016266658, "f6": 0.3671806961853094, "f7": -0.6272546652246543, "f8": 0.8432586768845636, "f9": 2.886777079206964}, "datetime": {"datetime": "2023-02-03 17:38:04", "elapsed": 10566.103186, "delta": 166.373962}}
{"target": 0.21802708838758209, "params": {"f0": -0.4787452968768138, "f1": 1.5185557165526369, "f10": 0.3890517131155158, "f11": -0.8153758311263051, "f12": 1.6232717848345461, "f13": -0.1926900974507353, "f14": -0.04780644551795171, "f15": -1.2938475910982805, "f16": -0.7707238068657414, "f17": -0.7821597190791744, "f18": -0.028742168279465075, "f19": 0.6955627678570818, "f2": -0.07097658100558046, "f20": -0.48685901635456313, "f21": -0.36256117064660187, "f22": 0.024709486603462283, "f23": -0.3761747274230438, "f24": -0.5090359423724227, "f25": -0.8837935397792014, "f26": -0.47760128532410717, "f27": 1.047539195990528, "f28": -1.1122754677485647, "f29": -0.1637570994440456, "f3": -0.9404581959857431, "f30": -0.8217280292105563, "f31": -0.26439770025276743, "f32": -1.6242169883957822, "f33": -0.37621260418164393, "f34": 0.9679092310753947, "f35": -0.4799646911911801, "f36": 1.266292753584103, "f37": -2.443872708704886, "f38": 0.4737888367612912, "f39": -0.8730777813766275, "f4": -0.8615469152489085, "f40": 0.34437673169502214, "f41": -0.007909315464374567, "f42": 1.2552093066595038, "f43": -0.2079331540392845, "f44": -0.29378124146702966, "f45": 1.3420566698029155, "f46": -1.0298014475070738, "f47": -0.6736625236483477, "f48": 0.9788567058631361, "f49": 0.02278958456115443, "f5": -0.4597376276246904, "f50": 1.3886555472173767, "f51": -0.3080525292219674, "f52": 2.6173233660444564, "f53": 0.9591435479978209, "f54": -0.5553902536837843, "f55": -0.5765652903883575, "f6": 0.7356228711211725, "f7": -0.3781006712499102, "f8": 0.8742671437814804, "f9": 1.5021042307078671}, "datetime": {"datetime": "2023-02-03 17:39:04", "elapsed": 10625.620739, "delta": 59.517553}}
{"target": 0.14417982960032902, "params": {"f0": -1.9091325188624195, "f1": 2.6155535676021575, "f10": 0.09945541442316141, "f11": -0.90200060615097, "f12": 1.646365785034344, "f13": 0.25712836575827835, "f14": 0.4596222052480239, "f15": -1.541419287806851, "f16": -0.7166312290915782, "f17": -0.09857913090547477, "f18": 0.17030468663277287, "f19": 0.5737958823420903, "f2": 0.07085761000836743, "f20": 0.3305123910776736, "f21": -1.0073518510158188, "f22": 0.062147363090645835, "f23": -0.9117229110554964, "f24": -0.8786911173580324, "f25": -0.8874233930464124, "f26": -0.8197336718759966, "f27": 0.944162941436747, "f28": -0.5978790076420628, "f29": 0.12140291801243852, "f3": -0.5186189507770598, "f30": -0.19725654692449557, "f31": -0.06430020088916544, "f32": -0.6181401430298163, "f33": 0.38603703697469893, "f34": 1.0454647071492724, "f35": -1.50020736129001, "f36": 1.8365580099087337, "f37": -1.4500143147994262, "f38": 0.29034090994585493, "f39": -0.38821498891428463, "f4": -0.3215511645159428, "f40": 0.08793652106874741, "f41": 0.03597617880589499, "f42": 0.563812880872488, "f43": 0.49375197094175055, "f44": -0.37940399109308465, "f45": 1.3078813778908984, "f46": -0.5976667077962338, "f47": -0.27295598552192035, "f48": 1.5988537995685053, "f49": -0.45565660567611865, "f5": 0.0651424004003407, "f50": 0.9641978932169866, "f51": -0.24672770940032634, "f52": 0.8957035327438025, "f53": 1.2816717941109652, "f54": -3.004634472085854, "f55": -0.1718149938840361, "f6": 0.536877295830491, "f7": -0.568062700095157, "f8": 0.976050994418007, "f9": 1.8309614555974285}, "datetime": {"datetime": "2023-02-03 17:40:12", "elapsed": 10693.917119, "delta": 68.29638}}
