{"target": 0.2573587476094605, "params": {"f0": -2.8568600992509188, "f1": 2.095693743599207, "f10": -0.11040052367416936, "f11": -1.240767537115651, "f12": 0.2402444848082595, "f13": -0.5672162533664684, "f14": 0.7268694439375436, "f15": -1.7348096816884755, "f16": -0.35578166998294636, "f17": -1.2322594185769615, "f18": 0.06211215069972653, "f19": 1.2947122980310148, "f2": 0.37725623661401664, "f20": -0.40997713132956365, "f21": -0.5561806473913999, "f22": -0.29008327943393064, "f23": -0.38297958337594684, "f24": -0.36110618310556286, "f25": -1.1757390796755607, "f26": -0.7769003177930753, "f27": 0.2894743194533285, "f28": -0.6492670584864526, "f29": 0.0443400208849376, "f3": -0.30458364420267214, "f30": -0.15097092290110303, "f31": -0.28709400677635744, "f32": -2.3830192095131686, "f33": -0.3533821702613038, "f34": 0.9575738137688333, "f35": -2.601741865417416, "f36": 0.25782676289273004, "f37": -0.4236844226404539, "f38": 0.47387333525899394, "f39": -0.5064118547028205, "f4": -0.36359743383084564, "f40": 0.20683648131667043, "f41": -0.44933820873282987, "f42": 1.0800782438167364, "f43": 0.05285424390190502, "f44": 0.1147239153246189, "f45": 0.8506160037096826, "f46": -1.3316969237121083, "f47": -0.5854572904807601, "f48": 1.995559815354006, "f49": -0.17609258145962947, "f5": -0.3018702524921865, "f50": 1.458722155656842, "f51": -0.6715483803540662, "f52": 0.25522069846456263, "f53": 1.8555509204338205, "f54": -2.296079890031005, "f55": -0.5696213530035542, "f6": -0.10554169616024167, "f7": -0.7502538638049335, "f8": 1.0913686598007277, "f9": 1.3502788264053494}, "datetime": {"datetime": "2023-02-03 15:57:39", "elapsed": 4540.998395, "delta": 51.756942}}
{"target": 0.7734663709215022, "params": {"f0": -0.8459992356115258, "f1": 1.7401474913979487, "f10": 0.2768256418776912, "f11": -1.0398286962845282, "f12": 2.879422668761902, "f13": -0.641756253596388, "f14": -0.07405329804584371, "f15": -0.6999621485977192, "f16": -0.1894100824558007, "f17": -0.5040083730419038, "f18": 0.29775827172196057, "f19": 1.217722957148397, "f2": -0.19577885058085537, "f20": -0.0501410612019646, "f21": -2.1568688488661207, "f22": -0.13387055223429423, "f23": -2.013201215171062, "f24": -1.3809674797924898, "f25": -1.133581353602043, "f26": -0.627077753768964, "f27": 1.0724217406338479, "f28": -0.8583825851680281, "f29": 0.020958710120174806, "f3": -0.9115001381717683, "f30": -0.3488062074246121, "f31": 0.30540468853165026, "f32": -2.6210441604346086, "f33": -0.47473186138391604, "f34": 0.3784586578060923, "f35": -0.5433226841434795, "f36": 2.2188501630678203, "f37": -1.8043497962538173, "f38": 0.7369917165378777, "f39": -1.218537217954287, "f4": -1.1556216058728672, "f40": 0.9158807377992304, "f41": -0.31956779618617764, "f42": 1.3765226925686698, "f43": 0.41115558842162997, "f44": -0.9254186597947247, "f45": 0.3960650118399384, "f46": -0.1393461433187655, "f47": -0.8589069276852904, "f48": 1.1016459959980658, "f49": 0.37308330603397444, "f5": 0.025666516095094405, "f50": 0.7618769340127791, "f51": 0.19542282482276674, "f52": 0.8978158911775013, "f53": 1.4424348879911255, "f54": -1.9226847367343893, "f55": 0.3687659808564402, "f6": -0.09272636979555962, "f7": -1.125597906463145, "f8": 2.3363233672930965, "f9": 2.2281365166260128}, "datetime": {"datetime": "2023-02-03 15:57:40", "elapsed": 4542.270378, "delta": 1.271983}}
{"target": 0.3487449403413753, "params": {"f0": -2.228753783018525, "f1": 2.6661767720809983, "f10": -0.5799799611902998, "f11": -2.4724971096353645, "f12": 2.5422515540404365, "f13": -0.17872912381111905, "f14": 0.08845024136685087, "f15": -1.6300808760255712, "f16": -0.8998758758644407, "f17": -0.01660310690153244, "f18": -0.01971395590884384, "f19": 0.8604353435902616, "f2": 0.5439096888402781, "f20": 0.15842115489447361, "f21": -1.4703901673534965, "f22": -1.062696705020093, "f23": -0.3616967120283028, "f24": -0.4635124525235337, "f25": -1.1526668112553655, "f26": -1.7995168833023851, "f27": 0.3483194002554161, "f28": 0.05274722952458166, "f29": 0.6008593519401416, "f3": -0.06341222020620085, "f30": 0.2663120982982543, "f31": -0.2783754229724381, "f32": -2.692146765483109, "f33": -0.3105048605738225, "f34": 1.8462536738215305, "f35": -0.2667993057998679, "f36": 0.7135853924574811, "f37": -1.5588488811594818, "f38": 0.5666254884669404, "f39": -1.4597235628064573, "f4": -0.673550435877705, "f40": -0.08672223680561159, "f41": 0.698776174806896, "f42": 0.6112766036615411, "f43": -0.14586040851049897, "f44": -0.507256500367238, "f45": 1.5694710967769503, "f46": -0.6494520495445333, "f47": -0.7063427628781245, "f48": 1.0350872374117999, "f49": 0.4973564108791855, "f5": -0.6154717416991837, "f50": 0.32328011242740406, "f51": 0.06773742997613241, "f52": 2.3331480130639553, "f53": 1.9354989661544522, "f54": -0.6443525607611638, "f55": 0.06870075768104611, "f6": 0.6435260109094361, "f7": -1.1394482536399968, "f8": 0.1297977205069671, "f9": 1.4275202367288577}, "datetime": {"datetime": "2023-02-03 15:58:29", "elapsed": 4590.964719, "delta": 48.694341}}
{"target": 0.26322149711123455, "params": {"f0": -2.279523879421649, "f1": 2.186654150490796, "f10": 0.08278749200288782, "f11": -1.7839340567567037, "f12": 2.347184186382964, "f13": -0.23532987691650487, "f14": 0.05619780250815953, "f15": -0.294619707375509, "f16": -0.5551132293139629, "f17": -1.1207322621175664, "f18": -0.44425956592926985, "f19": 0.2320298686586062, "f2": -0.6286185819032628, "f20": 0.6279323725391965, "f21": -0.23602387155392002, "f22": 0.050480270763120894, "f23": -1.6193512563632437, "f24": -1.3452406041689537, "f25": -0.8162453668944821, "f26": -2.0118715241669887, "f27": 0.9197356185323324, "f28": -0.8078017770384269, "f29": -0.0670259506924078, "f3": -1.1363247163124055, "f30": 0.3247421776161099, "f31": -0.30721570374879503, "f32": -1.9912810910250163, "f33": -0.23474254804868472, "f34": 0.494783987987867, "f35": -2.8858279723798916, "f36": 1.1391746831652771, "f37": -2.281094716861053, "f38": 0.11663598536424535, "f39": -1.5045034265152908, "f4": -1.3175590796722432, "f40": 0.29622454170108553, "f41": 0.35881861621515976, "f42": 0.7228262462947945, "f43": 0.6726313702067417, "f44": -0.6699338070141494, "f45": 0.4296875817915481, "f46": -0.7904627361304649, "f47": -0.6870778235584936, "f48": 2.232410822328926, "f49": -0.5131687253867931, "f5": -0.49681362670640744, "f50": 0.14478131787763254, "f51": -0.41546759994135823, "f52": 2.5083455525546046, "f53": 1.9300026502308665, "f54": -2.8410721079589023, "f55": -0.31310066588199525, "f6": 0.3038632991716726, "f7": -1.1894593053125837, "f8": 2.02584777973646, "f9": 2.8934135249898474}, "datetime": {"datetime": "2023-02-03 15:59:04", "elapsed": 4625.760338, "delta": 34.795619}}
{"target": 0.1627114323968979, "params": {"f0": -2.8021849910051113, "f1": 0.8037495882863204, "f10": 0.2251584227361012, "f11": -2.2701612989992674, "f12": 0.4320826685909231, "f13": -0.34132799434309025, "f14": 0.6457465144150438, "f15": -2.0339503570166086, "f16": -0.46806546219700673, "f17": -0.7307537342001206, "f18": 0.465677290952318, "f19": 0.6332158617805751, "f2": -0.3643158952776783, "f20": -0.4918166250123047, "f21": -1.0609168763593841, "f22": -0.6511790093178598, "f23": -1.4340726326542392, "f24": -1.1884105799659304, "f25": -0.2533640084458433, "f26": -1.4622148130687793, "f27": 2.125153900859497, "f28": -1.0265031344261022, "f29": 0.23484946883604463, "f3": -0.7205410120570139, "f30": 0.3594522068311068, "f31": -0.1497878618195425, "f32": -1.5288862028327084, "f33": -0.44204751802484554, "f34": 0.9792898668482061, "f35": -1.2596701040922234, "f36": 2.078912735142684, "f37": -1.1313558059669642, "f38": 0.10588381938240232, "f39": 0.025752326747720877, "f4": -0.33862809806168404, "f40": 0.8123173404533357, "f41": -0.1956507947139406, "f42": -0.007500325921518516, "f43": 0.602169726210172, "f44": -0.4812886499762973, "f45": 1.5132801374655487, "f46": -1.663609474918238, "f47": -0.12274117642853377, "f48": 2.4487227265459444, "f49": 0.049275434273952645, "f5": 0.338381426781988, "f50": 1.3000738989982044, "f51": -0.4937878702806421, "f52": 1.7310853549018619, "f53": 1.346180307017891, "f54": -2.487887534622363, "f55": -0.14358839818846925, "f6": 0.12645123817882647, "f7": -0.5722222054682238, "f8": 0.8855869472438838, "f9": 2.5897400197804017}, "datetime": {"datetime": "2023-02-03 15:59:23", "elapsed": 4644.685493, "delta": 18.925155}}
{"target": 0.29485020785581195, "params": {"f0": -2.3730187071638267, "f1": 2.5068192775021774, "f10": 0.05270219995928216, "f11": -2.024576352794994, "f12": 1.7231687273341005, "f13": 0.34311743553087604, "f14": 0.4789729817187047, "f15": -0.9294055874321048, "f16": -0.9002458262041821, "f17": -0.5639288391885956, "f18": -0.294220139244994, "f19": 1.3801515179889756, "f2": 0.5126518515931602, "f20": -0.5368830438532454, "f21": -2.2258372381858864, "f22": -0.31004281063680683, "f23": -1.994372588462679, "f24": -1.1898517408557325, "f25": -0.8306905006756526, "f26": -0.7284554747084, "f27": 2.5153854350837737, "f28": -1.7816828827016604, "f29": -0.44269109724072436, "f3": -0.6298887612522808, "f30": -0.6495024275454154, "f31": 0.41134995606326086, "f32": -2.604478057073378, "f33": -0.666354146420711, "f34": 0.2583532088936248, "f35": -0.2566428574712427, "f36": 2.1072171006363805, "f37": -1.803393269618486, "f38": 0.3595939337682096, "f39": -1.5356274802990142, "f4": -0.24282501312103122, "f40": 0.7112716897796247, "f41": 0.14922807467504295, "f42": 1.7541623113868072, "f43": 0.7192004721231318, "f44": -0.744781868328031, "f45": 1.5018187498025106, "f46": -0.1670208096955692, "f47": 0.12096852270551461, "f48": 0.4836598843295811, "f49": 0.06698370603812887, "f5": -0.09462209196150129, "f50": 1.1658292105135233, "f51": -0.357264941978857, "f52": 0.23993944344188822, "f53": 2.337777766909836, "f54": -1.1452853415437156, "f55": 0.07661019191392493, "f6": -0.18909551840706446, "f7": -1.137267128340365, "f8": 2.158670833851425, "f9": 1.0322347741263371}, "datetime": {"datetime": "2023-02-03 16:00:06", "elapsed": 4687.70723, "delta": 43.021737}}
{"target": 0.0903366899874057, "params": {"f0": -1.2729350928076206, "f1": 2.9460006704803057, "f10": 0.3088309550231747, "f11": -2.2111331721361944, "f12": 2.754811337922813, "f13": 0.28244426714607973, "f14": -0.45575542094195887, "f15": -1.054214430962407, "f16": -0.2701883274557597, "f17": -0.7232888308656158, "f18": -0.4365965536116494, "f19": 0.41057304892932167, "f2": -0.2272788826784361, "f20": 0.13815394791110647, "f21": -0.9133517219970804, "f22": -0.9576649780426596, "f23": -1.0068317447656883, "f24": -2.1203298547249188, "f25": -0.7469932011402939, "f26": -0.4948340614361897, "f27": 1.4128456953221065, "f28": -1.071652426107144, "f29": 0.3840356326573676, "f3": -0.6669962109369565, "f30": -0.271445773799754, "f31": 0.3014951517149175, "f32": -1.007491414848411, "f33": 0.6226381714947578, "f34": 0.36478329837797485, "f35": -1.9289803011926079, "f36": 0.659661993543539, "f37": -2.3630167806752524, "f38": -0.2642565204607694, "f39": -0.5770464707890037, "f4": -0.9874835299806477, "f40": 0.4782226795636664, "f41": 0.8040901380630038, "f42": 1.8985635446855613, "f43": 0.23293407950856093, "f44": 0.07399767983283723, "f45": 1.6418045791240876, "f46": -0.6932894584563696, "f47": 0.18291049950796268, "f48": 1.8061240474784932, "f49": -0.23955741031528083, "f5": 0.06877209583229882, "f50": 1.0936011561945442, "f51": 0.11718492450953288, "f52": 2.023719791151405, "f53": 1.6612051166659745, "f54": -2.914644359821099, "f55": -0.23352748466073758, "f6": 0.02268739070340331, "f7": -0.5886327661966835, "f8": 0.5547005579504435, "f9": 2.418912429779842}, "datetime": {"datetime": "2023-02-03 16:00:49", "elapsed": 4731.104791, "delta": 43.397561}}
{"target": 0.18360437891989811, "params": {"f0": -2.4283487654754197, "f1": 0.8376816921551173, "f10": 0.4590945797966768, "f11": -0.6992363875669731, "f12": 0.8276286595520175, "f13": -0.2167380308315512, "f14": 0.22962706196066984, "f15": -1.1064946973663532, "f16": 0.11444631116245163, "f17": -1.2366386843468673, "f18": -0.333025246890404, "f19": 0.5301224022824425, "f2": -0.5125213013061903, "f20": -0.0952737989757122, "f21": -1.9760420564775494, "f22": -0.9183373093805122, "f23": -1.4249974630436109, "f24": -1.4945965283527656, "f25": -0.006732640656656574, "f26": -0.08725830017613911, "f27": 0.5158496584422884, "f28": -0.11282417731874372, "f29": -0.5695297444126345, "f3": -1.596310393396955, "f30": -1.0666411672036333, "f31": 0.09672185810194667, "f32": -0.13655944589714952, "f33": 0.12229009806097701, "f34": 0.6154449876734364, "f35": -1.1996275319695089, "f36": 0.3385308439245581, "f37": -2.8457853329076483, "f38": 0.2783261154539366, "f39": -1.5231732612580948, "f4": -0.9887159600593423, "f40": 0.7266284879084732, "f41": 0.18357411704668086, "f42": 0.3690480863205111, "f43": 0.05323881355727128, "f44": -1.068634101644102, "f45": 0.6442388917521382, "f46": -0.47595931521058055, "f47": -0.2069033053360012, "f48": 0.5466372769801637, "f49": -0.24243291414968132, "f5": 0.4644892102782556, "f50": 1.4008947809685113, "f51": 0.5736712819555669, "f52": 1.1900047442221613, "f53": 2.3850408289019227, "f54": -2.0791557342733125, "f55": 0.18363127673236157, "f6": -0.1765269085186989, "f7": -0.19063779745855403, "f8": 1.0492830206660915, "f9": 1.601761302638363}, "datetime": {"datetime": "2023-02-03 16:01:44", "elapsed": 4786.328246, "delta": 55.223455}}
{"target": 0.10201091316007478, "params": {"f0": -0.7849164084513691, "f1": 2.441722926194841, "f10": 0.480940369383001, "f11": -2.085518840807232, "f12": 0.9752742561715915, "f13": -0.6153195051006365, "f14": -0.21857980476054384, "f15": -1.299092110583444, "f16": -0.8051353380932046, "f17": -0.41969225255161346, "f18": -0.17069219824774018, "f19": 1.2057617377337568, "f2": -0.12136810702019385, "f20": 0.5865447235624388, "f21": -1.9557287835066794, "f22": -0.4531407694962897, "f23": -0.5726710892498406, "f24": -0.8844089430782727, "f25": -0.09093788903038957, "f26": -1.5006367221821018, "f27": 1.579800412731926, "f28": -0.622336498013158, "f29": 0.0013171016735763486, "f3": -1.0381909286394613, "f30": 0.07934541996750766, "f31": -0.13327049839590277, "f32": -0.6229643880651694, "f33": -0.4921574069412674, "f34": 1.1416743891976973, "f35": -1.8844792533317762, "f36": 0.07663053148610796, "f37": -0.8073140879874736, "f38": -0.14259545422698566, "f39": -1.4806810580875565, "f4": 0.012318819070981313, "f40": 0.891660549615543, "f41": 0.5903707475178299, "f42": 0.565488133871169, "f43": -0.22236664834061562, "f44": -0.08257420579053276, "f45": 0.7491936960310526, "f46": -0.33105994841403663, "f47": -0.8869592047108233, "f48": 0.3350096372901124, "f49": -0.47821418841197727, "f5": 0.14762899176503685, "f50": 1.2859041786625878, "f51": 0.4911458321714388, "f52": 0.35865874949727683, "f53": 0.1304003219937011, "f54": -1.0005651103420745, "f55": -0.46540087814494135, "f6": 0.018917292363319294, "f7": -0.07145117441201654, "f8": 0.29689524304344667, "f9": 2.4896076361041084}, "datetime": {"datetime": "2023-02-03 16:02:34", "elapsed": 4835.863704, "delta": 49.535458}}
{"target": 0.4287426505832417, "params": {"f0": -0.659809622075739, "f1": 0.5740580417456398, "f10": -0.3985120875010296, "f11": -2.4446065297553954, "f12": 0.9094404393013151, "f13": 0.16749976612450346, "f14": 0.10650449725603983, "f15": -1.7075041413271952, "f16": -1.0640359637513668, "f17": -0.3426664126750749, "f18": -0.03257324261623595, "f19": 0.43869290787596416, "f2": -0.4257420311533714, "f20": -0.46145119614820096, "f21": -0.956956665816604, "f22": -0.4909195114018503, "f23": -1.007743522715518, "f24": -0.6466477483322597, "f25": -0.597385977135828, "f26": -0.6738904886691988, "f27": 0.72532599019256, "f28": -0.9424976984440657, "f29": -0.1389729992082137, "f3": -1.419984290862272, "f30": -0.930485734913112, "f31": -0.17402686965304826, "f32": -0.44938887517077086, "f33": -0.03014926748410618, "f34": 1.0122230587096857, "f35": -0.14703817111643902, "f36": 0.4815620811840231, "f37": -1.2866667063236406, "f38": 0.04322402493477129, "f39": -0.8853646882992727, "f4": -0.9795745788859656, "f40": -0.19985106168584907, "f41": 0.1062328646391823, "f42": 1.7617119066591376, "f43": -0.2048592476976489, "f44": -0.518533854156392, "f45": 0.9861194356778882, "f46": -0.14229978482233396, "f47": -0.6088840430992901, "f48": 1.0572687842091109, "f49": 0.1838162549396496, "f5": -0.5800719295835006, "f50": 1.4231397732923925, "f51": -0.6795402994748301, "f52": 0.40542534643222095, "f53": 2.1442881701707637, "f54": -1.3936439847973232, "f55": -0.714266345002779, "f6": -0.1863660276938852, "f7": -0.5890667220934303, "f8": 1.2292842083137823, "f9": 2.0125259569068357}, "datetime": {"datetime": "2023-02-03 16:03:21", "elapsed": 4883.042652, "delta": 47.178948}}
{"target": 0.3421109368540984, "params": {"f0": -1.1399255249224804, "f1": 1.1676397989359368, "f10": 0.3737433635616306, "f11": -0.9264288999759085, "f12": 2.426708523947228, "f13": -0.08339721767025554, "f14": -0.2862719095239449, "f15": -1.8401987035259584, "f16": -0.15047389188954274, "f17": -1.1647609231831049, "f18": -0.6780592738402205, "f19": 1.3517241424986461, "f2": -0.46627418339984816, "f20": -0.03413172344394644, "f21": -1.6787424093550838, "f22": -0.7780214987424222, "f23": -0.5725025660986705, "f24": -0.3332641103041909, "f25": -0.6140796514683357, "f26": -0.0664336866137154, "f27": 2.2420524403228574, "f28": -1.1747118247523165, "f29": 0.4091093810304375, "f3": -0.6489776852076399, "f30": -0.5106401264277047, "f31": -0.44093921985089535, "f32": -2.8716963626245025, "f33": 0.3121559608626645, "f34": 1.7478124883461008, "f35": -1.0740927276457761, "f36": 0.23949804604016475, "f37": -1.02089135066175, "f38": 0.5864865396933467, "f39": -0.7339641331503598, "f4": -0.8596006187716594, "f40": 0.8510371793586291, "f41": -0.15427799135720588, "f42": 0.5833918553824065, "f43": 0.7805273492098699, "f44": 0.2282334258443106, "f45": 0.3073272584669645, "f46": 0.05885802256284167, "f47": -0.7232242276948074, "f48": 0.20288837369068277, "f49": -0.19426179576457725, "f5": 0.34305908771334326, "f50": 0.8243817483667687, "f51": -0.66966210602391, "f52": 0.2687858368075658, "f53": 2.047320183732867, "f54": -0.36716137468137333, "f55": -0.45139244186080096, "f6": 0.08091396105551069, "f7": -1.4534108992226855, "f8": 0.6363545212396066, "f9": 1.9063132321738654}, "datetime": {"datetime": "2023-02-03 16:04:06", "elapsed": 4927.703474, "delta": 44.660822}}
{"target": 0.21265555824185087, "params": {"f0": -2.6989578760470576, "f1": 1.748148377232662, "f10": -0.49247390458146695, "f11": -1.2291285155849296, "f12": 0.4268836074536144, "f13": 0.4259389798419929, "f14": 0.6607061814935478, "f15": -1.7609039382290843, "f16": -0.09495993470870112, "f17": -1.268935594315007, "f18": -0.5020492880327467, "f19": 0.9829350859990476, "f2": -0.5645165387357399, "f20": -0.6666533514793207, "f21": -1.6850345862585387, "f22": -0.17616653215183464, "f23": -0.07526674625998364, "f24": -1.1523776739002933, "f25": -0.7226449317387135, "f26": -0.4895674817970974, "f27": 1.5596153488978883, "f28": -0.7063441291257286, "f29": -0.02673801040907342, "f3": -1.2959046239941578, "f30": -0.9853798773912468, "f31": -0.6216329843879795, "f32": -1.3010720654376884, "f33": -0.0587212382177551, "f34": 1.755843849736823, "f35": -2.851609780830384, "f36": 0.8259859831436179, "f37": -0.36252861639866163, "f38": -0.14224598186628862, "f39": -0.36274176102324573, "f4": -1.1147317302133595, "f40": -0.15152499391959282, "f41": 0.34621285298590526, "f42": 1.134563556011824, "f43": -0.00973159740256524, "f44": -0.007991147481802185, "f45": 0.36999604845904877, "f46": -1.6164409009828644, "f47": -0.5285162164781539, "f48": 1.941570948503078, "f49": 0.14175036514247208, "f5": -0.10249488848850796, "f50": 0.36018964595211683, "f51": -0.4911457182467429, "f52": 1.8879045868358442, "f53": 0.6033675387247803, "f54": -2.1848295610146393, "f55": 0.006668554562209605, "f6": -0.30667941912855323, "f7": -1.0895306217080056, "f8": 0.7767036406911489, "f9": 0.3993261645589605}, "datetime": {"datetime": "2023-02-03 16:04:18", "elapsed": 4940.067771, "delta": 12.364297}}
{"target": 0.37965282094740366, "params": {"f0": -2.928151150860446, "f1": 2.1425979100081016, "f10": 0.5097370962691985, "f11": -2.9933174967467826, "f12": 0.9299357421428787, "f13": -0.609046884029895, "f14": -0.23781719264327156, "f15": -0.44736816740057117, "f16": -0.00021779116826570188, "f17": 0.0014851806055313777, "f18": 0.34943813222897246, "f19": 0.24098852391948547, "f2": -0.014516433407639973, "f20": 0.4895820936557753, "f21": -1.9732744942106506, "f22": -0.19450429795715163, "f23": -1.7045152287866576, "f24": -2.0104251128485235, "f25": -0.6643424229609307, "f26": -1.0967038538709941, "f27": 1.5573053963070913, "f28": -0.19245961698579084, "f29": 0.17130924108067924, "f3": -1.5293186264729892, "f30": -0.05722635337301751, "f31": -0.00017833816402523794, "f32": -2.558096367378881, "f33": 0.25565573370750116, "f34": 1.7555720113129283, "f35": -1.4535188473937315, "f36": 0.10103411023838989, "f37": -0.7259432018309524, "f38": 0.27791147569708713, "f39": 0.030993704971737035, "f4": -0.060149813109861006, "f40": -0.030927164695609077, "f41": -0.1961676849919508, "f42": 0.8785836472244268, "f43": -0.18562362247905112, "f44": -0.9478942263315157, "f45": 0.055316203468202284, "f46": -0.7413737739765798, "f47": -0.1558027845633847, "f48": 2.0793075306973123, "f49": -0.4456097313781634, "f5": -0.5562371654992245, "f50": 0.9094733282289081, "f51": 0.384392475912849, "f52": 0.612940074556201, "f53": 0.7981780655385797, "f54": -1.183767219674918, "f55": -0.3616594772294295, "f6": 0.3061416768428921, "f7": -0.1095079524702336, "f8": 2.298718097781259, "f9": 1.8327213618185632}, "datetime": {"datetime": "2023-02-03 16:04:50", "elapsed": 4971.764544, "delta": 31.696773}}
