{"target": 0.05931210782358704, "params": {"f0": -0.3716031282209662, "f1": 0.04592522010370226, "f10": -0.12347927035411832, "f11": -0.7524147563911123, "f12": 1.953412482079913, "f13": -2.6900442183008786, "f14": 1.6335832832579555, "f15": 0.7459123173888309, "f16": 0.4210593225841692, "f17": 0.1734165641809069, "f18": -1.2060607341078977, "f19": 0.38064945030188657, "f2": -0.5344982774617364, "f20": 2.264587989363227, "f21": -0.9015532639648954, "f22": 1.0273128082555298, "f23": 2.395227515039859, "f24": 0.4223960128581591, "f25": -1.061477797749802, "f26": -0.14331608489863523, "f27": 0.287095041351078, "f28": -2.266490490457598, "f29": -0.9073492374709005, "f3": 1.0340979297231647, "f30": -0.36045976897790516, "f31": -0.9658592260065111, "f32": 1.492836334598986, "f33": -1.65606565795959, "f34": 0.8494804653353606, "f35": -2.0408524674037203, "f36": -1.0681830535339745, "f37": -2.696755186197378, "f38": -1.3067952944228074, "f39": -2.9473885166603995, "f4": 0.911503091536958, "f40": 0.31403702752598583, "f41": 0.42602293570682304, "f42": 1.5628883665342697, "f43": -0.09743920948086071, "f44": -1.13027107256891, "f45": -0.6285583018413464, "f46": 2.831866412308564, "f47": 0.4011297088538648, "f48": -1.129215832563086, "f49": 0.7870234503106208, "f5": 0.6085124152399383, "f50": -2.666712712297758, "f51": 1.7706653703210038, "f52": -0.38662752434141834, "f53": 1.0582436443771601, "f54": -0.9956637597284432, "f55": -1.0632208473460312, "f6": 0.6201419609742105, "f7": 0.6817715762743575, "f8": 0.9796369082484837, "f9": 0.164113270796874}, "datetime": {"datetime": "2023-02-03 15:08:09", "elapsed": 1571.043579, "delta": 52.458922}}
{"target": 0.17688794164513816, "params": {"f0": 0.5590851732468618, "f1": -0.21267491672875638, "f10": -0.5796568916560769, "f11": 0.6475736192913297, "f12": 1.5386318618578088, "f13": -2.399349774122677, "f14": 1.987285824490078, "f15": -0.9815905072289735, "f16": -0.32955935754213606, "f17": -1.3324836958462254, "f18": -0.6475663103074125, "f19": -0.5072394118254946, "f2": -2.2180440603920344, "f20": -0.6048478048212255, "f21": 0.9537889617232087, "f22": 0.8654774927268157, "f23": 0.42443575680850054, "f24": 0.3237760430801365, "f25": -2.209867317402093, "f26": -1.5633980440648867, "f27": -1.6879058292939364, "f28": -0.04225900426004614, "f29": 0.07472450770898531, "f3": 0.6226285342372683, "f30": 1.3454086033604211, "f31": -1.287803664191289, "f32": 2.8926195243849793, "f33": -0.9192973169078726, "f34": 2.2396667562804793, "f35": -0.19036402408783504, "f36": 0.46124238368399295, "f37": -0.6516628189857117, "f38": -0.20394134078974613, "f39": -2.209600960228968, "f4": -0.9010844345413054, "f40": -0.48987478430898523, "f41": 0.6836102468561989, "f42": 1.4813128774439628, "f43": -2.9727906670654787, "f44": -0.2976590299865811, "f45": -0.386400579934458, "f46": -0.7090496362312578, "f47": -0.1607803927253184, "f48": -0.17228828167767096, "f49": -0.6029298453571033, "f5": 0.34617455589955115, "f50": 0.175491632214559, "f51": 0.06937827032500787, "f52": 1.476158533792146, "f53": 1.0578146838982496, "f54": -2.5097933450550007, "f55": 0.8128691174340588, "f6": 0.7936557871954333, "f7": -0.2698086436141246, "f8": 1.0693190765407758, "f9": 0.888802978641811}, "datetime": {"datetime": "2023-02-03 15:09:07", "elapsed": 1629.336411, "delta": 58.292832}}
{"target": 0.4711792553686646, "params": {"f0": -2.286868074946498, "f1": 2.24494748126751, "f10": 0.7175149833285999, "f11": -1.32704663678695, "f12": 0.9530037380228756, "f13": 0.39390415930737976, "f14": 0.9409624843664205, "f15": 0.6108141236792766, "f16": -0.16096721289021287, "f17": 0.02068171747384051, "f18": -0.9624038560468695, "f19": -0.37651519657108395, "f2": -0.08370342413183218, "f20": -0.23237366991909114, "f21": -0.6033908233672303, "f22": 1.1984232538471455, "f23": 1.5385891717594724, "f24": -0.25814097507526523, "f25": 0.1312782090440603, "f26": 0.09492298116195474, "f27": 0.25441879141515233, "f28": -2.305288253886366, "f29": -2.274481841220945, "f3": 0.7001902850824472, "f30": 0.32598682278081725, "f31": 0.47040932913322253, "f32": 0.5179693455125837, "f33": -1.6069641821367098, "f34": 0.4463093993502817, "f35": -2.6670436702557927, "f36": 0.32523177331134945, "f37": -2.2179974546157233, "f38": -1.2455030606027913, "f39": 0.43445305417438007, "f4": -0.724949599336233, "f40": -0.4934048803308123, "f41": 0.31167369854595917, "f42": 2.94045431084015, "f43": 0.06945065754271784, "f44": -0.38865505197261774, "f45": -0.4415613529441087, "f46": 1.7070164759093425, "f47": 1.216400046086373, "f48": -0.00994517638338177, "f49": -1.5137732867249727, "f5": 2.206633100142714, "f50": 0.6790740771542394, "f51": 0.8394835508229482, "f52": 1.5363960438065134, "f53": 2.550988528410207, "f54": -1.6241503081622348, "f55": -0.042331536591267316, "f6": -1.3238096683066223, "f7": -0.7602524990051548, "f8": 0.9493180342845957, "f9": 0.28981519173783177}, "datetime": {"datetime": "2023-02-03 15:11:24", "elapsed": 1766.003532, "delta": 136.667121}}
{"target": 0.4505871696973115, "params": {"f0": -1.9965715483415132, "f1": 2.523946500287464, "f10": 1.4124350588288412, "f11": -1.8700927919154362, "f12": 0.5887614196248272, "f13": 0.8452641031301558, "f14": -0.5213107747234266, "f15": 1.2886866108118737, "f16": -0.6558465231450084, "f17": -1.0920995126312834, "f18": -0.37082751089142274, "f19": 0.8037885780990213, "f2": -0.8075276992680787, "f20": -0.24105070111014038, "f21": 0.6188239525674915, "f22": 1.9884111770207342, "f23": -0.49927848516097606, "f24": 0.9343368490178725, "f25": 0.5367527265298331, "f26": -0.19336427451492744, "f27": 1.343610908979274, "f28": -0.7698511383193707, "f29": -2.5532314788959836, "f3": 1.4401436569655957, "f30": 0.0877138460538931, "f31": -0.6708468530741535, "f32": 1.4903637145942181, "f33": -2.09632250211891, "f34": -0.6719217537517399, "f35": -2.4751154145771186, "f36": 1.1381286555466867, "f37": 0.5409413457822043, "f38": 0.44437953136146247, "f39": 1.6104127370936565, "f4": -2.2116384953476844, "f40": -1.1316874811861644, "f41": -0.7696287493110521, "f42": 3.0366015890853597, "f43": -0.45037975874086733, "f44": -0.8293195042044004, "f45": -1.705669191723642, "f46": -0.25157592162385223, "f47": 0.4194329993767615, "f48": 0.47952807183139834, "f49": 0.1625163971854886, "f5": 2.0189686920120855, "f50": -0.14416405408816224, "f51": 0.07563966993064242, "f52": 0.386793284966236, "f53": 0.19374787233663526, "f54": -2.0381768285914275, "f55": -0.5924922620845345, "f6": -0.9996966068437985, "f7": 0.2734869513901925, "f8": 1.2660863363952628, "f9": -0.07938655278109497}, "datetime": {"datetime": "2023-02-03 15:11:53", "elapsed": 1795.337931, "delta": 29.334399}}
{"target": 0.1394021363796284, "params": {"f0": 0.25814618505435405, "f1": 0.09397030659883288, "f10": -0.49149732381017, "f11": 0.097147136634399, "f12": -0.1081250784722596, "f13": 1.2612093178034811, "f14": 2.002267548131705, "f15": 1.562305545374778, "f16": 0.9730592350948823, "f17": -0.08078171584265381, "f18": -1.941994606756332, "f19": -0.3409549625310615, "f2": 0.15731046076844946, "f20": 0.8988347477950107, "f21": -1.8151491610324033, "f22": 1.2371773717789742, "f23": 2.18267136198592, "f24": -0.7627671744505913, "f25": -0.08323136525980468, "f26": -0.8455823161223003, "f27": -0.8527981895535275, "f28": -1.6975489993636348, "f29": -1.8273599549632535, "f3": -0.4493392002296778, "f30": 1.4605731741743462, "f31": 1.621820317492297, "f32": -0.7161346947490039, "f33": -1.4028661114807228, "f34": 1.6447234393971923, "f35": -0.5906646738150543, "f36": 1.2200501743212224, "f37": -0.7599616213896838, "f38": -2.157563366098779, "f39": 0.002797181693322548, "f4": -0.4369408265421786, "f40": -0.020070883203887835, "f41": -0.0239043176174496, "f42": 2.3187119364345348, "f43": 0.5232499970855271, "f44": 0.358025823974363, "f45": -1.4182419505615165, "f46": 2.798616891136035, "f47": 1.061160949962073, "f48": -0.6979831873197007, "f49": 0.00890900839922848, "f5": 0.5837124604267881, "f50": 1.6226534601571916, "f51": -0.6146416042631766, "f52": 2.3090638951859748, "f53": 2.176307093069563, "f54": -1.8161186212882978, "f55": -0.5698577927294313, "f6": -1.2259606065013433, "f7": -1.0098460765277333, "f8": 1.3209364415528078, "f9": 1.3361341348982219}, "datetime": {"datetime": "2023-02-03 15:12:49", "elapsed": 1850.796133, "delta": 55.458202}}
{"target": 0.26883514004925047, "params": {"f0": -0.07279438182126219, "f1": 0.46744726476977083, "f10": -0.33206818790721393, "f11": -2.1816376956862342, "f12": 0.035425522965890854, "f13": 1.6419833004403512, "f14": 0.16661240986107706, "f15": 1.8399804347175985, "f16": 0.1826146023763333, "f17": 1.070077984362546, "f18": -2.483032094746793, "f19": -0.9961522345329297, "f2": -0.9023374974329641, "f20": -1.1597009583494735, "f21": -0.8011992939981736, "f22": 1.357787131381592, "f23": 2.201875991127507, "f24": -1.0422191593757615, "f25": 0.31411213949262407, "f26": 1.1877856342122097, "f27": 1.173372744681489, "f28": 0.5537120409181768, "f29": -1.536465716123047, "f3": 1.58758864764445, "f30": -0.7992003875789169, "f31": 1.5069125919401287, "f32": -0.17189272617982332, "f33": 0.19922000197853817, "f34": -0.5924778171693614, "f35": -0.28802147479290685, "f36": -0.44780972290398025, "f37": -1.4647651474774863, "f38": -2.0300764629724712, "f39": 1.5872649763785838, "f4": -1.038342950854049, "f40": 0.6825820776145477, "f41": -0.6723503113959739, "f42": 1.3744900830121507, "f43": 0.686996278041335, "f44": -1.2514420661417223, "f45": -0.8717895118382896, "f46": 1.1942822480944142, "f47": 2.8040038478612392, "f48": -0.5519442035585116, "f49": 0.2505211110910204, "f5": 1.5391471429700618, "f50": 0.8073449685928541, "f51": 1.705171613606109, "f52": -0.1533310984238353, "f53": -0.10102018841670757, "f54": -0.4325971983542556, "f55": -0.33220394636446515, "f6": -1.3063246459077644, "f7": 0.09329439579458931, "f8": 1.704310438054796, "f9": 0.5869249777079241}, "datetime": {"datetime": "2023-02-03 15:14:13", "elapsed": 1934.900975, "delta": 84.104842}}
{"target": 0.2963059443544587, "params": {"f0": -3.0225554065997877, "f1": 2.1281243826441876, "f10": 1.3039979618816746, "f11": -2.732975244308357, "f12": 0.5812701465059928, "f13": 0.616242257532418, "f14": 1.8303259686097526, "f15": -0.020515045772834584, "f16": -0.451680326934382, "f17": 1.0781325627274443, "f18": -1.1973780100879146, "f19": -1.4773434768958023, "f2": -0.6519357367893525, "f20": 0.594623252698488, "f21": -0.7992707432951915, "f22": 2.9054415054828366, "f23": 2.079419445908193, "f24": -0.1440186560180321, "f25": -0.5044157683547971, "f26": -0.17550634501744045, "f27": -0.6304923286702329, "f28": 0.0040804910903640135, "f29": -1.1376873681876825, "f3": -0.33829989211177786, "f30": -0.7480320377407974, "f31": -0.27537658371846097, "f32": 1.7574545219209252, "f33": -0.1544090431620324, "f34": 0.5757267205555799, "f35": -2.152962332310924, "f36": 1.0281963238136291, "f37": -2.8598864142833897, "f38": -0.402331402868072, "f39": 0.45701198863343717, "f4": -0.8088197243598576, "f40": -0.9153815318033792, "f41": 1.3570013684630466, "f42": -0.25483571099243923, "f43": -0.5900593563920323, "f44": 0.21766481814183192, "f45": 0.3290757645261535, "f46": 0.9820594797854577, "f47": 2.351738371126281, "f48": 0.6885931095554145, "f49": -2.7751029391010267, "f5": 2.9033020429990706, "f50": -0.019000181593497256, "f51": 1.017747432257117, "f52": -0.2978570483430301, "f53": 2.1319741121534603, "f54": -2.751780386735246, "f55": 0.20900814649446242, "f6": -2.9218259498776558, "f7": -0.6162612575841129, "f8": -0.30497783910035076, "f9": -0.3845169506759276}, "datetime": {"datetime": "2023-02-03 15:14:51", "elapsed": 1973.120796, "delta": 38.219821}}
{"target": 0.1711794480246923, "params": {"f0": -1.192640564554734, "f1": 2.5619706484568794, "f10": -0.6711738934990016, "f11": -1.031849319652335, "f12": 0.7925329702987789, "f13": 1.558739688670257, "f14": 0.22266530517195893, "f15": 0.5274009360269204, "f16": 0.04771124149772943, "f17": -0.4441443724037176, "f18": -0.5173544466216837, "f19": -1.0084758392449817, "f2": 0.91354470267229, "f20": -0.723864527490479, "f21": -1.7904665447397763, "f22": 2.5407318938451944, "f23": 2.1341407299575215, "f24": 0.4332962241381304, "f25": 0.7682682300003058, "f26": -0.8904575849891468, "f27": -0.7835519398907853, "f28": 0.47498888646018766, "f29": -2.498158069371181, "f3": 1.2415693943786759, "f30": 1.389745651017438, "f31": -0.6903279180562067, "f32": 0.8359403575579569, "f33": 0.14403162852227114, "f34": 0.5921210484417517, "f35": -0.29075397376944156, "f36": -0.5907946617482387, "f37": 0.43306235176430663, "f38": -1.1021274343877807, "f39": 0.31041946389522423, "f4": -1.486326526388614, "f40": -1.3027201208218173, "f41": -0.14840509844745642, "f42": 1.3084493714373298, "f43": 1.0512535201607804, "f44": -0.22705909676867342, "f45": -0.7170978346431267, "f46": -0.3990510915919827, "f47": 2.0617992805339367, "f48": 0.883754234656368, "f49": -0.7509789050926439, "f5": -0.32783562891172824, "f50": 1.0077032951927074, "f51": 0.053061927139655296, "f52": -0.25032381088268935, "f53": 0.18027116789781217, "f54": 0.08108577684348495, "f55": -0.2970899495758036, "f6": 0.014138937920961325, "f7": -1.6454844909501782, "f8": -0.116453162998304, "f9": -0.2661526380211695}, "datetime": {"datetime": "2023-02-03 15:15:46", "elapsed": 2027.519151, "delta": 54.398355}}
{"target": 0.15410814041794416, "params": {"f0": -2.0630063266958256, "f1": 2.8081559383197336, "f10": 1.2967803709288084, "f11": -2.1358756109599044, "f12": 0.9365213047042551, "f13": 0.7254061663954054, "f14": 0.1484249783525394, "f15": 1.0720024329238234, "f16": -0.8649202877503148, "f17": -0.3395883934676249, "f18": -1.0579019680857467, "f19": -0.08278671993811629, "f2": -0.8274814039351078, "f20": -0.729970850061693, "f21": 0.09171483352033462, "f22": 1.7481702326541901, "f23": 0.45166098135434635, "f24": 0.29151506982687614, "f25": -0.03091140098373974, "f26": 0.24341113455522437, "f27": 0.5786727007118259, "f28": -1.6192931179946923, "f29": -2.539698703754151, "f3": 1.0526147432760753, "f30": 0.030666129281578542, "f31": 0.06264343989209398, "f32": 0.9086767755462007, "f33": -2.022217786137514, "f34": 0.03835683363599035, "f35": -2.8362498250453094, "f36": 0.7836879495225946, "f37": -1.4973889502294606, "f38": -0.40573494075185784, "f39": 1.1839113132108279, "f4": -1.512720064367922, "f40": -0.8559985492270007, "f41": 0.028268869778986683, "f42": 3.0404543108401496, "f43": -0.5011788582010005, "f44": -1.0424437255204666, "f45": -1.080757672964038, "f46": 0.7165311626190437, "f47": 1.008024289928916, "f48": 0.3562889307297311, "f49": -1.209947155553831, "f5": 2.5111158660966004, "f50": -0.029749604091606516, "f51": 0.7030267728536592, "f52": 0.7421172751195971, "f53": 1.5886575171056776, "f54": -2.200504183409934, "f55": -0.29118613626505346, "f6": -1.5144615762073041, "f7": -0.13155797804892702, "f8": 1.1430666079070888, "f9": 0.02415759486774095}, "datetime": {"datetime": "2023-02-03 15:16:54", "elapsed": 2095.586605, "delta": 68.067454}}
{"target": 0.5075018042800427, "params": {"f0": -1.7334120325637223, "f1": 1.218135151028096, "f10": 0.5676361312094652, "f11": -2.017455290152858, "f12": 1.2038521052251105, "f13": 1.4786809617287193, "f14": 0.7691260139295404, "f15": -0.2969334073282106, "f16": 0.3974840438342748, "f17": 0.10055755568264724, "f18": -2.246360820469578, "f19": -0.4154443853506662, "f2": -0.11515567069879973, "f20": -0.8719789788923193, "f21": -1.4334307085398046, "f22": 1.3238169548605176, "f23": -0.4637178961884209, "f24": -0.8642960278926868, "f25": -0.46766237890500895, "f26": -0.2934518369543916, "f27": 0.7590279088616557, "f28": -2.5072639469720737, "f29": 0.01606326269982139, "f3": -0.196222528047383, "f30": 0.43755280708008204, "f31": 1.1927942650357135, "f32": -0.5318210291526588, "f33": 0.49816138800101095, "f34": 0.9098363962389618, "f35": -2.199878184699564, "f36": 0.7052475712043279, "f37": -2.488777404432835, "f38": 0.5000412186476959, "f39": -0.4790300658349507, "f4": -0.8044134314511284, "f40": -0.3759935188781267, "f41": 0.5498120243885908, "f42": 2.555425874494669, "f43": -0.5664668930022086, "f44": -0.21422967546575267, "f45": 0.3283478183631836, "f46": -0.07758959786429898, "f47": 2.883425876349306, "f48": 0.5672657437782924, "f49": -2.6019167803769614, "f5": 2.104962486589066, "f50": 1.4580515627005606, "f51": 0.7599160186655418, "f52": 1.5207222585301237, "f53": 1.1924164644303294, "f54": -1.9212369891685315, "f55": -0.6466107385166115, "f6": -0.7119471259550845, "f7": -0.0776188571172689, "f8": 0.25695860947082105, "f9": 1.102711324589626}, "datetime": {"datetime": "2023-02-03 15:19:17", "elapsed": 2239.208212, "delta": 143.621607}}
{"target": 0.11854911850119129, "params": {"f0": -1.5986832105650288, "f1": 2.3146936858761675, "f10": 0.725553482374865, "f11": -1.3455204064068795, "f12": 0.2705786327603753, "f13": 2.1973658814562778, "f14": -0.5301035702996324, "f15": -1.3153799613034263, "f16": 1.0305597231891195, "f17": 0.8846523889429876, "f18": -0.7485500606670086, "f19": 0.14370550793630543, "f2": 0.1208959495399149, "f20": -0.9751122321693755, "f21": 0.3521937263340549, "f22": 0.33988292529846176, "f23": 0.5357355692177679, "f24": -0.450740051937091, "f25": -1.2220869081875483, "f26": -0.5338788405663694, "f27": 0.9165075864361623, "f28": -0.8457761967163671, "f29": -0.2829639186965456, "f3": -0.2917018902357005, "f30": 0.8763083814917207, "f31": 1.8153966801479013, "f32": -1.1091933235336975, "f33": 0.7468469066782842, "f34": 0.5743706106154234, "f35": -0.00613002980863131, "f36": 1.9099019427986987, "f37": -1.829039228972439, "f38": -0.25478114511004696, "f39": -1.518680271524537, "f4": -0.4720671436121082, "f40": -1.2478190088483065, "f41": 0.20245619385814018, "f42": 2.072898884189747, "f43": 0.5265871291237518, "f44": -1.2145325861625331, "f45": 0.8686053114084639, "f46": 0.015037521631646733, "f47": 2.3910907993468107, "f48": 1.6373539050009223, "f49": -1.3215958365129024, "f5": 2.267718508058688, "f50": 1.2959394633228238, "f51": 0.34632940999770057, "f52": 2.2921651372180554, "f53": 0.5866470715930071, "f54": -0.6416260461237422, "f55": -1.0191328264886157, "f6": 0.5289328137449423, "f7": 0.919566256467858, "f8": 0.42536577182785495, "f9": 1.5703079684982866}, "datetime": {"datetime": "2023-02-03 15:19:55", "elapsed": 2276.952162, "delta": 37.74395}}
{"target": 0.103460644153186, "params": {"f0": 0.040453642007423074, "f1": 1.2405379618641161, "f10": 0.33360022910741294, "f11": -0.7236619673499649, "f12": 1.2081071646826982, "f13": 1.1598887926890162, "f14": 0.6645482991008348, "f15": -0.3926222633643859, "f16": -0.5987730347823512, "f17": 0.48059959592810864, "f18": -1.4542845527825374, "f19": -0.14241515287372897, "f2": 0.16290024782075796, "f20": -0.06628260450039436, "f21": -2.958109893438588, "f22": 1.7630671970771923, "f23": -0.9116160050607007, "f24": -0.045140159707801164, "f25": -0.19461567754611786, "f26": -0.7569578384871031, "f27": 1.7619528888049867, "f28": -1.4485670188007544, "f29": 0.7319202931823525, "f3": -0.052796377920441895, "f30": 0.3817664999916708, "f31": -0.5410385416785761, "f32": 0.4963276194695654, "f33": 1.439253589682155, "f34": 1.657602227767269, "f35": -1.6751751335045773, "f36": -0.3130447696811097, "f37": -0.21562407099833925, "f38": 0.7662197821113977, "f39": -0.6867976126814562, "f4": -0.8386743834602777, "f40": -0.5137487382965324, "f41": -0.3028848413528452, "f42": 0.871940405828373, "f43": -0.8499778904504125, "f44": -0.3213407124766561, "f45": 0.3926893719585004, "f46": -0.5188389735738413, "f47": 0.10019219471646446, "f48": -0.4066602214125884, "f49": -1.5394145149036018, "f5": -0.4078422257292996, "f50": 2.172233851360369, "f51": 0.3165152909691642, "f52": 2.919862875609685, "f53": -0.27154474531785183, "f54": -0.0764747118254463, "f55": -0.23590204561837624, "f6": -1.0759567043697507, "f7": 0.8408307620639417, "f8": -0.6197050240497728, "f9": -0.004640654010399814}, "datetime": {"datetime": "2023-02-03 15:20:38", "elapsed": 2320.059107, "delta": 43.106945}}
{"target": 0.5032697394021122, "params": {"f0": -2.596428865136238, "f1": 1.6472114045025936, "f10": 0.8353245807317224, "f11": -1.8616240307219551, "f12": 1.1622959193937095, "f13": 2.4720644739555975, "f14": -0.24597206520124226, "f15": -1.1306422454920904, "f16": 1.4606816018348354, "f17": 0.08772546335545428, "f18": -2.6894003410867553, "f19": 0.033888762175534604, "f2": -0.9757786740310218, "f20": 0.11231813250749001, "f21": 0.2929596745755405, "f22": 0.8213294764845224, "f23": -0.4352486639648845, "f24": -1.4016804745023634, "f25": -0.3346344745437102, "f26": 0.5867197628191176, "f27": 1.0142546806529003, "f28": -0.6253055407453676, "f29": -0.7873733226640856, "f3": 0.7972987110789007, "f30": 0.05653795043320631, "f31": -0.5044710692281097, "f32": 0.5657830456879176, "f33": 0.4274012164904283, "f34": -0.464912418914449, "f35": -0.3241643439172215, "f36": 1.6959240986314128, "f37": -2.0026250042824794, "f38": 1.4228466319978295, "f39": 0.09741049807740865, "f4": -1.8864277853183247, "f40": -1.4757593877062436, "f41": 0.990755428469799, "f42": 0.17545233870669197, "f43": -0.3232893637416461, "f44": 0.37088487338671405, "f45": 0.045748758146665125, "f46": 0.9202018853037761, "f47": 2.959909393575693, "f48": 0.15860565594463227, "f49": -2.086450088342096, "f5": 2.6666381932992786, "f50": -0.3170186389095835, "f51": 1.147300316589753, "f52": 2.2769061718932164, "f53": 2.487627376624939, "f54": -2.6763704935500634, "f55": -0.28916389384394203, "f6": -1.7087832946050812, "f7": 0.8347310090058682, "f8": 0.6323688358321458, "f9": 1.8423458106549426}, "datetime": {"datetime": "2023-02-03 15:21:30", "elapsed": 2372.196984, "delta": 52.137877}}
