{"target": 0.3568974490110792, "params": {"f0": 2.8709633791475806, "f1": 0.7924266560992725, "f10": -0.6017673108276933, "f11": 0.5482716366993677, "f12": -2.753489089560304, "f13": -0.9078954518389786, "f14": -2.6098624174881073, "f15": 1.6196607688828024, "f16": 1.347791965884858, "f17": -0.19878041912076277, "f18": 0.7758717917794873, "f19": -0.9543541939872974, "f2": -0.6632979641938404, "f20": 2.0717074701375133, "f21": 0.07424133341045024, "f22": -1.1927729955130433, "f23": -0.3745120015554736, "f24": -2.140069995905259, "f25": -1.0318090667029927, "f26": -2.330122238815107, "f27": 0.24704438936922335, "f28": 0.5830666912229805, "f29": 0.569638303417628, "f3": 0.2158289599898398, "f30": -0.3666950910208735, "f31": -0.015214651228524306, "f32": 0.4316139872969335, "f33": -1.5993231415788032, "f34": 1.7646889862686443, "f35": 1.0798653555151005, "f36": -0.4987191498798851, "f37": -0.4591076593097889, "f38": 0.12148816143740387, "f39": 1.697118526268673, "f4": -0.838196436753019, "f40": -0.9911672563732825, "f41": 0.7503783567052114, "f42": 2.442259178612648, "f43": -0.2797531275938011, "f44": 2.2741514968991785, "f45": -0.3128819548553058, "f46": 0.31485045260739397, "f47": 0.6320123537694288, "f48": -2.6494716729846064, "f49": -0.688516615537347, "f5": -0.794312938862532, "f50": -1.1893449418485595, "f51": 1.4163223345114473, "f52": -0.6738639088184897, "f53": 0.34206118378332145, "f54": 2.372781867738813, "f55": 0.40155287177676324, "f6": -1.4638080829192783, "f7": -0.5858671752306626, "f8": 1.4190334345416775, "f9": 1.1774447856901245}, "datetime": {"datetime": "2023-01-30 12:39:20", "elapsed": 3237.038177, "delta": 74.052906}}
{"target": 0.30223386280950276, "params": {"f0": 1.1535296158571309, "f1": 0.994296088894087, "f10": -0.8050288996105226, "f11": 0.06993807165982303, "f12": -2.8631832306762037, "f13": -0.7209712159311366, "f14": -2.2166947746050942, "f15": 1.328943791004471, "f16": 1.1434422426376032, "f17": 0.18806685145822766, "f18": 2.593298163128774, "f19": -1.263998006696484, "f2": -0.08327782638355741, "f20": 1.7095723061331343, "f21": 0.24428198145130542, "f22": -0.4177598854983242, "f23": 0.08414298896621297, "f24": -1.8026923447481475, "f25": -1.712586361426374, "f26": -1.5341247987050266, "f27": 0.9243570158328596, "f28": 0.054881496771611415, "f29": 1.2503328790845833, "f3": -0.07437627796467733, "f30": -0.6513666099663564, "f31": 0.48877061206413563, "f32": 0.715338578183075, "f33": -0.521772068661273, "f34": 0.7606588321974285, "f35": 2.720055750522589, "f36": -1.6209087781320122, "f37": -0.6522337916048968, "f38": -0.09413234297350409, "f39": 2.922969552744388, "f4": -0.4125859038857644, "f40": -1.3713144265667132, "f41": 1.741648171524223, "f42": 2.353348267679764, "f43": -0.15112228070616157, "f44": 1.8160824346564783, "f45": -0.935313353565453, "f46": -0.08217914969962975, "f47": -0.047442402582401955, "f48": -2.6990945945290727, "f49": -0.9838064968833768, "f5": -0.34555634507473276, "f50": -2.130748819111452, "f51": 1.0051584776045608, "f52": -1.226406996213044, "f53": 0.04287076378134541, "f54": 0.8052095082421782, "f55": 0.5745134732723878, "f6": -1.6427742644553875, "f7": -0.2849184733300003, "f8": 1.1700361689733647, "f9": 2.9382778327741925}, "datetime": {"datetime": "2023-01-30 12:40:08", "elapsed": 3284.383251, "delta": 47.345074}}
{"target": 0.11602092846710793, "params": {"f0": 1.9697708946303458, "f1": 1.614965844231234, "f10": -0.033402799164636954, "f11": 0.49365696681219073, "f12": -1.449193717284094, "f13": -0.29706882125797773, "f14": -1.717753784946795, "f15": 0.45182953206435583, "f16": 0.6064832929725841, "f17": -0.20308634423071353, "f18": 1.1682311513854267, "f19": -0.4224034194378594, "f2": -0.6508265231039528, "f20": 2.2104560671387006, "f21": 0.003874719585788264, "f22": -1.0022972928103382, "f23": -0.3311165809977149, "f24": -2.5412062375820232, "f25": -1.8317535983099957, "f26": -1.6340157214561075, "f27": 0.9753427065371864, "f28": 0.6063797507901137, "f29": 1.2344515749738503, "f3": 0.2596128428220253, "f30": -0.6751709791670802, "f31": -0.12533961325026025, "f32": 0.8515783954528129, "f33": -1.0210059896446728, "f34": 1.500885941310457, "f35": 2.0089949076968443, "f36": -0.9575712664099825, "f37": -0.5774183708330224, "f38": 0.39167765999690046, "f39": 1.4361288760259177, "f4": -0.0697029237189577, "f40": -0.5991580877538449, "f41": 1.022351786677139, "f42": 2.6300634704873254, "f43": -0.531002303079189, "f44": 1.3339662384631388, "f45": -0.9004538377999013, "f46": -0.23059967202589784, "f47": 0.7277676739123463, "f48": -0.5167757382003093, "f49": -0.5715469485458107, "f5": -1.0249440521558766, "f50": -1.1821397533710483, "f51": 0.9144115999292526, "f52": -0.8645922052874804, "f53": 0.1388166322587644, "f54": 0.7814048883959166, "f55": 1.446234671725038, "f6": -0.8856328837601783, "f7": -0.5134521254124056, "f8": 0.6711627533982134, "f9": 1.4873873194882425}, "datetime": {"datetime": "2023-01-30 12:41:26", "elapsed": 3362.794674, "delta": 78.411423}}
{"target": 0.066716530727596, "params": {"f0": 1.9487112913180231, "f1": 1.6757756147419394, "f10": -0.7105664109509272, "f11": 0.062050294100703715, "f12": -2.4628325396238537, "f13": -0.3765106419587205, "f14": -1.5688819856457554, "f15": 0.5316586318312804, "f16": 0.8130889259943279, "f17": -0.0956467365703288, "f18": 1.358793549302149, "f19": -0.574545366367148, "f2": -0.45216258551570065, "f20": 0.6373774056598671, "f21": 0.15982553924012127, "f22": -0.3821478753557255, "f23": -0.32462370772010735, "f24": -1.6002131931615295, "f25": -0.6171765861833669, "f26": -1.5785419821961042, "f27": 0.11849775556961578, "f28": 0.3623649422093205, "f29": 1.0622151107649265, "f3": 0.18379715398805602, "f30": -1.214415243923748, "f31": 0.0888765666186642, "f32": 0.6490199716182818, "f33": -2.4817133107069944, "f34": 1.6412273166145854, "f35": 0.9874072314654234, "f36": -1.4602468694444393, "f37": -0.818233467347429, "f38": 0.04586686931712991, "f39": 1.0533231179679237, "f4": -0.6282125024832789, "f40": -1.7069509063091508, "f41": 1.6721720567405267, "f42": 2.789876138634824, "f43": -0.3341379278204424, "f44": 2.5171699491877657, "f45": -0.3897457667163886, "f46": -0.3493068432319718, "f47": -0.038627767130568605, "f48": -2.62805804274062, "f49": -0.3667617871958224, "f5": -1.0199976046432622, "f50": -1.6190394447702947, "f51": 1.1045872498961107, "f52": -0.8735536404481283, "f53": -0.07284915676529467, "f54": 0.5524681604065551, "f55": 0.7232674233584999, "f6": -1.7144533958496049, "f7": -0.4864132387334065, "f8": 1.1534232073233923, "f9": 1.3440064136472443}, "datetime": {"datetime": "2023-01-30 12:42:51", "elapsed": 3447.868863, "delta": 85.074189}}
{"target": 0.0343545003344609, "params": {"f0": 1.8682031265355885, "f1": 1.6576852335300836, "f10": -0.5284440411964746, "f11": 0.2846165015584955, "f12": -2.1878005162860035, "f13": -1.1474766658415634, "f14": -0.8015121987803195, "f15": 0.7989462090003552, "f16": 0.5484746213626056, "f17": -0.4107564609358449, "f18": 1.980573981299968, "f19": -1.3676620815267928, "f2": -0.5835921598743916, "f20": 1.248864611328924, "f21": 0.5024475484898215, "f22": -1.3441115051690824, "f23": -0.24259328911943778, "f24": -2.114747788853652, "f25": -0.49730154732198883, "f26": -2.6195986300425456, "f27": 0.6655133809015233, "f28": 0.6298472525929505, "f29": 1.374769916203865, "f3": -0.26966116848447136, "f30": -1.4435963046250975, "f31": 0.5988519436827414, "f32": 0.4752279590808624, "f33": -1.971787694875918, "f34": 0.9533055242253008, "f35": 2.3252959534994195, "f36": -1.964812744234634, "f37": -0.21129417330365063, "f38": 0.024962044791280724, "f39": 2.800534033746399, "f4": -0.8372884486242153, "f40": -0.6076637418967992, "f41": 0.7693918400461053, "f42": 0.6475646470415373, "f43": -0.508497117652085, "f44": 2.7128912332002173, "f45": -0.8597904908153001, "f46": 0.26373362630158836, "f47": 0.15048174831366096, "f48": -1.4092387818443435, "f49": -1.2049874631228161, "f5": -1.0041642702203188, "f50": -1.3282193316495383, "f51": 0.9561268601153141, "f52": -0.5457805761235192, "f53": -0.12698959151552047, "f54": 1.6633694272481945, "f55": 0.5638352276746075, "f6": -1.0103964667455623, "f7": -0.12819324601354676, "f8": 0.48296135074540036, "f9": 1.2221889331355948}, "datetime": {"datetime": "2023-01-30 12:44:08", "elapsed": 3525.112402, "delta": 77.243539}}
{"target": 0.17641186725971786, "params": {"f0": 2.191805399112053, "f1": 1.0712151900674822, "f10": -0.35729912007157105, "f11": 0.4767403096066618, "f12": -2.094713728273713, "f13": -0.43665289598812285, "f14": -2.2151277353659475, "f15": 1.545531247885514, "f16": 0.415437400456795, "f17": -0.48457262797985823, "f18": 2.073446207965171, "f19": -1.376946003406231, "f2": -0.6735432780918506, "f20": 1.959816596190735, "f21": 0.7274912514630214, "f22": -0.5847068639856448, "f23": -0.30228391775054075, "f24": -2.0812328526954684, "f25": -1.964205894417765, "f26": -0.7384278144599716, "f27": 0.9091255050035355, "f28": 0.21224708267443185, "f29": 0.8418725941007189, "f3": -0.28674347914981413, "f30": -0.36560951093424787, "f31": -0.026169550933300312, "f32": -0.04194790702563834, "f33": -0.6118789031883343, "f34": 1.1263957289836246, "f35": 2.3374549642047064, "f36": -2.123708880928117, "f37": -0.18080789372070571, "f38": 0.356914153935793, "f39": 1.410133114671972, "f4": -0.06666082851496358, "f40": -1.6099811083719449, "f41": 1.590751522038894, "f42": 1.9971450644727085, "f43": -0.4851436049672451, "f44": 2.3759237697101696, "f45": -0.39686784774494444, "f46": -0.0293694167036741, "f47": 0.5997824503268119, "f48": -1.2095823200140317, "f49": -1.2589098317524694, "f5": -1.0960623827041243, "f50": -1.6136642258179048, "f51": 0.6376933459758639, "f52": -0.5401601899938285, "f53": -0.14194189428504655, "f54": 1.2842586793145974, "f55": 1.1238188048333968, "f6": -1.91091666946325, "f7": -0.5363180097689957, "f8": 1.6412216479597546, "f9": 2.646240299752363}, "datetime": {"datetime": "2023-01-30 12:45:21", "elapsed": 3597.62619, "delta": 72.513788}}
{"target": 0.23914358536239522, "params": {"f0": 2.7921185587757766, "f1": 2.2064961690638323, "f10": -0.19621231250978188, "f11": -0.058168516185311395, "f12": -2.4943978198501084, "f13": -0.5710913060619105, "f14": -2.9125694882269895, "f15": 1.4075087227035088, "f16": 0.9740443227560658, "f17": 0.06676466803746683, "f18": 2.9937873640043127, "f19": -1.0486139378293982, "f2": -0.15071694147582992, "f20": 1.4093995139866167, "f21": 0.24002597447102803, "f22": -0.7562584657868566, "f23": -0.016618388918975047, "f24": -2.3261376921827304, "f25": -0.5735757245791868, "f26": -0.5949774271692734, "f27": 1.0630234357412354, "f28": 0.09253861313213993, "f29": 0.9820742826662103, "f3": 0.10240550226387074, "f30": -1.3663657169477628, "f31": 0.6412498073285443, "f32": 0.3350318968641657, "f33": -2.1067911016793914, "f34": 0.6275781817377009, "f35": 2.7862527127577925, "f36": -0.7031268378696143, "f37": -0.5011058059150735, "f38": -0.3888658893711738, "f39": 2.0765796696898797, "f4": -0.5124339027979807, "f40": -1.6868415272437247, "f41": 1.990704521031355, "f42": 2.9010864653459643, "f43": -0.5303768710124585, "f44": 2.6531375808980235, "f45": -0.6353122808987406, "f46": 0.20214354094761522, "f47": -0.07295450025486924, "f48": -2.0910506404408906, "f49": -0.7572879250964876, "f5": -0.8824850848754554, "f50": -2.1460494088238167, "f51": 1.3681214094718925, "f52": -0.9365447061553972, "f53": 0.5636324846486065, "f54": 0.7274779824373399, "f55": 0.7490098618518166, "f6": -1.1290793995398625, "f7": -0.7070693628840599, "f8": 0.5204697245123375, "f9": 0.7207991452279725}, "datetime": {"datetime": "2023-01-30 12:46:15", "elapsed": 3651.970768, "delta": 54.344578}}
{"target": 0.11310682075963083, "params": {"f0": 1.1145716175557336, "f1": 0.527619612139544, "f10": -0.47081902516583346, "f11": 0.4572955286349011, "f12": -2.075757910083091, "f13": -0.5232629112923626, "f14": -1.9750359601150447, "f15": 0.4575963051012826, "f16": 0.43231956143012945, "f17": -0.10188411721599455, "f18": 1.3116997761373743, "f19": -1.220652269931992, "f2": -0.01578280026598633, "f20": 2.1925166493794177, "f21": 0.7677295870126807, "f22": -0.35416610929688974, "f23": -0.41989673283617496, "f24": -1.3160612082854024, "f25": -1.640871473797207, "f26": -0.7558558758929936, "f27": 0.37539087790477293, "f28": 0.31593276936003356, "f29": 1.7559495730655852, "f3": 0.01006368902816146, "f30": -0.9117457258780506, "f31": 0.3632882025746399, "f32": 0.4830646790467476, "f33": -2.137394225087724, "f34": 0.6065183859916488, "f35": 1.7651067135746108, "f36": -1.9240074909291545, "f37": -0.9474886815831769, "f38": 0.29145651023222535, "f39": 2.37705278786599, "f4": -0.7768938946514751, "f40": -0.6319124510318022, "f41": 0.44695593004589, "f42": 2.013887805336367, "f43": -0.37143669732582135, "f44": 1.7389105139661976, "f45": -0.342981275650182, "f46": 0.2788659989125706, "f47": 0.3088224985284515, "f48": -1.690152217631157, "f49": -0.8705320473019726, "f5": -1.3822358849507643, "f50": -0.5230304150858593, "f51": 0.3056856683313513, "f52": -1.278808983336286, "f53": 0.4096421059728628, "f54": 1.9189110834893353, "f55": 1.3705051717970207, "f6": -1.060258084204634, "f7": -0.6790524236295143, "f8": 1.5522966545760881, "f9": 1.9633538728425783}, "datetime": {"datetime": "2023-01-30 12:47:23", "elapsed": 3719.394608, "delta": 67.42384}}
{"target": 0.27286373635026095, "params": {"f0": 0.6634411607546737, "f1": 1.9281148862946247, "f10": -0.09233355078012451, "f11": -0.02651304727832301, "f12": -1.286083339613322, "f13": -0.6480152773774545, "f14": -2.5789742498931334, "f15": 1.5307140240798407, "f16": 1.1460279961821693, "f17": -0.07340835096499876, "f18": 1.9507387901555455, "f19": -0.8660441730148791, "f2": -0.6297634951859139, "f20": 1.9131208853861408, "f21": 0.21631242784035692, "f22": -1.455006744622959, "f23": -0.18553559955359328, "f24": -1.8793938014367129, "f25": -0.5797192088498027, "f26": -2.909463774564358, "f27": 0.17163083010609556, "f28": 0.018739661423853055, "f29": 1.2647066548402708, "f3": -0.15577293457049857, "f30": -1.4783054477863449, "f31": 0.15623470489458882, "f32": 0.3909584069160457, "f33": -2.9387412970097877, "f34": 0.9701392704573881, "f35": 2.099706650954385, "f36": -1.4985542750462453, "f37": -0.2770074504958463, "f38": -0.17047085784437818, "f39": 1.2436869731846638, "f4": -0.24024443452877287, "f40": -0.9710897704248377, "f41": 1.4595146309731573, "f42": 0.6062720452359034, "f43": -0.4954502519997683, "f44": 1.6949654764374193, "f45": -0.8958924689376463, "f46": -0.21650027464406973, "f47": 0.3047635742436077, "f48": -0.6774575507064688, "f49": -0.3670861072448319, "f5": -1.316969806919994, "f50": -0.592701299134508, "f51": 1.3999486305244835, "f52": -0.427871028448257, "f53": 0.39572161701611613, "f54": 0.8176701218118245, "f55": 1.1881817642883084, "f6": -0.735665033989386, "f7": -0.36407452665651735, "f8": 1.0789365581325312, "f9": 2.9607103973031874}, "datetime": {"datetime": "2023-01-30 12:49:44", "elapsed": 3860.920122, "delta": 141.525514}}
{"target": 0.0903366899874057, "params": {"f0": 2.3777587632886856, "f1": 1.7865176854602112, "f10": -0.7104465296787396, "f11": 0.5212235470403572, "f12": -1.070938235497723, "f13": -1.032587131059474, "f14": -2.805600645216765, "f15": 0.9873053980729927, "f16": 0.6644762827314048, "f17": 0.24819994700797177, "f18": 1.9494573652365008, "f19": -0.6015742882038498, "f2": -0.6997914484648352, "f20": 0.8140452464698877, "f21": -0.009252483493468118, "f22": -0.906754023048984, "f23": 0.0967140812509335, "f24": -1.0122646272343931, "f25": -2.0876391099712643, "f26": -2.351227663721333, "f27": 0.3491988902161672, "f28": 0.5464737456067831, "f29": 1.0660625103830599, "f3": -0.06964115823973493, "f30": -1.3570749380753193, "f31": 0.32518674369574896, "f32": 0.34207658210969416, "f33": -2.5949349169043177, "f34": 2.0013147894900154, "f35": 2.7685530787393917, "f36": -0.9460868621816485, "f37": -0.5404236636842784, "f38": 0.29225564828830203, "f39": 2.3174525179173173, "f4": -0.550490920322035, "f40": -0.6408846780676491, "f41": 0.8864033733484694, "f42": 2.8972352431490282, "f43": 0.1841060322538457, "f44": 0.9425803458185957, "f45": -0.13319186832682606, "f46": -0.20050776249275473, "f47": 0.3011738912163843, "f48": -1.638335720974262, "f49": -0.31370511934590506, "f5": -0.47714074578788257, "f50": -1.5616092320530195, "f51": 0.5214896759422869, "f52": -0.5314625309030304, "f53": -0.05401889115326283, "f54": 1.6031052222133724, "f55": 0.6500758008240317, "f6": -1.586733976692345, "f7": -0.7705285235287773, "f8": 1.7583533465585122, "f9": 1.377201069032263}, "datetime": {"datetime": "2023-01-30 12:50:28", "elapsed": 3904.503376, "delta": 43.583254}}
{"target": 0.23869970317879252, "params": {"f0": 1.1532790461817277, "f1": 2.2569947957960164, "f10": -0.14121338802139938, "f11": -0.03235132468725601, "f12": -0.9255162040408105, "f13": -0.8360415540324357, "f14": -1.1937253736305187, "f15": 0.5789038923157387, "f16": 0.49764524148275024, "f17": -0.46131859919453677, "f18": 0.7911071371013697, "f19": -0.435393168432455, "f2": -0.5755638625540879, "f20": 1.1545350938614822, "f21": 0.2740143688238411, "f22": -0.5432785769891332, "f23": -0.3954858565267184, "f24": -1.0892681569666238, "f25": -1.037394467950212, "f26": -1.7407352636803257, "f27": 0.2949520485969799, "f28": 0.507368157463523, "f29": 1.7180461370226474, "f3": -0.25929205553164003, "f30": -0.9789216036751411, "f31": 0.5872410225053905, "f32": 0.5193366012359384, "f33": -0.6836641855829013, "f34": 1.8964483490411301, "f35": 1.7369853092563725, "f36": -1.476312045860676, "f37": -0.3389214737053845, "f38": 0.023533943169140425, "f39": 1.6791115544132205, "f4": -0.4579531796548771, "f40": -1.0966589604141566, "f41": 0.4195098293257673, "f42": 1.4113272759885107, "f43": -0.32187582318015173, "f44": 1.324098589133727, "f45": -0.36256675981258013, "f46": 0.007080663333571935, "f47": 0.5520834303782501, "f48": -1.3585853188930537, "f49": -1.1348763706348977, "f5": -0.6247976354088709, "f50": -1.5343182924403114, "f51": 1.0937380001880943, "f52": -0.3799562550535962, "f53": 0.4914798590090977, "f54": 1.1837922959926797, "f55": 0.8206644035811496, "f6": -0.8733107373804911, "f7": -0.10386039940431646, "f8": 1.348683734460029, "f9": 2.9098857369366207}, "datetime": {"datetime": "2023-01-30 12:51:22", "elapsed": 3958.5192, "delta": 54.015824}}
{"target": 0.1926280974957684, "params": {"f0": 0.6714251009991165, "f1": 0.6429606948765199, "f10": -0.012354334864216221, "f11": -0.012530211567754884, "f12": -2.6081297843298072, "f13": -0.5258351845500499, "f14": -2.7868146047276863, "f15": 0.9780605554004753, "f16": 1.3592821422957297, "f17": 0.1286806097453621, "f18": 0.9310631107540648, "f19": -1.309058204063261, "f2": 0.0368147236900499, "f20": 1.8643924389789956, "f21": 0.0005482256950046852, "f22": -0.6779950939703209, "f23": 0.16387998281728655, "f24": -1.638479668164633, "f25": -0.788539514971137, "f26": -0.661921840884419, "f27": 0.9072660259168872, "f28": 0.3362630720974572, "f29": 1.8451060492309193, "f3": 0.1735364409207234, "f30": -0.7718873771699906, "f31": 0.02131399588494884, "f32": 0.22558499273027838, "f33": -2.8167547026354516, "f34": 1.4594585710757448, "f35": 1.125074270194485, "f36": -1.1598997998802545, "f37": -0.22086377821075864, "f38": -0.24965970726567527, "f39": 1.20311768040576, "f4": -0.39703073998380695, "f40": -1.4649850400798363, "f41": 0.8420405885881912, "f42": 2.899704440559424, "f43": -0.47736608803628716, "f44": 0.5610127414378614, "f45": -0.35611305300524554, "f46": 0.2183327396304856, "f47": 0.3033345471386345, "f48": -1.2770329272558654, "f49": -0.6432531689117711, "f5": -0.7378891515383252, "f50": -0.8078038044589162, "f51": 0.3284892781157236, "f52": -0.717044472476674, "f53": 0.21381234413786038, "f54": 0.8612761283945267, "f55": 0.8845498880495655, "f6": -0.7542018314501231, "f7": -0.28143049104363005, "f8": 1.485836998415769, "f9": 0.8155486657505938}, "datetime": {"datetime": "2023-01-30 12:52:46", "elapsed": 4043.018165, "delta": 84.498965}}
{"target": 0.27843131016207645, "params": {"f0": 0.542785745865847, "f1": 1.6264547059291252, "f10": -0.3202229884847979, "f11": 0.04327120739849258, "f12": -2.9753047895277227, "f13": -1.2348808520820953, "f14": -0.5520564807488348, "f15": 0.7903877911771026, "f16": 1.0723153219059003, "f17": -0.4593541208086807, "f18": 0.7409146926033838, "f19": -0.9062889293980592, "f2": -0.57889436052609, "f20": 0.9652592021853641, "f21": 0.6148945582060308, "f22": -1.109664942153036, "f23": -0.045574452652392905, "f24": -1.2138912986199286, "f25": -0.9424300005521886, "f26": -2.4018307393273988, "f27": 0.8031639158269769, "f28": 0.08854041672923232, "f29": 0.6131508336638161, "f3": 0.3000857041987684, "f30": -0.3658515413130381, "f31": 0.21349826374113837, "f32": 0.04904053425740976, "f33": -2.1338358623218956, "f34": 1.8946996516097425, "f35": 2.4419709807802636, "f36": -1.137079960291482, "f37": -0.6462119117077878, "f38": 0.37452578852191815, "f39": 1.432438090354271, "f4": -0.40041414087957783, "f40": -0.4227575234467231, "f41": 1.376296375975394, "f42": 2.006426485476485, "f43": -0.37170827687407504, "f44": 1.1660392498561003, "f45": -0.5539273111447245, "f46": -0.18039602032533328, "f47": 0.1961777553520922, "f48": -2.86097601630778, "f49": -0.4899755111672156, "f5": -0.6124556834586404, "f50": -1.1524661498156201, "f51": 1.3357843932849736, "f52": -0.9142400101520016, "f53": 0.32520956284687913, "f54": 0.4987882473566188, "f55": 1.0706990446256714, "f6": -1.226798537794647, "f7": -0.1664316868450707, "f8": 1.5247434463485754, "f9": 0.5498437215376514}, "datetime": {"datetime": "2023-01-30 12:53:28", "elapsed": 4084.418473, "delta": 41.400308}}
