{"target": 6.660706325192469e-05, "params": {"f0": -1.927692363758935, "f1": 0.8333331203080626, "f10": 0.36405893008637963, "f11": -2.162333202162687, "f12": 0.8836022040568543, "f13": -0.35076995510693043, "f14": 0.3888760316889845, "f15": -0.6380206838316334, "f16": -0.694379646906182, "f17": -0.4521185856033967, "f18": -0.36700535536787404, "f19": 0.6304758217072143, "f2": -0.30690672537383734, "f20": -0.1452319921592416, "f21": -0.6178800491647194, "f22": -0.22478083950899885, "f23": -0.9402190864474061, "f24": -1.0165558072190244, "f25": -0.9805525241889379, "f26": -1.0867151105116823, "f27": 2.895045787029743, "f28": -0.3117651883043677, "f29": 0.3284315617103459, "f3": -0.493394886234813, "f30": -0.04113036903474654, "f31": -0.5583130083226594, "f32": -0.9726613208248474, "f33": 0.08548458995794056, "f34": 1.2166535392747249, "f35": -1.7173565681845049, "f36": 1.8691223646898127, "f37": -2.589331700024704, "f38": 0.14715288131944637, "f39": -1.146144184866006, "f4": -0.5610018046829276, "f40": 0.7834673464131542, "f41": 0.4329340447537642, "f42": 0.599055091947706, "f43": 0.5326621236881057, "f44": -0.8058003542230187, "f45": 1.0309955549435579, "f46": -1.196131753878874, "f47": -0.18576291368146247, "f48": 1.4641664120476188, "f49": -0.0445384323522352, "f5": 0.2448048850337865, "f50": 0.6210881665803896, "f51": -0.2536603347890998, "f52": 1.204347673855149, "f53": 0.5701489531401293, "f54": -0.8004674386520443, "f55": 0.1686866934203558, "f6": 0.09039865303298501, "f7": -0.4952958563611112, "f8": 1.2066067724830525, "f9": 2.093454592147425}, "datetime": {"datetime": "2023-02-03 17:23:16", "elapsed": 9677.66301, "delta": 136.906786}}
{"target": 0.20212243447719525, "params": {"f0": -1.6028507387327846, "f1": 1.3971733913856004, "f10": -0.0002027105789819128, "f11": -1.0395613655303162, "f12": 1.5894993394201269, "f13": -0.018768111604142157, "f14": 0.2490697104587744, "f15": -0.8167537808845982, "f16": -0.1795895207360907, "f17": -0.5523970133714386, "f18": -0.4080423731970589, "f19": 0.9448797221890831, "f2": 0.22848671273883253, "f20": -0.042791115322344975, "f21": -1.380218806467662, "f22": -0.6980505301505745, "f23": -0.6311129428816329, "f24": -0.4591441627909145, "f25": -1.0549405840633599, "f26": -0.36472136695619306, "f27": 1.8758632479202724, "f28": -0.3029532701561519, "f29": -0.26013714464015203, "f3": -0.43285141811475647, "f30": -0.12044683186999527, "f31": 0.03834206792167094, "f32": -1.9188406493981613, "f33": -0.07099412047827552, "f34": 1.0897423083772364, "f35": -1.5551921132795892, "f36": 0.5078053093139661, "f37": -1.411634550594015, "f38": 0.2950560351094853, "f39": -0.45647378809343764, "f4": -1.1329274345018323, "f40": 0.6482095875091844, "f41": 0.5552469955424411, "f42": 0.9180820617299544, "f43": 0.10872892199739942, "f44": -0.052240302240006975, "f45": 0.586223845968251, "f46": -1.0512880416029349, "f47": -0.721093233790969, "f48": 0.7311550277527188, "f49": -0.2311881165140515, "f5": -0.28742174853430413, "f50": 0.3074248061072725, "f51": 0.22504727063223368, "f52": 1.5021651964815217, "f53": 2.039027702571396, "f54": -2.364120629635112, "f55": -0.39619983904198813, "f6": 0.473654793972635, "f7": -1.3240760320554443, "f8": 0.8832172233921014, "f9": 2.507116368424487}, "datetime": {"datetime": "2023-02-03 17:23:17", "elapsed": 9678.849041, "delta": 1.186031}}
{"target": 0.4036527318141683, "params": {"f0": -1.714220182039396, "f1": 2.7229545954526464, "f10": -0.012271157746299666, "f11": -0.4840692532784665, "f12": 2.5951520380714688, "f13": 0.02648667837166485, "f14": -0.08531073027684877, "f15": -0.35954754444325854, "f16": -0.12525889766328568, "f17": -0.05216772508858336, "f18": 0.245243484090914, "f19": 0.9791903960596633, "f2": 0.08653252113224674, "f20": 0.26814178512485365, "f21": -1.423752812851165, "f22": 0.059926617082471934, "f23": -1.7514621703313564, "f24": -1.6666000902622162, "f25": -0.9128570388088879, "f26": -1.1089383924114773, "f27": 2.5392870808062726, "f28": -0.8607926325529132, "f29": 0.31136835790214645, "f3": -1.2397128768546293, "f30": -0.15167822823691324, "f31": -0.45830983490708077, "f32": -1.0414450954082721, "f33": -0.38418113457079694, "f34": 1.4681961952891034, "f35": -2.577798361023787, "f36": 0.7757474393115699, "f37": -1.1231701858195717, "f38": 0.5023366579289141, "f39": -0.20938979578746264, "f4": -0.48296554531645264, "f40": 0.0166613498027985, "f41": -0.2088233987049677, "f42": 1.1230633890912782, "f43": -0.05064355227082856, "f44": 0.009438591814572295, "f45": 0.2927950554806814, "f46": -0.49676182998277707, "f47": -0.4094486258782647, "f48": 0.45274268234302495, "f49": -0.00535933790715637, "f5": 0.09901830818858959, "f50": 0.9007083223320529, "f51": 0.02288776174961904, "f52": 1.1816076504310185, "f53": 2.4486356553097552, "f54": -0.9093395394253996, "f55": -0.3021050373224484, "f6": 0.764866551776488, "f7": -1.2616560888394084, "f8": 0.8172770949960142, "f9": 1.7137397969799433}, "datetime": {"datetime": "2023-02-03 17:24:17", "elapsed": 9739.218264, "delta": 60.369223}}
{"target": 0.24228249620766618, "params": {"f0": -2.910158942668309, "f1": 0.9082425614527492, "f10": 0.1714802827640095, "f11": -1.673763512958653, "f12": 1.845237359541208, "f13": -0.263438787407945, "f14": 0.08689623584730405, "f15": -1.1328127380900184, "f16": -0.08537883844540295, "f17": -0.7458177716373254, "f18": 0.1372662187246827, "f19": 1.1486873380001958, "f2": 0.028346328542622534, "f20": -0.4110644460901336, "f21": -1.3529791699396814, "f22": -0.2878808971046367, "f23": -1.2955986372808597, "f24": -1.4377197998078082, "f25": -0.13773652825843774, "f26": -0.9923697656519541, "f27": 2.533546082753182, "f28": -1.2088436226612382, "f29": -0.07803268322016088, "f3": -0.6266655765344901, "f30": 0.10948667554820368, "f31": 0.016231001667409095, "f32": -0.7439302818595221, "f33": 0.07382211484140022, "f34": 0.9296228676078122, "f35": -1.3594128945704163, "f36": 0.45927171657771404, "f37": -1.9942341663441854, "f38": -0.07627529762141916, "f39": -1.1512576640802807, "f4": -0.6783816233035059, "f40": 0.1321662423569604, "f41": -0.22812981788488895, "f42": 0.7220038924795167, "f43": -0.10297135170454016, "f44": -0.5125144765638553, "f45": 1.0087374395320357, "f46": -1.3219204998420233, "f47": -0.3774256351553056, "f48": 1.1019620898608524, "f49": -0.02373417402342254, "f5": -0.39496128602172975, "f50": 1.4118489893892283, "f51": -0.5065570706420292, "f52": 0.9097661273612616, "f53": 2.084844953746142, "f54": -0.9037646775962442, "f55": -0.17706674805159156, "f6": 0.4581339279376555, "f7": -0.954360506170258, "f8": 1.2876756674799468, "f9": 1.6575671405681769}, "datetime": {"datetime": "2023-02-03 17:25:13", "elapsed": 9794.703338, "delta": 55.485074}}
{"target": 0.5161405673340753, "params": {"f0": -1.3339869833395268, "f1": 2.7017143838394815, "f10": -0.15358742864515335, "f11": -2.956505283961288, "f12": 1.6623022212809562, "f13": -0.17412911375151896, "f14": 0.06515636119730861, "f15": -0.578623301965989, "f16": -0.49163657666848604, "f17": -0.6859577254472629, "f18": -0.5405201531261254, "f19": 0.8275074229818024, "f2": 0.09198459818183258, "f20": 0.28935374835457883, "f21": -0.9672385258930588, "f22": -0.42129050740122553, "f23": -0.7135928195559027, "f24": -1.7606329345178298, "f25": -0.20693922914129526, "f26": -1.4108220704112808, "f27": 2.7615161732094036, "f28": -0.43257859228022744, "f29": 0.40411189345651577, "f3": -1.366264691496712, "f30": -0.35555603468356434, "f31": 0.06903277263211993, "f32": -2.3640906685424787, "f33": 0.08662926589527797, "f34": 0.7072038317067285, "f35": -1.2587544225878151, "f36": 1.1251223613972563, "f37": -0.57732887397249, "f38": 0.14054835632950646, "f39": -0.9204792078869055, "f4": -0.6595331580453585, "f40": 0.46186100095659904, "f41": 0.01648494509027032, "f42": 0.5511147281743974, "f43": -0.16547675357309471, "f44": -0.9091532533005073, "f45": 0.4582109579793632, "f46": -1.2004555306243243, "f47": -0.7554763091384809, "f48": 0.6298570837731436, "f49": 0.25834376219884303, "f5": -0.25652044583288397, "f50": 0.5389814032881968, "f51": -0.4832655406908913, "f52": 2.2396037660055756, "f53": 1.948893709579862, "f54": -1.4009818994192405, "f55": 0.22949930021734055, "f6": 0.8124834888501875, "f7": -0.8961513274788419, "f8": 1.266098229818789, "f9": 1.899505769042087}, "datetime": {"datetime": "2023-02-03 17:26:40", "elapsed": 9882.040336, "delta": 87.336998}}
{"target": 0.42950857887374494, "params": {"f0": -3.019318780334527, "f1": 1.0859602577532503, "f10": 0.337962635536892, "f11": -2.1552168649579375, "f12": 2.510959587933095, "f13": -0.12806570611711332, "f14": 0.2247933284301542, "f15": -0.9437156979433082, "f16": -0.9978714794642994, "f17": -0.36915847758264264, "f18": -0.5344935534032316, "f19": 0.915987988185115, "f2": 0.21279384657692835, "f20": -0.16495595203280528, "f21": -1.3185944679316428, "f22": 0.09429418768619535, "f23": -1.547515827526089, "f24": -0.6465905618456511, "f25": -0.29400792676179954, "f26": -1.305413196206839, "f27": 0.9693726980443572, "f28": -1.412241228315646, "f29": 0.2299834719526722, "f3": -0.8707828112027856, "f30": -0.18591254631150012, "f31": 0.10317106037583335, "f32": -1.678303761323931, "f33": 0.2682164825991292, "f34": 0.827419071617034, "f35": -2.692050385545603, "f36": 1.8488329158712733, "f37": -1.892375555642732, "f38": 0.15578725325621445, "f39": -1.0675650451199088, "f4": -0.3419634318122152, "f40": 0.1503524731817609, "f41": 0.43162387054797985, "f42": 0.5642647949158395, "f43": -0.061058341675358174, "f44": -0.6327990512536341, "f45": 0.2719619909271239, "f46": -0.7039976820876631, "f47": -0.7797116430283184, "f48": 0.8697602348031084, "f49": 0.3268623382351883, "f5": -0.238398221007943, "f50": 1.1324057621038444, "f51": -0.006514814074234376, "f52": 0.9297586811722474, "f53": 2.8200520775054922, "f54": -0.9527840260435947, "f55": 0.15930054328077714, "f6": 0.5262652260036631, "f7": -1.3101201492396974, "f8": 1.6424713139929785, "f9": 2.8836363192191823}, "datetime": {"datetime": "2023-02-03 17:27:40", "elapsed": 9942.375291, "delta": 60.334955}}
{"target": 0.08723602036299914, "params": {"f0": -1.3633271160562594, "f1": 2.5974280488928594, "f10": -0.21862948515872072, "f11": -2.7550954481152723, "f12": 0.7102873222993333, "f13": -0.5012457989278571, "f14": -0.11121713433801333, "f15": -1.2483204043387177, "f16": -0.09488453084448267, "f17": -1.0174696787360344, "f18": 0.021722863115727353, "f19": 0.15995967680863976, "f2": 0.0048375116499186355, "f20": -0.005484086218872364, "f21": -0.5588635944688665, "f22": -0.6877778080500998, "f23": -1.3407177746872538, "f24": -0.775371412483995, "f25": -0.6681401107078592, "f26": -1.1073818050904132, "f27": 2.3689848644691547, "f28": -0.3453232742469383, "f29": 0.3891598448406711, "f3": -0.4280436342196603, "f30": -0.19189810504816918, "f31": 0.24366280229866266, "f32": -1.7949442382956853, "f33": -0.11726463176094509, "f34": 1.3222624797247384, "f35": -2.3415129675382422, "f36": 1.0932644346041378, "f37": -2.2706947489756635, "f38": 0.009935878751129557, "f39": -0.3972664090869956, "f4": -0.5500758476934444, "f40": 0.7247986502598243, "f41": 0.08131382176705976, "f42": 1.4225757252870346, "f43": -0.014707043986917884, "f44": -0.6663369112543962, "f45": 1.1608970276927613, "f46": -0.3738531866447423, "f47": -0.5863680528244262, "f48": 0.5821439579089498, "f49": -0.47020862735559976, "f5": -0.4672393066019689, "f50": 0.8630556846685226, "f51": -0.4333261073702441, "f52": 0.9735718166506446, "f53": 2.7562615991773707, "f54": -2.897480222612816, "f55": 0.09844649611917622, "f6": 0.25857210166321015, "f7": -1.2987677691132602, "f8": 1.8775076416539345, "f9": 2.939082013411057}, "datetime": {"datetime": "2023-02-03 17:28:31", "elapsed": 9993.254854, "delta": 50.879563}}
{"target": 0.26670518912100416, "params": {"f0": -0.5987481036288065, "f1": 1.0348917810321074, "f10": 0.383187460676474, "f11": -1.5932844979678746, "f12": 0.8495902443514345, "f13": 0.28976992918871447, "f14": -0.03364730833361029, "f15": -1.3365886017162523, "f16": -0.0775901380455073, "f17": -0.356576351781712, "f18": -0.6273736418849909, "f19": 0.34218345199529, "f2": -0.12504123674590678, "f20": 0.07271981156051466, "f21": -1.6781496180614162, "f22": -0.48365436896723857, "f23": -1.7620733692622592, "f24": -1.6521252572530152, "f25": -0.8284133354154, "f26": -0.9991066755319186, "f27": 1.9673885891450797, "f28": -0.9609456771865033, "f29": -0.1961370027392692, "f3": -1.2540179886153333, "f30": -0.024104323939128203, "f31": -0.4225785627928842, "f32": -1.529790169273398, "f33": 0.3901099786618921, "f34": 0.43934640888465926, "f35": -0.6385597940996388, "f36": 0.6473388553983399, "f37": -0.7166291828821012, "f38": -0.0026839227850077585, "f39": -1.1118925026420912, "f4": -0.6098702952111921, "f40": 0.1723328621528865, "f41": 0.07972655840638221, "f42": 0.30136456139428175, "f43": 0.253842351833713, "f44": -0.19922301621955463, "f45": 0.5869704261346571, "f46": -0.9115399532303644, "f47": -0.7521368867181032, "f48": 0.9637456091420208, "f49": -0.31784994374429343, "f5": -0.4737342786616394, "f50": 0.6892473555528142, "f51": 0.3135679794023979, "f52": 0.8997965702418771, "f53": 1.2006482710473505, "f54": -0.5181504065772984, "f55": 0.2619470566237584, "f6": 0.41144621945786075, "f7": -0.27438377237417066, "f8": 2.012903719581893, "f9": 2.6363018269772462}, "datetime": {"datetime": "2023-02-03 17:29:27", "elapsed": 10048.83704, "delta": 55.582186}}
{"target": 0.5407670496139293, "params": {"f0": -2.5684099567936, "f1": 0.7521032757202837, "f10": 0.4022752014722184, "f11": -2.1866870757402515, "f12": 2.7078721459090174, "f13": -0.36411291837716914, "f14": 0.34972088119117484, "f15": -0.6823883535960249, "f16": -0.38225597792546784, "f17": -0.9822725378944763, "f18": 0.13966850767374117, "f19": 0.6906947166503757, "f2": -0.3433062762244836, "f20": -0.4739505048089476, "f21": -1.4925266516036013, "f22": -0.4388443906705738, "f23": -0.734495033920159, "f24": -1.0601140030622016, "f25": -0.360633311390696, "f26": -0.9062693944255922, "f27": 2.955543138601735, "f28": -1.4088060507336557, "f29": -0.15773040088842755, "f3": -0.7659269674495646, "f30": -0.16815015399229416, "f31": 0.13784359374434862, "f32": -1.8213715459328073, "f33": -0.11905717771733343, "f34": 0.7163397222720906, "f35": -1.1440570712901754, "f36": 0.7658342556882108, "f37": -2.4142910125609114, "f38": -0.07932313976981237, "f39": -0.9323675976042124, "f4": -0.6598821126678001, "f40": 0.5651669360809184, "f41": -0.06108065156253667, "f42": 0.9332746215323822, "f43": -0.20487959081626966, "f44": -0.19734880175551395, "f45": 1.3194306790327497, "f46": -1.314687815443775, "f47": -0.16479186575494154, "f48": 1.2905161162133574, "f49": 0.29822709344490206, "f5": -0.5842074504487899, "f50": 0.7227010360079238, "f51": -0.4926957752884559, "f52": 2.0882345992514706, "f53": 0.9997121917378393, "f54": -2.3361757228451565, "f55": 0.04762544563619564, "f6": 0.704047938682645, "f7": -1.3505841939829943, "f8": 0.5624141238490838, "f9": 2.715636365067967}, "datetime": {"datetime": "2023-02-03 17:30:23", "elapsed": 10104.848892, "delta": 56.011852}}
{"target": 0.15804724756329505, "params": {"f0": -2.5356265835742873, "f1": 2.3965274012429667, "f10": 0.036271677145729375, "f11": -1.9895397704457367, "f12": 1.0604002603843188, "f13": -0.06493350178059343, "f14": -0.15782667113559296, "f15": -1.2066401228583192, "f16": -0.13605127413646023, "f17": -0.20185043213430365, "f18": -0.543760125358489, "f19": 0.563451870472993, "f2": -0.42481289597165994, "f20": 0.2957702572328142, "f21": -1.233596899503826, "f22": -0.7000594379483588, "f23": -0.6935465860530827, "f24": -1.7072411752126286, "f25": -1.0558994687889371, "f26": -0.7930701025305448, "f27": 0.5903832331073585, "f28": -0.9975915858202995, "f29": -0.2683556110339794, "f3": -1.2513304845966131, "f30": -0.7522041595208442, "f31": -0.37081392538892255, "f32": -1.9290222837866935, "f33": 0.20634423793186923, "f34": 0.8675854101057543, "f35": -2.1239128812378434, "f36": 1.2306110047184626, "f37": -0.8002554088988019, "f38": 0.6348217057647607, "f39": -1.1563892437261345, "f4": -0.3743590361448491, "f40": 0.12610546396087255, "f41": 0.24972286930137416, "f42": 0.30288389315394065, "f43": 0.21148594638872376, "f44": -0.6699942108561396, "f45": 1.22692285159521, "f46": -0.8945143912892004, "f47": -0.8148552457888922, "f48": 0.992024630645734, "f49": -0.315008887593497, "f5": -0.3016459991807169, "f50": 1.066727099068671, "f51": -0.015523896285549066, "f52": 2.4674455704753093, "f53": 0.5469373782185636, "f54": -1.0849138603770583, "f55": -0.47795078810857544, "f6": 0.138244934127831, "f7": -0.6136206421026544, "f8": 1.0936222530306865, "f9": 1.0811342976586151}, "datetime": {"datetime": "2023-02-03 17:30:24", "elapsed": 10105.939653, "delta": 1.090761}}
{"target": 0.24790577257356533, "params": {"f0": -1.6382135804926792, "f1": 1.50313450826389, "f10": -0.09509572660199084, "f11": -2.764022019112659, "f12": 2.378310643131381, "f13": 0.2191560569712201, "f14": 0.44454155172105936, "f15": -0.8128545309343969, "f16": -0.461807970568505, "f17": -0.3521412900842399, "f18": -0.4639751140800071, "f19": 0.28497538164503033, "f2": 0.16015885629463011, "f20": 0.10862815613607812, "f21": -1.7492697742269032, "f22": -0.2934875564767526, "f23": -0.831002818141775, "f24": -1.7205876344089353, "f25": -0.9102009792167725, "f26": -1.0637533139446342, "f27": 0.503087779632065, "f28": -0.4719875659684081, "f29": 0.3699878773001053, "f3": -0.4708223122589892, "f30": 0.11645936438223992, "f31": -0.28763490162540106, "f32": -2.0795217409209683, "f33": -0.2833334888339213, "f34": 1.3293987648017245, "f35": -1.9620891189709906, "f36": 0.9412770156829205, "f37": -2.2342844865504907, "f38": -0.17003914561161915, "f39": -0.8301285816454566, "f4": -1.337234532693068, "f40": 0.4417052675891389, "f41": 0.03309669124569581, "f42": 1.6199389460930749, "f43": 0.6406805613806301, "f44": -0.041580632592181144, "f45": 1.3523238464231566, "f46": -0.5983373134163813, "f47": -0.7677840531544767, "f48": 2.123544242447913, "f49": 0.15339149772223437, "f5": -0.5042329752528233, "f50": 1.3301890812697248, "f51": -0.05557923479347898, "f52": 0.9364338329679298, "f53": 1.275520533062458, "f54": -1.9271490170790204, "f55": -0.20234855573649135, "f6": 0.5689437162998484, "f7": -1.2300718816434777, "f8": 1.145354598152921, "f9": 0.7216357103602247}, "datetime": {"datetime": "2023-02-03 17:31:25", "elapsed": 10166.719971, "delta": 60.780318}}
{"target": 0.1371054187370787, "params": {"f0": -0.4941541547719486, "f1": 2.8066086452337515, "f10": -0.2577972744901571, "f11": -0.5205069932560002, "f12": 2.3348102614243262, "f13": -0.05832756522529958, "f14": 0.2237671811275942, "f15": -1.0872121923976845, "f16": -0.8184152724277599, "f17": -0.8223707395252736, "f18": -0.03883010243788798, "f19": 0.08807906265946978, "f2": -0.3297821192403517, "f20": 0.2899351833428785, "f21": -1.6403420616125821, "f22": -0.4260116087221478, "f23": -1.1575581639543424, "f24": -0.7214178077431954, "f25": -0.697634938727077, "f26": -1.5362251528318782, "f27": 3.017048345463238, "f28": -1.0530334939231176, "f29": 0.20133750449539622, "f3": -0.37831983321773976, "f30": -0.38777839569106654, "f31": 0.1441189664522765, "f32": -1.2552086171368473, "f33": -0.12736708486662668, "f34": 0.712675931579339, "f35": -1.6904343289053314, "f36": 1.8445044270369453, "f37": -1.9348871412627644, "f38": 0.7686160686142985, "f39": -1.138223032137545, "f4": -0.7409386984963526, "f40": 0.5447390857914748, "f41": 0.5682224320175746, "f42": 0.322976377160614, "f43": -0.23799126870426268, "f44": -0.14210780258138933, "f45": 0.9402044421319102, "f46": -1.1449543248497513, "f47": 0.018697278612010204, "f48": 2.0632769389558896, "f49": -0.21197039544256674, "f5": -0.5459529564880755, "f50": 0.530302803809807, "f51": -0.34394292421924333, "f52": 2.60848268056327, "f53": 1.859649695739334, "f54": -0.6494229040112574, "f55": 0.05195096832030455, "f6": 0.2851183769396636, "f7": -0.8893274724608682, "f8": 0.7920139304872145, "f9": 1.2794982177504899}, "datetime": {"datetime": "2023-02-03 17:32:09", "elapsed": 10211.111262, "delta": 44.391291}}
{"target": 0.47224468086513716, "params": {"f0": -2.236781162485921, "f1": 2.9454187991977907, "f10": -0.1928895435308238, "f11": -2.6640714556163614, "f12": 2.3899362196986114, "f13": -0.32912449636916064, "f14": -0.10736168590494999, "f15": -1.250233481326909, "f16": -0.26211137312001165, "f17": -0.9588468985647189, "f18": -0.010888437248614546, "f19": 1.1449663745640994, "f2": 0.07608686633516004, "f20": 0.3966566736873356, "f21": -1.618901861794758, "f22": 0.06946351505186177, "f23": -1.1652624039172417, "f24": -0.5983011578006452, "f25": -0.5445881782731304, "f26": -1.3839554846214948, "f27": 2.5407066442588455, "f28": -0.552470754351245, "f29": -0.3952027804499154, "f3": -0.30340296022970437, "f30": -0.4408128521913418, "f31": -0.17361134789973492, "f32": -1.218045049912495, "f33": 0.19550672116308554, "f34": 0.5259544433576397, "f35": -2.45901877132517, "f36": 1.7604651540448022, "f37": -0.9834219135925282, "f38": -0.1776236685272839, "f39": -0.4255825545052013, "f4": -0.21765492938693076, "f40": 0.47031810336391894, "f41": -0.09567136304184004, "f42": 0.7627043113486112, "f43": 0.5038560468007414, "f44": -0.8003484630460684, "f45": 0.4242620001612908, "f46": -0.6202970085304169, "f47": -0.03444971338225011, "f48": 0.5881810913763612, "f49": -0.48081239313729335, "f5": -0.1733222862428352, "f50": 1.2628707584536514, "f51": 0.13005747648208, "f52": 1.1832218502902525, "f53": 2.4534723161535954, "f54": -1.1693704576627009, "f55": 0.2659013536414877, "f6": 0.09019697314788763, "f7": -1.211147742426183, "f8": 0.8728883942462231, "f9": 2.0221096637979636}, "datetime": {"datetime": "2023-02-03 17:33:30", "elapsed": 10292.093041, "delta": 80.981779}}
