{"target": 0.20716379780642846, "params": {"f0": 1.3921988538488348, "f1": 0.18175536207427212, "f10": 0.09761227719627374, "f11": -0.22827158309809187, "f12": 1.1223627291612748, "f13": 1.697368785986395, "f14": -0.1260952251997698, "f15": -1.0975353137688162, "f16": -0.27261932711000914, "f17": -0.08145745477793254, "f18": -0.33495925949597394, "f19": -2.903827238180341, "f2": -2.2041919484249526, "f20": -2.547215256511656, "f21": -0.7496157962646042, "f22": 1.2768609446326131, "f23": 1.2936526414701892, "f24": 0.5065825844424383, "f25": -0.5407691581480294, "f26": -0.8993750198878764, "f27": -2.7748478551519673, "f28": -0.07448680952265568, "f29": -0.27718809892059415, "f3": -0.39077425616873684, "f30": 1.9648504033949155, "f31": 1.8409229833738792, "f32": 0.12451761435186448, "f33": 1.9034416559232405, "f34": 0.21407058077917673, "f35": -0.1605224732822621, "f36": -0.5414283640359716, "f37": -2.4165650782428596, "f38": 0.06440181938099965, "f39": 2.299569323600213, "f4": -1.4446415080227175, "f40": 2.7183746386301255, "f41": 0.0851319306557422, "f42": -1.8315549735650054, "f43": 0.688787182780093, "f44": -1.9525163990281156, "f45": -1.6621747561079114, "f46": 0.925055925001071, "f47": -1.8483027895992377, "f48": -0.1635825794136836, "f49": -1.7066670323754343, "f5": 0.029386764807303845, "f50": -2.766463884392562, "f51": -2.3630490671647344, "f52": -0.1540093015441263, "f53": -1.6710484954326517, "f54": -0.7678453721921001, "f55": -0.41844441538976895, "f6": 2.0837198917638124, "f7": -0.778113810015753, "f8": -0.32789777423584043, "f9": -0.8275644070748469}, "datetime": {"datetime": "2023-02-03 11:44:31", "elapsed": 2955.902113, "delta": 71.400672}}
{"target": 0.22337916488181314, "params": {"f0": 1.9203206265982429, "f1": 0.4660327244223883, "f10": -1.9946916171072095, "f11": 2.763644500667758, "f12": 2.739510881760835, "f13": 0.6473953742000024, "f14": -2.1450126408675754, "f15": -0.5692617461605036, "f16": 2.285855355246893, "f17": -2.7262174242577872, "f18": -0.3023260665559792, "f19": -1.3088087178445897, "f2": -2.5234537238220334, "f20": 0.46757511761464476, "f21": 0.5244542517709847, "f22": 0.9888931440311691, "f23": 2.5664004289547617, "f24": -0.47568070211103486, "f25": 0.3515480087355969, "f26": 0.2306207769899229, "f27": -1.8549104119850741, "f28": 1.7832338591007644, "f29": 1.628176795837752, "f3": -0.14840670176852977, "f30": -0.448714097053876, "f31": 0.12165972723646157, "f32": -1.8210001382569203, "f33": 1.872988009414398, "f34": -1.209959657152165, "f35": 0.9227370756458205, "f36": -1.4420507199057084, "f37": -0.2977482731711958, "f38": -0.8996981239030024, "f39": 0.5673359179529848, "f4": -2.2412597105769696, "f40": 0.29009659559967427, "f41": 2.850119251003637, "f42": -2.13402246879427, "f43": 1.5113012027498929, "f44": -1.4488226122669463, "f45": 0.4711137414631126, "f46": 0.6871379237948716, "f47": -1.999018187834017, "f48": -2.835658045207692, "f49": -2.56495998044431, "f5": -0.8133938466932755, "f50": -2.2353464799143996, "f51": -2.656181620697372, "f52": 0.41286821131095697, "f53": -0.789579932135636, "f54": -1.13377723808165, "f55": 2.1715197556082897, "f6": -0.3712615301234564, "f7": -2.6495220586087185, "f8": -1.3991669821574828, "f9": -1.941850902122087}, "datetime": {"datetime": "2023-02-03 11:45:36", "elapsed": 3021.18181, "delta": 65.279697}}
{"target": 0.13475148499970324, "params": {"f0": 1.5747438483777576, "f1": 1.548998843843427, "f10": -0.4687486505365963, "f11": 0.04960662433065621, "f12": 1.0114325906881418, "f13": 2.333102722292945, "f14": -1.2655017931917008, "f15": -2.7906746138806025, "f16": -0.4258781401912646, "f17": -0.8258276618549654, "f18": 1.8101823720312522, "f19": -2.1068830017296656, "f2": -2.427970762696334, "f20": 0.4017946656554332, "f21": 0.01251931394549688, "f22": 1.633158330590558, "f23": 1.5056669655763373, "f24": 0.6762533047217902, "f25": -1.2324506065828773, "f26": -1.2144746232592494, "f27": -2.900674983724029, "f28": 1.8115950272919448, "f29": 1.1456917437667475, "f3": -1.2282325885361607, "f30": 2.948458810192699, "f31": 2.3008823241945087, "f32": -1.2195857086143287, "f33": -0.04895484336456196, "f34": -2.8233808747813582, "f35": -0.43979865222326014, "f36": -0.22160922651904547, "f37": 0.0859089235323891, "f38": -0.8146015241084839, "f39": 2.187355072709183, "f4": -2.162822687035736, "f40": 0.4813815538883873, "f41": 0.8535056028969766, "f42": -1.6349640817114806, "f43": -0.12523238708594142, "f44": -2.478243552128579, "f45": -0.6397648732664329, "f46": 1.4216770119915445, "f47": -2.2947101093461146, "f48": -0.1014440395822307, "f49": -0.7507206079168229, "f5": -2.7557626273737146, "f50": 0.43014338212325365, "f51": -2.518184551507682, "f52": 1.158077438106973, "f53": -2.5599819459794886, "f54": -0.8142106337907595, "f55": 1.8815064109687425, "f6": 2.4191564329098254, "f7": -2.9884656820818853, "f8": -1.5544291971935382, "f9": -2.4357844754773628}, "datetime": {"datetime": "2023-02-03 11:47:27", "elapsed": 3132.20908, "delta": 111.02727}}
{"target": 0.17185396443279938, "params": {"f0": 0.15150453587343027, "f1": -0.1998043359562439, "f10": -2.881020378093993, "f11": 2.8259577515351, "f12": 0.6251223779315975, "f13": 0.7387428592334006, "f14": -0.31360194259040686, "f15": -0.006211364188514423, "f16": 0.9976473599364923, "f17": -0.8682777197335794, "f18": 1.0262441459957814, "f19": -2.0495427568140308, "f2": -0.6563049422047591, "f20": -2.0422440402193534, "f21": 0.3038364470926245, "f22": 0.06869764463283673, "f23": 1.218447291657366, "f24": -0.10066945833855512, "f25": -0.7408839568149634, "f26": -1.124020557915928, "f27": -2.8443803649672996, "f28": -0.07441234916362133, "f29": 1.5880180269766748, "f3": -1.3086039279751593, "f30": 1.699943860104902, "f31": 0.7722693163136699, "f32": -2.4410902613308543, "f33": 1.1629730494682629, "f34": -0.9292737866905973, "f35": 1.8034273139736796, "f36": -1.0267610264651938, "f37": -1.1509634557797843, "f38": -1.6233387275075035, "f39": 0.6556631786324095, "f4": -2.350953208604368, "f40": 0.0636181731144308, "f41": 0.5262664144138789, "f42": -1.7907003302037943, "f43": 1.813597331171732, "f44": 0.4272942054636726, "f45": -1.178450378529646, "f46": 0.25043885712589165, "f47": 0.2500469328449535, "f48": -1.1239783425882155, "f49": -2.1105606405219417, "f5": -1.6760258234195466, "f50": 0.02692810893832487, "f51": -2.230623984525179, "f52": 2.1420063127294746, "f53": 0.15287154293340333, "f54": -0.7976984445515227, "f55": 2.56980106573643, "f6": 0.2932683856352489, "f7": -1.923185472655309, "f8": -1.541078091342756, "f9": 0.179430583885412}, "datetime": {"datetime": "2023-02-03 11:48:17", "elapsed": 3182.24846, "delta": 50.03938}}
{"target": 0.32008124019157197, "params": {"f0": 1.9489479167205146, "f1": 0.5860183047345424, "f10": -2.7968262400991075, "f11": 0.09463212342557464, "f12": 2.2056321569431527, "f13": 0.4086882074230474, "f14": -1.4397760783030074, "f15": -2.7785826292047213, "f16": 1.9381226076580151, "f17": -0.6906033079921476, "f18": 2.203020868658625, "f19": -1.3262038781050371, "f2": -1.9637552784143106, "f20": -2.695201978437263, "f21": 0.366162520795974, "f22": 2.0695342887824855, "f23": 1.8203637820484133, "f24": 0.8124404805900005, "f25": -2.9143250867903383, "f26": 0.4798508351925599, "f27": -0.49028274641622893, "f28": 1.5109648032154994, "f29": 0.9277138309840878, "f3": -0.19624319479265773, "f30": -0.021874044653015123, "f31": 0.21734114747788252, "f32": -2.0989374451196707, "f33": 1.834658156764516, "f34": -0.6243329634094215, "f35": 0.417586435715162, "f36": -1.5186889145004203, "f37": -1.0396721995078593, "f38": -1.1791298947255537, "f39": 0.7103749695595374, "f4": -1.626024022024471, "f40": 0.5320852837506835, "f41": 2.461091214929262, "f42": -2.4893956028350313, "f43": 1.9221952347324864, "f44": -1.1986251064377338, "f45": -1.8874545816025743, "f46": -0.038132636453751645, "f47": -2.8698151947274293, "f48": -1.5671005895782517, "f49": -2.654281443507937, "f5": -0.48703537525638163, "f50": -1.765177048220535, "f51": -0.017551252603474676, "f52": 2.4099615104499517, "f53": -2.0770702712733966, "f54": -2.355394125790201, "f55": 0.857781515275563, "f6": 1.6149625256979563, "f7": -0.8832345619580755, "f8": 0.13971814596478493, "f9": -0.39508081299987285}, "datetime": {"datetime": "2023-02-03 11:49:25", "elapsed": 3250.218176, "delta": 67.969716}}
{"target": 0.4902599638553671, "params": {"f0": 1.3399467911728364, "f1": 0.4523131159146022, "f10": -2.8066487668016062, "f11": 0.06203599442800534, "f12": 2.368402860035038, "f13": 2.255433849789941, "f14": 0.058647567012486856, "f15": -1.162199201736088, "f16": 1.3424803163436672, "f17": -1.886430599896242, "f18": 2.2486430771692496, "f19": 0.06480536639193835, "f2": -0.29678068546525394, "f20": -1.3673150615981002, "f21": -0.2823731121958698, "f22": 0.12216328616759176, "f23": 2.2474173351328064, "f24": 0.613051177488102, "f25": -1.5841983614447483, "f26": -0.36711697946592414, "f27": -0.2965244478617728, "f28": 1.697690965013747, "f29": 0.6091574916846844, "f3": 0.44163483567577266, "f30": 0.5963735478081297, "f31": -0.14645421873534747, "f32": -0.4602587378185157, "f33": 1.7661696262716806, "f34": -0.038508497608277015, "f35": 1.5952647027674283, "f36": -2.152165009351991, "f37": -2.550517545971448, "f38": -0.6834967138482027, "f39": 2.625140049206325, "f4": -2.327331135280138, "f40": 1.7986026805167035, "f41": 2.62039223449386, "f42": -0.21663457075063697, "f43": 2.668632308121838, "f44": -1.7350911708084946, "f45": -1.6547124391680619, "f46": 1.774581322415937, "f47": -1.5341210950360904, "f48": -2.822232579482736, "f49": 0.07834980130557945, "f5": 0.34023036320703604, "f50": -0.028743752600096872, "f51": -0.9590549602018128, "f52": 0.4135423599832728, "f53": 0.3840341794688391, "f54": -0.26081690432649696, "f55": 2.4522277863687774, "f6": 0.4126724609012983, "f7": -1.185108875271472, "f8": -1.9971315850937317, "f9": -1.367761632024375}, "datetime": {"datetime": "2023-02-03 11:50:30", "elapsed": 3315.819871, "delta": 65.601695}}
{"target": 0.13245380035859314, "params": {"f0": -0.20133568695652415, "f1": 1.1110155815588298, "f10": -1.9951560380818683, "f11": 2.7530462896015577, "f12": 1.0744269736502627, "f13": 1.606156197466454, "f14": -2.906546074694477, "f15": -0.10635035169461338, "f16": 0.2866295471777984, "f17": -0.47233575515320547, "f18": 2.77182091511884, "f19": -2.4858301953326527, "f2": -2.659032562750374, "f20": -0.8121400004463579, "f21": -0.25417252944404156, "f22": 2.8536311630919515, "f23": 0.877939807585796, "f24": 0.8951930609129755, "f25": 0.17786240269513964, "f26": 0.4165586099372083, "f27": -2.084142793244565, "f28": 1.815306353657175, "f29": -0.31428517300214204, "f3": 0.49865311075316754, "f30": 0.5440105364738481, "f31": 1.326472437403571, "f32": -0.2813547757827961, "f33": -0.20390574290662847, "f34": -0.3826306349534683, "f35": 0.2815939633573038, "f36": -1.5153474968815417, "f37": 0.3581450294258004, "f38": -2.918891960271673, "f39": -0.13429205005151332, "f4": -0.15590644996946956, "f40": 2.8075100892402887, "f41": 2.6699416211265303, "f42": -2.376190685064816, "f43": 2.002647671259751, "f44": -2.111532601827177, "f45": -0.06051242704857707, "f46": 0.2927274448473898, "f47": -1.5169291469273352, "f48": -0.05332004000639401, "f49": -2.6244766196216864, "f5": -1.016223327385184, "f50": 0.1266140823748234, "f51": -2.768698648174274, "f52": 0.8051321727283836, "f53": -1.5825805184183501, "f54": -0.7372891808435682, "f55": 1.0898741323734462, "f6": 0.7397809708628118, "f7": -2.744721026869015, "f8": -0.2279286045858704, "f9": 0.37419909058398204}, "datetime": {"datetime": "2023-02-03 11:51:28", "elapsed": 3372.847995, "delta": 57.028124}}
{"target": 0.1131547195071137, "params": {"f0": 0.5749361709664546, "f1": -0.30011118287404753, "f10": -0.06786240146505129, "f11": 0.9489218102178065, "f12": 1.8932872603568422, "f13": 2.1716542508903607, "f14": -0.3473998201536741, "f15": 0.17989612357052076, "f16": 2.4569118658955036, "f17": -1.3564840972658696, "f18": 0.15320962883996214, "f19": -0.29298956952127275, "f2": -0.806426392076256, "f20": -1.5889240175478512, "f21": 0.06464518053529988, "f22": 0.7632852059022361, "f23": 1.7361014828233436, "f24": -0.013031266602120173, "f25": -0.21033640262421827, "f26": 0.20060642124785732, "f27": -0.8455045939410826, "f28": 0.5180331193596491, "f29": 1.3992615623222502, "f3": 0.3232619835842432, "f30": 2.556439671565747, "f31": 1.8733870814657605, "f32": -0.9625299200523232, "f33": 0.5476302744632267, "f34": -1.677371560324096, "f35": 1.629163073159041, "f36": -1.6633060439080087, "f37": -2.88392973665299, "f38": -2.8076557490827407, "f39": 1.422828977413329, "f4": -0.46831739645013215, "f40": 0.09138272529057595, "f41": 0.5798678468881918, "f42": -2.0660665229171395, "f43": 3.0156775246821295, "f44": -2.1104797027242013, "f45": -0.575226107660664, "f46": 0.23557172232216966, "f47": 0.027583161950033297, "f48": -1.3585060779774054, "f49": -1.9641892579519995, "f5": -2.2676129287628157, "f50": -2.28629545547661, "f51": -1.799892635596567, "f52": 0.56154721318021, "f53": 0.010201618731758177, "f54": -2.6231754280226687, "f55": 1.443488499076188, "f6": -0.3338241635468462, "f7": -1.6853079533718978, "f8": -1.3875446350479623, "f9": -3.012066120480481}, "datetime": {"datetime": "2023-02-03 11:52:55", "elapsed": 3460.386955, "delta": 87.53896}}
{"target": 0.2948152611711256, "params": {"f0": 0.2766187921452003, "f1": 1.125227275918376, "f10": -0.05037809471726984, "f11": 2.8487926646885513, "f12": 2.6829210036521816, "f13": 0.5061126909026938, "f14": -1.3793032400510146, "f15": -1.354895929837509, "f16": -0.004865411518409468, "f17": -2.0397419643246337, "f18": 1.4919107557252882, "f19": -2.0483659314941423, "f2": 0.150521958169882, "f20": 0.34404983310048776, "f21": 0.22026952426907753, "f22": 1.0928556915420173, "f23": 0.42367764982528777, "f24": -0.231832965730061, "f25": -2.3297887032817135, "f26": -0.7811074627313798, "f27": -0.023773858989682317, "f28": -0.30705629033435256, "f29": 0.7591732634072117, "f3": -0.37344836993828645, "f30": 1.0068877812115486, "f31": 0.5726196018243794, "f32": -2.905332145857904, "f33": 1.0946595111941242, "f34": -1.376540320726976, "f35": 2.2020535035005917, "f36": -0.18313302344358195, "f37": -0.057681435914076484, "f38": -0.32432842178641685, "f39": 1.253201009323761, "f4": -1.0893893675818258, "f40": 1.2816758218569302, "f41": 0.585689094146014, "f42": 0.2684412430009542, "f43": -0.23327655371769257, "f44": -0.33091556050134896, "f45": -1.4451275471694347, "f46": -0.2418844710854113, "f47": -1.3002142715676959, "f48": -2.3583858581268187, "f49": -0.2823638100817689, "f5": -2.659413643650153, "f50": -0.9458046835989578, "f51": -2.2469935083985835, "f52": 1.8630396686333548, "f53": -2.704952494711839, "f54": -0.0082252958054303, "f55": 1.1749923242467843, "f6": 2.555492807496778, "f7": -1.9281916500955825, "f8": 0.2717285988072955, "f9": -0.9288198610599383}, "datetime": {"datetime": "2023-02-03 11:53:50", "elapsed": 3514.911461, "delta": 54.524506}}
{"target": 0.24170448008655776, "params": {"f0": 1.1148244766711966, "f1": 1.231142443856462, "f10": -2.705925670235146, "f11": 1.3541151914415093, "f12": 1.8676631202251317, "f13": 2.4642224059733815, "f14": 0.14423128718631872, "f15": -1.9109485615472437, "f16": 2.2377394018652184, "f17": -1.6984330284873554, "f18": 0.31222711806971537, "f19": -0.384041956822907, "f2": -1.0262442378669687, "f20": 0.25179265277484797, "f21": -0.6582116337915659, "f22": 2.611598996196471, "f23": 2.500250322205116, "f24": -0.1856183018425327, "f25": -1.9333732931485892, "f26": -0.0942686918994311, "f27": -0.3158184847342924, "f28": 0.6585795307869864, "f29": 0.3206164631963396, "f3": 0.4975594421637206, "f30": 1.2430138729436766, "f31": 2.2684235064366134, "f32": -1.882513996394267, "f33": -0.03594494817003846, "f34": -2.478332551940608, "f35": 0.48510505741277327, "f36": -1.9760912048831916, "f37": -2.9076068775218564, "f38": -2.2499176467823214, "f39": 2.0476795553675093, "f4": -0.6871967975691575, "f40": 1.4616001938237972, "f41": 2.9825519848408395, "f42": -2.947442392361957, "f43": 2.6592382911199155, "f44": -0.9138800343985618, "f45": -1.1745642373835359, "f46": 1.8038518104020522, "f47": 0.08368583882622804, "f48": 0.2444113422703289, "f49": -1.0453334107367676, "f5": -1.549492690755907, "f50": -2.9103978084412923, "f51": -2.3857755845326998, "f52": 2.7033869473148227, "f53": -1.3442118451272709, "f54": -2.9185767589209153, "f55": 1.9805265840464743, "f6": 0.36877777133115014, "f7": -1.0147651553600552, "f8": -1.914252038506968, "f9": -0.33480826527449636}, "datetime": {"datetime": "2023-02-03 11:55:05", "elapsed": 3590.368817, "delta": 75.457356}}
{"target": 0.40186451354853764, "params": {"f0": 1.687267171829778, "f1": 2.6857828350641193, "f10": -1.4294091759568694, "f11": 2.648401471120885, "f12": 1.123257108543755, "f13": 1.8815470586875247, "f14": -1.9628833932187146, "f15": -0.433997148870652, "f16": 1.8977049722052326, "f17": -2.147818838125652, "f18": 1.7859366330107689, "f19": -2.064155886979278, "f2": -1.1995306116854052, "f20": -2.020079195270099, "f21": -0.7353162434684055, "f22": 1.7147315217734398, "f23": 1.7353211756093103, "f24": 0.2409616527914159, "f25": -0.35745441569327774, "f26": 0.09659583459557863, "f27": 0.05183030296502977, "f28": 0.11132583677279728, "f29": 2.6917804362608715, "f3": 0.23960122885982682, "f30": -0.32939223180944627, "f31": 0.9764723483228526, "f32": -1.4379283566168644, "f33": -0.10504005945381031, "f34": -0.20115647242405554, "f35": 2.0287319464093887, "f36": -1.7804714843283047, "f37": -1.3884830948272229, "f38": -0.9817515639824266, "f39": 2.380962509696721, "f4": -0.949858433268902, "f40": 1.3059863949511519, "f41": -0.006749906358599678, "f42": -0.1370147985438548, "f43": 1.2707334031261608, "f44": -1.448275297321475, "f45": -1.5947687755232194, "f46": 1.2396207791859135, "f47": -1.2636673686091457, "f48": -2.9492175125751627, "f49": 0.06631895745620708, "f5": -0.15528883711042685, "f50": -1.878781611426673, "f51": -1.7500820064663816, "f52": 2.592446180387696, "f53": -1.2994932058919377, "f54": -1.4041894333924831, "f55": 2.3203564420215166, "f6": -0.3137940526939865, "f7": 0.2323805937148853, "f8": -0.7438828922023344, "f9": -1.098332524057723}, "datetime": {"datetime": "2023-02-03 11:55:57", "elapsed": 3641.857418, "delta": 51.488601}}
{"target": 0.40938227020795903, "params": {"f0": 1.5523739402812216, "f1": 2.9730009620202127, "f10": 0.08237580837689551, "f11": 1.1942374070084267, "f12": 1.8139693886548414, "f13": 2.62304090455261, "f14": -3.02293027952791, "f15": 0.05999045059026509, "f16": 2.6154167158442845, "f17": -0.4143350768786025, "f18": 2.226577092116968, "f19": 0.05806768649028182, "f2": -2.446716439985254, "f20": -2.5708733673354764, "f21": 0.06571610784761606, "f22": 0.22519789933597767, "f23": 0.7509104761031904, "f24": 0.9286263946518714, "f25": -0.27072319526581046, "f26": 0.006401457318703896, "f27": -1.428726611185424, "f28": 0.8271913956478067, "f29": 2.301668708619812, "f3": -1.3372005126411386, "f30": 1.9137791514535434, "f31": 1.3826156893952501, "f32": -1.8537916814256976, "f33": 1.5581447660467205, "f34": -1.302923939741014, "f35": -0.09937882586138855, "f36": 0.10073048915841243, "f37": -1.5632457725233821, "f38": -0.7253896016644421, "f39": 2.2106498631462856, "f4": 0.13449002546220656, "f40": 0.921550383391935, "f41": 2.214776941906085, "f42": -2.9751630555348068, "f43": 2.735329509606606, "f44": -1.4303751106563687, "f45": 0.3362816788134255, "f46": 0.5361466517427037, "f47": -0.9730403739489213, "f48": -2.014341725582854, "f49": 0.17965215291381353, "f5": -2.093613440436351, "f50": -0.2534067051063871, "f51": -1.9247527028322189, "f52": 2.7254348887093185, "f53": -1.1933364375684294, "f54": -0.12345175399798558, "f55": 1.5670780236319406, "f6": 0.787361201029087, "f7": -0.5282650936210551, "f8": -0.7657455894867531, "f9": -1.8479565988409636}, "datetime": {"datetime": "2023-02-03 11:56:40", "elapsed": 3685.477817, "delta": 43.620399}}
{"target": 0.397742242658135, "params": {"f0": 0.989673912509351, "f1": 2.7428897924553253, "f10": -2.7966485699152, "f11": 0.5414447803720088, "f12": 2.0860686288828827, "f13": 0.3754672397288307, "f14": -1.7254099853777984, "f15": 0.13591562440638105, "f16": 1.9731602408825784, "f17": -0.4110733143614409, "f18": 0.7501574724642563, "f19": -2.821428327958423, "f2": -2.4587419439036067, "f20": -0.9207313972465823, "f21": -0.6670026003138725, "f22": 0.15402539646504287, "f23": -0.23541039020106908, "f24": -0.6409108127918451, "f25": -2.9146402834613485, "f26": -1.146328597355635, "f27": -2.6009657902591545, "f28": 1.7924503496015534, "f29": 0.9397814461889767, "f3": -0.02887474280688873, "f30": 0.49963267376122433, "f31": 2.0245181202583895, "f32": -0.20779754102781212, "f33": 0.06060774474829539, "f34": -2.5885916645324403, "f35": 0.5689104862286772, "f36": -0.7505579074037327, "f37": -0.6166441170564978, "f38": -2.5349221856453203, "f39": 2.1463562221468946, "f4": 0.1467683043184742, "f40": 1.0088610015466584, "f41": -0.17285245812697986, "f42": -0.18623561476335793, "f43": -0.2053529866248939, "f44": -0.26589960349572817, "f45": -1.8171749637419365, "f46": 0.4321926357431324, "f47": -2.8419726664800877, "f48": -0.6174485721007827, "f49": -0.746762211313003, "f5": -0.6323921352540749, "f50": 0.17267733891707815, "f51": -1.1023248354136281, "f52": 1.0901750346223449, "f53": -2.500504868394611, "f54": -0.8881981943311907, "f55": 1.9048995030916154, "f6": 0.6269992022627204, "f7": -0.5800191859260457, "f8": -0.7064807583741819, "f9": -0.1892407562285512}, "datetime": {"datetime": "2023-02-03 11:57:55", "elapsed": 3760.200024, "delta": 74.722207}}
