{"target": 0.3769232252576842, "params": {"f0": -1.8903412142264258, "f1": 1.8354502202488947, "f10": -0.15543680420426154, "f11": -0.8921590928156342, "f12": 1.7151847609169297, "f13": 0.40423103259769977, "f14": -0.23224791317468851, "f15": -0.3258934635440993, "f16": -1.0363535560967079, "f17": -0.04672905347717804, "f18": -0.8032593528624854, "f19": -0.0825834661896303, "f2": -0.1762064936664104, "f20": -0.7331340097355861, "f21": -0.12149860730004791, "f22": -0.43966189123275656, "f23": -2.2626445783091538, "f24": -0.2559862464066094, "f25": -1.348308686420897, "f26": -0.0978912206945659, "f27": 1.1743621516050973, "f28": -1.6532075631178622, "f29": -0.5760661231217354, "f3": -0.73994364363252, "f30": -0.5353045683940993, "f31": -0.01528341019866164, "f32": -2.1650096370193177, "f33": 0.4416077498460238, "f34": 0.0570739407037468, "f35": -0.5094711917215169, "f36": 2.206606851044526, "f37": -1.7833336462972267, "f38": -0.2509709466354349, "f39": -1.1360223580798527, "f4": -0.5490295057042902, "f40": 0.01108568339530358, "f41": 0.04629325896567693, "f42": 1.8256232632275895, "f43": -0.2678706374170793, "f44": 0.2808647362280632, "f45": 0.1328328292339163, "f46": -0.4697062823989029, "f47": -0.06512955626675199, "f48": 0.01345383618560983, "f49": 0.3759561288950941, "f5": -0.18456310968182166, "f50": 1.066691987898806, "f51": -0.4871445494951404, "f52": 0.16031730827435497, "f53": 2.8614436366571265, "f54": -0.8215694980471717, "f55": -0.16350114160902318, "f6": 0.643801364672156, "f7": -1.7283979482428808, "f8": -0.07599500825803472, "f9": 0.6747849403650097}, "datetime": {"datetime": "2023-02-03 15:47:48", "elapsed": 3950.306435, "delta": 43.445497}}
{"target": 0.09189707883468802, "params": {"f0": -1.7302400561231674, "f1": 1.5800070980936833, "f10": -0.05059486536287927, "f11": -2.0853040669359197, "f12": 2.6667178644428176, "f13": -0.5007583406433267, "f14": -0.007809972710945412, "f15": -0.8024516663717982, "f16": -1.3468046834883665, "f17": -1.0580871123929556, "f18": -0.14846958848014313, "f19": 1.4237886607751424, "f2": -0.008303375005736302, "f20": 0.12155114326931682, "f21": -0.7399652097337952, "f22": -1.0409979584998874, "f23": -2.277853959015465, "f24": -1.5884713175721292, "f25": -0.4661491921273052, "f26": -0.6357085762765624, "f27": 1.7626830038586625, "f28": -1.014582848630013, "f29": -0.40743275940636575, "f3": -0.5060618785591731, "f30": -0.3498731513486504, "f31": -0.04536795950604533, "f32": -2.2194613664423626, "f33": -0.22160901874759886, "f34": 0.24251903328649707, "f35": -0.9811881088660215, "f36": 2.123547761608446, "f37": -1.2509590773536954, "f38": 1.010072963392115, "f39": -1.1940351912438696, "f4": -0.07909511095285793, "f40": 0.5295721413387745, "f41": 0.7034790331356119, "f42": 1.4455349908388466, "f43": 0.49130741062201744, "f44": 0.049806156810842106, "f45": 1.3465081313885578, "f46": -1.392737571835695, "f47": -0.2629788787260918, "f48": 0.5784872534488539, "f49": 0.092727637762122, "f5": -0.015993547601157565, "f50": 1.3166252949680002, "f51": 0.4108803955038647, "f52": 1.015530181177677, "f53": 2.9859982539257883, "f54": -2.33069913746129, "f55": -0.7790345936913502, "f6": -0.21177887228638198, "f7": -0.5623462669541301, "f8": 0.15505047198953525, "f9": 1.794709819589126}, "datetime": {"datetime": "2023-02-03 15:48:31", "elapsed": 3992.652882, "delta": 42.346447}}
{"target": 0.34261984578367943, "params": {"f0": -2.1771641063795664, "f1": 0.37518984072392614, "f10": 0.5439249146328609, "f11": -2.915149269487871, "f12": 2.1022819966197086, "f13": 0.028579069719624095, "f14": 0.030721827311724015, "f15": -1.6237198493707394, "f16": -0.9420042936182983, "f17": -0.06352701996385846, "f18": -0.7875354609503531, "f19": 0.13436981523774322, "f2": -0.5735558712153295, "f20": 0.5724294239439511, "f21": -0.1299163774421852, "f22": 0.16701104018188961, "f23": -2.008286757015698, "f24": -1.7554818327044683, "f25": -1.0692665994355406, "f26": 0.10659759988498374, "f27": 2.905839980001236, "f28": -1.5929605527799227, "f29": 0.20117610152659382, "f3": -1.2636742910852496, "f30": -0.3543332273807833, "f31": -0.874504941705498, "f32": -1.2520191258108497, "f33": -0.4999311306277225, "f34": 1.345410174680064, "f35": -0.5567927348212018, "f36": 0.9567624449179999, "f37": -0.08418897522488633, "f38": 0.9008309378272423, "f39": -0.4677779502056645, "f4": -0.41256679068455115, "f40": 0.3593251445145681, "f41": 0.7065882075617883, "f42": 0.12833764624463306, "f43": -0.23744015094162352, "f44": -0.12990748206266844, "f45": 0.9910686101678264, "f46": -1.4150510105272054, "f47": -0.6565485765732221, "f48": 2.030906157033369, "f49": 0.46836366323874823, "f5": 0.3602179207931586, "f50": 1.313667466535965, "f51": -0.590087813095777, "f52": 2.482023588927929, "f53": 0.6880006679586546, "f54": 0.02502057507425759, "f55": -0.7715836786246459, "f6": 0.639597953610092, "f7": -0.47344219178422864, "f8": 1.7232751923208154, "f9": 2.8230091299870557}, "datetime": {"datetime": "2023-02-03 15:49:10", "elapsed": 4031.596646, "delta": 38.943764}}
{"target": 0.357442823756042, "params": {"f0": -2.9669516594253404, "f1": 1.324325632244825, "f10": 0.5850674606507102, "f11": -0.20943248211432586, "f12": 2.228198729291783, "f13": -0.25797895104473056, "f14": 0.627408495305217, "f15": -0.6696596845128229, "f16": -0.8841571830411681, "f17": -1.081306573766754, "f18": -0.15601143844079646, "f19": 1.0403358193777952, "f2": -0.5834827680708101, "f20": 0.5212598058253988, "f21": -0.494694129429301, "f22": -0.19750648631480006, "f23": -1.1159520989938427, "f24": -2.150567886089978, "f25": 0.1143692593642669, "f26": -0.4381823971519998, "f27": 2.490524724884254, "f28": -1.0684730139656926, "f29": 0.23244113502262598, "f3": 0.11460289715056371, "f30": -0.029440505082569235, "f31": -0.6744596206495282, "f32": -2.407262744162019, "f33": 0.07072514928448181, "f34": 1.5374694224971592, "f35": -0.09064490902299882, "f36": 2.3689479558961675, "f37": -1.95703941577007, "f38": 0.7722228905607114, "f39": -1.0363803063790065, "f4": -1.1983211557586726, "f40": -0.29673186542524427, "f41": 0.5127082349580628, "f42": -0.09087203396349236, "f43": 0.9028052390132495, "f44": -0.7471465221996654, "f45": 1.8432560131457545, "f46": -1.2377040594064448, "f47": -0.505899327426064, "f48": 0.37214427074131834, "f49": -0.0319988734957799, "f5": 0.2473087316658058, "f50": 0.2449260835400271, "f51": -0.733496717509863, "f52": 1.2920645274832687, "f53": 2.1659435153387685, "f54": -0.023587110424666324, "f55": -0.24498159843491396, "f6": -0.15116436069156017, "f7": -0.19490525206967835, "f8": 2.0149578109015827, "f9": -0.01919279264638138}, "datetime": {"datetime": "2023-02-03 15:49:46", "elapsed": 4067.784835, "delta": 36.188189}}
{"target": 0.25009344353506247, "params": {"f0": -2.730859234120228, "f1": 2.4217900345495673, "f10": 0.0015333011287830267, "f11": -0.42138496139609405, "f12": 0.5382888308906983, "f13": 0.03248597643883011, "f14": -0.28387574800642756, "f15": -0.3578951623646296, "f16": 0.08622555721202385, "f17": -0.4303929044140433, "f18": -0.718850471513319, "f19": 0.6406908412456978, "f2": 0.22659048362842704, "f20": 0.2326865908199901, "f21": -1.0314520180613573, "f22": 0.2754949101755908, "f23": -1.054272599465871, "f24": -1.2482632432904013, "f25": 0.11568292656182244, "f26": -1.8159535549881263, "f27": 2.8175357120054945, "f28": 0.10119334634903931, "f29": 0.18481544820600837, "f3": -1.3703867458477075, "f30": 0.056092713486487034, "f31": -0.42398852288779254, "f32": -1.4025692303006212, "f33": 0.19323173832634288, "f34": 0.3986125678507882, "f35": -1.8435946677902633, "f36": 1.4700588489409876, "f37": -0.63797383324698, "f38": 0.511405905362192, "f39": -0.18874162100161684, "f4": -0.6900563587958591, "f40": 0.6598842782206615, "f41": 0.09661769866789671, "f42": 1.4157097844483524, "f43": 0.03575088138015614, "f44": -0.46784985819632385, "f45": 0.757997681179743, "f46": 0.026923464099611882, "f47": -0.1177314803794558, "f48": 0.8620785885675868, "f49": 0.0561008672829697, "f5": 0.4750824328333709, "f50": 1.4012561877332363, "f51": -0.11995434237687763, "f52": 1.193482080431606, "f53": 2.4459690387638693, "f54": -2.3175232295158223, "f55": -0.6040115061146315, "f6": 0.03012631755867029, "f7": -1.6853096403627617, "f8": 0.46573436969423626, "f9": 0.36286106052931516}, "datetime": {"datetime": "2023-02-03 15:50:38", "elapsed": 4119.749152, "delta": 51.964317}}
{"target": 0.2553660294926205, "params": {"f0": -1.72103413943666, "f1": 1.7939766966378148, "f10": 0.5150803808551692, "f11": -0.44581252073879396, "f12": 2.685110305209234, "f13": 0.2743898265085162, "f14": 0.7116923801446116, "f15": -0.675830157744006, "f16": -0.63114770725429, "f17": -1.2523632189391711, "f18": 0.32547657584677625, "f19": 1.2209309178279735, "f2": 0.5858389401732873, "f20": -0.4173641689472285, "f21": -0.7884667737659907, "f22": -0.7290872654329206, "f23": -0.7726052015243563, "f24": -1.379846700017446, "f25": -0.8779368619343475, "f26": -0.37775186064519906, "f27": 0.5381241930668972, "f28": -1.0002817395185297, "f29": 0.2577332175861792, "f3": -0.715459627512937, "f30": -0.8519557225399799, "f31": 0.4921530143979044, "f32": -0.47145502199918443, "f33": -0.6208050869165836, "f34": 1.1113503010577153, "f35": -0.9120749793512051, "f36": 2.2844118551677344, "f37": -0.8819103203658449, "f38": 0.39479623774661876, "f39": -0.3529012866874317, "f4": 0.0992309300472849, "f40": -0.3226658830531398, "f41": 0.011314895138631376, "f42": 0.39079582118106876, "f43": 0.6260279933807631, "f44": -1.1074057510498594, "f45": 0.8859936898072088, "f46": -1.6546426213912988, "f47": 0.23756986809466474, "f48": 1.913336513627239, "f49": -0.643258622742471, "f5": 0.0805914172581984, "f50": 1.387722783164431, "f51": 0.48855648449761113, "f52": 2.5211485233444044, "f53": 2.1602132828283898, "f54": -1.1938534735950856, "f55": -0.161511923439017, "f6": 0.28705272113864794, "f7": -1.5901298890504885, "f8": 0.0064014722440568425, "f9": 2.5925683349481385}, "datetime": {"datetime": "2023-02-03 15:51:36", "elapsed": 4178.34028, "delta": 58.591128}}
{"target": 0.15885660104550797, "params": {"f0": -2.940975136796182, "f1": 1.8494646946567417, "f10": -0.3987970734773466, "f11": -1.0344488062214614, "f12": 1.8082444413103955, "f13": -0.22877097567603322, "f14": 0.7417656408420179, "f15": -1.1668988164306309, "f16": 0.15252202417734462, "f17": -0.7533737657848536, "f18": 0.21243094631074222, "f19": -0.08145193731323075, "f2": -0.13170894704679026, "f20": -0.38673780918354683, "f21": -0.31604432779673663, "f22": -0.24485635802060057, "f23": -1.555309453626391, "f24": -0.9060201682162496, "f25": -1.22185908711397, "f26": -1.4059823376857432, "f27": 2.033699638450441, "f28": -0.2193844749389433, "f29": 0.5302107365110679, "f3": -1.4667203872225119, "f30": -0.5733795906025504, "f31": -0.8022074483561975, "f32": -0.32518121902470476, "f33": 0.31382257463525143, "f34": 0.0648761380219987, "f35": 0.009612272957167711, "f36": 1.5895227186026213, "f37": -0.3585657293501625, "f38": 0.05755140836827782, "f39": -0.9542809502157625, "f4": -1.4844554300356145, "f40": 0.8630085629764459, "f41": 0.20600752238664666, "f42": 0.03475298223695612, "f43": -0.45488561029455127, "f44": -0.2536597712357236, "f45": 1.1679083739285148, "f46": -0.611969252909214, "f47": 0.26528472129962766, "f48": 2.1535257205140335, "f49": -0.30992134277172717, "f5": -0.17007182129941356, "f50": 1.2136531475575252, "f51": -0.3453086185660981, "f52": 1.3274083454828727, "f53": 1.5364078823227556, "f54": -1.895657091904908, "f55": 0.06410339686167754, "f6": 0.12448134465953314, "f7": -0.8454044669323048, "f8": 0.5549860681019767, "f9": 1.9836629984132705}, "datetime": {"datetime": "2023-02-03 15:52:19", "elapsed": 4220.469114, "delta": 42.128834}}
{"target": 0.14549664834311335, "params": {"f0": -1.8455237394139097, "f1": 0.31391306979548095, "f10": 0.32306741118043436, "f11": -2.5630616707005034, "f12": 0.3494872218263933, "f13": -0.05932700193115992, "f14": 0.334086497348294, "f15": -0.012980431829870742, "f16": -1.2330507856729092, "f17": 0.01450553156046075, "f18": 0.11583147454955045, "f19": 0.6196907778820434, "f2": -0.7387972912489308, "f20": 0.16521275361544785, "f21": -1.3224476066380635, "f22": -0.44902204775708043, "f23": -0.4333330640530464, "f24": -1.6020930884160283, "f25": 0.020328901412259404, "f26": -0.6702760102879213, "f27": 0.32687111005465047, "f28": -1.4964284245288217, "f29": -0.6278894640610644, "f3": -0.7792683889429637, "f30": 0.32405661442410016, "f31": -0.05598524656696169, "f32": -1.112546899047895, "f33": 0.2640582032502594, "f34": 1.6242466198362788, "f35": -0.29457979994664774, "f36": 2.1054954770852743, "f37": -1.3855643510697586, "f38": 0.06421163240449779, "f39": -1.2014053018242903, "f4": -0.7012579653696493, "f40": 0.21119833437385754, "f41": -0.04063393550671962, "f42": 0.362202565143404, "f43": 0.41301620652784465, "f44": -1.1709898047666727, "f45": 1.1281473954710597, "f46": 0.06056373371529222, "f47": -0.945481926825304, "f48": 0.37711487235972796, "f49": -0.011297934858305547, "f5": -0.017616218295967268, "f50": 0.4429489251662879, "f51": -0.19274317632527183, "f52": 1.6751439134994932, "f53": 2.8580914590229893, "f54": -1.2818670990367316, "f55": -0.2823755389156778, "f6": -0.024343555942043793, "f7": -1.0793544878590793, "f8": 0.8327618775362572, "f9": 2.8520277364941164}, "datetime": {"datetime": "2023-02-03 15:53:20", "elapsed": 4282.141124, "delta": 61.67201}}
{"target": 0.1870357450800306, "params": {"f0": -1.0396875560532546, "f1": 2.544865104291406, "f10": 0.42136251278098347, "f11": -1.375305745996858, "f12": 0.7689343085860485, "f13": 0.08591905295465807, "f14": 0.5106580037754243, "f15": -1.4645727186831083, "f16": -1.0883999076005417, "f17": -0.1242550765630166, "f18": -0.038576612195009186, "f19": 1.1127635707513432, "f2": -0.615429193017579, "f20": -0.14767833674560016, "f21": -0.9498148692051491, "f22": -1.0393827447875537, "f23": -0.24070821891948913, "f24": -2.1583022344913174, "f25": -0.9458082405638888, "f26": -0.8029168390162693, "f27": 1.4205366589175945, "f28": -1.7164934038594368, "f29": -0.5241755899060231, "f3": -0.9315175816886183, "f30": -0.31563734136961297, "f31": -0.337092197240351, "f32": -2.128688066809589, "f33": -0.5624288081238003, "f34": 1.8170831848135949, "f35": -2.7731309491396954, "f36": 0.883959801185765, "f37": -1.577165161001696, "f38": 0.8923311181515889, "f39": -0.8334670319850911, "f4": -0.8801737707938619, "f40": 0.30001593721607617, "f41": -0.2846194867929397, "f42": 0.5517472095884852, "f43": 0.6335793546976773, "f44": -0.6676234760961826, "f45": 0.19471728857043918, "f46": -0.10171434376025745, "f47": -0.7068191190956433, "f48": 2.520884209216556, "f49": 0.2726952260748129, "f5": -0.04843607090721935, "f50": -0.01846042414384668, "f51": 0.3322005584879031, "f52": 2.6102166921866163, "f53": 0.9209079969527864, "f54": -2.136684789919844, "f55": -0.7737073744548832, "f6": 0.5713694330258481, "f7": -1.5589420968576022, "f8": 0.6306117593890649, "f9": 2.850391470042837}, "datetime": {"datetime": "2023-02-03 15:53:26", "elapsed": 4288.176142, "delta": 6.035018}}
{"target": 0.34308720003673415, "params": {"f0": -0.3845068390937598, "f1": 0.3324363695457129, "f10": -0.21409810215106967, "f11": -0.3195743308772827, "f12": 2.5638260817132226, "f13": -0.5066122185509522, "f14": -0.37690214543671285, "f15": -0.543761435296626, "f16": -0.968246581055242, "f17": -1.0810704035097822, "f18": 0.2705251529457965, "f19": 0.008582388337159852, "f2": -0.38406624534787476, "f20": 0.38161155291444016, "f21": -0.6816733771893058, "f22": -0.5966096330609385, "f23": -1.183951192400222, "f24": -1.9950444207293447, "f25": -1.0449601672553737, "f26": -1.4626000031879403, "f27": 1.160888154399889, "f28": -0.7367371436159083, "f29": -0.1030975102492615, "f3": -0.02826925233377864, "f30": -0.9653615452102585, "f31": 0.1203094894706721, "f32": -2.301618321958517, "f33": 0.03494301367032093, "f34": 1.5943258265138165, "f35": -2.2014077258717273, "f36": 0.3848572810226715, "f37": -2.564292420351289, "f38": 0.3395240751539591, "f39": -1.109974938139991, "f4": -0.7606640711090352, "f40": 0.7773114728239674, "f41": 0.19040580122695272, "f42": 0.32709963829912025, "f43": -0.03726608154303468, "f44": 0.24751421360088766, "f45": 1.2189996715928082, "f46": -0.4140167769585039, "f47": -0.48492358221651866, "f48": 1.3095599857140758, "f49": 0.5050890346501733, "f5": -0.36187927874004766, "f50": 0.8078262101392399, "f51": 0.22275318927921794, "f52": 0.057973028629711945, "f53": 1.6837112989743175, "f54": -1.622485145615706, "f55": -0.3343752149040118, "f6": -0.1885394299199797, "f7": -1.6840934099434612, "f8": 0.5154747600281054, "f9": 1.4340814077999884}, "datetime": {"datetime": "2023-02-03 15:54:21", "elapsed": 4343.391896, "delta": 55.215754}}
{"target": 0.23125098850057726, "params": {"f0": -0.23845348208431627, "f1": 2.3666507368219203, "f10": 0.21742908192440857, "f11": -2.0746125719160657, "f12": 1.1956598533171425, "f13": 0.45043944866870367, "f14": 0.4997263116481421, "f15": 0.0032366890757513644, "f16": 0.0941808752111557, "f17": 0.1345408868406448, "f18": -0.02582853655394679, "f19": 1.213390255021175, "f2": 0.4339244287584596, "f20": -0.05779237552715777, "f21": -2.2484259297229636, "f22": -0.3847629565582371, "f23": -1.4575694202903167, "f24": -1.4230503821073945, "f25": -0.26931617412817244, "f26": -1.4890788356268652, "f27": 0.2374900137287348, "f28": -1.200382610168618, "f29": -0.3773598929605517, "f3": -0.04952521467194493, "f30": -0.2226071002921194, "f31": 0.3541641286062621, "f32": -0.20093050780632993, "f33": -0.41460458081420604, "f34": 0.18999867804682405, "f35": -0.5833227726755141, "f36": 2.204780109905674, "f37": -1.969027399988516, "f38": 0.018510194358459797, "f39": -0.8581128166066129, "f4": -1.0133184141168128, "f40": 0.9479621247771421, "f41": 0.21685838370678884, "f42": 1.3227873823943517, "f43": -0.30298130476414353, "f44": 0.15541002290156847, "f45": 0.5287896327098509, "f46": -1.5442330520817158, "f47": 0.12657186849248636, "f48": 1.043273205634052, "f49": -0.40994456635622617, "f5": -0.6008626202564378, "f50": 1.4948638540894255, "f51": -0.402692537490314, "f52": 2.4551837052225842, "f53": 2.1931098013408064, "f54": -1.1452019390109445, "f55": 0.12062470122697311, "f6": -0.2749919665360581, "f7": -0.21087441721455646, "f8": 1.3983018917554393, "f9": 0.6909291512122258}, "datetime": {"datetime": "2023-02-03 15:55:02", "elapsed": 4384.37678, "delta": 40.984884}}
{"target": 0.18572179925939752, "params": {"f0": -1.3134639269251194, "f1": 2.1695496583643585, "f10": 0.00858813733501318, "f11": -1.388976421538891, "f12": 2.7357394616555504, "f13": -0.08744646150579927, "f14": -0.15537726216743974, "f15": -0.9679396953706516, "f16": -0.982875680445242, "f17": -0.7920358294878078, "f18": -0.3833998362817463, "f19": 1.3234505693097625, "f2": 0.34956697157121663, "f20": -0.06078317666862598, "f21": -0.9986974456759765, "f22": 0.18247980373086592, "f23": -0.647468403345973, "f24": -1.759879234943425, "f25": -0.5581876385356135, "f26": -0.10948862274296789, "f27": 2.4766358934511596, "f28": -1.2292938576311716, "f29": 0.0228198522661609, "f3": -1.6031729200073723, "f30": -0.32394693585141765, "f31": -0.6125394163994318, "f32": -2.3743565472058115, "f33": -0.36753198574833496, "f34": 1.8027580177771418, "f35": -1.47886927867439, "f36": 1.2737213545103074, "f37": -1.8032165203536719, "f38": -0.11219876693589442, "f39": -1.3310812987073188, "f4": -0.08572289449539894, "f40": 1.0497940740106988, "f41": -0.31349400205189193, "f42": 0.1939222284230216, "f43": -0.17999893173397574, "f44": -1.0676405555339412, "f45": 1.4601795648958407, "f46": -1.4736078213758386, "f47": -0.5163302670251632, "f48": 1.1967853849921932, "f49": -0.1869986537190601, "f5": -0.6618536890650903, "f50": 0.541722364719591, "f51": -0.040613257279093484, "f52": 0.45146391911265593, "f53": 2.952865956716076, "f54": -1.0314676980457946, "f55": 0.2402382548105889, "f6": -0.061166168195561754, "f7": -1.2498981179283826, "f8": 1.9449057865749584, "f9": 2.199546507374217}, "datetime": {"datetime": "2023-02-03 15:56:03", "elapsed": 4445.086045, "delta": 60.709265}}
{"target": 0.17870045391293146, "params": {"f0": -2.886644795602467, "f1": 0.30851641899839677, "f10": -0.14826535797996354, "f11": -0.8501336565296747, "f12": 1.4171937536341797, "f13": -0.40870978404466346, "f14": -0.16400298486793063, "f15": -1.000018984384356, "f16": -1.1373536206441461, "f17": -0.9658113931352834, "f18": 0.16202041275538182, "f19": 0.9049364654305112, "f2": -0.30978101134273334, "f20": -0.5354514939224294, "f21": -0.5933096707667556, "f22": -0.30730021144534514, "f23": -1.611155014136088, "f24": -0.07557695135078424, "f25": -0.9779333433639048, "f26": -0.9755780074336287, "f27": 2.3668537277027664, "f28": -0.6445803004723054, "f29": 0.17212198552349456, "f3": -0.23517169629284695, "f30": 0.15503240283533248, "f31": -0.17775621876933068, "f32": -1.489843773350083, "f33": -0.22557947149592367, "f34": 0.48376303835484635, "f35": -0.19102341652544785, "f36": 0.2606312807973734, "f37": -1.1797275684708461, "f38": 0.24305727100042712, "f39": -0.002207912130568701, "f4": 0.08447590020117413, "f40": 1.0634873370234468, "f41": -0.297542232454041, "f42": 1.0584007148325714, "f43": -0.4435684108656932, "f44": -0.04973431951446616, "f45": 0.6932650442237955, "f46": -0.1173011783819613, "f47": -0.9756982195257281, "f48": 2.5525782023977097, "f49": 0.25699055684648553, "f5": -0.2448675067242565, "f50": 0.7897474734855341, "f51": 0.15692917849187638, "f52": 1.6670852384518067, "f53": 1.2562854060728585, "f54": -1.8049810648589135, "f55": -0.7093037082780239, "f6": -0.2376638174995782, "f7": -1.7336035312501148, "f8": 0.3181794918153357, "f9": 1.3334612798248673}, "datetime": {"datetime": "2023-02-03 15:56:47", "elapsed": 4489.241453, "delta": 44.155408}}
