{"target": 0.28976398520880675, "params": {"f0": -0.6389876342953094, "f1": 2.4112181270554527, "f10": -0.057250330340053224, "f11": -0.7420103280727801, "f12": 1.1593930069085614, "f13": 0.18730018564775386, "f14": 0.2144972370127493, "f15": -1.2692410680194284, "f16": -0.9871464821519026, "f17": -0.2100605397438282, "f18": -0.13923161696862218, "f19": 0.7732017764224575, "f2": 0.03416926913338186, "f20": -0.043633195536394, "f21": -1.571756456203972, "f22": -0.7068914313877187, "f23": -0.8064012781573081, "f24": -1.3406032294838306, "f25": -0.7240950582059165, "f26": -0.9316655170979403, "f27": 2.1220610724576585, "f28": -0.6561658696989994, "f29": -0.14660342038321428, "f3": -0.4504579816898109, "f30": -0.762079362210584, "f31": -0.4003047353429093, "f32": -1.6819229597089234, "f33": 0.32090769495438737, "f34": 0.7692089719379525, "f35": -1.6285838711765601, "f36": 0.6376442571716157, "f37": -2.772602529913775, "f38": 0.29610922778493487, "f39": -0.9205093754723992, "f4": -0.35293568858783786, "f40": 0.3424330296511095, "f41": 0.26991897436816337, "f42": 1.0548751616840275, "f43": 0.18348816528322015, "f44": -0.7986454496745784, "f45": 1.3958365434916464, "f46": -1.086990277320343, "f47": -0.05368686403854861, "f48": 0.8345233407540251, "f49": 0.23006247296585008, "f5": -0.15516834376182703, "f50": 1.1143846578934669, "f51": 0.2950285524553114, "f52": 1.4101010402808676, "f53": 2.2803518964163407, "f54": -2.3721925198330625, "f55": 0.06888202632641982, "f6": 0.1357522928978298, "f7": -1.0155350284640363, "f8": 1.2197198719922424, "f9": 3.0126024384632197}, "datetime": {"datetime": "2023-02-03 17:11:44", "elapsed": 8985.898697, "delta": 51.182057}}
{"target": 0.3040620621676988, "params": {"f0": -2.7380946181319565, "f1": 0.6152547144659688, "f10": -0.18446023227146166, "f11": -1.5642013556401304, "f12": 1.9391209986198301, "f13": -0.5002542561370203, "f14": 0.33750646837286974, "f15": -1.4043202711048857, "f16": -0.8344502708546496, "f17": -0.8976114878696462, "f18": 0.08183682173349771, "f19": 0.20683025011865214, "f2": -0.19000850164674865, "f20": 0.27146764804201934, "f21": -0.5007759361607458, "f22": -0.5082901368157989, "f23": -0.9027165720359063, "f24": -1.024254744863371, "f25": -0.3308930832819883, "f26": -1.551329856003925, "f27": 2.2152679796063897, "f28": -0.4737653309072657, "f29": 0.13785594239130167, "f3": -1.2939556953993017, "f30": -0.5198925303597467, "f31": -0.07049436658477609, "f32": -1.3746469237084256, "f33": -0.055120393586691296, "f34": 1.2299609989912659, "f35": -1.8980076703384028, "f36": 0.710101096960652, "f37": -1.9063609646898994, "f38": 0.021958786080102738, "f39": -0.3008845679871893, "f4": -0.29543905693339656, "f40": 0.04829841675575214, "f41": 0.005345683339248869, "f42": 0.6026224670234972, "f43": 0.46116653462052604, "f44": -0.5737871214161049, "f45": 1.0079933710485016, "f46": -0.2777994847006846, "f47": -0.7118694958984962, "f48": 1.5863814681509365, "f49": -0.3039902018587244, "f5": -0.1081977753323693, "f50": 0.6688297581512885, "f51": -0.24104984647966793, "f52": 2.0128093739319133, "f53": 0.6336474476428283, "f54": -2.6662436607536186, "f55": -0.0883449875170873, "f6": 0.7262894208880419, "f7": -0.393801277456006, "f8": 1.4660666145367702, "f9": 1.0602604411282655}, "datetime": {"datetime": "2023-02-03 17:12:21", "elapsed": 9022.7775, "delta": 36.878803}}
{"target": 0.29909308904828164, "params": {"f0": -1.9225405048755912, "f1": 2.2184916917283735, "f10": 0.029013883704284038, "f11": -2.9479660652143247, "f12": 0.9488948869901168, "f13": -0.5102721314251482, "f14": 0.3040292840449587, "f15": -1.2198211522612197, "f16": -0.7938681989854045, "f17": -0.5067607232775304, "f18": -0.0516193562667705, "f19": 0.6928245897176835, "f2": 0.1379143036619907, "f20": 0.31289241303630816, "f21": -1.3410893413505183, "f22": -0.2190276363420075, "f23": -0.6032143657024287, "f24": -1.6598306023197626, "f25": -0.9586381811858514, "f26": -0.4210189755085183, "f27": 2.8607413102537613, "f28": -0.5550449349305615, "f29": -0.2164057010896465, "f3": -0.8271528842254986, "f30": -0.40907198809200646, "f31": -0.032787601802884314, "f32": -1.5636604757707915, "f33": 0.3742944080972314, "f34": 0.48002998046978773, "f35": -1.94226872167508, "f36": 1.0197229079966248, "f37": -1.528609564394935, "f38": 0.20671452223150474, "f39": -0.6343323292969906, "f4": -0.5536762202698934, "f40": 0.09179502564393906, "f41": -0.012307660903768114, "f42": 0.621996352295977, "f43": 0.48049503160700946, "f44": -0.10878236483163861, "f45": 0.43358458508412157, "f46": -0.31632746144666246, "f47": -0.04323082854909277, "f48": 0.6501569113802559, "f49": -0.19280936180854347, "f5": 0.09308629569567217, "f50": 0.6657553436649382, "f51": -0.25267402732094263, "f52": 1.4074821491862015, "f53": 2.678002512639307, "f54": -1.770583825048159, "f55": 0.050307951661375916, "f6": 0.5066687066718683, "f7": -0.37062659898748507, "f8": 1.9639425645824062, "f9": 1.8069737099407823}, "datetime": {"datetime": "2023-02-03 17:12:56", "elapsed": 9057.447589, "delta": 34.670089}}
{"target": 0.30802735892190164, "params": {"f0": -1.4589737195902541, "f1": 2.090457410496655, "f10": -0.015377317413398484, "f11": -0.8767931018354238, "f12": 2.016862647060388, "f13": 0.19342634172598638, "f14": 0.36585954962009115, "f15": -0.6709069690905028, "f16": -0.13772013116434723, "f17": -0.20975898869321963, "f18": 0.04288481995014992, "f19": 0.6039592936784177, "f2": 0.12106089868219194, "f20": 0.29493275549162934, "f21": -0.5108838162248615, "f22": -0.26402100568388487, "f23": -1.4552705642953283, "f24": -0.9194744118614836, "f25": -0.7662650218468486, "f26": -0.7694051347348807, "f27": 2.5041018868827862, "f28": -0.6907578827522838, "f29": -0.049059755805764715, "f3": -1.2456998571032065, "f30": -0.6806619516692309, "f31": -0.0504324884414159, "f32": -2.236612477068998, "f33": 0.2763642307460763, "f34": 0.8168579622574368, "f35": -1.0317140475089293, "f36": 0.865825830511411, "f37": -1.8984200021446007, "f38": 0.46337424461685306, "f39": -0.2930859107583419, "f4": -0.37777402264552096, "f40": 0.4033335247914077, "f41": 0.30372393318079016, "f42": 0.9223430006278337, "f43": 0.38257378842479683, "f44": -0.32550988505959244, "f45": 0.6808003204066659, "f46": -1.0279891190877342, "f47": -0.7612292247999987, "f48": 1.7752240454881154, "f49": -0.015898734298183448, "f5": 0.12048106632709132, "f50": 0.48189844130989523, "f51": -0.09933055088782639, "f52": 2.3877546924531297, "f53": 1.7778890579701765, "f54": -2.5176454229184317, "f55": 0.05965569524044623, "f6": 0.6089446711667434, "f7": -0.5195688987844792, "f8": 1.1611094083856992, "f9": 0.943878970840427}, "datetime": {"datetime": "2023-02-03 17:13:39", "elapsed": 9100.50135, "delta": 43.053761}}
{"target": 0.10828185706470632, "params": {"f0": -1.3210430013698362, "f1": 2.832587708111374, "f10": -0.0979467606462584, "f11": -2.72782101897821, "f12": 1.7447173828821918, "f13": -0.27639447892602537, "f14": 0.3294943001893199, "f15": -1.519589007043139, "f16": -0.8590485103286184, "f17": -0.2385411511817166, "f18": -0.08975118399933546, "f19": 0.6067023299560113, "f2": -0.3897331340337049, "f20": -0.07115019492304508, "f21": -1.0281471724138669, "f22": -0.5951327704911332, "f23": -1.705693691929283, "f24": -0.49905186373099664, "f25": -0.8999642671715531, "f26": -1.2469995342150253, "f27": 1.1820972907871086, "f28": -0.832875553770887, "f29": 0.12886969032254458, "f3": -1.2430931768585225, "f30": -0.5348544744578767, "f31": -0.29069624383210846, "f32": -0.8263236087950441, "f33": -0.31304087269574643, "f34": 0.8904089231226178, "f35": -0.5907119454536125, "f36": 0.565186857444031, "f37": -1.6400834976455034, "f38": -0.007006193277617465, "f39": -1.0180921770589957, "f4": -1.0480944939481582, "f40": 0.7861374219441716, "f41": 0.4774321484660956, "f42": 0.6198835883231095, "f43": 0.17023273479638018, "f44": -0.5912985140392168, "f45": 1.2377436530811168, "f46": -1.0640044751041664, "f47": -0.13034585343039118, "f48": 0.9326285125707496, "f49": -0.32506309572608194, "f5": 0.1819925405278756, "f50": 0.6542385309286741, "f51": -0.2623560477947311, "f52": 0.9512915626497886, "f53": 1.6055703760756603, "f54": -0.6577931743241772, "f55": -0.4917333218545186, "f6": 0.5509948943839273, "f7": -1.2605203038285464, "f8": 1.6760791614829686, "f9": 2.885464817589815}, "datetime": {"datetime": "2023-02-03 17:14:41", "elapsed": 9162.535155, "delta": 62.033805}}
{"target": 0.20212243447719525, "params": {"f0": -2.0461316716536615, "f1": 1.352537842375866, "f10": -0.26695054696963877, "f11": -1.26012340675768, "f12": 1.4790501965244078, "f13": 0.1287888186254197, "f14": -0.16267306905282358, "f15": -0.43075763377897314, "f16": -0.430523980353145, "f17": -0.39632872586822787, "f18": -0.44577084324838967, "f19": 0.4909133496130909, "f2": 0.030677617863067552, "f20": -0.10432076261433554, "f21": -1.0746446782167576, "f22": -0.45891987830356046, "f23": -0.5380149751384349, "f24": -0.561010224936868, "f25": -0.4477567120920637, "f26": -0.7584573364761054, "f27": 0.7189458719365381, "f28": -0.6329257977511872, "f29": 0.0003968065214849381, "f3": -1.028208400288318, "f30": -0.37357854260724427, "f31": -0.4664234476864191, "f32": -0.8190126214370512, "f33": 0.006895389770522231, "f34": 0.7550208310876603, "f35": -2.2478463303685325, "f36": 1.6488242263916428, "f37": -1.5516764809373935, "f38": 0.05418576954023527, "f39": -0.9647949316610511, "f4": -0.3277379558555983, "f40": 0.4644402766666183, "f41": 0.4414306345015897, "f42": 0.7652938535899905, "f43": -0.059384803737405595, "f44": -0.7348074154695889, "f45": 1.1866900134547533, "f46": -0.741230740097555, "f47": -0.2506649718474262, "f48": 1.1111561950200222, "f49": 0.2987194302976167, "f5": -0.08401772748144598, "f50": 1.2237820504276342, "f51": -0.2300201067965427, "f52": 1.6058452273781767, "f53": 2.297348338369758, "f54": -2.017551822208144, "f55": -0.2205074775494491, "f6": 0.739311402393297, "f7": -0.6076733772458823, "f8": 1.672999255117451, "f9": 2.2198641169802595}, "datetime": {"datetime": "2023-02-03 17:14:42", "elapsed": 9163.432505, "delta": 0.89735}}
{"target": 0.46375719298064594, "params": {"f0": -1.2052686418222192, "f1": 0.9978274922956885, "f10": 0.30593274904183304, "f11": -2.0502075976260765, "f12": 1.212725929021939, "f13": -0.2657280969067599, "f14": 0.23052867302560393, "f15": -1.392071999932229, "f16": -0.3558097712936744, "f17": -0.9559539302888669, "f18": 0.015987244698641767, "f19": 0.2010657903398473, "f2": -0.16719365132021485, "f20": 0.3034056115818797, "f21": -1.4063470143962502, "f22": 0.019642777256046573, "f23": -0.8460278465070067, "f24": -0.9145316496987079, "f25": -0.6195120566501416, "f26": -0.8919407424721466, "f27": 0.52153239329783, "f28": -1.083100730723812, "f29": 0.04738413975627215, "f3": -1.042148074169446, "f30": -0.3449451491534359, "f31": -0.48956958971474807, "f32": -1.6478919024187206, "f33": 0.012936465745817582, "f34": 0.6179153386516226, "f35": -2.7880967513842183, "f36": 1.0030227150898348, "f37": -0.5670662171456313, "f38": -0.12047447348165687, "f39": -0.6620929256085105, "f4": -0.7290836606411624, "f40": 0.8373544070701308, "f41": 0.02047839402332996, "f42": 1.4452281221650822, "f43": 0.08556613852288214, "f44": -0.05448520785606226, "f45": 1.0725824270525184, "f46": -0.6454114628171489, "f47": 0.03928314752404016, "f48": 1.6990897556669526, "f49": -0.2105953027770285, "f5": 0.23116334475473477, "f50": 1.3691140413254923, "f51": 0.11846713245473245, "f52": 2.152404883697609, "f53": 2.9739243811476985, "f54": -2.1874510875239763, "f55": -0.24334324830978588, "f6": 0.26245371667013306, "f7": -0.43666251153142877, "f8": 1.4358546426546885, "f9": 1.3210743913067176}, "datetime": {"datetime": "2023-02-03 17:14:43", "elapsed": 9164.774474, "delta": 1.341969}}
{"target": 0.2588644140897293, "params": {"f0": -1.1377351401439033, "f1": 2.9068309470275655, "f10": -0.24063030521875872, "f11": -1.094805165228597, "f12": 2.0389760497765876, "f13": 0.046295710745983376, "f14": 0.2784690639525349, "f15": -0.4640358562675122, "f16": -0.978690426549934, "f17": -0.20479813101024813, "f18": -0.053304246979974934, "f19": 0.14121295924522037, "f2": -0.38982978830975035, "f20": -0.02015622882724999, "f21": -1.3690299073107854, "f22": -0.449662519702067, "f23": -1.6872879909680643, "f24": -0.4486731452867201, "f25": -0.9070927471038328, "f26": -0.579813402776767, "f27": 2.6406329958989976, "f28": -1.386617767551979, "f29": -0.028274833376653485, "f3": -1.3389188535155394, "f30": -0.07955720267872113, "f31": -0.46245589397863507, "f32": -1.1420733195985335, "f33": -0.3239656251312033, "f34": 1.121474227574147, "f35": -0.9738621298615588, "f36": 0.9313967218512909, "f37": -2.4309813490525936, "f38": 0.533086146834159, "f39": -0.8927174405893612, "f4": -0.9995294712668297, "f40": 0.12495643921857134, "f41": 0.47156341975601884, "f42": 0.9248474716014103, "f43": 0.11183237702356547, "f44": -0.7412437791426385, "f45": 0.38801992277913244, "f46": -0.4554185426926233, "f47": -0.30890464028364084, "f48": 2.0606532128732504, "f49": -0.2553952242720966, "f5": -0.23823235509877222, "f50": 0.274059952430789, "f51": -0.30697566592935577, "f52": 0.4473564994563969, "f53": 1.0567555900037728, "f54": -1.7244014275961104, "f55": -0.06920975898863002, "f6": 0.25310397104478444, "f7": -1.3595392142158247, "f8": 1.857549280896351, "f9": 2.143123545874857}, "datetime": {"datetime": "2023-02-03 17:15:28", "elapsed": 9209.449052, "delta": 44.674578}}
{"target": 0.3682261411446058, "params": {"f0": -2.074857956352161, "f1": 2.248894314153751, "f10": 0.016388627767016883, "f11": -2.895283880705949, "f12": 1.203247126074297, "f13": -0.14090594639227888, "f14": 0.13450837060958892, "f15": -1.0394201747208967, "f16": -0.5356814077308122, "f17": -0.14446061042635316, "f18": -0.5142781669697178, "f19": 0.9916589492756837, "f2": -0.2778426511860197, "f20": 0.13010715253177896, "f21": -1.8722072908921028, "f22": -0.7175098281302787, "f23": -0.5181197570236773, "f24": -1.5122397201543198, "f25": -0.9531457992149196, "f26": -0.5981033742918944, "f27": 2.7583490670588158, "f28": -0.30170551734540907, "f29": -0.16278293033610208, "f3": -0.34307368376386704, "f30": -0.286828307892095, "f31": -0.3528920995422727, "f32": -0.6412878939799092, "f33": 0.025615238679276675, "f34": 1.3024601254352621, "f35": -1.5008380464187512, "f36": 1.2608429527407787, "f37": -0.9618033917875821, "f38": -0.11052129398949034, "f39": -0.8209999510493264, "f4": -0.7577234168788064, "f40": 0.6353960094027107, "f41": 0.06300498318027459, "f42": 0.3041924483944433, "f43": 0.02781948672879031, "f44": -0.10229475103123131, "f45": 0.8422753587021135, "f46": -0.82329452345876, "f47": -0.184239772010092, "f48": 1.4410680927836865, "f49": 0.08282731403703003, "f5": 0.07714857195934977, "f50": 0.5245110896627743, "f51": 0.17028851176129867, "f52": 1.553217092911225, "f53": 2.857636462898134, "f54": -1.5060352198401668, "f55": -0.5994571039889198, "f6": 0.6474246256746183, "f7": -1.2310716034784073, "f8": 1.277072405410674, "f9": 1.9933803355836215}, "datetime": {"datetime": "2023-02-03 17:16:21", "elapsed": 9262.673767, "delta": 53.224715}}
{"target": 0.00035432002266873926, "params": {"f0": -2.797395604548069, "f1": 0.7676956922868987, "f10": 0.3380951128724803, "f11": -1.7765367712236793, "f12": 1.0868672795712084, "f13": -0.10182105377940537, "f14": 0.4735819676628601, "f15": -0.4743311255654854, "f16": -0.7040347998388814, "f17": -1.017513264339985, "f18": -0.40837018233253886, "f19": 0.7594823162926312, "f2": 0.3302544758447056, "f20": -0.008385088765511917, "f21": -0.8349035922518155, "f22": -0.006686707293699579, "f23": -0.8033974042947416, "f24": -0.36873403462973675, "f25": -0.9218105341225509, "f26": -0.8203814849351749, "f27": 1.065087569682814, "f28": -1.3533646249231972, "f29": -0.36472278282357745, "f3": -1.3519530471244223, "f30": -0.7908128594220843, "f31": -0.37844491305494976, "f32": -1.2797203985937875, "f33": 0.26304245806265714, "f34": 0.9836077053461716, "f35": -2.115599776361722, "f36": 0.572320702681287, "f37": -0.6636069476144879, "f38": 0.5364405258590241, "f39": -0.4153487319559138, "f4": -0.4356396911413225, "f40": 0.5585608366804536, "f41": -0.17516947123812593, "f42": 0.36315167940545867, "f43": -0.03120541028210483, "f44": -0.027119834566192713, "f45": 0.5311123975458787, "f46": -0.8389457814670384, "f47": -0.11534834822117723, "f48": 0.9254672068840091, "f49": 0.26643685856723476, "f5": 0.26422879352220163, "f50": 0.8291625154109776, "f51": 0.13681665189142256, "f52": 1.6532537393278126, "f53": 2.970500905769426, "f54": -0.9364066628014633, "f55": -0.47249734794089415, "f6": 0.4966915135957519, "f7": -1.1795313630044348, "f8": 0.8888647239024812, "f9": 1.5957331754405164}, "datetime": {"datetime": "2023-02-03 17:18:04", "elapsed": 9365.573123, "delta": 102.899356}}
{"target": 0.45746441732053833, "params": {"f0": -2.8389811669289897, "f1": 0.6258098158652475, "f10": 0.37229424224084073, "f11": -1.700439211709949, "f12": 1.6295791209120702, "f13": 0.08416606180427022, "f14": -0.1279736396951912, "f15": -0.9723865513546301, "f16": -0.15018011398869258, "f17": -0.5708592998296808, "f18": -0.3328473605370691, "f19": 0.26206927296554255, "f2": -0.26968815204237984, "f20": -0.3447754174127673, "f21": -1.536685318323003, "f22": -0.2795738025587404, "f23": -1.1151794835833782, "f24": -1.2657344925466787, "f25": -0.4542584614761699, "f26": -0.8407844965881833, "f27": 1.624695037500007, "f28": -0.3661136657155406, "f29": -0.24292528545519382, "f3": -0.7409633882410721, "f30": -0.34770352975257257, "f31": -0.21272948700142108, "f32": -0.9647127938739257, "f33": -0.18557835104461862, "f34": 0.9086832760806948, "f35": -1.4617987360483844, "f36": 1.9070184809835429, "f37": -2.119049012243022, "f38": 0.2162576549057198, "f39": -0.7869264125986002, "f4": -0.5706516148645951, "f40": 0.5012523306383093, "f41": 0.18724143644983177, "f42": 1.1290260940086854, "f43": -0.037502931690027164, "f44": -0.18380909848663074, "f45": 0.637428872209723, "f46": -0.9313621743588142, "f47": -0.34068856395673663, "f48": 1.8454942860413395, "f49": 0.16605510561027803, "f5": 0.27001010438266027, "f50": 0.5130595183595985, "f51": -0.39999333657104474, "f52": 1.5659839587745208, "f53": 1.8452609739293466, "f54": -1.2632448177050335, "f55": -0.5196068763860312, "f6": 0.6297299073602189, "f7": -0.40435939717925606, "f8": 1.421929437754894, "f9": 2.497916674638729}, "datetime": {"datetime": "2023-02-03 17:18:49", "elapsed": 9411.049782, "delta": 45.476659}}
{"target": 0.571179584293496, "params": {"f0": -1.1021433651330443, "f1": 1.2160976394547052, "f10": -0.13859513305588292, "f11": -2.9293039802994643, "f12": 2.6611443852421917, "f13": 0.2743997366805482, "f14": -0.2948292859983408, "f15": -0.8197182630464535, "f16": -0.4470311968509403, "f17": -0.054559047459774246, "f18": -0.286860395461772, "f19": 0.19577162093421174, "f2": -0.14239732229580565, "f20": 0.0030134611877573603, "f21": -0.7425348101918534, "f22": -0.050524985586183235, "f23": -1.518304094032959, "f24": -1.7247439102682591, "f25": -0.4201728738338435, "f26": -1.4397530534560203, "f27": 2.0885280771814796, "f28": -1.0860267099969936, "f29": 0.009792772886207057, "f3": -1.4053622639150283, "f30": -0.6503653773565415, "f31": -0.3809149736303816, "f32": -1.8879521157218062, "f33": -0.34895734650108684, "f34": 0.6438684637428482, "f35": -0.5991736129601901, "f36": 1.6720258285164615, "f37": -1.163768835111218, "f38": -0.1368285696506883, "f39": -1.1413447251730962, "f4": -0.8317824745793482, "f40": -0.0472790889808283, "f41": 0.444737387024238, "f42": 0.9210574917196184, "f43": 0.2110119687188226, "f44": -0.7416597679765515, "f45": 0.532556464406408, "f46": -0.6934769672064455, "f47": -0.8148386744590941, "f48": 1.9778989284956645, "f49": 0.20791893652221738, "f5": 0.13631682815248036, "f50": 0.324516821989268, "f51": 0.2070257931763806, "f52": 2.119162262684159, "f53": 1.2557526006407036, "f54": -1.6405567312413916, "f55": 0.21312824124333685, "f6": 0.10729051593905596, "f7": -0.43691235715490495, "f8": 1.0531879845469612, "f9": 2.0965383538982456}, "datetime": {"datetime": "2023-02-03 17:20:18", "elapsed": 9500.033626, "delta": 88.983844}}
{"target": 0.08670545935956242, "params": {"f0": -0.8990690586686596, "f1": 2.7915619485679244, "f10": 0.3414855348612473, "f11": -0.6063885363926089, "f12": 0.8912445204557427, "f13": 0.1380854549784838, "f14": -0.11734453921240337, "f15": -0.9464801903402881, "f16": -0.9875901082359214, "f17": -0.4851508902004167, "f18": -0.4194052269019714, "f19": 1.1192433805078121, "f2": -0.14784443377979206, "f20": -0.22901311886496536, "f21": -1.8013518719723516, "f22": 0.043499964360044996, "f23": -0.7855686074663872, "f24": -0.9898430476402008, "f25": -0.12122592528777776, "f26": -0.5791357115914786, "f27": 2.02660809874392, "f28": -0.42968068548695526, "f29": -0.2672382315549518, "f3": -0.7489358956353883, "f30": -0.6585448461324198, "f31": 0.05903222661199781, "f32": -0.5868913129870177, "f33": -0.3357266454626893, "f34": 1.3520367676853422, "f35": -1.8912650330016085, "f36": 1.1783814610288368, "f37": -0.5846881577475087, "f38": 0.4349711556804818, "f39": -0.7706547406098172, "f4": -1.0758027259572474, "f40": 0.24643674535690213, "f41": 0.5017807017714397, "f42": 0.9498212459423008, "f43": -0.04629038947247033, "f44": -0.5300682645888521, "f45": 0.7240823086370518, "f46": -1.005430585012106, "f47": -0.7016732685115032, "f48": 1.7797427262441192, "f49": 0.34970280633455136, "f5": -0.10458514919999273, "f50": 1.187558603834248, "f51": -0.21898397032584696, "f52": 2.2084960064347863, "f53": 0.9981294644347283, "f54": -1.5877982698996613, "f55": -0.3874770278704637, "f6": 0.579377984144193, "f7": -0.5086427755268462, "f8": 1.3117453191837152, "f9": 2.4017031023094924}, "datetime": {"datetime": "2023-02-03 17:20:59", "elapsed": 9540.756224, "delta": 40.722598}}
