{"target": 0.1716745625380888, "params": {"f0": 1.1217280951899167, "f1": 1.5378421504044684, "f10": 0.037331686743280246, "f11": 0.5720299407201715, "f12": -2.3336849535903887, "f13": -0.7112113160229672, "f14": -1.0163102050782946, "f15": 0.7217313990023766, "f16": 0.5551967145613896, "f17": 0.22854135528442576, "f18": 2.4242594910236943, "f19": -1.0424936804097542, "f2": -0.09957439592869377, "f20": 0.5537686884026887, "f21": 0.7176213608001502, "f22": -0.43327857174557316, "f23": -0.16510413093052878, "f24": -2.406598539843684, "f25": -0.9839741637435115, "f26": -0.6128005403092942, "f27": 0.41457774655319657, "f28": 0.3822897107211055, "f29": 2.1307475367176942, "f3": 0.3440406522830523, "f30": -0.5230394823791691, "f31": 0.27783290287177087, "f32": 0.6399866574273598, "f33": -0.9258305752510094, "f34": 2.7441557827209007, "f35": 1.6913370444664872, "f36": -2.153976711277003, "f37": -1.0509725835935433, "f38": 0.17535269423966632, "f39": 2.4700073151687, "f4": -0.48714625138020495, "f40": -1.757187331072658, "f41": 1.4631966238623657, "f42": 1.2470933546497984, "f43": 0.08160364553366573, "f44": 2.9466817092325415, "f45": -0.40011609195878106, "f46": -0.389978348896483, "f47": 0.0016552851420754272, "f48": -2.017586150496882, "f49": -1.0408013393338864, "f5": -1.1113083289228642, "f50": -0.748774319949143, "f51": 0.7491557584763409, "f52": -0.7256652064343914, "f53": 0.5667434199925305, "f54": 1.4194910484266408, "f55": 0.8485741718482172, "f6": -0.8188054444443147, "f7": -0.5353194028475438, "f8": 0.5536904247800999, "f9": 1.6170325254747857}, "datetime": {"datetime": "2023-01-30 15:05:38", "elapsed": 12015.133329, "delta": 76.994508}}
{"target": 0.24395703350809028, "params": {"f0": 1.2054985065359314, "f1": 2.1102015090356754, "f10": -0.547574627603583, "f11": 0.5742156775412935, "f12": -2.9219139018577063, "f13": -0.4871296036263595, "f14": -0.8520966673012662, "f15": 1.1736719545945318, "f16": 1.2302378748992628, "f17": 0.2530714619780122, "f18": 1.7907377090544512, "f19": -0.3250089631272126, "f2": -0.14603891087795196, "f20": 2.1944006439609143, "f21": 0.8694260072334103, "f22": -1.4829320277654923, "f23": 0.0006217928793795791, "f24": -1.3681719153320127, "f25": -2.1472339010710635, "f26": -2.4182967475246477, "f27": 0.10050056987919581, "f28": -0.03505431259385809, "f29": 2.105131778021968, "f3": -0.2420808481030018, "f30": -0.5238568981770262, "f31": 0.2896938633424767, "f32": 0.36674807919490515, "f33": -1.4546832535301955, "f34": 2.5121518211647507, "f35": 1.6089050520797772, "f36": -1.5405391648252613, "f37": -1.1095901750230432, "f38": -0.3906025589365287, "f39": 2.8932278636409836, "f4": -0.6092964530512204, "f40": -0.4648882965360701, "f41": 1.6789680631308093, "f42": 2.5972871008138525, "f43": 0.048342984709040415, "f44": 1.9020585457733505, "f45": -0.48396613215487916, "f46": 0.10169594735396759, "f47": 0.4233218663850346, "f48": -2.1758978108105294, "f49": -1.2584007371711348, "f5": -0.793681098936105, "f50": -1.4076843035716897, "f51": 1.2755971176727108, "f52": -0.4929089512508634, "f53": 0.2150164233075445, "f54": 2.3735897219147604, "f55": 1.4792079629232975, "f6": -1.7752874570593027, "f7": -0.6563099476892074, "f8": 1.3873430707206178, "f9": 2.952891663325572}, "datetime": {"datetime": "2023-01-30 15:06:26", "elapsed": 12062.381721, "delta": 47.248392}}
{"target": 0.30088972259417607, "params": {"f0": 1.028855997727909, "f1": 1.5163240408281002, "f10": 0.008879513144761764, "f11": 0.022167889301621266, "f12": -1.5279903529413734, "f13": -0.4499956953093215, "f14": -0.8881493758074508, "f15": 0.9461615816450382, "f16": 0.8242761220161179, "f17": 0.2095904242386878, "f18": 1.7050896599049534, "f19": -0.969766796610057, "f2": -0.19679197434486662, "f20": 1.0741413195684437, "f21": 0.8484960832375213, "f22": -0.6924595939814551, "f23": -0.022430007416706865, "f24": -1.210557424942515, "f25": -2.030734539776736, "f26": -2.5265985292491218, "f27": 0.16288646285861738, "f28": 0.3995814631470841, "f29": 1.3395866829551613, "f3": -0.20058173435415416, "f30": -1.3006413505870245, "f31": 0.3312967690639482, "f32": 0.3176154884715024, "f33": -0.6916583418730373, "f34": 1.3787950720881095, "f35": 1.123648464913972, "f36": -2.1291702266119112, "f37": -0.8598539399408025, "f38": 0.12904554130816398, "f39": 2.1542782505536477, "f4": -0.6713967221357721, "f40": -1.4810157569208897, "f41": 1.538474013110367, "f42": 2.472390463213533, "f43": -0.2470163279200192, "f44": 2.7430467446470685, "f45": -0.3672497103014335, "f46": 0.18202010681088843, "f47": 0.46891673886873314, "f48": -1.4749899850264936, "f49": -1.1885685648077937, "f5": -0.6432205167956186, "f50": -1.433250140551995, "f51": 0.9173967501082332, "f52": -1.1811620810198062, "f53": 0.5248471538283246, "f54": 0.6725541113957134, "f55": 0.9032178838872021, "f6": -1.898958058698281, "f7": -0.31553511970078696, "f8": 0.7324025734777018, "f9": 0.6570582552206293}, "datetime": {"datetime": "2023-01-30 15:06:57", "elapsed": 12094.192932, "delta": 31.811211}}
{"target": 0.391795243243934, "params": {"f0": 2.316060648980892, "f1": 1.4777153106839351, "f10": -0.5700104861807533, "f11": 0.4560252291983411, "f12": -2.2636994795144734, "f13": -0.9043709656238772, "f14": -2.5650047984320636, "f15": 1.0566538097992526, "f16": 1.38202855711738, "f17": -0.24104558809321505, "f18": 2.283124464993176, "f19": -1.160991141863693, "f2": -0.654604847485161, "f20": 0.6770242713891989, "f21": 0.783511400960228, "f22": -1.0092711685384708, "f23": -0.2926216566910871, "f24": -1.4489807599814104, "f25": -1.7781824642010184, "f26": -2.4596174805958544, "f27": 0.8518775614828835, "f28": 0.145385038952658, "f29": 0.5788381083735837, "f3": -0.19006835942218336, "f30": -1.0487384365829093, "f31": 0.08031408809040258, "f32": 0.5321407069470088, "f33": -2.4601980121472344, "f34": 1.0722478270983897, "f35": 0.5350797210639145, "f36": -1.4015961342261343, "f37": -0.4958567004775195, "f38": 0.1866323230725621, "f39": 2.745378976180938, "f4": -0.14776735343448366, "f40": -0.5393872498641561, "f41": 1.1910398886344309, "f42": 0.727885811885931, "f43": -0.471085595026239, "f44": 1.780362994161072, "f45": -0.26099261806673046, "f46": 0.06989098832748858, "f47": 0.31288487541121934, "f48": -2.1736470720927086, "f49": -1.117196532434816, "f5": -0.8282035734791643, "f50": -2.063021265171579, "f51": 0.5914779907568486, "f52": -1.2260157648930703, "f53": 0.3317565923548435, "f54": 1.2871075811407442, "f55": 0.461446267289346, "f6": -1.1619297464948306, "f7": -0.3507438110815808, "f8": 1.5440144964133258, "f9": 0.9975629222861733}, "datetime": {"datetime": "2023-01-30 15:08:16", "elapsed": 12172.97736, "delta": 78.784428}}
{"target": 0.3650935776341039, "params": {"f0": 1.7815117230096473, "f1": 1.3624376349178584, "f10": -0.28190273659707465, "f11": 0.8171135701487552, "f12": -0.8932022369647452, "f13": -0.5339818001956737, "f14": -2.1815146633847387, "f15": 0.6224853201737497, "f16": 0.5727788203047254, "f17": 0.18579595416581174, "f18": 2.162919970299673, "f19": -0.9486562209690735, "f2": -0.38370250278754287, "f20": 1.0228032891561072, "f21": 0.8567681108927971, "f22": -1.1913218950657762, "f23": -0.055089527269338356, "f24": -2.111513318760868, "f25": -1.7354582391511724, "f26": -1.1836303392765186, "f27": 0.5955668792811581, "f28": 0.5279927562026882, "f29": 0.8567312532563838, "f3": 0.34846997580516187, "f30": -0.8217836227875466, "f31": -0.1366772106669368, "f32": 0.1043169013461569, "f33": -0.735594700324484, "f34": 0.6225884943681611, "f35": 1.3845843954468449, "f36": -1.2637828260857433, "f37": -0.9892861643803015, "f38": -0.20433323933533404, "f39": 2.2373447574045704, "f4": 0.04388580937742581, "f40": -1.400165937889984, "f41": 1.1702635246356308, "f42": 2.4984242511794834, "f43": -0.3765308730128817, "f44": 2.230226171306315, "f45": -0.20464256035874784, "f46": -0.1739618923707988, "f47": 0.7319100417198073, "f48": -1.424462597942016, "f49": -0.4048168621138396, "f5": -0.7150826589387622, "f50": -1.04607361870029, "f51": 1.1882244429987283, "f52": -1.1867398543077532, "f53": 0.35867357522670035, "f54": 1.8536645862188084, "f55": 0.9421091460614897, "f6": -0.5338561957851482, "f7": -0.6532608288055781, "f8": 1.3142771172609038, "f9": 2.8718835577259565}, "datetime": {"datetime": "2023-01-30 15:09:29", "elapsed": 12245.246578, "delta": 72.269218}}
{"target": 0.23869970317879252, "params": {"f0": 0.6916638381965458, "f1": 1.271296002018938, "f10": -0.6416974135282746, "f11": 0.7885145974243507, "f12": -0.7212118380238359, "f13": -0.6768284951724522, "f14": -1.912188414231948, "f15": 0.9067484150044984, "f16": 0.44475241875014193, "f17": -0.4205420788637883, "f18": 1.498894485786111, "f19": -0.8617694833056914, "f2": -0.05412402776830472, "f20": 1.2648995729310517, "f21": 0.21373874968048934, "f22": -0.596972735834905, "f23": 0.23217536641718894, "f24": -0.5831533334801882, "f25": -2.612911936970982, "f26": -2.867233829734444, "f27": 0.6435940046368865, "f28": 0.12025863569401066, "f29": 0.5070881174657376, "f3": 0.3973865186554863, "f30": -0.6396639018225221, "f31": 0.1172944353839889, "f32": 0.6194960413098762, "f33": -1.3735389638936562, "f34": 1.9998529633047681, "f35": 1.5281895532003984, "f36": -1.549178067677599, "f37": -0.2736852131934585, "f38": 0.060468244235895585, "f39": 2.756013677230672, "f4": -0.11640045776846097, "f40": -0.5784326561409532, "f41": 1.902281853928419, "f42": 1.8094413791477986, "f43": 0.11455660695026748, "f44": 0.8118883723879062, "f45": -0.7649818140962896, "f46": 0.1723123301440337, "f47": 0.049802193255374674, "f48": -0.9471798761970693, "f49": -0.5558826916586269, "f5": -1.1690521420724367, "f50": -1.2059465813087653, "f51": 1.2513174091207095, "f52": -0.9855414837037679, "f53": -0.06059439380334267, "f54": 0.9470516140094611, "f55": 0.44165509788771284, "f6": -0.6737217504345436, "f7": -0.3061570136221185, "f8": 0.6315843473728057, "f9": 2.0092642420798335}, "datetime": {"datetime": "2023-01-30 15:09:30", "elapsed": 12246.292643, "delta": 1.046065}}
{"target": 0.23815082653105218, "params": {"f0": 1.1288887021032492, "f1": 0.6679636019157169, "f10": -0.10688740015633713, "f11": 0.6979155828298752, "f12": -0.8737881062521966, "f13": -0.5515908143564041, "f14": -1.5560013025570412, "f15": 1.5491757153625791, "f16": 0.9598524656194731, "f17": -0.13302920500634702, "f18": 0.693239935699274, "f19": -1.3882911731730703, "f2": -0.6330633267024335, "f20": 0.792608441029638, "f21": 0.842227132801184, "f22": -0.5902950679904886, "f23": 0.10508901479903876, "f24": -2.997172959639676, "f25": -2.4105709298153095, "f26": -1.4922067579949614, "f27": 0.574285013518585, "f28": 0.44480418992956205, "f29": 0.7846327531606108, "f3": -0.2730174696355679, "f30": -0.650733821493526, "f31": 0.26355250016621923, "f32": -0.020524059708132616, "f33": -2.3459542809010507, "f34": 0.6354359846774618, "f35": 0.76475769093581, "f36": -1.435327708197912, "f37": -0.6101160504657899, "f38": -0.13451485886936815, "f39": 0.8850902122278712, "f4": -0.07240935638820623, "f40": -0.5794979072406976, "f41": 1.7564259994565283, "f42": 0.84192067709481, "f43": -0.07494484539059293, "f44": 0.8024206349064871, "f45": -0.48628707717366326, "f46": -0.2190890538709252, "f47": -0.10928302290371554, "f48": -2.5295192119036742, "f49": -1.024153401924841, "f5": -0.8562108346317125, "f50": -2.157686172830396, "f51": 0.6067307971565779, "f52": -0.9583972674823056, "f53": -0.09459397222430502, "f54": 1.032679152163266, "f55": 1.3952145038390138, "f6": -0.5286008131864965, "f7": -0.7286921104484487, "f8": 2.1627223792414525, "f9": 1.4792484243466673}, "datetime": {"datetime": "2023-01-30 15:10:38", "elapsed": 12314.65322, "delta": 68.360577}}
{"target": 0.6200346839931701, "params": {"f0": 2.674612270766221, "f1": 1.125952222135238, "f10": -0.6910063865358259, "f11": 0.20446798668126792, "f12": -2.590763555433072, "f13": -1.2944280845905787, "f14": -1.6492252569452566, "f15": 1.150242619382347, "f16": 0.7034420067179104, "f17": -0.23902582859047927, "f18": 1.1022980727739873, "f19": -1.4114943419246844, "f2": -0.5911992247288456, "f20": 1.7157955920354344, "f21": 0.14592627482250137, "f22": -0.49636471983528074, "f23": -0.21679337468624083, "f24": -1.7388600324660857, "f25": -1.1404941492317986, "f26": -0.7086029197677335, "f27": 0.3199537189570912, "f28": 0.24955567508321022, "f29": 1.2259599375152836, "f3": -0.22431655642565645, "f30": -0.3214914495343273, "f31": 0.5126008702059712, "f32": 0.8532081896050805, "f33": -2.4412179361660433, "f34": 1.04805055456456, "f35": 0.7090156759327219, "f36": -1.1351826228626807, "f37": -0.5218606726530141, "f38": -0.03416467612688773, "f39": 0.5722890053963767, "f4": -0.25325115597271874, "f40": -1.2273574829552558, "f41": 1.238130961016818, "f42": 2.414143332043554, "f43": -0.22023200912506652, "f44": 2.5121927622559435, "f45": -0.4820016995902384, "f46": -0.21366623233412158, "f47": 0.24309147084084953, "f48": -1.294638136761163, "f49": -0.3653422157890325, "f5": -0.9400839921734715, "f50": -0.6809337470571739, "f51": 1.1164858432502998, "f52": -1.171130136981413, "f53": 0.39713772210214776, "f54": 0.8775794912669224, "f55": 0.9942492819306304, "f6": -1.6484333403246492, "f7": -0.10710913124125343, "f8": 2.109708391101478, "f9": 2.83044089956013}, "datetime": {"datetime": "2023-01-30 15:12:16", "elapsed": 12412.698482, "delta": 98.045262}}
{"target": 0.13401130480881748, "params": {"f0": 0.864328821825651, "f1": 0.6423383894874956, "f10": -0.8517083993024986, "f11": 0.611464525479141, "f12": -2.247974038438795, "f13": -0.3554161464374419, "f14": -0.5964644968164858, "f15": 1.1953989450199083, "f16": 1.382419769272727, "f17": 0.001828604447445148, "f18": 1.8318013107146267, "f19": -0.839231645950507, "f2": -0.29015375231815693, "f20": 1.42413967765317, "f21": 0.26590385651742454, "f22": -0.7600499026333898, "f23": -0.3618790986967553, "f24": -2.7591977763629356, "f25": -1.5177605128794716, "f26": -1.1721412051287905, "f27": 0.41936023875237793, "f28": -0.10907258287372687, "f29": 1.6129943728623581, "f3": 0.1153106878292251, "f30": -1.373239923174658, "f31": 0.4162365010715575, "f32": 0.3193197594725008, "f33": -1.1620534822539768, "f34": 1.4094765191827319, "f35": 1.7396532054995362, "f36": -1.4878721753672899, "f37": -0.2747609661378172, "f38": 0.08669184781975925, "f39": 2.300638422389314, "f4": -0.5365886134246327, "f40": -0.8199354418912589, "f41": 1.1853793450627634, "f42": 2.352700925906065, "f43": -0.2712101286146664, "f44": 1.004447741641721, "f45": -0.811209939778504, "f46": 0.023448805903114323, "f47": -0.06038599430488093, "f48": -2.977336752899349, "f49": -0.4933149375012502, "f5": -1.1403812806137745, "f50": -1.5117981041591368, "f51": 1.1606046983650122, "f52": -0.6836098146688893, "f53": 0.0747030567230505, "f54": 1.2035228851760116, "f55": 0.5534160576736541, "f6": -1.4976633669085424, "f7": -0.7646447012326383, "f8": 1.2122116046331906, "f9": 1.703469733334451}, "datetime": {"datetime": "2023-01-30 15:13:32", "elapsed": 12488.553747, "delta": 75.855265}}
{"target": 0.3187203945053289, "params": {"f0": 2.644301136186539, "f1": 2.3257324217468214, "f10": -0.6570486841541774, "f11": 0.2446106729305612, "f12": -1.0130091056511743, "f13": -0.3629385231044582, "f14": -1.082707566625551, "f15": 0.4571631825921912, "f16": 1.3858690071315232, "f17": 0.09695095958225708, "f18": 1.6278069316167059, "f19": -0.438736658168174, "f2": -0.7523591636416813, "f20": 2.2155187488257435, "f21": 0.8829152120964605, "f22": -0.5377552741086177, "f23": -0.44916210981952465, "f24": -1.8339054588712342, "f25": -2.1938714345375194, "f26": -1.4174193552380618, "f27": 0.5496389152819252, "f28": 0.496063991704634, "f29": 2.1467058137533925, "f3": 0.3643201486684026, "f30": -0.7482913053689108, "f31": 0.2909740404644272, "f32": 0.6209931325003952, "f33": -1.250233065289515, "f34": 2.9208309728308985, "f35": 2.673238158219736, "f36": -1.7730136774914755, "f37": -0.46926815379913545, "f38": -0.07770110557944543, "f39": 2.7350810174067743, "f4": -0.507299465999066, "f40": -0.8737871941005569, "f41": 0.4146274578632523, "f42": 2.5874083653472937, "f43": -0.0062969116082498555, "f44": 2.2582472151463504, "f45": -0.377785689573632, "f46": -0.015249569689427644, "f47": 0.7304157212686859, "f48": -0.8460868606493888, "f49": -0.3108515712330897, "f5": -0.9469618452710711, "f50": -0.8385937159715808, "f51": 1.4338480196543724, "f52": -0.39821242431724413, "f53": 0.5583323062507601, "f54": 0.9713047587963546, "f55": 0.39337357028789455, "f6": -1.3631859323267368, "f7": -0.7224037277592636, "f8": 1.769647000691227, "f9": 0.9120559237692265}, "datetime": {"datetime": "2023-01-30 15:14:59", "elapsed": 12575.258414, "delta": 86.704667}}
{"target": 0.05724608560039403, "params": {"f0": 1.814856583582107, "f1": 1.6287278956497222, "f10": -0.5016557272346444, "f11": 0.019266739842918643, "f12": -0.6843190435030895, "f13": -1.1925664583203117, "f14": -2.222635784885513, "f15": 0.50186048407927, "f16": 0.7550716184540549, "f17": 0.041915328731542245, "f18": 1.3055028831172732, "f19": -1.2714654341250862, "f2": -0.4614704697316456, "f20": 1.8049959318224569, "f21": 0.3198281665724653, "f22": -0.6161853927920683, "f23": -0.44630648950389484, "f24": -1.8349593055976, "f25": -1.0723637111266393, "f26": -2.816660506144544, "f27": 0.6360838147409673, "f28": -0.12159887569413985, "f29": 0.5799517518234513, "f3": -0.10239445137561914, "f30": -0.7211682382571857, "f31": 0.4671549754372393, "f32": 0.5138877496150382, "f33": -0.7522046742471367, "f34": 2.2173730765754183, "f35": 0.7795977860726329, "f36": -1.3133480485575586, "f37": -0.6641874142995666, "f38": 0.03929007475186108, "f39": 1.8789961125788006, "f4": -0.6363294738891734, "f40": -0.5227678632913151, "f41": 0.4689507042357002, "f42": 1.22220571726591, "f43": 0.07729978987321984, "f44": 1.6217747348874714, "f45": -0.2847971764199073, "f46": 0.051403064434722257, "f47": 0.45099970976854814, "f48": -2.739879331697848, "f49": -0.8562910049632024, "f5": -0.2819787094199395, "f50": -1.9906223416509716, "f51": 0.4750609362202064, "f52": -0.2890208027595482, "f53": 0.04893785341726159, "f54": 0.986017980860151, "f55": 1.2499734887089604, "f6": -0.5727106781606757, "f7": 0.05110756215685486, "f8": 1.4776185951906755, "f9": 0.5944029514007874}, "datetime": {"datetime": "2023-01-30 15:15:45", "elapsed": 12621.911635, "delta": 46.653221}}
{"target": 0.725122861586318, "params": {"f0": 2.109202931858546, "f1": 0.7132027256654087, "f10": -0.13461061815716513, "f11": -0.00661349913609123, "f12": -2.301753703538103, "f13": -0.8780638545545267, "f14": -2.0728698010183044, "f15": 1.3331302553935236, "f16": 0.5838901701494469, "f17": -0.47290876072504706, "f18": 1.9594592392430776, "f19": -1.2583354052079638, "f2": -0.44106833218075375, "f20": 0.9788713807811462, "f21": 0.22470376419455895, "f22": -1.3855848640822779, "f23": 0.11140148711183795, "f24": -0.7715844878075151, "f25": -1.3946045455731306, "f26": -2.7885001590285468, "f27": 0.7316393106606984, "f28": -0.12176986618625196, "f29": 1.8411015920793314, "f3": -0.24927918866325005, "f30": -1.0631136083681312, "f31": 0.006771767598326733, "f32": 0.13542499503257488, "f33": -0.8753678641672189, "f34": 1.640114144257956, "f35": 1.6345041535529272, "f36": -1.240283188878285, "f37": -0.9038183685143232, "f38": 0.16307719863538178, "f39": 2.0434361426785728, "f4": -0.41260495883660636, "f40": -1.7043815251373982, "f41": 0.961895146573832, "f42": 0.6093657079817892, "f43": -0.29537835731443207, "f44": 0.8541786097328131, "f45": -0.2106070517267361, "f46": -0.21020762568000226, "f47": 0.22371993059750955, "f48": -0.7445479539616913, "f49": -0.725991975779712, "f5": -0.5782177760721663, "f50": -1.8683791320155578, "f51": 0.3210083559669846, "f52": -0.9108127516243203, "f53": 0.5998220980477609, "f54": 1.3893903509704522, "f55": 1.286866890154276, "f6": -1.2900412357079527, "f7": -0.611113510607977, "f8": 0.5335748467267846, "f9": 2.1605670478308294}, "datetime": {"datetime": "2023-01-30 15:17:05", "elapsed": 12701.990233, "delta": 80.078598}}
{"target": 0.3156756109925835, "params": {"f0": 2.275962025407099, "f1": 1.6643168247837725, "f10": -0.4170516092848583, "f11": 0.017335864683562102, "f12": -2.0541541163069734, "f13": -1.129334645114568, "f14": -0.8993135281676103, "f15": 1.0067038146603344, "f16": 0.6788261937320053, "f17": 0.2759013510438122, "f18": 1.1743609942764948, "f19": -1.2945940359327246, "f2": -0.536398296992461, "f20": 2.249968017770003, "f21": 0.10901640532565045, "f22": -0.9758770112046247, "f23": 0.10889011904365253, "f24": -1.0434518848062426, "f25": -0.6973008403522705, "f26": -1.2831873086356638, "f27": 0.16390359164068966, "f28": -0.08696071887135495, "f29": 1.890529009204192, "f3": 0.35434160573631196, "f30": -0.8202805227573848, "f31": 0.09390114786832152, "f32": 0.11098190599206695, "f33": -2.7606595164758563, "f34": 1.7341986534932547, "f35": 1.9399164123691555, "f36": -2.1864684104082683, "f37": -0.33662826922319644, "f38": -0.11281482292497003, "f39": 2.304150742418664, "f4": -0.1585654494457015, "f40": -0.5177230902992016, "f41": 0.9434341225672189, "f42": 2.1347143863432683, "f43": -0.48678152345615144, "f44": 0.6406996368225799, "f45": -0.12514148083610788, "f46": -0.32876563705481043, "f47": -0.012331456408137403, "f48": -2.211219469212985, "f49": -1.279615724996235, "f5": -0.5739236003138184, "f50": -1.2622627206367372, "f51": 1.2447868401503088, "f52": -1.206347209332631, "f53": -0.03841115698777403, "f54": 2.3423918072173247, "f55": 0.47598339529129635, "f6": -1.9292817992600721, "f7": -0.4304389935600303, "f8": 2.1927155564342637, "f9": 2.72634343365456}, "datetime": {"datetime": "2023-01-30 15:18:27", "elapsed": 12783.847697, "delta": 81.857464}}
