{"target": 0.3213989506597875, "params": {"f0": 0.11343899154104109, "f1": 0.4256809999905365, "f10": -0.36605603176512747, "f11": 1.0723563280282535, "f12": 0.9214077654052752, "f13": 0.8696151550245194, "f14": -2.278657057459874, "f15": -2.6425783061044434, "f16": -0.10293931966036263, "f17": -0.551023683718987, "f18": 0.782377740587211, "f19": -0.44335391145136827, "f2": -1.942442390375711, "f20": -0.3152276958731247, "f21": -0.4689845818065739, "f22": 2.816353676691844, "f23": 1.3543384346061833, "f24": -0.06654046789760543, "f25": -0.6242515504629682, "f26": 0.49765515075900496, "f27": -1.6405834560720929, "f28": 2.0338651361400224, "f29": 1.0029019485328694, "f3": -0.2171998332832698, "f30": 0.4346314515256815, "f31": 0.8509377328523416, "f32": -1.8147650570486098, "f33": 2.5462669447151463, "f34": -0.9281359608451245, "f35": 2.0261628720677995, "f36": 0.17070964817390089, "f37": -0.5734704574192344, "f38": -0.5353904913893732, "f39": 0.26503923245122807, "f4": -0.2359119924269677, "f40": 0.7838332068678978, "f41": 1.2391485375458102, "f42": -0.8412503491816102, "f43": 0.34205642903726347, "f44": -0.21817680953625596, "f45": -0.36178656227862577, "f46": 0.5243675596358705, "f47": 0.006803809028330443, "f48": -1.2785162307672773, "f49": -2.3562805958225814, "f5": -2.3457982994924063, "f50": 0.1148385929517367, "f51": -1.2264056267155243, "f52": 0.31935650680258193, "f53": -2.7930582353720457, "f54": -0.6643319912807941, "f55": 0.678814055535422, "f6": 0.21552653437318875, "f7": -2.085871343084705, "f8": 0.6638568294346369, "f9": 0.30553747764170297}, "datetime": {"datetime": "2023-02-03 12:44:18", "elapsed": 6543.821221, "delta": 78.527086}}
{"target": 0.6213330645932101, "params": {"f0": -0.28826378021412113, "f1": 0.32864227034023114, "f10": 0.09634696710241164, "f11": 1.7812898646562476, "f12": 1.5666770233145486, "f13": 0.42020042443354344, "f14": -2.0525393736156095, "f15": -0.8731362340611359, "f16": -0.5513587873060726, "f17": -0.9577619538583461, "f18": 1.264079633126458, "f19": -0.3907350194414758, "f2": -0.4696092628103701, "f20": -0.6440838197844434, "f21": -2.522981428218991, "f22": 0.8407227956650909, "f23": 2.7319267456268372, "f24": 0.16951968816845475, "f25": 0.25474181317305467, "f26": -0.33204730586508163, "f27": -1.1080755575060814, "f28": 1.3025786131571158, "f29": 0.7993785178749226, "f3": -0.16205944050099064, "f30": 0.6528230438064783, "f31": 2.8875212333195104, "f32": -0.8420322066539561, "f33": 0.48496621060296635, "f34": -1.675762150526278, "f35": 2.1810889540447675, "f36": -0.024879475031355125, "f37": -2.256360932813857, "f38": -0.7589567618293952, "f39": 0.8278192523740261, "f4": -0.9810949757787842, "f40": 0.803993657774949, "f41": 2.4008599098619183, "f42": -0.33668939150737365, "f43": 0.46110868227109575, "f44": -0.73982879542361, "f45": -0.04510713075566902, "f46": 0.4279132603704755, "f47": -0.37213985518656123, "f48": -2.579547849007777, "f49": -1.395993161057579, "f5": -0.7999524649092029, "f50": -0.9824012220347029, "f51": -0.6499332263106398, "f52": 0.1509580291140507, "f53": -0.6878312045342811, "f54": -1.6796504532511705, "f55": 0.10305077594403736, "f6": 0.9296389263726982, "f7": -1.1247108593158397, "f8": 0.5591471241238263, "f9": 0.33812365007948136}, "datetime": {"datetime": "2023-02-03 12:46:01", "elapsed": 6646.313346, "delta": 102.492125}}
{"target": 0.23291492748157477, "params": {"f0": 0.5336648511698596, "f1": 0.5404489641012689, "f10": 0.0932276208577042, "f11": 0.9447764615347594, "f12": 1.753863586447455, "f13": 0.2547138555426947, "f14": -1.5579599243723232, "f15": -0.9124641397927182, "f16": 0.09791687542813687, "f17": -0.8350791833112929, "f18": 1.7418798190678269, "f19": -1.5272078711217787, "f2": -0.35092413322357174, "f20": -0.8292063462014893, "f21": -0.3868316399372338, "f22": 1.4501381569608633, "f23": 2.531130524152203, "f24": -0.2995627082567859, "f25": 0.18300727101474756, "f26": 0.30057794742625893, "f27": -2.990462568097831, "f28": 1.1943933744297692, "f29": 0.7365224798219725, "f3": -0.24883720317061758, "f30": 0.05482099344186997, "f31": 2.098332920509587, "f32": -0.5762288434065026, "f33": 2.27966320928033, "f34": -0.16832831463728892, "f35": 2.3269359056301373, "f36": -0.2725523494198248, "f37": -1.1781410121348244, "f38": -0.5341970466770415, "f39": 0.8322292217901117, "f4": -0.15953687965379215, "f40": -0.12634157562076287, "f41": 0.6949031782442405, "f42": -0.33457111917171267, "f43": 0.7313417483425421, "f44": -0.6297853673799219, "f45": 0.09543003224327329, "f46": 0.3816063656465001, "f47": 0.2620875615198977, "f48": -2.810200729307704, "f49": -2.185216881921624, "f5": -0.8765076043053286, "f50": -0.13907077673795232, "f51": -0.38415447829006066, "f52": 0.06396296516168548, "f53": -2.513254939602578, "f54": -2.466290650989706, "f55": 0.08012748325449433, "f6": 0.11814907485619253, "f7": -0.6275244725043625, "f8": 0.9461349942456257, "f9": 0.16148015734947724}, "datetime": {"datetime": "2023-02-03 12:47:44", "elapsed": 6748.98537, "delta": 102.672024}}
{"target": 0.11556354230422335, "params": {"f0": 0.30190491479357495, "f1": 0.05183628233386761, "f10": -0.015570901271358184, "f11": 0.29613806218537597, "f12": 1.8564859253630124, "f13": 2.0414069033290057, "f14": -0.953916209976341, "f15": -2.2526382580976363, "f16": 0.4261574477818584, "f17": -1.7198464143811139, "f18": 0.7696541546192702, "f19": -1.3268535630618676, "f2": -2.8921360692607925, "f20": 0.13144756225792698, "f21": -0.6746635819545381, "f22": 0.8408500333977248, "f23": 2.310264616919451, "f24": -0.19833892597593533, "f25": 0.3015292576211104, "f26": 0.16352056322752279, "f27": -1.6313350352179967, "f28": 2.7374466115050895, "f29": 1.9205416313889643, "f3": 0.1452839917979979, "f30": 0.30000559601185667, "f31": 2.786545098054647, "f32": -0.9930542234047122, "f33": 2.138550708162556, "f34": -1.2323627350196624, "f35": 2.5783154326322797, "f36": -0.4269010865453142, "f37": -1.3367497312752648, "f38": -0.538734841197474, "f39": 0.29399485238435397, "f4": -0.1466912874658246, "f40": 0.6651648432193737, "f41": 2.9963846876757523, "f42": -0.7272044079331743, "f43": 0.4301144414514789, "f44": -0.36442449812012523, "f45": 0.08592710230373479, "f46": 0.15949226599376598, "f47": 0.04231762112646592, "f48": -0.44479544501655344, "f49": -0.9922166463709701, "f5": -2.767312845076727, "f50": 0.013650393464001098, "f51": -0.4067625745317055, "f52": 0.446045110019019, "f53": -0.47911745216692925, "f54": -2.5497874153513487, "f55": 1.0797339811840587, "f6": 0.7950051647749853, "f7": -1.059488090616101, "f8": 0.42321447357452124, "f9": 0.384020077560071}, "datetime": {"datetime": "2023-02-03 12:49:29", "elapsed": 6854.495457, "delta": 105.510087}}
{"target": 0.24236764386826942, "params": {"f0": 0.25961780609538, "f1": 0.22566168052837504, "f10": 0.019492996053346645, "f11": 0.35052955344121295, "f12": 1.7616795747546319, "f13": 2.0174741758633123, "f14": -0.656987872160592, "f15": -1.8154406168495765, "f16": -0.07051491820854494, "f17": -0.7019912813654601, "f18": 2.9490387816805463, "f19": -0.6748778407966274, "f2": -2.6345132808602343, "f20": -0.751961718291239, "f21": -0.7799353898270109, "f22": 1.4693609643750007, "f23": 2.5343302699653725, "f24": -0.04868331385129537, "f25": 0.40941621306934306, "f26": 0.7368604931965321, "f27": -1.2410810495919962, "f28": 1.355186837860459, "f29": 1.6316356344902352, "f3": -0.17688220933540605, "f30": 0.5938041701715722, "f31": 3.0081126116433468, "f32": -0.7703937215125698, "f33": 0.7427870798353976, "f34": -0.8098501714288968, "f35": 1.7425013907626468, "f36": 0.22411794381811512, "f37": -1.7591013612361648, "f38": 0.18953404072940228, "f39": 1.2018046510638678, "f4": -0.6985104249554479, "f40": 0.22446421118624177, "f41": 2.8057620180907064, "f42": -0.4553064616979057, "f43": 0.650082819676098, "f44": -0.37033258431171334, "f45": -0.4913630718200486, "f46": -0.43658983149048824, "f47": -0.19244511870344883, "f48": -2.4230452420868605, "f49": -1.3690227022825652, "f5": -0.8439503313721946, "f50": -0.4506430761662058, "f51": -0.426749358961675, "f52": -0.24451642087569755, "f53": -2.9149388991035234, "f54": -1.3379468880756913, "f55": 0.3124442138514211, "f6": 0.872357020396348, "f7": -0.3103894566649923, "f8": 0.3562328483234075, "f9": -0.15137822015556268}, "datetime": {"datetime": "2023-02-03 12:50:16", "elapsed": 6901.469581, "delta": 46.974124}}
{"target": 0.300289087811206, "params": {"f0": -0.31351789430293686, "f1": 0.36484441627702696, "f10": 0.3577404468627885, "f11": 1.4102767796750517, "f12": 0.6945479957283336, "f13": 1.090480591040345, "f14": -2.3593038564037325, "f15": -0.5316474694925306, "f16": -0.3210686309018334, "f17": -0.7628841930794609, "f18": 0.6937508970004437, "f19": -1.6510169482034691, "f2": -0.4007456870596524, "f20": -0.3541889028748393, "f21": -0.37371291517057914, "f22": 2.9913470917779073, "f23": 2.893183361456214, "f24": -0.31446203855616667, "f25": -0.4865186957534057, "f26": 0.3077926840820681, "f27": -1.9989211323877938, "f28": 1.4468094751392593, "f29": 0.4564428060899272, "f3": -0.4327871407214592, "f30": -0.07237580062515792, "f31": 2.39728853326544, "f32": -1.481333675771073, "f33": 2.3675141948478777, "f34": -1.7918504096681285, "f35": 0.43686102064343096, "f36": -0.5410822909718079, "f37": -2.6457874555457788, "f38": -0.5992235312492997, "f39": 0.8153416192665622, "f4": -0.6180111797936079, "f40": 0.7991541956974189, "f41": 2.104823312303447, "f42": -1.6250810259420958, "f43": 0.0835765163600567, "f44": -1.214180927304342, "f45": 0.13520859909090155, "f46": -0.4120872563733352, "f47": -0.047151020985980285, "f48": -1.4293141810427281, "f49": -0.43743614071154413, "f5": -1.900986744089575, "f50": -0.5916700391625072, "f51": -0.34188201140238483, "f52": -0.004885293266079116, "f53": -1.4000113438460438, "f54": -0.7741299217669124, "f55": 0.22252664844559977, "f6": 1.3705795964494683, "f7": -1.3192942619079095, "f8": 0.14488260471737668, "f9": -0.09836218199095309}, "datetime": {"datetime": "2023-02-03 12:50:52", "elapsed": 6937.635173, "delta": 36.165592}}
{"target": 0.14443863911005253, "params": {"f0": -0.05195517419006923, "f1": -0.04189675864791936, "f10": 0.27945657054970396, "f11": 0.7146533128363028, "f12": 0.40786157059855227, "f13": 1.0242240335664015, "f14": -0.8121700705672446, "f15": -2.6209897481565982, "f16": 0.02459150573726654, "f17": -0.8175366280019467, "f18": 0.5115385571177526, "f19": -1.549096077768988, "f2": -1.0630139970827235, "f20": -0.6048520694145091, "f21": -2.585311349856969, "f22": 0.4906978258227802, "f23": 0.8703032385611731, "f24": 0.49055835104229945, "f25": -0.15342002501725405, "f26": 0.7181342592097886, "f27": -0.572795248026734, "f28": 2.421657300698178, "f29": 0.7055152928191992, "f3": -0.3582495648177111, "f30": -0.0051276304639355785, "f31": 1.1742628721448136, "f32": -0.31937216954617, "f33": 1.7623163260671708, "f34": -0.9322900318677565, "f35": 1.4541426041553382, "f36": -0.46520756794164897, "f37": -1.6861590910285034, "f38": 0.11335199722007239, "f39": 1.323530654779966, "f4": -0.6984195439944634, "f40": 0.39148803159766415, "f41": 2.293750077400033, "f42": -0.9717958793978508, "f43": 0.4066274848099518, "f44": -0.6005716522680702, "f45": -0.17432262616640054, "f46": 0.47007094132540067, "f47": -0.3506805071894301, "f48": -1.138636799869842, "f49": -2.662186980211528, "f5": -1.978688822305213, "f50": -0.3186265643575411, "f51": -0.2324748606656808, "f52": 0.7197529567089891, "f53": -2.664381279008982, "f54": -2.9846868883551747, "f55": 0.7519281312763054, "f6": 0.1316467601272605, "f7": -1.77168201543644, "f8": 0.8760780308910819, "f9": 0.6364781911746691}, "datetime": {"datetime": "2023-02-03 12:51:38", "elapsed": 6983.088487, "delta": 45.453314}}
{"target": 0.3295388451114871, "params": {"f0": -0.46247790243196696, "f1": -0.1658955281709489, "f10": 0.2720076322585393, "f11": 0.4985946062215006, "f12": 0.5494157637502903, "f13": 1.0957456954027585, "f14": -0.6937291405150205, "f15": -0.4535689281242492, "f16": -0.4585527386353453, "f17": -0.712381804960181, "f18": 2.8694582722215354, "f19": -0.4799106411929115, "f2": -0.7994361830019336, "f20": -0.8178049395477058, "f21": -2.0264483746067468, "f22": 0.37063696351118575, "f23": 1.428194874442246, "f24": 0.5615865829346731, "f25": -0.35106374770153237, "f26": 0.05660286036842127, "f27": -1.1105568314347345, "f28": 3.0175450107108532, "f29": 1.779205157608727, "f3": 0.23253221447339956, "f30": 0.554390043059571, "f31": 2.8177095031788744, "f32": -1.5164597443730385, "f33": 0.7322105632385136, "f34": -0.8891334498192203, "f35": 2.339540646279066, "f36": -0.290521480768404, "f37": -2.639935804436821, "f38": 0.1478909843794386, "f39": 1.248468318692436, "f4": -1.33893987369829, "f40": 0.181961152628056, "f41": 1.6624883880929522, "f42": -0.5964907999230731, "f43": 0.08814437531835001, "f44": -0.5890296218258402, "f45": 0.2969220514207436, "f46": -0.4352530603674651, "f47": 0.09369118145779054, "f48": -1.8353247252213098, "f49": -2.651022764221724, "f5": -1.1414162616136232, "f50": 0.0372579333859544, "f51": -0.23044475719505608, "f52": -0.011652204531965304, "f53": -0.7685181868132616, "f54": -1.6937029985966863, "f55": 0.2977535421280797, "f6": 1.1056005401623745, "f7": -1.9048243693784421, "f8": -0.10122193146944608, "f9": 0.06609937369677638}, "datetime": {"datetime": "2023-02-03 12:52:39", "elapsed": 7044.635847, "delta": 61.54736}}
{"target": 0.5363918595731493, "params": {"f0": 0.3435138102343701, "f1": 0.6674383430387018, "f10": -0.4333904890321034, "f11": 0.5434896318519475, "f12": 0.22421808757503633, "f13": 1.7884657652453613, "f14": -1.2983921982009243, "f15": -1.048973044085677, "f16": -0.37716840212814107, "f17": -1.513752445438545, "f18": 2.654721660527132, "f19": -0.8065619509713811, "f2": -1.6272357393359078, "f20": -0.23605829364664543, "f21": -0.75045765056891, "f22": 1.1155763949256705, "f23": 1.437750957350662, "f24": -0.1690973540913291, "f25": -0.023361960419912897, "f26": -0.21493913313877633, "f27": -2.4018449203792853, "f28": 1.3660111076979333, "f29": 0.5299567923309663, "f3": -0.29659761397399587, "f30": 0.6777600108963533, "f31": 2.922642915254772, "f32": -0.3821323279944828, "f33": 1.2113888031837132, "f34": -1.7661694942105448, "f35": 0.7933054609579515, "f36": -0.13251094173389022, "f37": -0.8627403756882237, "f38": 0.05251278849891472, "f39": 0.11204961502804578, "f4": -0.5235134966491151, "f40": 0.13168694774594747, "f41": 1.4847440438265445, "f42": -1.0675088940695883, "f43": 0.1020057363556045, "f44": -1.8954539442332647, "f45": -0.12347543832094493, "f46": -0.043502641506484474, "f47": 0.258703182028432, "f48": -2.1413483269629765, "f49": -1.006421060186093, "f5": -1.7056104705877362, "f50": -0.10822538552133165, "f51": -0.7958756685985282, "f52": 0.7441321274835588, "f53": -1.156014926512124, "f54": -0.5345209664747728, "f55": 0.7874050171155031, "f6": 0.49624630666637964, "f7": -2.9516023292960134, "f8": 0.6302186987472511, "f9": 0.6460521969841714}, "datetime": {"datetime": "2023-02-03 12:52:40", "elapsed": 7045.654104, "delta": 1.018257}}
{"target": 0.2952536241239676, "params": {"f0": -0.5077932194289811, "f1": 0.06333902324006646, "f10": -0.5482737102665536, "f11": 0.7516117048243973, "f12": 1.4015215735154147, "f13": 2.13639081323328, "f14": -2.0013173788184115, "f15": -0.6214057142386218, "f16": 0.0841022661298031, "f17": -1.4593728668445303, "f18": 0.4923537011330475, "f19": -1.122766736538629, "f2": -1.7142007021744314, "f20": -0.8918639029285651, "f21": -0.9889053724097567, "f22": 1.9911644946685068, "f23": 1.3040112869822358, "f24": 0.3073898091027649, "f25": -0.4169413624561935, "f26": 0.05857172557965801, "f27": -2.1923732824542532, "f28": 0.26174221029740374, "f29": 2.2291666773891667, "f3": 0.31706508801309796, "f30": 0.46216080401313087, "f31": 1.4350298307446736, "f32": -1.8543073503598595, "f33": 1.6150451085452624, "f34": -0.8624867737252886, "f35": 1.9624482246648975, "f36": -0.09726531240392378, "f37": -2.663398082513233, "f38": -0.7365279719930145, "f39": 0.30896012712563126, "f4": -0.15610748997748103, "f40": 0.694027391218866, "f41": 2.2336249965620527, "f42": -1.786255341286474, "f43": 0.8403881567219276, "f44": -0.6150682410347557, "f45": 0.25779243128638507, "f46": -0.010202198023584907, "f47": -0.12035400563701082, "f48": -2.850529810705643, "f49": -2.9101290718619466, "f5": -2.860553095650465, "f50": -0.11873872280445263, "f51": -0.37220483728348497, "f52": 0.027879876007357918, "f53": -0.6881225253473038, "f54": -1.4813986273066597, "f55": 1.323731690377473, "f6": 0.2916827567388002, "f7": -2.3277823632304355, "f8": -0.037693153461120926, "f9": 0.6188028645566811}, "datetime": {"datetime": "2023-02-03 12:53:32", "elapsed": 7097.029715, "delta": 51.375611}}
{"target": 0.5677519565967954, "params": {"f0": 0.4829052706812911, "f1": 0.5839248194557418, "f10": 0.22684576795487765, "f11": 0.7570092806158797, "f12": 1.0681432489085196, "f13": 1.9925987892894135, "f14": -0.17886809930698178, "f15": -1.0180903401025498, "f16": -0.2647745403039957, "f17": -1.2254702777354387, "f18": 2.507401085215802, "f19": -2.132908242707705, "f2": -0.8460389618534516, "f20": -0.23717879813368403, "f21": -0.7912760168068187, "f22": 2.6283260885677464, "f23": 2.5506625051627796, "f24": -0.15034216241029916, "f25": -0.11290860457199936, "f26": -0.26396233960198184, "f27": -2.61898901458804, "f28": 2.832590564340406, "f29": 1.1688223272627665, "f3": -0.10923406107919564, "f30": 0.1967720853821181, "f31": 0.8695811331600727, "f32": -0.7410773864051163, "f33": 0.534375203625268, "f34": -1.5399773293046037, "f35": 2.4113671122130262, "f36": 0.1139616199594542, "f37": -2.831600960880495, "f38": 0.2901050487194968, "f39": 1.3534096801577136, "f4": -1.523312169874196, "f40": 0.5503065582172766, "f41": 0.6623412741867127, "f42": -1.5164290611634303, "f43": 0.9259044153003346, "f44": -1.4010895371839476, "f45": 0.5152083501992794, "f46": 0.2111453488461551, "f47": 0.5469805706294857, "f48": -1.435532352387933, "f49": -1.7252403866638377, "f5": -1.990591507387192, "f50": -0.16347646114012526, "f51": -1.3653036047681872, "f52": -0.038873146406249504, "f53": -0.450154038035981, "f54": -2.8858408347955047, "f55": 0.6372412294198673, "f6": 1.0461341024799793, "f7": -1.5929982692731162, "f8": 1.0136614140495972, "f9": -0.33372050178587426}, "datetime": {"datetime": "2023-02-03 12:55:08", "elapsed": 7193.517551, "delta": 96.487836}}
{"target": 0.5818164963835409, "params": {"f0": -0.26232875628442787, "f1": 0.006934296437157261, "f10": -0.24726765091200054, "f11": 1.7338290684249855, "f12": 0.743425158130048, "f13": 1.522065487480324, "f14": -1.0278613203952505, "f15": -0.6018008772306835, "f16": -0.4270633723047981, "f17": -0.9725293459517905, "f18": 1.973342713779088, "f19": -0.8679937704596283, "f2": -1.3406074850247918, "f20": -0.048313751118161496, "f21": -2.5509825885149384, "f22": 2.5168850784830585, "f23": 1.0912253034230972, "f24": 0.4745929490857626, "f25": -0.5088465234539964, "f26": 0.022258928772854403, "f27": -0.6068945408599404, "f28": 2.2848317590168827, "f29": 0.35183683691899514, "f3": -0.29612881203905755, "f30": 0.22903311073784394, "f31": 0.44645723309561314, "f32": -2.031516432855884, "f33": 1.938136283673228, "f34": -1.6964918319853957, "f35": 1.9206619312924995, "f36": -0.2021930406625133, "f37": -0.45002142541275925, "f38": 0.14222743945531613, "f39": 0.06525275553186588, "f4": -0.322244007128516, "f40": 0.551226169113841, "f41": 0.9840279097713073, "f42": -1.1687520965149172, "f43": -0.011420556019912653, "f44": -1.5186507573493975, "f45": -0.3640255095414039, "f46": 0.18689671772539296, "f47": -0.03629966294047127, "f48": -1.4212305019222118, "f49": -0.8739000542576538, "f5": -2.0708908417614476, "f50": -0.2481084930802394, "f51": -0.368372202957282, "f52": -0.058474034803709635, "f53": -2.2956545104856954, "f54": -2.909205899071141, "f55": 0.799888954645153, "f6": 1.0861991133697997, "f7": -1.2741202597558916, "f8": 0.7908262564376956, "f9": 0.38596007519868053}, "datetime": {"datetime": "2023-02-03 12:56:07", "elapsed": 7252.506962, "delta": 58.989411}}
{"target": 0.2562186634448229, "params": {"f0": -0.313610755947154, "f1": 0.7408120930653035, "f10": -0.23940724444587075, "f11": 0.5432094741842218, "f12": 0.2585487216613786, "f13": 0.2916713980944473, "f14": -1.6056707155494276, "f15": -0.25726597501448634, "f16": 0.15471621093045274, "f17": -0.48717167776346204, "f18": 0.882039744885398, "f19": -0.3151117952967981, "f2": -2.556377568978636, "f20": -0.9670693936301965, "f21": -1.1979331655082877, "f22": 1.1766556972106694, "f23": 1.9452937042737264, "f24": 0.2847175860225007, "f25": -0.16219894760848574, "f26": 0.23439413762328115, "f27": -1.1683635500716518, "f28": 0.8473864949601426, "f29": 0.20678072886176244, "f3": 0.029728347826075807, "f30": 0.8401499032710547, "f31": 1.9100846735572317, "f32": -1.729617030657401, "f33": 1.0077425211053652, "f34": -1.939608388618644, "f35": 1.2006309415495, "f36": -0.4520194345214119, "f37": -0.8343783390222037, "f38": 0.13726125320399207, "f39": 0.9660645736732196, "f4": -1.6071696843148855, "f40": -0.15012116417655247, "f41": 1.9596800281748559, "f42": -0.7520649876423015, "f43": -0.11659155210737968, "f44": -1.6741358681170726, "f45": 0.32217314791438467, "f46": 0.5017022139448312, "f47": 0.5180515039787068, "f48": -1.5364347276453538, "f49": -1.4100258291625478, "f5": -2.7453910324354007, "f50": -0.39887614745584665, "f51": -0.13791804900819504, "f52": 0.7670771861337324, "f53": -1.5411861257801132, "f54": -1.636673690995731, "f55": 0.8530624472096582, "f6": 0.38611358768782394, "f7": -2.464392715873289, "f8": 0.7524377520016499, "f9": 0.6198583248817999}, "datetime": {"datetime": "2023-02-03 12:57:20", "elapsed": 7324.925014, "delta": 72.418052}}
