{"target": 0.2527611078306629, "params": {"f0": 0.7732373166861874, "f1": 0.8679642857120751, "f10": -1.0080158222265223, "f11": -0.34205445739724927, "f12": -1.1162335677663977, "f13": -1.2050643726780925, "f14": -1.277386080739603, "f15": -1.373028787044176, "f16": 0.3590371162037153, "f17": 0.30254789580863445, "f18": -1.7752992743570277, "f19": -0.6666033723750838, "f2": -0.7271021791466108, "f20": 1.657620885707836, "f21": 0.09879028166785953, "f22": -2.337216810742367, "f23": 1.9645657790989528, "f24": -1.2771224519951652, "f25": -0.4900094037384102, "f26": 0.4229041753473502, "f27": -0.2720243803569264, "f28": 1.2314070885128667, "f29": 2.385110737322707, "f3": 2.7021070622260144, "f30": 1.6876932076029902, "f31": 0.6559700321189588, "f32": -0.18174342637731977, "f33": -0.4395786279518721, "f34": -1.8402619903163109, "f35": 0.7871545460808328, "f36": -0.6802040069858852, "f37": 0.1245974744230281, "f38": 0.06211310232537543, "f39": -1.6671153189893424, "f4": 2.0730202811086267, "f40": 0.680728174404741, "f41": -1.3248788179341702, "f42": -1.2828173938471708, "f43": 0.9679067411782118, "f44": 0.11649348913439173, "f45": 1.1590138257062876, "f46": -0.2715284361495958, "f47": -0.4844047462723142, "f48": -1.3028285284525494, "f49": 0.6214135947783314, "f5": 2.2664821751374493, "f50": -1.4893148344118718, "f51": -0.532131692573536, "f52": -1.276722475726344, "f53": 0.22847704111092113, "f54": 0.375483216067362, "f55": 1.982629947296659, "f6": 1.4851034172786979, "f7": -0.27765856484598583, "f8": -0.7429701372494734, "f9": -1.8206552348903817}, "datetime": {"datetime": "2023-02-04 00:21:50", "elapsed": 21927.527811, "delta": 49.028444}}
{"target": 0.36801372518385594, "params": {"f0": 0.11944955465485184, "f1": 1.2998558031795182, "f10": -0.627105263766597, "f11": -0.11859737832053119, "f12": -0.9169463240017817, "f13": -1.499828053658625, "f14": -0.4010879076386151, "f15": -1.325650537692627, "f16": 0.8660963075836461, "f17": 0.5652747982738998, "f18": -1.6586850151733756, "f19": -0.9676875041501656, "f2": -0.3759901358381017, "f20": 2.4469875530857212, "f21": 0.5905810637182534, "f22": -1.0863281408298318, "f23": 1.648015385877286, "f24": -0.8359635193748006, "f25": -0.9692637144024081, "f26": 0.5370683598153221, "f27": -0.41334844212496696, "f28": 0.48348414705077813, "f29": 1.7359737076964668, "f3": 2.56290621850754, "f30": 1.4742200752004466, "f31": 1.1949976209671622, "f32": -0.20036887488272015, "f33": -0.2946970131203591, "f34": -0.9155071994241959, "f35": 1.5671002643924856, "f36": -0.689633256261253, "f37": 0.032951779432189965, "f38": 0.1189401405737013, "f39": -1.4478249000945913, "f4": 2.180723922002843, "f40": 0.7259061892626044, "f41": -1.7919302036985116, "f42": -1.2629872446988422, "f43": 0.6235417179274064, "f44": 0.1635277842364028, "f45": 0.9665331530222188, "f46": -0.49236022247889444, "f47": -0.9493018292284015, "f48": -0.8134142526503458, "f49": 0.35123423586235075, "f5": 1.6565022128049973, "f50": -0.638314736070282, "f51": -1.0441589584846704, "f52": -0.8518168973684334, "f53": -0.05401223056000555, "f54": 0.15632880529518595, "f55": 1.040717588763837, "f6": 0.7561036752856682, "f7": -0.2827891013688958, "f8": -0.5858198411937462, "f9": -0.99453861060702}, "datetime": {"datetime": "2023-02-04 00:22:34", "elapsed": 21970.901231, "delta": 43.37342}}
{"target": 0.24199957653321555, "params": {"f0": 0.6804382101907633, "f1": 1.3174973053649948, "f10": -0.7341738462084746, "f11": -0.5729654768848169, "f12": -0.8455533368038988, "f13": -1.3953390338114138, "f14": -0.6980812364066422, "f15": -1.2200755446883598, "f16": 0.45852390586570635, "f17": 0.06628585466640671, "f18": -0.7833516157033686, "f19": -1.2564173424893783, "f2": -0.8320044698915213, "f20": 1.7942874383268526, "f21": 0.3731383549896952, "f22": -2.6585123744919175, "f23": 1.3678668328882306, "f24": -1.1272866127163823, "f25": -0.7281276427759376, "f26": 0.8963337060014906, "f27": -0.13696760845210149, "f28": 0.9984231114753002, "f29": 1.8632397291958698, "f3": 1.835249576265987, "f30": 2.114961410100636, "f31": 0.6630818261224306, "f32": -0.39286870998510676, "f33": -0.2024619287875954, "f34": -1.7143437493530738, "f35": 1.6792339986831029, "f36": -0.4286573108843535, "f37": 0.11617673901526165, "f38": 0.08194279156828904, "f39": -1.2941705801816075, "f4": 2.9340408750813065, "f40": 0.7697737242540206, "f41": -0.7020946932183811, "f42": -2.4029471324814557, "f43": 0.3918513384376562, "f44": -0.17819260875267506, "f45": 1.2347694668137814, "f46": -0.5164619043087226, "f47": -0.7427611166394512, "f48": -0.9342799665548458, "f49": 0.13792753305099503, "f5": 2.4587068346969057, "f50": -1.3283291176980514, "f51": -0.865745731388835, "f52": -1.133188087608182, "f53": 0.26706309401733874, "f54": 0.17082446915075322, "f55": 2.8301322568866483, "f6": 2.1754348889802113, "f7": -0.004501832543310713, "f8": -0.475831562797649, "f9": -2.02970309434861}, "datetime": {"datetime": "2023-02-04 00:24:26", "elapsed": 22083.008668, "delta": 112.107437}}
{"target": 0.36836205922181203, "params": {"f0": 0.3401264512199895, "f1": 1.1165529248079515, "f10": -0.33892317778177616, "f11": -0.4412287794299127, "f12": -0.710866394990558, "f13": -0.5050169605181387, "f14": -1.041671901802346, "f15": -1.0844502775115774, "f16": 0.5436227434478772, "f17": 0.32115819552223995, "f18": -2.069653402324935, "f19": -1.4789559567876667, "f2": -0.20208968920420423, "f20": 2.1172778386225337, "f21": 0.36507930839216735, "f22": -1.7688057797800298, "f23": 1.9435470532370118, "f24": -0.9962919514302433, "f25": -0.6480920511915573, "f26": 1.0697682945841709, "f27": -0.22957655077205325, "f28": 0.7413732669251849, "f29": 2.9240051498185213, "f3": 2.211913938344189, "f30": 0.6544927951630981, "f31": 1.0728112697688696, "f32": -0.021191711760535248, "f33": -0.47150647727605965, "f34": -0.5881685486552728, "f35": 1.6126132806324955, "f36": -0.28361284723091185, "f37": 0.13502442647364488, "f38": 0.3479378718809163, "f39": -1.1840050651956073, "f4": 1.4657406567899733, "f40": 0.6696152685300362, "f41": -1.7007878300901735, "f42": -2.4274992379759786, "f43": 0.9327647608793475, "f44": -0.04653604955613666, "f45": 0.7599678144774887, "f46": -0.08678338596437596, "f47": -0.40846108684763505, "f48": -1.2006196478945632, "f49": 0.35560539165906596, "f5": 2.320445804475182, "f50": -1.1228061232416038, "f51": -1.0017233056231472, "f52": -0.695195329472774, "f53": 0.47397153134182646, "f54": 0.09982655740907832, "f55": 1.9985864508385078, "f6": 0.7812216272644916, "f7": 0.13330542924075683, "f8": -0.5997529585008523, "f9": -1.6818471727264426}, "datetime": {"datetime": "2023-02-04 00:25:18", "elapsed": 22135.86277, "delta": 52.854102}}
{"target": 0.1412321262203138, "params": {"f0": 0.23767004091969046, "f1": 0.8883906252467746, "f10": -0.9907020499674939, "f11": -0.6151322313300872, "f12": -0.7238563884086883, "f13": -0.5602093327401056, "f14": -0.6966555331829913, "f15": -0.8307099343748535, "f16": 0.23494129829934315, "f17": 0.34154602348058666, "f18": -1.2093723783906107, "f19": -1.255830973770379, "f2": -0.5520421629019907, "f20": 0.9112180507877881, "f21": 0.57058944633555, "f22": -1.8714913492963603, "f23": 1.1811838110094923, "f24": -1.30404514191845, "f25": -0.8470990906825132, "f26": 0.6951431111989492, "f27": -0.36750499468291553, "f28": 1.15714013346635, "f29": 1.265017069151586, "f3": 2.810879911727919, "f30": 1.8271764403347182, "f31": 0.8628852200889177, "f32": -0.3179966305904849, "f33": -0.68094146147822, "f34": -0.6436177084105277, "f35": 1.447448162135799, "f36": -0.25886122531831823, "f37": 0.1814321204159366, "f38": 0.7443009073099145, "f39": -1.1554891549545752, "f4": 2.1743272277204673, "f40": 0.6888070180514294, "f41": -1.9962323721945001, "f42": -0.9816413720056174, "f43": 0.7799224315733846, "f44": 0.09839685001953302, "f45": 0.7013742000234786, "f46": -0.5358972807313073, "f47": -0.524997520685136, "f48": -1.1670769366467715, "f49": 0.23552722672251059, "f5": 2.3334053062285927, "f50": -1.491791630903354, "f51": -0.7401026439994585, "f52": -1.11767189261337, "f53": 0.5213138497711043, "f54": 0.4094205602955071, "f55": 2.329830850062529, "f6": 1.62734409186774, "f7": -0.2659921844852027, "f8": -0.8292032981200236, "f9": -1.969077458859667}, "datetime": {"datetime": "2023-02-04 00:26:29", "elapsed": 22206.697155, "delta": 70.834385}}
{"target": 0.2721134311532175, "params": {"f0": 0.2842201700026987, "f1": 0.44875528739157133, "f10": -0.6772878718197496, "f11": -0.29646849237427686, "f12": -0.5372151690281126, "f13": -0.6316673832838399, "f14": -0.9600756122014094, "f15": -0.5824902433984634, "f16": 0.9444308787888434, "f17": 0.5630807605771386, "f18": -2.1866762569114995, "f19": -1.1239963193463396, "f2": -0.750441386452796, "f20": 3.012213392384711, "f21": 0.5187604561504483, "f22": -0.6597198514683482, "f23": 1.7531912540150065, "f24": -0.5198934498490098, "f25": -0.8986953803625158, "f26": 1.0877111924219478, "f27": 0.11173952547855837, "f28": 1.2400566539223563, "f29": 1.4496970783962646, "f3": 1.5663575184105103, "f30": 1.9091141557127413, "f31": 0.5300609775100803, "f32": -0.02928732785107846, "f33": -0.5428410610107575, "f34": -1.9134963431437009, "f35": 2.218541214725592, "f36": -0.13486865366479772, "f37": 0.3462878305167514, "f38": 0.2088506576849958, "f39": -1.2197511016034865, "f4": 1.0928242439848126, "f40": 0.5568658383845144, "f41": -0.6438723032306044, "f42": -0.7336085350646142, "f43": 0.40582836531553523, "f44": 0.24691909454625438, "f45": 0.9344959127262418, "f46": 0.006374543341701844, "f47": -1.0325836935561354, "f48": -0.6343390398065052, "f49": 0.5495423926761905, "f5": 1.705363071014167, "f50": -1.331313598055256, "f51": -1.2297447654540106, "f52": -1.1805013647213267, "f53": 0.017133424496514282, "f54": 0.10006048291135099, "f55": 1.5603511049703562, "f6": 2.087514786927515, "f7": -0.251232641053587, "f8": -0.44487706032437757, "f9": -0.8048425440170961}, "datetime": {"datetime": "2023-02-04 00:27:23", "elapsed": 22260.394171, "delta": 53.697016}}
{"target": 0.5505436264458898, "params": {"f0": 0.7269800797800101, "f1": 0.591583809008724, "f10": -0.9339046155905111, "f11": -0.6023488849037155, "f12": -0.35138900328314715, "f13": -0.8704777362899301, "f14": -0.6317160546582888, "f15": -0.9864665188608579, "f16": 0.7378079401153992, "f17": 0.22834550443025586, "f18": -1.379175220418328, "f19": -1.4506060593789687, "f2": -0.8284725398019045, "f20": 2.5736334087317534, "f21": 0.021110370241363058, "f22": -2.181153936929029, "f23": 1.9075405375407377, "f24": -0.5968369396210649, "f25": -0.8790138959564501, "f26": 0.4497927209682503, "f27": -0.04206087772933892, "f28": 1.196108367841135, "f29": 1.1118945301825918, "f3": 0.730240120290313, "f30": 2.009088296652127, "f31": 1.0411383463511905, "f32": -0.2997175335623908, "f33": -0.6729673514202835, "f34": -1.1887244436543503, "f35": 2.5852941931999935, "f36": -0.8369040115991702, "f37": 0.16975400402292, "f38": 0.5293392378000675, "f39": -0.9426894636425565, "f4": 1.8143047936763064, "f40": 0.541909383836308, "f41": -0.8921804247481253, "f42": -2.5620124566024214, "f43": 1.2288217440945357, "f44": 0.2279703828555708, "f45": 0.4341450034367802, "f46": -0.3125655279528716, "f47": -0.8771996128816828, "f48": -0.7979870121033784, "f49": 0.4355944790529984, "f5": 2.2668533675792024, "f50": -0.6580697923976391, "f51": -0.6153896451057418, "f52": -0.5820442016467876, "f53": -0.1460480130944259, "f54": 0.40501300874881896, "f55": 2.836867956254823, "f6": 0.7360735569471583, "f7": 0.16523714960691915, "f8": -0.2429245045533427, "f9": -2.7499953591593367}, "datetime": {"datetime": "2023-02-04 00:28:52", "elapsed": 22349.514424, "delta": 89.120253}}
{"target": 0.23099833781394763, "params": {"f0": 0.6664573978342724, "f1": 1.2415396233220506, "f10": -0.492295013745908, "f11": -0.7828215470468636, "f12": -0.4871016534783692, "f13": -1.004914205456869, "f14": -1.2969426966273117, "f15": -1.3933915335194598, "f16": 0.5033831427222635, "f17": 0.07718206750254267, "f18": -1.9924200312199463, "f19": -0.8200074064292956, "f2": -0.25127490652682083, "f20": 2.7731387190258245, "f21": 0.5222254184165198, "f22": -2.6884337659438993, "f23": 0.608777588710622, "f24": -1.5102319477530404, "f25": -0.8508123266662736, "f26": 0.9264622437761441, "f27": -0.06995206735491155, "f28": 1.049895488306935, "f29": 1.9779116151626601, "f3": 0.9582958977481181, "f30": 2.023910903557068, "f31": 1.0948089260776077, "f32": -0.6250701015225741, "f33": -0.48750623142667754, "f34": -1.1177245109190759, "f35": 2.2698140355985315, "f36": -0.4380557047135307, "f37": 0.1216262905277834, "f38": 0.6557069028870529, "f39": -1.0180890312142548, "f4": 1.6370448343036563, "f40": 0.259726018656131, "f41": -1.9099876229701804, "f42": -1.4495817139098126, "f43": 0.8265185204740338, "f44": 0.19612673355119192, "f45": 0.7605388752009852, "f46": -0.08297668652424872, "f47": -0.5746947477213339, "f48": -0.4811538678876244, "f49": 0.4192964876051415, "f5": 1.0758618120358447, "f50": -0.7179400392965896, "f51": -1.0576914765494183, "f52": -0.6370784255780451, "f53": 0.1892271307160849, "f54": 0.3193479353824352, "f55": 1.0922642770755504, "f6": 2.38038465278309, "f7": -0.14715116462516742, "f8": -0.4738997546619807, "f9": -0.737457625300252}, "datetime": {"datetime": "2023-02-04 00:30:01", "elapsed": 22418.253656, "delta": 68.739232}}
{"target": 0.38301007344685384, "params": {"f0": 0.577300883700706, "f1": 0.7315230831499315, "f10": -1.1086399417444164, "f11": -0.4902909934392649, "f12": -0.5007854411505627, "f13": -0.8712816755407723, "f14": -1.3956883805563118, "f15": -0.5231736827742801, "f16": 0.6323241490588061, "f17": 0.5756464436540314, "f18": -0.7835679598398335, "f19": -1.4190927704747278, "f2": -0.7796600570821677, "f20": 1.1745394952109618, "f21": 0.4875475506383017, "f22": -1.429659925295734, "f23": 1.8361032598181768, "f24": -1.255837519628254, "f25": -0.3650446252029923, "f26": 0.7394867419406896, "f27": -0.29871406106370935, "f28": 0.4236893235174531, "f29": 0.9007659149391234, "f3": 2.5387403724124677, "f30": 1.1438029385423736, "f31": 1.1193365932546757, "f32": -0.4501136294409245, "f33": -0.778092472217595, "f34": -0.740477159719672, "f35": 2.3277921221488422, "f36": -0.8855561066249055, "f37": 0.3276111600899452, "f38": 0.18270876767265515, "f39": -1.42775850156597, "f4": 0.9318322750974815, "f40": 0.2081040596802011, "f41": -0.9287951668582013, "f42": -2.4748044396521616, "f43": 0.8959805643954245, "f44": -0.019971708648150677, "f45": 1.1246261874035604, "f46": -0.24522837639941242, "f47": -0.8226468024931363, "f48": -0.547879611023047, "f49": 0.5058395672398671, "f5": 2.8367342941222224, "f50": -0.5041656064777624, "f51": -0.46360802142701263, "f52": -0.7660413560923108, "f53": 0.37784322945915694, "f54": 0.3968723777693804, "f55": 2.224789064206531, "f6": 1.395343677478475, "f7": 0.0745893745446729, "f8": -0.5195548053616215, "f9": -2.8095484863403013}, "datetime": {"datetime": "2023-02-04 00:30:59", "elapsed": 22476.472471, "delta": 58.218815}}
{"target": 0.3664224515381994, "params": {"f0": 0.5147072431158771, "f1": 0.7778940256916449, "f10": -0.5076894020696593, "f11": -0.5422464863979468, "f12": -1.045891600931963, "f13": -1.0543460983208246, "f14": -0.9123744939435627, "f15": -1.1318054911920492, "f16": 0.7639377026718515, "f17": 0.39134572380099125, "f18": -1.0849095884157696, "f19": -1.1771659690649119, "f2": -0.6069263885539599, "f20": 2.167430470281259, "f21": 0.5869105135251621, "f22": -1.2241596195049231, "f23": 0.6930169016878973, "f24": -1.2101334831284856, "f25": -0.5411050790261749, "f26": 1.390878707530662, "f27": 0.006989193423351359, "f28": 0.4960856389711331, "f29": 1.411743624902834, "f3": 2.6438712069130568, "f30": 1.591310645840897, "f31": 0.7589084177271597, "f32": -0.1354950193507698, "f33": -0.3837213533683863, "f34": -0.7290183908786945, "f35": 1.416993478884926, "f36": -0.30309814782098343, "f37": 0.34797498953193884, "f38": 0.34702895603753137, "f39": -1.29479832493222, "f4": 1.564771682666982, "f40": 0.4406824692730037, "f41": -1.2014089592284818, "f42": -1.4929234824486646, "f43": 0.891761196011432, "f44": 0.11056609250627758, "f45": 0.7265644923676242, "f46": -0.44125319402184415, "f47": -0.5018672880335201, "f48": -0.7058069641172249, "f49": 0.021740873961519303, "f5": 1.3266866590162314, "f50": -1.1716227987700507, "f51": -1.0065302588443696, "f52": -1.021564784583637, "f53": 0.4494251736131092, "f54": 0.08568787282176389, "f55": 2.3745783159096225, "f6": 2.0098784509201915, "f7": -0.2394792061114437, "f8": -0.44481961571298534, "f9": -2.0186914876666098}, "datetime": {"datetime": "2023-02-04 00:31:59", "elapsed": 22536.336351, "delta": 59.86388}}
{"target": 0.1435909393105023, "params": {"f0": 0.345355766859342, "f1": 0.6614656203730085, "f10": -0.6415398278870318, "f11": -0.48820334240808905, "f12": -1.0186402828695973, "f13": -0.575491241163036, "f14": -0.8759586208025453, "f15": -1.2993560160787925, "f16": 0.29515671526470444, "f17": 0.6189241110914802, "f18": -1.1176401275129353, "f19": -0.9669723961023801, "f2": -0.5228927011670645, "f20": 2.6280314037135444, "f21": 0.12610742352320922, "f22": -1.0063424365158078, "f23": 0.9673176262353755, "f24": -1.2797070213666302, "f25": -0.6091401441194608, "f26": 0.9631566579141171, "f27": -0.47531827113776753, "f28": 0.820447773081942, "f29": 0.9940770520147095, "f3": 1.9447883320558923, "f30": 1.901728667520789, "f31": 0.34070541721061837, "f32": -0.19464864981952767, "f33": -0.4134612490820682, "f34": -1.672964902598037, "f35": 0.7844830774911248, "f36": -0.4627938043985447, "f37": 0.14936407168738425, "f38": 0.5742777428176609, "f39": -1.393239449186264, "f4": 1.2649568107339728, "f40": 0.6581254014308091, "f41": -1.0466247085482445, "f42": -2.5966692275534005, "f43": 0.8529123972652037, "f44": 0.20643192613174488, "f45": 1.2855808328046827, "f46": -0.02824204346693393, "f47": -0.5482871967550728, "f48": -0.5820641973883385, "f49": -0.031176436284641507, "f5": 1.075724753611554, "f50": -1.4813859811578722, "f51": -1.017282526987499, "f52": -0.9611421650839991, "f53": -0.11529686625435134, "f54": 0.4698122259794548, "f55": 2.0713487976563423, "f6": 0.816303535506562, "f7": -0.11300353424677984, "f8": -0.25790127369847216, "f9": -2.011362850896368}, "datetime": {"datetime": "2023-02-04 00:32:57", "elapsed": 22594.01254, "delta": 57.676189}}
{"target": 0.6047431851056095, "params": {"f0": 0.5048730384402228, "f1": 1.217120672509588, "f10": -0.4376392856910414, "f11": -0.5249335373135267, "f12": -0.669824903173741, "f13": -1.4911152348965069, "f14": -0.8595010542010882, "f15": -0.8075154533821426, "f16": 0.5302028016641097, "f17": -0.04454819364525342, "f18": -1.1470780981700657, "f19": -0.9484344882975319, "f2": -0.7540662613315879, "f20": 2.4673081946092754, "f21": 0.31719602249199935, "f22": -1.8325021229915959, "f23": 0.8958140602284819, "f24": -0.665329966281769, "f25": -0.27639039780377617, "f26": 1.1534649420061647, "f27": -0.47861449105174453, "f28": 1.2503372501445822, "f29": 2.473619227932419, "f3": 2.401106543508943, "f30": 1.3315833089839217, "f31": 0.7056777958756296, "f32": -0.035026143739930626, "f33": -0.3132805431971515, "f34": -1.4307653803438756, "f35": 1.5856482200209652, "f36": -0.26660744934568803, "f37": 0.4235137562870257, "f38": 0.6786589637674563, "f39": -1.907646078093463, "f4": 2.9156772979642667, "f40": 0.7309582501769063, "f41": -0.8021739631371809, "f42": -0.7862748913383852, "f43": 0.41331511685942623, "f44": -0.30808317015774334, "f45": 1.2639809149553711, "f46": -0.13532015555506755, "f47": -0.7200313821899234, "f48": -0.6798082429492144, "f49": 0.13193707623213727, "f5": 2.1826951709005398, "f50": -1.1319776673198014, "f51": -1.0964110179956656, "f52": -0.44638632096410025, "f53": 0.10239446553555329, "f54": 0.20910098871704058, "f55": 1.294218058974793, "f6": 2.7836088731656874, "f7": -0.0031917513879482495, "f8": -0.12184383003935884, "f9": -1.3415889873991742}, "datetime": {"datetime": "2023-02-04 00:34:14", "elapsed": 22670.906278, "delta": 76.893738}}
{"target": 0.34795361283636184, "params": {"f0": 0.71466024207915, "f1": 0.7268947456926826, "f10": -1.1163488720010366, "f11": -0.26365933846596157, "f12": -1.060856504463876, "f13": -0.7323422139489167, "f14": -0.6755997805389601, "f15": -0.7544720083711066, "f16": 0.771774631680206, "f17": 0.2130839807416517, "f18": -1.5231453367357242, "f19": -1.1459185593998718, "f2": -0.4117371642642096, "f20": 2.037407682181927, "f21": 0.6137066715924984, "f22": -1.6128419607284392, "f23": 1.8493648983632045, "f24": -0.7979277712067043, "f25": -0.40792615470467763, "f26": 0.8311712146999152, "f27": -0.10224744108284023, "f28": 0.7749877090957575, "f29": 2.781558529618451, "f3": 1.5201155316660022, "f30": 1.2165998460327465, "f31": 0.5407273409045548, "f32": -0.49769991091492405, "f33": -0.7167858496923001, "f34": -1.541196903148737, "f35": 0.8416507012450959, "f36": -0.42365228499073904, "f37": -0.007799053785899651, "f38": 0.2026562196983767, "f39": -0.8950851114167768, "f4": 0.920120693340251, "f40": 0.4166709346206603, "f41": -1.4058240095166719, "f42": -1.56981841784469, "f43": 0.5851810526236125, "f44": 0.018481938559016697, "f45": 1.0105083775267627, "f46": -0.48560740519591444, "f47": -0.2930573674995717, "f48": -0.914964827899112, "f49": 0.5540960094904761, "f5": 1.4836067916858133, "f50": -0.8112270011815836, "f51": -1.1022025868968746, "f52": -0.6568716233743183, "f53": 0.009581597249337909, "f54": 0.3333737156695318, "f55": 1.6920469961038265, "f6": 1.1155065077862194, "f7": -0.24571122932833805, "f8": -0.7853703985891043, "f9": -2.5626630847102776}, "datetime": {"datetime": "2023-02-04 00:34:15", "elapsed": 22672.57018, "delta": 1.663902}}
