{"target": 0.23362384200943379, "params": {"f0": 0.2718960735289996, "f1": 0.6639821310318679, "f10": -1.0926972258767234, "f11": -0.45889611657341445, "f12": -0.6036179474669425, "f13": -0.5712428795371554, "f14": -0.9088279448000294, "f15": -0.8741790700633831, "f16": 0.9490261559589618, "f17": 0.5399532198336287, "f18": -1.3789721546777352, "f19": -0.5050435208746691, "f2": -0.353604671308562, "f20": 2.807330015325397, "f21": 0.7091056574500183, "f22": -0.6992483467174413, "f23": 0.8145333003448345, "f24": -0.8116581127663821, "f25": -0.6189398744689667, "f26": 1.3177393347482067, "f27": -0.051812797090363016, "f28": 0.8597944843674992, "f29": 1.9076590856300426, "f3": 2.2686983523253907, "f30": 1.734493976738153, "f31": 0.29453665017966063, "f32": -0.6500222871197785, "f33": -0.33264240500425635, "f34": -0.5330033759001482, "f35": 2.063658472545535, "f36": -0.8605838091881731, "f37": -0.0835143375754418, "f38": 0.589178258029417, "f39": -1.9522241531915432, "f4": 0.7023292106549284, "f40": 0.21642551743142413, "f41": -0.7040328354870911, "f42": -1.0059068720997009, "f43": 0.49499328063077885, "f44": 0.2745680964930927, "f45": 0.5420255654354444, "f46": 0.0381995011807692, "f47": -1.0426926243479526, "f48": -0.6643766340635008, "f49": 0.2698093725531175, "f5": 1.332355985896509, "f50": -1.0919860598252888, "f51": -0.46256926838441825, "f52": -0.9541201595317325, "f53": 0.22359952824204177, "f54": 0.48772949755712136, "f55": 1.9131342731529035, "f6": 0.8308941851032312, "f7": -0.41868547487642177, "f8": -0.18471783767651728, "f9": -2.622107758093983}, "datetime": {"datetime": "2023-02-04 02:40:32", "elapsed": 30249.489409, "delta": 62.799701}}
{"target": 0.405526746109395, "params": {"f0": 0.7014885207046359, "f1": 0.38401061844184764, "f10": -0.28912059011193847, "f11": -0.8493028533346266, "f12": -0.5120587068510353, "f13": -0.9333516766712264, "f14": -1.3449023339181756, "f15": -1.2893579497450178, "f16": 0.8417584662382634, "f17": -0.06901724751076779, "f18": -1.1032295797000362, "f19": -0.6574321154400383, "f2": -0.6309024298788788, "f20": 2.3175094048386917, "f21": 0.5809556685630803, "f22": -1.0500119842543654, "f23": 1.406398101306968, "f24": -1.29177835985728, "f25": -0.5223538914344168, "f26": 1.003504586693814, "f27": -0.12100358509680875, "f28": 1.0083557286827491, "f29": 0.6299022106889776, "f3": 2.25304448283542, "f30": 1.2724010814237305, "f31": 1.1097401160722384, "f32": -0.4097903795438649, "f33": -0.3379865986237718, "f34": -0.9868765067487972, "f35": 1.131137191847905, "f36": -0.1405363936588142, "f37": 0.10687259311587327, "f38": 0.3476605445235207, "f39": -1.5844022293222277, "f4": 1.3470573438855538, "f40": 0.44344272170646404, "f41": -1.635476192096846, "f42": -1.1786206184393189, "f43": 1.201904119010989, "f44": -0.4275551291465911, "f45": 0.4409290955203502, "f46": -0.12920934019173425, "f47": -0.8219791335207067, "f48": -1.2412885619019296, "f49": 0.08108577058859275, "f5": 0.7134345085757571, "f50": -1.2298109160423372, "f51": -0.9026374548728103, "f52": -0.5700400056238241, "f53": -0.1375020262125955, "f54": 0.41124944731990987, "f55": 1.581487687257918, "f6": 0.8066072833341678, "f7": -0.0026471143828040167, "f8": -0.7623955612673907, "f9": -1.2464591221458372}, "datetime": {"datetime": "2023-02-04 02:40:36", "elapsed": 30253.75454, "delta": 4.265131}}
{"target": 0.11372675574936235, "params": {"f0": 0.034304691962727195, "f1": 1.1219181434985233, "f10": -1.090537852529422, "f11": -0.05648521498259729, "f12": -1.0424453816925168, "f13": -0.40509933112378005, "f14": -1.3980787603091596, "f15": -0.9455367455260641, "f16": 0.7248464410251814, "f17": 0.4724793044198198, "f18": -1.010594434549681, "f19": -1.0935192544206602, "f2": -0.8022435874543496, "f20": 1.1976860136317775, "f21": 0.3844770049995436, "f22": -1.8709821867260505, "f23": 0.8646228408949327, "f24": -0.7126120185474867, "f25": -0.40864458056989805, "f26": 1.4881684380403641, "f27": 0.1104177575959534, "f28": 1.2441817891238154, "f29": 0.5181296703242187, "f3": 1.6682550139231371, "f30": 1.3294571766820358, "f31": 0.6247210718182037, "f32": -0.6541531050540231, "f33": -0.1495056152262677, "f34": -0.47972310542650143, "f35": 0.5291748457794736, "f36": -0.1354480701665225, "f37": 0.43335861424460126, "f38": 0.7056151119290255, "f39": -1.7289500594221736, "f4": 0.953315264633243, "f40": 0.7266229966745715, "f41": -1.8407370397240412, "f42": -2.8411841987724222, "f43": 1.164304281327571, "f44": -0.4591197866637313, "f45": 1.3747253792911263, "f46": -0.6664660896567969, "f47": -0.4920072356472305, "f48": -1.4200929535686801, "f49": 0.7274474132868031, "f5": 2.09372671680699, "f50": -0.7202664289838289, "f51": -0.36401838736513414, "f52": -1.0468698989239504, "f53": 0.1283026213342804, "f54": 0.11298993635162907, "f55": 1.2203155359147702, "f6": 0.5514766607407837, "f7": 0.15084452624275552, "f8": -0.7041978807194734, "f9": -1.8086928949379886}, "datetime": {"datetime": "2023-02-04 02:41:36", "elapsed": 30313.693314, "delta": 59.938774}}
{"target": 0.3880928681328346, "params": {"f0": 0.20757593423324572, "f1": 1.1217654576617866, "f10": -0.5451956665787856, "f11": -0.5202727330022288, "f12": -0.4433646521173039, "f13": -1.0173153498885954, "f14": -0.5266489810704164, "f15": -1.2061155825167416, "f16": 0.6675325796198883, "f17": 0.7489416785955251, "f18": -2.165733616049545, "f19": -1.2757285493467823, "f2": -0.4870297010963604, "f20": 2.646933935736013, "f21": 0.1598261913637628, "f22": -1.0665137156073452, "f23": 1.2500197646208455, "f24": -0.8089310572890807, "f25": -0.17242607746357785, "f26": 0.39998774661497605, "f27": -0.4202750383539292, "f28": 0.5307893490734359, "f29": 2.5360158638464716, "f3": 1.7939305757138357, "f30": 2.098764826235852, "f31": 0.9593286186063832, "f32": -0.6080059769527071, "f33": -0.8318539876392702, "f34": -1.4282250641345042, "f35": 2.3588900071615044, "f36": -0.912379415244504, "f37": -0.1340426997683528, "f38": 0.7222227483625072, "f39": -1.4031781350868258, "f4": 1.632933814696167, "f40": 0.3942999475343351, "f41": -0.6267435458359933, "f42": -1.8990296659028276, "f43": 0.24407410475116442, "f44": -0.21874782378784036, "f45": 0.40145867005080815, "f46": -0.3952063207285679, "f47": -0.2602483018709971, "f48": -0.9374114327061657, "f49": 0.4900173320804111, "f5": 1.6637271867149932, "f50": -1.1458073225187797, "f51": -0.28951693218210184, "f52": -0.8283636444419795, "f53": -0.013371479123691382, "f54": -0.12373385202766338, "f55": 1.5389310566845158, "f6": 1.4669763333946357, "f7": 0.23545533919944045, "f8": -0.2060392544147006, "f9": -0.9423770524677972}, "datetime": {"datetime": "2023-02-04 02:42:22", "elapsed": 30359.846963, "delta": 46.153649}}
{"target": 0.3607863484015979, "params": {"f0": 0.3096691336457452, "f1": 1.254808412533896, "f10": -0.7292914496292205, "f11": -0.7579589047922001, "f12": -0.6123670824402244, "f13": -1.6221562162986936, "f14": -0.8660479924154627, "f15": -1.4361837512828188, "f16": 0.7793355175129173, "f17": 0.3839847778078377, "f18": -1.0777897177946094, "f19": -1.173748287152507, "f2": -0.28262740612457793, "f20": 2.710120929128587, "f21": -0.0480109328654182, "f22": -0.9368455612086892, "f23": 0.9142140954822591, "f24": -1.0332079834632273, "f25": -0.6493799546841452, "f26": 0.9436008190209575, "f27": -0.3002640713455003, "f28": 1.182205396685227, "f29": 0.858878125297241, "f3": 2.2503980224100943, "f30": 1.6699600960205094, "f31": 0.6797385162528107, "f32": -0.45258423804248055, "f33": -0.4005901380703658, "f34": -0.9624848965798012, "f35": 0.7178473680937553, "f36": -0.11584655007026823, "f37": 0.1453921057254609, "f38": 0.6263618158802687, "f39": -1.6565010174774923, "f4": 1.793763048551046, "f40": 1.021138960079349, "f41": -1.9008129941535719, "f42": -1.9237614914402617, "f43": 1.1178652894600862, "f44": -0.10993938042266377, "f45": 1.410765477672074, "f46": -0.05911511414826942, "f47": -0.5138963141595515, "f48": -1.0414946952460191, "f49": 0.40934748994732506, "f5": 1.755965557123675, "f50": -0.6733613211820099, "f51": -0.7632031795382623, "f52": -0.6444443404654676, "f53": 0.26075994727107255, "f54": 0.1315451162191669, "f55": 2.4630706319035576, "f6": 1.6630261509968272, "f7": -0.36631592033087274, "f8": -0.18453341904604903, "f9": -2.3757333029583076}, "datetime": {"datetime": "2023-02-04 02:43:20", "elapsed": 30417.208137, "delta": 57.361174}}
{"target": 0.5287393661993759, "params": {"f0": 0.062204021288429626, "f1": 0.6143937717226367, "f10": -0.6521883640638798, "f11": -0.10436312266335657, "f12": -1.2732967671434015, "f13": -0.9570925879715954, "f14": -0.9545720838374732, "f15": -1.0773390359232993, "f16": 0.4032976635507229, "f17": 0.11484309847428277, "f18": -1.5966351204378144, "f19": -0.47695976887781644, "f2": -0.3949802537304943, "f20": 1.0228447136324454, "f21": 0.5928911701111077, "f22": -2.037079417204655, "f23": 1.4685535348824577, "f24": -0.6640340385695622, "f25": -0.8878196268239638, "f26": 0.7396327450761269, "f27": 0.09827349029061583, "f28": 0.36152743274227, "f29": 2.036323016581965, "f3": 2.3328261904750023, "f30": 0.970446934161281, "f31": 1.0528848357019127, "f32": -0.14342187318719246, "f33": -0.5547454615583183, "f34": -1.2037457190982335, "f35": 1.0669524409783513, "f36": -0.5462891137229122, "f37": 0.4051398008641936, "f38": 0.22791892946711684, "f39": -2.0168725592761585, "f4": 1.371888801525213, "f40": 0.37819850344747025, "f41": -0.7980357124871416, "f42": -0.9191823644098605, "f43": 0.8638403434629773, "f44": -0.30603372689780556, "f45": 0.9635307308209232, "f46": -0.01862490769155256, "f47": -0.524655199079785, "f48": -1.095799280340148, "f49": -0.08237790301415326, "f5": 2.992786945829994, "f50": -1.4950208026135234, "f51": -0.8133186799440661, "f52": -0.8880038526791347, "f53": 0.5577896819756065, "f54": 0.5021237857007216, "f55": 0.9839275528274773, "f6": 0.7054059552822183, "f7": 0.24110300488992636, "f8": -0.6533760616767041, "f9": -1.0184297362101793}, "datetime": {"datetime": "2023-02-04 02:44:08", "elapsed": 30464.978535, "delta": 47.770398}}
{"target": 0.2570001829126638, "params": {"f0": 0.6836632670653033, "f1": 1.3532578267054758, "f10": -1.2531215658796677, "f11": -0.6145273624880521, "f12": -1.081301544301486, "f13": -0.8164329427963306, "f14": -1.4181202189137017, "f15": -0.4686184980860364, "f16": 0.6160393204415957, "f17": 0.2161885004421742, "f18": -1.110241247051021, "f19": -1.3866636624677409, "f2": -0.7913412371240167, "f20": 2.9094566661396204, "f21": -0.016205588738839233, "f22": -2.982929412709724, "f23": 1.6826852341380278, "f24": -0.6287170268425455, "f25": -0.1788474762616561, "f26": 0.405360395339044, "f27": -0.3051942344670023, "f28": 1.47962196215145, "f29": 0.5447199332935345, "f3": 2.0485506392463524, "f30": 0.7266658607091778, "f31": 0.5147275628499535, "f32": -0.6333962366882983, "f33": -0.39706054154936166, "f34": -1.7224210112676182, "f35": 0.7302220843441194, "f36": -0.05902277755949392, "f37": -0.1916528158919623, "f38": 0.1648464218464487, "f39": -1.1631799055277037, "f4": 0.7210564481789961, "f40": 0.7239111889886797, "f41": -0.6626425572978347, "f42": -0.5310480606744772, "f43": 0.9316755547710968, "f44": -0.22165602192291, "f45": 1.3802848792947437, "f46": -0.17464732961918528, "f47": -0.8889092092133832, "f48": -1.5915210560030129, "f49": 0.3752264043361619, "f5": 1.1763287243073242, "f50": -0.8185313564005622, "f51": -1.3390920850792036, "f52": -1.1790870623620002, "f53": 0.4251153665143004, "f54": -0.12794275287118087, "f55": 1.1525060752278844, "f6": 1.0481454733745132, "f7": -0.31240153717150787, "f8": -0.7715917815329324, "f9": -1.7634258707710317}, "datetime": {"datetime": "2023-02-04 02:45:20", "elapsed": 30537.356991, "delta": 72.378456}}
