{"target": 0.03732350317581374, "params": {"f0": -2.796920485619849, "f1": -2.5503820862115827, "f10": -1.7113276949060738, "f11": -1.9159762073129676, "f12": -1.816785103113243, "f13": -1.5559616809237884, "f14": 1.097396196069595, "f15": 1.2544040512746548, "f16": 2.58358023767196, "f17": 0.20568282341049127, "f18": 1.8257014088634431, "f19": -0.5133547550096953, "f2": -0.9158577064319964, "f20": -1.1065353289607642, "f21": 0.1383637710715, "f22": 2.709013844310226, "f23": -2.7922079076049844, "f24": 2.2888588001086942, "f25": 2.228118690645527, "f26": -0.7932102155620635, "f27": -2.530866223574172, "f28": 2.857354418546455, "f29": -0.8140641232280625, "f3": -1.6330112280466111, "f30": 2.258909144288774, "f31": -2.291417510840256, "f32": 2.704791248180359, "f33": -0.1458840869222291, "f34": 0.4215452270432447, "f35": -1.0694564664777357, "f36": 2.5220377234325646, "f37": -2.0606954753247813, "f38": -2.6406429511912686, "f39": 0.4611543409567558, "f4": -0.10635054878333206, "f40": 2.8110857653606187, "f41": 2.7393584372973496, "f42": -2.9819641806056136, "f43": 0.24774790840281025, "f44": -2.390279136858717, "f45": 2.4376840148321754, "f46": 2.2477512585236834, "f47": 2.113122197984957, "f48": -1.88820823221015, "f49": -1.3236005603540573, "f5": 1.775395956780259, "f50": -1.4781801065250997, "f51": -2.423362966876044, "f52": 0.5059326027521109, "f53": 1.923404370188158, "f54": 1.0315134855208061, "f55": -0.6389414042540209, "f6": -2.7490515121406554, "f7": 1.2838503803940782, "f8": 2.063820147608336, "f9": -0.4006398735258765}, "datetime": {"datetime": "2023-02-03 18:16:23", "elapsed": 0.0, "delta": 0.0}}
{"target": 0.020330400846238408, "params": {"f0": -0.1596950414539311, "f1": 0.22874994128637738, "f10": 1.9556953941436523, "f11": 1.9392642629862769, "f12": -1.3712264286535218, "f13": -1.5580030735752852, "f14": 2.586532472766896, "f15": -1.5966128726802264, "f16": -2.0837630371275035, "f17": -2.5302222694907135, "f18": -1.4267373439973312, "f19": 0.6624756685830797, "f2": 1.844019679603809, "f20": -0.1968286867475113, "f21": 2.7644814683049965, "f22": 1.4599795866751393, "f23": -0.5724764078669877, "f24": 1.0002168656197128, "f25": -0.100984092613424, "f26": 1.123731381009188, "f27": 2.003208151664624, "f28": -2.3473603054141017, "f29": 0.546205729412109, "f3": 1.1678211847864972, "f30": 1.354670188965848, "f31": 1.314683629347348, "f32": -2.8352112950181136, "f33": 1.9001503673983846, "f34": 2.216955478666489, "f35": -1.6666858218187899, "f36": -2.3501393944597933, "f37": -1.7380385359620305, "f38": 0.6636779972088971, "f39": 1.2118945637309002, "f4": 1.2783013747494856, "f40": 2.8335892649184773, "f41": 1.5633302756108334, "f42": 1.777773993872886, "f43": 2.766700610157171, "f44": 0.5436629987729438, "f45": 2.949661909810536, "f46": -1.2522683841996256, "f47": 2.5328788708252326, "f48": -2.083399334786849, "f49": 1.9981045797168209, "f5": 0.9416921388131332, "f50": 0.17819621149271248, "f51": 2.787196195873112, "f52": 0.4571828917302829, "f53": 1.3937263614240223, "f54": -2.756810398524859, "f55": -2.819346446201373, "f6": 2.8323091078859104, "f7": -2.2900119909281758, "f8": 2.363623573652493, "f9": 0.34570283721537054}, "datetime": {"datetime": "2023-02-03 18:16:32", "elapsed": 9.142502, "delta": 9.142502}}
{"target": 0.2935422714573695, "params": {"f0": -2.7811549935605826, "f1": -2.07765659250035, "f10": -1.4693212335505907, "f11": -2.049280279964838, "f12": -2.2696444002371488, "f13": -0.665295215899457, "f14": 3.0212409177333326, "f15": -1.5363440740471404, "f16": 2.110622736701912, "f17": 1.3401068424140092, "f18": 1.512266415732816, "f19": -1.5943591720102719, "f2": -1.4268693171885394, "f20": 1.0459757390412605, "f21": 0.11405822072495608, "f22": 0.9339328010819039, "f23": -0.10479015850070006, "f24": 0.1851272066514209, "f25": -0.5172709053634705, "f26": 0.849968228561023, "f27": -2.814575488890431, "f28": 2.15136298601956, "f29": -0.23952901987391995, "f3": 0.15143029867336688, "f30": -0.34165058777292856, "f31": -2.0687064317357238, "f32": 2.7827574586902877, "f33": 0.41807632972363606, "f34": 1.0233758342509618, "f35": -0.21145388557307454, "f36": 1.6568503496458065, "f37": -0.9085165799918209, "f38": -2.4436027285342505, "f39": 0.8996854407184918, "f4": 2.4083742901110408, "f40": 2.89870399631791, "f41": 1.4376663352123247, "f42": -2.158041866062215, "f43": 0.898549460837684, "f44": -1.5085779615658639, "f45": 0.9336056842662668, "f46": -0.4839152894647829, "f47": 0.73646716297461, "f48": -1.6601385629815206, "f49": -2.2419703500432435, "f5": 0.6448680146494077, "f50": -2.7953860697869697, "f51": 0.8778459540284662, "f52": -0.2074228320724636, "f53": 2.7496941796648042, "f54": 1.315522842402085, "f55": -0.9816712425578595, "f6": 0.6605573326374037, "f7": 1.7845838762434427, "f8": 1.9903046354588447, "f9": 1.7809980498040887}, "datetime": {"datetime": "2023-02-03 18:18:26", "elapsed": 123.121929, "delta": 113.979427}}
{"target": 0.031717092272390175, "params": {"f0": -2.368407077517392, "f1": 1.9114083708713419, "f10": -2.269512282518215, "f11": 0.42315779833133105, "f12": -1.8706639492094936, "f13": -0.44854087394233, "f14": -0.6442840326521682, "f15": -2.947825175365774, "f16": 0.3068165923527526, "f17": -0.8342905099120395, "f18": 2.3635794079293433, "f19": 0.8876135469701087, "f2": -1.2225268025009948, "f20": -1.7207691510084835, "f21": 2.328305051627346, "f22": 3.019403287570464, "f23": 1.5983196410761904, "f24": 1.0992444271548192, "f25": -1.2224353522601628, "f26": -0.5808134041611721, "f27": 0.20824197909164743, "f28": 0.6529342808703307, "f29": 1.7327534224192025, "f3": -0.5960082467956052, "f30": 1.0306786955962672, "f31": 1.657344489139097, "f32": 0.780966373185842, "f33": 2.313104170254472, "f34": -0.9475466663330001, "f35": -2.471827251002569, "f36": 2.534190152383863, "f37": 2.0312523405830083, "f38": 0.23393983191941592, "f39": -1.2068489828402722, "f4": 0.5163775022798984, "f40": 1.8443895865827877, "f41": -0.6201495702279476, "f42": -0.7689928458952746, "f43": 1.7472305524392766, "f44": -2.7177587701962413, "f45": -0.544107592080523, "f46": -1.4944015778902549, "f47": 2.983434926257202, "f48": -2.7367742940844124, "f49": -2.8787607735996357, "f5": -0.3666406120103467, "f50": -0.638675498563146, "f51": 0.8901528929325027, "f52": 0.8063004750438036, "f53": 1.297785105635893, "f54": -1.1766552111664437, "f55": -0.3318908701704686, "f6": 0.3306301866889765, "f7": -0.9025339081739421, "f8": -1.588360153418568, "f9": 2.663162877056447}, "datetime": {"datetime": "2023-02-03 18:18:49", "elapsed": 146.220555, "delta": 23.098626}}
{"target": 0.2482021471996715, "params": {"f0": -1.8962235450049778, "f1": -0.5049247208859318, "f10": 0.19415253853328052, "f11": 0.907226497069924, "f12": -1.6383049906028095, "f13": -1.1457830562795486, "f14": -1.1607329613514936, "f15": 0.9897523861656916, "f16": -0.7063004623729963, "f17": -0.168286735414112, "f18": 1.9224707001988028, "f19": -2.9430342946643906, "f2": 1.579390616146446, "f20": -0.7496770927959859, "f21": 0.14435462004092736, "f22": -0.15177515876529224, "f23": -0.26478026959745415, "f24": -0.5923798038127579, "f25": -2.309121712163943, "f26": -0.43471458170825383, "f27": -0.16762391694668555, "f28": 0.718522312999329, "f29": -1.2243854927420628, "f3": 0.770304595734848, "f30": 0.9547880813153511, "f31": 1.306384956651374, "f32": 2.5024060277847564, "f33": 1.2757580216166768, "f34": -0.5864842231221101, "f35": 0.8204281410447933, "f36": 1.2051453521028708, "f37": 1.6069624988647773, "f38": 0.8679850098455302, "f39": -1.8088785606163371, "f4": 0.8927632423120995, "f40": -0.3525223421544321, "f41": -0.6436756588632273, "f42": -1.1871092807917765, "f43": -0.6701038580021994, "f44": -0.06757680671117106, "f45": 1.2835252391414846, "f46": 0.8604193973054284, "f47": 0.07990228888878037, "f48": -0.7591749508479362, "f49": 0.6206939749560392, "f5": -0.9373133657219653, "f50": -2.7334357593427785, "f51": 1.1896055526591414, "f52": -1.1330175089127255, "f53": -1.3186331619881955, "f54": 0.42374030416712327, "f55": 1.1936109442152336, "f6": -1.0348743021536484, "f7": -1.5971517390759762, "f8": 1.8343971625875308, "f9": 1.2209616118057816}, "datetime": {"datetime": "2023-02-03 18:19:24", "elapsed": 181.736094, "delta": 35.515539}}
{"target": 0.09698405929178312, "params": {"f0": -0.38378573583498277, "f1": 0.10368316718338022, "f10": 0.5824021591371382, "f11": -2.213558918353436, "f12": 1.6962109129065999, "f13": -1.7533354764056788, "f14": 2.062404078056992, "f15": -2.6327406655056262, "f16": 2.1041375332082035, "f17": 1.8211638311204152, "f18": 2.424794957206295, "f19": 0.13642522890583741, "f2": -0.6712193667844959, "f20": 0.2878619443494037, "f21": 1.8446066456010861, "f22": -1.1509982158232326, "f23": 1.074010645322148, "f24": -0.23496340715511965, "f25": -0.2773077565358806, "f26": 1.966848699009726, "f27": 0.42048311039444286, "f28": 2.8235745395549388, "f29": 0.6011398426201997, "f3": 1.2319495966232494, "f30": -2.172888418453016, "f31": 0.3904508163734093, "f32": -0.50262522152942, "f33": 1.437494296188202, "f34": 0.8939223651590369, "f35": -0.8756117487253368, "f36": 0.2304202011098222, "f37": -1.1659866186725678, "f38": -2.026190640645524, "f39": 2.2658269518935965, "f4": 0.8561312178105152, "f40": 1.6875567253558355, "f41": -1.3879820878789868, "f42": 1.596361080532279, "f43": 1.7908767623250141, "f44": 1.2498837428369667, "f45": -1.485684000911323, "f46": 0.2044322214821479, "f47": 0.8131712599113372, "f48": -1.106950013614379, "f49": 0.5303631599401908, "f5": 2.9368014855404576, "f50": -1.2453802574345996, "f51": 2.351630135594444, "f52": 0.7378198715713027, "f53": -0.9046332088576151, "f54": 1.2511000870229416, "f55": 1.5294465690101466, "f6": 1.5338891535218555, "f7": 0.4809928990737182, "f8": 2.7937702211040496, "f9": -1.1774200967040769}, "datetime": {"datetime": "2023-02-03 18:20:24", "elapsed": 241.882355, "delta": 60.146261}}
{"target": 0.3642762954790403, "params": {"f0": 0.7451237750360336, "f1": -1.082138614975443, "f10": -0.984311596875104, "f11": -0.47432843345670106, "f12": -1.7392396936070709, "f13": -2.7399212409449163, "f14": 0.6948159673611587, "f15": 1.112365486413764, "f16": 1.0243123122301225, "f17": 1.990452351196516, "f18": -1.2312229037097657, "f19": -1.094103008809906, "f2": 1.6033520529827126, "f20": 1.9454511838923654, "f21": 2.0481285911508085, "f22": -0.36337165175876174, "f23": -0.9499359357293913, "f24": 0.5933408832572951, "f25": 1.15768438214613, "f26": 2.529049578725817, "f27": -2.9488587227008853, "f28": 0.7438464532365741, "f29": -1.1781234559048068, "f3": 0.3980199516606209, "f30": -0.21608702042283534, "f31": 1.5762862684772165, "f32": 0.841186258946043, "f33": 1.4610283543579505, "f34": 1.7880939908028524, "f35": -1.3728293641294695, "f36": -0.444435378050845, "f37": 0.95443869421586, "f38": 0.02094981457051759, "f39": 1.74049498290807, "f4": 0.5790375868014677, "f40": -1.235882171578015, "f41": 2.6084318400062054, "f42": -2.0155745166147483, "f43": 1.2390343627691744, "f44": -0.0735483865408928, "f45": 1.2495705067317198, "f46": -2.581177524845381, "f47": 1.1895049549083854, "f48": 0.9304077985493628, "f49": 0.1631376469788135, "f5": 2.7681467394392456, "f50": -0.6171146669405627, "f51": 1.993213355992633, "f52": 1.0442101286790435, "f53": 2.868661440844721, "f54": 2.0335570942727337, "f55": -0.09962398732972533, "f6": 0.2561170502768293, "f7": -0.6256632627650629, "f8": 2.398326100512125, "f9": -0.692817640158465}, "datetime": {"datetime": "2023-02-03 18:22:18", "elapsed": 355.774631, "delta": 113.892276}}
{"target": 0.0227110376704481, "params": {"f0": 2.416540285797094, "f1": -2.6492936419558455, "f10": -2.77449831175701, "f11": -0.5727655434290262, "f12": 1.176732921109498, "f13": 0.9418225385696513, "f14": -1.2803200822817256, "f15": 0.8857034310207099, "f16": -1.0946549602844373, "f17": -1.541300688317646, "f18": 0.2958355191348989, "f19": 1.2307310794198654, "f2": 2.744518913636923, "f20": 2.2379690676211625, "f21": 0.7515368495655825, "f22": -2.3562721779240707, "f23": -2.27873850362388, "f24": 2.522510022143651, "f25": 2.7939673319548533, "f26": -1.0657346258199718, "f27": -0.9151621345711076, "f28": 0.03632857044962101, "f29": 0.6123292646579088, "f3": 0.34547582495870977, "f30": -1.5979999990574347, "f31": 2.701895946539362, "f32": 0.9522621593454534, "f33": 2.6144326066467762, "f34": 2.3141439202139535, "f35": 0.5940139365195396, "f36": 1.1821896284821936, "f37": 2.50165075155311, "f38": 1.5035261564436995, "f39": -0.35091667330557197, "f4": 1.817976214746999, "f40": -1.4866103505405024, "f41": 2.96179246466932, "f42": -1.2524892668873906, "f43": 0.6586517443366693, "f44": 0.9143562600482671, "f45": 1.7026483295982155, "f46": -0.5716306120284127, "f47": 1.9125619301867063, "f48": 0.38001553061824134, "f49": 1.8121116878471424, "f5": 0.31356999032902655, "f50": -1.4672455962759439, "f51": 1.7929263319999706, "f52": -1.1484998450806856, "f53": 0.6701698690402351, "f54": 0.21667485675601528, "f55": 1.7021193473880247, "f6": -0.6745822576442237, "f7": -0.7702313059893839, "f8": 2.8205448313554147, "f9": -2.147967360472197}, "datetime": {"datetime": "2023-02-03 18:22:45", "elapsed": 382.332562, "delta": 26.557931}}
{"target": 0.11294461056101841, "params": {"f0": 1.7486778004805181, "f1": -1.4994871554501392, "f10": -0.6815764470943089, "f11": -1.8198640603648277, "f12": 0.7735291055191045, "f13": 0.7201505519014262, "f14": 2.2723403149850947, "f15": 0.11202194975367386, "f16": 2.2902621005153785, "f17": 1.9175839134225843, "f18": 0.7885992128077217, "f19": -2.723468062834713, "f2": 0.3836420315321749, "f20": 0.6455383671074773, "f21": -0.008946038219185715, "f22": 0.7673548022159529, "f23": -2.705316007026782, "f24": -0.4069193756636149, "f25": 1.0810966943599425, "f26": 1.0956251904712415, "f27": -2.361529454708832, "f28": -1.0146859323087254, "f29": -0.5645911010117359, "f3": 0.36505875532398213, "f30": 1.5956207098405026, "f31": -1.3514421926309368, "f32": -0.17718044795187593, "f33": -1.2762410133126445, "f34": 0.12499280746834662, "f35": -0.22941832089209502, "f36": 0.2872284957990523, "f37": 2.979507379838932, "f38": -0.21850878112219108, "f39": 1.7741259448538367, "f4": -0.6109971043597902, "f40": 1.2678232885661647, "f41": 1.5578564282621088, "f42": -1.9484173530063245, "f43": 2.504100489824576, "f44": -0.40309703159814725, "f45": 0.10503607800408044, "f46": 0.41464241324000994, "f47": 2.7923181103952026, "f48": 2.1729845449727145, "f49": -0.9114042031916241, "f5": 0.3833591062155983, "f50": -1.8961103278166611, "f51": 2.3717310354303214, "f52": 0.5809619030518758, "f53": -0.3104209338025179, "f54": 0.32290017117101955, "f55": -0.05864513671541349, "f6": 1.6145687575397887, "f7": 0.9940139646352573, "f8": 0.74511333339251, "f9": 0.4114821571149001}, "datetime": {"datetime": "2023-02-03 18:23:35", "elapsed": 431.922814, "delta": 49.590252}}
{"target": 0.2649561441869446, "params": {"f0": 0.12076055190312007, "f1": 1.1407513035455148, "f10": -2.204345268379428, "f11": -0.2762920722859148, "f12": -1.8869430144594785, "f13": -3.030791695690357, "f14": -0.6780998448280715, "f15": 2.6054858538100922, "f16": 0.6800766700803333, "f17": -1.0044718507566315, "f18": -0.40653197837151245, "f19": -1.7650738685511196, "f2": 1.1324685837397968, "f20": -0.47957737804520395, "f21": 2.3038035596286086, "f22": 1.337860114094057, "f23": -0.6515005173881367, "f24": -0.10237011045475497, "f25": 0.7003057620260813, "f26": -0.9335615069326261, "f27": 0.098997658042145, "f28": -0.7554142294436309, "f29": -1.399723921648827, "f3": 0.6186342598369741, "f30": -1.7554685877433442, "f31": 2.006312592190116, "f32": -0.4333592967831381, "f33": 2.7294623972890606, "f34": 0.8374506942827635, "f35": -1.084820113551123, "f36": 0.493678094918073, "f37": -1.091949842080158, "f38": -1.3286737260939465, "f39": 0.6442098642917686, "f4": 2.5021099586425644, "f40": 0.37081845569665717, "f41": -1.287353670241724, "f42": -2.6805842226744963, "f43": 1.3359754396361903, "f44": 1.3632540832036821, "f45": -1.0960876478489852, "f46": 1.0869856663737276, "f47": -0.9764970566229303, "f48": 1.014743747619527, "f49": -1.0585861675243053, "f5": 0.0473092841017444, "f50": -0.9103545112442755, "f51": 2.132167436423458, "f52": -0.4951942373624927, "f53": -0.17373146017939178, "f54": 0.6394691596608264, "f55": -0.2632074612045805, "f6": 1.4035306606512719, "f7": -2.0834953078885006, "f8": 2.0609638740179514, "f9": -0.5775659473145556}, "datetime": {"datetime": "2023-02-03 18:23:52", "elapsed": 449.236779, "delta": 17.313965}}
{"target": 0.031436255023593644, "params": {"f0": 2.392345459642222, "f1": -0.3940638591956285, "f10": -1.4148911442456744, "f11": 0.03389144122679966, "f12": 0.619010766567941, "f13": -1.966442868768398, "f14": 1.4275414915497522, "f15": 0.26944619418302773, "f16": 2.4047188053918855, "f17": 0.27655478606469397, "f18": -1.125755582084445, "f19": -1.4881433203875198, "f2": 2.2838752943725993, "f20": 1.3504484128602119, "f21": -0.4819204094058068, "f22": -1.0697839144598824, "f23": 0.19708183716039684, "f24": -1.3112658380314297, "f25": 1.438045534222808, "f26": 0.2486057680878766, "f27": -1.5981357553375422, "f28": -0.03754315253303475, "f29": -0.24270033556295134, "f3": 1.9841339837536927, "f30": -1.771776621224137, "f31": 1.5194862752775884, "f32": 2.8777035623221496, "f33": -1.2552302397503905, "f34": 2.7229932236303354, "f35": -0.5616149849723184, "f36": 1.1621721564637029, "f37": 0.923074278987511, "f38": 0.741453325801229, "f39": 2.085068352332362, "f4": 2.203319210181713, "f40": 0.840213831017889, "f41": 0.41740518246388536, "f42": -0.6798000307425562, "f43": 2.3686975027072767, "f44": 1.1289177267332973, "f45": 0.8051961986331289, "f46": -1.3374335621725855, "f47": 0.2241395942482194, "f48": -0.6930308677224979, "f49": -0.7132004511847478, "f5": 1.200669389631883, "f50": -1.8642347482710324, "f51": 1.9882880407629338, "f52": 0.23743593818181452, "f53": -0.12487774784249961, "f54": 1.5634396930278627, "f55": 0.9131459064266803, "f6": -1.5068752710870719, "f7": -0.33547846966293404, "f8": 0.5714521804999901, "f9": 0.614902747348177}, "datetime": {"datetime": "2023-02-03 18:24:37", "elapsed": 494.63224, "delta": 45.395461}}
{"target": 0.2217262068725519, "params": {"f0": -1.106256817199898, "f1": -1.2941012940446694, "f10": -2.9769583082447078, "f11": 1.179469006581535, "f12": -2.362233772799099, "f13": 0.5842048936568256, "f14": -0.676314460446613, "f15": -0.2715178281665158, "f16": -0.8512010331281206, "f17": 0.7856826681132225, "f18": -1.7656039158093912, "f19": -1.1499182753632855, "f2": 1.9077485153988776, "f20": -0.326914217674694, "f21": -0.8343698255666607, "f22": 0.18094584561296578, "f23": 0.015317839575802239, "f24": 2.451694836335167, "f25": -0.2773968480793052, "f26": 0.31817814774469677, "f27": -0.8572699484040904, "f28": -0.715671436402539, "f29": 0.10886176555689708, "f3": 1.639224424210895, "f30": -0.34113627923067913, "f31": 0.941610136465793, "f32": 1.6955503962096754, "f33": -0.6799653028278987, "f34": 1.4711751329880234, "f35": 0.145253539698198, "f36": 0.3417044299399432, "f37": -0.43291603590577066, "f38": 0.8715706027790471, "f39": 1.1109554579045011, "f4": 0.7850346362193046, "f40": -1.42824827667066, "f41": 1.7730985355676632, "f42": -2.7441589833547138, "f43": 1.7487377270180278, "f44": -0.7468641720879858, "f45": 0.14970521607900533, "f46": -1.232911174713685, "f47": 0.2141837961337969, "f48": 0.977632916491439, "f49": -0.8064231745721936, "f5": 1.01145939553831, "f50": -1.7605303963251684, "f51": 0.7687431650871741, "f52": 1.3350894535320066, "f53": -0.32925061391712496, "f54": 1.9407549005664775, "f55": 0.7003440601162758, "f6": 0.1720037370655918, "f7": 0.5990438901658783, "f8": 2.231489755726758, "f9": -2.639363801875682}, "datetime": {"datetime": "2023-02-03 18:25:11", "elapsed": 528.063188, "delta": 33.430948}}
{"target": 0.2501302511240159, "params": {"f0": 1.318669403326009, "f1": -0.5623787923541377, "f10": 0.999465941528273, "f11": 1.0984998429195079, "f12": 1.2259082703295197, "f13": -0.4528112876884802, "f14": 1.8996400247411476, "f15": 2.3436083138610213, "f16": 1.1875662682052743, "f17": 1.810439442442146, "f18": 0.2996749485222794, "f19": 0.3059629944718294, "f2": 2.864167635240891, "f20": -0.2805478419067319, "f21": -0.6343650232130689, "f22": -1.7863072983900692, "f23": 0.6836619631389356, "f24": 2.3701390873391497, "f25": 1.3316980372279938, "f26": 1.053157041589125, "f27": -2.4214305322677268, "f28": 2.7502484172513864, "f29": 1.1127503146790647, "f3": -0.84434277326228, "f30": 0.9646604218935979, "f31": -0.9988812883754514, "f32": 1.1901734427138178, "f33": 1.7459219539742914, "f34": -1.0288637638194393, "f35": -0.7778640932659218, "f36": 0.16857104450678317, "f37": 1.4498839958046652, "f38": -1.196176350256154, "f39": 2.582276519585931, "f4": -0.6122032920447645, "f40": -1.048267574552878, "f41": -0.5633903786622343, "f42": -1.910804276623339, "f43": 2.8091857595881766, "f44": -0.8326414937500092, "f45": -0.9221112930667217, "f46": 0.930272929113956, "f47": 2.390305482402539, "f48": 2.540515039442023, "f49": -0.24508481266241233, "f5": -1.1642558564962162, "f50": -0.7901353821100647, "f51": 0.5626671203106481, "f52": -0.15453166637025073, "f53": 1.9465845121711667, "f54": 1.0064742246889742, "f55": -0.4070094358932477, "f6": -0.036192862237641066, "f7": -2.1892788945271815, "f8": 2.6013565373294387, "f9": -1.1155661282284444}, "datetime": {"datetime": "2023-02-03 18:26:08", "elapsed": 585.705436, "delta": 57.642248}}
