{"target": 0.20666031791793088, "params": {"f0": 0.24643177571877664, "f1": 0.7518383125014501, "f10": -0.5051917380205246, "f11": -0.3048409191883793, "f12": -1.262217814616048, "f13": -1.477162460690393, "f14": -0.45021518770279256, "f15": -1.252162065323721, "f16": 0.16258109863877285, "f17": 0.5935098042501793, "f18": -1.315655383459844, "f19": -1.265718885936142, "f2": -0.33980119808273845, "f20": 2.559343160385822, "f21": 0.008560993187889214, "f22": -1.7518907697136459, "f23": 1.234442944857148, "f24": -0.5281122108076228, "f25": -0.8020525599678321, "f26": 1.4377774492137334, "f27": 0.06393349775299983, "f28": 0.7945515384848132, "f29": 2.714725872548147, "f3": 1.4733893172105486, "f30": 1.2565152854453165, "f31": 0.5366156562125455, "f32": -0.20285939098844596, "f33": -0.7424181774500738, "f34": -0.96194900810571, "f35": 2.3985237950655014, "f36": -0.6570237318845946, "f37": -0.20967503040338845, "f38": 0.08717860794195394, "f39": -1.3934317771059939, "f4": 1.861537447022769, "f40": 0.6734649652055513, "f41": -1.5978992308342983, "f42": -1.4310037251763619, "f43": 0.5966298104836649, "f44": -0.18312011461563552, "f45": 1.1121690049073119, "f46": 0.11069312747253068, "f47": -0.2911004592154428, "f48": -0.7451763377303697, "f49": -0.11645629526802403, "f5": 2.5946064700696665, "f50": -1.457354833438007, "f51": -1.4092328306427682, "f52": -0.4701293936303861, "f53": 0.4352815536522979, "f54": 0.4218830133316286, "f55": 1.7988164346666926, "f6": 0.773251248410163, "f7": 0.1839839316883074, "f8": -0.6233480845633552, "f9": -2.5405375119351925}, "datetime": {"datetime": "2023-02-04 01:02:13", "elapsed": 24350.618836, "delta": 67.460915}}
{"target": 0.14168598562596552, "params": {"f0": 0.11367763197420279, "f1": 1.3999476599928267, "f10": -1.1744521428999934, "f11": -0.6093923182599121, "f12": -0.8338288245650448, "f13": -1.4783005379907659, "f14": -0.5122183796002268, "f15": -0.8990487017244261, "f16": 0.20877731422162882, "f17": 0.29568039242169786, "f18": -0.5859782721034938, "f19": -1.3557995346023652, "f2": -0.46566054871817614, "f20": 1.7567757544610438, "f21": 0.42265157578623874, "f22": -2.024458411566541, "f23": 0.7539217723631533, "f24": -1.0697350558531498, "f25": -0.8911197250789809, "f26": 0.8352125712663103, "f27": -0.40168924062805766, "f28": 1.1849380641880294, "f29": 2.2134255477719833, "f3": 1.4774488577866323, "f30": 1.7668057490754128, "f31": 0.8374396221533256, "f32": -0.3063062676757088, "f33": -0.1711242416562443, "f34": -1.8876044196647268, "f35": 1.8338589849779237, "f36": -0.6263608878579466, "f37": -0.15088574472014887, "f38": 0.4654775359736004, "f39": -1.976710423192972, "f4": 1.5610503810750993, "f40": 0.4291788966519753, "f41": -1.3318136247572365, "f42": -2.5798696649987223, "f43": 1.2118114972257232, "f44": -0.02799094916456263, "f45": 1.0300926156588592, "f46": 0.09329400764356877, "f47": -0.3825063912365264, "f48": -0.8027802774950517, "f49": 0.24754371168078432, "f5": 2.9075470923241005, "f50": -0.5413289461681916, "f51": -0.4951332855863523, "f52": -1.2871916419341745, "f53": 0.17804100060788705, "f54": -0.06445126698114985, "f55": 0.621730433297922, "f6": 1.9281075136491739, "f7": -0.33694905947513387, "f8": -0.7076872922747524, "f9": -1.2283640016570123}, "datetime": {"datetime": "2023-02-04 01:03:02", "elapsed": 24399.314285, "delta": 48.695449}}
{"target": 0.37090573031116303, "params": {"f0": 0.8100634852592136, "f1": 0.6747764893220909, "f10": -0.4219396926232958, "f11": -0.2803607945854578, "f12": -0.8805719020607632, "f13": -1.2098119806283503, "f14": -0.4373752492091103, "f15": -1.131902554248246, "f16": 0.4389643582852463, "f17": 0.4322805221212704, "f18": -2.1096840946841926, "f19": -1.2565275334250252, "f2": -0.28195058879971335, "f20": 0.9475305971104775, "f21": 0.460883177005259, "f22": -2.045017568995844, "f23": 0.9802978212421944, "f24": -1.1451567149808408, "f25": -0.3107867606319552, "f26": 0.48519776023255234, "f27": -0.13438126154794033, "f28": 0.6172490073759497, "f29": 2.12648622366913, "f3": 0.605615903196001, "f30": 0.551935045671824, "f31": 1.0313828734675847, "f32": -0.35162995168356054, "f33": -0.8069623628778484, "f34": -1.7060805074651777, "f35": 2.3397496621251612, "f36": -0.34363263364825036, "f37": 0.4131756164508621, "f38": 0.36400700653869766, "f39": -0.8180069175246605, "f4": 1.106292512891344, "f40": 0.9877149872839055, "f41": -1.0280337377065987, "f42": -0.8985295821515074, "f43": 0.9500413187803334, "f44": -0.02760438585511865, "f45": 0.8892024154413258, "f46": -0.20087653906731762, "f47": -0.7284520898296983, "f48": -1.2495674197289883, "f49": 0.40991922046869717, "f5": 1.618937437775027, "f50": -1.2906470657073053, "f51": -0.5200519865349259, "f52": -0.3745907542676665, "f53": -0.0067440497489617, "f54": 0.17498446206252347, "f55": 2.6992120108785604, "f6": 2.2445960381643832, "f7": -0.3960985867714812, "f8": -0.06614832476522614, "f9": -2.696826610168122}, "datetime": {"datetime": "2023-02-04 01:03:06", "elapsed": 24403.365423, "delta": 4.051138}}
{"target": 0.36801372518385594, "params": {"f0": 0.2168051062383412, "f1": 1.209215032574325, "f10": -1.1942714473416427, "f11": -0.6913804668979685, "f12": -0.994322475276579, "f13": -0.7185002925363783, "f14": -0.4523132467412836, "f15": -1.1083881506629027, "f16": 0.33589685760467564, "f17": -0.05217702118242548, "f18": -1.1497854648770105, "f19": -0.8221349325639471, "f2": -0.49426146203067794, "f20": 2.9340360506088725, "f21": 0.18196724021529798, "f22": -2.1854943735050965, "f23": 1.1886169144398486, "f24": -0.8400763563655667, "f25": -0.5767479961372853, "f26": 1.3280539996534666, "f27": -0.2935388883948516, "f28": 0.970564620142317, "f29": 1.9490752460201124, "f3": 2.6424292209489253, "f30": 1.3846725111453428, "f31": 0.305507523456458, "f32": -0.20218884732069098, "f33": -0.12907090434424484, "f34": -0.9475652702679187, "f35": 0.8830636212263187, "f36": -0.6507176896786693, "f37": -0.07410898385500003, "f38": 0.3313123870193122, "f39": -1.7392083027499, "f4": 1.3336218365927053, "f40": 0.665966143560035, "f41": -2.0096659921098237, "f42": -2.08785643637239, "f43": 0.975805517001783, "f44": 0.012370890617419528, "f45": 1.0099518434604096, "f46": -0.38222312118965995, "f47": -1.008644704986374, "f48": -0.7051822528960378, "f49": 0.15064375364175725, "f5": 2.994056623592746, "f50": -1.4663020449687252, "f51": -0.6791819592328783, "f52": -0.4372512958483761, "f53": -0.017819416067597516, "f54": -0.026324265727410076, "f55": 2.6174751270302705, "f6": 0.9529687940714034, "f7": -0.3903913849013645, "f8": -0.5357044024705855, "f9": -3.019787907964727}, "datetime": {"datetime": "2023-02-04 01:03:08", "elapsed": 24404.949769, "delta": 1.584346}}
{"target": 0.2230254198756484, "params": {"f0": 0.2686042554611622, "f1": 0.2624062395404601, "f10": -1.0342022160726319, "f11": -0.3913429315995153, "f12": -1.056687489136006, "f13": -0.9192717763247533, "f14": -0.5898354298696896, "f15": -0.9859417154440083, "f16": 0.13453027759687902, "f17": 0.45383794322024773, "f18": -2.0187346236253685, "f19": -1.251667094463379, "f2": -0.36513857264295857, "f20": 2.5656433301457504, "f21": 0.6764210271763412, "f22": -2.10533385778638, "f23": 0.5365959538126518, "f24": -0.4663389166668652, "f25": -0.1408510427179821, "f26": 1.013928613483138, "f27": -0.016189729249213358, "f28": 0.6304974112999142, "f29": 2.175957564132923, "f3": 0.6335459458675758, "f30": 1.402963586045792, "f31": 0.23112345487934233, "f32": -0.411421832746272, "f33": -0.22514659550898874, "f34": -0.8517427037570897, "f35": 0.8396213453973123, "f36": -0.5818858597829109, "f37": 0.5116324347676727, "f38": 0.6922846018436211, "f39": -2.0656312668663293, "f4": 2.5069977966481813, "f40": 0.9007365012732788, "f41": -0.651612176099772, "f42": -1.3142525885512557, "f43": 0.20730708640283085, "f44": -0.039559931891937405, "f45": 0.9220588321004188, "f46": -0.45238642330586115, "f47": -0.3243401629425525, "f48": -0.4003894308986773, "f49": 0.1250682965311586, "f5": 0.623727060495676, "f50": -0.8422841282857427, "f51": -1.2878979977089062, "f52": -0.24755419460631112, "f53": 0.0949234598483909, "f54": 0.5629028566254055, "f55": 0.47363203705094864, "f6": 0.8969966457482399, "f7": 0.15689068413438867, "f8": -0.3378406377303117, "f9": -1.123715963396707}, "datetime": {"datetime": "2023-02-04 01:04:07", "elapsed": 24464.161503, "delta": 59.211734}}
{"target": 0.2640052706984253, "params": {"f0": 0.8138897240407383, "f1": 1.3374547110492936, "f10": -0.8106994085413155, "f11": -0.05624157911418659, "f12": -0.7624780981806422, "f13": -0.6952609388414657, "f14": -0.7920542214403554, "f15": -1.372112146791992, "f16": 1.0639939563089382, "f17": 0.011798705218021621, "f18": -0.8051701779479137, "f19": -1.2173865940807336, "f2": -0.6282230101673728, "f20": 2.622511039960415, "f21": 0.7269064300695102, "f22": -0.9672802055473415, "f23": 1.0911263537340732, "f24": -1.3878378401768592, "f25": -0.9094662798790725, "f26": 0.8187534688530292, "f27": -0.5193555090637246, "f28": 1.2414452199521633, "f29": 1.4945961762932174, "f3": 0.5438307803953958, "f30": 0.8062099681202459, "f31": 1.0727462470453544, "f32": -0.01340441689673788, "f33": -0.27417853694917615, "f34": -2.1299792610980366, "f35": 1.4691462095953782, "f36": -0.18105956229648712, "f37": -0.006795314404062058, "f38": 0.9305898125138885, "f39": -1.9204667689956108, "f4": 1.2826615825652432, "f40": 0.26301087844208704, "f41": -0.6294800393482978, "f42": -2.84371510467602, "f43": 1.1507694592333668, "f44": -0.11014445916528204, "f45": 0.46369743592830465, "f46": 0.08177678834349023, "f47": -0.18749791292993923, "f48": -1.6543465277067058, "f49": -0.06376488984961898, "f5": 0.4688888191507319, "f50": -1.3748449931919757, "f51": -1.3521604847507518, "f52": -1.2430983816457482, "f53": 0.30076147398918923, "f54": 0.01555268541247018, "f55": 1.2093527462980422, "f6": 2.4948131696718323, "f7": -0.018288946007374907, "f8": -0.12972154194632246, "f9": -0.5810411705097751}, "datetime": {"datetime": "2023-02-04 01:05:49", "elapsed": 24566.332399, "delta": 102.170896}}
{"target": 0.17420409874986842, "params": {"f0": 0.08632376198723357, "f1": 1.2074388698849627, "f10": -1.2039928461161415, "f11": -0.3449167296376121, "f12": -1.212179089900825, "f13": -0.7406194816880295, "f14": -0.5399134656415028, "f15": -1.44189899121957, "f16": 0.4614380556228831, "f17": 0.26664398147546897, "f18": -1.4675497562929916, "f19": -0.4446718928200486, "f2": -0.5088444074888888, "f20": 1.6896367388920615, "f21": 0.10626834136669798, "f22": -1.879005357162954, "f23": 0.42613978796426605, "f24": -0.36696859048960406, "f25": -0.46520992724081156, "f26": 0.686327217996636, "f27": 0.1956090412273851, "f28": 0.6833686739291702, "f29": 0.6060424977580618, "f3": 2.9303388099497565, "f30": 1.9297054079560187, "f31": 0.355539005895855, "f32": -0.6681510321617007, "f33": -0.25025207125798554, "f34": -1.2317676503768376, "f35": 1.9483320333972451, "f36": -0.6500021055677847, "f37": 0.06933459082940074, "f38": 0.7408189785426078, "f39": -0.8428087933397932, "f4": 0.6877049181373972, "f40": 0.38219450003478245, "f41": -0.8649438764152082, "f42": -0.4998814395496498, "f43": 0.6851085487035151, "f44": -0.4853066088885988, "f45": 0.5591606026727569, "f46": -0.3558286021099171, "f47": -0.1588921309322986, "f48": -0.9184176098619053, "f49": 0.4333250456482506, "f5": 2.118125447841787, "f50": -0.7962668860980958, "f51": -0.5402553292219845, "f52": -1.3543158091355312, "f53": 0.06889451012512382, "f54": 0.40396524291856345, "f55": 2.417984065776889, "f6": 2.9350864596823505, "f7": -0.20977776767148731, "f8": -0.47987260397450027, "f9": -1.9534527778240638}, "datetime": {"datetime": "2023-02-04 01:06:57", "elapsed": 24634.032561, "delta": 67.700162}}
{"target": 0.3154556131430979, "params": {"f0": 0.07053099611993505, "f1": 0.641866296833548, "f10": -1.029148487898807, "f11": -0.15778975463832468, "f12": -0.45850560047706257, "f13": -0.745144978574103, "f14": -0.38291533602077577, "f15": -0.38011229972838456, "f16": 0.1310054184219574, "f17": 0.5363296321319511, "f18": -1.0460669536926808, "f19": -1.5188036261501752, "f2": -0.09038437951742595, "f20": 0.6184013473925435, "f21": 0.34234977404342504, "f22": -1.574536798755183, "f23": 0.7669015922718471, "f24": -0.8791231162593645, "f25": -0.7617666685712339, "f26": 0.31207430188318247, "f27": -0.044654805538120845, "f28": 0.3535649081841987, "f29": 0.517796555419417, "f3": 2.74037290883604, "f30": 1.1537315256163878, "f31": 0.9201139527334147, "f32": -0.12226949012523558, "f33": -0.19406703380253976, "f34": -0.8193362692632817, "f35": 1.4050641956839984, "f36": -0.8120459206242809, "f37": 0.47695777600734957, "f38": 0.43508903651150455, "f39": -2.0246789737731543, "f4": 1.5580813901799977, "f40": 1.0520848925794253, "f41": -0.7459884124311464, "f42": -2.3854461057380822, "f43": 1.0772089899641415, "f44": -0.15982058346915434, "f45": 1.133563374491573, "f46": -0.5641979494554643, "f47": -0.5737077426658846, "f48": -0.6675138999003318, "f49": -0.039306185332388555, "f5": 0.8636887500887378, "f50": -1.580495985468852, "f51": -1.207272895442757, "f52": -0.6085723569479583, "f53": 0.3340606174807221, "f54": 0.31094603694293793, "f55": 0.46300930794808404, "f6": 1.6946907537797478, "f7": 0.21029233451758633, "f8": -0.5791998731992589, "f9": -1.2466122493211227}, "datetime": {"datetime": "2023-02-04 01:08:10", "elapsed": 24707.05394, "delta": 73.021379}}
{"target": 0.43662613212643164, "params": {"f0": 0.5968829578719753, "f1": 1.1248682888703816, "f10": -0.601420527000855, "f11": -0.12380199000704128, "f12": -1.2639160731108046, "f13": -1.3034136703755121, "f14": -0.4562869207087623, "f15": -1.5271499485950524, "f16": 0.8485693073722945, "f17": 0.2676017825372573, "f18": -2.244421848530174, "f19": -0.840783008368002, "f2": -0.5223166926938048, "f20": 1.5384463338453331, "f21": -0.03765879280747548, "f22": -1.2338806174010013, "f23": 1.5462099662504625, "f24": -1.61836431809751, "f25": -0.4237532043722657, "f26": 0.6303472150108198, "f27": -0.20374557928681486, "f28": 0.6310679617495674, "f29": 0.659938568164544, "f3": 1.8124240637773137, "f30": 1.544019207379649, "f31": 0.5739865188615985, "f32": -0.5223990913961886, "f33": -0.8769082115150353, "f34": -1.5373501237090457, "f35": 1.0841141473811378, "f36": -0.8984400755887724, "f37": -0.16549365830728976, "f38": 0.3016729195392809, "f39": -2.042659929630168, "f4": 2.3495122936024826, "f40": 0.23799891156727626, "f41": -0.5863539791361627, "f42": -1.0008170333120459, "f43": 1.3275877994640861, "f44": -0.19158224398150975, "f45": 0.9507512847829733, "f46": 0.11329415728134651, "f47": -0.20143076751810596, "f48": -0.8287162201404374, "f49": 0.6233168135511574, "f5": 2.169330440046293, "f50": -1.3950528114775202, "f51": -1.0191852413385756, "f52": -1.2517398630171328, "f53": 0.10052308543741856, "f54": 0.06941001074542119, "f55": 1.9879370831011987, "f6": 0.9880579808064269, "f7": 0.09204556105260558, "f8": -0.905110620142501, "f9": -1.6752902636268667}, "datetime": {"datetime": "2023-02-04 01:09:09", "elapsed": 24766.400713, "delta": 59.346773}}
{"target": 0.4190171191493175, "params": {"f0": 0.736673518621847, "f1": 1.3285530131561711, "f10": -0.617657219190097, "f11": -0.33861258959268814, "f12": -0.5370959517681871, "f13": -1.5809020976379695, "f14": -0.7220290516696453, "f15": -1.3921373002999493, "f16": 0.8146603826276683, "f17": 0.04226084248759296, "f18": -2.150577570875906, "f19": -0.614858569686058, "f2": -0.5957635041760996, "f20": 2.866352510192368, "f21": 0.4758673156834715, "f22": -2.4893458076625983, "f23": 0.8132498166087864, "f24": -1.244083349513911, "f25": -0.20770760684509781, "f26": 1.178462881284364, "f27": 0.08586356941375595, "f28": 0.7151785261681916, "f29": 1.9610832031686405, "f3": 2.6485306202986325, "f30": 1.4509286629097295, "f31": 0.8403781377271888, "f32": -0.34317906679398064, "f33": -0.08265810485208136, "f34": -1.8385736978112392, "f35": 0.9044094349682978, "f36": -0.5995880924308746, "f37": 0.05991305864418478, "f38": 0.25547197876038424, "f39": -1.0179676672979687, "f4": 0.9357797437962877, "f40": 0.9088120657158776, "f41": -2.016224323741074, "f42": -2.2529349102738085, "f43": 1.0132667625706289, "f44": -0.19482686937240112, "f45": 1.0454772929045333, "f46": 0.014139075748242469, "f47": -0.5997337757281102, "f48": -0.7002371323604107, "f49": 0.13592525522856566, "f5": 1.2432353964746905, "f50": -0.40859836592878684, "f51": -0.6679321132453523, "f52": -0.49835272670383945, "f53": 0.18986040787682967, "f54": 0.2835601901601834, "f55": 1.2343830350581246, "f6": 0.4849086689248336, "f7": -0.04815796772907888, "f8": -0.5408509126948364, "f9": -0.9123601810648885}, "datetime": {"datetime": "2023-02-04 01:09:53", "elapsed": 24810.017988, "delta": 43.617275}}
{"target": 0.3508475724028705, "params": {"f0": 0.20628324338428033, "f1": 0.7359610775327478, "f10": -0.7795829629945231, "f11": -0.2307948449826902, "f12": -0.9154846531242455, "f13": -1.1099474891347842, "f14": -1.1020402374510891, "f15": -0.49780791842207295, "f16": 1.057272103369349, "f17": 0.02314854150646914, "f18": -0.681492973335968, "f19": -0.7914718183837645, "f2": -0.7842907322628071, "f20": 1.4845792551446029, "f21": 0.5152959826544474, "f22": -1.5089528133638448, "f23": 0.9452028498402475, "f24": -1.6507832488464924, "f25": -0.8269088365797602, "f26": 0.4757537339246814, "f27": 0.09245296290049887, "f28": 0.9970758416063443, "f29": 1.493828253785814, "f3": 2.127467457261516, "f30": 1.8636226497538835, "f31": 0.8586321379262549, "f32": 0.10676475811093467, "f33": -0.7360197345552353, "f34": -0.599987682527817, "f35": 2.062123129375129, "f36": -0.9428428525300068, "f37": 0.14977799830812139, "f38": 0.418136580388993, "f39": -0.9711310550285981, "f4": 1.5188869632853235, "f40": 0.49178565082559167, "f41": -2.1492546719886687, "f42": -2.5531323070058756, "f43": 0.3919187370658427, "f44": -0.4340778850148618, "f45": 0.7139733678624106, "f46": -0.33834710689522757, "f47": -0.5847335357881004, "f48": -1.1583807917647466, "f49": 0.6996510741803684, "f5": 1.75823000300053, "f50": -1.1448763960632775, "f51": -0.8636040862481817, "f52": -0.5393184423989388, "f53": -0.0003847782923429577, "f54": 0.08889764030963287, "f55": 2.3255653377622894, "f6": 1.7601817906038915, "f7": 0.2451237488255253, "f8": -0.028122413575621397, "f9": -1.3221444147215753}, "datetime": {"datetime": "2023-02-04 01:10:51", "elapsed": 24868.768566, "delta": 58.750578}}
{"target": 0.2823611934932026, "params": {"f0": 0.5040088939201489, "f1": 0.9089935318034537, "f10": -0.41280835349369094, "f11": -0.7350466462503169, "f12": -0.9440158079958646, "f13": -1.1042157819966059, "f14": -0.7316373878571001, "f15": -1.3432372263762857, "f16": 0.32713044470924824, "f17": -0.14171612657631522, "f18": -0.7754603883815705, "f19": -0.3315286311744996, "f2": -0.5515488867163717, "f20": 2.6571220540142795, "f21": 0.6155338205037172, "f22": -2.9461869545509707, "f23": 1.1680532000899202, "f24": -1.7598918525990304, "f25": -0.9362435158336175, "f26": 0.9602584710098652, "f27": -0.17287367985528224, "f28": 0.8252325972350729, "f29": 1.4130758745065817, "f3": 0.7992277246756346, "f30": 1.8411795604445658, "f31": 1.1729754118133533, "f32": -0.15036402134740068, "f33": -0.38516670598518277, "f34": -1.3779879570662987, "f35": 1.383713498305854, "f36": -0.4445138078909009, "f37": 0.2548305592182432, "f38": 0.04109273833917639, "f39": -2.042512251024673, "f4": 2.1101870106087524, "f40": 0.33363898743061376, "f41": -1.8104210638109368, "f42": -1.2779729831692515, "f43": 1.178269961854244, "f44": -0.38293359033281976, "f45": 0.7256697901991043, "f46": -0.00455692335238278, "f47": -0.8566105190786487, "f48": -1.5827721876905203, "f49": 0.41245362884776837, "f5": 1.6378462104576925, "f50": -0.914579681505345, "f51": -1.00898436338745, "f52": -0.35330187467880947, "f53": 0.45888348541405577, "f54": 0.43073669487421073, "f55": 1.673080504578842, "f6": 0.8422253763838838, "f7": -0.200130798461291, "f8": -0.11760211671704202, "f9": -2.0277840997024983}, "datetime": {"datetime": "2023-02-04 01:11:57", "elapsed": 24934.368879, "delta": 65.600313}}
{"target": 0.3231124079826954, "params": {"f0": 0.16772401288999322, "f1": 0.4006042178114341, "f10": -1.0430781155828561, "f11": -0.53423155757263, "f12": -0.5351561709180757, "f13": -0.6782959663673163, "f14": -0.5986840597904146, "f15": -0.34373691991234123, "f16": 0.515529320016226, "f17": 0.18563346376569784, "f18": -0.9367294675051974, "f19": -1.219492941881199, "f2": -0.6673287078204859, "f20": 3.0103313605322084, "f21": 0.5987610216303916, "f22": -2.3555864442091528, "f23": 1.553247509801864, "f24": -0.6432669049513655, "f25": -0.44703267973685246, "f26": 0.5932837288490611, "f27": -0.49843968155049323, "f28": 0.3744365262927274, "f29": 2.6958115609252467, "f3": 1.396606632903155, "f30": 1.1672257657062024, "f31": 0.3085960137449014, "f32": -0.05958041925941249, "f33": -0.6954104360485338, "f34": -0.6617085585691538, "f35": 0.9371954969541021, "f36": -0.17679757877043634, "f37": 0.27316305999354723, "f38": 0.08967092629229538, "f39": -1.1064474908548614, "f4": 1.8791446814663972, "f40": 0.48964429318304625, "f41": -0.9438039784784498, "f42": -1.998474001950342, "f43": 0.9961443175397938, "f44": -0.16055466977301203, "f45": 0.9691595244894154, "f46": -0.5902495044726165, "f47": -0.7312099661554696, "f48": -1.6402487685336724, "f49": 0.22255139408499114, "f5": 1.8975108398324698, "f50": -1.0938245157253692, "f51": -0.9779116656647909, "f52": -0.8228317565267801, "f53": 0.054038262179907814, "f54": -0.09367186104507273, "f55": 2.1046676796731654, "f6": 2.6347995067272647, "f7": -0.40608768059348477, "f8": -0.5667949308694818, "f9": -1.2688590702294587}, "datetime": {"datetime": "2023-02-04 01:13:07", "elapsed": 25004.204204, "delta": 69.835325}}
