{"target": 0.36057683483469855, "params": {"f0": 0.466233088318621, "f1": 1.26047473170008, "f10": -0.8528059606405103, "f11": -0.6681116415508512, "f12": -1.1328445657096005, "f13": -0.7181270667639671, "f14": -0.8834224376402668, "f15": -0.720464329851668, "f16": 0.550539563313397, "f17": 0.45015825921246344, "f18": -1.922014964249774, "f19": -1.175493676694628, "f2": -0.5464480006320488, "f20": 2.5685906123273194, "f21": 0.5671661758936035, "f22": -2.4857358908161737, "f23": 0.8582991641794464, "f24": -0.756412212269311, "f25": -0.9130056788585323, "f26": 0.49330307904778714, "f27": -0.4048209440202084, "f28": 0.8753686250330907, "f29": 1.483957515702682, "f3": 2.3276707980988007, "f30": 1.7811466320478127, "f31": 0.6657390448737623, "f32": -0.038416595317805946, "f33": -0.5736022522225679, "f34": -1.1823040521414843, "f35": 1.8306687662114598, "f36": -0.520202832983101, "f37": 0.03658509125782783, "f38": 0.12423873755457678, "f39": -1.310695189750077, "f4": 0.8161681234403758, "f40": 0.3961304086225252, "f41": -1.032804906142093, "f42": -0.8072972748111615, "f43": 0.9762322005538708, "f44": -0.035957203350815314, "f45": 1.0526656822148317, "f46": 0.005615926887008071, "f47": -0.6813412428374339, "f48": -0.8864629308513489, "f49": 0.0434671925043697, "f5": 0.8839913822426883, "f50": -1.2926750843111015, "f51": -0.5690393698920774, "f52": -0.5708614916621793, "f53": 0.004111048363033873, "f54": 0.43643136365837437, "f55": 1.9066924832509597, "f6": 1.412677521375813, "f7": -0.2984894313365911, "f8": -0.621421734904982, "f9": -1.009776952138878}, "datetime": {"datetime": "2023-02-04 00:49:10", "elapsed": 23567.154666, "delta": 3.802603}}
{"target": 0.33501556447409553, "params": {"f0": 0.4450946041744808, "f1": 0.7188814073122163, "f10": -0.4055573420791019, "f11": -0.29647539192625816, "f12": -0.8459191945192712, "f13": -0.8728088177740558, "f14": -0.4834822750115866, "f15": -0.8282930179603814, "f16": 0.47543847733921907, "f17": 0.13689646128998018, "f18": -1.7559383001200803, "f19": -1.432683214978225, "f2": -0.2105475192246513, "f20": 2.5157858702581697, "f21": 0.4026190528821844, "f22": -2.1208306747594188, "f23": 0.7681941188956491, "f24": -1.6910692148655386, "f25": -0.5890238077782429, "f26": 0.8627586016870088, "f27": -0.3506515254157309, "f28": 1.191102530886534, "f29": 2.068002981154967, "f3": 2.780208619858005, "f30": 1.4511718261801114, "f31": 1.0966065323558345, "f32": -0.4086557526935721, "f33": -0.3461100970896059, "f34": -1.1683848646714128, "f35": 1.9956400430305665, "f36": -0.42552395953917266, "f37": -0.17327380753610916, "f38": 0.1834533853493186, "f39": -1.1536217573804897, "f4": 1.8411286220715455, "f40": 0.7047633873847763, "f41": -0.9446372054699446, "f42": -1.7505616356145537, "f43": 0.9454619597316926, "f44": -0.05085190750469082, "f45": 0.6856753219340501, "f46": -0.40081084969402125, "f47": -0.574493875782877, "f48": -0.7940925374267378, "f49": 0.02166057785477285, "f5": 1.857887258613115, "f50": -1.0347887896293628, "f51": -1.3443780526200286, "f52": -1.2974003172238602, "f53": 0.20907082812101077, "f54": 0.2949495173039128, "f55": 2.205708927066362, "f6": 2.1686730064837882, "f7": -0.2530789662434857, "f8": -0.739033929572503, "f9": -1.8624690408361264}, "datetime": {"datetime": "2023-02-04 00:50:16", "elapsed": 23633.831796, "delta": 66.67713}}
{"target": 0.21218599345587344, "params": {"f0": 0.6308135982637783, "f1": 0.5554964103915099, "f10": -1.1728742068828324, "f11": -0.3401437850150418, "f12": -1.1919028005737002, "f13": -1.524123498191252, "f14": -1.0431224622614632, "f15": -1.0547255057586813, "f16": 0.8601113762122754, "f17": 0.3114162649052952, "f18": -2.1955124245225166, "f19": -0.5956998558222207, "f2": -0.2285129871416417, "f20": 1.3168423678527725, "f21": 0.11933648472862253, "f22": -2.2018675061825803, "f23": 0.8843541384831641, "f24": -1.1969146955614847, "f25": -0.7532910447636487, "f26": 0.80705990191204, "f27": -0.3513747810033877, "f28": 1.3634360554548166, "f29": 1.1752125031607839, "f3": 2.390681263949138, "f30": 0.9615274212121764, "f31": 0.6685571540080503, "f32": -0.3904706453576353, "f33": -0.6153280944126847, "f34": -1.9378918806223238, "f35": 1.0571693910573745, "f36": -0.10813449633400163, "f37": 0.41719156750073383, "f38": 0.18190688262866467, "f39": -0.6113539394619807, "f4": 0.7185686935029412, "f40": 0.8453881620867774, "f41": -1.70570712150476, "f42": -0.8966863107148171, "f43": 0.5192460987640781, "f44": -0.05406102260033435, "f45": 0.8123462759256624, "f46": -0.5926966833521417, "f47": -0.5999832818125606, "f48": -0.568335937437163, "f49": 0.4825983486587021, "f5": 2.352938481383753, "f50": -1.317702244531595, "f51": -1.2355013805349597, "f52": -0.5799028790191941, "f53": 0.42201280309507994, "f54": 0.25577017268201835, "f55": 2.8659985867994155, "f6": 2.765724039159373, "f7": 0.2044700776638454, "f8": -0.6169243084820099, "f9": -1.8574803912235864}, "datetime": {"datetime": "2023-02-04 00:51:52", "elapsed": 23729.115638, "delta": 95.283842}}
{"target": 0.27423271700070556, "params": {"f0": 0.7266011738875731, "f1": 1.0519241849083303, "f10": -1.060468208094989, "f11": -0.16498563163211122, "f12": -0.39766304785153095, "f13": -1.4044905549211573, "f14": -1.2812367761425485, "f15": -1.3498053103313454, "f16": 0.34860659042686043, "f17": 0.06112315998711648, "f18": -1.871636002459763, "f19": -1.0383904560556592, "f2": -0.6218875307142251, "f20": 2.8236230846845123, "f21": 0.3968487227151946, "f22": -1.097195166484451, "f23": 1.4768808286957906, "f24": -0.8166345105194021, "f25": -0.5727157299051069, "f26": 1.0115406522788568, "f27": 0.10070604878804579, "f28": 0.6230461601147269, "f29": 1.384025836913093, "f3": 1.3130103570257765, "f30": 0.8053962864311999, "f31": 0.5331619110985886, "f32": -0.6464146774322043, "f33": -0.12747662641360746, "f34": -1.0654907475719029, "f35": 2.303467457532164, "f36": -0.5615506640929526, "f37": 0.15663948145126078, "f38": 0.40769095319246323, "f39": -1.7250833916135082, "f4": 2.0419133170656254, "f40": 0.2819998510154731, "f41": -1.3744681045681517, "f42": -1.9235996894068712, "f43": 0.7846761112380882, "f44": -0.20534256272960988, "f45": 0.7047914490368101, "f46": -0.2635764806354653, "f47": -0.49054532764668624, "f48": -0.8725346307147717, "f49": 0.38081903201401196, "f5": 2.33934779779151, "f50": -0.8898937834746026, "f51": -0.9019978695722537, "f52": -1.2026710405484775, "f53": -0.05667814804026966, "f54": 0.3287148593111248, "f55": 1.6637867714826893, "f6": 2.0769785417806768, "f7": -0.18389172118158226, "f8": -0.37832542291800036, "f9": -2.2046739062520277}, "datetime": {"datetime": "2023-02-04 00:52:44", "elapsed": 23781.085657, "delta": 51.970019}}
{"target": 0.26138172007429483, "params": {"f0": 0.6772460094585391, "f1": 0.7742103695376095, "f10": -0.4047684448281108, "f11": -0.5371580819386308, "f12": -0.9210345898915986, "f13": -0.89203679008794, "f14": -1.0076207578638325, "f15": -1.1905358479642978, "f16": 0.5032882618792887, "f17": 0.3388841979763792, "f18": -0.880805563756109, "f19": -0.8565558169286789, "f2": -0.48397496014224634, "f20": 1.823476817713718, "f21": 0.046882954805860765, "f22": -2.778830130880595, "f23": 1.8693985524055279, "f24": -1.020094618318752, "f25": -0.4974060075013159, "f26": 1.094793443100261, "f27": -0.41696237149775855, "f28": 1.0410690952532162, "f29": 3.041258889864615, "f3": 2.7929187262693977, "f30": 1.0581729289421662, "f31": 0.8462507089076212, "f32": -0.31094916296523684, "f33": -0.11698003546943847, "f34": -1.0661122726394499, "f35": 1.453077582945947, "f36": -0.32838420582546424, "f37": -0.14731545344891567, "f38": 0.38953853073459976, "f39": -1.0477455432830522, "f4": 2.756346870414974, "f40": 0.8342008188937551, "f41": -1.770236378880073, "f42": -2.3336062045997017, "f43": 0.501877856859147, "f44": -0.2426350036094807, "f45": 1.1324080327990784, "f46": -0.5920093490553918, "f47": -0.8265405113495028, "f48": -1.2271272746996356, "f49": 0.2420706769987716, "f5": 2.9008703683253723, "f50": -1.1638990309027548, "f51": -0.49901744247860225, "f52": -0.8837177335520312, "f53": 0.5085132126894603, "f54": 0.49684629500552757, "f55": 2.051676743917903, "f6": 2.9106869880641764, "f7": -0.14849975366551288, "f8": -0.5230766693902122, "f9": -0.792288982925256}, "datetime": {"datetime": "2023-02-04 00:52:46", "elapsed": 23783.03253, "delta": 1.946873}}
{"target": 0.1656186552140989, "params": {"f0": 0.6823526615721561, "f1": 0.6136146889164221, "f10": -0.9295474944644073, "f11": -0.7665666268384702, "f12": -1.205317466039251, "f13": -1.2162775707875397, "f14": -0.7969549314810397, "f15": -0.44983369597207523, "f16": 0.5920136678872903, "f17": 0.669384386303576, "f18": -0.9931117978517809, "f19": -0.4308365610289233, "f2": -0.25283427477843856, "f20": 0.7760726985943215, "f21": 0.5879360569482552, "f22": -2.565031986779964, "f23": 0.5962321839327374, "f24": -0.6035361988064323, "f25": -0.33612911188027017, "f26": 1.3308581159761643, "f27": -0.16159350857164057, "f28": 0.5236355448984182, "f29": 0.758668625758032, "f3": 2.8165476448162634, "f30": 1.548499258798972, "f31": 0.730350112588732, "f32": 0.018448525232341417, "f33": -0.42726430513133123, "f34": -1.5437752117891699, "f35": 1.5834863333519789, "f36": -0.42216451681935374, "f37": 0.4522648655161373, "f38": 0.607297908808558, "f39": -0.8424989931703826, "f4": 0.795253769910538, "f40": 0.6926059921398385, "f41": -0.6742297347514694, "f42": -1.1178712783096993, "f43": 0.9017779659103973, "f44": 0.0455543578123937, "f45": 1.2852918170664278, "f46": -0.09218579222449375, "f47": -1.006123644611371, "f48": -1.1401070996164657, "f49": 0.25265716680212585, "f5": 2.1153043521236556, "f50": -0.9399145259576448, "f51": -1.2871502364929448, "f52": -0.8848775382144067, "f53": 0.47385045810737514, "f54": 0.251660071608859, "f55": 1.9536374063596074, "f6": 2.6089780413306682, "f7": -0.29601151037273976, "f8": -0.423245541816729, "f9": -1.103848488988069}, "datetime": {"datetime": "2023-02-04 00:53:53", "elapsed": 23850.56637, "delta": 67.53384}}
{"target": 0.3307057426745359, "params": {"f0": 0.2615688670034373, "f1": 0.5382272924337792, "f10": -0.37532431397524346, "f11": -0.8285793370565417, "f12": -0.3807795453976627, "f13": -0.7418124711983641, "f14": -0.89179858077207, "f15": -1.4528822945271906, "f16": 0.2631637677072797, "f17": 0.049416078180175085, "f18": -1.8362357138882865, "f19": -0.6441424339131493, "f2": -0.4791506547559096, "f20": 0.7852015296201156, "f21": 0.6171072907909767, "f22": -1.3321660947972775, "f23": 1.0236941888662856, "f24": -1.5383029612822372, "f25": -0.6827945214298091, "f26": 0.5305299413075545, "f27": -0.14890540988688789, "f28": 0.4648112494951546, "f29": 2.4312837121513042, "f3": 2.4024823585250754, "f30": 1.8859502357129463, "f31": 1.13515475611557, "f32": -0.6790819391383198, "f33": -0.060190183464661984, "f34": -1.2631183057277564, "f35": 0.7595847383860019, "f36": -0.63259058565037, "f37": 0.16179103054782124, "f38": 0.3736070486001283, "f39": -1.1232935141694464, "f4": 1.8173059485272574, "f40": 0.8003096909754146, "f41": -1.3254267560915167, "f42": -2.001706917247327, "f43": 0.8948817544654946, "f44": -0.3568389153544321, "f45": 0.6022534212020747, "f46": -0.052503974726617275, "f47": -0.4642662089512397, "f48": -1.3019947738789561, "f49": 0.6176865286888006, "f5": 1.2809143377382068, "f50": -1.367916306191371, "f51": -1.2536921811908446, "f52": -0.6250483161746996, "f53": -0.02389382046969654, "f54": 0.30588179597622434, "f55": 1.0291653313340872, "f6": 1.8448472962915976, "f7": 0.11619562091843139, "f8": -0.4942838279125221, "f9": -1.7832078039613843}, "datetime": {"datetime": "2023-02-04 00:54:42", "elapsed": 23899.479525, "delta": 48.913155}}
{"target": 0.3798392309204137, "params": {"f0": 0.7129409192518134, "f1": 1.1909092451714085, "f10": -0.7260914728698213, "f11": -0.24906128279534112, "f12": -0.8252734013679445, "f13": -1.4787334401032024, "f14": -0.49215135032088253, "f15": -0.9576422798034282, "f16": 0.8944017835335685, "f17": 0.41577699611063834, "f18": -1.819825793513698, "f19": -0.6978313461283605, "f2": -0.8835734309828401, "f20": 2.1545340672410775, "f21": 0.2893169542023391, "f22": -2.8795485882621135, "f23": 1.1900993262390287, "f24": -1.488961119076218, "f25": -0.8526773797845268, "f26": 0.7642009515183761, "f27": -0.12520181685217158, "f28": 1.1167411911518383, "f29": 1.9373353885160964, "f3": 2.4740815300771093, "f30": 2.143330140111603, "f31": 1.2071987132262758, "f32": -0.050265900278756326, "f33": -0.7394682691475208, "f34": -1.552748872194691, "f35": 1.5580852588245795, "f36": -0.253978035495119, "f37": -0.11793255221010697, "f38": 0.5872958470205514, "f39": -1.412416352295586, "f4": 1.9661468504969284, "f40": 0.19825522475501084, "f41": -0.839272845225697, "f42": -2.0688283306076727, "f43": 0.6889179912743555, "f44": 0.23944815315585755, "f45": 0.5245415769189103, "f46": -0.5799711086797893, "f47": -0.44120643856443664, "f48": -1.112844309927231, "f49": 0.03885712651388226, "f5": 2.2595431061953932, "f50": -0.6520810740487932, "f51": -0.7193047454047875, "f52": -1.0942598909838015, "f53": 0.1886551757977931, "f54": 0.47590104458845117, "f55": 1.5219407576058255, "f6": 2.106839163555068, "f7": -0.24902383721370416, "f8": -0.07477360713927883, "f9": -0.713706935767727}, "datetime": {"datetime": "2023-02-04 00:55:29", "elapsed": 23946.658513, "delta": 47.178988}}
{"target": 0.31253607766341435, "params": {"f0": 0.35117238649179827, "f1": 0.4726805843442158, "f10": -1.1746123050616128, "f11": -0.7633399604955651, "f12": -0.953691991500458, "f13": -1.3027571253267383, "f14": -1.2736175619959322, "f15": -1.328095009519362, "f16": 0.23807451826848902, "f17": 0.4636236779432714, "f18": -1.6920294959149902, "f19": -1.2874323374091106, "f2": -0.36038715790600284, "f20": 1.6448618021111039, "f21": 0.530540938291477, "f22": -2.8817541294489906, "f23": 0.6869084376024875, "f24": -0.8060686663183231, "f25": -0.8129103546943663, "f26": 0.6959148034694231, "f27": -0.47637916172887623, "f28": 1.177080344083173, "f29": 2.6687910174324885, "f3": 1.4466655240979645, "f30": 1.3801819320822102, "f31": 0.44331948126579407, "f32": -0.0160125701767172, "f33": -0.47264341955725186, "f34": -1.8369987610282548, "f35": 1.7898359145538103, "f36": -0.3078578885817198, "f37": 0.30893534691666646, "f38": 0.6287823409843766, "f39": -1.3887033091724108, "f4": 1.7641503945525658, "f40": 0.31804817364238924, "f41": -1.8951195510309746, "f42": -0.7197586303961359, "f43": 0.8179427797767759, "f44": -0.07340279877615685, "f45": 0.8940757858984207, "f46": -0.2260034974156237, "f47": -0.9748393901838996, "f48": -0.6543971976309964, "f49": 0.5774715441209821, "f5": 2.6433040991670835, "f50": -1.29382508566696, "f51": -1.0225205809597737, "f52": -1.0830066254862603, "f53": 0.1027975982674155, "f54": 0.3376135629177354, "f55": 2.680660855120828, "f6": 2.58810269942604, "f7": 0.06846524382256225, "f8": -0.6865648778552874, "f9": -2.448310190125361}, "datetime": {"datetime": "2023-02-04 00:55:33", "elapsed": 23950.246352, "delta": 3.587839}}
{"target": 0.32938330953402667, "params": {"f0": 0.5023893454580716, "f1": 0.6036117418108824, "f10": -0.43177441708639397, "f11": -0.45886285851228187, "f12": -0.8448691179700283, "f13": -1.2923700717520754, "f14": -1.3018247549195696, "f15": -0.7708749395301049, "f16": 1.006796298327698, "f17": -0.08637162500511246, "f18": -1.4510697296582968, "f19": -1.210751661239991, "f2": -0.27234885782074847, "f20": 1.770262356013305, "f21": 0.5486820307430653, "f22": -1.4168977518398873, "f23": 0.7442662469905197, "f24": -1.233870289109838, "f25": -1.076928446790229, "f26": 1.2972945700470868, "f27": -0.4072204450327586, "f28": 0.37766883594903666, "f29": 1.952810053362084, "f3": 0.5545556045621232, "f30": 1.8300683341862527, "f31": 0.7623392897450991, "f32": -0.6976924242075772, "f33": -0.44680649172373976, "f34": -1.524665552712004, "f35": 0.5227487607343678, "f36": -0.6267856964317993, "f37": 0.027963477988444396, "f38": 0.15308535405416368, "f39": -1.7626138378158371, "f4": 2.9391183469468887, "f40": 0.6630940326116568, "f41": -0.8630697504911233, "f42": -0.659762191296577, "f43": 1.2353010179384898, "f44": -0.45173795696299096, "f45": 1.2746881602338966, "f46": -0.39311576486355027, "f47": -0.39798936455881606, "f48": -0.9469512114922632, "f49": 0.05325279249972596, "f5": 2.0369738590029103, "f50": -1.430465967131683, "f51": -1.1234567616852464, "f52": -1.3150512664835121, "f53": 0.4839567327462454, "f54": 0.3797600361297462, "f55": 2.577808581254301, "f6": 1.9068972133499116, "f7": -0.3874924583077006, "f8": -0.20625460536764428, "f9": -1.3027588486211605}, "datetime": {"datetime": "2023-02-04 00:57:25", "elapsed": 24062.057794, "delta": 111.811442}}
{"target": 0.2534530107750026, "params": {"f0": 0.5861278376877448, "f1": 0.8669707282914786, "f10": -1.0473238599127623, "f11": -0.5105205334422903, "f12": -0.2991892033075835, "f13": -1.5871930234424159, "f14": -0.7565429970973085, "f15": -0.7977929615436589, "f16": 0.5561126632548097, "f17": 0.08628600745438202, "f18": -2.1365369248932966, "f19": -1.376423416551703, "f2": -0.32859985872660913, "f20": 2.557617757009634, "f21": 0.4633914145989841, "f22": -1.2382821778469384, "f23": 1.5443943408043401, "f24": -1.567752414543442, "f25": -0.8366792272516892, "f26": 0.3760776211686503, "f27": -0.32441382188260937, "f28": 0.8716546888787718, "f29": 0.8546250559237019, "f3": 1.6877547467996703, "f30": 1.1217650711723073, "f31": 0.2827736098195021, "f32": -0.3492717276570692, "f33": -0.6225675199912903, "f34": -0.9397157523070847, "f35": 0.8716442964075068, "f36": -0.7771944578798131, "f37": -0.2633386541873037, "f38": 0.6510790574145078, "f39": -0.77383249458793, "f4": 1.65811052238033, "f40": 0.8758738085927863, "f41": -1.9845742839516143, "f42": -2.3949984050935678, "f43": 1.2802969609183, "f44": -0.32838409800546736, "f45": 1.2141372419405707, "f46": -0.4422088757949472, "f47": -0.6686675387614514, "f48": -1.4230779294602798, "f49": 0.22092915290963377, "f5": 2.5525100580781834, "f50": -0.7801556801703543, "f51": -1.2580332219760284, "f52": -0.7654317112976785, "f53": -0.11814263030360206, "f54": 0.16091376340345706, "f55": 1.480448678686848, "f6": 1.9166480422774543, "f7": -0.32365519855076286, "f8": -0.24042427684907874, "f9": -2.697284614270496}, "datetime": {"datetime": "2023-02-04 00:58:38", "elapsed": 24135.874031, "delta": 73.816237}}
{"target": 0.31746031403851444, "params": {"f0": 0.17160369179991525, "f1": 0.9970604514662557, "f10": -0.9528349289441773, "f11": -0.2253828237941643, "f12": -0.9181286523536423, "f13": -1.2719805293078288, "f14": -0.5437789219577466, "f15": -0.41582676781336714, "f16": 0.5884613001194581, "f17": 0.6132254032321351, "f18": -1.1430564554086529, "f19": -1.4905881081615306, "f2": -0.22440819988235805, "f20": 0.7070513207116372, "f21": 0.7554534215909305, "f22": -0.9223367669488374, "f23": 1.92882883434175, "f24": -0.680270405135802, "f25": -0.37725709540115626, "f26": 0.9115511395234065, "f27": -0.21719209603409195, "f28": 0.6025403951948551, "f29": 2.208401221104823, "f3": 2.0754807454726034, "f30": 1.880505239537416, "f31": 1.0007464147900917, "f32": -0.27192426264126357, "f33": -0.5479216699960603, "f34": -1.827531437023994, "f35": 0.9737994896630766, "f36": -0.8678177564266109, "f37": 0.36625676556625114, "f38": 0.5754733058115815, "f39": -1.9083095418374898, "f4": 0.6071110311396551, "f40": 0.24937689046384842, "f41": -1.6587575171815592, "f42": -0.72616035686071, "f43": 0.29537290062094074, "f44": -0.322576837470928, "f45": 0.44316486166503544, "f46": -0.0869762832847012, "f47": -0.8881873682315525, "f48": -0.9902412600663826, "f49": 0.6222210008080882, "f5": 2.724151686208467, "f50": -1.5411671825215643, "f51": -1.0778270240861594, "f52": -0.3650443106414214, "f53": -0.032635441632262285, "f54": 0.23258995329317286, "f55": 0.6088907677768651, "f6": 2.3993906878771356, "f7": -0.3409593531476298, "f8": -0.7329130953382073, "f9": -2.383278274126396}, "datetime": {"datetime": "2023-02-04 00:59:38", "elapsed": 24195.494456, "delta": 59.620425}}
{"target": 0.107229700147897, "params": {"f0": 0.4791486418476192, "f1": 1.0438450053019803, "f10": -0.907561311276477, "f11": -0.3989728195027377, "f12": -0.5545661185064974, "f13": -1.5964548502499438, "f14": -0.8806759510798299, "f15": -0.8364165811196281, "f16": 0.827576701560436, "f17": 0.33426431911802507, "f18": -0.9017271168584695, "f19": -1.2691618580433448, "f2": -0.9059901971002793, "f20": 1.8443057397514016, "f21": 0.5468540445585903, "f22": -0.6780906326811231, "f23": 1.5457983998130962, "f24": -1.2911047558760336, "f25": -0.6660768454322986, "f26": 0.5804614690979165, "f27": -0.2952349366231526, "f28": 1.096263389738018, "f29": 0.610670042565718, "f3": 0.9689824829025679, "f30": 0.917502528578876, "f31": 1.0274391702548293, "f32": -0.2646945049408853, "f33": -0.8022948330984155, "f34": -1.1820085140158132, "f35": 2.6216975173044785, "f36": -0.4373297891028419, "f37": -0.12362630303337538, "f38": 0.4062060397363457, "f39": -2.239072549587236, "f4": 2.4746561187732397, "f40": 0.6863554113438854, "f41": -1.3485280085480134, "f42": -2.501081104405748, "f43": 0.8377360439372104, "f44": 0.1642438986946549, "f45": 1.3074104556451456, "f46": -0.538021259552482, "f47": -0.5470590874948439, "f48": -1.4583035328478802, "f49": 0.3724975529454365, "f5": 1.2576601752699292, "f50": -1.052960969551234, "f51": -1.213813029595182, "f52": -1.0907405364168843, "f53": 0.04506609504155429, "f54": 0.6493150749525608, "f55": 1.1107838539357355, "f6": 2.8261113895231516, "f7": 0.25263339217144126, "f8": -0.8074801004260396, "f9": -2.2598886931805606}, "datetime": {"datetime": "2023-02-04 01:01:06", "elapsed": 24283.157921, "delta": 87.663465}}
