{"target": 0.41128037081223023, "params": {"f0": -0.29183064173488926, "f1": -1.2824583363118207, "f10": -2.337818710941137, "f11": -0.054676052482065085, "f12": -1.79602823485921, "f13": -0.6198249313449669, "f14": -0.42226472468378395, "f15": 0.351174355897399, "f16": -0.4751240248975388, "f17": 0.9313555923124213, "f18": -2.199520411348018, "f19": -0.7692935656074811, "f2": -0.06376768390896959, "f20": 1.5466483692156088, "f21": 1.970284269270293, "f22": -1.793827990745055, "f23": -0.08872764977558223, "f24": 1.4164200403289027, "f25": 0.5732436269127952, "f26": -0.18174778377771483, "f27": -0.9958235534089588, "f28": -0.018070585101651382, "f29": 1.2154695132478337, "f3": 1.904019346630654, "f30": -0.5320111762358912, "f31": 2.9210677093242063, "f32": -0.9414970366563635, "f33": 2.3693169200884143, "f34": 2.023746525978857, "f35": -0.28686080605364284, "f36": -1.042747264349229, "f37": 1.339890519481813, "f38": 0.3931826312133109, "f39": 0.40729770224016915, "f4": 1.2000837870389265, "f40": 1.0460287093399456, "f41": -0.6107545916847399, "f42": -1.5156406421793056, "f43": 0.2051272181162871, "f44": -0.11973024722658798, "f45": 0.36184119490095856, "f46": -2.9659838970554206, "f47": -0.27310458666796966, "f48": -0.7070141795038302, "f49": -0.6211290831240601, "f5": 0.7537103239002891, "f50": -0.11967075986210363, "f51": -0.5431659303797164, "f52": -0.8228379062397999, "f53": -0.86025959587733, "f54": 0.39559190599720306, "f55": 1.2157727641004303, "f6": 0.9915130554068377, "f7": -2.188154439593671, "f8": 1.5434954190679147, "f9": -2.5384959150232205}, "datetime": {"datetime": "2023-02-03 18:27:30", "elapsed": 667.120333, "delta": 81.414897}}
{"target": 0.13932422636856553, "params": {"f0": 1.0188370639578477, "f1": -1.861873591462807, "f10": -0.6823199906406239, "f11": -0.6682272587686574, "f12": -2.5391375314254363, "f13": -1.7731953683137989, "f14": -0.6357002953873137, "f15": 1.464317990631869, "f16": 0.4804747078330833, "f17": 1.2833150053178242, "f18": -2.3556571903105663, "f19": -1.1087349238899917, "f2": -0.6513173755337222, "f20": 2.158334752308609, "f21": 1.8915037985334306, "f22": -0.9219897125098147, "f23": 1.0193999975571535, "f24": 2.9339683266793304, "f25": -0.14571309220892914, "f26": -0.7191633721943884, "f27": -0.2731414677834074, "f28": 1.5027096106908508, "f29": 1.0945294657478006, "f3": 0.9169590108547863, "f30": -1.9807378052338607, "f31": 1.5983668389412606, "f32": -0.5602074704198778, "f33": 2.536769326452254, "f34": 2.756006546012836, "f35": -0.3250669825673096, "f36": -2.021800227636416, "f37": 0.14165269955415138, "f38": -1.000201265118133, "f39": 0.7863367860336983, "f4": 1.4856459996266431, "f40": 0.5337566413191455, "f41": -1.3000355038280536, "f42": 0.5032152058720176, "f43": 1.1120264105136868, "f44": -0.47066257114508003, "f45": 1.84586572140198, "f46": -2.667444969869054, "f47": -0.40241460640297655, "f48": 0.0029886566186489993, "f49": -1.7320880725769396, "f5": -0.2840846376139199, "f50": 0.1503834909534396, "f51": 0.1896345774324022, "f52": -0.6787284446545931, "f53": -0.720264465275636, "f54": 2.0739103848376876, "f55": 1.0889612745590755, "f6": 1.455699691933852, "f7": -2.2339922664862395, "f8": 0.9331036418512082, "f9": -1.764495897469847}, "datetime": {"datetime": "2023-02-03 18:28:17", "elapsed": 713.936496, "delta": 46.816163}}
{"target": 0.21126556827395138, "params": {"f0": -1.5650857712584878, "f1": 0.03292492540199188, "f10": -2.7609151244349177, "f11": -1.5792706269818342, "f12": 0.808539250792562, "f13": -0.6606039960152801, "f14": -0.630867972463834, "f15": -1.0183408266352818, "f16": 0.4897101779044353, "f17": 1.644527871471647, "f18": -1.0374209904145184, "f19": -2.04130009258009, "f2": -0.8316810584620928, "f20": -0.7862242964664568, "f21": 0.6208637650569873, "f22": -0.9152938961459509, "f23": -0.052143741309898184, "f24": -0.41728720965355814, "f25": 0.902594154119889, "f26": 0.28789895105480423, "f27": -1.239388486243694, "f28": 0.20434333080936118, "f29": 0.9227628486228503, "f3": 2.640306652738653, "f30": -1.2373282832410355, "f31": 1.1816601937426414, "f32": 0.23778442917719378, "f33": 0.764264114719569, "f34": -0.52210082699487, "f35": -1.78306526954835, "f36": 0.23726635539155927, "f37": -0.8764027603671811, "f38": -0.9966572298991728, "f39": 0.19791305029294004, "f4": 1.7272973410645032, "f40": 0.257802974637914, "f41": -0.5515808502227757, "f42": -1.6547208136562264, "f43": 1.2679004272408287, "f44": -0.9574790878349307, "f45": 0.7666453816031482, "f46": 1.0058689524630973, "f47": 0.09847252050895694, "f48": 0.3648163391366319, "f49": -0.5188402525224922, "f5": 0.22908942350833938, "f50": 1.3834555713789871, "f51": -0.44757841178540336, "f52": -1.2031517172709703, "f53": -1.6813174943535558, "f54": -0.6696602094812917, "f55": -0.06031315922154845, "f6": -0.38477997617663207, "f7": -2.893334044443844, "f8": 1.6347811348643686, "f9": 0.6099280555228179}, "datetime": {"datetime": "2023-02-03 18:28:56", "elapsed": 753.275296, "delta": 39.3388}}
{"target": 0.1998254793432595, "params": {"f0": -0.8901690439052569, "f1": -1.4236525125210613, "f10": -0.24550964589209334, "f11": -1.388011411168642, "f12": -2.5647675318391583, "f13": 0.533448895113831, "f14": 0.11981906231337769, "f15": -0.4488427010156557, "f16": 0.4722256538374383, "f17": 1.7210050150627603, "f18": -1.4528090176250168, "f19": -2.5224723002596217, "f2": 1.0743748553523933, "f20": 3.0439838825153647, "f21": 1.469818544310535, "f22": 0.9079794381153357, "f23": 1.3278297907096852, "f24": 1.5729103657692773, "f25": 1.7164838025698048, "f26": 0.04134204387824769, "f27": -1.0320304909703188, "f28": 0.8017227860647469, "f29": 0.31310915702164155, "f3": 0.8557715268308941, "f30": 0.9354907551831197, "f31": 1.2673517033330668, "f32": -0.702394698728972, "f33": -0.9449906007145288, "f34": 1.1630959914099244, "f35": -0.844736634993805, "f36": -2.7410392889274546, "f37": 2.6247276203458254, "f38": 1.1660412716699584, "f39": 1.6263658380408141, "f4": 1.5330220123667426, "f40": -0.5677320349059192, "f41": -0.4242126120074692, "f42": -2.335226748093535, "f43": -1.0514133313881955, "f44": -0.38169008215226574, "f45": 1.7030004469105409, "f46": -0.37800580174218945, "f47": -0.6908013079130251, "f48": -0.2854004121541571, "f49": -0.1363500931931556, "f5": 0.49391556295685346, "f50": -0.7319758798754334, "f51": -1.3906926675044406, "f52": -0.38935499467533985, "f53": -2.709721304944712, "f54": 1.2234874494495251, "f55": 1.8656145203758732, "f6": 2.7657161205297314, "f7": -2.5489344813880717, "f8": 0.24028054774960883, "f9": -2.6705196825358968}, "datetime": {"datetime": "2023-02-03 18:30:01", "elapsed": 818.853596, "delta": 65.5783}}
{"target": 0.21664590855107788, "params": {"f0": 0.1361811548730012, "f1": -1.7659058746163525, "f10": -2.4968876355844625, "f11": -0.3669409583374179, "f12": -1.4571282097639469, "f13": -1.1470983514172004, "f14": 0.13079438809323518, "f15": 0.4744029387759061, "f16": -2.031261409291277, "f17": 0.38255302376015043, "f18": 0.5261066822747451, "f19": -0.5674653906715976, "f2": -0.41583652178658603, "f20": 0.6606606300451512, "f21": 0.6028688923425707, "f22": -2.888738960488689, "f23": -0.18508893366729828, "f24": 1.1709347037622124, "f25": 1.479209015226289, "f26": -0.3988075306272203, "f27": -2.0713530312339783, "f28": 1.2248968631588084, "f29": -0.18209794348247965, "f3": 0.38892090776022403, "f30": -0.7066029732400585, "f31": 0.7229472766216627, "f32": -1.0244102660522953, "f33": 2.0048696523897878, "f34": 2.0586551329863925, "f35": -1.6676504723968228, "f36": 0.533758012649376, "f37": 1.9940402427942594, "f38": 1.0183306535879175, "f39": 0.5035853271795572, "f4": 2.3645037906809208, "f40": 0.2580842778708743, "f41": -0.18491241544493509, "f42": -2.7644772249172105, "f43": -0.7650377848876808, "f44": -1.4269662789329363, "f45": -0.7990319488109301, "f46": 0.09130771454573239, "f47": -1.0131032620434386, "f48": -1.3823589655661839, "f49": -0.034882053820817216, "f5": 2.5711996767805902, "f50": -1.5579541286597043, "f51": 0.38905221761315323, "f52": 0.4705432435878545, "f53": -1.0709844555724681, "f54": -1.0833937681762384, "f55": -0.6302414177513556, "f6": 1.2676308140896775, "f7": -0.7477909978177086, "f8": 2.730270599244987, "f9": 0.01710681616162546}, "datetime": {"datetime": "2023-02-03 18:31:03", "elapsed": 880.862558, "delta": 62.008962}}
{"target": 0.09840874510520149, "params": {"f0": 1.2011359964231094, "f1": -0.5768510098429602, "f10": -1.2985580780095054, "f11": 1.0741867021381057, "f12": -2.3364304943250107, "f13": 0.2438229945242818, "f14": -1.4573969529885122, "f15": 0.6577477854725908, "f16": -1.1026198998515016, "f17": -0.4755107862257886, "f18": -1.2424041852794911, "f19": 0.2871075720293783, "f2": 0.16107903699083814, "f20": 1.062007639353008, "f21": 1.0209729326576358, "f22": -1.6921881856775738, "f23": -1.3850945386527813, "f24": 0.26173882239780766, "f25": 0.5006011532704671, "f26": 1.0389622016169067, "f27": -1.086957013860503, "f28": -0.2163591793195676, "f29": 1.7856309826462673, "f3": 1.1280918085301475, "f30": -1.8674698941026817, "f31": -0.17065288386470667, "f32": -0.8085048318252324, "f33": 0.05784230336810103, "f34": 1.333307657577055, "f35": -1.5791934842140907, "f36": 0.8340688373042919, "f37": 0.045043921278153265, "f38": 1.0590998504528926, "f39": -0.7303996001728956, "f4": 1.1227487815870092, "f40": 1.291866407725169, "f41": -1.5092543098022901, "f42": -1.2817363393832815, "f43": -0.6955130998432019, "f44": -0.04599940886726506, "f45": 1.3703976584570472, "f46": -0.4749873495319945, "f47": -0.24513741827352642, "f48": -0.8477835629460111, "f49": -0.8216145937811166, "f5": 2.22729498254351, "f50": 0.3299624451218721, "f51": -0.7808703192008537, "f52": -0.5044070673865297, "f53": -0.6300797523377408, "f54": -0.7503291933843868, "f55": 0.7998251019894274, "f6": 2.5419303515738525, "f7": 0.18870573103445532, "f8": 0.3491951529741, "f9": 0.5503060555624586}, "datetime": {"datetime": "2023-02-03 18:31:33", "elapsed": 910.189841, "delta": 29.327283}}
{"target": 0.2247368572025558, "params": {"f0": 1.08487872806081, "f1": -0.6687571080677821, "f10": -0.5603369876953135, "f11": -1.319106176202591, "f12": -2.875632108227256, "f13": -1.9556154475677217, "f14": -0.29381917345841635, "f15": 1.3031830481957867, "f16": -1.6780992155153567, "f17": -0.7546171987299015, "f18": -1.1597689943160963, "f19": -0.29351818563285326, "f2": -1.4254700537055538, "f20": 1.1651043958683174, "f21": -0.626033009197774, "f22": -0.3291028251804069, "f23": -1.086477319370786, "f24": 1.5280381470388193, "f25": -0.5071732802065936, "f26": 1.0389293060319689, "f27": -1.276069693213086, "f28": 0.35819054680839146, "f29": 1.1339750947242209, "f3": 0.4100269553763337, "f30": -1.4582034737064515, "f31": 0.5655428843053393, "f32": -0.6077757248196511, "f33": 2.866172368108031, "f34": 0.047435622165204916, "f35": 0.42474213193157384, "f36": -1.444808530048003, "f37": 2.613590944186755, "f38": -0.7736903398300199, "f39": -0.11136778690159077, "f4": -0.9332827529175877, "f40": 2.3344405240462933, "f41": -1.8816505125203675, "f42": -2.9755248113245716, "f43": 1.5351542715332973, "f44": -0.8500218362640127, "f45": 0.4808038963804975, "f46": -2.5493332425014303, "f47": -0.48770202656704487, "f48": -0.10512026906222127, "f49": -0.7634198772045069, "f5": -0.599572539515813, "f50": -0.05270009085485228, "f51": 0.8362336192876771, "f52": 0.385322358279816, "f53": -1.4788941048591158, "f54": 0.5678773126492385, "f55": 2.384424117922104, "f6": 1.9879890530881006, "f7": -0.5016287164574211, "f8": -0.07864615096000205, "f9": -0.154873153936399}, "datetime": {"datetime": "2023-02-03 18:32:18", "elapsed": 955.334515, "delta": 45.144674}}
{"target": 0.25840873388406943, "params": {"f0": -1.376995986634744, "f1": -2.469597423293895, "f10": 0.9185846312355501, "f11": -0.5461758909803579, "f12": -0.31770938183382125, "f13": -0.27404580525816247, "f14": -1.761367396717678, "f15": 0.6760078400337002, "f16": -1.4502909776859054, "f17": 2.53482726245297, "f18": -0.35934188248290067, "f19": -2.378609170308972, "f2": 0.039476162528051084, "f20": 2.237827478275199, "f21": 1.8615134261610229, "f22": -1.7308101653937202, "f23": -0.4713442473885261, "f24": -0.7969323046207173, "f25": -0.26721817320331, "f26": -0.1652572051359953, "f27": -1.4690735951968683, "f28": 0.6147958313033897, "f29": 0.8367886587956482, "f3": -0.10632100226743157, "f30": -1.6921460120171885, "f31": -0.5420967763504212, "f32": -2.0020396954858963, "f33": 0.3295301168259236, "f34": 2.8262772181188094, "f35": -1.2116008273503835, "f36": -1.2850252052050521, "f37": 2.902508836202557, "f38": 0.3423310788850693, "f39": 1.3870218675842574, "f4": 2.6775405645675954, "f40": 2.49210083227019, "f41": -0.9048303571688101, "f42": 0.6150379816566995, "f43": -0.15425264632316038, "f44": -1.040563014875376, "f45": -0.8998096823643751, "f46": -1.753690479436189, "f47": 0.33017904622362537, "f48": -2.1174693907336177, "f49": -1.0344212860859887, "f5": 2.0829007688698082, "f50": -1.2752432220497432, "f51": -1.7928627170370735, "f52": 0.0018489695777286208, "f53": -2.6908635378268624, "f54": 0.4183037554394202, "f55": -0.07678428155639228, "f6": 1.8843385395469676, "f7": -1.3083382884251111, "f8": 0.19713594458136952, "f9": -1.3722725566563045}, "datetime": {"datetime": "2023-02-03 18:33:32", "elapsed": 1029.391113, "delta": 74.056598}}
{"target": 0.20109450510061247, "params": {"f0": 0.9900583746983209, "f1": 0.8663017348075122, "f10": -0.6257384009883871, "f11": -1.1787224097491364, "f12": -1.7574272336483108, "f13": 0.20692275515921432, "f14": -0.009136682914574479, "f15": 1.1782925711802277, "f16": -1.8642664520561014, "f17": 0.6564986339009383, "f18": -1.846543381034698, "f19": -0.25640992930519424, "f2": 1.2623211463401462, "f20": 2.721972378188053, "f21": 1.8244367110843887, "f22": -1.7265734240951376, "f23": -0.4426984810057679, "f24": 2.5874489480049787, "f25": -0.04164548087989006, "f26": 0.7778887556281593, "f27": -0.9705189487782719, "f28": -0.6591237778996466, "f29": 0.39400957904988465, "f3": 2.7481921161716913, "f30": -1.6133193160192627, "f31": 1.2082212443158906, "f32": -1.4640383841781663, "f33": 0.6258705409646897, "f34": -0.11635898416369683, "f35": 0.8810306508970391, "f36": -0.6136654606441279, "f37": 1.983537768612908, "f38": -0.5666546406837641, "f39": 1.2520677294323455, "f4": -0.2702573866613601, "f40": 1.746091377845202, "f41": -1.3748061980843342, "f42": -1.2028348073157475, "f43": 0.8101040768796492, "f44": -1.0804480689399498, "f45": -0.6643280339386064, "f46": -0.9303166633664532, "f47": 0.655772920949369, "f48": 0.5370876353307454, "f49": -1.4521799324026032, "f5": 1.8645042530575986, "f50": -0.3164390133456465, "f51": -0.06593207904532594, "f52": -0.5017023380211523, "f53": 0.05665380821229293, "f54": 0.5792595723134646, "f55": 2.651459445000711, "f6": 2.426671988261801, "f7": -2.10514718540452, "f8": 1.0209978022833095, "f9": 0.40348896143835766}, "datetime": {"datetime": "2023-02-03 18:34:28", "elapsed": 1085.018766, "delta": 55.627653}}
{"target": 0.32488700529602293, "params": {"f0": 0.5066292121789882, "f1": -1.1369321921655744, "f10": 0.37610146562763624, "f11": 0.2777943147534314, "f12": -2.8414519884242058, "f13": -0.48354429402253674, "f14": -1.3834981633024381, "f15": -0.5253269985291436, "f16": 0.7160237705799386, "f17": 2.410470060760294, "f18": -0.9177946465029145, "f19": 0.4664155617011958, "f2": -0.17000033773639744, "f20": 1.981433100775285, "f21": 2.8839178168299124, "f22": 0.8938745678128903, "f23": 1.114708719182006, "f24": 1.441846705037261, "f25": 1.7227828538631886, "f26": 0.22242895019951336, "f27": -0.43972692020845816, "f28": 1.2905204164844937, "f29": 2.607546895195495, "f3": -0.7957484284201304, "f30": -0.8229348566930257, "f31": 0.9081025732622049, "f32": -1.4815418346405913, "f33": 1.3419039289021746, "f34": 1.2116262818601409, "f35": 0.9907193021376826, "f36": -0.04263375561754357, "f37": -0.7075212652332816, "f38": 1.2298022636782127, "f39": -0.33190778619715755, "f4": 0.14261314445016693, "f40": 2.8748907155697303, "f41": 0.27838014073476236, "f42": 0.8170853261706017, "f43": 1.3144576181484482, "f44": 0.7000171451323487, "f45": 0.7436835011040106, "f46": -0.1274192053089629, "f47": 0.9150556038709672, "f48": -2.1234676540180057, "f49": -0.3423971683628717, "f5": 0.16337196217204586, "f50": -1.4458000144022796, "f51": -1.3776335427526325, "f52": -2.2963938840975646, "f53": -2.2478428761097, "f54": -0.5173392847610782, "f55": -0.7448319641520781, "f6": 1.900041397056539, "f7": -2.36046793024265, "f8": 2.3158653026577083, "f9": -1.5427670984852633}, "datetime": {"datetime": "2023-02-03 18:35:48", "elapsed": 1165.577552, "delta": 80.558786}}
{"target": 0.6977100251061024, "params": {"f0": 0.26257942717397276, "f1": 0.12979628412445754, "f10": 0.041754838588895726, "f11": 0.1856921186432503, "f12": -1.8360192964076205, "f13": -1.3147404374824943, "f14": -0.8975000490108782, "f15": -0.8404201322735002, "f16": 0.9747665746029484, "f17": 0.6509413721505203, "f18": -3.00397807963047, "f19": -0.0634542987983453, "f2": 0.8250814917040008, "f20": 1.8541678227858327, "f21": -0.012635311313764719, "f22": -1.5408255631040324, "f23": 0.7004362811169398, "f24": -0.8282506849233227, "f25": -0.5226389858392058, "f26": 0.24129797003799158, "f27": -0.3950895006944739, "f28": 0.9714431311081819, "f29": 2.804819301547548, "f3": 2.932713228793536, "f30": 0.6678032863864845, "f31": 1.3195624367327201, "f32": 0.030901290653015945, "f33": -0.035665462010418536, "f34": -0.8634101992109664, "f35": 0.5202840243506048, "f36": -1.4319133588157351, "f37": 0.4315090475602802, "f38": -0.21442215373833862, "f39": -0.7765940435621702, "f4": 2.3522593539320313, "f40": 0.5556697570274739, "f41": -1.4289198036706057, "f42": -1.1881169298892063, "f43": 1.3109484359282664, "f44": 0.19221616554347065, "f45": 0.8295932132852966, "f46": -0.3527702606040788, "f47": -0.05630516485545445, "f48": -0.6958285587843283, "f49": 0.46758504426959613, "f5": 1.4486255363204297, "f50": -0.1776113911220092, "f51": -1.8187675760782465, "f52": -0.5053914606853342, "f53": -1.2231306620696947, "f54": 0.09806222906558415, "f55": 2.7340877494291456, "f6": 2.1161049155533536, "f7": -1.2575697226173876, "f8": -0.027117149635710214, "f9": -1.8040413844802752}, "datetime": {"datetime": "2023-02-03 18:37:49", "elapsed": 1285.97737, "delta": 120.399818}}
{"target": 0.03818090388999814, "params": {"f0": 0.7099846358597597, "f1": 1.1682595842286567, "f10": -0.8923187248601764, "f11": 1.0760230199176795, "f12": -0.2110249089111509, "f13": -1.2357432113533122, "f14": -0.15475527490351526, "f15": -0.2521927872659422, "f16": 2.7514589326179664, "f17": 1.4614578651731516, "f18": -0.6540649451296847, "f19": -0.0400420658585412, "f2": 1.3377723173780454, "f20": 0.7676034204229568, "f21": 0.44691283383929625, "f22": -1.8073597795451894, "f23": 0.5106478496967873, "f24": 0.6734666478648355, "f25": -1.8310223093364943, "f26": 0.007474476689743437, "f27": -0.6961643031416458, "f28": -0.3170865902779143, "f29": 2.791121449395461, "f3": -0.598489077342833, "f30": 0.7842297823901488, "f31": 0.7894108298513468, "f32": -0.02141608049371979, "f33": 1.2308588271663472, "f34": -0.10773072298972597, "f35": 1.496641907260325, "f36": -0.42966558572705704, "f37": 0.0354141743628108, "f38": 0.2658188228053102, "f39": -0.12262981852867849, "f4": 1.7525529307512784, "f40": 1.6965405002315592, "f41": -2.7409079352059336, "f42": -1.421959801831534, "f43": -0.6303148968937772, "f44": 0.650267454609575, "f45": 0.7024007404393601, "f46": -0.22577915971935036, "f47": -0.7392778113241247, "f48": -1.983499851274007, "f49": -0.06922817470010112, "f5": 0.4487639239568574, "f50": -1.2919702966127757, "f51": 0.6335225246810565, "f52": -1.109926540333348, "f53": -2.546498327371701, "f54": 0.5932142933228943, "f55": 2.223905913237794, "f6": 2.0826095892725975, "f7": -2.149845082241148, "f8": -0.9948975588632749, "f9": -2.0981013520101115}, "datetime": {"datetime": "2023-02-03 18:38:26", "elapsed": 1323.361165, "delta": 37.383795}}
{"target": 0.29741650787362306, "params": {"f0": 0.3591853832898355, "f1": 0.9284589769297145, "f10": 0.779583613327689, "f11": -0.48831821905812955, "f12": 0.5202361532347681, "f13": -1.2420829018024035, "f14": 0.2763738213326703, "f15": 0.022770266655430138, "f16": 2.0715174312483096, "f17": 1.52919787345348, "f18": 0.7574194471334414, "f19": 0.8983544099376084, "f2": 1.928444795527645, "f20": -0.021320992526268956, "f21": 0.5612989702214362, "f22": -0.7101497239795687, "f23": 1.2808412179029922, "f24": 0.5467341567613109, "f25": -0.13279803709178184, "f26": 0.7446494003157274, "f27": -0.5968376851019912, "f28": 2.0891290824520072, "f29": 2.775325125809991, "f3": -0.7505662593740878, "f30": 1.4682821179511234, "f31": 2.718723813397026, "f32": 0.318278399208199, "f33": 0.5477605233413847, "f34": -0.3716576984216311, "f35": 0.823293677391239, "f36": -0.22977649395295074, "f37": 1.1773955695943803, "f38": -0.6620752635876708, "f39": 0.3068630398644774, "f4": 1.8070024504649278, "f40": 1.0405652325377024, "f41": -2.902836364726605, "f42": -0.9196099499720329, "f43": -0.11745361280449751, "f44": 0.6504514634767307, "f45": -0.31156782785568193, "f46": 0.9093723324294269, "f47": 0.22043179934681945, "f48": 0.793049173827606, "f49": -0.27592842348176816, "f5": -0.496356354758275, "f50": 0.10828478871417402, "f51": -2.1270228142732552, "f52": 0.4451632428589276, "f53": -0.4168879774653873, "f54": 0.7548294847545975, "f55": 1.766760523747633, "f6": 2.7193185656397607, "f7": -1.589544742771507, "f8": 0.4142341777051859, "f9": -0.1211404927140265}, "datetime": {"datetime": "2023-02-03 18:39:24", "elapsed": 1380.954386, "delta": 57.593221}}
