{"target": 0.2871411150497253, "params": {"f0": 0.78645333636566, "f1": 1.2968829744541417, "f10": -0.8633322327553817, "f11": -1.3421285172561062, "f12": -1.8929147690861563, "f13": 0.03127485680715214, "f14": -1.218400636476878, "f15": -0.47576896419371795, "f16": -0.18599160233187448, "f17": 0.530057620519003, "f18": -2.5986522850696803, "f19": -0.8417214111910876, "f2": -1.1668907826689403, "f20": 1.7925585362317884, "f21": 0.7090560385150804, "f22": -0.8080900995002738, "f23": 2.334820244654712, "f24": -0.6187580144127265, "f25": -1.3253283658751225, "f26": 1.0595300233206268, "f27": -0.7395404409405837, "f28": 1.020323806595093, "f29": 2.21773683136924, "f3": 1.77838847032553, "f30": 1.630643572582591, "f31": 1.4351438439867865, "f32": 0.5256560617908201, "f33": 0.07464729328440245, "f34": -0.693611871667605, "f35": 1.34497432679152, "f36": -0.544951881766213, "f37": 0.6967353988102569, "f38": -0.27174924043626464, "f39": -0.4543624650410578, "f4": 1.1529388549881354, "f40": 0.16320030879548986, "f41": -1.0958810234096261, "f42": -1.1286969470112276, "f43": 0.4546876670752022, "f44": 0.5593040915882982, "f45": 1.1762630416862303, "f46": 0.15239206819238071, "f47": -1.457060719805172, "f48": -0.15062846056808388, "f49": 0.10165762879504747, "f5": 0.8405655541639863, "f50": -0.6414820629562903, "f51": -1.934641104880634, "f52": -0.7542746428898257, "f53": -0.2721699492190169, "f54": 0.7934227751145533, "f55": 2.1507673044723417, "f6": -0.10979352773124121, "f7": 0.419508031777591, "f8": -0.0933531877657332, "f9": -0.09568811356414697}, "datetime": {"datetime": "2023-02-03 21:50:20", "elapsed": 12837.498647, "delta": 54.987997}}
{"target": 0.298053397191523, "params": {"f0": 0.9525302019541279, "f1": 0.31596925216858773, "f10": -1.446039666719594, "f11": -1.220585834647888, "f12": -0.868230463059632, "f13": -1.080153994546236, "f14": -0.6651265761117906, "f15": -1.5807637869833644, "f16": 0.49442531612419693, "f17": 0.4278695997242826, "f18": -0.9405560453916375, "f19": -0.7975791578473095, "f2": 0.35122266297684535, "f20": 1.493953938102029, "f21": 0.6338351782383636, "f22": -1.6821928896070044, "f23": 1.7326021784968944, "f24": -1.7286394528669762, "f25": -1.582781263688397, "f26": 1.3209900270828436, "f27": 0.2807227380107543, "f28": 0.23631346337521036, "f29": 1.4089680459785483, "f3": 2.082742778119976, "f30": 1.264356691610889, "f31": -0.06399052575995104, "f32": -0.5652069704267083, "f33": -0.1093777312496762, "f34": -1.6596629160748677, "f35": 1.6532979532674716, "f36": 0.05272862051808391, "f37": -0.40222080780762026, "f38": 0.7448313092534053, "f39": -1.3760132603771904, "f4": 2.200518714506187, "f40": 0.698490089712605, "f41": -2.1896651693880105, "f42": -2.3622180567299753, "f43": 0.9793097205530332, "f44": 0.18416261337072692, "f45": -0.11077798903089539, "f46": -1.0194772568854318, "f47": -1.0612895127848134, "f48": -1.7545700938871587, "f49": 0.6615793969138276, "f5": 2.3151572707127985, "f50": -1.5489357465863605, "f51": -1.1914751127880974, "f52": -0.32332831226138614, "f53": 0.28682643236167804, "f54": 0.7020380936309871, "f55": 2.276353806089047, "f6": 1.0838627100101679, "f7": -0.8266860143973751, "f8": -0.9018202570680741, "f9": -2.2325489480951153}, "datetime": {"datetime": "2023-02-03 21:51:31", "elapsed": 12908.403283, "delta": 70.904636}}
{"target": 0.18668464742110577, "params": {"f0": 0.6375310467507728, "f1": 1.8633989266235411, "f10": 0.19276138410878763, "f11": -0.4284764632429333, "f12": -0.5274329481830871, "f13": -0.9817001287301319, "f14": -0.7122946673632735, "f15": -0.47161844863851354, "f16": 1.4227850963166184, "f17": 0.3683149926958167, "f18": -2.4882588678530837, "f19": -2.168557063463496, "f2": -0.5906117394453201, "f20": 2.8451106982620593, "f21": 1.1009334391424064, "f22": -2.635819493604186, "f23": 0.9452003987971491, "f24": -0.4557554963290613, "f25": 0.08551618102187875, "f26": 0.16120348260152234, "f27": -0.8875999900488213, "f28": 1.8593874167575184, "f29": 2.5243992752198197, "f3": -0.006924100954979667, "f30": -0.08563173143382659, "f31": -0.18237553193818978, "f32": 0.20016497241539688, "f33": 0.16588343849805498, "f34": -0.8888427168512831, "f35": -0.029936790274477404, "f36": -0.3693076414405321, "f37": 0.5957283216866032, "f38": 0.8320671873000174, "f39": -1.3929656732032036, "f4": 1.8398956499674692, "f40": 0.5052501492833453, "f41": -0.43388079261133683, "f42": -1.7380453083971326, "f43": 0.3502864149390875, "f44": -0.05774431745211661, "f45": 0.6872971074534537, "f46": -0.7966658788759866, "f47": -0.7383955992965616, "f48": -0.6399583616590225, "f49": -0.080917595722384, "f5": 2.8039527314548263, "f50": -1.8718140359364863, "f51": 0.1299559996483186, "f52": -0.6085120185220432, "f53": 0.4081606736939407, "f54": -0.10339830319819804, "f55": 1.2214077084620982, "f6": 0.28447470166799066, "f7": -0.6741922266736279, "f8": -0.47649933503294795, "f9": -0.15215584981502017}, "datetime": {"datetime": "2023-02-03 21:52:46", "elapsed": 12983.27182, "delta": 74.868537}}
{"target": 0.40795148957952637, "params": {"f0": 0.8916015807792721, "f1": 1.3037611970100242, "f10": -0.016748175439897484, "f11": -1.166857442314328, "f12": 0.031027776765186754, "f13": -0.7300237067615689, "f14": -2.015090754087141, "f15": -0.8662361015713547, "f16": 0.41079964562668786, "f17": 0.045576071654816364, "f18": -1.9139345797961194, "f19": -1.6705918850934955, "f2": -0.7466829242134514, "f20": 2.955698223457069, "f21": 0.22943357191522656, "f22": -0.38786022042247215, "f23": 1.6026976942568634, "f24": -1.5735622403195662, "f25": -0.7604335216903281, "f26": 1.713817419837726, "f27": 0.24673231800879558, "f28": 1.324654376270946, "f29": 2.7156151444195453, "f3": 2.574809725066171, "f30": 1.25421240633532, "f31": 0.9255844205678754, "f32": -0.5255330939965728, "f33": -1.0143898544979957, "f34": -0.7976783990585243, "f35": 2.5878364670956744, "f36": -0.9127486468830674, "f37": -0.403896076449281, "f38": 0.5496612824881248, "f39": -1.4597072693048085, "f4": 2.36429884980122, "f40": 0.33127947050620765, "f41": -0.38870400256190507, "f42": -1.408325462885795, "f43": 1.1819348683581625, "f44": -0.39862058584997845, "f45": 1.4497198809842093, "f46": 0.221272954977904, "f47": -0.9271370696784978, "f48": -0.42806646255315406, "f49": 0.29566886840275874, "f5": 2.009833158435531, "f50": -0.8003188202745122, "f51": -1.6320784674836766, "f52": 0.053735189602654554, "f53": -0.19166495618386525, "f54": 0.5651527401686294, "f55": 2.129730335839722, "f6": 2.164185094501671, "f7": -0.08782694625346521, "f8": -0.2459464147551278, "f9": -2.8757190317735812}, "datetime": {"datetime": "2023-02-03 21:54:26", "elapsed": 13083.432507, "delta": 100.160687}}
{"target": 0.11045724098328366, "params": {"f0": 0.3912047630189382, "f1": 0.8786613110914181, "f10": -0.9799513495568453, "f11": -0.8218008024030168, "f12": -0.5238881137750346, "f13": -0.5054623639257678, "f14": -0.328067292404844, "f15": -0.7431170569220245, "f16": 0.45653921214410725, "f17": 0.4184548952436149, "f18": -2.0021225019274804, "f19": -0.5567325108866636, "f2": -1.3201569195229022, "f20": 2.334526379018771, "f21": -0.1352592053519885, "f22": -1.3236595513558145, "f23": 0.541276177462416, "f24": -1.0160122239823492, "f25": -0.7546699217128188, "f26": 1.0653349900947808, "f27": -0.14742064946416356, "f28": 0.33603741123405023, "f29": 1.9594461882223217, "f3": 2.0145529775795965, "f30": 1.6895108864717205, "f31": 1.0164253734403275, "f32": 0.07882017917114958, "f33": -0.2971181907038981, "f34": -0.35214242958511344, "f35": 0.9448049695403637, "f36": -0.3546753835788805, "f37": -0.618035639265947, "f38": 0.531920403423457, "f39": -2.692321530648105, "f4": 1.8070911091855524, "f40": 0.7461162001445589, "f41": -0.657534820393781, "f42": -1.7025333918885859, "f43": 0.5911738800454439, "f44": 0.21030074004912158, "f45": 0.8698070209603141, "f46": -1.079932119755844, "f47": -0.3203898215489429, "f48": -1.7983629585844623, "f49": 1.0338125117017154, "f5": 2.8016970967265538, "f50": -1.1017053843055942, "f51": -0.2748461504232931, "f52": -0.5734178781563255, "f53": 0.9008165812746203, "f54": -0.14531097477110283, "f55": 2.6824293822435386, "f6": 2.30946638267853, "f7": 0.5865329942201762, "f8": -0.9603667702287946, "f9": -1.75222706676791}, "datetime": {"datetime": "2023-02-03 21:55:30", "elapsed": 13147.052463, "delta": 63.619956}}
{"target": 0.14844586292029838, "params": {"f0": 0.5687075040300169, "f1": 1.3428840033860792, "f10": -1.0198518726441694, "f11": -0.7185422029341679, "f12": -0.6617620177535841, "f13": -0.2953871399167589, "f14": -0.8083883587814762, "f15": -1.3676625892953558, "f16": 0.12652160227522624, "f17": -0.3725715394180672, "f18": -2.7406779689588356, "f19": -1.0586941631110345, "f2": 0.1945021250684542, "f20": -0.15206026750653542, "f21": -0.4140214447852303, "f22": -0.8735869307655855, "f23": 0.034176626322155707, "f24": 0.03559327205768792, "f25": -1.19747951252965, "f26": 1.7492831125856025, "f27": -0.4712994398387566, "f28": 0.4654860599257516, "f29": 1.8286404997206693, "f3": 0.6767842028856446, "f30": -0.05622654996880097, "f31": 1.5830492001381085, "f32": -0.9732589832744101, "f33": -1.232094809627494, "f34": -2.761860331575487, "f35": 1.1604784175885101, "f36": -0.7229518331059778, "f37": 0.814547672309369, "f38": 0.8559807772550867, "f39": -1.249610324755248, "f4": 1.763447697035783, "f40": 0.2098594625470495, "f41": -1.2901946611392452, "f42": -0.12087337844308177, "f43": 1.473024548105936, "f44": 0.7226648960856249, "f45": 1.3179546760430016, "f46": -0.9839477179332502, "f47": -0.9120030308578088, "f48": -0.27811728798595703, "f49": -0.32819126219688477, "f5": -0.03348382424411056, "f50": -0.8482770378726459, "f51": -1.3312857243807001, "f52": -0.24402987848249658, "f53": -0.2438981794339113, "f54": 0.7553465828073993, "f55": -0.1280534218454737, "f6": 2.31019673165212, "f7": -0.07307616960577779, "f8": 0.14833460690816036, "f9": -1.5977684134493495}, "datetime": {"datetime": "2023-02-03 21:56:27", "elapsed": 13204.396495, "delta": 57.344032}}
{"target": 0.38391972598044166, "params": {"f0": -0.18805891508668388, "f1": 1.0417472395630978, "f10": -1.3509111198724764, "f11": -0.32477405595812026, "f12": -0.8052763558840172, "f13": -0.12313959653704876, "f14": -1.6985467135918002, "f15": -1.331405043788629, "f16": 0.27262545628650187, "f17": 0.14845882999589555, "f18": -1.2826386660557516, "f19": -0.9955371045894812, "f2": -0.26538246369854046, "f20": 1.9576540560322666, "f21": -0.39411156450174184, "f22": -2.714398955617991, "f23": 0.21453525095879375, "f24": -1.3214635884996921, "f25": 0.024613356106112816, "f26": 1.8407635336068477, "f27": 0.16661599094523527, "f28": 0.5395065713232523, "f29": 2.767392596999664, "f3": 2.750931952619076, "f30": 2.134868620230542, "f31": 0.7476045179287056, "f32": -0.6382925695058628, "f33": 0.01937302650569772, "f34": -2.0123681834376606, "f35": 1.8459542807379041, "f36": 0.06372622580546805, "f37": -0.3736767974096153, "f38": 0.9707984876583593, "f39": -2.296237522583942, "f4": 2.7494858381137606, "f40": 0.6481464597001956, "f41": -0.8991409392953986, "f42": -0.7618708169225417, "f43": 0.8237098273893446, "f44": 0.4540505046408446, "f45": 0.9579348518945717, "f46": -0.18527996340755837, "f47": -1.2322216849919942, "f48": -1.4108485630711258, "f49": 0.12026133156809016, "f5": 2.5685587861977726, "f50": -0.4964208337486422, "f51": -0.8919831626751926, "f52": -0.34267683739510835, "f53": 0.3250547118403845, "f54": 0.9308772232372484, "f55": 0.910180027658581, "f6": 1.883741726871329, "f7": 0.036821068494994225, "f8": -0.5434595145505579, "f9": -1.0191479252375837}, "datetime": {"datetime": "2023-02-03 21:57:23", "elapsed": 13260.265231, "delta": 55.868736}}
{"target": 0.24546914597094383, "params": {"f0": 0.3513948473544744, "f1": 0.7985226708306437, "f10": -0.35889035542164893, "f11": -0.032260100260571134, "f12": -0.29795776682858643, "f13": -1.1688902293174706, "f14": -0.9664647026244564, "f15": -0.19745611106184202, "f16": 1.448902598559489, "f17": -0.0345777923652848, "f18": -0.4448396624725546, "f19": -1.4184944748327548, "f2": -1.0606426392762767, "f20": 2.7650638260500644, "f21": 0.9695939739108316, "f22": -1.9684392949303497, "f23": 1.5652678844699979, "f24": -0.9525384185343668, "f25": -0.2261948384449577, "f26": 0.5929112789451019, "f27": 0.5204666346950854, "f28": 0.8379464077446905, "f29": 1.532651418841286, "f3": 1.5670895480050893, "f30": 1.5223024683164308, "f31": 0.6004910038315816, "f32": 0.23696989994860695, "f33": 0.0037084653951022784, "f34": -1.7535387730269616, "f35": 2.996063855558131, "f36": -0.27366603203201656, "f37": -0.20982697123021493, "f38": 0.4964211641100847, "f39": -0.18139070608249508, "f4": 1.8611941118080415, "f40": 0.23597923492032752, "f41": -1.0414896867773795, "f42": -1.9542915492312527, "f43": 0.6602007343062113, "f44": 0.3306116305228278, "f45": 1.2960938829621869, "f46": -0.21784802014643512, "f47": -0.2510790601807813, "f48": -0.8583290659576381, "f49": 0.5898465298191603, "f5": 2.3246371205180583, "f50": -1.4540524444375125, "f51": -1.6722835815287733, "f52": -0.25318563700194074, "f53": 0.10949832582397623, "f54": 0.4344797584461021, "f55": 2.732876479108525, "f6": 1.3297649938432357, "f7": -0.6673485953184662, "f8": -0.950183607477985, "f9": -2.8745250107748808}, "datetime": {"datetime": "2023-02-03 21:58:28", "elapsed": 13325.659394, "delta": 65.394163}}
{"target": 0.32907915889910677, "params": {"f0": 0.4503156317507865, "f1": 1.448399141096347, "f10": -0.33033813638944487, "f11": -0.1434676348545536, "f12": -1.3322822129458887, "f13": -0.6245699067142296, "f14": -0.8860544987694321, "f15": -1.8555502279312268, "f16": -0.03151836648130946, "f17": 0.6463871575472794, "f18": -1.5388039861199174, "f19": -0.8222515354707987, "f2": -0.24227532635907845, "f20": 1.7748340494443886, "f21": -0.36973387242823674, "f22": -0.46042638049752727, "f23": 1.1673674134200596, "f24": -1.2908634682064641, "f25": -1.0925277311583865, "f26": 0.3705893313865538, "f27": 0.477135638304392, "f28": 0.005585757930783419, "f29": 2.142698625632822, "f3": 2.739880902684801, "f30": 2.0822425790170604, "f31": 0.5894995859275238, "f32": -0.02393599503588595, "f33": -1.2170262818916693, "f34": -2.2279555474532415, "f35": 1.6621533873620795, "f36": -0.7622935367009019, "f37": 0.024872389671128592, "f38": -0.0459267309099865, "f39": -1.2918437074539875, "f4": 1.7721117092379108, "f40": 0.3796840986859357, "f41": -0.39484099676137996, "f42": -1.4549172373252934, "f43": 0.8011659439580499, "f44": 0.2473904271975077, "f45": 1.1593598957657152, "f46": -0.7751939727362338, "f47": -0.6836992196358168, "f48": -0.21731551954550632, "f49": -0.0643050951376058, "f5": 2.4578120385564577, "f50": -0.9109053874731197, "f51": -1.1396974169283869, "f52": -0.1911674400550769, "f53": 0.49930029793293706, "f54": 0.49317251524366496, "f55": 2.5958191399510544, "f6": 1.9673862844327648, "f7": -0.051521504044878985, "f8": -0.8304081584547087, "f9": -2.8402316984474827}, "datetime": {"datetime": "2023-02-03 21:59:10", "elapsed": 13367.75504, "delta": 42.095646}}
{"target": 0.21052841781440507, "params": {"f0": 0.23882767754779022, "f1": 1.2768329550619975, "f10": -1.323305231625115, "f11": -1.0681829297380925, "f12": -1.2110033261775588, "f13": -1.2149120867237082, "f14": -1.350121803654468, "f15": -0.2985776801511819, "f16": 0.10618555735080287, "f17": -0.2990574463950213, "f18": -0.8609251528744024, "f19": -0.5278798933366848, "f2": -0.8363969333715549, "f20": 2.0944131261043664, "f21": 0.5368546670476103, "f22": -1.723159154358147, "f23": 1.0401526970748716, "f24": -0.3401067622218785, "f25": -0.36184331963101846, "f26": 0.9685915889009269, "f27": 0.4089126030693332, "f28": 0.4802389108846591, "f29": 2.350337763922687, "f3": 2.5977451855403357, "f30": 1.9362345095880364, "f31": 0.3154313936188927, "f32": 0.15833126176643675, "f33": -0.20253509754874122, "f34": -0.9295498883885833, "f35": 1.7014576605938092, "f36": -1.0712551911399941, "f37": -0.23368400490311575, "f38": -0.08932715568470695, "f39": -2.8166454504614604, "f4": 0.6975310787709671, "f40": 1.2976064144947412, "f41": -0.6656927431291932, "f42": -1.8100855768323352, "f43": 0.8641942543844043, "f44": 0.20653593632224687, "f45": 1.1254255082111655, "f46": 0.27952069630074683, "f47": 0.17481248915223335, "f48": -1.3514077482717823, "f49": 0.24185070820052962, "f5": 2.5518554336229227, "f50": 0.004725119664340305, "f51": -1.3520669534282375, "f52": -1.1622632926744016, "f53": 0.2139733350944938, "f54": 0.2582861744280876, "f55": 2.5738050756458857, "f6": 1.7265851651322761, "f7": -0.4855341508216086, "f8": -0.776698247570377, "f9": -1.9287508873361643}, "datetime": {"datetime": "2023-02-03 22:00:34", "elapsed": 13451.568766, "delta": 83.813726}}
{"target": 0.27386448576383254, "params": {"f0": 0.25001207221673505, "f1": 1.2043528165565172, "f10": -0.7612330959396714, "f11": -1.2217218482549077, "f12": -0.41566804733220497, "f13": -0.2055063198578171, "f14": -0.7139538151247042, "f15": -1.8454773006812037, "f16": 1.1232145988462015, "f17": 1.044152803693182, "f18": -2.083471712848551, "f19": -1.090357125765032, "f2": -0.9199804882684268, "f20": 0.8418649920514034, "f21": -0.3972457671724107, "f22": -0.6770431689523928, "f23": 0.4182093735401584, "f24": -0.7861562166439964, "f25": -0.12114040495173084, "f26": 0.8894317313231723, "f27": -0.4899644947256606, "f28": 1.7223127776684464, "f29": 2.205170892270246, "f3": 1.5262880542165738, "f30": 2.7019478735030233, "f31": 1.2962980404160516, "f32": 0.283885919824181, "f33": 0.1196878350084769, "f34": -0.03060851787330865, "f35": -0.03985708137653902, "f36": 0.2078523972887254, "f37": 0.751176351504834, "f38": -0.051116924650862317, "f39": -2.634404536704511, "f4": 0.6493152916290952, "f40": 0.6476188053546844, "f41": 0.08839456780281818, "f42": -0.15884424370039874, "f43": 0.22160383620590998, "f44": -0.7735977307077606, "f45": 1.6592990288332587, "f46": -0.5907905516457926, "f47": 0.1251225109944576, "f48": -1.211934080548906, "f49": -0.2498262938142538, "f5": 2.4242680235899106, "f50": -0.26981795814413445, "f51": -0.29061704432496205, "f52": -0.8330167239823871, "f53": 0.03861857803428448, "f54": -0.2541669067979657, "f55": 0.9666730543024857, "f6": 1.3011109740570033, "f7": -0.282624254722046, "f8": -1.2458640620559889, "f9": -0.5816881528308775}, "datetime": {"datetime": "2023-02-03 22:01:54", "elapsed": 13531.659859, "delta": 80.091093}}
{"target": 0.368868810319342, "params": {"f0": 0.5460199493235872, "f1": 0.9223678449982166, "f10": -0.24391689067032374, "f11": -0.5694712193967691, "f12": -0.19185386422222828, "f13": -1.398938646913379, "f14": -1.5418071557451045, "f15": -1.7490498665645584, "f16": 1.1542175126490422, "f17": 0.2752074075765227, "f18": -1.3141700546922952, "f19": -1.4070338434018321, "f2": -0.9917514370584145, "f20": 2.795041414340067, "f21": 0.23049207808082933, "f22": -1.5482927269731332, "f23": 1.2945051600593611, "f24": -2.045606198379115, "f25": -0.2819050790869799, "f26": 0.31216465465055576, "f27": -0.5901731728064068, "f28": 0.7899481416914693, "f29": 2.6295893224992404, "f3": 1.4263300297728652, "f30": 1.3619394226081802, "f31": 0.7538132398946834, "f32": 0.3471784876381492, "f33": -0.8288890838660294, "f34": -1.4421113985075027, "f35": 2.2953444121095505, "f36": -0.8643522908790044, "f37": -0.17596327517294252, "f38": 0.3846362292101463, "f39": -2.3634111271121547, "f4": 2.63337420637667, "f40": 0.37622622239282455, "f41": -1.1591448714999197, "f42": -1.0457835443676815, "f43": 1.2886165843164537, "f44": 0.3012241594176156, "f45": 0.8415805850699934, "f46": -0.6559473172414442, "f47": -0.5828033744224983, "f48": -1.2083557907620468, "f49": -0.04444560881090548, "f5": 2.0356438865419273, "f50": -2.00823392479849, "f51": -1.3144468644725502, "f52": -1.6812791640453444, "f53": -0.09094462241058132, "f54": 0.5915836429973431, "f55": 2.0280809911179976, "f6": 2.516032486741855, "f7": -0.02107421460970349, "f8": -0.39326491119537055, "f9": -2.3384013844970415}, "datetime": {"datetime": "2023-02-03 22:03:19", "elapsed": 13616.512078, "delta": 84.852219}}
{"target": 0.2353776340736859, "params": {"f0": 0.33414851377187227, "f1": 0.8832545326579523, "f10": -0.045268785989850624, "f11": -0.30225063304250366, "f12": -0.32995016162874324, "f13": -1.2840507207262561, "f14": -1.1742790693440381, "f15": -0.6871608395516637, "f16": 0.8549862690648531, "f17": 0.08615614376695807, "f18": -0.0413293872710323, "f19": -1.4476977169850969, "f2": 0.050618587581427565, "f20": 0.25010472386122534, "f21": -0.211785093958059, "f22": -0.5200639085724377, "f23": 0.2985696012365296, "f24": -0.8845514765197433, "f25": -0.3264598589491967, "f26": 1.0788882203507635, "f27": -0.01855562409802003, "f28": -0.025690456841701223, "f29": 1.9379627898513954, "f3": 2.1928219254061103, "f30": 1.75424185661987, "f31": 1.6893176364097195, "f32": -0.07924792908069667, "f33": 0.21839890197975564, "f34": -1.8146815053176026, "f35": 1.360503288418764, "f36": -0.22467867812315445, "f37": 0.30437574440930093, "f38": 0.2680175614233793, "f39": -2.014964920440505, "f4": 2.1188908667895983, "f40": -0.1518897160902098, "f41": -0.5599020368337659, "f42": -2.0353914953522825, "f43": 1.1293871235807782, "f44": 0.01640002626886694, "f45": -0.11086502665969279, "f46": -0.0011299158994833025, "f47": -0.4532570396747233, "f48": 0.017310879361643217, "f49": 0.2478466645594401, "f5": 0.565098955705893, "f50": -0.06378333713430973, "f51": -0.822625627093557, "f52": -0.7691930042384556, "f53": -0.03716165735127697, "f54": 0.6837379711163298, "f55": 2.5596449955679814, "f6": 1.1536827890790438, "f7": -0.47833274367677137, "f8": -0.6813661059050906, "f9": -0.6412267638274276}, "datetime": {"datetime": "2023-02-03 22:04:02", "elapsed": 13659.241853, "delta": 42.729775}}
