{"target": 0.14633004760047708, "params": {"f0": -0.26585929060162583, "f1": 0.16081435677534528, "f10": -1.1211254969442437, "f11": -0.4452515151649955, "f12": -0.7155480132131244, "f13": -2.622507260505644, "f14": 0.18207552601880028, "f15": -0.35961370971568485, "f16": 0.7502691338707251, "f17": 0.47431195341178567, "f18": -2.289278122762126, "f19": -0.8210127139913387, "f2": 1.4533015446853765, "f20": -0.7109692145492539, "f21": 0.2564242668849539, "f22": -2.672541935856526, "f23": 1.9637950159415927, "f24": 0.6078422060152557, "f25": -1.4148730441457968, "f26": 0.7811484607590549, "f27": 0.8131065189914604, "f28": 2.16925176577641, "f29": 0.9980062244628513, "f3": 1.7165943116810687, "f30": 1.8106652057450385, "f31": 1.1982292143043227, "f32": 0.8401100731692313, "f33": -0.5171498233013722, "f34": -1.3125270509161324, "f35": 0.4798448689375602, "f36": -0.7948040519832493, "f37": -0.17108676850442706, "f38": -0.4503645205994753, "f39": -1.6584843978185428, "f4": -0.6389835923136351, "f40": -0.7944321036050332, "f41": -2.77336448236494, "f42": -2.254269476553583, "f43": 0.008478617186240434, "f44": -0.9340642481634841, "f45": 2.0115972947414913, "f46": -1.6238346815649642, "f47": 1.1358119637707471, "f48": -1.299199198561473, "f49": -0.4001063386186061, "f5": 2.9046413903815846, "f50": -0.326611818080077, "f51": -2.3173112602447943, "f52": 0.2603069336375805, "f53": -2.6834446586655063, "f54": -0.7564703641350862, "f55": 1.9777883738624795, "f6": 2.2273635310398294, "f7": -0.7747501518002453, "f8": -1.0862874166244438, "f9": -0.5413778024473652}, "datetime": {"datetime": "2023-02-03 18:40:00", "elapsed": 1417.397603, "delta": 36.443217}}
{"target": 0.00013575114271648838, "params": {"f0": -0.8396082360159658, "f1": 0.10899089135054463, "f10": -0.03496272193380712, "f11": 0.6814016655767992, "f12": 0.6083963415073095, "f13": -2.377986585214817, "f14": -1.2192916465781423, "f15": -1.9388281809912882, "f16": 0.4648113727371871, "f17": -0.603652929498939, "f18": 0.5586666619843199, "f19": 0.8945458582209538, "f2": 0.42818473312620176, "f20": 1.9708510124592244, "f21": 0.2972829497450078, "f22": -2.447346749192069, "f23": 0.29517902706156807, "f24": -0.31301721816794315, "f25": -1.8741982657170928, "f26": -0.5907439945436965, "f27": 0.6048950127798618, "f28": 1.21757646202372, "f29": 2.6135374307343464, "f3": 1.9528262052441616, "f30": 0.45632152227088774, "f31": 0.46047136299293256, "f32": 0.4602028309167996, "f33": 0.2790275580040673, "f34": -1.8628531912035853, "f35": -0.4826660471224409, "f36": -2.1344334526332975, "f37": 1.6482778298533551, "f38": 0.6024258493152055, "f39": -0.00022485997180066164, "f4": -0.35470438492612155, "f40": -0.7482606857074456, "f41": -2.3837289870150933, "f42": -0.29721557239453666, "f43": -0.1238599243113011, "f44": -0.5365863662504716, "f45": 2.236280644586327, "f46": 0.7391835361378394, "f47": -0.07787460549203984, "f48": -1.8459075627608161, "f49": 1.0265578994252755, "f5": 1.902463402813631, "f50": -1.0422514978030375, "f51": 0.018700718319291543, "f52": 0.40656639706287145, "f53": 0.2661230671549677, "f54": -1.086162513050898, "f55": 3.0311630859634975, "f6": 1.3235897209291054, "f7": -2.9050345304298313, "f8": -1.1584389523368304, "f9": -1.3204986697608845}, "datetime": {"datetime": "2023-02-03 18:43:59", "elapsed": 1656.309474, "delta": 238.911871}}
{"target": 0.2846719651421751, "params": {"f0": 0.26484325468573877, "f1": 0.28617754476127044, "f10": 0.35046799704218734, "f11": 1.140987944698934, "f12": -2.593217996657232, "f13": -3.0010708020565264, "f14": -1.6325886468147393, "f15": -1.7717433712743367, "f16": 1.8185870972683311, "f17": -0.4928474789079494, "f18": -1.1117236875090166, "f19": -1.2161762483982672, "f2": 0.06760373955671961, "f20": 2.4207764022429332, "f21": 0.7808514916811284, "f22": 0.1464187615629302, "f23": 1.8425613560830598, "f24": -2.2833185649734116, "f25": 0.31114276451187717, "f26": -0.3701142292991594, "f27": 0.6960554616793881, "f28": 2.290366627632905, "f29": 1.0780099006491546, "f3": 2.626131609451482, "f30": 2.0963244146440503, "f31": -0.7079873451120409, "f32": 0.7116279766723874, "f33": 0.6156584998327288, "f34": 0.6192750749850684, "f35": -0.13518312314166114, "f36": -2.5725180143371844, "f37": 0.9426323410318488, "f38": -0.4314158792767262, "f39": -1.3766340873502223, "f4": 2.097105763857917, "f40": -0.5723590986745783, "f41": -1.7904141033081595, "f42": -0.512933166653688, "f43": 2.240676329492688, "f44": -0.9507659704542293, "f45": 1.310613695760777, "f46": 0.21673014249232336, "f47": -0.48894443113091546, "f48": -0.5494564825397659, "f49": 1.4816146535714112, "f5": -0.4875458311102666, "f50": -1.002474468751283, "f51": -1.1303678217247901, "f52": -1.3496320167779334, "f53": -0.18313077128363675, "f54": 0.43200622660197796, "f55": 0.7893661861880125, "f6": 0.6589126788726546, "f7": 0.15525819992088952, "f8": -0.3963806209368269, "f9": -2.4844263739147063}, "datetime": {"datetime": "2023-02-03 18:44:51", "elapsed": 1708.02977, "delta": 51.720296}}
{"target": 0.21707699747648135, "params": {"f0": -0.12214324146130096, "f1": 0.3675470961302143, "f10": 0.7311689414042086, "f11": 1.2976696478704783, "f12": -0.1955218783815451, "f13": -2.8042751152978895, "f14": 0.33048548435227243, "f15": -1.386530362809183, "f16": 0.9645891636804508, "f17": 0.5874807651940461, "f18": -0.02844535173997853, "f19": 0.4242676844806752, "f2": 2.322956511851697, "f20": -0.4421565490873969, "f21": 0.2400826004364025, "f22": -2.7503725410235864, "f23": 0.590517585591415, "f24": -2.123933284000663, "f25": -1.8677093004728798, "f26": -0.6564199029328825, "f27": -0.9184608096394036, "f28": 0.6338103224471149, "f29": 1.5078571295548016, "f3": 1.1087105825798553, "f30": 1.9034149407794163, "f31": 1.7082903761740944, "f32": 0.8273306379286653, "f33": 0.9749203717854102, "f34": 0.11674924703441114, "f35": 1.5291819802800104, "f36": -0.7228551779840795, "f37": -0.17632536909288343, "f38": -0.31463759661834745, "f39": -0.2952974515528608, "f4": 0.12355889443971102, "f40": 1.8789142526983647, "f41": -0.6599477171480541, "f42": -0.6718587241207477, "f43": 2.8280505468221713, "f44": 0.9695032375689421, "f45": 0.6777832603121702, "f46": -1.1142566740508284, "f47": -1.2468591919640866, "f48": -0.8848784685908353, "f49": 1.632479860220672, "f5": 1.5411372581945888, "f50": 0.3665110165263332, "f51": -0.28525078306537965, "f52": 0.08412381906802957, "f53": -0.15836095260903216, "f54": 1.0478494653170682, "f55": 1.419872393990333, "f6": 2.636104426390739, "f7": -1.2877084267831027, "f8": -0.2608460653387584, "f9": -2.593535599083724}, "datetime": {"datetime": "2023-02-03 18:45:21", "elapsed": 1738.7762, "delta": 30.74643}}
{"target": 0.45229204131493067, "params": {"f0": 1.3622245728880262, "f1": -1.018578484622522, "f10": -0.5971305336766365, "f11": -0.7246295994698528, "f12": -1.9042903766521124, "f13": 0.6049942491751099, "f14": -1.8069556900150439, "f15": 0.08042611360170104, "f16": 2.068656541163634, "f17": 2.025754881514221, "f18": -0.19909938502989633, "f19": -0.3648561170148579, "f2": 0.6272642130513527, "f20": 0.46312543280896146, "f21": 0.14242584212777532, "f22": -0.3796755926297073, "f23": 0.8934971373636381, "f24": 0.28765210698321697, "f25": -0.046107682675132544, "f26": -0.22705357387888625, "f27": -0.7520824335298142, "f28": 1.1394303420966203, "f29": 2.0627786479485364, "f3": 1.7134104903211074, "f30": -0.5039323805154128, "f31": -0.15384240217994327, "f32": -0.26130183080169966, "f33": -1.14809868933026, "f34": -0.4530964884566515, "f35": -0.02562780435191181, "f36": 0.5860651441293832, "f37": -0.38896306444024853, "f38": -1.1244980160922209, "f39": 0.6834456702843461, "f4": 0.14038523840112016, "f40": 1.11090688996291, "f41": -1.6725859015215596, "f42": -1.5815526844397565, "f43": 0.2392231762920859, "f44": -0.5937860540282861, "f45": 1.1780229312094779, "f46": 0.7956215180051611, "f47": -0.5155906582676497, "f48": -0.671497266004595, "f49": 1.0657282966518236, "f5": 0.9834601093294281, "f50": 0.24939787147321213, "f51": -2.802545225521976, "f52": -0.5981679976797354, "f53": -1.0312579517909053, "f54": -0.4483931634628203, "f55": -0.4017893856408181, "f6": 1.884573317319528, "f7": -0.2889439282141497, "f8": 0.43906075530109123, "f9": -1.40957788522288}, "datetime": {"datetime": "2023-02-03 18:46:13", "elapsed": 1790.402828, "delta": 51.626628}}
{"target": 0.00017725055924605704, "params": {"f0": 0.07177017470283376, "f1": 0.6145523874001402, "f10": 0.05297786917921643, "f11": 1.1894635706023164, "f12": 0.4860198097693562, "f13": -0.4925903236179434, "f14": -1.6184558586985949, "f15": -0.9376279486423831, "f16": -0.6466832293597865, "f17": 1.2478115172208815, "f18": -1.9085941183822512, "f19": -0.19441181946504504, "f2": 1.1756265536106554, "f20": 1.903892940007315, "f21": -0.09958777472045743, "f22": -1.5055046309367415, "f23": 1.7289828335694466, "f24": -1.3667698043459433, "f25": 0.586004501093002, "f26": 0.12024998163786083, "f27": -0.5545999802260082, "f28": -0.2438514349378917, "f29": 0.01807286373888828, "f3": -0.5544898458075751, "f30": -0.3612539862438401, "f31": 2.678905837427229, "f32": 1.0130388919925504, "f33": -0.572745451801333, "f34": -1.3745957890262466, "f35": 1.311419383509111, "f36": -1.87951095294282, "f37": -0.20952697095541994, "f38": -0.5997692007116584, "f39": -0.6044319124949862, "f4": 1.3979936893595508, "f40": 0.29658960330651296, "f41": -1.3073857086418934, "f42": -1.453876458642785, "f43": 0.5683001215841356, "f44": -0.4152754778784087, "f45": 1.7499838374671852, "f46": -0.4459635626947973, "f47": -0.10822063195031695, "f48": -1.9576537619137626, "f49": 1.5670130119274832, "f5": 2.4913570863528642, "f50": -0.9254689848968334, "f51": -2.588036450847264, "f52": -1.6911933572969011, "f53": -2.9549521424703644, "f54": -0.41667090487160297, "f55": 2.7511480640529866, "f6": 1.9744270962138915, "f7": -1.5260208924318772, "f8": 0.2242723082438347, "f9": -0.49690821087421977}, "datetime": {"datetime": "2023-02-03 18:53:23", "elapsed": 2220.311377, "delta": 429.908549}}
{"target": 0.10784836264711908, "params": {"f0": -0.4565514982057616, "f1": 1.200753492491442, "f10": 0.7619900354281313, "f11": 0.30680850873937904, "f12": -0.801890332235323, "f13": 0.09771094423401339, "f14": -0.32299897973875824, "f15": -1.3439083535576313, "f16": 2.1860783350475526, "f17": 0.6237981260237391, "f18": -0.7266862928268174, "f19": -1.1552332370178038, "f2": 0.6535906533260457, "f20": 0.7787201574850465, "f21": -0.8206795798515474, "f22": -1.5650249479860752, "f23": -0.422576327043582, "f24": -1.6168530444194493, "f25": 0.629295979989758, "f26": 0.9438314765534366, "f27": -1.2181429300404132, "f28": 1.820804735804054, "f29": 2.1622058668983097, "f3": 1.331388230880425, "f30": 1.4688628579795924, "f31": 0.655552377161975, "f32": -0.6636655744133468, "f33": -0.032456866404028784, "f34": -2.1723718128455602, "f35": 1.2143614597511414, "f36": 0.26305266309597863, "f37": 1.3255900488399286, "f38": -0.8982972806780304, "f39": -1.9522496760464068, "f4": -0.39046338473020104, "f40": 0.3653883725688165, "f41": -2.575986799317016, "f42": -0.11132572687503783, "f43": -0.2709318599350568, "f44": -0.38737003339741627, "f45": 1.3255800023486484, "f46": -0.7699584292556816, "f47": 0.3173726075097516, "f48": -1.3660034704940738, "f49": -0.5163435534234362, "f5": 2.9208195381313087, "f50": -1.0076205630539603, "f51": -1.7911237671456084, "f52": -1.1553037207565264, "f53": -2.1160268568691083, "f54": -0.5664355743989171, "f55": 2.9192617768249565, "f6": 1.9235165139835888, "f7": -0.07513513249417958, "f8": -0.1712471168411538, "f9": -0.9225751193913272}, "datetime": {"datetime": "2023-02-03 18:54:33", "elapsed": 2290.509913, "delta": 70.198536}}
{"target": 0.3579470949832432, "params": {"f0": 0.10107283944695422, "f1": 0.12165502136617745, "f10": 0.5301951712578954, "f11": 0.05376601153112737, "f12": -1.5110521429165311, "f13": -0.7484951271904579, "f14": 0.5476702193743224, "f15": -0.7181399620236288, "f16": -0.03457383627733446, "f17": 1.8490181403598842, "f18": -1.8497610765807078, "f19": 0.9311330345146573, "f2": 0.6759361820596271, "f20": 2.4039590885241946, "f21": 0.9319169024361751, "f22": -1.105992142772967, "f23": 1.5058126276141985, "f24": -1.239815783117134, "f25": -1.3192888297507133, "f26": 0.122030604456973, "f27": -0.24521257139245067, "f28": 0.7998811877006217, "f29": 1.7168471838907862, "f3": 0.9933263498651917, "f30": 1.7401648840084971, "f31": 0.8058793818063364, "f32": -0.0523297092757673, "f33": 0.34433324823639233, "f34": 0.3709063605075542, "f35": 0.8641677771879949, "f36": -0.47256407259801847, "f37": -0.4599918405153934, "f38": -1.0314182583216998, "f39": -1.7518305812518749, "f4": 0.35310533576392666, "f40": 1.1387815561169203, "f41": -2.686714456780259, "f42": -2.6790946998396694, "f43": -0.3440032641702762, "f44": 0.11782866850979223, "f45": -0.30673342422086797, "f46": -1.1840770559005118, "f47": -0.8534635210182727, "f48": -0.026231432826044454, "f49": 1.6166385359156914, "f5": -0.26939071079308236, "f50": 0.21488481618738042, "f51": -1.8023384249818077, "f52": -0.4581423478267541, "f53": -1.1160403809499817, "f54": 0.8671998033447827, "f55": 0.6174724295736503, "f6": -0.3781060476690226, "f7": 0.09847998942288338, "f8": 0.2016773522937807, "f9": -1.7203311376705241}, "datetime": {"datetime": "2023-02-03 18:55:56", "elapsed": 2373.60986, "delta": 83.099947}}
{"target": 0.17469883841354608, "params": {"f0": 0.6444565231249663, "f1": -0.5910179547978758, "f10": 1.0036952466703382, "f11": -0.2811615466413756, "f12": -2.5916333179955995, "f13": -2.9273250402463034, "f14": 0.2687788019743058, "f15": -2.083360219236871, "f16": 1.4734022155042457, "f17": -0.6337704245920779, "f18": -2.7843157882237115, "f19": 0.825287950667615, "f2": 1.4128381955172973, "f20": 2.002032146931981, "f21": 0.5722536968021916, "f22": -0.2791796720117774, "f23": -0.27691775498919813, "f24": -0.07981625831158379, "f25": -0.5943168438290338, "f26": 1.262976961430268, "f27": -1.517391254461037, "f28": 0.48986924934935694, "f29": 0.15129024906518007, "f3": 0.17926836366594978, "f30": 0.23119512370183204, "f31": 2.0662072052684786, "f32": -0.9797713419390001, "f33": 0.6378135100154732, "f34": 0.20466911506543273, "f35": 0.5807351371020547, "f36": 0.16028075971218714, "f37": -0.18759108307771544, "f38": 0.4463000040337206, "f39": -0.0868722533251498, "f4": 0.30718208942515945, "f40": 1.5157018459852625, "f41": -2.875590452550405, "f42": -0.7244590610678832, "f43": 2.9173393365156084, "f44": 0.5845259284445783, "f45": 1.4836632618677972, "f46": -0.6204957336774313, "f47": -1.1413775266751358, "f48": -0.44852128065693964, "f49": 0.5490431991133166, "f5": -0.24700706674884682, "f50": 0.1859021559775862, "f51": -2.9804407832055295, "f52": 0.05987325084978257, "f53": 0.2792797638301665, "f54": -0.4171908357626489, "f55": 1.486388046456916, "f6": 0.8087532352155092, "f7": -2.1541524084061, "f8": 0.12320876867165786, "f9": -1.9161816918866674}, "datetime": {"datetime": "2023-02-03 18:57:21", "elapsed": 2457.960571, "delta": 84.350711}}
{"target": 0.38298840831722647, "params": {"f0": 0.43916768541729934, "f1": 0.04452043731701061, "f10": 0.12522408754177072, "f11": -0.1742679250355097, "f12": -1.8463194996887504, "f13": 0.29166017778784825, "f14": -0.173689317632312, "f15": -0.7715686448882189, "f16": 1.150598038487074, "f17": 1.4356671919768191, "f18": -2.4880639330828664, "f19": -0.9474891668233365, "f2": -0.2794495657795444, "f20": 2.5037680546250214, "f21": -1.1018581191357602, "f22": -1.6531452885397084, "f23": -0.037648567679907874, "f24": -1.1637953340277123, "f25": 0.16749060629854573, "f26": -0.5612619081904138, "f27": 0.3665168275674848, "f28": -0.27251281135993105, "f29": 2.3177462381206935, "f3": 0.9173208454049712, "f30": 1.3911946889218973, "f31": 1.403744641160824, "f32": -0.5071918298322846, "f33": 0.41930826811878963, "f34": -0.2896965101540836, "f35": 0.41018097469306614, "f36": -1.6399627256032148, "f37": -0.3733160824226579, "f38": 0.5811053066218093, "f39": 0.5674066312657495, "f4": 0.5600480682694752, "f40": -0.3656847258584499, "f41": -0.5139531571351537, "f42": -2.6661953944029007, "f43": 1.8244514984406366, "f44": -0.42461152777878, "f45": 1.6140988159181155, "f46": 0.28210001792950545, "f47": 0.001465526048161303, "f48": -0.3299212277837875, "f49": 0.6363220536021436, "f5": 1.7381160319108155, "f50": -0.47583700033890375, "f51": -0.18717261092570947, "f52": -1.4002881224020283, "f53": -2.8299329004276452, "f54": 0.36957117453953336, "f55": 3.0300840375079328, "f6": 1.9853697765544296, "f7": 0.43634319358421303, "f8": -1.1079808471767427, "f9": -2.3683620101845753}, "datetime": {"datetime": "2023-02-03 18:58:00", "elapsed": 2497.523382, "delta": 39.562811}}
{"target": 0.2755824661594659, "params": {"f0": 0.3751057678672703, "f1": -0.07928139169553787, "f10": 0.014457558744534743, "f11": -0.03606858613837148, "f12": -2.0734422829650576, "f13": -0.9296455393757914, "f14": -0.7688196863088523, "f15": -0.7155732311762573, "f16": 1.0177853065103675, "f17": 0.9565241428201987, "f18": -2.8511083414446534, "f19": -0.1790336467000079, "f2": 0.5649893767594109, "f20": 1.9679492485546233, "f21": -0.052076540806369184, "f22": -1.3813085800118283, "f23": 0.6634791027676344, "f24": -0.824189019065451, "f25": -0.3934659949534457, "f26": 0.039389017883001955, "f27": -0.264203934090749, "f28": 0.8561699293351956, "f29": 2.7513914829021657, "f3": 2.742051683976483, "f30": 0.814417471436568, "f31": 1.2062500863216672, "f32": -0.1289729269012152, "f33": 0.03820847647605844, "f34": -0.5250551921390856, "f35": 0.40666063826698395, "f36": -1.3371235583396053, "f37": 0.22874208880112457, "f38": -0.20551197527291912, "f39": -0.49617026752925564, "f4": 1.992008317829708, "f40": 0.49794977714510474, "f41": -1.249268800805187, "f42": -1.570617892282951, "f43": 1.3801064790329567, "f44": 0.06365192097343023, "f45": 0.7789620850197039, "f46": -0.2583219906774115, "f47": -0.12615581813761179, "f48": -0.4261631767016137, "f49": 0.6014759692865146, "f5": 1.20295947140979, "f50": -0.06945147568570212, "f51": -1.671846904859782, "f52": -0.6075353975186437, "f53": -1.3096089056464093, "f54": 0.23774834794054928, "f55": 2.3610878952218424, "f6": 1.9069572930510275, "f7": -0.7966861928752305, "f8": -0.049710451589641255, "f9": -2.0106356487944668}, "datetime": {"datetime": "2023-02-03 18:58:46", "elapsed": 2543.423341, "delta": 45.899959}}
{"target": 0.6574078422667812, "params": {"f0": -0.26538532785860736, "f1": 0.4552749390826972, "f10": -0.14876627461507053, "f11": -0.25909802943249893, "f12": -1.2067335924678848, "f13": -1.3951257452871328, "f14": -0.855374625634904, "f15": -0.8859055478214901, "f16": -0.521930449127689, "f17": 1.3655766160844303, "f18": -2.2103420413914647, "f19": -0.012480211273827146, "f2": -0.2678844347036717, "f20": 1.5729542753775823, "f21": 0.27876643030988224, "f22": -2.992288915784794, "f23": 0.5715133627383576, "f24": -0.2580941819169631, "f25": 0.06257593593641464, "f26": 0.5950676243836375, "f27": 0.5665553479468604, "f28": 2.0493845729075515, "f29": 2.8890937438303386, "f3": 2.971368651829066, "f30": 0.3019685369331794, "f31": 2.262304112758659, "f32": 0.9032122905548359, "f33": 0.2607196256031441, "f34": -0.8389166883745245, "f35": -0.006673455493490188, "f36": -0.3005522722750693, "f37": -0.3879079901340046, "f38": -0.32901778940678195, "f39": -0.6034247795275154, "f4": 1.7529975290422235, "f40": 0.9395218329717601, "f41": -1.4318600091099007, "f42": -0.5159802487606249, "f43": 2.2747644837073095, "f44": 0.5911246512638133, "f45": 1.2890369131576538, "f46": -0.6070112508601623, "f47": -0.1842602106560235, "f48": -1.811941885889842, "f49": -0.21674516894835827, "f5": 0.21996294474654854, "f50": -0.3829013216135103, "f51": -1.5715449480349357, "f52": -1.0376532235475955, "f53": -1.4640116405982702, "f54": 0.06348314687379608, "f55": 1.9770880671135473, "f6": 0.945119826440089, "f7": -1.1109047095071225, "f8": 0.5185041378642226, "f9": -1.1692580548177682}, "datetime": {"datetime": "2023-02-03 19:00:34", "elapsed": 2651.408274, "delta": 107.984933}}
{"target": 0.36949715780027115, "params": {"f0": 0.7534401097936573, "f1": -0.35538989238837504, "f10": -0.13929534376060504, "f11": 0.18108436103760006, "f12": -1.854014288264904, "f13": -1.501377689826834, "f14": -0.7749525058270774, "f15": -0.23122247377169236, "f16": 0.7940579938300952, "f17": 1.0949114774754964, "f18": -1.9958345799278812, "f19": 0.44217393747270806, "f2": 1.3463875496276776, "f20": 2.6892809993013125, "f21": -0.899123807670816, "f22": -1.1963155334366615, "f23": 1.6332411304791226, "f24": -0.14982024673602412, "f25": 0.013376405935838553, "f26": 0.5620262500184106, "f27": 0.5670120036660113, "f28": 1.149427220550396, "f29": 1.674075522015078, "f3": 2.4976710839617877, "f30": 0.3461465062477913, "f31": 1.840936405369217, "f32": 0.27827658834373503, "f33": -0.4162885558466545, "f34": -0.6708960482111008, "f35": -0.0472774646439027, "f36": -2.1490647112194496, "f37": 0.13184166405614894, "f38": -0.6292643633810759, "f39": -1.2409995231638429, "f4": 2.6177904855705463, "f40": 0.4004313388865355, "f41": -1.2437820959624035, "f42": -2.2719444900737535, "f43": 0.26035366632162515, "f44": 0.12924689460577043, "f45": 0.8738296850253761, "f46": 0.7384895298184369, "f47": 0.2732332418265555, "f48": 0.14033794734408156, "f49": 0.1846258036828755, "f5": 0.19970712493222142, "f50": -0.4170821362696435, "f51": -1.8701722403667975, "f52": -0.03118485175549024, "f53": -0.8795080829101742, "f54": -0.33042029959605224, "f55": 2.9791091296153347, "f6": 1.234499786149486, "f7": -1.8710069662071043, "f8": -0.851892712391927, "f9": -2.8593096727164884}, "datetime": {"datetime": "2023-02-03 19:01:20", "elapsed": 2697.511447, "delta": 46.103173}}
