{"target": 0.49055598145727786, "params": {"f0": 0.47432168576982814, "f1": 2.12348056625856, "f10": -1.9685623259992766, "f11": -0.6027976504888761, "f12": -1.133501096740218, "f13": -1.0310092336694479, "f14": 0.25889557668198293, "f15": -0.40169607568837895, "f16": 0.6128760175069341, "f17": 0.542518858580107, "f18": -1.8087763750317798, "f19": -1.6045385667812508, "f2": -0.45613357392881304, "f20": 1.626365772157644, "f21": 0.4977939070539925, "f22": -2.3581125371800815, "f23": 1.7128515665791864, "f24": -1.3731919926037959, "f25": -1.6743058580304888, "f26": 1.1605718563128065, "f27": -1.1021776758585935, "f28": 0.7081613406711091, "f29": 1.9359396028431983, "f3": 1.4867433261952794, "f30": 1.0628753943171794, "f31": 0.09253433629729135, "f32": 0.019349880043471712, "f33": -0.8482411515623428, "f34": -1.837140592121211, "f35": 0.6423370128316026, "f36": -1.5983592066467156, "f37": -0.10689979742494471, "f38": 1.1010750371326923, "f39": -2.928115950766513, "f4": 2.134556758329466, "f40": 1.109834778163464, "f41": -0.33334041282977545, "f42": -2.1337417188152488, "f43": 0.49992710192805, "f44": 0.21074000411204086, "f45": 0.6573830799060161, "f46": 0.5639992760783672, "f47": -0.6155493904572225, "f48": -1.7672021095958919, "f49": 0.6040945374325103, "f5": 2.271623289178315, "f50": -0.8547318220177298, "f51": -0.3704441880508864, "f52": 0.038804882412939445, "f53": 0.4491227831840101, "f54": 0.16232465464631063, "f55": 2.278030314993826, "f6": 2.71142812343276, "f7": 0.4228264683034315, "f8": -0.11048486763787602, "f9": -1.692588976378846}, "datetime": {"datetime": "2023-02-03 21:31:15", "elapsed": 11692.599929, "delta": 114.266241}}
{"target": 0.28768275845188906, "params": {"f0": 0.036654328538576864, "f1": 1.452046191374825, "f10": -0.23833432623852602, "f11": -0.13712365100270296, "f12": -0.743778721090288, "f13": -0.9403592739814866, "f14": -1.2668210247392442, "f15": -0.3125256427641807, "f16": 0.32043093076377815, "f17": 0.3251058332608302, "f18": -2.288991308571682, "f19": 0.42856293860012284, "f2": 0.2784063371665717, "f20": 2.9049536614794893, "f21": 0.2761797236975905, "f22": -1.0737235220374894, "f23": 1.8403272624311469, "f24": -1.7663013404720216, "f25": -0.23975068566957636, "f26": 0.7360006314232453, "f27": -0.4242977664687064, "f28": 1.7297147380444304, "f29": 2.8261277764690105, "f3": 2.3772562874518934, "f30": 0.22009824368470704, "f31": 0.28519387914855154, "f32": 0.20240669004525835, "f33": 0.01594280931458769, "f34": -1.6619937443098491, "f35": 0.24031224088270248, "f36": -0.6147541259209689, "f37": 0.8933762105314429, "f38": -0.005506270899385601, "f39": -1.0290925438770655, "f4": 2.4551575600980526, "f40": 1.0357936314936245, "f41": -2.016244975223208, "f42": -1.5701785275766074, "f43": 1.0104747132501861, "f44": -0.235842432226813, "f45": 1.46059273445185, "f46": 0.10315215197465899, "f47": -0.4533691595800524, "f48": -1.8989327988819642, "f49": 0.6769419000034461, "f5": 1.6394651643937166, "f50": -0.13875943239434418, "f51": -0.6987770513499119, "f52": -0.5835495172933027, "f53": -0.18670999020883416, "f54": -0.01971668394529036, "f55": 2.600289621630983, "f6": 1.9915313777918155, "f7": -0.702006394232559, "f8": -0.3022649768511618, "f9": -0.21058179561536106}, "datetime": {"datetime": "2023-02-03 21:32:01", "elapsed": 11738.039199, "delta": 45.43927}}
{"target": 0.0903366899874057, "params": {"f0": 0.09444310236489639, "f1": 1.6999900991505597, "f10": -0.0447155213106889, "f11": -0.7005067944080202, "f12": -0.6548196533534565, "f13": -0.23476717464564167, "f14": -0.8007098253572682, "f15": -1.4948116477551028, "f16": 0.04968963122332759, "f17": 1.1630987963984754, "f18": -1.4666832264148928, "f19": -0.39609717173790693, "f2": 0.49488770961530304, "f20": 1.510045167622777, "f21": 0.7127698632164854, "f22": -2.240037688572424, "f23": 2.192763355047865, "f24": -0.29053656581685416, "f25": -0.252602274748408, "f26": 0.7900526523881188, "f27": 0.45131725396329014, "f28": 1.0418567133947447, "f29": 2.129989281369697, "f3": 1.9868861388549246, "f30": 1.2477201304853587, "f31": 0.08659494222026692, "f32": -0.9789669578112905, "f33": -1.4118814739842145, "f34": -1.7592091381622212, "f35": 1.6687230961622972, "f36": 0.019590296476472924, "f37": 0.8377044790919035, "f38": -0.03593118578131538, "f39": 0.04033589936366777, "f4": 2.05065106936004, "f40": 0.9885468325207319, "f41": -0.1562098720270364, "f42": -2.3456513559832723, "f43": 1.1167704203746582, "f44": 0.33940295945091226, "f45": 0.13181257121271744, "f46": 0.08987917332964845, "f47": -0.8426359384154947, "f48": -1.282616121927746, "f49": -0.2166821788670189, "f5": 1.8873884893601325, "f50": -0.694083522059564, "f51": -0.016873412333059612, "f52": -0.7245168406160287, "f53": 0.2878950760431034, "f54": 0.9157544805857778, "f55": 1.6018224865537805, "f6": 1.6325578078782441, "f7": -0.4986788505370564, "f8": -0.034683442015272625, "f9": -1.513007743613662}, "datetime": {"datetime": "2023-02-03 21:32:02", "elapsed": 11739.884929, "delta": 1.84573}}
{"target": 0.286252050437708, "params": {"f0": 1.161477218083494, "f1": 1.7655515100802186, "f10": -1.0247715153585335, "f11": 0.23015640672929116, "f12": -1.0707561042529385, "f13": -1.5482200752428041, "f14": -0.5290863147555593, "f15": -1.1316348596296646, "f16": 1.029749728326321, "f17": -0.23536443828625175, "f18": -1.0751807450050173, "f19": -1.448444189950572, "f2": -1.2282609686725523, "f20": 2.937365048889384, "f21": 0.6726461052138901, "f22": -2.502909036230461, "f23": 1.0174202359918234, "f24": -2.33015336809558, "f25": -1.628884142732952, "f26": 1.7033268194793867, "f27": -0.8327984550535048, "f28": 0.27757850405538304, "f29": 1.8920955336846452, "f3": 2.40704615908881, "f30": 1.9394885646239923, "f31": 1.108223568315396, "f32": -1.2218229386742228, "f33": -0.5327974983753805, "f34": -0.8221514112692669, "f35": 1.2929011754160649, "f36": -0.8471346429013975, "f37": 0.09254951506902553, "f38": 0.3565256564313045, "f39": -1.1187472638838611, "f4": 2.250708277545045, "f40": 0.56844549712676, "f41": -1.004040715472839, "f42": -0.3064549010960249, "f43": 1.186396543616136, "f44": 0.6651466647952311, "f45": 0.193564583168167, "f46": -0.369492903668855, "f47": -1.3583134436983153, "f48": -0.13641281870470756, "f49": -0.4884613725898907, "f5": 1.9219145852897959, "f50": -0.6837565293087664, "f51": -0.43790175121275365, "f52": -0.6178588688976394, "f53": 0.53520916383168, "f54": 1.149853258883373, "f55": 2.233042291482471, "f6": 2.6615810467247547, "f7": 0.4207601336677873, "f8": -0.6544349470322167, "f9": -2.230275963336652}, "datetime": {"datetime": "2023-02-03 21:33:22", "elapsed": 11819.649275, "delta": 79.764346}}
{"target": 0.19648089998113902, "params": {"f0": -0.11137181194950696, "f1": 1.9492784210255303, "f10": -1.6182156902305858, "f11": -0.17319184850450298, "f12": -1.0534115092756169, "f13": -1.3775173988509861, "f14": 0.02298352134902304, "f15": -1.626032030211105, "f16": 0.2328593728673114, "f17": 0.6105021622393026, "f18": -0.9646580066550605, "f19": -1.6356022590949038, "f2": 0.3247648362698716, "f20": 1.7199990998688164, "f21": 0.31687297074895016, "f22": -1.7370389204433698, "f23": 2.7343102777576878, "f24": 0.23546520514940505, "f25": -1.4036946147976672, "f26": 1.42054494287627, "f27": -0.49623657615309913, "f28": 0.65949834984893, "f29": 2.658605514766142, "f3": 2.3480057648359467, "f30": 1.4120537886531348, "f31": 1.2333792566208053, "f32": -0.6144807456027505, "f33": -0.11294436617125991, "f34": -1.3781505593551269, "f35": 2.6469811672276498, "f36": 0.2760174431542197, "f37": -0.7146272385878916, "f38": 0.6487212053257533, "f39": -1.5022411679776733, "f4": 2.246905307816059, "f40": 0.09641628970614291, "f41": -1.3305289874084327, "f42": -2.166601858107346, "f43": 1.4000448636778946, "f44": -0.5762888210872222, "f45": -0.050918010125284685, "f46": -0.9035471845610458, "f47": -0.9692951310363347, "f48": -1.3581365393227989, "f49": -0.17670668790880067, "f5": 1.8796612642354753, "f50": -1.588096380804897, "f51": -1.0982008338451053, "f52": -0.6882113242262857, "f53": 0.4960397336961575, "f54": 0.7660322315640824, "f55": 2.2896612668117955, "f6": 1.9535265156041621, "f7": 0.23599491624454605, "f8": -0.20721625847805836, "f9": -0.38092519914104583}, "datetime": {"datetime": "2023-02-03 21:34:13", "elapsed": 11869.96679, "delta": 50.317515}}
{"target": 0.5795990814625043, "params": {"f0": 1.0868030206096155, "f1": 0.9115518799135284, "f10": -0.8194535702851728, "f11": -0.5311280462713033, "f12": -0.2696801363548962, "f13": 0.2557014616016433, "f14": -0.6909257753366111, "f15": -0.08128288682140328, "f16": 0.06024596276191285, "f17": 0.26285093910686064, "f18": -2.1634766541227055, "f19": 0.012919874602431047, "f2": -0.18879252382717393, "f20": 1.3796537077796704, "f21": 0.23974840277485399, "f22": -2.4451700491095707, "f23": 2.282819259636286, "f24": -0.12186287613565838, "f25": -0.07540168975390005, "f26": 0.48076129746550605, "f27": 0.025714330861979162, "f28": 1.631640888550039, "f29": 2.6619770061209915, "f3": 2.478869977009894, "f30": 1.6889744990641682, "f31": 0.7560017527398692, "f32": -0.9660595603690074, "f33": -1.079094420671995, "f34": -1.5682443811443447, "f35": 2.0875766908358466, "f36": -0.1637332437753869, "f37": -0.08650642511043893, "f38": 1.3832184415349738, "f39": -1.644689509612947, "f4": 1.4549468035961066, "f40": -0.10728672545454909, "f41": -2.4792748144021184, "f42": -1.9013820434647422, "f43": 0.8936562106944159, "f44": 0.5395852878937916, "f45": 0.8611144494920583, "f46": -0.835698975645879, "f47": -1.140332838753015, "f48": -1.4257387438941787, "f49": -0.4967429959193426, "f5": 1.613449845038511, "f50": -1.293031988319583, "f51": 0.20875984897721045, "f52": -1.7249960070900705, "f53": -0.610344713310503, "f54": -0.09644613116435585, "f55": 2.9329963861114563, "f6": 2.0731449674566473, "f7": 0.1900566584985648, "f8": -0.003648690561187662, "f9": -2.5376576660097623}, "datetime": {"datetime": "2023-02-03 21:36:23", "elapsed": 12000.009764, "delta": 130.042974}}
{"target": 0.2679084464807653, "params": {"f0": 0.1700739269653717, "f1": 0.47101539577857676, "f10": -0.48138956107391584, "f11": -0.7728382344815304, "f12": -1.1320808781612701, "f13": -1.5110211284242878, "f14": -1.8870300004974685, "f15": -1.8074112476117268, "f16": 0.5301936033170986, "f17": 0.44389233105904646, "f18": -1.2124543109997765, "f19": -0.9727286718651835, "f2": -0.024010851010441536, "f20": 1.7480164390350013, "f21": -0.24747222818244735, "f22": -2.6124139559559367, "f23": 2.520476834494608, "f24": -1.3202365041601332, "f25": -1.0120681011001307, "f26": 0.5095881763101568, "f27": -0.6422697386376282, "f28": -0.11144705094250962, "f29": 2.889534508274931, "f3": 2.421830051783816, "f30": 2.34148018441089, "f31": 1.351684559325593, "f32": -0.9939070469129796, "f33": 0.5343173313206733, "f34": -1.3425430521552348, "f35": 1.6875604716097719, "f36": -1.4114873773088814, "f37": -0.0562416509080329, "f38": 0.15431670463873814, "f39": -1.2394203415251221, "f4": 1.4384961154646287, "f40": 1.0999607754092837, "f41": -1.335830276311777, "f42": -1.6719610822042408, "f43": 1.1859365067225578, "f44": 0.0602463740588669, "f45": 1.5208404105184248, "f46": -0.45144543903051315, "f47": -1.300537095918244, "f48": 0.27273687372751354, "f49": 0.35785370878510536, "f5": 2.5093480593320545, "f50": -0.06751919449627719, "f51": -1.2438655669166878, "f52": -1.0157637890710698, "f53": 0.35210349301205546, "f54": 0.10092622208117574, "f55": 2.1218428748568345, "f6": 1.4105855118172355, "f7": -0.46692791450764093, "f8": -1.3984239021947629, "f9": -1.8840696066045532}, "datetime": {"datetime": "2023-02-03 21:37:56", "elapsed": 12092.910844, "delta": 92.90108}}
{"target": 0.18930416649462903, "params": {"f0": 0.6436911875247416, "f1": 1.709976045541342, "f10": -0.32233539493398, "f11": -0.5975125084387379, "f12": -0.5262330040794543, "f13": -1.0746582480955504, "f14": -0.8879511040989965, "f15": -0.7369815574795013, "f16": 1.2177984580415044, "f17": -0.12372488124889092, "f18": -2.271447078725776, "f19": -0.6410789808172637, "f2": -0.03438142985938608, "f20": 1.4378871884513764, "f21": 0.20057763858372357, "f22": -1.7025353721336742, "f23": 0.187265438852191, "f24": -2.145179087451607, "f25": -0.9224495606654043, "f26": 0.1627479254919375, "f27": -1.061299621620822, "f28": 1.3987061968630332, "f29": 2.3306745962087607, "f3": 2.692675323572669, "f30": 2.331818864287491, "f31": 1.4358851004391329, "f32": 0.35773340323529546, "f33": 0.44265472984905996, "f34": -2.639653173396049, "f35": 1.1332305408080376, "f36": -0.3903362584683898, "f37": 0.563564707002046, "f38": 0.6772411106293564, "f39": -2.2447439980084902, "f4": 1.317914336291114, "f40": 0.7338641855045761, "f41": -2.144909021507144, "f42": -1.3524844227968091, "f43": 0.7491519248327579, "f44": 0.12649228633361453, "f45": 1.3120080783497008, "f46": -0.7152870363033674, "f47": -0.26121318290809437, "f48": -0.8648137163444143, "f49": 1.1013885026782178, "f5": 2.7222430178510617, "f50": -1.1271631964921431, "f51": -0.9115398636167207, "f52": -1.4187942456541107, "f53": -0.6169143899410805, "f54": 0.02548747494023862, "f55": 2.801179660775216, "f6": 2.9079153354821314, "f7": 0.39061743475705457, "f8": 0.39109919192078557, "f9": -2.096813422011026}, "datetime": {"datetime": "2023-02-03 21:39:24", "elapsed": 12181.769331, "delta": 88.858487}}
{"target": 0.4343072879434198, "params": {"f0": 0.643254139991191, "f1": -0.17767908002977437, "f10": -0.9283791302868544, "f11": -0.026890171211186642, "f12": -0.7397988889744205, "f13": -1.0001696424550526, "f14": -0.8265424420801011, "f15": -1.751996084250523, "f16": -0.13482268039120132, "f17": 0.6593288084625267, "f18": -2.2547137029466624, "f19": -0.37778397750195003, "f2": -0.45003293748390405, "f20": 1.6507303702795841, "f21": -0.2627419851103013, "f22": -2.3881607512618843, "f23": 1.4918791822081094, "f24": -0.85173738077876, "f25": -1.0170609528221806, "f26": 0.5648111287691155, "f27": 0.2541383888527091, "f28": 0.33920627857953234, "f29": 2.8223403860983005, "f3": 2.7447388199926777, "f30": 0.28171746023761995, "f31": 0.8896707409312782, "f32": 0.03196029989801308, "f33": -0.3434554131372163, "f34": -0.006665075563978995, "f35": 2.3644278946055346, "f36": 0.2901072480909337, "f37": 0.2788856818959031, "f38": 0.06036536442428647, "f39": -2.214998142308999, "f4": 2.111437365765648, "f40": 0.5443948992603357, "f41": -0.2434394028156408, "f42": -1.9643812890007455, "f43": -0.30349544320998073, "f44": -0.16656973801925745, "f45": 1.4943049220846416, "f46": -0.5906718540340582, "f47": -0.9978996052948255, "f48": -0.9008727379617418, "f49": -0.2804998567039039, "f5": 2.814453608538813, "f50": -1.9084111584927315, "f51": -0.16365447050282111, "f52": -0.7663496410002857, "f53": 0.49947659537434586, "f54": -0.5524771737381192, "f55": 2.878068168781199, "f6": 2.1054465153707946, "f7": 0.1837867834940552, "f8": -0.3536929771069659, "f9": -0.9089887526281046}, "datetime": {"datetime": "2023-02-03 21:40:34", "elapsed": 12250.946126, "delta": 69.176795}}
{"target": 0.005122165795241489, "params": {"f0": 0.4647487543104418, "f1": 0.7616683565401875, "f10": -0.7167945125086828, "f11": -0.3790789263419822, "f12": -0.8398011677426725, "f13": -1.0206930423627962, "f14": -0.8980801774121717, "f15": -0.9192611726683936, "f16": 0.5837530598276202, "f17": 0.3246030418656092, "f18": -1.609231447534184, "f19": -0.8608723459720002, "f2": -0.4131776554146447, "f20": 2.344809796237357, "f21": 0.3209975346002132, "f22": -1.7772271901103802, "f23": 1.2677988411773298, "f24": -1.061346752477903, "f25": -0.6175780313483116, "f26": 0.8334807256671449, "f27": -0.17435168504631746, "f28": 0.9141538263565399, "f29": 2.502922488818101, "f3": 2.873427550175034, "f30": 1.2487603343304126, "f31": 0.8150579463223092, "f32": -0.2916284456015698, "f33": -0.42293490767707415, "f34": -1.3050448434700446, "f35": 1.5394153326460722, "f36": -0.5726498961958489, "f37": 0.13912389994612118, "f38": 0.41227593884062397, "f39": -1.4106551802259875, "f4": 1.8883437816252493, "f40": 0.550782859634904, "f41": -1.3464949772613521, "f42": -1.6234563524960992, "f43": 0.7699773558361533, "f44": -0.020271969021204334, "f45": 0.8905425093383701, "f46": -0.3135198353784249, "f47": -0.6317037389799071, "f48": -1.003347120462306, "f49": 0.27414645589661135, "f5": 2.2704101796791107, "f50": -0.9557279504292704, "f51": -0.9077247754957786, "f52": -0.8436440166406031, "f53": 0.07735756976712162, "f54": 0.192656392009257, "f55": 2.2795921670409784, "f6": 2.234167542641233, "f7": -0.14323179554851606, "f8": -0.41886248590885855, "f9": -1.8879124465130668}, "datetime": {"datetime": "2023-02-03 21:46:32", "elapsed": 12609.893768, "delta": 358.947642}}
{"target": 0.21577798418242397, "params": {"f0": 1.3803003911575686, "f1": 0.9751161650361153, "f10": -1.2185268849522812, "f11": 0.17644296541955917, "f12": -1.175265245807175, "f13": 0.08970643538198964, "f14": -1.472891749104146, "f15": -1.7722372162204836, "f16": 1.2996690903349672, "f17": -0.07059478361366422, "f18": -1.2516244988974237, "f19": -0.9024232591264445, "f2": -0.364161943633601, "f20": 2.1842850619274405, "f21": -0.19919553265747253, "f22": -2.308218170206402, "f23": -0.06339981181482449, "f24": -2.3170444211107517, "f25": 0.11123699958144662, "f26": 0.6304503115037954, "f27": -0.25109401371480433, "f28": 0.7839809495535301, "f29": 0.7817219417350129, "f3": 2.569647794877693, "f30": 0.83199291440871, "f31": 1.7290623284030704, "f32": 0.356840813685404, "f33": -1.234921001715443, "f34": 0.2769861179383355, "f35": 1.3896672448562595, "f36": -0.6536706926152013, "f37": -0.008715852267189295, "f38": 0.9750385889095066, "f39": -1.4807777290837174, "f4": 2.01769644905463, "f40": 0.9685819420126618, "f41": -1.1975009896576145, "f42": -2.5065892244222185, "f43": 0.7151981953981702, "f44": -0.5171909780721, "f45": 0.8627325509946657, "f46": -0.00807850141342592, "f47": -0.3531179184894788, "f48": -0.07343862878289853, "f49": -0.11779538005104673, "f5": 2.4544863319652785, "f50": -0.28993396264422433, "f51": -1.5580873759649592, "f52": -0.1472661192532605, "f53": 1.0145573014641427, "f54": 0.18076868953914815, "f55": 1.7428233087906735, "f6": 0.3467036556972779, "f7": -0.8631896518522509, "f8": -1.258593425371364, "f9": -1.7294869414972747}, "datetime": {"datetime": "2023-02-03 21:47:09", "elapsed": 12646.173836, "delta": 36.280068}}
{"target": 0.3680270857935527, "params": {"f0": -0.45418990557602434, "f1": -0.004553338639416649, "f10": 0.15499426299675223, "f11": -0.6398697012066704, "f12": -0.4417592884650363, "f13": 0.27235141401986684, "f14": -1.6260822133978916, "f15": -1.072808284606803, "f16": 0.5604496463085871, "f17": 1.1934164532982727, "f18": 0.19068482059391334, "f19": -1.6110547391678005, "f2": -0.30106153915217915, "f20": -0.0689899771295904, "f21": 0.6922956098066135, "f22": -0.6260613524702441, "f23": 0.8041868655491988, "f24": -0.05058161780258219, "f25": -0.21559667471755484, "f26": 2.0213052792143205, "f27": -0.052243376466223235, "f28": 0.2543321348458574, "f29": 1.506202436978937, "f3": 0.5529261234551757, "f30": 0.7330093892539985, "f31": 0.2511588237292928, "f32": -0.8042089370017271, "f33": -0.7475452139042145, "f34": 0.0740819580341543, "f35": 0.6846967583662158, "f36": 0.08913956208040075, "f37": 0.3536537992389224, "f38": -0.062013295017013303, "f39": -0.8538048778114518, "f4": -0.07606057756503115, "f40": -0.07551614675338869, "f41": -2.246756204319344, "f42": 0.2005324184207984, "f43": 0.21365773865981158, "f44": -0.7722520386561151, "f45": 0.2774616459855629, "f46": 0.17575231791666446, "f47": 0.29599524629396656, "f48": 0.22162546778639447, "f49": -0.021829956426954844, "f5": 0.6391802258093788, "f50": -1.400204366646382, "f51": -1.5093156171770432, "f52": -1.5843337432059001, "f53": -0.21005773707616898, "f54": 0.7472093059462761, "f55": -0.12186060502919463, "f6": 0.7971404773911166, "f7": -0.6039834867595112, "f8": -1.4085487237919765, "f9": -0.17752083392106988}, "datetime": {"datetime": "2023-02-03 21:48:09", "elapsed": 12706.406689, "delta": 60.232853}}
{"target": 0.2627991723587141, "params": {"f0": 0.12282729686733918, "f1": 0.7827513072619083, "f10": -0.8091975776388223, "f11": -0.4702624796492114, "f12": -1.7239543174006222, "f13": -0.6013855311370027, "f14": -1.3969831981280878, "f15": -0.8499262114326429, "f16": 1.1472488884315517, "f17": 0.6356805283267303, "f18": -1.116432559640051, "f19": -1.7052266249345274, "f2": -1.3924866926739086, "f20": 2.6126308946535577, "f21": -0.39420632530611444, "f22": -2.3435682727460607, "f23": 2.3537057744521803, "f24": -1.9272672944274993, "f25": -0.9657711065770213, "f26": 1.915581222175518, "f27": -0.7009965632473483, "f28": 0.3691415306041828, "f29": 1.327671384615937, "f3": 1.7613611398666387, "f30": 1.9295318628256362, "f31": -0.07121456689099659, "f32": -0.784563529700253, "f33": -0.5020690665888886, "f34": -1.124004086999183, "f35": 1.7048586321332304, "f36": 0.3318662806606383, "f37": 0.5288296649082531, "f38": 0.010238713479094996, "f39": -1.3384788940652286, "f4": 1.4106083202195616, "f40": 1.1700188084781247, "f41": -1.2529128500763134, "f42": -1.332442216082706, "f43": 0.7954036505414883, "f44": 0.23604440461505483, "f45": 0.7078567164458335, "f46": -1.0484972664321472, "f47": -0.3572705814210022, "f48": -1.4934780760961361, "f49": 0.0230898710375258, "f5": 1.6067389717669063, "f50": -0.8729739236591909, "f51": -0.6993250338494936, "f52": -1.0278413699616078, "f53": 0.1705497246743718, "f54": 0.8721476739936747, "f55": 2.199437766560116, "f6": 2.4806417281443602, "f7": 0.29129298104838597, "f8": -0.13001203814800055, "f9": -0.8063282619035674}, "datetime": {"datetime": "2023-02-03 21:49:25", "elapsed": 12782.51065, "delta": 76.103961}}
