{"target": 0.36339746660168515, "params": {"f0": 0.2733833734021159, "f1": 1.087521183210232, "f10": -0.6315102727869637, "f11": -0.6221042255539824, "f12": -1.0773149601740832, "f13": -1.3460525257420546, "f14": -0.9158727418346106, "f15": -0.8153771790133314, "f16": 0.6134015010790467, "f17": 0.20319966045363042, "f18": -1.0192874099936653, "f19": -0.9684758519725573, "f2": -0.3434257693958619, "f20": 2.787668438626567, "f21": 0.4244649424370033, "f22": -2.291952171361194, "f23": 0.8853882695907127, "f24": -0.6711033743032867, "f25": -0.5881760024403306, "f26": 0.7762081331285007, "f27": -0.18614060930054627, "f28": 0.5541337830205504, "f29": 2.825428551674419, "f3": 2.517641836182958, "f30": 1.2408545857358266, "f31": 0.8375981551752566, "f32": -0.02159895514043575, "f33": -0.3334728747018529, "f34": -1.2902986102251377, "f35": 2.0567504999729476, "f36": -0.5622921898190301, "f37": 0.31767694909307165, "f38": 0.25448071360072116, "f39": -1.431960462461101, "f4": 2.8635114472180625, "f40": 0.46819747778254794, "f41": -1.0883371662342067, "f42": -0.7800530608695007, "f43": 0.6940276950270192, "f44": 0.11583521715553363, "f45": 0.8144082542260436, "f46": -0.07027645098031532, "f47": -0.7889783723649638, "f48": -0.5228584389779791, "f49": 0.449213897202697, "f5": 2.052603873874177, "f50": -0.9137071801804932, "f51": -1.1782361618790906, "f52": -0.4946418964801014, "f53": 0.2776028014838817, "f54": 0.4811190365930926, "f55": 1.6579720309069286, "f6": 2.4127403662317524, "f7": 0.06682129270203624, "f8": -0.15660424920919425, "f9": -1.2195991447709098}, "datetime": {"datetime": "2023-02-04 00:10:04", "elapsed": 21221.182896, "delta": 50.247849}}
{"target": 0.2237638904780878, "params": {"f0": 0.7817043918563583, "f1": 0.7888292490528331, "f10": -0.8843977033107568, "f11": -0.7930769050078516, "f12": -1.0518352870782945, "f13": -0.9524369948510047, "f14": -1.1880794633609657, "f15": -0.8180777059129197, "f16": 0.7672253013963872, "f17": 0.6015377350197204, "f18": -2.1328171203931268, "f19": -1.0192763122419088, "f2": -0.5927360322302251, "f20": 1.6875790933737234, "f21": 0.2602989658856377, "f22": -1.865894266874909, "f23": 1.5600210226769669, "f24": -0.8957021447724787, "f25": -0.4103604556038759, "f26": 0.9607159081410676, "f27": -0.44674774620907526, "f28": 0.4721787299969548, "f29": 1.0472844582808418, "f3": 2.4381492056304985, "f30": 1.133818057517151, "f31": 1.1090959396252642, "f32": -0.2728794713089397, "f33": -0.15523634038004952, "f34": -0.8598670197226359, "f35": 1.6974627451344637, "f36": -0.6225897088251178, "f37": 0.3781639103971896, "f38": 0.18532120637486973, "f39": -0.6972208876908945, "f4": 1.396460046231033, "f40": 0.7037195187778414, "f41": -1.036405284126496, "f42": -0.7990713436803767, "f43": 0.8598370961016693, "f44": -0.283387255354941, "f45": 1.1541523826549152, "f46": -0.2066364472450855, "f47": -0.5710213969323512, "f48": -0.607432187953138, "f49": 0.3916856881384688, "f5": 1.9031217813486125, "f50": -0.9060355006657335, "f51": -0.6355923230493551, "f52": -0.9622555046448219, "f53": -0.022095359346532048, "f54": 0.06332396590383604, "f55": 0.9272493979474944, "f6": 1.4103972422836453, "f7": -0.2464672375183634, "f8": -0.2518875534860847, "f9": -1.6157063924124642}, "datetime": {"datetime": "2023-02-04 00:11:12", "elapsed": 21289.885079, "delta": 68.702183}}
{"target": 0.42825078482666545, "params": {"f0": 0.7346652461885695, "f1": 0.49594425399638176, "f10": -0.9227950777900973, "f11": -0.5927673162331, "f12": -0.9076970802114585, "f13": -1.5101787742543955, "f14": -0.9855688912252506, "f15": -0.7726865278298564, "f16": 0.32175125049674036, "f17": 0.010429128580217963, "f18": -1.4160624892848386, "f19": -1.2279575483891039, "f2": -0.8201865257182192, "f20": 2.9824447154833154, "f21": 0.29929941282456846, "f22": -0.9336253900989386, "f23": 1.4103277256237703, "f24": -1.2210716837726818, "f25": -0.5797870094984264, "f26": 1.2205778281785316, "f27": -0.3319067752704802, "f28": 0.5268564390803033, "f29": 2.142999017089025, "f3": 0.8291042231711184, "f30": 1.1365173145002339, "f31": 0.8081998413532612, "f32": -0.483650700935659, "f33": -0.7176262881762907, "f34": -0.9843662977424774, "f35": 0.9814511399684493, "f36": -0.5074427501077841, "f37": 0.04119140132735888, "f38": 0.45519246188980006, "f39": -0.8952188316289207, "f4": 1.6687699668916691, "f40": 0.39370526672213846, "f41": -1.6004443356640174, "f42": -1.9785394077962555, "f43": 0.9509345406633039, "f44": -0.36213112621658566, "f45": 1.0510517762272193, "f46": -0.1948667836774201, "f47": -0.7567253458497933, "f48": -0.6243498804408568, "f49": 0.5218484493200374, "f5": 1.0120541302886423, "f50": -0.7464922498635307, "f51": -0.6251557018621, "f52": -0.6813954098980075, "f53": 0.20395282248036062, "f54": 0.5316602303780211, "f55": 1.3825579956953011, "f6": 0.9856172226636887, "f7": -0.3203717315130135, "f8": -0.5217882474297495, "f9": -1.0402134676731238}, "datetime": {"datetime": "2023-02-04 00:12:25", "elapsed": 21362.28262, "delta": 72.397541}}
{"target": 0.2477403561645568, "params": {"f0": 0.3185214098043406, "f1": 0.6303847605441493, "f10": -0.5111452330128348, "f11": -0.5550193164633963, "f12": -0.6725323803064629, "f13": -1.1883480373101132, "f14": -0.926486391708992, "f15": -1.370122033315205, "f16": 0.3409800821548175, "f17": 0.013406469330603257, "f18": -1.1227968259246623, "f19": -1.3910165662674618, "f2": -0.6542102755207015, "f20": 1.555271517584782, "f21": 0.07213442128094835, "f22": -1.0653808070311996, "f23": 1.4106181626570755, "f24": -0.6561803642678602, "f25": -0.8585379312327401, "f26": 0.5880824593145219, "f27": -0.09659118878240919, "f28": 1.2224898360116234, "f29": 1.9698856459333263, "f3": 1.2923186448912745, "f30": 0.9136448950514958, "f31": 0.8609409051286181, "f32": -0.5612850534278122, "f33": -0.49600147809010636, "f34": -1.3643363952758367, "f35": 1.987081886155038, "f36": -0.7505879497079792, "f37": -0.06920226572812246, "f38": 0.5761815278313493, "f39": -0.9505683005869532, "f4": 1.9802370292296805, "f40": 0.42746196903797756, "f41": -0.8823324868794482, "f42": -1.3683041090678445, "f43": 0.6102042154579618, "f44": 0.030749826382101164, "f45": 0.5391956942725006, "f46": -0.3277336388082422, "f47": -0.5767045865074376, "f48": -0.7423859316347857, "f49": 0.10954188740540595, "f5": 2.070712471514054, "f50": -1.0054658882054541, "f51": -0.9465939609907028, "f52": -1.1428213608622784, "f53": 0.11334161090833157, "f54": 0.10872545018201163, "f55": 1.2668528099469045, "f6": 1.1526347267507806, "f7": -0.07893240176304095, "f8": -0.32973042156452564, "f9": -1.714009632535126}, "datetime": {"datetime": "2023-02-04 00:13:19", "elapsed": 21416.855092, "delta": 54.572472}}
{"target": 0.34795361283636184, "params": {"f0": 0.7125656996287101, "f1": 0.9824116275789512, "f10": -0.3889319920562183, "f11": -0.28732272719724716, "f12": -0.44937506560981955, "f13": -1.1043690693757053, "f14": -0.9654394818023624, "f15": -0.879295911462616, "f16": 0.2723957047133202, "f17": 0.07138148785942097, "f18": -1.6212409475798562, "f19": -1.3279277206961304, "f2": -0.7500601271144739, "f20": 2.974135381276861, "f21": 0.558315883137167, "f22": -1.573687761458388, "f23": 0.9056944589561534, "f24": -1.1723432906911682, "f25": -0.8945397089157492, "f26": 0.6506174967036193, "f27": -0.3515802518224544, "f28": 1.2593924669829533, "f29": 2.4072480879582034, "f3": 1.7148001636942483, "f30": 1.3001667089318865, "f31": 0.7774003081507621, "f32": -0.4305253341344185, "f33": -0.20468103415811723, "f34": -1.8648443325545965, "f35": 1.4515563106480904, "f36": -0.5581590763970858, "f37": 0.4031190091408287, "f38": 0.16314853936128484, "f39": -1.5404575660773376, "f4": 1.5367868522013675, "f40": 0.40132533204314447, "f41": -0.7648499062750636, "f42": -0.9312332288600531, "f43": 0.9169267994318722, "f44": -0.05493364600666495, "f45": 1.1004114445038586, "f46": -0.016961090237878507, "f47": -0.35123315797911003, "f48": -1.142099084896579, "f49": 0.44069477154726244, "f5": 2.5216914000975432, "f50": -1.2336704347010974, "f51": -1.2174753595494823, "f52": -0.7300549167974005, "f53": 0.14036901638455557, "f54": 0.16758938489981384, "f55": 0.9011542256550564, "f6": 2.1359213145256963, "f7": 0.09968870636378269, "f8": -0.37436066452347705, "f9": -1.7183557788628832}, "datetime": {"datetime": "2023-02-04 00:13:21", "elapsed": 21418.777294, "delta": 1.922202}}
{"target": 0.5018600704214475, "params": {"f0": 0.6270649936399281, "f1": 0.8154445363602788, "f10": -0.9164350599138888, "f11": -0.743650275875035, "f12": -0.6230000999269737, "f13": -1.4493164836776886, "f14": -0.740355582269249, "f15": -0.5048974576259289, "f16": 0.7145091463010649, "f17": 0.5099870833444045, "f18": -1.4849058288237242, "f19": -0.4719383412671829, "f2": -0.6528091401642191, "f20": 0.8334008420557918, "f21": 0.2247832172622456, "f22": -2.5405434140600764, "f23": 1.1786681793954281, "f24": -0.7726719310922043, "f25": -0.4246699973992467, "f26": 1.0505258632833119, "f27": -0.4377776281443242, "f28": 0.7754582723044381, "f29": 1.5124841155540028, "f3": 2.8805191424928642, "f30": 1.8537725950840935, "f31": 0.675558440901376, "f32": -0.1035695704188978, "f33": -0.45663814369029104, "f34": -1.2209490873678996, "f35": 1.1621347696744055, "f36": -0.38434056436704234, "f37": 0.1838771989183587, "f38": 0.27946233238814033, "f39": -1.3313754773150341, "f4": 1.3573288321196155, "f40": 0.8816072034759389, "f41": -1.3157516897663646, "f42": -1.1607735200501863, "f43": 1.1418718595859418, "f44": -0.15304381280191573, "f45": 1.0025849198018877, "f46": -0.6039946060570974, "f47": -0.9280049625698771, "f48": -1.0171777247052285, "f49": 0.08963690835154511, "f5": 2.3359839771836253, "f50": -0.8516562418595679, "f51": -0.971881571140953, "f52": -0.9703549481791409, "f53": 0.3735067079487465, "f54": 0.043625888975458646, "f55": 1.571127205404787, "f6": 2.2841715527163444, "f7": -0.14739149758730294, "f8": -0.3936245211736765, "f9": -0.8080531071631585}, "datetime": {"datetime": "2023-02-04 00:13:23", "elapsed": 21420.462458, "delta": 1.685164}}
{"target": 0.16737374600179533, "params": {"f0": 0.5124869265795249, "f1": 1.2826927639365315, "f10": -1.093739584862769, "f11": -0.5135383786292431, "f12": -0.3965555184855386, "f13": -0.7623189331633051, "f14": -0.9142132011889383, "f15": -1.2978709493815284, "f16": 0.5289690104122278, "f17": 0.30027196804631107, "f18": -0.6795799651952057, "f19": -0.7409250911829625, "f2": -0.6489247924993118, "f20": 1.594719420283695, "f21": 0.6571987908195454, "f22": -1.0788777222099024, "f23": 1.012908165433598, "f24": -1.5562425692623407, "f25": -0.6672098006419708, "f26": 0.9599200031463133, "f27": -0.38973369572157107, "f28": 0.5737122137835275, "f29": 1.871508545755936, "f3": 1.305897430593028, "f30": 0.8544142742515461, "f31": 0.9093495966448302, "f32": -0.42481583028489406, "f33": -0.36589089557053767, "f34": -2.1243162021687243, "f35": 2.207711355666965, "f36": -0.8585106287609366, "f37": 0.18813216001919136, "f38": 0.2275664636271075, "f39": -0.7283047802461788, "f4": 1.9347135136167075, "f40": 0.44026075473945425, "f41": -1.2272711722426357, "f42": -0.8355902581663883, "f43": 0.614654206769889, "f44": -0.2721789532783999, "f45": 0.9746108589516413, "f46": -0.4991659656506455, "f47": -0.6930294694105199, "f48": -1.1637139794943834, "f49": 0.4944858150791398, "f5": 1.608451920920498, "f50": -0.560766347496397, "f51": -0.6981436601232192, "f52": -0.6324024305581583, "f53": 0.22614354729668615, "f54": 0.3852987745660906, "f55": 1.9753800259351944, "f6": 1.966921509535579, "f7": 0.11682757184297188, "f8": -0.09864094098918552, "f9": -0.6980820742924605}, "datetime": {"datetime": "2023-02-04 00:14:38", "elapsed": 21495.254038, "delta": 74.79158}}
{"target": 0.3648720284210443, "params": {"f0": 0.4111068265376191, "f1": 0.6646895786757216, "f10": -0.930098249210894, "f11": -0.6331356532018892, "f12": -0.9310245915725154, "f13": -1.1434380688697883, "f14": -0.8329271563447854, "f15": -0.7574160095881667, "f16": 0.5454161503215802, "f17": 0.4505324909118852, "f18": -1.4497376463908047, "f19": -0.7371243587153308, "f2": -0.18222596667759372, "f20": 2.2060379144585465, "f21": 0.04848804524264139, "f22": -1.082557067262025, "f23": 1.628418997856302, "f24": -0.6098748002584309, "f25": -0.6805062726601286, "f26": 0.6157537665052124, "f27": -0.4459520476790353, "f28": 0.9677022133317976, "f29": 1.2298632734209893, "f3": 2.490382881597489, "f30": 1.9097822118773577, "f31": 0.9715411729018395, "f32": -0.2223742572358468, "f33": -0.2349453630072782, "f34": -1.295603140296295, "f35": 1.0920948829839756, "f36": -0.4240728045487032, "f37": -0.20675512501885288, "f38": 0.8337938871545173, "f39": -0.9845137592676301, "f4": 1.2266972304331183, "f40": 0.8759018429982082, "f41": -1.4671561579483225, "f42": -1.8253119137145752, "f43": 1.0125447845115234, "f44": 0.10847611723934769, "f45": 0.8163063153769782, "f46": -0.025805929855157728, "f47": -0.852368349545141, "f48": -1.388498910539541, "f49": 0.19564688900200167, "f5": 1.9120622168134842, "f50": -0.9764007873053048, "f51": -0.8833871113832811, "f52": -0.685876805229825, "f53": -0.1295847328960892, "f54": 0.3131321169388742, "f55": 1.8299105193467142, "f6": 2.1434185687792064, "f7": 0.0782402116480958, "f8": -0.7678929439966149, "f9": -1.2929037921115958}, "datetime": {"datetime": "2023-02-04 00:16:13", "elapsed": 21590.579134, "delta": 95.325096}}
{"target": 0.1308123680651707, "params": {"f0": 0.3052261919954249, "f1": 1.0590352949039519, "f10": -1.1232701012496646, "f11": -0.5100755877554811, "f12": -0.6547418844332786, "f13": -0.8260675550892868, "f14": -1.274930741025302, "f15": -0.4504272128563247, "f16": 0.6973337900596199, "f17": -0.03876220249628752, "f18": -0.9881385377689238, "f19": -0.8519205305285225, "f2": -0.8596348514328328, "f20": 1.018603506944719, "f21": 0.4595331956375163, "f22": -2.75443840649628, "f23": 1.5614637708209862, "f24": -1.5689774813701811, "f25": -0.9575086913028801, "f26": 1.0650450829309743, "f27": -0.4366792540561602, "f28": 1.3231952961091507, "f29": 2.027641127485474, "f3": 0.7508176914435678, "f30": 1.3140453999703907, "f31": 0.8990445113034049, "f32": -0.017170149111545574, "f33": -0.7194118778695314, "f34": -1.4871239700769991, "f35": 2.0859432230845343, "f36": -0.8697840236383485, "f37": -0.08676342506560336, "f38": 0.21431689430233292, "f39": -0.6148495253458672, "f4": 1.0124711406212406, "f40": 0.530757239548247, "f41": -1.9329093242610418, "f42": -2.198620987732468, "f43": 0.990864700626821, "f44": 0.18582196546401897, "f45": 1.196900035924666, "f46": -0.5356874063750791, "f47": -0.9015622181306097, "f48": -1.378137849000364, "f49": 0.2804121855155637, "f5": 2.6127984591619198, "f50": -0.46766637863486515, "f51": -0.9599392742826833, "f52": -1.342702936943619, "f53": 0.1225217324811291, "f54": 0.4141587099572849, "f55": 1.9827166687478852, "f6": 2.183729694943117, "f7": -0.0625707067103079, "f8": -0.43721489528759155, "f9": -2.6655030107366007}, "datetime": {"datetime": "2023-02-04 00:17:31", "elapsed": 21668.83844, "delta": 78.259306}}
{"target": 0.626164197114609, "params": {"f0": 0.5426265788222292, "f1": 1.2261898676642733, "f10": -0.718384165594414, "f11": -0.5158100771712946, "f12": -0.6589579736287063, "f13": -1.2384932976746947, "f14": -0.8156893374941625, "f15": -0.8427088285995012, "f16": 0.19322400024132774, "f17": -0.038230030032139525, "f18": -0.9674708415180171, "f19": -1.3885960144783502, "f2": -0.6395859236816284, "f20": 1.6112846824289964, "f21": 0.053746695930536305, "f22": -2.6711580665925325, "f23": 1.6743257415452597, "f24": -1.0289340877807325, "f25": -1.0076381895887354, "f26": 1.371188362605657, "f27": 0.0711777348081285, "f28": 0.6410581386010704, "f29": 2.3971893266218327, "f3": 2.3591099726433935, "f30": 1.2338122021673477, "f31": 1.1978099747105788, "f32": 0.024010741662320867, "f33": -0.38834756162519046, "f34": -1.576745119656648, "f35": 1.9587841556232537, "f36": -0.39759388428080467, "f37": -0.18771259650790553, "f38": 0.3878855892701912, "f39": -1.7249350236846295, "f4": 2.7338782142975893, "f40": 0.8824362727627106, "f41": -0.9097210920884593, "f42": -2.627086846405676, "f43": 0.4409232487873281, "f44": 0.04759852853461205, "f45": 1.3632805794202094, "f46": -0.24355016597024937, "f47": -0.9542952739381709, "f48": -0.5337756770805415, "f49": 0.2268441563520291, "f5": 2.654760132040532, "f50": -0.9837131985648881, "f51": -0.3932356866660113, "f52": -0.8733834693365613, "f53": 0.2492898370729941, "f54": 0.4176723949625393, "f55": 2.2365563381169924, "f6": 2.2857445794995477, "f7": 0.2771730682946614, "f8": -0.3636533157098744, "f9": -2.6462519116334136}, "datetime": {"datetime": "2023-02-04 00:18:44", "elapsed": 21741.065833, "delta": 72.227393}}
{"target": 0.5102839478263571, "params": {"f0": 0.6950989583552772, "f1": 1.1564074992301596, "f10": -1.0128527786005945, "f11": -0.24163689842150826, "f12": -0.5658755501832838, "f13": -1.106029802711729, "f14": -0.9451775299341496, "f15": -1.3941495389792555, "f16": 0.40568347354548273, "f17": 0.4646398586418088, "f18": -1.8497475529379184, "f19": -1.1457500734701453, "f2": -0.8503239128419244, "f20": 1.5603619984196802, "f21": 0.5888077328013529, "f22": -2.876819152565069, "f23": 0.6433931191216358, "f24": -0.8197810890480085, "f25": -1.0123940454745404, "f26": 0.8068711090982951, "f27": -0.26248312221778813, "f28": 1.3044096000011618, "f29": 2.6096752526220763, "f3": 1.967095431756919, "f30": 1.6095686078977045, "f31": 0.8474025782266786, "f32": -0.5895964909070575, "f33": -0.463231740677311, "f34": -1.6482592262822517, "f35": 1.7787622650358437, "f36": -0.375623851261371, "f37": -0.1294492207116436, "f38": 0.24555517825593226, "f39": -1.0585903906852212, "f4": 1.1425645023273836, "f40": 0.5934523927795301, "f41": -1.8129535266838315, "f42": -1.1099027609775232, "f43": 0.3862234189188902, "f44": -0.0010275878661181737, "f45": 0.7673195191924207, "f46": -0.38972288991154086, "f47": -0.6560961643408136, "f48": -0.6985902187988019, "f49": 0.6111486291382625, "f5": 2.607094858202878, "f50": -0.7819611111013176, "f51": -0.8568904925137709, "f52": -0.9026897870834366, "f53": 0.19117859914442678, "f54": 0.21736778410095664, "f55": 2.637072998022181, "f6": 2.756156015185778, "f7": -0.30765229506467984, "f8": -0.2013899483990843, "f9": -2.0580116278581873}, "datetime": {"datetime": "2023-02-04 00:18:46", "elapsed": 21743.428038, "delta": 2.362205}}
{"target": 0.3868135574759668, "params": {"f0": 0.7455826177203285, "f1": 0.8206282028866794, "f10": -0.7596547022158324, "f11": -0.35713106026089547, "f12": -0.4913583292474407, "f13": -1.4946703838600435, "f14": -0.9003821853606759, "f15": -0.9256050529805582, "f16": 0.8295593939014855, "f17": 0.2967953916312371, "f18": -1.7545705423689997, "f19": -0.8196506301800404, "f2": -0.6465950254779497, "f20": 2.6014050405052256, "f21": 0.5129207899063595, "f22": -1.7677929743739356, "f23": 1.060656768895146, "f24": -1.7247405226909436, "f25": -0.43860341848371054, "f26": 1.1610655931006182, "f27": -0.196624330035427, "f28": 0.40949832787578666, "f29": 0.6915002658020755, "f3": 1.455932076312984, "f30": 0.7788850092511943, "f31": 0.5050687085432397, "f32": -0.6587421558750102, "f33": -0.24241092703443234, "f34": -1.6910921918624586, "f35": 2.505681243205286, "f36": -0.73350949263308, "f37": 0.4211541791521135, "f38": 0.1374523845365739, "f39": -1.3012051760743788, "f4": 0.7571629606014127, "f40": 0.6277322502854832, "f41": -0.772392643578727, "f42": -1.3212642516439161, "f43": 0.9009543962003412, "f44": 0.20104789220341335, "f45": 0.5576667926423096, "f46": -0.047150015433564896, "f47": -0.80521842559306, "f48": -0.8990481514884273, "f49": -0.09055476157982142, "f5": 1.1257983358635952, "f50": -1.5939708081722828, "f51": -0.9550414509316971, "f52": -0.9678278067462494, "f53": 0.39846572204364084, "f54": 0.19678038011679663, "f55": 1.2986063173491382, "f6": 2.384713175984283, "f7": -0.28770434360480757, "f8": -0.2527549853023834, "f9": -1.6674140303177185}, "datetime": {"datetime": "2023-02-04 00:19:52", "elapsed": 21809.700035, "delta": 66.271997}}
{"target": 0.12771806400727825, "params": {"f0": 0.8332232527520878, "f1": 0.4785267245949921, "f10": -0.8152734782354878, "f11": -0.08988803157283076, "f12": -0.9092393337476083, "f13": -0.6111479799295958, "f14": -1.2677026663970086, "f15": -1.4700845499823674, "f16": 0.5180021340135113, "f17": 0.12268702736200242, "f18": -1.2275040861180229, "f19": -1.1236604212663281, "f2": -0.6317617800246178, "f20": 0.8497071308543638, "f21": 0.32650228735573184, "f22": -1.6171440042417, "f23": 1.1822101802590166, "f24": -0.845995184539072, "f25": -0.6204582739660238, "f26": 0.9759878944698951, "f27": -0.03095291327997901, "f28": 0.7813174078126867, "f29": 2.5887878074740103, "f3": 1.8039560100047891, "f30": 0.9476718912342708, "f31": 0.5317828204634396, "f32": -0.08501955079908474, "f33": -0.7235573488249757, "f34": -1.1715034574132595, "f35": 2.501526125602486, "f36": -0.29157850970373245, "f37": 0.3669267718401986, "f38": 0.4744911903017247, "f39": -1.1882026375744927, "f4": 2.4453656917547293, "f40": 0.38125559401839026, "f41": -1.2261361641836699, "f42": -2.3344362536609404, "f43": 1.266937796836028, "f44": -0.17752707496381032, "f45": 0.49493441180345876, "f46": -0.038531708694300004, "f47": -1.0526683503404064, "f48": -1.3680638075650138, "f49": 0.30591778773405087, "f5": 2.839607207204586, "f50": -1.228098426159092, "f51": -1.2516076337827957, "f52": -0.6092183871221749, "f53": -0.16189863443618763, "f54": 0.5512860211475676, "f55": 1.6155009261669442, "f6": 2.6857098019935286, "f7": 0.19521918261166937, "f8": -0.7996354390568302, "f9": -1.7900563694511835}, "datetime": {"datetime": "2023-02-04 00:21:01", "elapsed": 21878.499367, "delta": 68.799332}}
