{"target": 0.46467608804261173, "params": {"f0": 0.12080541196097762, "f1": 0.22132494226466198, "f10": 0.04814771152048473, "f11": 0.1255817490317281, "f12": -1.5863685237763148, "f13": -1.4130880326218491, "f14": -0.9500291326716116, "f15": -0.9714046362003944, "f16": 0.45842478021366173, "f17": 0.6288379199570189, "f18": -3.00397807963047, "f19": -0.018207043332210883, "f2": 0.7020805336311243, "f20": 1.862640693983187, "f21": 0.17556275054838105, "f22": -1.6059313779510351, "f23": 0.8098271764174989, "f24": -0.7243506135836404, "f25": -0.3312440646136998, "f26": 0.508149822973157, "f27": -0.28755339206255176, "f28": 1.0780283365794616, "f29": 2.7471947191895083, "f3": 2.975523866630015, "f30": 0.4254071578056744, "f31": 1.5851373940796019, "f32": 0.31691407342872496, "f33": 0.04164898654241006, "f34": -1.132791288806399, "f35": 0.5625792925735235, "f36": -1.3261635311892324, "f37": 0.39751294829647604, "f38": -0.39237080504683924, "f39": -0.806374835629057, "f4": 2.296191156101978, "f40": 0.7119129516740752, "f41": -1.5247867494824163, "f42": -0.958519184350872, "f43": 1.203846087641419, "f44": 0.4003290998929295, "f45": 0.9589393339790862, "f46": -0.5382373694680254, "f47": -0.14710545622200916, "f48": -1.0504923201580638, "f49": 0.36259391259884705, "f5": 1.229225690968852, "f50": -0.22048370459743838, "f51": -1.8334250102730751, "f52": -0.5017599248684558, "f53": -1.2713256300674503, "f54": 0.10835166769015671, "f55": 2.6647810278268373, "f6": 1.8239707272147387, "f7": -1.2924544408990415, "f8": 0.1362800789819416, "f9": -1.6554288105398742}, "datetime": {"datetime": "2023-02-03 19:30:43", "elapsed": 4460.802088, "delta": 52.882267}}
{"target": 0.6977100251061024, "params": {"f0": 0.3495803814270463, "f1": 0.10702198353313729, "f10": 0.06240372344073341, "f11": 0.27636615050932395, "f12": -1.7722860425701152, "f13": -1.3803139883725803, "f14": -0.9582730627459703, "f15": -0.8131705081634182, "f16": 0.9480328549852626, "f17": 0.4516017066053058, "f18": -3.00397807963047, "f19": -0.054080773029613526, "f2": 1.008026245058394, "f20": 1.8401260993254058, "f21": -0.03210523914635803, "f22": -1.4924614461833512, "f23": 0.7522073334119477, "f24": -0.9008841186257154, "f25": -0.7520597058672439, "f26": 0.321400607926135, "f27": -0.48836542841066355, "f28": 1.0081307707682503, "f29": 2.933775418190312, "f3": 3.0327132287935354, "f30": 0.667151603108719, "f31": 1.2780050340095337, "f32": 0.03879679974072287, "f33": -0.17804147490623054, "f34": -1.0878385823068497, "f35": 0.6044836155303738, "f36": -1.6337628364913546, "f37": 0.5087178219163445, "f38": -0.05692575019029085, "f39": -0.9131575136439202, "f4": 2.6508065099004563, "f40": 0.6229510502280831, "f41": -1.4091237866851327, "f42": -1.0523301831662013, "f43": 1.337984250146831, "f44": 0.21549414120207214, "f45": 0.8094255280264921, "f46": -0.3336674247864181, "f47": 0.07570627917957459, "f48": -0.6613288945653147, "f49": 0.5293978490949756, "f5": 1.8100901418096111, "f50": -0.2238181362166692, "f51": -1.824425236149279, "f52": -0.46429627850783894, "f53": -1.2065359709295662, "f54": -0.0023148383970142987, "f55": 2.9483391978248896, "f6": 2.2875039817587934, "f7": -1.3492943249140907, "f8": -0.05251485744644493, "f9": -1.7677555641910547}, "datetime": {"datetime": "2023-02-03 19:30:52", "elapsed": 4469.831783, "delta": 9.029695}}
{"target": 0.6977100251061024, "params": {"f0": 0.38781750592586967, "f1": 0.10515389575124118, "f10": 0.0687908869239351, "f11": 0.26116191700084657, "f12": -1.450857339438831, "f13": -1.3570063845209468, "f14": -1.018054303495911, "f15": -0.95546469832972, "f16": 1.2394839098649653, "f17": 0.5228899791280803, "f18": -3.00397807963047, "f19": 0.014851945675380776, "f2": 0.7715489088804875, "f20": 1.8359646297407506, "f21": -0.1467647328798903, "f22": -1.582333031481789, "f23": 0.6577682580199513, "f24": -0.918207643990827, "f25": -0.6406712143859945, "f26": 0.16901583096266118, "f27": -0.48032104256895874, "f28": 0.8196143482660201, "f29": 2.7404213408625258, "f3": 3.0327132287935354, "f30": 0.7794669277970252, "f31": 1.393366138841627, "f32": 0.05367597280398699, "f33": 0.07286449930063672, "f34": -1.0807188736355404, "f35": 0.6210171963928167, "f36": -1.5254961082823375, "f37": 0.4370995239434988, "f38": -0.18118879502844115, "f39": -1.0817566354652464, "f4": 2.5191739919307814, "f40": 0.5518029897146146, "f41": -1.633802331553809, "f42": -0.9248433436619201, "f43": 1.1586228933727973, "f44": 0.2527100404844759, "f45": 0.7637604372065919, "f46": -0.42150427589767603, "f47": -0.11319545957262064, "f48": -0.6006228604596178, "f49": 0.5192218257107908, "f5": 1.6466726433173977, "f50": -0.15937308072248024, "f51": -1.7568559246179605, "f52": -0.37211547972607395, "f53": -1.016819372833887, "f54": 0.06635007810944792, "f55": 2.738129921350777, "f6": 2.3474805262863123, "f7": -1.5746019872885713, "f8": -0.06913452742087266, "f9": -1.8421945738334145}, "datetime": {"datetime": "2023-02-03 19:31:02", "elapsed": 4479.549716, "delta": 9.717933}}
{"target": 0.37336533718432297, "params": {"f0": 0.3296081918746, "f1": 0.07947331760020662, "f10": 0.07568793478947572, "f11": 0.22996638807396444, "f12": -1.9099486029335477, "f13": -1.4745730862047157, "f14": -1.125153382888243, "f15": -0.9953923533609177, "f16": 0.9137917290564144, "f17": 0.4484448065932677, "f18": -3.00397807963047, "f19": 0.03478383917116302, "f2": 1.0402735538813679, "f20": 1.6525410243734884, "f21": -0.23240933249702897, "f22": -1.5126273523667952, "f23": 0.6113259038618022, "f24": -1.0904249240827433, "f25": -0.603262868570935, "f26": 0.3535946314248273, "f27": -0.43594010442265274, "f28": 0.7418328343963179, "f29": 2.5085263596555087, "f3": 3.0327132287935354, "f30": 0.6665745534516373, "f31": 1.316000914500991, "f32": 0.030662595578248103, "f33": -0.030864370672482166, "f34": -1.2224172639920141, "f35": 0.7427404815735508, "f36": -1.643094040047873, "f37": 0.5186943055118157, "f38": -0.1604672479955839, "f39": -0.9460381563396689, "f4": 2.6098072632417755, "f40": 0.5465694652767334, "f41": -1.4164897667435639, "f42": -0.8806871522139326, "f43": 1.222753781214648, "f44": 0.03758310029053138, "f45": 0.7450276342960132, "f46": -0.3661688738055605, "f47": -0.2100256140685998, "f48": -0.41881835563513264, "f49": 0.4611846649674228, "f5": 1.4091727974824604, "f50": -0.19029872460187072, "f51": -2.0351352996242036, "f52": -0.3067096166121478, "f53": -1.3146722820838594, "f54": 0.14779775698627476, "f55": 2.8749841975832924, "f6": 2.1896839997004784, "f7": -1.4581536180987609, "f8": -0.038831593559685344, "f9": -1.8137646481861085}, "datetime": {"datetime": "2023-02-03 19:32:02", "elapsed": 4539.175302, "delta": 59.625586}}
{"target": 0.6977100251061024, "params": {"f0": 0.3106919291202279, "f1": 0.20547161021179797, "f10": 0.035550210098195555, "f11": 0.28432777891205085, "f12": -1.4445349622239794, "f13": -1.3379068106227217, "f14": -0.8006171606599384, "f15": -0.8055137715358711, "f16": 1.1571960983674936, "f17": 0.585662750809772, "f18": -3.00397807963047, "f19": -0.057943427916847305, "f2": 0.746756501603087, "f20": 1.968635540821654, "f21": 0.08596189546108289, "f22": -1.608514488195282, "f23": 0.7763124705396119, "f24": -0.7056267813237207, "f25": -0.6568794759184572, "f26": 0.19632292336998478, "f27": -0.4912374862032485, "f28": 1.1008334249722858, "f29": 3.0048193015475473, "f3": 3.0327132287935354, "f30": 0.6987163772746057, "f31": 1.3867832011276497, "f32": 0.08984779302370179, "f33": -0.05969745985146535, "f34": -0.8801323423051743, "f35": 0.4325640668202305, "f36": -1.419076678783167, "f37": 0.43278478786514807, "f38": -0.17952049356806643, "f39": -0.9636577509013271, "f4": 2.474257549005136, "f40": 0.5865592490130931, "f41": -1.595681304632046, "f42": -1.1316459546776865, "f43": 1.3023595855613421, "f44": 0.38235857342985086, "f45": 0.8780261180505958, "f46": -0.41029402593222414, "f47": 0.127891387417588, "f48": -0.9305633686161973, "f49": 0.5299679844580784, "f5": 1.819838543132033, "f50": -0.18521547618540798, "f51": -1.648334767430026, "f52": -0.5513548900461165, "f53": -0.9581761877507495, "f54": -0.0485721227525749, "f55": 2.8148132579991665, "f6": 2.316224146886157, "f7": -1.4279356910180858, "f8": -0.041496196420961244, "f9": -1.7632282563794575}, "datetime": {"datetime": "2023-02-03 19:32:07", "elapsed": 4544.026789, "delta": 4.851487}}
{"target": 0.2423849178713786, "params": {"f0": -0.17489129538052706, "f1": 0.5075307814008702, "f10": -0.043423171227892764, "f11": -0.2752893916684567, "f12": -1.0091079471788984, "f13": -1.4218486141683735, "f14": -0.701927222615621, "f15": -0.9738868571996039, "f16": -0.34777605709975173, "f17": 1.3658212245862311, "f18": -2.2015000462629426, "f19": 0.06340536260893509, "f2": -0.2268315665772043, "f20": 1.8274231450141896, "f21": 0.3270448710618603, "f22": -2.769668411212715, "f23": 0.6607299507963004, "f24": -0.4862087244108787, "f25": 0.03835467926064237, "f26": 0.6284395482110663, "f27": 0.27342273577488563, "f28": 1.779541256500656, "f29": 2.876343208971554, "f3": 3.0007282126062056, "f30": 0.31962521256894466, "f31": 2.0475114949957405, "f32": 0.7701882062989236, "f33": 0.1714591227642002, "f34": -0.9668446536214294, "f35": 0.08725857246773755, "f36": -0.5334034949767934, "f37": -0.2804967292043245, "f38": -0.37125603468185103, "f39": -0.8726471418195663, "f4": 1.8065498175237076, "f40": 0.8675541385787897, "f41": -1.5392430117623086, "f42": -0.5950807897209774, "f43": 1.9872738501482512, "f44": 0.6084378469943162, "f45": 1.3155569350929104, "f46": -0.6882104460660068, "f47": -0.12894208402358684, "f48": -1.6504408048704255, "f49": 0.00776777956598237, "f5": 0.27680102545274726, "f50": -0.3029367085282895, "f51": -1.5496735719412302, "f52": -0.8108155749033581, "f53": -1.2613321605157473, "f54": 0.03853141794626403, "f55": 2.046782458165665, "f6": 1.1401361048510525, "f7": -1.1897380181177422, "f8": 0.42268394713897417, "f9": -1.2569223561345633}, "datetime": {"datetime": "2023-02-03 19:33:05", "elapsed": 4602.683482, "delta": 58.656693}}
{"target": 0.6977100251061024, "params": {"f0": 0.2783862796305853, "f1": 0.06398657824751544, "f10": 0.038072814437631275, "f11": 0.22103384528412162, "f12": -1.5911475877608456, "f13": -1.0373869434469818, "f14": -1.0440381749925778, "f15": -0.7887814119352516, "f16": 0.9787115649215488, "f17": 0.4490670984613976, "f18": -3.00397807963047, "f19": -0.05538682452375502, "f2": 0.7645823844896582, "f20": 2.049486803058769, "f21": 0.006166541131092982, "f22": -1.453308462048413, "f23": 0.7596651350419188, "f24": -0.8189449873080669, "f25": -0.6354705131134416, "f26": 0.2960554975762212, "f27": -0.40091408546213125, "f28": 1.0345799621054899, "f29": 3.0048193015475473, "f3": 2.9851670539358284, "f30": 0.721626981779936, "f31": 1.297476964232946, "f32": 0.0644951757652493, "f33": 0.02549976694306263, "f34": -1.0106092765380024, "f35": 0.6300328469093982, "f36": -1.405889075387554, "f37": 0.4370597077535465, "f38": -0.24342857030971696, "f39": -0.8946625492514417, "f4": 2.5162990053610925, "f40": 0.6543928962178327, "f41": -1.6633753732679373, "f42": -1.1172845513909313, "f43": 1.070049761171936, "f44": 0.40629633138080073, "f45": 0.8160186606074522, "f46": -0.4272559834848245, "f47": -0.0731911269934825, "f48": -0.7068295345109489, "f49": 0.35822538878640664, "f5": 1.7820066019468155, "f50": -0.1564966856823672, "f51": -1.7359003307739906, "f52": -0.5385566223411559, "f53": -1.1524965164800036, "f54": 0.13354804246288882, "f55": 2.841610587950169, "f6": 2.298866557517264, "f7": -1.445697946409868, "f8": -0.017699141540455612, "f9": -1.719096626930257}, "datetime": {"datetime": "2023-02-03 19:33:08", "elapsed": 4604.9388, "delta": 2.255318}}
{"target": 0.001046423527780973, "params": {"f0": 1.0111980195783492, "f1": -0.6626869172385302, "f10": -1.2397559098045583, "f11": 0.5818037029396594, "f12": -0.5474482281206501, "f13": -0.7841984706255523, "f14": -2.6077433029798334, "f15": -1.424394615187929, "f16": 0.8868146483004243, "f17": 0.9787885641059573, "f18": -2.7014191155619143, "f19": -1.0065073535584883, "f2": 1.9321570271303043, "f20": 2.4815105947617244, "f21": 1.2433219386836893, "f22": -0.8153773947354424, "f23": -0.13388524555470993, "f24": -2.1729011179284177, "f25": -0.6546565683710899, "f26": -0.7561444954215083, "f27": -1.3150304038267866, "f28": 0.328825803450442, "f29": 2.743673384246898, "f3": 1.8959415375622957, "f30": 1.8375316747404646, "f31": 1.2119603500546963, "f32": 0.25445348910239174, "f33": -0.4023336737395027, "f34": 0.23208337204667062, "f35": 1.6850844605586501, "f36": -0.1333889274767639, "f37": 0.3004910074478959, "f38": -1.097735305075396, "f39": -1.4531960864354325, "f4": 2.498282483309599, "f40": 1.3604185966480116, "f41": -1.5071261081919085, "f42": -1.075224380994241, "f43": 1.3239329903887147, "f44": 1.0072137198424156, "f45": 0.20345157287325122, "f46": -1.3062841447732008, "f47": 0.10344344290121588, "f48": -2.1827397358305607, "f49": 1.358624709222969, "f5": 1.9940704684493045, "f50": -0.37223032297772574, "f51": -1.1697560550452757, "f52": 0.9445527515779415, "f53": 0.12626071579788745, "f54": -0.2701674891329474, "f55": 2.9801313759348282, "f6": 1.9616396315191693, "f7": -2.03180567864153, "f8": -0.13521845469346894, "f9": -0.23971555261749744}, "datetime": {"datetime": "2023-02-03 19:33:52", "elapsed": 4649.661197, "delta": 44.722397}}
{"target": 0.34465657601035077, "params": {"f0": 0.5382866994309576, "f1": -0.8724268629584608, "f10": 0.8843131102621455, "f11": 0.6025137875910895, "f12": -0.2420506916483487, "f13": -0.575823603130766, "f14": -1.0868862861969921, "f15": -0.05146533963003419, "f16": 0.9246796637705871, "f17": 1.1194306205646902, "f18": -1.1781612049306776, "f19": -0.643789777005293, "f2": -0.38973304046670953, "f20": 1.8970228062139425, "f21": 0.6240643726029778, "f22": -1.3642312443017641, "f23": 0.2064775851896924, "f24": 0.3413440131589489, "f25": 0.14681814114370484, "f26": 0.46038313460682967, "f27": -0.9111537603170329, "f28": 0.48458598049620705, "f29": 2.484331161270096, "f3": 2.8350563197140293, "f30": -0.3709815938898009, "f31": 1.6140811530596477, "f32": 1.099422907742089, "f33": 0.47930399823874237, "f34": 0.32976006289740845, "f35": -0.02691514634961889, "f36": -0.15163699945262854, "f37": -0.6066700159403503, "f38": 0.3873760744244854, "f39": -1.36896351070961, "f4": 2.627930608199872, "f40": 1.0122044812335607, "f41": -3.0011009162186446, "f42": -2.753494361434943, "f43": 1.1509866451603568, "f44": -0.3109719442006771, "f45": 0.4844544463317698, "f46": -1.084263391696775, "f47": -0.21910054758923314, "f48": -0.9817639934251103, "f49": 0.06387993627086319, "f5": 2.009588229390947, "f50": -1.198659932651751, "f51": -2.082642821221896, "f52": 0.010941581890287155, "f53": -1.0908368961085722, "f54": -0.8276628091207121, "f55": 1.6324350522663855, "f6": 0.6418725402996369, "f7": -2.742205005593413, "f8": 0.5970584503277676, "f9": -2.604981397590445}, "datetime": {"datetime": "2023-02-03 19:34:52", "elapsed": 4709.471781, "delta": 59.810584}}
{"target": 0.6977100251061024, "params": {"f0": 0.291009067154808, "f1": 0.14767723842657995, "f10": 0.14548087289388945, "f11": 0.05023113145212487, "f12": -1.4855003079201692, "f13": -1.3119561398656037, "f14": -0.9782336198543593, "f15": -0.9088893575290853, "f16": 0.9365974731323535, "f17": 0.7554781758899057, "f18": -3.00397807963047, "f19": -0.07335553087797309, "f2": 0.8349976634334652, "f20": 1.8702879458100938, "f21": -0.014432762926853946, "f22": -1.582732168219341, "f23": 0.9718133332653726, "f24": -0.9698588824835281, "f25": -0.5956202568450459, "f26": 0.344058510662, "f27": -0.5957452124633527, "f28": 1.069757424337093, "f29": 3.0048193015475473, "f3": 2.9274836914697278, "f30": 0.835633813673473, "f31": 1.241779714685727, "f32": 0.05997667835791764, "f33": -0.05853175319790886, "f34": -0.9285777178125507, "f35": 0.4383593294919492, "f36": -1.5361747418221312, "f37": 0.5428021311754918, "f38": -0.23669141894523174, "f39": -1.1031400531991857, "f4": 2.5336181188491658, "f40": 0.6511424740434755, "f41": -1.6466521475586717, "f42": -1.1239107971518403, "f43": 1.184982290416159, "f44": 0.2710634604405267, "f45": 0.9519502915480752, "f46": -0.3787647619147123, "f47": -0.05699720258507668, "f48": -0.7082805211719091, "f49": 0.5831412601160519, "f5": 1.6190992991533177, "f50": -0.16666345240818817, "f51": -1.7108183299039406, "f52": -0.30808594917835336, "f53": -0.96447768715831, "f54": -0.08530953000647837, "f55": 2.873742593392794, "f6": 2.285111917182686, "f7": -1.2626425213903005, "f8": -0.019369478965287994, "f9": -1.8088731512169782}, "datetime": {"datetime": "2023-02-03 19:34:55", "elapsed": 4712.275933, "delta": 2.804152}}
{"target": 0.29796988174987443, "params": {"f0": 1.418954455035228, "f1": -1.2165697231084889, "f10": 0.7453634520909294, "f11": 0.820760340328281, "f12": -0.894871804043436, "f13": -2.0878210848833545, "f14": -1.5828570442720171, "f15": 0.142519799399897, "f16": 1.207895377555823, "f17": -0.02456214634811782, "f18": -2.0457680962898253, "f19": 0.8525728709632341, "f2": -0.8385429952571363, "f20": 2.608881911230867, "f21": 0.9100334486333108, "f22": -2.099132340475147, "f23": 2.489054255803472, "f24": 0.6304167179370324, "f25": 0.06008899631245157, "f26": -0.6585373327655529, "f27": 0.986969494162421, "f28": 1.4700886267307673, "f29": 2.7234350511892993, "f3": 1.075242032174622, "f30": 0.41877249256837024, "f31": 0.9659189720783747, "f32": -0.506344426892696, "f33": 1.4424405254919246, "f34": -0.07994499923760667, "f35": 0.16335501652895856, "f36": -0.865554673125581, "f37": -0.023927007366799646, "f38": 0.46015844753927526, "f39": -2.157754952715477, "f4": 0.11814112508043051, "f40": 0.4469395651293864, "f41": -1.3979101838235752, "f42": 0.07834651097067713, "f43": 1.2746128498743754, "f44": 1.1980219633711102, "f45": 1.842290936867763, "f46": -0.5915444071353122, "f47": 0.7749121809453134, "f48": -0.13926560661227683, "f49": 1.4693295486960667, "f5": 1.6047011165131535, "f50": -0.0654336025126454, "f51": -2.268480708122307, "f52": -0.4570753657330602, "f53": -1.1477344170375725, "f54": -0.08460389409213387, "f55": 2.379682288328601, "f6": 2.314324676580711, "f7": -0.8813289660178625, "f8": -1.2323469263977662, "f9": -2.0971787997774034}, "datetime": {"datetime": "2023-02-03 19:35:49", "elapsed": 4766.348411, "delta": 54.072478}}
{"target": 0.2408379658245108, "params": {"f0": -0.01462311298568486, "f1": 0.4782840948879281, "f10": -1.4510227916709368, "f11": 0.8208173580044673, "f12": -2.9904347361613093, "f13": -1.3730024177356075, "f14": -0.6483333384598224, "f15": -0.49142301544599354, "f16": -0.8523430958356137, "f17": -0.8419916475160734, "f18": -2.1228322761058545, "f19": 0.16142261530801805, "f2": 0.7618102308172239, "f20": 0.5624253509477428, "f21": -0.41726350044216587, "f22": -1.1236005297447194, "f23": 1.9236903964404215, "f24": -1.5008973146889195, "f25": -0.6436832199502254, "f26": 0.3764404112827191, "f27": -0.15678231862144631, "f28": 0.7991948126716897, "f29": 2.4548511282806995, "f3": 2.271720198104852, "f30": 0.07101771212467689, "f31": 1.6220735539558828, "f32": 0.3140878473389146, "f33": 0.9599285417881422, "f34": -0.37260455202113896, "f35": 0.5494334067699, "f36": 0.7361634781056248, "f37": 0.3926641717525312, "f38": -0.2632993154600378, "f39": -1.2895497893684764, "f4": 1.6337612422101053, "f40": 1.6237911679502406, "f41": -2.910568268170775, "f42": -1.8050671719272406, "f43": 2.0774886105871246, "f44": 1.5229246504789864, "f45": 0.45066392210661776, "f46": -0.25798580339629207, "f47": 1.0864517935938849, "f48": -1.541749726588144, "f49": -1.0053721124488655, "f5": 3.013597984756903, "f50": 0.6153758618818295, "f51": -0.5325792016267643, "f52": -0.9069092325205645, "f53": 0.08900014226473418, "f54": 1.547716865313689, "f55": 2.77975094566862, "f6": 0.14244898105692205, "f7": 0.6989555863554999, "f8": 0.023019793058919102, "f9": -1.9840134519029835}, "datetime": {"datetime": "2023-02-03 19:36:19", "elapsed": 4795.966361, "delta": 29.61795}}
{"target": 0.3208262509150779, "params": {"f0": 1.2920195044317628, "f1": 1.091865500616761, "f10": -0.12810291565043164, "f11": 1.344195002956267, "f12": -1.4216577401505002, "f13": -2.7011229967390666, "f14": -1.601866214265936, "f15": -0.4608799077634642, "f16": -0.2651795876488189, "f17": 2.2319171373064695, "f18": -2.2754718159300364, "f19": 0.42213484631598774, "f2": 0.9497570395463586, "f20": 1.039571029707965, "f21": 0.11710299049421735, "f22": -0.06059158355327732, "f23": 1.2308821860706975, "f24": -0.916833594874654, "f25": -1.756301200413921, "f26": 0.46254073475896407, "f27": -1.1368060789235857, "f28": 1.9376337077256078, "f29": 1.710991922842419, "f3": 1.8883917938330546, "f30": 1.8669327109711866, "f31": 1.6074553495611272, "f32": 0.2818138569586177, "f33": -0.9795104491430676, "f34": -2.386502137626798, "f35": 0.73637753931558, "f36": -1.8940864178865677, "f37": 0.16521470699913565, "f38": -0.9783350190829375, "f39": -1.5333172749319954, "f4": 0.8509599737055267, "f40": 0.1307685669127021, "f41": -0.7466376358341384, "f42": 0.29985161756553147, "f43": 1.425700171362866, "f44": -0.6328303934279152, "f45": 1.969464392604457, "f46": -1.791871955556061, "f47": -0.556096382756424, "f48": -0.779548252646791, "f49": -0.21367459417619017, "f5": 1.7920000027484946, "f50": -0.18300177703441456, "f51": -2.2041364677263706, "f52": -0.865364465667608, "f53": -1.6757400083043592, "f54": 0.2597277832002458, "f55": 0.3925295894795382, "f6": 1.8868936485152388, "f7": -0.8960179018513861, "f8": -0.5374760791091161, "f9": -0.987442599656351}, "datetime": {"datetime": "2023-02-03 19:37:13", "elapsed": 4850.326258, "delta": 54.359897}}
