{"target": 0.4097404835114393, "params": {"f0": 0.9409434083919667, "f1": 1.068027461319033, "f10": -0.08832106122602268, "f11": 0.4110456788488126, "f12": -1.4575556333028616, "f13": -0.707305486847913, "f14": -0.5815445319491601, "f15": -0.43388550541576154, "f16": 0.3995479192280504, "f17": 0.02711141139254425, "f18": -2.3953401335907563, "f19": 0.11340886306489706, "f2": 0.4343335397021412, "f20": 1.116240588009831, "f21": 0.16823794557999938, "f22": -2.18195780774341, "f23": -0.1565838100547602, "f24": -0.6450097912292057, "f25": -0.450245931745191, "f26": -0.09891597367103333, "f27": 0.6024169171235869, "f28": 1.176731391710328, "f29": 2.327967042894958, "f3": 2.089780484068778, "f30": 0.20694933650673353, "f31": 0.686032408609385, "f32": -0.7705520772759329, "f33": 0.4320933152776968, "f34": -1.7066510666996315, "f35": 0.3708170741685908, "f36": -0.2993480259100134, "f37": -0.5162950998866952, "f38": -0.42989858849758544, "f39": -0.4325339755715636, "f4": 1.8723262560481482, "f40": 1.4729835333423256, "f41": -2.0345944420377204, "f42": -1.390050093439558, "f43": 1.6940245078589513, "f44": 0.4892705859969009, "f45": 1.468603440479092, "f46": -1.0018241648810395, "f47": -0.5374945362654577, "f48": -1.579939851044662, "f49": 0.07591577033509289, "f5": 1.6266770863130564, "f50": -0.08790639701872549, "f51": -1.4687464784672666, "f52": -1.471432104788066, "f53": -1.8576002112016772, "f54": -0.6731902260285421, "f55": 2.1444966026699226, "f6": 0.8225771468565453, "f7": -1.6454267648934902, "f8": -0.5944042634027878, "f9": -0.8037484367544314}, "datetime": {"datetime": "2023-02-03 20:58:31", "elapsed": 9728.462149, "delta": 31.416093}}
{"target": 0.30698241096912976, "params": {"f0": 0.11678468992132018, "f1": 0.07388776596429347, "f10": 0.6095276493377918, "f11": -0.30981691783202175, "f12": -1.621943847119497, "f13": -0.550227984722774, "f14": -1.3153541467741567, "f15": -0.17663882947039755, "f16": 0.8981050787201681, "f17": 0.6639334642038295, "f18": -1.5046881820796514, "f19": 0.08106441092750627, "f2": 0.3524819639717061, "f20": 2.484989968458565, "f21": 0.0004925554132451104, "f22": -2.696614752623564, "f23": 0.654984988830138, "f24": -1.147091619929749, "f25": 0.19867079521500108, "f26": 0.87180736658625, "f27": 0.24429214894819795, "f28": 0.29962921723261193, "f29": 1.661950726032751, "f3": 1.2535818267954426, "f30": 0.3910182415897566, "f31": 1.2975106815076989, "f32": 0.012704069285878972, "f33": 0.2064510212961167, "f34": -1.2127927164056804, "f35": 0.45574550961146887, "f36": -1.598372618992723, "f37": 0.7106189536742101, "f38": -0.7934061893146567, "f39": -0.7097707630177006, "f4": 2.2714661586838103, "f40": 0.26988641925485757, "f41": -1.3226100285582802, "f42": -1.0932649757817956, "f43": 1.618290220245957, "f44": -0.01109738145839645, "f45": 0.30796156991184803, "f46": 0.1544967955743819, "f47": 0.27810686615149294, "f48": -0.297388421032619, "f49": 0.5322411139314464, "f5": 1.4550759060905303, "f50": -0.41010339384598893, "f51": -1.8772768438514804, "f52": -0.12556415132952892, "f53": -1.3899668570650143, "f54": -0.3659879867577051, "f55": 2.4217240840395307, "f6": 0.8819743508659683, "f7": -1.1481476320255715, "f8": -0.2955293829367508, "f9": -1.6753111143989585}, "datetime": {"datetime": "2023-02-03 20:59:18", "elapsed": 9775.080796, "delta": 46.618647}}
{"target": 0.11718520521664615, "params": {"f0": 0.141968519460691, "f1": -0.4153528940525845, "f10": -0.01464610243031328, "f11": 0.4578794160595896, "f12": -1.8092505157023084, "f13": -1.1523365459013892, "f14": -0.9861924016618213, "f15": 0.2601789052965282, "f16": 0.623603368251438, "f17": -0.21373374882037174, "f18": -1.292407689307932, "f19": 0.06384990693919024, "f2": 1.2110637731775298, "f20": 0.919266543489565, "f21": 0.08837994063327659, "f22": -0.9059560170519494, "f23": 0.8517028307713279, "f24": -0.08358715489590018, "f25": -0.6394968788444598, "f26": 0.6717196130509919, "f27": -1.144292430200303, "f28": 1.7904298564933108, "f29": 2.9722119110441385, "f3": 2.68345809634139, "f30": 1.1014973245100619, "f31": 0.3684769091592703, "f32": 0.11493585074854384, "f33": 0.11252011899967906, "f34": -0.6229379531626635, "f35": 1.0202669502178314, "f36": -2.4930594239612405, "f37": -0.337830460813195, "f38": 0.5101509014621937, "f39": -0.8348082759011191, "f4": 2.719717755208192, "f40": 1.1631267881361318, "f41": -1.9933259984843208, "f42": -1.6903637987281521, "f43": 1.2838840528394329, "f44": 0.6041034916603245, "f45": 1.0131657270509768, "f46": -0.13248830260468103, "f47": -0.2871082367257807, "f48": -0.4492090077365245, "f49": 1.1843490039693365, "f5": 1.9673621808898702, "f50": -0.36454070715443854, "f51": -0.6327897349152267, "f52": -0.5384633253214988, "f53": -0.018599875642463015, "f54": -0.12942523342973755, "f55": 2.305362406544837, "f6": 2.4008822252663196, "f7": -0.4526721360630104, "f8": 0.8113995592567799, "f9": -0.248407626226812}, "datetime": {"datetime": "2023-02-03 20:59:48", "elapsed": 9805.634204, "delta": 30.553408}}
{"target": 0.40797533179301876, "params": {"f0": 0.9337496157963184, "f1": 0.11642769745611226, "f10": -0.009166305330117197, "f11": 0.4355213941777778, "f12": -1.4356737684870122, "f13": -1.2765940384875316, "f14": -0.38668406397177035, "f15": -1.5661831512041917, "f16": 1.876703086613512, "f17": -0.4427429095904947, "f18": -2.5980637288559403, "f19": 0.21691127478081373, "f2": 0.8269927615931627, "f20": 2.5519531670155695, "f21": -0.8141498058929372, "f22": -2.3936500654808732, "f23": 0.844725147443881, "f24": -1.635988090906899, "f25": -1.3726011461435468, "f26": -0.28898733749419336, "f27": 0.0897462448537345, "f28": -0.16949842640518437, "f29": 2.570978309368701, "f3": 2.5367374958809163, "f30": -0.00566328833996399, "f31": 2.5435273110166476, "f32": -0.6417222636501689, "f33": -0.48087863088066773, "f34": -1.40969350310617, "f35": 0.8391785322589024, "f36": -1.2253806775987037, "f37": 0.033492152332147085, "f38": -0.1285428082659561, "f39": 0.11523133034966793, "f4": 2.6422862315381908, "f40": 0.987641695437143, "f41": -2.310733468518534, "f42": -1.3529362757755288, "f43": 0.6968500050141513, "f44": -0.2880729125854207, "f45": 1.2233716455218422, "f46": 0.30065858734850703, "f47": -0.7205990538517533, "f48": -0.5000729428135715, "f49": 0.44843713889467607, "f5": 1.5404745202671322, "f50": 0.6356929423560205, "f51": -1.243757413363767, "f52": -0.21939937475757798, "f53": -0.9835531088551062, "f54": -0.6692916793177749, "f55": 1.929885345013753, "f6": 1.2403490436359632, "f7": -1.4502860137278044, "f8": -0.031398478919022144, "f9": -0.3888186168648655}, "datetime": {"datetime": "2023-02-03 21:00:55", "elapsed": 9872.06897, "delta": 66.434766}}
{"target": 0.3507337740680993, "params": {"f0": 0.0729373403424115, "f1": 0.7624216675780179, "f10": -0.2130059168526407, "f11": -0.11589223899696022, "f12": -2.6783753963525427, "f13": -0.948134676186466, "f14": -1.134334857648079, "f15": -0.8312539663085177, "f16": 2.0557207899171517, "f17": 0.8471752508782162, "f18": -1.5459937019630796, "f19": -0.4335740460944787, "f2": 0.4184837766898024, "f20": 2.897403871670337, "f21": -0.7362318247231037, "f22": -1.3531037379547926, "f23": 1.4549190154323028, "f24": -0.47052858529653263, "f25": -0.6673319998416035, "f26": 1.0780400220045177, "f27": 0.2910825971862443, "f28": 1.615112249437435, "f29": 2.8079816614201993, "f3": 2.5437285834786065, "f30": 0.970741611049734, "f31": 1.496925490939399, "f32": -0.10230451839217503, "f33": -0.28025563165419565, "f34": -0.8019593000987029, "f35": 1.4811952630322165, "f36": -0.4504959298805611, "f37": -0.16561397842210246, "f38": -0.8206754716969067, "f39": -1.2033617752689274, "f4": 2.4621055869953437, "f40": 0.7123722754858983, "f41": -1.3416811299381628, "f42": -0.24408574742240763, "f43": 0.6971442588445024, "f44": -0.06159584195527368, "f45": 0.03760593320962918, "f46": -0.6088942952682636, "f47": 0.4999137511429874, "f48": -0.34765201209782126, "f49": 0.4429428449491085, "f5": 1.8058746633295895, "f50": -0.009270514695583598, "f51": -2.4194218020612714, "f52": -1.0797730407109802, "f53": -0.7621139339930001, "f54": 0.9908255595263012, "f55": 2.2043853941223532, "f6": 2.0567022863471673, "f7": -2.0028953229677735, "f8": 0.6591303703949033, "f9": -2.048294381430481}, "datetime": {"datetime": "2023-02-03 21:01:41", "elapsed": 9918.739882, "delta": 46.670912}}
{"target": 0.49099581749761617, "params": {"f0": 0.20313140420215703, "f1": 0.5088031072002185, "f10": 0.2186594181402587, "f11": 0.5586512143509916, "f12": -2.935811101795258, "f13": -1.135350530934773, "f14": -0.5723669784399399, "f15": -0.555433492091409, "f16": 0.9634622630031451, "f17": 0.3075693097015576, "f18": -2.6379603756637318, "f19": -0.8264808798803609, "f2": 0.5984300749154249, "f20": 2.689067583788269, "f21": -0.558190285306812, "f22": -0.25949276814942746, "f23": 1.0196137192348944, "f24": -0.484469708916778, "f25": -0.10338899225514919, "f26": 0.6519460513971334, "f27": -0.5442508328144303, "f28": 0.9896336256402221, "f29": 2.703945982484107, "f3": 2.009987234954363, "f30": 1.3509821772359878, "f31": 0.43137735594306037, "f32": 0.3379276678792674, "f33": 0.025896975335715, "f34": -1.5721812957465737, "f35": 0.871243379156932, "f36": 0.07239115733360846, "f37": 1.35598345080539, "f38": -0.3146297850913444, "f39": -1.0521782658998093, "f4": 2.851069456677725, "f40": 0.29123614593430164, "f41": -1.3528320693107183, "f42": -1.8062591485729658, "f43": 0.49386092715621843, "f44": 0.07326177507111697, "f45": 1.5203136310601022, "f46": 0.21293557760298087, "f47": 0.13875797850151828, "f48": -0.4831898831167929, "f49": -0.38576970848371417, "f5": 2.8008634847841067, "f50": -1.045927332302984, "f51": -1.8852040553872997, "f52": -0.1322921667244794, "f53": -1.5557638285355073, "f54": 0.11738800181825504, "f55": 2.0288161574522983, "f6": 3.003281265892837, "f7": -1.5737662672742427, "f8": 0.476144293520116, "f9": -2.4118245117115515}, "datetime": {"datetime": "2023-02-03 21:02:13", "elapsed": 9950.01944, "delta": 31.279558}}
{"target": 0.145011587952768, "params": {"f0": 0.09845218358743235, "f1": -0.6167705740641941, "f10": 0.17620472658080666, "f11": 0.060893010341110054, "f12": -2.509532364129152, "f13": -1.7626083108049682, "f14": -1.3317447601921995, "f15": -0.23603767357996785, "f16": 1.8455718156600185, "f17": -0.09514582237510127, "f18": -2.7230309671308617, "f19": -0.8832675670956326, "f2": 1.9524139573190866, "f20": 1.5775576904528354, "f21": -0.19030530535352652, "f22": -2.2676733524539974, "f23": -0.31926849489813885, "f24": 0.03352385677016945, "f25": -0.996683970376641, "f26": -0.27262451723657183, "f27": -1.2735174044647994, "f28": 1.4191262766531187, "f29": 2.6573338878877597, "f3": 1.8973248169000576, "f30": -0.10743443394514435, "f31": 1.1070083500808714, "f32": 0.502581981680244, "f33": 0.24694166233706027, "f34": -0.01210790704284248, "f35": 0.7552706601521592, "f36": -2.486636880702555, "f37": 0.8469466098982371, "f38": 0.1320028562247635, "f39": -1.1954440497490872, "f4": 2.680702173110088, "f40": 1.2968132579961924, "f41": -1.4240096813719374, "f42": -0.5162948529105447, "f43": 1.366172680257689, "f44": -0.6785975006150499, "f45": 1.224841893341577, "f46": -0.4280497704103038, "f47": 0.6764399404850225, "f48": -0.5635601777906847, "f49": 1.0275983382572313, "f5": 1.6638847700282406, "f50": -0.6965470895654721, "f51": -1.2663829352999165, "f52": -0.7855999230467164, "f53": -0.500325887303223, "f54": 0.11341172827665524, "f55": 2.9426784264750063, "f6": 2.636178242671522, "f7": -0.7417099935417295, "f8": -0.4284826020184264, "f9": -1.9189346543399977}, "datetime": {"datetime": "2023-02-03 21:02:44", "elapsed": 9981.101799, "delta": 31.082359}}
{"target": 0.14507825854150835, "params": {"f0": 0.353814885634095, "f1": 0.11656973270993898, "f10": -0.4558278293940462, "f11": -0.5027968297395669, "f12": -1.5906500276473912, "f13": -1.7170067263966662, "f14": -0.7108731992617834, "f15": -0.6492868023819514, "f16": 0.9805533863373047, "f17": 1.5725673003426919, "f18": -2.387268176624831, "f19": -0.23065810086872796, "f2": -0.147863904916048, "f20": 1.302513985125393, "f21": 0.03450703417054135, "f22": -0.7441106135949611, "f23": 0.7063228387099052, "f24": -0.25882941719492036, "f25": -0.947888974008568, "f26": 0.5618885259976625, "f27": 0.13530218910231406, "f28": 1.1525257358234229, "f29": 2.6887782051399487, "f3": 2.0029380843539046, "f30": 0.37754806777393, "f31": 1.2675296869139263, "f32": 0.10928015724618356, "f33": -0.28278286576623335, "f34": -1.3193860293468322, "f35": 1.4244188449721291, "f36": -1.3390680214435935, "f37": 0.2831364966419013, "f38": -0.5948388970646508, "f39": -1.324631135353311, "f4": 2.7207658855313683, "f40": 0.6651362330601565, "f41": 0.25131253617099913, "f42": -1.1789011370292894, "f43": 0.5961954052784281, "f44": -0.2864713213722914, "f45": 1.193065190184145, "f46": -0.44102723457029824, "f47": 0.5468166358695106, "f48": -1.4554947701568963, "f49": -0.034136992715465275, "f5": 0.9523160054955538, "f50": -0.09645380880785237, "f51": -2.503557212214071, "f52": -0.6260517935300954, "f53": -0.26136464537772053, "f54": 0.07626077145212884, "f55": 2.97355896336388, "f6": 0.591665283057827, "f7": -1.0595018145593291, "f8": -0.3491534815466464, "f9": -2.12809745424206}, "datetime": {"datetime": "2023-02-03 21:02:58", "elapsed": 9995.26036, "delta": 14.158561}}
{"target": 0.6977100251061024, "params": {"f0": 0.28338816052563626, "f1": 0.0999855992668725, "f10": 0.0977640999076323, "f11": 0.22662638967577098, "f12": -1.5964319998030927, "f13": -1.2639517205185764, "f14": -0.9452800982242575, "f15": -0.8431505477754815, "f16": 1.0311713569364223, "f17": 0.553707242666353, "f18": -3.00397807963047, "f19": -0.05048208568517976, "f2": 0.8696735496787341, "f20": 1.9358417958659964, "f21": 0.01521219962628725, "f22": -1.5215124210756124, "f23": 0.8231254761332016, "f24": -0.8473567506434637, "f25": -0.6023734996457398, "f26": 0.26932365362273414, "f27": -0.5095021384487809, "f28": 1.0448070552187327, "f29": 2.593965382824334, "f3": 2.9281837511699904, "f30": 0.715405076727378, "f31": 1.3074667654151397, "f32": 0.0568923539362566, "f33": -0.040428609447936255, "f34": -0.9510196235481375, "f35": 0.5209788911353476, "f36": -1.5006597065085996, "f37": 0.5018922413509169, "f38": -0.21004844150337182, "f39": -0.9456036508311645, "f4": 2.4944044865267334, "f40": 0.5973465397678763, "f41": -1.5878302207926518, "f42": -1.1287699623112721, "f43": 1.1704049703835264, "f44": 0.3010355278336501, "f45": 0.8653482523015263, "f46": -0.3999543930952182, "f47": -0.027930546154909495, "f48": -0.7574706422862528, "f49": 0.5181728552531842, "f5": 1.7210439825331372, "f50": -0.2037439838886822, "f51": -1.7736985076565976, "f52": -0.43268764168664503, "f53": -1.0895755512673884, "f54": 0.032824022066241305, "f55": 2.8761675658542862, "f6": 2.2690080066394898, "f7": -1.3634771501048752, "f8": -0.03228894714886132, "f9": -1.7639541209010634}, "datetime": {"datetime": "2023-02-03 21:03:00", "elapsed": 9997.170901, "delta": 1.910541}}
{"target": 0.30308160482684143, "params": {"f0": 0.8149166114417908, "f1": 0.20926383103133672, "f10": 0.7419697028689395, "f11": -0.46215290950144006, "f12": -2.5831884429985705, "f13": -1.3607690649001047, "f14": -1.1440508659810937, "f15": -0.6715837988496451, "f16": 0.03835072429417108, "f17": 1.1238363023073497, "f18": -1.6097441982007907, "f19": 0.6176929888676028, "f2": 0.24372867626168504, "f20": 2.6918489349721826, "f21": 0.04554570389620349, "f22": -1.9211146122345635, "f23": -0.4255996016544133, "f24": -1.620477513971005, "f25": -0.5580403323141776, "f26": -0.15299935864321967, "f27": 0.05537485962799926, "f28": 0.8988354322182217, "f29": 2.030367683407478, "f3": 2.4145102319945195, "f30": 0.48115221535439967, "f31": 1.961683527054845, "f32": -0.39948520190799885, "f33": -0.5727554684048031, "f34": -0.7904794035349081, "f35": 0.3787607136597132, "f36": -2.967621411148203, "f37": -0.1228859406062437, "f38": 0.14000066434344371, "f39": -0.79893716079327, "f4": 2.823635854732814, "f40": 0.20653493405770806, "f41": -1.876178486230755, "f42": -1.0183003055542181, "f43": 1.8081927426368776, "f44": 0.16204428025889883, "f45": 0.08811530394330269, "f46": -0.9899308905245239, "f47": 0.1272200325234516, "f48": -1.3539254584758413, "f49": 1.187420829187423, "f5": 0.5770301903897916, "f50": 0.3501002665035928, "f51": -2.6327573065545993, "f52": -0.5440220157650351, "f53": -0.2667389291784916, "f54": -0.07436815068325531, "f55": 2.6010854121820337, "f6": 1.682098105848266, "f7": -1.3657634809925303, "f8": -0.3315733669254711, "f9": -2.559551382152017}, "datetime": {"datetime": "2023-02-03 21:03:51", "elapsed": 10048.142968, "delta": 50.972067}}
{"target": 0.2632845058470031, "params": {"f0": 0.08232437771705758, "f1": 0.8306587414403367, "f10": -0.4570071626923186, "f11": -0.20583963555140272, "f12": -1.3398510423374386, "f13": -1.9475481090658509, "f14": 0.12041819225089823, "f15": 0.27697644355510276, "f16": 1.0615611176910604, "f17": 0.20764322843825966, "f18": -2.1011008457559557, "f19": -0.28505910319326977, "f2": 1.0902279622515865, "f20": 1.7825049721225634, "f21": 0.4465504955188673, "f22": -1.2174775915435567, "f23": -0.015611259288232149, "f24": -0.9897581035296674, "f25": -0.0029962946349666453, "f26": 0.8468114536440001, "f27": -0.3911829065667427, "f28": 1.8252443920425185, "f29": 2.9586803249953895, "f3": 2.726872957178279, "f30": 0.8964955699732734, "f31": 0.9234494966046183, "f32": -0.7837674862008854, "f33": -0.585298263674483, "f34": -1.7100407091935337, "f35": 0.7967629052816804, "f36": -2.4079745957942835, "f37": 0.5362848723230874, "f38": -0.14111419991047192, "f39": -0.5731955501321111, "f4": 2.421926810621421, "f40": 0.2165960529828771, "f41": -0.7607529090927447, "f42": 0.2664533636279569, "f43": 0.08462634461677043, "f44": 0.43715245841385597, "f45": 0.3728094908414494, "f46": 0.15394521219515123, "f47": 0.4361964551556843, "f48": 0.13185557567099715, "f49": 0.7365726565651322, "f5": 2.4002867983697085, "f50": 0.5951121718540866, "f51": -1.7240167322841904, "f52": -1.166249653746675, "f53": -1.1673576366415195, "f54": 0.4538248667629946, "f55": 1.6640852780799267, "f6": 2.259179168806418, "f7": -1.0972614781028467, "f8": -0.011194165941457945, "f9": -1.2857285849493056}, "datetime": {"datetime": "2023-02-03 21:04:22", "elapsed": 10078.969276, "delta": 30.826308}}
{"target": 0.4244190079555802, "params": {"f0": 0.22979896933391553, "f1": 0.18610697924963493, "f10": -0.10418339686260136, "f11": 0.8368387042969072, "f12": -2.6536277328300506, "f13": -2.9041777623701406, "f14": -1.7143327653392988, "f15": -0.06691617151944351, "f16": 0.6126259617659272, "f17": 1.1192141254474581, "f18": -2.494077116903284, "f19": -0.41779897133197774, "f2": 1.0875441524956508, "f20": 1.674500625148465, "f21": 0.511717510168, "f22": -1.4740528822856216, "f23": 1.018675852831102, "f24": -1.5705410504741422, "f25": -0.5058649294634079, "f26": -0.32421655338878075, "f27": -0.006190154742656384, "f28": 0.7025268071702528, "f29": 2.857303102703385, "f3": 1.9226850297253928, "f30": 0.7266602891941786, "f31": 1.1916215644818384, "f32": 0.05746341518882403, "f33": -0.0683942840550954, "f34": -1.8610019627233505, "f35": 0.3243786057960105, "f36": -1.066635656810131, "f37": 0.3288848173698792, "f38": 0.29059824956240754, "f39": 0.3620461810760407, "f4": 1.518642756536961, "f40": 0.05306503271421659, "f41": -1.1335989990701527, "f42": -0.7880585379982146, "f43": 1.6599024557485735, "f44": 0.672332501656671, "f45": 1.9676811093130133, "f46": -0.4152213372633524, "f47": -0.2187985350843521, "f48": -0.649685712922061, "f49": 0.7826852827701315, "f5": 2.730250651430301, "f50": -1.0091070953642174, "f51": -0.919447659597592, "f52": -1.4777523733423765, "f53": -1.783761961928044, "f54": -0.5484821712809211, "f55": 2.933769098681503, "f6": 1.6055336554262227, "f7": -0.9434588670047663, "f8": -0.09723244251694885, "f9": -1.881490768610972}, "datetime": {"datetime": "2023-02-03 21:05:15", "elapsed": 10132.417374, "delta": 53.448098}}
{"target": 0.35110391931605905, "params": {"f0": 0.4716206125579868, "f1": 0.2605014595400482, "f10": 0.4804385660607088, "f11": 0.07998716438556874, "f12": -1.867590613151752, "f13": -2.168139321007224, "f14": -1.0850677308395484, "f15": -1.1182941390460774, "f16": 0.618462472762657, "f17": 1.05702977377815, "f18": -1.6775378094038698, "f19": 0.13390024929936684, "f2": 1.1232732339311482, "f20": 2.4051023546742627, "f21": -0.22969074088866415, "f22": -1.5213376908412692, "f23": 1.062926359890141, "f24": -0.8038653863472685, "f25": -0.3129434650503635, "f26": 0.4766482777949723, "f27": 0.043830849782347636, "f28": 1.16576755411634, "f29": 2.993297081342635, "f3": 2.3959542985384408, "f30": 0.32681276272192855, "f31": 2.805585403781808, "f32": -0.5373111708962413, "f33": 0.15804939303230114, "f34": -1.0570301692705062, "f35": 0.7573244045964717, "f36": -1.7632681405753976, "f37": 0.9751465496797397, "f38": -0.1860025997467708, "f39": -0.8456836712385261, "f4": 1.022180254590861, "f40": 0.1674262589797041, "f41": -0.7471574999842296, "f42": -1.0268992923079754, "f43": 0.9583140957473528, "f44": -0.32031406647425603, "f45": 0.08862815818487585, "f46": -0.6760875562880547, "f47": 0.16335655262525117, "f48": -0.7053594890413708, "f49": 0.8048586092865727, "f5": 0.28517782346549736, "f50": -1.0397059925920242, "f51": -0.6601578414775728, "f52": -0.21886075389623505, "f53": -0.7003320153522457, "f54": -0.16535162540360449, "f55": 2.0111013140836085, "f6": 2.679112799554182, "f7": -0.21263089281088954, "f8": -0.5387089914980878, "f9": -2.1825583431266913}, "datetime": {"datetime": "2023-02-03 21:05:55", "elapsed": 10172.874554, "delta": 40.45718}}
