{"target": 0.15376543701612955, "params": {"f0": 0.7378185586470165, "f1": 0.9373043484570787, "f10": -0.531632267296332, "f11": -1.1880537923670005, "f12": -0.29604750248766853, "f13": -1.629670574905331, "f14": -2.3020631248999583, "f15": -0.20635314323799347, "f16": -0.7776993837398651, "f17": 1.6871364450265194, "f18": -1.563975759774985, "f19": -0.1680830738939405, "f2": 0.565595165244888, "f20": 1.899293567868063, "f21": -0.915107064083247, "f22": -2.4182404736342242, "f23": 0.694215712667467, "f24": -1.3659033301930061, "f25": -0.15755434910613575, "f26": 0.6165886095750543, "f27": -0.6100423252350817, "f28": -0.06913562168020415, "f29": 2.6824219249317096, "f3": 2.340344396022556, "f30": -0.19874627170815296, "f31": 1.1443580575850438, "f32": -0.18665039218987145, "f33": -0.3641691238265734, "f34": -1.9332343822183913, "f35": 0.2604278015150776, "f36": -1.2778311294234466, "f37": -1.0335220857015914, "f38": 0.6172445223127501, "f39": -0.06547262056688652, "f4": 1.8222118167605572, "f40": 0.4886405650847194, "f41": -3.0238568630355367, "f42": -1.227905344237418, "f43": 0.5539127444085715, "f44": -0.13535372462741102, "f45": 2.5977615022655693, "f46": -0.9273963407294679, "f47": 0.14194347812940444, "f48": 0.7745422924675585, "f49": -0.5710555074690904, "f5": 0.008666930674213646, "f50": -1.1170601513403962, "f51": -2.40457056031226, "f52": 0.2809941613234397, "f53": 0.45387833614983775, "f54": -0.2679779546796668, "f55": 2.3743754771443544, "f6": 1.4575195509987555, "f7": -0.3442648326520703, "f8": -0.05837163303290627, "f9": -2.255997815712742}, "datetime": {"datetime": "2023-02-03 19:54:37", "elapsed": 5894.878245, "delta": 85.336021}}
{"target": 0.056114361127083075, "params": {"f0": 1.1192212755205326, "f1": -0.35524091994031237, "f10": -0.870829731200871, "f11": -0.8149308137231404, "f12": -2.484759020555548, "f13": -2.747474470574815, "f14": -1.2426170705564576, "f15": -1.5339477970161208, "f16": 1.0624507748830085, "f17": 1.8093363188449565, "f18": -2.458330553494048, "f19": -0.7259093879524341, "f2": -0.3472995003325867, "f20": 2.4726621298788465, "f21": 0.43181231914895357, "f22": -0.5099535639355803, "f23": 0.9995407440049638, "f24": 0.7905465265446265, "f25": 0.2849698395549338, "f26": 0.54001758186462, "f27": -0.08742618691370407, "f28": 1.4328746782986999, "f29": 1.6756239004024907, "f3": 2.9541295926895654, "f30": 0.3960830195486299, "f31": 1.69359935704491, "f32": 0.6646639393738734, "f33": -0.30850996431167377, "f34": -1.4349948065800866, "f35": 0.6573535377363752, "f36": -2.4232633929082605, "f37": 1.5544253031810256, "f38": -0.20705564684813016, "f39": -1.1987321508735667, "f4": 2.267137750218293, "f40": 1.7971068506092094, "f41": -2.038558908417502, "f42": -0.22825887733954042, "f43": -0.030118262486170444, "f44": -0.4927728322300916, "f45": 0.9105487614896021, "f46": 0.7964234002766695, "f47": -1.0112854239105775, "f48": -1.1088243913518538, "f49": 1.35258791186007, "f5": -0.4105659778557721, "f50": -1.2891451196723958, "f51": -2.678297054679221, "f52": -0.4707485882484379, "f53": 0.054658147342108165, "f54": 1.0839783821114055, "f55": 2.3658048310670026, "f6": 1.826705399147969, "f7": -0.7879478690949591, "f8": -0.4761760497435761, "f9": -1.7589080476381709}, "datetime": {"datetime": "2023-02-03 19:55:58", "elapsed": 5975.083367, "delta": 80.205122}}
{"target": 0.37336533718432297, "params": {"f0": 0.40033712711774416, "f1": -0.12806490856822175, "f10": 0.16003571203116432, "f11": 0.3519181342333248, "f12": -1.519637207849824, "f13": -1.3070810305307217, "f14": -0.8417095611403616, "f15": -0.904480684893631, "f16": 1.029293603155365, "f17": 0.4716423576394359, "f18": -3.00397807963047, "f19": -0.03948177292552297, "f2": 0.7838147417808565, "f20": 1.9176374584598377, "f21": 0.09754028423154165, "f22": -1.4433515812928364, "f23": 0.8161755266385354, "f24": -0.7955730519715863, "f25": -0.5308615192456448, "f26": 0.13923569338117187, "f27": -0.6244473373479477, "f28": 0.9247112461509249, "f29": 3.0048193015475473, "f3": 3.0327132287935354, "f30": 0.5736870730233713, "f31": 1.46976481861167, "f32": 0.03849055038195849, "f33": 0.038525719535961934, "f34": -1.015346812430517, "f35": 0.48560215371855886, "f36": -1.5921328421725685, "f37": 0.2980725376958866, "f38": -0.2292783563267584, "f39": -0.9209613140205407, "f4": 2.466483883566216, "f40": 0.4648757008525183, "f41": -1.5787903849729692, "f42": -1.2188994358997023, "f43": 1.2149653955885944, "f44": 0.2648635587095375, "f45": 0.9249577302345129, "f46": -0.6061860220049807, "f47": -0.07235509446055109, "f48": -0.8305142767306616, "f49": 0.7437877286740532, "f5": 1.751163143260713, "f50": -0.16836855932353845, "f51": -1.9673004877566291, "f52": -0.3890724878573248, "f53": -0.9664420634224079, "f54": 0.07288603642906023, "f55": 3.0340877494291445, "f6": 2.1895339025445892, "f7": -1.291202850746583, "f8": -0.0607304064184593, "f9": -1.7930250522676587}, "datetime": {"datetime": "2023-02-03 19:56:00", "elapsed": 5977.819242, "delta": 2.735875}}
{"target": 0.5264205212297572, "params": {"f0": 0.85967276486256, "f1": 0.020074967434879243, "f10": 0.8116953544672445, "f11": 1.1808775084592762, "f12": -0.22345381314317603, "f13": -1.8836022944591138, "f14": -0.6090702994446229, "f15": -2.5381528864147795, "f16": 2.2519057021943434, "f17": 1.6274822831567113, "f18": -2.6398221240444886, "f19": -1.1193080941388223, "f2": -0.6665595391680793, "f20": 1.6647411926966005, "f21": 0.8799882603645905, "f22": 0.6380476585683255, "f23": -0.0831512606304512, "f24": 0.24380734060465814, "f25": 0.6293866710182927, "f26": 1.467446676651388, "f27": 1.0717553124940569, "f28": 2.3465048153548302, "f29": 1.2189423541974373, "f3": 2.69102391755487, "f30": 0.4956290990427661, "f31": 2.0447966563048805, "f32": 0.7757424168736169, "f33": -0.6506992743977144, "f34": -0.1519982871226757, "f35": -0.009966527146104243, "f36": -2.7269030775992698, "f37": -0.3227721446099966, "f38": -1.0610308757838813, "f39": -1.2095777833102594, "f4": 1.6128950585483284, "f40": 0.838730659456999, "f41": -0.3743202873483962, "f42": -0.9149919246766554, "f43": 1.6478164569952993, "f44": 0.9283014614011686, "f45": 0.6909793329123186, "f46": -0.29567542534352786, "f47": 0.3032501086077928, "f48": -0.47988463733577413, "f49": 0.342441367607758, "f5": 1.782781540764897, "f50": 0.38454983740396487, "f51": -2.0266945271249983, "f52": -0.13582690700247246, "f53": -2.909008388091415, "f54": -0.2564427351710672, "f55": 1.7358333097222622, "f6": 2.389207713631366, "f7": -1.4209424712716499, "f8": -0.8279378490008242, "f9": -1.7115979560070553}, "datetime": {"datetime": "2023-02-03 19:57:18", "elapsed": 6055.733342, "delta": 77.9141}}
{"target": 0.25157565318492825, "params": {"f0": 1.5788690414671314, "f1": 0.5966621476589358, "f10": -0.23885107790446392, "f11": 0.1300242676206651, "f12": -2.1264008346836336, "f13": -0.2453701361928573, "f14": -1.4281267533996314, "f15": -0.4748263769147174, "f16": -0.34587005325680076, "f17": 2.3885676922647296, "f18": -2.624474826047146, "f19": -0.3183836180991366, "f2": 1.0315267003922186, "f20": 1.5659727440629605, "f21": -1.4603684879861145, "f22": -1.2818125273714995, "f23": 0.9328232071823328, "f24": -1.8205527842233187, "f25": -0.23867740709122343, "f26": 1.1116433710351037, "f27": -0.6617316402572602, "f28": 0.2672067937432794, "f29": 2.413319409985837, "f3": 1.657790250158433, "f30": -0.7122945925671482, "f31": -0.3079045847839126, "f32": -0.15199839299338236, "f33": -0.36815122097709296, "f34": -0.9991858064296122, "f35": -1.1352686916857775, "f36": 0.36909818646027803, "f37": 1.2803640629651798, "f38": -0.8953249707518924, "f39": -2.2873672246778116, "f4": 2.5628134823464297, "f40": -0.385018768565327, "f41": -1.7400306308050386, "f42": -0.33640993549587206, "f43": 1.3514784165601461, "f44": -1.1586878058011751, "f45": 2.036911997560289, "f46": 0.5855470042655577, "f47": -1.5770402298157968, "f48": -0.5996100628573338, "f49": 0.26043905993866856, "f5": 2.3134785088367713, "f50": -0.4711549927078784, "f51": -1.3480770713930301, "f52": -0.1957518652965251, "f53": -1.2682125218134577, "f54": -0.44823211256381557, "f55": 2.1820444900424127, "f6": 1.029256790133693, "f7": 0.3923718863491894, "f8": 0.73174653158502, "f9": -1.6171723432486151}, "datetime": {"datetime": "2023-02-03 19:58:27", "elapsed": 6124.618791, "delta": 68.885449}}
{"target": 0.19248656308918144, "params": {"f0": 0.7741472388140411, "f1": 0.36932381635523703, "f10": 0.6407217245116046, "f11": -0.3313289062310767, "f12": -2.1947349168534545, "f13": 0.47020324046665607, "f14": -2.5500788403814383, "f15": -1.016456805495829, "f16": 1.7775827255970642, "f17": 1.2530131758704601, "f18": -1.9643121851130971, "f19": -0.631552374494853, "f2": 2.0160011597440444, "f20": 1.5008611624508468, "f21": 1.0377391865356946, "f22": -0.6428838304702675, "f23": 1.3311899030013383, "f24": 0.008170371127015574, "f25": -1.2377705565650288, "f26": 1.7573752390954465, "f27": 0.40694288067043294, "f28": 1.5670486572947921, "f29": 1.163065621707195, "f3": 1.749358748358352, "f30": 2.0289596667127707, "f31": 1.146321349777085, "f32": 1.5449761441679954, "f33": -0.08230383927022689, "f34": -2.1812794162660945, "f35": 0.6329842027223851, "f36": -0.3465590880104168, "f37": -1.0104187703545875, "f38": 0.1981559690051109, "f39": -1.2998855488834113, "f4": 2.372635447332433, "f40": 0.5959528596272101, "f41": -1.582914976047489, "f42": -2.20856009979353, "f43": 0.7695924794387985, "f44": 1.290536310075232, "f45": -0.44569158140094733, "f46": -1.6778695065825469, "f47": -0.3465141734511754, "f48": -0.7300951980093704, "f49": -0.31918555548548433, "f5": 0.7549532277169779, "f50": 0.7311535396978821, "f51": -2.580346948911916, "f52": -1.6258555842165276, "f53": -1.8011176000505114, "f54": -0.1297810272393316, "f55": 2.289418489272724, "f6": 0.8062921779716508, "f7": -0.9562409804477774, "f8": -1.247032095010519, "f9": -1.613633800937905}, "datetime": {"datetime": "2023-02-03 19:59:34", "elapsed": 6191.713487, "delta": 67.094696}}
{"target": 0.049013012167627414, "params": {"f0": -0.3708617455933515, "f1": 0.20682989908161176, "f10": 0.08162624546256891, "f11": -1.2499207058713115, "f12": -0.5256520324315832, "f13": -0.7519803118616126, "f14": 0.6015530990917077, "f15": -1.3029351872082982, "f16": 0.8500474290294107, "f17": 1.3492660713608322, "f18": 0.36268405238506496, "f19": 0.8105777422103078, "f2": -0.4912197761973266, "f20": 1.706980014585211, "f21": 0.43346119484921464, "f22": -1.9680790216437256, "f23": 1.4917002775082442, "f24": -0.35443896976218836, "f25": 0.19943710932801384, "f26": 0.6095015482526867, "f27": 0.5529399074299948, "f28": 0.229390562113317, "f29": 0.9187260272034201, "f3": 1.555474610202468, "f30": -0.5010030197957681, "f31": 2.51802843621862, "f32": 1.114133013631738, "f33": -0.4631461808180499, "f34": -1.0234741754585501, "f35": 0.11746361001543781, "f36": -1.4554867816461499, "f37": -0.34365596593876613, "f38": -0.7359372776948303, "f39": -1.2093219206547847, "f4": 0.4069505882896851, "f40": 2.0477691810806067, "f41": -1.4932116745108281, "f42": -0.4428943635252187, "f43": 1.0351426967170136, "f44": 0.4773348293617794, "f45": 2.1158238486681253, "f46": -1.9080388270405195, "f47": -0.24676750847421314, "f48": -0.6696873217763906, "f49": 0.7280379610299739, "f5": 0.25227123982445354, "f50": 0.12898893750210827, "f51": -2.6016289149252665, "f52": -0.6877415837282306, "f53": -1.8234219352743568, "f54": 0.46171577459186675, "f55": 1.3183825694836298, "f6": 1.114227593922433, "f7": -2.4156936380535012, "f8": -0.9130846385058098, "f9": 0.026064466410697484}, "datetime": {"datetime": "2023-02-03 20:00:40", "elapsed": 6257.499493, "delta": 65.786006}}
{"target": 0.3919895739576657, "params": {"f0": -0.4799265406507125, "f1": 0.4532976041077532, "f10": -1.341886340627584, "f11": 0.24805288196860964, "f12": -2.253085327714161, "f13": -0.6431692634986721, "f14": -1.5089257582332656, "f15": -1.8105819667582101, "f16": -0.3543898921746471, "f17": 1.914054698237854, "f18": -1.9838344790000824, "f19": -0.9124038091553788, "f2": -0.23485001799118088, "f20": 1.7656910954154799, "f21": 0.7714765716932819, "f22": -0.911845442571066, "f23": -0.18271338153925698, "f24": -0.4834701881380501, "f25": 0.6538025193316708, "f26": -0.6947138485541795, "f27": -0.8715153434013754, "f28": 0.001276243612293726, "f29": 1.5990889058605735, "f3": 2.829835976116816, "f30": 1.152657534041702, "f31": 1.9577773451488645, "f32": -0.9547248468911467, "f33": 0.9609277049867124, "f34": -2.749010297498067, "f35": 1.4605610466704708, "f36": -0.6846099079035826, "f37": 0.06849109195606595, "f38": -0.2010161039990146, "f39": -1.5710220780534154, "f4": 1.368113668033699, "f40": 1.0263073365478403, "f41": -0.7304596195866133, "f42": 0.5001669621483251, "f43": 2.4667150189484657, "f44": 0.5079033465045819, "f45": 1.4786434210556594, "f46": -0.8311594183976767, "f47": 1.1559422123307357, "f48": -0.9412893477930315, "f49": 0.8399835751846045, "f5": -0.4528403333303648, "f50": 0.914543269475661, "f51": -1.0825689219041705, "f52": -0.8564756715728294, "f53": -2.1306048034737173, "f54": 1.2192579434162378, "f55": 2.6417891624460044, "f6": 1.7427094403685126, "f7": 0.35491984959509937, "f8": 0.5909522945348586, "f9": -2.0890529483959277}, "datetime": {"datetime": "2023-02-03 20:01:39", "elapsed": 6315.987354, "delta": 58.487861}}
{"target": 0.30341319464154004, "params": {"f0": -0.8944383900680224, "f1": -0.7142285201265428, "f10": 1.3625700492831632, "f11": 1.6311484862942458, "f12": -1.2634909086835069, "f13": -1.425583189783732, "f14": -2.1553488446807414, "f15": -1.3525874145970764, "f16": -0.09786296190318033, "f17": 0.6723684788816322, "f18": -2.4713500018935233, "f19": 1.0914410676015633, "f2": 0.3979257676523149, "f20": 1.4089947885976282, "f21": 0.561949770451402, "f22": -2.014299873344949, "f23": 0.9677187277168207, "f24": -0.25471016041999484, "f25": 0.8291573292525349, "f26": 0.054882059370132685, "f27": -1.4443133414613905, "f28": 2.8208679471463194, "f29": 1.4330587226475715, "f3": 2.4552005255485683, "f30": 2.379011868672328, "f31": 1.4599570377461206, "f32": 1.4357104495515047, "f33": 0.8706340463410576, "f34": 0.3702751936602695, "f35": 0.528913123125428, "f36": -0.3232111744358366, "f37": 1.0550221698367752, "f38": 0.10422340407949382, "f39": -0.6079926349842775, "f4": 2.3840638046597453, "f40": 0.9405702552452688, "f41": -2.135966793919913, "f42": -1.734963166994963, "f43": 1.5991699398260864, "f44": -0.024137365515651155, "f45": 1.3000354610945257, "f46": -1.6732302423245209, "f47": 0.05238908094876238, "f48": -0.33790527426462, "f49": 0.7669065941029627, "f5": 1.8344949398133525, "f50": 0.6846679496362016, "f51": -1.6407954602072312, "f52": -0.1372869049347143, "f53": -1.2547358927684231, "f54": 1.2928478787950481, "f55": 1.4140610578140658, "f6": 1.7421766079561882, "f7": -0.12265524366571956, "f8": 0.7996592139941596, "f9": -1.392353331024759}, "datetime": {"datetime": "2023-02-03 20:02:16", "elapsed": 6353.484085, "delta": 37.496731}}
{"target": 0.2912320148829226, "params": {"f0": 1.5429765735376921, "f1": -0.3019194643926095, "f10": -0.6934388878903802, "f11": -0.6289739073145701, "f12": -0.7424655969689242, "f13": -2.1958454091327186, "f14": -2.6491075078434942, "f15": -0.8604811588922139, "f16": 0.9678393709140223, "f17": 0.3315513595958557, "f18": -1.6352159311241123, "f19": -1.0401424981224103, "f2": 0.38703500168865745, "f20": 2.564237597202509, "f21": 0.7850705582912554, "f22": -0.1374205089858056, "f23": 0.0022409954242501584, "f24": 0.48302998200852887, "f25": -0.002501351763288362, "f26": 1.4171031932552367, "f27": 0.4569031622014428, "f28": 2.336366831377415, "f29": 2.9007257722285567, "f3": 0.18358264955012005, "f30": 0.9262020459147107, "f31": 1.873675946833048, "f32": -0.2801860157459517, "f33": 0.10612415609729187, "f34": -0.5855328803441262, "f35": 0.009323071531833316, "f36": -1.6340824274611139, "f37": 0.5205933727528747, "f38": 0.5434621395185237, "f39": 0.2962603596078224, "f4": 2.486212812059495, "f40": 0.8609577122124057, "f41": -0.9986334371487371, "f42": -2.066113797048115, "f43": 2.0067305661042423, "f44": 0.15440491935085077, "f45": 0.07199916494376657, "f46": -0.8318252995349031, "f47": 1.0976672985612865, "f48": -1.3721344363486074, "f49": -0.27343781169598924, "f5": 0.35462205750359455, "f50": -0.9647586638097312, "f51": -0.6831352067025209, "f52": -1.3842010350641725, "f53": -1.615529174754234, "f54": -1.2819612789284638, "f55": 2.02048505909197, "f6": 1.109939981717262, "f7": -1.3665029605539616, "f8": -0.5098652280211438, "f9": -1.3557949339415098}, "datetime": {"datetime": "2023-02-03 20:03:13", "elapsed": 6410.842394, "delta": 57.358309}}
{"target": 0.5436441524733667, "params": {"f0": 0.28770667308522, "f1": 1.3115786999416088, "f10": 0.6552779978734333, "f11": -0.37553057298420844, "f12": -1.756110950221624, "f13": -1.9207041858808438, "f14": -0.8132009130363114, "f15": -1.8118916467950863, "f16": -0.8299643699099217, "f17": 0.58206135277834, "f18": -0.7880041896137979, "f19": -0.7687837740157919, "f2": 1.5071913092651474, "f20": 1.6314660491842594, "f21": 0.17264965303114876, "f22": -1.8437912972549102, "f23": 1.4787738999821607, "f24": -1.9120815290789983, "f25": -1.2487146405066305, "f26": 0.7318128409154907, "f27": 0.37519460075758615, "f28": 1.3496592140977923, "f29": 2.9483944828345594, "f3": 2.313515586395049, "f30": 0.6250678121144511, "f31": 1.3920313452682542, "f32": 0.03459430595961921, "f33": 0.8300670847581963, "f34": -1.1164218733274056, "f35": 1.9314722955412464, "f36": -1.946064569827691, "f37": -0.26840283767892037, "f38": -0.2394715588824805, "f39": -1.3006281848912717, "f4": 2.1093457048144177, "f40": 0.3419349036495407, "f41": -1.6720129818232305, "f42": -0.38989497147457364, "f43": -0.2309239655749128, "f44": 1.5894824204492, "f45": 2.2887728171411257, "f46": 0.24709472260564302, "f47": -0.09653300468546244, "f48": -0.9549198631322384, "f49": 0.750790708610479, "f5": 0.30157013802790666, "f50": 0.03337492736578729, "f51": -1.5209045838891808, "f52": -0.1200508004151899, "f53": 0.23306623183580033, "f54": 0.6923348178668323, "f55": 2.429536736772571, "f6": 2.090327933410961, "f7": -1.370228976986889, "f8": 0.6121570821466702, "f9": -2.043840008096181}, "datetime": {"datetime": "2023-02-03 20:03:54", "elapsed": 6451.826365, "delta": 40.983971}}
{"target": 0.18418364938155335, "params": {"f0": 0.23236699594793464, "f1": 0.25680974440771887, "f10": 0.14585947385511466, "f11": 0.854485417141164, "f12": -0.9557024696796557, "f13": -1.1211649947222513, "f14": -0.39171832549321595, "f15": -0.5647426963241049, "f16": 1.6985595236365785, "f17": -0.8687150414076659, "f18": -2.822474727583074, "f19": 1.0243780278217158, "f2": 0.6273290665820584, "f20": 1.2619015019696969, "f21": 0.5642106254863724, "f22": 0.3579723621774238, "f23": 1.5027301860515552, "f24": -0.8991370365370475, "f25": 0.13264052956475014, "f26": 0.43346863876818187, "f27": -0.7380227344725596, "f28": 1.5187210086388347, "f29": 2.0516025365387547, "f3": 3.007725548254203, "f30": 1.5575329697963798, "f31": 0.20538494063024626, "f32": 0.9451490947491141, "f33": 0.3300594657223339, "f34": -1.3856954730394597, "f35": 1.6744360843903885, "f36": -0.8515836879207765, "f37": -0.22051006640693505, "f38": -0.4777867537781957, "f39": -1.1784363299628167, "f4": 0.9014683164961451, "f40": 1.154915577753105, "f41": -2.4545474771171834, "f42": 0.942942245323855, "f43": 1.7338945054313033, "f44": 1.3685276974410534, "f45": 0.748123054058237, "f46": 0.2375369306131181, "f47": -0.8002511721128452, "f48": 0.6393204851336778, "f49": -0.12687026549050462, "f5": 0.28715312791267167, "f50": -0.18262007937561608, "f51": 0.1399955643043329, "f52": -1.3816846143064674, "f53": -0.2997718915962482, "f54": -1.0354323166558608, "f55": 1.7943725182767771, "f6": 0.5053017675600054, "f7": -0.5294701067455656, "f8": 0.2842695383650884, "f9": -2.0627750923347477}, "datetime": {"datetime": "2023-02-03 20:04:26", "elapsed": 6483.780821, "delta": 31.954456}}
{"target": 0.24546087906334307, "params": {"f0": -0.41874545970413335, "f1": -0.19743353023295152, "f10": -0.43138795694758436, "f11": -1.0614929676845426, "f12": 0.3067757443531045, "f13": -1.7825802292722037, "f14": -1.1843925785424425, "f15": -0.5177965905112631, "f16": 0.24187994148525271, "f17": -0.6773187684649549, "f18": -2.9932143656096732, "f19": 0.8091800409551546, "f2": 0.38213494166223716, "f20": 2.3335741908598124, "f21": 1.1485618990737545, "f22": -2.4965128134606465, "f23": 2.223645703641163, "f24": -0.1778992912935311, "f25": 0.20984623354899634, "f26": -0.551563737599102, "f27": -0.9116208227456807, "f28": 1.9501662245713227, "f29": 1.8278096420915344, "f3": 2.3653697311488853, "f30": 1.5158225625431658, "f31": 0.7805874886354839, "f32": 1.0289416445995183, "f33": -0.5247397479307877, "f34": -1.1867493249392602, "f35": -0.5776545201376171, "f36": -2.1196287798767433, "f37": 0.33342678484819666, "f38": -0.4802264341112197, "f39": -0.12968396632364687, "f4": 2.6890855655068155, "f40": 1.039147686577648, "f41": -1.917793076165015, "f42": 0.5491888279134676, "f43": 0.8901148246342868, "f44": 1.2130095004795494, "f45": 0.9624501499595864, "f46": 0.6422591830862239, "f47": 0.03887390081539954, "f48": -1.0079274479158609, "f49": -0.021768682805838546, "f5": -0.24062178926813804, "f50": 0.21709678927004772, "f51": -0.9351542141391707, "f52": 0.3203751163297648, "f53": -1.9137832297302686, "f54": -0.6234631868652146, "f55": 1.2794028580398984, "f6": 0.7273442763076198, "f7": -1.8124709587780266, "f8": -0.5744555350596264, "f9": -1.1163328051666692}, "datetime": {"datetime": "2023-02-03 20:05:29", "elapsed": 6546.363432, "delta": 62.582611}}
