{"target": 0.27297085509255664, "params": {"f0": -0.4966546217948172, "f1": -0.09250200562270283, "f10": -0.43422875959403007, "f11": 0.09240992557637928, "f12": -1.5683988225236536, "f13": -0.6920119361084907, "f14": -0.6254026590190334, "f15": -1.0467577539090995, "f16": 0.02144833645713029, "f17": 1.5613358338999903, "f18": -1.4296485496017861, "f19": 0.5404402591206527, "f2": -0.21633495249624995, "f20": 1.7084721217643835, "f21": -0.7254306962363248, "f22": -0.40141510553962645, "f23": 1.4576269364382162, "f24": 0.38196249193184784, "f25": 0.21697348718912535, "f26": 0.7845151601520217, "f27": 0.45589847741575706, "f28": 0.3183765029568024, "f29": 2.5770951569839715, "f3": 2.605158923461361, "f30": 0.1922320546277313, "f31": 0.9720700922507094, "f32": 0.5325042599778051, "f33": -0.12708535269554533, "f34": -1.7534983004439824, "f35": 0.5615465965360501, "f36": -1.6148236919055707, "f37": 1.4671046110869614, "f38": 0.48904922813558516, "f39": -1.9674596505300261, "f4": 2.4498218684740993, "f40": -0.032348729245906815, "f41": -0.6316527666360643, "f42": 0.08583318899976033, "f43": 0.6033686918035598, "f44": -0.034078676072684, "f45": 1.4596670236371132, "f46": -1.2236958675546499, "f47": 0.015505903322797998, "f48": -1.0131484021011898, "f49": -0.5393536548509531, "f5": 0.817693240006622, "f50": -0.5492066785832003, "f51": -1.9898888514954274, "f52": 0.3787522575423523, "f53": -1.3821989438429212, "f54": -0.7097530708296047, "f55": 2.582301605918653, "f6": 1.605241965607826, "f7": -0.43984460259120706, "f8": -0.5330829838590835, "f9": -2.3172093479821463}, "datetime": {"datetime": "2023-02-03 20:18:46", "elapsed": 7343.718506, "delta": 44.868391}}
{"target": 0.6460566943252526, "params": {"f0": -0.1260547462445003, "f1": -0.3544881667441806, "f10": 0.7178267274471166, "f11": 0.07962464418312343, "f12": -1.9077643699882092, "f13": -0.7506290440756502, "f14": 0.4742445215887545, "f15": -0.522632869201404, "f16": 0.7156888199225001, "f17": -0.14129233224821802, "f18": -1.804267068820453, "f19": -0.4896486662663496, "f2": 1.7228723729528523, "f20": 2.3463827088628015, "f21": 0.3665174193714098, "f22": -1.176320935559889, "f23": -0.24330241084959076, "f24": -0.34227174509533476, "f25": -0.9727589589825189, "f26": -0.09655158086803173, "f27": -0.9468705162404017, "f28": 1.2473804269892215, "f29": 0.8841641450599297, "f3": 2.5564138841475783, "f30": 1.7252218946928028, "f31": 1.56880120763438, "f32": 0.35584454175433566, "f33": 0.3209437865970193, "f34": -0.9662305366785682, "f35": 0.848676473302224, "f36": -0.2963402135196542, "f37": 0.048744740988938884, "f38": -0.9689971839084783, "f39": 0.09088629023873374, "f4": 1.9880632386152874, "f40": -0.46631745357820953, "f41": -0.9874085694118988, "f42": -2.03991981652979, "f43": 1.2992776256613983, "f44": 1.2043267561458082, "f45": 1.5310700433643492, "f46": -0.4371104507927819, "f47": -0.8939497919148844, "f48": -0.8632264396142117, "f49": -0.16772877181508994, "f5": 2.6264551904238664, "f50": -0.5021219931423688, "f51": -2.5095760806497287, "f52": -1.5460628023893483, "f53": -1.5829969337705354, "f54": 0.5744051579431805, "f55": 2.2846615341927796, "f6": 2.110765704549436, "f7": 0.37396969162148785, "f8": -0.03537769851699424, "f9": -2.714166440721573}, "datetime": {"datetime": "2023-02-03 20:19:27", "elapsed": 7383.954098, "delta": 40.235592}}
{"target": 0.2556067781943927, "params": {"f0": 0.8706256743130004, "f1": -0.7498500798763721, "f10": 0.13771062516660004, "f11": -0.6474108603366509, "f12": -1.2219765539453082, "f13": -0.6523273958096518, "f14": -1.1210067355427669, "f15": -1.7358714166884073, "f16": 1.4838457455188112, "f17": -0.2891800869770894, "f18": -2.528678235795412, "f19": 0.09337074861202876, "f2": 0.07729214927151351, "f20": 0.7766520201000252, "f21": -0.03552672375408639, "f22": -1.5531841387742753, "f23": -0.47829523570588794, "f24": -1.0847444105670951, "f25": -1.5501992264459468, "f26": -0.14120613223431588, "f27": -0.16140072075954914, "f28": 1.2663669698398334, "f29": 2.81460852713193, "f3": 1.9852108049427617, "f30": 1.0463068239167481, "f31": 0.5858231441664822, "f32": 0.9455779756694471, "f33": -0.9617641127902772, "f34": 0.27339283340409004, "f35": 1.5547165389198119, "f36": -0.9342697046108346, "f37": -0.3535245421111817, "f38": 0.3047876539562653, "f39": -0.6488062606208409, "f4": 2.2463769651092784, "f40": -0.005152375320756852, "f41": -0.9461462973460408, "f42": -1.7352215602460155, "f43": 0.8747549457294391, "f44": 0.6412642036911413, "f45": 1.4546751965546045, "f46": -1.2851120699629541, "f47": 0.16014582386457032, "f48": -0.3861122459407369, "f49": 0.07245733157925494, "f5": 2.067254477198302, "f50": -1.0013291535890891, "f51": -1.7525957935670462, "f52": -1.5485283531536207, "f53": -2.334716015598331, "f54": 0.27453437339578046, "f55": 2.9216646612636294, "f6": 2.4190495999797865, "f7": -1.635495501035388, "f8": 0.42216976467280043, "f9": -1.8436301605683356}, "datetime": {"datetime": "2023-02-03 20:20:22", "elapsed": 7439.802649, "delta": 55.848551}}
{"target": 0.46467608804261173, "params": {"f0": 0.8893289068238807, "f1": -0.2690973612380929, "f10": -0.489887087103102, "f11": 0.92213036231129, "f12": -1.992372335595168, "f13": -1.0204237689808906, "f14": -0.7722492410833581, "f15": -0.25136828135436873, "f16": 0.6896927677134518, "f17": 0.41618683155204916, "f18": -1.920573015839079, "f19": -0.08449473631135218, "f2": 1.7279288833905713, "f20": 1.5414772192638702, "f21": 0.5777728199088485, "f22": -2.357227773382117, "f23": 0.8326212224373172, "f24": -1.112660070112958, "f25": -1.4753351336849874, "f26": 0.3885536700636454, "f27": 0.32303935614578494, "f28": 1.2624739598203862, "f29": 2.4159882185655097, "f3": 2.522887968712801, "f30": -0.3900647482296634, "f31": 1.2695832238780982, "f32": -0.4190966686463079, "f33": -0.4857106846643756, "f34": -1.541936075556185, "f35": 0.5024826881705294, "f36": -0.25598950198447046, "f37": -0.5853418045124587, "f38": -0.4602103428031279, "f39": -1.3471472507369615, "f4": 1.8173194822926106, "f40": 0.8192210254384114, "f41": -1.589723628239553, "f42": -1.222521032940587, "f43": 0.5430122917498467, "f44": 0.6121804525501546, "f45": 1.5078725701213793, "f46": -0.5282297891497352, "f47": -0.672459372223206, "f48": -0.9977673922436467, "f49": -0.3440374793303546, "f5": 1.207109052816532, "f50": 0.029529509340426197, "f51": -1.3739171628994908, "f52": -0.44447001781678663, "f53": -2.0662850374593127, "f54": 0.5535564743635987, "f55": 0.34813682753547526, "f6": 1.1610321856217558, "f7": -2.0651954087545086, "f8": -0.07019876480597409, "f9": -2.0746463792893612}, "datetime": {"datetime": "2023-02-03 20:20:24", "elapsed": 7441.163931, "delta": 1.361282}}
{"target": 0.5292282848647026, "params": {"f0": -0.8671911103584898, "f1": -0.13504722613856335, "f10": 0.34571696280689634, "f11": -0.33062178253346775, "f12": -1.195261663750074, "f13": -2.091647376637045, "f14": -0.08841969475825806, "f15": 0.4727156023482717, "f16": -0.6627687659116455, "f17": 1.3039153994245976, "f18": -2.101459408165768, "f19": -0.0027614478094746264, "f2": 1.6358146565950267, "f20": 1.1726201052864118, "f21": -0.2165255361108761, "f22": -1.28152809655831, "f23": 0.5329116711081178, "f24": 0.1318429050189125, "f25": -0.10349981320854984, "f26": 0.6842249213393288, "f27": -0.2602717339463423, "f28": 1.8714000842740193, "f29": 2.793704552210996, "f3": 2.5547468142422463, "f30": 0.545994763446673, "f31": 2.398507718816234, "f32": 1.1318348779487353, "f33": 0.4869965084445713, "f34": -1.6938874956250771, "f35": 1.4388909122237568, "f36": -2.048811914300268, "f37": -0.24797560053619772, "f38": -0.3291324945977194, "f39": 0.024784042060924882, "f4": 2.833685158942024, "f40": 1.1345484878176222, "f41": -1.2199074773925178, "f42": -0.954245061913706, "f43": 0.9161031269164644, "f44": 1.0844822874559046, "f45": 0.08142451445148047, "f46": -1.175104850509308, "f47": -0.3798328612188221, "f48": -1.6109503937895642, "f49": 0.22469298778021762, "f5": 1.7314050424988978, "f50": 0.15285892157989078, "f51": -2.3520468980732003, "f52": -1.1939973797869077, "f53": -1.7337598648404833, "f54": 0.46630064030410834, "f55": 1.167751066901729, "f6": 1.3353356373350223, "f7": -0.812320520002686, "f8": 0.7567234712390893, "f9": 0.4557596429298312}, "datetime": {"datetime": "2023-02-03 20:21:08", "elapsed": 7485.059748, "delta": 43.895817}}
{"target": 0.181591019613657, "params": {"f0": 0.4149402953057665, "f1": 0.8442693059943789, "f10": -1.0884549805375467, "f11": 1.2518225680241961, "f12": -1.3346524294991564, "f13": -1.9015650786653655, "f14": -0.0023130719404522715, "f15": -2.215958422683939, "f16": 1.7694311713766426, "f17": -0.6018397516903672, "f18": -2.987240217362839, "f19": 0.3749030353075733, "f2": 0.9152320093835774, "f20": 0.9637298606975421, "f21": -0.6434272843897065, "f22": -1.0006854200528488, "f23": 1.1890566251076593, "f24": -1.5629521468073906, "f25": 0.12620623507233386, "f26": -0.7533760292769004, "f27": -0.8572227512103713, "f28": 2.1407308376510636, "f29": 2.5009607426588296, "f3": 2.969273909519619, "f30": 0.009106697406030873, "f31": 0.532792661690321, "f32": -0.07218451498815148, "f33": -0.7647150204851529, "f34": -0.9039829749923405, "f35": 0.07373409417914922, "f36": -1.120465645896575, "f37": 1.1297775821696727, "f38": -1.1371538683618838, "f39": -2.159283660773039, "f4": 1.6462870191354662, "f40": -0.11889508942510374, "f41": -1.3544261542334135, "f42": -0.12120099234955406, "f43": 1.9339356864637418, "f44": -0.3840689618579528, "f45": 0.21009216372178252, "f46": -0.11782126094472156, "f47": -0.8683095369736475, "f48": -0.5392497862991241, "f49": -0.5434299064767572, "f5": 2.1954702573194895, "f50": -0.023612642660973293, "f51": -1.289000819162238, "f52": 0.33558149858995545, "f53": -1.1756534585741076, "f54": -0.11709454308766054, "f55": 3.0048388586152437, "f6": 2.4887833340394625, "f7": -2.0412529560013235, "f8": 0.6073474029481434, "f9": -0.1670169209585608}, "datetime": {"datetime": "2023-02-03 20:21:49", "elapsed": 7526.125837, "delta": 41.066089}}
{"target": 0.48501174099661165, "params": {"f0": 0.10097520237998958, "f1": 0.4934385082078736, "f10": 0.023387061279348087, "f11": 0.9148470950591414, "f12": -2.021566422410987, "f13": -0.503601024153224, "f14": -1.0194433971457455, "f15": -0.21321620683439368, "f16": 0.6864778645189943, "f17": 0.2767942400563448, "f18": -2.5495436156443936, "f19": 0.9853608028789116, "f2": -0.02491378353155882, "f20": 2.846325088743379, "f21": 0.8973117967915116, "f22": -0.8432892491605108, "f23": 2.00586785291683, "f24": -1.390132730512184, "f25": -0.628990338508024, "f26": -0.26860392924412213, "f27": -1.279215444192689, "f28": 1.3494147590926935, "f29": 2.738833534716311, "f3": 1.6890172401370624, "f30": 0.29943263263784414, "f31": 1.0092097481221396, "f32": 0.20905403795974342, "f33": 0.5197515762394325, "f34": -0.7913354228697422, "f35": 1.3589301881919362, "f36": -0.01709712199264013, "f37": 0.7322718643471157, "f38": -0.21298510522176617, "f39": 0.22450044282721038, "f4": 2.603971654306579, "f40": 0.16812705929748661, "f41": -1.2310755821829287, "f42": -1.0305590987862772, "f43": 0.9485185777104651, "f44": -0.6451517323348401, "f45": 1.0754274532506183, "f46": -1.5476080206764835, "f47": 0.012789687925015558, "f48": -1.496939906695468, "f49": 0.6551879570519376, "f5": -0.21807471271103934, "f50": 0.14867478275106327, "f51": -1.6595088802501834, "f52": -0.7322095052954862, "f53": -2.563488002757986, "f54": -0.20614220610510603, "f55": 2.454526827892608, "f6": 1.5315169128570147, "f7": -0.7378961144409946, "f8": 0.6554494951208485, "f9": -0.5356890516027857}, "datetime": {"datetime": "2023-02-03 20:22:31", "elapsed": 7568.824963, "delta": 42.699126}}
{"target": 0.18629635626707475, "params": {"f0": -0.643011409029807, "f1": 0.865683506850033, "f10": 0.4223399795534899, "f11": 0.8904145429267141, "f12": -0.3393888910436269, "f13": -0.8936358207966446, "f14": -0.7148421417149329, "f15": -0.18383619371947013, "f16": 0.22282613498743342, "f17": 0.33605497878033996, "f18": -1.4897682670766925, "f19": -0.08646011661762354, "f2": 2.0721759012278786, "f20": 1.492218441732048, "f21": -0.6524356010933189, "f22": -0.9813727855298402, "f23": -0.2372468127542171, "f24": -1.2499007840403427, "f25": -1.5253835378167726, "f26": 0.35827596238965875, "f27": -0.7273496301077265, "f28": 0.6530210211863371, "f29": 2.719252536553525, "f3": 1.6148351409596842, "f30": 1.1034552090237577, "f31": 1.2960610621756188, "f32": -0.24116499080806497, "f33": 0.687575481183273, "f34": -2.132647870120293, "f35": 1.1551134244014705, "f36": -1.8090697230179604, "f37": 1.0859963955611414, "f38": -0.12522651869453316, "f39": -0.16492185138588455, "f4": 2.5278850301424693, "f40": -0.1848952545239444, "f41": -1.8199416370411292, "f42": -1.673496664239108, "f43": 1.6408555029894094, "f44": 0.4178306875764668, "f45": 0.9219601015144158, "f46": -0.3568660772245955, "f47": 0.32869772381587214, "f48": -0.4754516081753324, "f49": 1.2327866537872354, "f5": 1.9602512345519871, "f50": -1.2981313147358746, "f51": -2.865162888170344, "f52": -0.37392268276559726, "f53": -0.813725742880719, "f54": 0.3558798867292079, "f55": 1.3932471210444137, "f6": 1.1554317614608292, "f7": -1.7080882208299355, "f8": -0.21520496009260803, "f9": -0.19298251482090878}, "datetime": {"datetime": "2023-02-03 20:23:01", "elapsed": 7598.075793, "delta": 29.25083}}
{"target": 0.2515716620674651, "params": {"f0": 0.9101913905098366, "f1": 0.1447624715091661, "f10": 0.031109960452650576, "f11": 0.6816430605134054, "f12": -2.2550641800796156, "f13": -1.0897246000395164, "f14": -1.757448661415106, "f15": -0.5006242147596167, "f16": 1.1948080613502952, "f17": 0.677559463061683, "f18": -2.4131496821570635, "f19": -0.4189541726767573, "f2": 1.675798046432941, "f20": 2.111584235338865, "f21": -0.6291044777069299, "f22": -1.1697254184130754, "f23": 1.252614978581617, "f24": -0.6594180275531569, "f25": -0.939337539404285, "f26": 0.15347217225233112, "f27": -1.5758090784614236, "f28": 1.5535855585674034, "f29": 2.1540276253605497, "f3": 2.4028423690876872, "f30": 0.6805704822351483, "f31": 1.5001163267096262, "f32": 0.8089612505452299, "f33": -0.24227345992409677, "f34": -1.4345698585564701, "f35": -0.48137870788893866, "f36": -1.3680420609490243, "f37": 0.3075864620922518, "f38": -0.25227842276759294, "f39": -2.0002423790791317, "f4": 1.8383186554622073, "f40": -0.6192526120384196, "f41": -2.5333247759189543, "f42": -0.4975589121713022, "f43": 0.9661693773095538, "f44": 1.2516503433475226, "f45": 1.8119374986803498, "f46": 0.6397267175803762, "f47": 0.941367976082067, "f48": -1.1332644926279114, "f49": 1.1537507396374025, "f5": 1.3528838441632347, "f50": -0.393190982891773, "f51": -1.0744012906990106, "f52": -0.8109944757616737, "f53": -2.330826952703598, "f54": -0.5656049082499446, "f55": 1.9311904292636948, "f6": 2.0117614896444818, "f7": -1.1221012992814843, "f8": 1.0034811389691054, "f9": -1.338296557327346}, "datetime": {"datetime": "2023-02-03 20:23:45", "elapsed": 7642.662072, "delta": 44.586279}}
{"target": 0.4252426995686616, "params": {"f0": -0.8009859901292175, "f1": 0.08555477335848993, "f10": -0.3505682338721484, "f11": 0.2631692421233667, "f12": -1.9892107117860547, "f13": -1.6440596270113363, "f14": -1.7574319530232256, "f15": -0.006022891575908851, "f16": 1.7711970457595867, "f17": 0.7927796316959279, "f18": -0.8635429379231492, "f19": 0.07446083874093667, "f2": 0.7682622044455302, "f20": 2.464718517293834, "f21": 0.30440584214868327, "f22": -1.6147359098270175, "f23": 0.02165348471264983, "f24": -1.0648519895784416, "f25": -0.9175330652230063, "f26": 0.047200456929858414, "f27": 0.24312746643906458, "f28": 1.0764447990085455, "f29": 2.588278094334472, "f3": 2.2190942649282457, "f30": 0.2634398372007454, "f31": 2.432111094441831, "f32": -0.4413115000424491, "f33": -0.05697329265885909, "f34": -1.3989327907773261, "f35": -0.18466649925990464, "f36": -0.42185623327202393, "f37": 0.042575607597926446, "f38": 0.5944978135843904, "f39": 0.3832878355262217, "f4": 2.5299219578895267, "f40": 1.4882357673021283, "f41": -2.509719373405617, "f42": -1.7495913765090407, "f43": 0.44535267179505744, "f44": -0.5184121753417512, "f45": 0.46881919886003776, "f46": -0.43203145383826036, "f47": -0.22157075268175197, "f48": -0.6402364155856328, "f49": 1.3247086105971033, "f5": 2.0045791843622798, "f50": -0.7636023015544322, "f51": -1.0528017781532613, "f52": 0.7397276244168125, "f53": -0.4650583064523599, "f54": 0.029998819000003785, "f55": 2.1407849871637805, "f6": 1.8079132971762584, "f7": -1.7814976622778271, "f8": 1.0613134967354894, "f9": -2.1129028210132654}, "datetime": {"datetime": "2023-02-03 20:24:37", "elapsed": 7694.885377, "delta": 52.223305}}
{"target": 0.2524598017718334, "params": {"f0": -0.017293225500345843, "f1": 0.5960980028458686, "f10": -0.28202364086753995, "f11": 1.1906407426403283, "f12": -0.2801530524618929, "f13": -2.0683400984289597, "f14": -1.3453114866142033, "f15": -0.7743490550200041, "f16": 0.7618213831519297, "f17": 0.7396556283469791, "f18": -2.083582031911018, "f19": 0.33839275804134017, "f2": 0.44490021761375564, "f20": 1.3070616767273977, "f21": 0.32246606990720905, "f22": -1.6634915249388071, "f23": -0.014657806265509055, "f24": -0.6609030015791102, "f25": 0.011775702851920977, "f26": -0.5301030205549176, "f27": -1.1126423978322226, "f28": 1.5429056428192234, "f29": 0.861150083837935, "f3": 2.8381921801748504, "f30": 0.9787895738495836, "f31": 1.784509212295244, "f32": 0.2700471113413534, "f33": 0.6276130078587039, "f34": -2.194197400512067, "f35": -0.23987857906321602, "f36": -0.6207686453019083, "f37": -0.4098255059905926, "f38": 0.2866236242889977, "f39": -0.6461521715034593, "f4": 2.139150263942452, "f40": 0.9119985087747324, "f41": -2.7743742341975124, "f42": -0.8243775512968328, "f43": 2.122875669215003, "f44": -0.4863333977921452, "f45": 0.32886697917327923, "f46": 0.022203870297069717, "f47": -0.775370786996594, "f48": -1.2679229150425886, "f49": 0.36249581178454304, "f5": 2.311535059546517, "f50": 0.3377069008254654, "f51": -1.1527623386098929, "f52": -0.7511346025713707, "f53": 0.32495571770794873, "f54": 0.22451097384830843, "f55": 3.032155312029456, "f6": 1.6021885697187526, "f7": -2.0421583502671057, "f8": 0.24304440415592743, "f9": -2.4456390376220516}, "datetime": {"datetime": "2023-02-03 20:25:14", "elapsed": 7730.913054, "delta": 36.027677}}
{"target": 0.3151100859726783, "params": {"f0": 0.6872835538151102, "f1": 0.345928403987961, "f10": 0.4734244279966775, "f11": 1.1079876946148033, "f12": -1.1618495859985931, "f13": -1.6870334046358693, "f14": -0.5359949204914374, "f15": -1.5565544621788348, "f16": -0.3922354891374803, "f17": 0.9330600935857902, "f18": -2.8197199956193058, "f19": -0.4694734902184058, "f2": 0.2682559153240821, "f20": 0.959030418217277, "f21": 0.025169727402835518, "f22": 0.18499976158427334, "f23": 1.2383970913002451, "f24": 0.1254397757868535, "f25": -0.5560501106995759, "f26": 0.7549505661565017, "f27": 0.4442395510924293, "f28": 1.1423288408886485, "f29": 0.8293640298140378, "f3": 2.787691305896013, "f30": 0.40709619574062417, "f31": 1.8889764192397993, "f32": -0.2733889303770807, "f33": -0.5962695943901284, "f34": -1.003980502139895, "f35": 1.0619760778463774, "f36": -0.8881729193283099, "f37": 0.3311953349657505, "f38": -0.4854444744661326, "f39": -1.9413315690849409, "f4": 2.367470904222182, "f40": 1.229396533118032, "f41": -1.0972386814509865, "f42": -1.7669955488103255, "f43": 2.0213312914930848, "f44": 0.5138795617003842, "f45": 0.43263273714004213, "f46": -0.480339189411924, "f47": -0.4028592366919863, "f48": -1.4640251312717465, "f49": 1.0407165360471926, "f5": 1.2735552223180555, "f50": -0.024764178747465504, "f51": -2.0926395897962355, "f52": -0.41256219324680754, "f53": -2.033941964971622, "f54": -0.8431111965881173, "f55": 2.742153114750733, "f6": 1.591482679547128, "f7": -2.9836083298538996, "f8": -0.537183381574916, "f9": -1.562092207020612}, "datetime": {"datetime": "2023-02-03 20:26:00", "elapsed": 7777.335413, "delta": 46.422359}}
{"target": 0.22257481436861484, "params": {"f0": 0.6573527913866436, "f1": 1.0326231020357963, "f10": 0.9805368891207511, "f11": 0.1378082867981265, "f12": -1.2384268098450602, "f13": -1.2778450752620305, "f14": -1.9525523868581427, "f15": -2.0372998754386598, "f16": 0.43130932838888736, "f17": 1.4586876817221075, "f18": -1.9202380910072516, "f19": -0.7578186135163343, "f2": 0.9859612668737358, "f20": 2.752989353171603, "f21": 0.149219369701713, "f22": -1.6161095974177746, "f23": 1.4424017414908676, "f24": -1.8885709851613637, "f25": -0.7777595439592468, "f26": 1.0425809539168274, "f27": -0.2641310504419885, "f28": 0.9385447685791432, "f29": 2.8216270754783817, "f3": 0.7489541730546009, "f30": -0.14445839351932727, "f31": 0.5497613703290841, "f32": -0.38143976539412894, "f33": -0.10699802709637085, "f34": -0.7473586197579227, "f35": -0.43780422442668676, "f36": -1.5666186380410352, "f37": 0.9429668881560368, "f38": -0.8988865349344067, "f39": -1.591615416107991, "f4": 1.768396862458875, "f40": 0.5658021031821197, "f41": -2.0694929117357628, "f42": -1.0059977155422632, "f43": 1.1980489406626864, "f44": 1.1966558434959746, "f45": 1.9281998889650867, "f46": -0.3280416403460884, "f47": -0.2918823640144348, "f48": -1.5811927022414438, "f49": 0.2545240768816436, "f5": 2.792294586548326, "f50": -0.6170789455410564, "f51": -0.835970654109718, "f52": 0.5868906431316323, "f53": -1.5349093469091846, "f54": 0.45564744129506385, "f55": 2.3495761605052814, "f6": 1.421037398149409, "f7": -1.6702058105215776, "f8": 0.09911728882782711, "f9": -2.914083669863305}, "datetime": {"datetime": "2023-02-03 20:27:09", "elapsed": 7846.464095, "delta": 69.128682}}
