{"target": 0.34795361283636184, "params": {"f0": 0.6621569036061803, "f1": 1.2038026601476202, "f10": -0.6983652834109252, "f11": -0.27098053804564315, "f12": -0.8790834930855274, "f13": -1.602758093156625, "f14": -0.911730456834786, "f15": -0.7763165405977723, "f16": 0.3410729773130301, "f17": -0.057770690929893634, "f18": -1.4689495859113877, "f19": -1.118459137747164, "f2": -0.8348025252891906, "f20": 0.9876481045815788, "f21": 0.791219257902671, "f22": -1.8700028163647295, "f23": 1.7576155145852017, "f24": -1.6523925206121826, "f25": -0.42802678784852277, "f26": 0.6384210059522359, "f27": -0.05833191933229931, "f28": 1.0984809732604912, "f29": 3.046459171096792, "f3": 2.8260661358128347, "f30": 0.5065987767478501, "f31": 0.6645155158148803, "f32": -0.347777295987047, "f33": -0.08573137745260306, "f34": -1.1495349584907157, "f35": 2.5055789867378806, "f36": -0.5934073855078821, "f37": 0.042696429694234095, "f38": 0.770008858646312, "f39": -1.0594976405858871, "f4": 2.955517486144573, "f40": 0.37791347340063736, "f41": -0.6542342059119362, "f42": -2.2776689956534604, "f43": 0.8918459664979883, "f44": -0.3669056980701993, "f45": 0.8815742266459266, "f46": 0.10865175355172862, "f47": -0.43839595361897177, "f48": -1.4359177656699325, "f49": 0.564220433055218, "f5": 2.2185359790312837, "f50": -1.2621421666618666, "f51": -1.4242059661992323, "f52": -0.7988286082869909, "f53": 0.07000319250919002, "f54": -0.09317642795346748, "f55": 1.3920838029966909, "f6": 0.7392234836279539, "f7": -0.07778135477634002, "f8": -0.2143872654527671, "f9": -1.0285558323058241}, "datetime": {"datetime": "2023-02-04 01:13:09", "elapsed": 25006.141502, "delta": 1.937298}}
{"target": 0.584714956821072, "params": {"f0": 0.08116156158910423, "f1": 1.1124821433634475, "f10": -0.8868115573406576, "f11": -0.3610540231836704, "f12": -0.3723684088863204, "f13": -1.6231919969529471, "f14": -0.91314520205017, "f15": -0.9224561224113629, "f16": 0.6265976724782838, "f17": 0.705581089735302, "f18": -2.4452735190092993, "f19": -0.6905922843151912, "f2": -0.7780867111994365, "f20": 2.22183067396751, "f21": 0.08016208166411477, "f22": -2.9179470214866887, "f23": 1.0760404738473957, "f24": -0.7298062916986967, "f25": -1.0940408063241467, "f26": 1.461548697945255, "f27": -0.1836560446631375, "f28": 1.4949162836133691, "f29": 2.102804870791724, "f3": 0.51314423448915, "f30": 1.2706386909405056, "f31": 1.1872152578936654, "f32": -0.3249641673917478, "f33": -0.15205360736782392, "f34": -1.744239034157463, "f35": 0.7990175571116758, "f36": -0.08541373297964139, "f37": 0.1888968104227955, "f38": 0.8675609870090821, "f39": -2.1820777257089037, "f4": 1.582902117919415, "f40": 0.18776008852411372, "f41": -0.6750494252572465, "f42": -1.9046904235102577, "f43": 0.9362763960334723, "f44": -0.02993453084663361, "f45": 1.3085911099962082, "f46": -0.172624807042851, "f47": -0.5753593546547398, "f48": -1.3996232349505846, "f49": 0.6304069007617663, "f5": 2.2930927522459545, "f50": -0.4504477234750095, "f51": -0.9516812325306956, "f52": -1.1924531316987363, "f53": -0.12147018190350364, "f54": 0.32987168787355187, "f55": 2.494680245343986, "f6": 2.3505263179403246, "f7": 0.05299548775518048, "f8": -0.893344145805364, "f9": -0.4569484708099334}, "datetime": {"datetime": "2023-02-04 01:15:31", "elapsed": 25148.089874, "delta": 141.948372}}
{"target": 0.37779939833673587, "params": {"f0": 0.4216465093823453, "f1": 1.2676900682063768, "f10": -0.19682246731169717, "f11": -0.5998144400332754, "f12": -0.7492300676957169, "f13": -0.8020999577772662, "f14": -1.544607015052772, "f15": -1.019299722483051, "f16": 0.8319288530828095, "f17": 0.5785156683606034, "f18": -0.6848320347265586, "f19": -0.8924296552524604, "f2": -0.4613540187504239, "f20": 1.8475213108904156, "f21": 0.740568295097526, "f22": -1.1887413360331938, "f23": 1.3826299262512702, "f24": -0.9138560793190552, "f25": -0.6491861750418625, "f26": 1.4458091679982727, "f27": -0.11567065250917291, "f28": 0.9414410443447698, "f29": 1.1883828092008286, "f3": 2.60868389216531, "f30": 1.4928349496934854, "f31": 1.0712108430579625, "f32": -0.7416743564462881, "f33": -0.5649938213303856, "f34": -0.7507922160097018, "f35": 0.4830475936581992, "f36": -0.1833242517252237, "f37": 0.12592636738260493, "f38": 0.7902190070736343, "f39": -0.7282969224329585, "f4": 0.9194465042707416, "f40": 0.7907105794973501, "f41": -1.466061127718995, "f42": -1.9863551757900417, "f43": 0.5894092721409641, "f44": 0.15264889074723442, "f45": 1.3986581219879997, "f46": -0.29634526898686586, "f47": -1.0255575343811956, "f48": -0.9204369046913953, "f49": 0.31636652606425164, "f5": 1.441249401009539, "f50": -0.8510252402350154, "f51": -1.4504117787982471, "f52": -1.414235899763215, "f53": 0.408443451918825, "f54": 0.41127449213666506, "f55": 1.8568496886221135, "f6": 1.2208575453278814, "f7": -0.42138549838155165, "f8": -0.0036686902749496486, "f9": -1.7806256710310624}, "datetime": {"datetime": "2023-02-04 01:17:05", "elapsed": 25242.696671, "delta": 94.606797}}
{"target": 0.4519612846478822, "params": {"f0": 0.8660433775836927, "f1": 0.7653986820353533, "f10": -0.832887298989344, "f11": -0.4647225439250231, "f12": -1.322690040834228, "f13": -0.9314326830440526, "f14": -1.3116093183797295, "f15": -0.6575640695310211, "f16": 0.46076332302552947, "f17": 0.26819737030233026, "f18": -0.6861246133842218, "f19": -0.706733986736556, "f2": -0.39981861082505576, "f20": 2.939720609599769, "f21": 0.12457279890321867, "f22": -1.7598543335670278, "f23": 1.0086939497479526, "f24": -0.831663277983778, "f25": -0.5362978080341063, "f26": 0.2604966431724725, "f27": 0.21228276756270403, "f28": 0.5612899648743455, "f29": 1.4339786582336218, "f3": 2.4759297398247213, "f30": 1.563373879802494, "f31": 0.4682752862121356, "f32": -0.3404790571421652, "f33": -0.5528613552820452, "f34": -2.170032125031117, "f35": 1.594056247921316, "f36": -0.6227113963380659, "f37": 0.48700779058352917, "f38": 0.7858061972012529, "f39": -1.4658990127017026, "f4": 0.5628276580112609, "f40": 0.36078654382505165, "f41": -0.8653817199451286, "f42": -2.730175822846844, "f43": 0.5836978787170899, "f44": -0.5087993500377163, "f45": 0.693634232038824, "f46": -0.6579726545633653, "f47": -0.33302033840545076, "f48": -0.5397238988894999, "f49": 0.0528989155160223, "f5": 2.8625133481499887, "f50": -1.3850512110243307, "f51": -1.215360230917626, "f52": -0.5027981385958358, "f53": -0.2336006259322549, "f54": -0.1527447743924685, "f55": 1.0782386925979597, "f6": 1.5343907113964455, "f7": 0.22187949260183626, "f8": -0.9302567301922599, "f9": -2.084824135214077}, "datetime": {"datetime": "2023-02-04 01:18:04", "elapsed": 25301.535326, "delta": 58.838655}}
{"target": 0.27347859954540266, "params": {"f0": 0.5839412790217077, "f1": 1.1128096020284566, "f10": -0.8731707646116832, "f11": -0.33932801879162977, "f12": -0.9919390288865542, "f13": -0.3672057804846043, "f14": -1.16878575166396, "f15": -1.1835574076325097, "f16": 0.9144544085303897, "f17": 0.10679220747258458, "f18": -1.6960557741957134, "f19": -1.0656421010570116, "f2": -0.2412917492936426, "f20": 2.1116647024757405, "f21": 0.4495984519161267, "f22": -1.8363272201423295, "f23": 1.7090662865372366, "f24": -1.1363401916354472, "f25": -0.6219009309121103, "f26": 0.5994455015936544, "f27": -0.3655046936329182, "f28": 1.4758221314765694, "f29": 2.274120809433832, "f3": 2.7002176694054096, "f30": 1.0285353832257098, "f31": 0.5392286770795591, "f32": -0.45077316239375537, "f33": -0.8498961186338897, "f34": -1.9556276607821843, "f35": 1.1777936625010992, "f36": -0.12034246779566227, "f37": -0.009661824716343914, "f38": 0.09310461500992422, "f39": -1.7439644661573126, "f4": 0.7462281117930616, "f40": 0.8665527657690296, "f41": -1.3054041721047178, "f42": -0.8525368447471977, "f43": 0.2737196935333984, "f44": 0.08961685731502833, "f45": 1.0568238480357484, "f46": -0.2657077732233399, "f47": -0.821155372476456, "f48": -0.8329926855029345, "f49": 0.6257245204577594, "f5": 2.3489762206625255, "f50": -0.34905862921238895, "f51": -0.34564514031735216, "f52": -0.8587877753891929, "f53": 0.17409375216510853, "f54": 0.5088062892492249, "f55": 0.9777950475573886, "f6": 1.0636695022909577, "f7": -0.10823083625941637, "f8": -0.8383235512832252, "f9": -2.6889363621704465}, "datetime": {"datetime": "2023-02-04 01:19:31", "elapsed": 25388.307139, "delta": 86.771813}}
{"target": 0.2845203545768525, "params": {"f0": 0.8528055915880101, "f1": 0.36275960311698563, "f10": -0.2899946744697399, "f11": -0.4059986100494902, "f12": -0.8108370910525798, "f13": -1.7045523078781761, "f14": -1.2341109050356924, "f15": -0.4766283100961122, "f16": 0.394461733353219, "f17": 0.5753728234494685, "f18": -1.81057309617267, "f19": -1.2790917359552798, "f2": -0.1927002462153926, "f20": 2.342353231926941, "f21": 0.7776344537335208, "f22": -2.483086980475498, "f23": 0.4442055489934854, "f24": -1.7074857985209868, "f25": -0.387842126225461, "f26": 0.7083958161717532, "f27": -0.5252144430203485, "f28": 1.0007213446578305, "f29": 3.0143438779850453, "f3": 1.2586483283985173, "f30": 1.552231311790925, "f31": 0.41718966571689226, "f32": -0.2773547337344474, "f33": -0.46220078045862883, "f34": -0.896127235633783, "f35": 2.251051743497471, "f36": -0.20512756797034803, "f37": -0.06922140754015571, "f38": 0.7961770386746142, "f39": -1.5086317675860366, "f4": 1.8745494605687698, "f40": 0.9436490797212228, "f41": -1.3748099419631856, "f42": -2.1888780878544294, "f43": 0.3765324010060267, "f44": 0.14454635453620457, "f45": 0.732555427536271, "f46": -0.1717780847578293, "f47": -0.8713321760114242, "f48": -0.8791116537712088, "f49": 0.08585772840284903, "f5": 2.5833296862060755, "f50": -0.6838271934287817, "f51": -0.6287068571472911, "f52": -0.8709857090512819, "f53": 0.10197545145051645, "f54": 0.21561879926350214, "f55": 0.9500741190203518, "f6": 0.6659866182623887, "f7": -0.4996827034683926, "f8": -0.33332441870010054, "f9": -2.814579557871743}, "datetime": {"datetime": "2023-02-04 01:20:35", "elapsed": 25452.145446, "delta": 63.838307}}
{"target": 0.405526746109395, "params": {"f0": 0.21147694623349478, "f1": 0.50308463868733, "f10": -0.7599348080497458, "f11": -0.36272498773766526, "f12": -0.6021509320206695, "f13": -0.8839428867156635, "f14": -1.3032519136592264, "f15": -0.8771865219668327, "f16": 0.5447857509996912, "f17": -0.06293968979195783, "f18": -1.641542718072047, "f19": -0.4399204448006311, "f2": -0.815546970101669, "f20": 0.8579636786666387, "f21": -0.08493878790652873, "f22": -2.421417244439568, "f23": 0.5907503257374096, "f24": -1.6480095491309894, "f25": -0.7263754702301577, "f26": 1.3998852161561555, "f27": -0.037248669844333615, "f28": 0.8224330744462547, "f29": 1.3939101224561903, "f3": 1.8893554472999874, "f30": 1.41545066053812, "f31": 1.0152685050966284, "f32": 0.08299400299874371, "f33": -0.6462065889419369, "f34": -2.225083471145742, "f35": 2.7005564352327385, "f36": -0.8684189988734127, "f37": -0.07996687338491415, "f38": 0.1318640998188893, "f39": -1.051097815419051, "f4": 0.7129944905552859, "f40": 0.5347558298879123, "f41": -1.4080686289904347, "f42": -1.6522886294760732, "f43": 0.34595143474422085, "f44": 0.0839019031241453, "f45": 1.1659595534828988, "f46": -0.6576735005763686, "f47": -0.7486027332291372, "f48": -0.7822674229017436, "f49": -0.1491592362061997, "f5": 2.0308972745794285, "f50": -0.6257121616404855, "f51": -1.1103243360807746, "f52": -1.0053907994101792, "f53": 0.6289959535578296, "f54": 0.22682296991186063, "f55": 2.66481662003495, "f6": 1.1801128048819787, "f7": -0.13530682880868505, "f8": -0.8944323231779473, "f9": -1.7587951225813827}, "datetime": {"datetime": "2023-02-04 01:21:31", "elapsed": 25508.105227, "delta": 55.959781}}
{"target": 0.4273096698396736, "params": {"f0": 0.7362674566311648, "f1": 1.413185848774827, "f10": -0.8290961916488442, "f11": -0.15773854968466616, "f12": -0.7600955214870533, "f13": -1.2306027321774922, "f14": -1.0958890329347708, "f15": -1.406939651165104, "f16": 0.601684771808722, "f17": 0.7409003049907184, "f18": -0.8167697398728884, "f19": -0.3779555148101015, "f2": -0.1961204130899773, "f20": 2.785098597714323, "f21": 0.6276623213164965, "f22": -1.2561534386255135, "f23": 2.03508423871781, "f24": -0.6375881750500985, "f25": -0.5803045505339587, "f26": 0.42055446417167164, "f27": 0.10607374887980237, "f28": 0.3390931602079196, "f29": 2.608555211580781, "f3": 1.857304822158491, "f30": 0.9899473164036126, "f31": 0.4709189599624987, "f32": -0.1551706023307574, "f33": -0.07209987555063391, "f34": -1.879964536803794, "f35": 1.8297714417316686, "f36": -0.7536101903808221, "f37": -0.2502816599118178, "f38": 0.0058032018555628714, "f39": -1.6846697971730795, "f4": 0.9745853489375484, "f40": 0.9930830463407625, "f41": -1.5914649196326232, "f42": -1.2652802750556673, "f43": 1.1971823471145449, "f44": -0.28414592969320857, "f45": 0.6155580693266376, "f46": -0.17423725272167334, "f47": -0.26198848601705393, "f48": -1.5086692893461753, "f49": -0.03542739668396078, "f5": 1.3966324259701708, "f50": -1.5353791261153689, "f51": -0.5873325380687552, "f52": -1.013138623768721, "f53": 0.2624961045824138, "f54": 0.5028111689333465, "f55": 2.29111894837355, "f6": 0.787347662904877, "f7": -0.015109319090563733, "f8": -0.33047466480899623, "f9": -0.5090988773982543}, "datetime": {"datetime": "2023-02-04 01:22:30", "elapsed": 25567.435276, "delta": 59.330049}}
{"target": 0.11272335116984286, "params": {"f0": 0.6005918768574526, "f1": 0.8270546599080661, "f10": -0.9480398536169206, "f11": -0.6386301188436122, "f12": -0.8385102089757909, "f13": -0.7879724562015826, "f14": -0.8900000932152184, "f15": -1.1631495584608904, "f16": 0.917115250095561, "f17": 0.1883075475930213, "f18": -0.6198126454655501, "f19": -0.7968388380077803, "f2": -0.6756205058444273, "f20": 2.4412420201037683, "f21": 0.7383709526591983, "f22": -0.6143496103312693, "f23": 1.437046094032464, "f24": -0.488352256449919, "f25": -0.2871858398393755, "f26": 1.2427150672567144, "f27": -0.09535081450996358, "f28": 0.7835594464586179, "f29": 1.3600858677343615, "f3": 2.1669223646933844, "f30": 2.1158554641272316, "f31": 0.5648771748298194, "f32": -0.29897658513473446, "f33": -0.2084998050943554, "f34": -1.3091301356814697, "f35": 0.687694797653912, "f36": -0.777933919361498, "f37": 0.34255070360694945, "f38": 0.818348574034877, "f39": -1.4754902914273993, "f4": 0.9386613072429685, "f40": 0.167910201898889, "f41": -1.0540707997609355, "f42": -1.923969231267311, "f43": 0.8809079077954759, "f44": -0.05674989252936946, "f45": 0.7637185229464392, "f46": -0.2792009855284524, "f47": -0.44316855103511255, "f48": -1.4743503316053188, "f49": -0.07911886328581799, "f5": 2.5057595568709745, "f50": -1.4614185059523896, "f51": -1.2657743176998812, "f52": -0.6145504306260637, "f53": 0.3362720539520714, "f54": -0.10371210197619139, "f55": 1.9182139330538441, "f6": 1.1768961744263697, "f7": -0.14269707083310396, "f8": -0.3289527018034951, "f9": -1.5409184387251622}, "datetime": {"datetime": "2023-02-04 01:23:32", "elapsed": 25629.3262, "delta": 61.890924}}
{"target": 0.22053558864543513, "params": {"f0": 0.4602843047377989, "f1": 0.38727437374940876, "f10": -0.9350717541291226, "f11": -0.9039158921937827, "f12": -0.40052952731743807, "f13": -1.021753132924188, "f14": -0.5263005760146776, "f15": -1.2511149970653739, "f16": 0.9823415756905352, "f17": 0.08694325264126396, "f18": -1.132656499863798, "f19": -0.8942102699082869, "f2": -0.8563375200932688, "f20": 0.6369049029086065, "f21": 0.45325144010441976, "f22": -1.0942263135728718, "f23": 1.123924610047794, "f24": -1.249040975186081, "f25": -0.6741403564222794, "f26": 0.39490440117908154, "f27": -0.07182666203141003, "f28": 1.1687780940398156, "f29": 2.118548543327398, "f3": 0.9196307808259689, "f30": 2.1898084602084764, "f31": 1.1789953129595494, "f32": -0.5080495770383346, "f33": -0.6248170536794715, "f34": -2.1987658435725965, "f35": 1.1708379060109766, "f36": -0.757262439060641, "f37": 0.4706060734197654, "f38": 0.34018690590653555, "f39": -1.536143053485174, "f4": 0.541858472641108, "f40": 0.4912067071863594, "f41": -1.7277787455401459, "f42": -2.052470680114404, "f43": 0.591347093334902, "f44": -0.425062061522773, "f45": 0.7782859895729817, "f46": -0.5068566919264028, "f47": -1.128299814840695, "f48": -0.7922679702450266, "f49": 0.5122068344583026, "f5": 2.969600068069809, "f50": -1.1030475720625075, "f51": -1.0781483290196463, "f52": -0.4604369621146578, "f53": 0.42435909126107163, "f54": 0.023606847455469204, "f55": 1.5073578643927092, "f6": 0.8544581865597252, "f7": -0.4234528842547372, "f8": -0.8634928758819527, "f9": -0.5078622452872539}, "datetime": {"datetime": "2023-02-04 01:24:38", "elapsed": 25695.276876, "delta": 65.950676}}
{"target": 0.1444425540034421, "params": {"f0": 0.16529875597167132, "f1": 1.0655261093100123, "f10": -0.7277935027323239, "f11": -0.5958921177408205, "f12": -0.6447027360580792, "f13": -0.6655908165461069, "f14": -1.3253439297110818, "f15": -1.4842407208021409, "f16": 0.1479647650455106, "f17": 0.19178669593740028, "f18": -1.3934354467155845, "f19": -0.9779663401844411, "f2": -0.10350718349403831, "f20": 2.4622038068746153, "f21": 0.6392831771990226, "f22": -1.9641198002788327, "f23": 1.4812593327443748, "f24": -0.5631781262593181, "f25": -0.800028350698232, "f26": 1.4502067539041283, "f27": 0.21202032860114828, "f28": 1.3412874613295127, "f29": 1.2117468001320346, "f3": 2.8893679939474133, "f30": 0.7863865486905173, "f31": 0.480839526854927, "f32": -0.3486938120361229, "f33": -0.6879367421933895, "f34": -0.5886150815488704, "f35": 2.680078229255233, "f36": -0.7610266550896799, "f37": -0.14585585978073337, "f38": 0.09095326787840548, "f39": -0.7957047479034316, "f4": 0.9693374452487922, "f40": 0.5321861601907221, "f41": -0.9236515426393936, "f42": -0.6088273425860593, "f43": 0.5097487231392113, "f44": 0.17952951097891384, "f45": 1.1281884449245656, "f46": 0.028846385785277207, "f47": -1.0233628499167315, "f48": -0.451108022105847, "f49": 0.475787255319057, "f5": 2.517035809954552, "f50": -1.336123216757745, "f51": -1.4747347111611908, "f52": -0.6572457212492522, "f53": -0.16078598554938364, "f54": 0.0047263586253107615, "f55": 2.732600768527363, "f6": 1.05688128970373, "f7": 0.267485402292533, "f8": -0.46061071182601265, "f9": -2.0723744116688936}, "datetime": {"datetime": "2023-02-04 01:25:53", "elapsed": 25770.584844, "delta": 75.307968}}
{"target": 0.43311066315862506, "params": {"f0": 0.8612331835325655, "f1": 0.4369701438850387, "f10": -0.32162954738652294, "f11": -0.6617727286418742, "f12": -1.0111604363294324, "f13": -0.9046037795679509, "f14": -1.0500649814060061, "f15": -1.0178474150032681, "f16": 0.5702857566347701, "f17": 0.48684326371746006, "f18": -1.2753076992741719, "f19": -1.3399381554606378, "f2": -0.0594597554684716, "f20": 3.0203112975315225, "f21": 0.5712575736878495, "f22": -1.0434676280102635, "f23": 0.7259085439633308, "f24": -1.2611623580695461, "f25": -0.8170530988644032, "f26": 0.9095577183922259, "f27": 0.006257842637245381, "f28": 0.5555286482072366, "f29": 2.9142808158320945, "f3": 0.5879874692370654, "f30": 1.7752530156979154, "f31": 0.23972988637135667, "f32": -0.288766300544801, "f33": -0.764766590508192, "f34": -1.0209544861370605, "f35": 2.4446688781843458, "f36": -0.764882117262158, "f37": 0.19350142945894078, "f38": 0.28391700624534266, "f39": -2.101602606119421, "f4": 1.9203671610653934, "f40": 0.25882409562438385, "f41": -0.5430155047717626, "f42": -2.370687345048374, "f43": 0.9769964339873614, "f44": 0.03357076567101719, "f45": 0.9946368882381763, "f46": -0.23538900377228356, "f47": -0.1816696300826307, "f48": -0.7643774866426776, "f49": 0.19788171971919716, "f5": 2.863618425373137, "f50": -0.4949881695252545, "f51": -1.2022648277176489, "f52": -1.1967010955645925, "f53": 0.05515572621183518, "f54": 0.0399561309452339, "f55": 1.770499037102192, "f6": 2.1457092163474525, "f7": 0.24846669890338985, "f8": -0.27430113676652834, "f9": -0.8317391130980156}, "datetime": {"datetime": "2023-02-04 01:26:56", "elapsed": 25833.225113, "delta": 62.640269}}
{"target": 0.25360274636402336, "params": {"f0": 0.22089832282019922, "f1": 1.1991478268242655, "f10": -0.43130524493757016, "f11": -0.019644844403422623, "f12": -0.7317525790303777, "f13": -0.7306392277140092, "f14": -0.884151119160961, "f15": -0.760784581512544, "f16": 0.7744444269432499, "f17": 0.3555044476061353, "f18": -1.402102012248894, "f19": -1.3150737457877268, "f2": -0.13432292260514, "f20": 2.146644682056645, "f21": 0.033258694841701894, "f22": -0.8820006007290964, "f23": 1.490450480796222, "f24": -0.6519722673764232, "f25": -1.0306783307774947, "f26": 0.40439725523889897, "f27": -0.47717161813480236, "f28": 1.0527061078833044, "f29": 1.4934006542132348, "f3": 1.955467941398093, "f30": 2.0800537181662664, "f31": 0.497689234100891, "f32": -0.3952211772896541, "f33": -0.5592085186278172, "f34": -1.326242456688354, "f35": 1.282765525109697, "f36": -0.9273854138589901, "f37": 0.19812621840385258, "f38": 0.17498348775044692, "f39": -1.3088777110320942, "f4": 1.6280743105428956, "f40": 0.5563129001142546, "f41": -2.043824940771416, "f42": -1.3623016553217993, "f43": 0.6576811934066507, "f44": 0.0010446943471406622, "f45": 1.3861526525651082, "f46": -0.15621626935704747, "f47": -0.7422500048285772, "f48": -0.8966824351371753, "f49": 0.621579359850528, "f5": 0.6104929632923509, "f50": -1.4619260267550054, "f51": -0.8461107324401942, "f52": -0.7298995788849095, "f53": 0.15820811036788812, "f54": -0.03212720255240073, "f55": 2.1750865729422477, "f6": 0.5407904610616859, "f7": 0.06322127931932847, "f8": -0.07262189141018738, "f9": -1.4186954670388467}, "datetime": {"datetime": "2023-02-04 01:28:03", "elapsed": 25900.340801, "delta": 67.115688}}
