{"target": 0.4320651672398973, "params": {"f0": 0.26561171169139297, "f1": 0.5854715054122304, "f10": -0.8600219715848423, "f11": -0.28531787044616574, "f12": -0.4600900959779277, "f13": -0.5485932933005329, "f14": -1.0856646878511111, "f15": -1.0396077921482159, "f16": 0.35020422734885454, "f17": 0.3543111354386586, "f18": -1.4150288854430642, "f19": -1.2991481398963947, "f2": -0.31998279493590587, "f20": 1.5749048559008871, "f21": 0.38964819844038584, "f22": -1.8305661975201097, "f23": 0.9068204384890624, "f24": -1.1791002770669854, "f25": -0.8596906007119466, "f26": 1.047916034531661, "f27": -0.5043918714173217, "f28": 1.1543399025263419, "f29": 1.38120184829764, "f3": 2.5200049157864455, "f30": 1.3937965540218598, "f31": 1.0278800890809143, "f32": -0.23723299583363255, "f33": -0.49578124941860524, "f34": -0.5761336404577619, "f35": 0.6332157629046689, "f36": -0.2605365534474817, "f37": 0.2876322562933433, "f38": 0.11154945475754463, "f39": -1.2522644673085028, "f4": 1.2814827805040019, "f40": 0.24099249168356202, "f41": -1.3389180208708158, "f42": -1.3308714558790689, "f43": 0.45440145273045407, "f44": 0.1925784499201033, "f45": 1.0195941885424418, "f46": -0.5575814544727251, "f47": -0.8595688511880227, "f48": -0.6774294383847553, "f49": 0.5648777975615203, "f5": 2.823052141549794, "f50": -1.015191156288779, "f51": -1.263210890672111, "f52": -0.6369845059628404, "f53": 0.22150964053971092, "f54": 0.12523422625202552, "f55": 2.983685346238356, "f6": 1.3393948762806018, "f7": 0.22905196974822228, "f8": -0.76420719030041, "f9": -1.161910920674093}, "datetime": {"datetime": "2023-02-03 23:40:34", "elapsed": 19451.764067, "delta": 131.472778}}
{"target": 0.30408937296784516, "params": {"f0": 0.4027531192734257, "f1": 1.0738961121708026, "f10": -0.5657777415263398, "f11": -0.36631612974217237, "f12": -0.5566993711356869, "f13": -1.4350412738311242, "f14": -1.1264294822803307, "f15": -1.2415442728354076, "f16": 0.5459853975168408, "f17": 0.2851971728316077, "f18": -0.6294401487615686, "f19": -0.9101297701219677, "f2": -0.7220831988057961, "f20": 2.096203647918886, "f21": 0.02497381880324759, "f22": -2.0771674630675037, "f23": 0.901024001442899, "f24": -1.6826021745093807, "f25": -0.9649191463208182, "f26": 0.8095064673281314, "f27": 0.0534544739357653, "f28": 1.3288037669219404, "f29": 1.511444078311727, "f3": 2.4922680863277926, "f30": 2.0157885878843045, "f31": 0.9204883303320442, "f32": -0.30739440368727144, "f33": -0.5784892885587181, "f34": -0.7642202558751219, "f35": 2.50638530651604, "f36": -0.3937708627330865, "f37": 0.2519370670353136, "f38": 0.09339345929776444, "f39": -1.2618487599337818, "f4": 1.758629100410045, "f40": 0.6939204897255598, "f41": -1.6569932372480343, "f42": -2.421524682609591, "f43": 0.5090700000084768, "f44": 0.18643374712205174, "f45": 1.3373900737456168, "f46": -0.4915872216592661, "f47": -0.6274960409806186, "f48": -1.5095634252788461, "f49": 0.006050920369412308, "f5": 1.0271292088430846, "f50": -0.8699039329611907, "f51": -1.0701921650391713, "f52": -0.7481911539162864, "f53": 0.5078184625293259, "f54": 0.49318701821236177, "f55": 2.7819541074051144, "f6": 1.2405626372324536, "f7": 0.1612300276941966, "f8": -0.7022085440503038, "f9": -1.6236722432073851}, "datetime": {"datetime": "2023-02-03 23:41:52", "elapsed": 19529.435938, "delta": 77.671871}}
{"target": 0.09279039501440435, "params": {"f0": 0.3174788814228414, "f1": 1.1107643323859535, "f10": -0.6762129549473674, "f11": -0.1147269022858447, "f12": -0.6587338358694379, "f13": -0.598910134045042, "f14": -0.5339418463796551, "f15": -0.6277911188728921, "f16": 0.6681150868660168, "f17": 0.5496187207906285, "f18": -0.7030436191368485, "f19": -0.4785201604392195, "f2": -0.29665339541842495, "f20": 1.3839394075158444, "f21": 0.16662958586654442, "f22": -1.880692087166912, "f23": 0.9362610191182881, "f24": -0.5911928087149907, "f25": -0.2366901736044379, "f26": 0.9118148805412518, "f27": 0.17749296049266106, "f28": 0.836101714135649, "f29": 2.819810120489287, "f3": 1.0300679722826374, "f30": 0.6102890681242573, "f31": 1.2090681126085552, "f32": -0.6060771842906231, "f33": -0.6631391962795481, "f34": -1.9811464571120214, "f35": 1.379460728182437, "f36": -0.1104248435759978, "f37": 0.18153968480383265, "f38": 0.7427509812069899, "f39": -1.6275680928039233, "f4": 1.2714458112380491, "f40": 0.19501538351114894, "f41": -1.107232530636203, "f42": -0.7745061186777824, "f43": 0.8832947562030847, "f44": 0.14249852975972988, "f45": 1.0838229924500806, "f46": -0.3855966541474453, "f47": -0.5356980366961289, "f48": -0.5583162897782503, "f49": 0.02567979668667429, "f5": 2.4693665979284134, "f50": -0.8499830511623846, "f51": -0.5895714177008992, "f52": -0.7764505964615077, "f53": -0.16249519895647466, "f54": 0.18751923566360817, "f55": 2.189290649657, "f6": 1.22766849780882, "f7": 0.11333460878698365, "f8": -0.5825538874878304, "f9": -1.2838284191563993}, "datetime": {"datetime": "2023-02-03 23:43:07", "elapsed": 19604.613003, "delta": 75.177065}}
{"target": 0.18594809671699908, "params": {"f0": 0.6472270242537174, "f1": 0.7396448940043852, "f10": -0.4852656404822957, "f11": -0.8563357784219962, "f12": -0.8140206162876336, "f13": -1.1158999387989676, "f14": -0.9865599437241797, "f15": -0.452941648178508, "f16": 0.9175729418969361, "f17": 0.009171418562598496, "f18": -0.8835609461651135, "f19": -0.9407731085250535, "f2": -0.20706367668737047, "f20": 0.997165677091509, "f21": 0.34031080428785365, "f22": -1.3981046899262595, "f23": 1.8884395546490917, "f24": -0.7061233750352441, "f25": -0.7555486278849367, "f26": 1.2303845890217842, "f27": -0.18121543652093425, "f28": 0.48378729952141175, "f29": 2.8357644819737073, "f3": 1.2004541402410682, "f30": 1.515472032265376, "f31": 0.5213630443216006, "f32": -0.44163626570714265, "f33": -0.23141378453243377, "f34": -2.086038821501858, "f35": 1.289969682964157, "f36": -0.19641225262749473, "f37": 0.2087536246458332, "f38": 0.5290954413423536, "f39": -1.4505667184319058, "f4": 2.7764700395007917, "f40": 0.45667746144058263, "f41": -1.8953504446466798, "f42": -2.0901155347113822, "f43": 1.0635063961797027, "f44": 0.19868794756329644, "f45": 0.5200065305692494, "f46": -0.02738986712089786, "f47": -0.2952090768262673, "f48": -1.006955248218993, "f49": 0.5313002596363092, "f5": 1.5402430731456909, "f50": -0.7858929847839324, "f51": -1.062272530468939, "f52": -1.2644381359270724, "f53": -0.01916136643780278, "f54": 0.1929564634924395, "f55": 0.7455474146952005, "f6": 2.799200201147044, "f7": -0.15364158867844419, "f8": -0.4628019768462478, "f9": -0.7715537591264501}, "datetime": {"datetime": "2023-02-03 23:44:20", "elapsed": 19677.753615, "delta": 73.140612}}
{"target": 0.14809363801337064, "params": {"f0": 0.24579340069909045, "f1": 0.5617329819057202, "f10": -1.1366234228883663, "f11": -0.1976191849719351, "f12": -0.40053307366546154, "f13": -0.4914078462958089, "f14": -0.6966015910946168, "f15": -1.3004747362037659, "f16": 0.23776461131871265, "f17": 0.040064888188266895, "f18": -1.5590339485135776, "f19": -1.2022896853022655, "f2": -0.5375026398934843, "f20": 0.9736404941410843, "f21": 0.6273232010350431, "f22": -2.2418208147145764, "f23": 1.0419767990875866, "f24": -0.8562026007355081, "f25": -0.39455752221502793, "f26": 0.45969629100817266, "f27": 0.15015493348386544, "f28": 0.9441808731979571, "f29": 1.938430538651646, "f3": 1.712393527775913, "f30": 2.0615511255281467, "f31": 0.740379415169149, "f32": -0.0037814738812800286, "f33": -0.13550000685574082, "f34": -2.105395770881767, "f35": 0.8146339871080681, "f36": -0.12055492687055269, "f37": 0.07483156976553784, "f38": 0.6370915571143041, "f39": -0.8940159743688572, "f4": 0.8841118040636242, "f40": 0.3346136171489581, "f41": -1.6041939822522255, "f42": -1.4118707584437635, "f43": 1.0115536156356892, "f44": -0.3470996908470686, "f45": 1.1863753236701016, "f46": -0.0119261963601347, "f47": -0.6999263427627225, "f48": -0.6003149350174797, "f49": 0.44662034070612666, "f5": 0.8948080598782783, "f50": -1.4724879557517538, "f51": -0.4490300151199511, "f52": -0.7178730789090226, "f53": 0.2609275000761522, "f54": 0.022113081147173544, "f55": 0.812412204367358, "f6": 1.0729154516241197, "f7": 0.025812806643850328, "f8": -0.2692013451345676, "f9": -1.0618791673861703}, "datetime": {"datetime": "2023-02-03 23:46:12", "elapsed": 19788.969078, "delta": 111.215463}}
{"target": 0.3038826848896022, "params": {"f0": 0.2549398267557218, "f1": 0.8700580321976068, "f10": -0.8824762278582245, "f11": -0.16499972463834223, "f12": -1.204702567781561, "f13": -0.4993357630469528, "f14": -0.7784031995397578, "f15": -0.4880085098940651, "f16": 0.34581313915357587, "f17": 0.5339808467066827, "f18": -1.4984594183822264, "f19": -1.3038658359978201, "f2": -0.8638114570376587, "f20": 2.378815195805669, "f21": 0.5733091627931542, "f22": -1.9145372589143113, "f23": 1.9518810983698154, "f24": -0.9324612861654221, "f25": -0.3792702338942794, "f26": 0.7182107147800607, "f27": -0.22761705926769338, "f28": 0.8385135824104747, "f29": 2.3505616328597667, "f3": 1.2937683117854997, "f30": 1.480679934371424, "f31": 1.1432142127373965, "f32": -0.16773024258749014, "f33": -0.30147370273631924, "f34": -0.7519350848762645, "f35": 1.2000091586286472, "f36": -0.27616155105632434, "f37": 0.4591154812767766, "f38": 0.43715698977004797, "f39": -1.3973903257734048, "f4": 1.859227927806958, "f40": 0.43172357619856433, "f41": -1.2119630309686182, "f42": -2.106196217602868, "f43": 0.6642765445620891, "f44": -0.08944229299871087, "f45": 0.6389882361505116, "f46": -0.3418666675532313, "f47": -0.7415203222419646, "f48": -1.365781218668231, "f49": 0.3406044195837278, "f5": 1.9551230496038323, "f50": -1.0501760566680542, "f51": -0.8840718390957419, "f52": -0.7548190232410298, "f53": 0.20743778214342926, "f54": 0.24476096743552378, "f55": 2.3733586448737345, "f6": 2.152939155193505, "f7": -0.38240683896422206, "f8": -0.37770771051383367, "f9": -1.7253467673455496}, "datetime": {"datetime": "2023-02-03 23:47:42", "elapsed": 19879.553296, "delta": 90.584218}}
{"target": 0.46606795510219085, "params": {"f0": 0.1509748488508368, "f1": 0.8482023848391591, "f10": -0.43986875982994333, "f11": -0.7926646596157678, "f12": -0.7061861789247359, "f13": -1.0536576546484004, "f14": -0.5734229229525102, "f15": -1.111354341997398, "f16": 0.844093115652027, "f17": 0.5347734814999607, "f18": -0.9786883261727877, "f19": -1.263255372836802, "f2": -0.4363112197176413, "f20": 1.8418904900196154, "f21": 0.2419549206694322, "f22": -2.639100609588433, "f23": 1.6724963720080654, "f24": -1.0085409990808754, "f25": -0.2497981477822131, "f26": 0.7768998392940808, "f27": -0.1392106699116208, "f28": 1.2862206538080039, "f29": 2.6218229383670795, "f3": 2.4942295757629873, "f30": 1.3556604295953507, "f31": 0.3776965691034816, "f32": -0.10025136449114136, "f33": -0.4755032943157966, "f34": -0.8881744248766206, "f35": 1.5345452375039095, "f36": -0.2741925212262566, "f37": 0.19128568234188031, "f38": 0.7819760641905777, "f39": -0.7271905931782745, "f4": 1.2842423840160007, "f40": 0.613357461549079, "f41": -1.449758574390037, "f42": -1.1461021322964637, "f43": 0.6106936096833082, "f44": -0.18382866143184887, "f45": 0.9811686480470712, "f46": -0.14643214920563352, "f47": -0.6182907642419844, "f48": -1.4634731656769584, "f49": 0.5984033204952721, "f5": 2.0835195140762375, "f50": -1.4686404473711632, "f51": -1.0543858094211414, "f52": -0.9528702457557943, "f53": -0.005918035850875886, "f54": 0.0685791814081, "f55": 2.1792613371945464, "f6": 1.7600723514882812, "f7": 0.02809047076814436, "f8": -0.6952843411377312, "f9": -1.7692596572200774}, "datetime": {"datetime": "2023-02-03 23:48:53", "elapsed": 19950.374348, "delta": 70.821052}}
{"target": 0.19931737045180223, "params": {"f0": 0.2241514334867714, "f1": 1.1626162790693222, "f10": -1.1391164166588545, "f11": -0.5269127226930926, "f12": -1.1139834224534704, "f13": -0.7847763938352905, "f14": -0.7361214104680645, "f15": -0.531930177671531, "f16": 0.4392700962103016, "f17": 0.11615346146203198, "f18": -2.000654291731993, "f19": -0.5402512730874945, "f2": -0.5618879138065556, "f20": 2.2800755192524074, "f21": 0.24378585743291398, "f22": -1.0727761785415506, "f23": 1.7276803515120838, "f24": -1.2815044750268134, "f25": -0.2854764972530568, "f26": 0.5404594386466041, "f27": 0.05111418540160473, "f28": 0.6406104845198105, "f29": 1.8407275375954817, "f3": 2.9922097447059017, "f30": 0.8722038771055686, "f31": 0.9295506836303368, "f32": -0.02535855893875938, "f33": -0.4950597624985557, "f34": -1.4157437826484904, "f35": 2.454388069468083, "f36": -0.7289894598320393, "f37": 0.33029432101705725, "f38": 0.5738537139621924, "f39": -1.2563889170671487, "f4": 2.1911457800884886, "f40": 0.6840758530903853, "f41": -1.3134935232401297, "f42": -1.9163301967764832, "f43": 1.0437127220380433, "f44": -0.4087236013174533, "f45": 1.2671401427087452, "f46": -0.29263012612324113, "f47": -0.8601286555185392, "f48": -0.5133070011267282, "f49": 0.2865093779802822, "f5": 1.2872661512772037, "f50": -1.0388527810264394, "f51": -1.2581442936273315, "f52": -0.5307842931200455, "f53": 0.02655467126182029, "f54": 0.0726945336176434, "f55": 2.1847830557589383, "f6": 2.2089382027443367, "f7": -0.09507370625056671, "f8": -0.7074434780209647, "f9": -1.3681152809756751}, "datetime": {"datetime": "2023-02-03 23:49:35", "elapsed": 19992.695714, "delta": 42.321366}}
{"target": 0.4691934995098911, "params": {"f0": 0.6239931350622065, "f1": 0.750135757539895, "f10": -0.7779537450636009, "f11": -0.5570983150574622, "f12": -0.597453182672087, "f13": -1.479463626282576, "f14": -0.5049774102586065, "f15": -1.3755614891096248, "f16": 0.949212980516265, "f17": 0.1629658779913433, "f18": -1.4538154527879588, "f19": -0.5710796887092098, "f2": -0.8013070484754717, "f20": 1.6212096393889408, "f21": 0.012577924533379619, "f22": -2.0611578655808036, "f23": 1.8449040066138132, "f24": -0.6941786673231942, "f25": -0.2777991147891198, "f26": 1.0894340593037422, "f27": -0.3363753845025903, "f28": 0.6529722861260754, "f29": 1.1886792432979747, "f3": 2.145400811675159, "f30": 0.9912685035215064, "f31": 0.3863551195549503, "f32": -0.350014761233713, "f33": -0.09897234206495809, "f34": -1.225300942409096, "f35": 2.0109505315482785, "f36": -0.1559033492505184, "f37": -0.1818876784508536, "f38": 0.21606081796373522, "f39": -2.0292056665907796, "f4": 1.0051843095380506, "f40": 0.41913721186605596, "f41": -1.5003563250409977, "f42": -2.038950075089816, "f43": 1.1597886002686772, "f44": -0.15089259161944152, "f45": 0.7021156406000516, "f46": -0.0087618166655411, "f47": -0.5380555717966161, "f48": -1.3194748219974692, "f49": 0.3407967083150355, "f5": 1.1631002125894172, "f50": -0.9920747112131737, "f51": -0.7441155315330069, "f52": -0.7036033886290989, "f53": 0.21519709423747566, "f54": -0.06389795589700491, "f55": 1.2258508241760258, "f6": 1.489686302170929, "f7": 0.04243736972034273, "f8": -0.5588395012380074, "f9": -2.10295529594963}, "datetime": {"datetime": "2023-02-03 23:50:56", "elapsed": 20073.091136, "delta": 80.395422}}
{"target": 0.34254859763316475, "params": {"f0": 0.18999644736937735, "f1": 1.0151016612638284, "f10": -1.097892996738651, "f11": -0.40738286292373777, "f12": -1.1465331593874475, "f13": -0.8705472944905464, "f14": -0.7934928917773365, "f15": -0.7175901502667132, "f16": 0.49627529271738974, "f17": 0.44293005721249173, "f18": -1.1713126814601649, "f19": -0.5935795642414051, "f2": -0.48785071689416704, "f20": 0.6994528149843585, "f21": 0.3380390748388827, "f22": -1.9593773308941835, "f23": 0.6242754082333928, "f24": -1.2216650232519493, "f25": -0.29711300989094513, "f26": 0.624987758153101, "f27": 0.032113141719254945, "f28": 0.5246821627071699, "f29": 1.2435106581937392, "f3": 1.4524074744452409, "f30": 1.5343924604362504, "f31": 0.7140597303609132, "f32": -0.5754805782515198, "f33": -0.09325105158314573, "f34": -1.9658438823775333, "f35": 1.883923622227281, "f36": -0.7173731716096708, "f37": 0.3930459595094246, "f38": 0.44674767584965686, "f39": -1.5497726897621016, "f4": 1.3184847019096082, "f40": 0.20785781626913646, "f41": -1.454510230055122, "f42": -2.5948270298115914, "f43": 0.7694915266261864, "f44": 0.04521906461467917, "f45": 0.5902801644240598, "f46": -0.6229631033749798, "f47": -0.5790903827965881, "f48": -0.9177390926220116, "f49": 0.34786233672833267, "f5": 2.7485766744330293, "f50": -1.0794785921011902, "f51": -0.9723791871111984, "f52": -0.8602486315192686, "f53": 0.2893285029410537, "f54": 0.04439678799053941, "f55": 2.567680271099041, "f6": 2.7554547006731416, "f7": 0.2337287999921825, "f8": -0.36455685458528253, "f9": -0.8859424655026049}, "datetime": {"datetime": "2023-02-03 23:52:00", "elapsed": 20137.479934, "delta": 64.388798}}
{"target": 0.23138632390267405, "params": {"f0": 0.28765068226462276, "f1": 0.7973891219378392, "f10": -0.6759247720972702, "f11": -0.607117285226179, "f12": -1.0546101331521545, "f13": -1.3983660249783756, "f14": -0.7559037280390474, "f15": -0.5949531154676108, "f16": 0.2913919615670788, "f17": 0.290621805823802, "f18": -2.0291825345379872, "f19": -0.9217731345243214, "f2": -0.6843913201505479, "f20": 2.5820755090785137, "f21": 0.4087896166740515, "f22": -2.6967414808386363, "f23": 1.6757210118719326, "f24": -1.032892893822583, "f25": -0.7721293975902164, "f26": 0.6946276454990912, "f27": 0.09597815976218615, "f28": 0.9561134199884967, "f29": 2.8269606570035073, "f3": 2.081266196238924, "f30": 1.7896082784930596, "f31": 0.6492881777605956, "f32": -0.11538125533468657, "f33": -0.6957633159325846, "f34": -1.975901456800055, "f35": 2.0503936671360785, "f36": -0.3685604004180782, "f37": -0.16514979249864184, "f38": 0.2771696168892905, "f39": -1.1613373987410271, "f4": 2.1773280802969532, "f40": 0.5989566445007052, "f41": -1.9389857874008136, "f42": -1.2428514439779381, "f43": 1.234963033573458, "f44": -0.36565063340988435, "f45": 1.2727159658746363, "f46": -0.5914532556217558, "f47": -0.9227634833351517, "f48": -0.7836271826762164, "f49": 0.06982223959215902, "f5": 1.486568570953895, "f50": -0.7291184800281597, "f51": -0.8127228835405674, "f52": -0.49646174830782197, "f53": 0.10774098850035764, "f54": -0.0856364249604375, "f55": 1.8127911873163864, "f6": 1.7004980962907994, "f7": 0.20757708337721975, "f8": -0.6156541789807073, "f9": -2.0776764025893}, "datetime": {"datetime": "2023-02-03 23:53:27", "elapsed": 20223.983945, "delta": 86.504011}}
{"target": 0.25525857288796727, "params": {"f0": 0.3459393438925536, "f1": 1.1073114683534695, "f10": -0.991787886854611, "f11": -0.4704873638085537, "f12": -0.4797342029896201, "f13": -1.3211848697274133, "f14": -0.8239315628895575, "f15": -1.0936074870892876, "f16": 0.4631837479526098, "f17": 0.5800161172488327, "f18": -1.0708525097089654, "f19": -1.368873728428164, "f2": -0.24437304452267428, "f20": 1.5849444300236053, "f21": 0.2825577433536607, "f22": -1.7003495134323219, "f23": 1.0390301026466, "f24": -0.7879299654335796, "f25": -0.4754276811675331, "f26": 1.2204706977507893, "f27": 0.05521898825368021, "f28": 0.5628448515793808, "f29": 1.721066429519025, "f3": 0.7947683733236979, "f30": 1.6629896386385532, "f31": 0.5182172534814983, "f32": -0.09101204308310418, "f33": -0.23549968202011495, "f34": -1.6836434096876993, "f35": 2.1788245842351524, "f36": -0.4353599690189448, "f37": 0.32911590174068844, "f38": 0.34295516353693856, "f39": -1.7567830584019957, "f4": 1.36127185537394, "f40": 0.8540992831203935, "f41": -1.2100092464969854, "f42": -1.7120903078605256, "f43": 1.0277539541243224, "f44": -0.28653162933348697, "f45": 0.8327422127981696, "f46": -0.028875061150242964, "f47": -0.9520699152771177, "f48": -1.416081751487716, "f49": 0.03744486520656376, "f5": 2.760672967339069, "f50": -0.680624561050115, "f51": -0.6410173451011963, "f52": -1.3246665204605381, "f53": 0.03045647479250281, "f54": 0.5296909011906257, "f55": 1.6226477152208358, "f6": 1.0083009756973755, "f7": 0.1710110305926263, "f8": -0.6520567418595026, "f9": -0.9675935275800609}, "datetime": {"datetime": "2023-02-03 23:54:14", "elapsed": 20270.924255, "delta": 46.94031}}
{"target": 0.25315902647416016, "params": {"f0": 0.35219496851796595, "f1": 0.6678092655863621, "f10": -0.9751908209322783, "f11": -0.6591302274828138, "f12": -1.0055744552771697, "f13": -1.5062896522970926, "f14": -0.6960417846158061, "f15": -0.565240445211823, "f16": 0.5494804895228586, "f17": -0.009232159190299155, "f18": -1.9385915782486969, "f19": -1.1522020447043373, "f2": -0.2485016508154485, "f20": 2.2082399165761095, "f21": 0.2226194056118676, "f22": -2.5283518923582418, "f23": 1.3503171787981305, "f24": -1.3773728688121816, "f25": -0.6458921994843998, "f26": 1.2530429351837884, "f27": -0.27747443854064335, "f28": 0.7949614491638728, "f29": 1.5170768032904496, "f3": 2.961372877857365, "f30": 1.333998992902286, "f31": 0.38630200013195043, "f32": -0.5473949185991015, "f33": -0.32211905463736057, "f34": -1.1589463087655363, "f35": 2.4530025216972384, "f36": -0.3202824062076738, "f37": 0.0792062519344004, "f38": 0.6221710714044294, "f39": -1.777918028869355, "f4": 1.5278769940715329, "f40": 0.5598974492881471, "f41": -1.4570990825361456, "f42": -1.9539956374630805, "f43": 0.756443225503628, "f44": -0.13970757525246297, "f45": 0.8660651943696845, "f46": -0.270960579729053, "f47": -0.678454155348555, "f48": -0.7871194940830888, "f49": 0.2243377396465439, "f5": 2.59771763566861, "f50": -1.0467596856937544, "f51": -0.7882242510309946, "f52": -0.908718725767129, "f53": 0.09680823269304677, "f54": 0.5279843581127683, "f55": 1.1910940298853026, "f6": 0.8610496074797391, "f7": 0.0637082772989288, "f8": -0.22635829600432622, "f9": -0.923417013742077}, "datetime": {"datetime": "2023-02-03 23:55:26", "elapsed": 20343.462146, "delta": 72.537891}}
