{"target": 0.304272626308339, "params": {"f0": 1.0128947093070768, "f1": 0.42256789566829844, "f10": 0.10157295932282928, "f11": -0.2617672597900863, "f12": -1.7731239354649821, "f13": -2.1078195647825337, "f14": -0.82686329414894, "f15": -0.20002182709226113, "f16": 0.9981099926304606, "f17": 0.8685630890966741, "f18": -2.5059841598701142, "f19": -0.8117186562769718, "f2": 1.1442443512005698, "f20": 1.847337038564019, "f21": -0.14991159556584754, "f22": -2.139785059104491, "f23": 1.3524056089781749, "f24": -1.4469872323474933, "f25": -1.3943754777809974, "f26": 0.6842614217648242, "f27": -0.30937185912691767, "f28": 1.1655594961053293, "f29": 2.105663458840078, "f3": 2.573988245361839, "f30": 1.1805307507874778, "f31": 2.0390121329574993, "f32": 0.4315351680302776, "f33": 0.2141689192667252, "f34": -0.27435802411813537, "f35": -0.1329360320643697, "f36": -2.3324401182336185, "f37": 0.9793306950915773, "f38": -0.13670890343240139, "f39": -0.40297731275028115, "f4": 2.705420989026227, "f40": 0.37698967079696916, "f41": -1.6086331383746832, "f42": -0.08896961867905162, "f43": 0.995493096198374, "f44": -0.38437914015810964, "f45": 0.4797310425095029, "f46": -0.8039777327678352, "f47": 0.12369393003110773, "f48": -0.6080518171796518, "f49": 0.8281293803243612, "f5": 1.9837994794971836, "f50": -0.7284379826596106, "f51": -2.184021570082283, "f52": -0.3151153909742266, "f53": -0.6459230520329866, "f54": 0.28713150763773465, "f55": 1.5934046361323704, "f6": 2.072614785795462, "f7": -0.8180411543362509, "f8": 0.19680274005844722, "f9": -1.4116999911165808}, "datetime": {"datetime": "2023-02-03 19:12:08", "elapsed": 3345.202029, "delta": 49.467444}}
{"target": 0.4426719071638164, "params": {"f0": -0.002098808510541117, "f1": 0.8541333526041045, "f10": 0.3793586423082097, "f11": -0.5470847472912528, "f12": -0.24744488763785544, "f13": -1.499508469795833, "f14": 0.15341051718294052, "f15": -1.3427852229320778, "f16": -0.09299333145873326, "f17": 1.6791548491076158, "f18": -1.7962211085006081, "f19": 0.509320254055486, "f2": -0.273451797866541, "f20": 2.874706659054227, "f21": 0.574711050989666, "f22": -2.3462401603300287, "f23": 0.9633563219885861, "f24": -1.4852812490387683, "f25": 0.17405606797039286, "f26": 0.9362560423575634, "f27": -0.6190955604102681, "f28": 0.9768273527392054, "f29": 2.7518945858458332, "f3": 3.0047983853734155, "f30": 0.2928552102929505, "f31": 1.2380285398078819, "f32": 0.38983357524549966, "f33": -0.1641935677525711, "f34": -1.392229316556278, "f35": 0.3566416747329633, "f36": -1.2089508567634573, "f37": -0.028032782710510684, "f38": -0.424913565950073, "f39": -1.8076740565245855, "f4": 1.5616720818509133, "f40": 0.496048747896985, "f41": -1.8283111354974353, "f42": -0.7703884157149268, "f43": 1.1807809852635716, "f44": 0.5976774088403269, "f45": 1.5233520500942048, "f46": -1.0238194220891343, "f47": 0.18234673502173648, "f48": -1.1195869438173305, "f49": 0.8412115502913307, "f5": 0.0037651171882734924, "f50": -0.14839889970277087, "f51": -1.5583639924830082, "f52": 0.02341892290192482, "f53": -0.7539167675830176, "f54": 0.015322106220770126, "f55": 2.029873322261049, "f6": 1.5179708688153397, "f7": -1.3463897357833579, "f8": 0.1957613764871856, "f9": -1.4405810197582885}, "datetime": {"datetime": "2023-02-03 19:13:08", "elapsed": 3405.033091, "delta": 59.831062}}
{"target": 0.26430856292812305, "params": {"f0": 1.1033260377491074, "f1": -0.25504377870506845, "f10": 0.5124385528248158, "f11": 0.023969250348526483, "f12": -1.5092643478068413, "f13": -1.3313928766203682, "f14": -1.0535810720023513, "f15": -1.7259174424931545, "f16": 1.854372126395075, "f17": -0.11820812358233429, "f18": -2.60904876140328, "f19": 0.4917164071334006, "f2": 1.1613170298552165, "f20": 0.8088646120878471, "f21": -0.10146933068617947, "f22": -0.5591437359691378, "f23": 0.7724924806347817, "f24": -0.9652299601527754, "f25": -0.34238598817936117, "f26": -0.38391642812143617, "f27": -0.1520083180597127, "f28": 1.0127965127477196, "f29": 2.0881245938737334, "f3": 2.4359729918518327, "f30": 0.9039243529406256, "f31": 0.3176898940656478, "f32": -0.7906450758648075, "f33": 0.4487639026861495, "f34": -0.019301577951331028, "f35": 0.34038506202019586, "f36": -1.8401629633902892, "f37": 0.6938004864146173, "f38": -0.9575318606489955, "f39": -0.73282428304839, "f4": 2.381292691387467, "f40": 1.0228948158904485, "f41": -2.5125730812134455, "f42": -0.7231957897829631, "f43": 2.486005308961128, "f44": -0.33337558998071576, "f45": 1.3958833499932644, "f46": 0.24189481528326984, "f47": -0.7507695422775331, "f48": -0.496248870627807, "f49": 0.751733001341172, "f5": 0.46075897826946366, "f50": -0.45671654988749755, "f51": -0.9993681842653017, "f52": -0.3670208033886557, "f53": -0.45867834336476854, "f54": 0.2718921220936453, "f55": 2.1200949942401603, "f6": 2.102105058936756, "f7": -1.4437799875347155, "f8": -0.31416142724827034, "f9": -2.409919370740598}, "datetime": {"datetime": "2023-02-03 19:13:44", "elapsed": 3441.746447, "delta": 36.713356}}
{"target": 0.46085524693542423, "params": {"f0": 0.1664714893268303, "f1": -0.2602453844412369, "f10": 0.09559749861283207, "f11": 0.29772416994913065, "f12": -1.1716943527082933, "f13": -1.2981317353553394, "f14": -0.8267889008390108, "f15": -1.5003480687851238, "f16": -0.038633382740468236, "f17": -0.005397380592799372, "f18": -2.710726551702031, "f19": 0.06559580823872191, "f2": 0.8126939936937839, "f20": 1.698281788332033, "f21": 0.5800461084334083, "f22": -0.9498280098567831, "f23": 0.9780386753338219, "f24": -0.5463986822046574, "f25": 0.28119062887715485, "f26": 0.6136296641111998, "f27": -0.2122514671051634, "f28": 0.2243955089045182, "f29": 2.567268652499132, "f3": 2.439590498533926, "f30": -0.2930063306076039, "f31": 2.3826515432821043, "f32": 0.608909977488702, "f33": 0.5834171120674995, "f34": -1.334627185117777, "f35": 0.8244737016736798, "f36": -1.5725200533151455, "f37": 0.22452191128060328, "f38": -0.9631413214082621, "f39": -0.14714755581760253, "f4": 1.5496038899701925, "f40": 0.41173137849271424, "f41": -1.604081257947409, "f42": -1.1498590899657386, "f43": 0.7844900327589304, "f44": 0.27879119007126385, "f45": 0.864918136840852, "f46": -1.0303644992871606, "f47": -0.7365001988852485, "f48": -1.6023503720288155, "f49": 1.1358985694290407, "f5": 0.9125033469115226, "f50": -0.24395585992459545, "f51": -2.5120854675749085, "f52": -0.30735692141672755, "f53": -0.9239808082987713, "f54": 0.4816907024779088, "f55": 3.029901097307391, "f6": 0.8615677857534585, "f7": -0.9932039408459084, "f8": 0.4118652920535678, "f9": -1.9087227616190343}, "datetime": {"datetime": "2023-02-03 19:14:24", "elapsed": 3481.837082, "delta": 40.090635}}
{"target": 0.4648422175952448, "params": {"f0": 0.6981799104822798, "f1": 0.7024313159176446, "f10": -0.5250637323105408, "f11": 0.5125196711912268, "f12": -1.0133217772088337, "f13": -0.6032803839572756, "f14": -0.8707108974027928, "f15": -0.829230789096367, "f16": 1.956690335127611, "f17": -0.05523143710731265, "f18": -2.428407896810521, "f19": -0.014515341597883036, "f2": -0.23420223922019795, "f20": 2.8145100258724915, "f21": 0.03670891978928115, "f22": -1.0570067017181088, "f23": 0.3263838568825464, "f24": -0.01515013706230528, "f25": -0.5395753179513896, "f26": 0.11149074057893926, "f27": 0.07706591483750946, "f28": 0.7846537602274442, "f29": 1.7986100049597868, "f3": 2.945119663557295, "f30": 0.7991323659700573, "f31": 1.760126308672805, "f32": 0.46279188892258627, "f33": 0.7023735596294886, "f34": -1.3742909773666565, "f35": 0.9463108697836846, "f36": -0.5666552230415633, "f37": -0.00041932481398104793, "f38": -0.38797165115508425, "f39": -0.857429812367979, "f4": 1.6000370148334375, "f40": 0.6475175808634362, "f41": -2.184668866036332, "f42": -1.1107998706928617, "f43": 0.5659176733350519, "f44": 0.9203583138584641, "f45": 0.6044488488471027, "f46": -0.882916410907062, "f47": 0.18622551788910968, "f48": -1.244887306538469, "f49": -0.06357151795463173, "f5": 1.6832330910643685, "f50": 0.3353117526545599, "f51": -1.0748371981992817, "f52": -1.369520991169356, "f53": -1.0776566268040575, "f54": 0.4095656753202025, "f55": 1.4968587655919119, "f6": 2.4240925844313708, "f7": -2.183462639444679, "f8": 0.18090458853026037, "f9": -1.8589508387595572}, "datetime": {"datetime": "2023-02-03 19:15:14", "elapsed": 3530.941173, "delta": 49.104091}}
{"target": 0.27150742036028236, "params": {"f0": 0.7779903945147252, "f1": -0.4274243208541936, "f10": -0.5806723305986156, "f11": -0.39689291078453137, "f12": -2.1811392873671447, "f13": -2.3028688217011375, "f14": -0.7840972222207812, "f15": -1.0472294120948105, "f16": 0.7432385740638743, "f17": -0.21404194964215872, "f18": -2.925533944093235, "f19": 0.6368797720946635, "f2": 0.6740228757188974, "f20": 2.0725246946852534, "f21": -0.7225099208446957, "f22": -1.892429557628734, "f23": 0.12292612486931415, "f24": -1.1232137968344353, "f25": -1.1282025599663679, "f26": 0.6219682709901473, "f27": -0.41819139083172163, "f28": 0.6326180721489105, "f29": 1.8447606023651708, "f3": 1.4076490454555768, "f30": 1.1127513092338028, "f31": 1.3539312549659417, "f32": -0.7289707525388611, "f33": 0.4365824063899707, "f34": -0.5320588128650077, "f35": -0.21423711103763068, "f36": -1.2604599560489844, "f37": 0.46568628091245357, "f38": -0.5749692432980045, "f39": -0.0983193625845471, "f4": 1.880693217575206, "f40": 0.195607937772997, "f41": -1.1072393180140723, "f42": -0.5841724266357882, "f43": 2.114876730587175, "f44": 0.680281015033253, "f45": 1.1368683546977256, "f46": -0.022820390974785276, "f47": 0.49081740937314633, "f48": -0.00036850567595858585, "f49": 1.1263536935999605, "f5": 1.1160546901518922, "f50": -0.868396038670293, "f51": -2.3846217421736045, "f52": -0.6683496362066367, "f53": -0.73477221520418, "f54": -0.5247925176912096, "f55": 2.854808129324962, "f6": 2.2526044388128117, "f7": -1.8637479341989196, "f8": -0.18115064390831093, "f9": -0.8036859566818948}, "datetime": {"datetime": "2023-02-03 19:15:53", "elapsed": 3569.998497, "delta": 39.057324}}
{"target": 0.24496092614024906, "params": {"f0": 0.003553900605718474, "f1": 0.3329856738711868, "f10": -0.6968127701152866, "f11": 0.21292712827817395, "f12": -1.1569373171011377, "f13": -1.0409483425235033, "f14": -0.18937723991978261, "f15": -1.4491869051000494, "f16": 1.0167356101151663, "f17": 0.27269232832484047, "f18": -2.390788242996779, "f19": 0.6142618535101483, "f2": 1.4351578480383105, "f20": 1.6509249408337576, "f21": -0.15832714838034068, "f22": -1.6712891125753446, "f23": 0.9003848563185338, "f24": -0.6622978191652513, "f25": -0.7487907311562707, "f26": 0.08618856572925826, "f27": -0.5699526709848877, "f28": 2.108987754758902, "f29": 2.9768964014659227, "f3": 1.9960788227946586, "f30": 1.0278974346937297, "f31": 0.6439424269182744, "f32": 0.07089414006177552, "f33": -0.7629901817658942, "f34": -0.8210424548103037, "f35": 1.1206341441934893, "f36": -0.8229297214264983, "f37": -0.23272720628676005, "f38": -0.6606483192461836, "f39": -0.980592082732864, "f4": 2.3135776745204524, "f40": 0.020759440385516914, "f41": -0.8166040524526528, "f42": -0.5715862370127915, "f43": 1.4651382151409222, "f44": 0.8345962702754477, "f45": 0.538413634702268, "f46": -0.6677127879835402, "f47": -0.6822092065697012, "f48": -1.0329307496621944, "f49": 0.23947656681363916, "f5": 1.0314134325871265, "f50": -0.33978635267304824, "f51": -2.8000843391398247, "f52": 0.07847147380721498, "f53": -1.628412045366543, "f54": 0.2784547333371947, "f55": 2.4613221892889716, "f6": 2.297065558289085, "f7": -0.6630916205813131, "f8": 0.00014157998896224822, "f9": -1.2651174109611074}, "datetime": {"datetime": "2023-02-03 19:16:48", "elapsed": 3625.510345, "delta": 55.511848}}
{"target": 0.45315939554862616, "params": {"f0": 0.6773516397241218, "f1": 0.03503182436404728, "f10": -0.25040781224007125, "f11": 0.2794167158330977, "f12": -2.6245772425248832, "f13": -1.852287448500757, "f14": -0.7637209343612767, "f15": 0.19625134015839185, "f16": 0.5793993634055057, "f17": 0.8345207881604666, "f18": -2.4636001750246184, "f19": 0.14814734692765086, "f2": 1.2532786714905482, "f20": 1.2060381569831218, "f21": 0.5291150084393701, "f22": -0.6758240436483631, "f23": 1.2218705552402005, "f24": -0.45533390184790346, "f25": -0.028365934458046693, "f26": 0.3923756106817553, "f27": -0.30413903867997016, "f28": 1.6283664852564743, "f29": 2.4812929308556297, "f3": 1.2625087368464942, "f30": 0.035232373440827525, "f31": 1.4156891620166572, "f32": 0.43121969073669264, "f33": -0.5819254203660318, "f34": -1.31084480187045, "f35": 0.3299659708847462, "f36": -1.4562534699979905, "f37": 1.1662623371734344, "f38": 0.5220191587976746, "f39": -0.6771705391002052, "f4": 1.84281894349033, "f40": 0.4800903302292466, "f41": -0.35055296698966965, "f42": -1.612549868971601, "f43": 0.86686785077287, "f44": 0.0003520624038623188, "f45": 0.764579512934463, "f46": -1.1976934620005624, "f47": 0.5324385834522454, "f48": -1.2681104565936745, "f49": 0.7508006675681134, "f5": 0.8831368743943726, "f50": 0.06825106708931405, "f51": -2.3627649802531603, "f52": -0.49473332618094923, "f53": -2.3263578105690916, "f54": -0.281178054798459, "f55": 2.4424662977454545, "f6": 1.9799423432850338, "f7": -0.5802116430475084, "f8": -0.1167292550338962, "f9": -1.7832629117147314}, "datetime": {"datetime": "2023-02-03 19:17:19", "elapsed": 3656.83635, "delta": 31.326005}}
{"target": 0.2895853685629151, "params": {"f0": 0.38326993100481344, "f1": 0.5019848349575836, "f10": 0.25622494336228263, "f11": 0.901535820020599, "f12": -1.6974753702545542, "f13": -2.1651810490200454, "f14": -1.2967012748290827, "f15": -0.6446905328356758, "f16": 0.779316183977246, "f17": 1.060835896508549, "f18": -2.4492830133824444, "f19": -0.24709318630430543, "f2": 0.9063939107147099, "f20": 1.2901861131085206, "f21": -0.1627753999939, "f22": -1.389688137242568, "f23": 0.668873784191708, "f24": -1.1612621335805107, "f25": 0.22762667077838716, "f26": 0.6407922789095848, "f27": 0.4002899039019483, "f28": 0.8881801832112721, "f29": 1.7359970938282587, "f3": 2.8698922163303586, "f30": 1.3151247245352997, "f31": 0.8457352705680659, "f32": 0.7983878195145747, "f33": 0.4892076651365237, "f34": -1.0096462853958936, "f35": 0.16112420226052016, "f36": -0.9895857630787734, "f37": 0.007068116435611949, "f38": 0.016733370595405583, "f39": -1.2454997275665454, "f4": 1.7263056386162814, "f40": 0.18366153566135762, "f41": -1.6452908368704027, "f42": -0.31618922582381304, "f43": 1.4069054794449172, "f44": -0.2760787069376698, "f45": 0.7355277444263875, "f46": -0.5520047886566455, "f47": 0.10886208046052004, "f48": -1.5627100695304634, "f49": 1.0351440009989166, "f5": 0.41174657089621813, "f50": 0.05375238414121142, "f51": -1.585409123554122, "f52": -0.4706464529192883, "f53": -0.402648182431959, "f54": -0.5691732516975416, "f55": 2.915252735048293, "f6": 1.519821025585855, "f7": -1.254702950238003, "f8": -0.452033626342584, "f9": -1.8247040677304047}, "datetime": {"datetime": "2023-02-03 19:17:49", "elapsed": 3685.953814, "delta": 29.117464}}
{"target": 0.3072949658052194, "params": {"f0": 0.19425984144303232, "f1": -0.09049440438987855, "f10": 0.6668091073858237, "f11": 0.04474748737818124, "f12": -1.686172782200118, "f13": -1.328500263725844, "f14": -0.9803422433553184, "f15": -0.26308162394989276, "f16": 1.6096529283258503, "f17": 0.3043533132009466, "f18": -2.546676584963994, "f19": -0.5183516505508752, "f2": 0.8854261441913232, "f20": 2.004928525947579, "f21": -0.2972670739045913, "f22": -2.2679041539366365, "f23": 1.61254751953848, "f24": -0.5967596194850389, "f25": -0.5278738284350218, "f26": 0.603624377460213, "f27": -0.1541831059480694, "f28": 0.25026602381739843, "f29": 2.4934037689293023, "f3": 2.980661558086255, "f30": 0.1490941230183495, "f31": 2.476811319957276, "f32": -0.10352408010791914, "f33": -0.5850626105003074, "f34": -1.0987544553134843, "f35": 0.27072914541452187, "f36": -2.086145508241457, "f37": -0.41645769609890293, "f38": -0.4844536395464226, "f39": -1.4825199902361401, "f4": 2.6968209223064687, "f40": 0.47960128149278386, "f41": -2.141174157702118, "f42": -1.0654287134226184, "f43": 1.5094678373128323, "f44": 0.06041607696978768, "f45": 0.4196059100946415, "f46": -0.18389968308723315, "f47": -0.3481476125830208, "f48": 0.18066326345482997, "f49": 0.5314587249652181, "f5": 1.6206710654456322, "f50": -0.10393021041616035, "f51": -1.7449020374530502, "f52": -0.7039244898133133, "f53": -0.6626773552535019, "f54": 0.3197786665991321, "f55": 1.0098028876359, "f6": 0.7675602047806412, "f7": -1.1324543312995328, "f8": 0.0197351952326561, "f9": -2.6934542005599953}, "datetime": {"datetime": "2023-02-03 19:18:53", "elapsed": 3749.970306, "delta": 64.016492}}
{"target": 0.129175298796628, "params": {"f0": 0.06297019154360728, "f1": 0.5223051661827437, "f10": -0.13372208401379604, "f11": 0.046895502729128125, "f12": -1.6532362110980505, "f13": -0.9050766585013676, "f14": -0.07888674292572118, "f15": -1.2373037381610443, "f16": 0.7551743100668625, "f17": 0.6638960384863339, "f18": -1.5928774426695615, "f19": 0.42886698517678945, "f2": 0.8791587630741753, "f20": 1.4553639722910905, "f21": -0.2787396336110725, "f22": -2.0672021580728503, "f23": 0.6794830592060834, "f24": -1.4030053547823829, "f25": -0.6102555791263972, "f26": 0.8521834017665924, "f27": 0.23644849475145224, "f28": 1.578505198149479, "f29": 2.208904664986215, "f3": 2.19142737461444, "f30": 1.1876145744095319, "f31": 1.6065170109821965, "f32": 0.5809679954395931, "f33": 0.6590203558158126, "f34": -0.8087704713264263, "f35": 0.4731538091566974, "f36": -1.0789715581955006, "f37": 0.5466552142154977, "f38": 0.5261540336909811, "f39": -0.6177485563469711, "f4": 1.1159732862928924, "f40": -0.17732741427002563, "f41": -1.642297021220966, "f42": -0.11435409172712951, "f43": 1.6930261686176797, "f44": -0.3020512127904382, "f45": 0.7143070330540895, "f46": -0.6304870994514401, "f47": 0.6220852583285552, "f48": -0.8918701821955438, "f49": 1.1030044610782455, "f5": 1.6456944156823934, "f50": -0.7808302783522616, "f51": -2.271136965610075, "f52": -0.3820920190192435, "f53": -1.5848087458911322, "f54": 0.31326670721515126, "f55": 2.2501810806061915, "f6": 1.4689200262432225, "f7": -1.4603692675505797, "f8": 0.5089877827380532, "f9": -2.2525581745897485}, "datetime": {"datetime": "2023-02-03 19:19:48", "elapsed": 3805.578657, "delta": 55.608351}}
{"target": 0.35731341215724294, "params": {"f0": -0.16727331576010362, "f1": -0.45970503258125917, "f10": 0.5586435060601856, "f11": 0.20709064316227566, "f12": -0.7950935111733575, "f13": -1.6951318429984006, "f14": -1.2893449954884182, "f15": -0.09977812408170417, "f16": 1.3480190350921484, "f17": 1.0009697627176992, "f18": -2.553789792887786, "f19": 0.1106770426112581, "f2": 0.610562098161309, "f20": 1.0677258733044663, "f21": -0.17311025327628726, "f22": -1.9203323950014355, "f23": 0.18543705788803522, "f24": -0.5111780302743292, "f25": -0.4089856880954418, "f26": -0.3476379613544237, "f27": -0.1542009280572485, "f28": 1.0879855059008625, "f29": 2.2520880478471668, "f3": 2.3736855995637955, "f30": 0.7588917339481037, "f31": 1.9162328755714024, "f32": 0.3392761045716387, "f33": 0.4596390356765351, "f34": -0.9225084722838799, "f35": 0.9801984852805556, "f36": -1.6694518289078384, "f37": 0.605188136304182, "f38": 0.5155031597624872, "f39": -1.1038297083385702, "f4": 1.7488394411563013, "f40": 0.6044055179555565, "f41": -1.2995584116433394, "f42": -0.6057857696886562, "f43": 0.8883036449097501, "f44": 0.6671399958621764, "f45": 0.34576830973483014, "f46": -1.1468728689517933, "f47": -0.6395405307739659, "f48": -0.362397297777322, "f49": 0.859800051376574, "f5": 0.7033895440728419, "f50": -0.37786560466243224, "f51": -1.6107836585031987, "f52": 0.07455382123389631, "f53": -1.7199916498468037, "f54": 0.46193895917507055, "f55": 2.000616143227567, "f6": 1.7968492562739369, "f7": -1.9309742051512335, "f8": -0.3429821268342652, "f9": -2.209574448629443}, "datetime": {"datetime": "2023-02-03 19:21:21", "elapsed": 3898.182965, "delta": 92.604308}}
{"target": 0.23390026815152698, "params": {"f0": -0.20565620379932414, "f1": 0.6356087808151848, "f10": -0.21365830868561964, "f11": 0.6020810484980395, "f12": -2.649905307834214, "f13": -1.1389278976873938, "f14": -1.5752776309782426, "f15": -1.0482439214473662, "f16": 1.8869151325372528, "f17": 0.17359565425193613, "f18": -2.8721154660104724, "f19": -0.11206098852184632, "f2": 1.2018064848151986, "f20": 1.9170782766193528, "f21": -0.2070657104485275, "f22": -1.2484421203442262, "f23": 0.8799673666158179, "f24": -0.6229732676332032, "f25": -0.4397313918496025, "f26": -0.26399219727942513, "f27": -0.15510514474642112, "f28": 0.8522197563128964, "f29": 2.9971364684595536, "f3": 2.280397251566473, "f30": 0.9026325015698198, "f31": 1.8955967121005877, "f32": -0.3771955583196477, "f33": -0.18899166659872757, "f34": -0.046730606889981985, "f35": 1.0553186524993816, "f36": -1.2569614697935045, "f37": 0.5658942817685495, "f38": -0.28033226578338943, "f39": -1.201570595272384, "f4": 2.4905855540832658, "f40": 1.1934388234663653, "f41": -1.534636741335438, "f42": -0.9197663984780005, "f43": 1.6069946320022923, "f44": -0.4975197496558512, "f45": 1.3765697473885803, "f46": -0.3936822795302347, "f47": 0.12064208828141798, "f48": -1.138714434814335, "f49": 0.9438514487151042, "f5": 0.5471621391693972, "f50": -0.48266909712456, "f51": -0.15410152987199055, "f52": 0.12414074557855015, "f53": -1.4965028129612694, "f54": 0.6074234301475706, "f55": 2.6928047329325833, "f6": 1.0566533200519324, "f7": -1.3733240804861295, "f8": -0.014405010820304542, "f9": -1.8260463936588807}, "datetime": {"datetime": "2023-02-03 19:21:58", "elapsed": 3935.611615, "delta": 37.42865}}
