{"target": 0.15236450759716635, "params": {"f0": 0.48289454318634184, "f1": 1.078995100090514, "f10": -0.7778689467193232, "f11": -0.3114151643395756, "f12": -1.1520123283323183, "f13": -1.4799276654690972, "f14": -1.3619623101154266, "f15": -0.7026394928963627, "f16": 0.6332707045939743, "f17": 0.40542412888823287, "f18": -0.9844175383734448, "f19": -0.5057355859339265, "f2": -0.24143561593923424, "f20": 1.0672458450737978, "f21": 0.3028337948224362, "f22": -0.8857107051282336, "f23": 0.5926692785206027, "f24": -0.5244047786057124, "f25": -0.27234201044581574, "f26": 0.4711922430529707, "f27": -0.16768051644497212, "f28": 0.7210826345101375, "f29": 2.0235239420504687, "f3": 0.6107359332279209, "f30": 1.4173782533093553, "f31": 0.4668054173248114, "f32": 0.02717340141371305, "f33": -0.11483615976441108, "f34": -1.8095895241003137, "f35": 1.0889897447025352, "f36": -0.8126495870997126, "f37": 0.2094656759043943, "f38": 0.5826402710714399, "f39": -1.7926163206346448, "f4": 2.665714070908698, "f40": 0.34968623409969884, "f41": -0.5638422988673368, "f42": -2.3293035966192104, "f43": 0.443036489561176, "f44": -0.21684340927679466, "f45": 0.9060814688783174, "f46": -0.3939888670392499, "f47": -0.8246637090408437, "f48": -0.7751989070010713, "f49": 0.10281026426786699, "f5": 1.3427134930904687, "f50": -1.3433209694159043, "f51": -0.47216473104768786, "f52": -0.5908045038138034, "f53": 0.3789114003069214, "f54": 0.24538474109621206, "f55": 1.1596037874145648, "f6": 1.9435157414487387, "f7": 0.28816388323995434, "f8": -0.18854624984023138, "f9": -2.619128752427142}, "datetime": {"datetime": "2023-02-04 00:34:52", "elapsed": 22709.635603, "delta": 37.065423}}
{"target": 0.3100505521962625, "params": {"f0": 0.7661441923836732, "f1": 0.7504500665004727, "f10": -0.719177705403489, "f11": -0.5617576037979347, "f12": -1.1555295348714287, "f13": -0.5846057936956327, "f14": -1.3121529163761658, "f15": -1.2289382487388276, "f16": 0.17911405814973552, "f17": 0.32028458066582294, "f18": -1.7553393046603412, "f19": -1.337172411499429, "f2": -0.744676024165372, "f20": 2.133091663902155, "f21": 0.2505280030862904, "f22": -0.75988688651573, "f23": 0.7295742196179051, "f24": -1.470641634296211, "f25": -0.8527172233551563, "f26": 0.487629709055156, "f27": -0.4956287549757147, "f28": 1.3223486802215945, "f29": 1.268400577068277, "f3": 1.9515531293496857, "f30": 1.1933207143037097, "f31": 0.42690296058659116, "f32": -0.40352749297708407, "f33": -0.4435004522967094, "f34": -1.189294130642926, "f35": 0.7640926324217192, "f36": -0.6481284901833758, "f37": -0.004590392214571359, "f38": 0.7694599064278532, "f39": -1.9620230924654956, "f4": 0.9960186637980872, "f40": 0.23470934450728934, "f41": -1.9574560302569808, "f42": -1.0049472604144232, "f43": 0.9232126320867371, "f44": -0.04720020346976744, "f45": 0.6114256798243101, "f46": -0.5840708113194883, "f47": -0.2843453949714587, "f48": -0.5012974526171892, "f49": 0.20332715557806808, "f5": 0.7729306011446564, "f50": -0.7493702392093848, "f51": -0.6016261610985103, "f52": -0.48670905817630283, "f53": 0.4437867718689109, "f54": 0.5498225568657851, "f55": 1.1114675904074318, "f6": 2.883733361255937, "f7": 0.212306980089647, "f8": -0.7257315696808354, "f9": -1.1673141482028733}, "datetime": {"datetime": "2023-02-04 00:35:57", "elapsed": 22774.040043, "delta": 64.40444}}
{"target": 0.42313262365812837, "params": {"f0": 0.3781158873878754, "f1": 0.5194422667034868, "f10": -1.074900179994399, "f11": -0.5706494737688204, "f12": -0.6570268346981267, "f13": -0.7214500006977083, "f14": -0.7349019010013715, "f15": -1.3459126325056658, "f16": 0.8166290788346466, "f17": 0.46417630622099915, "f18": -1.628033091473677, "f19": -0.8851684836756505, "f2": -0.32605784450451225, "f20": 0.8593899670444701, "f21": 0.572369716814138, "f22": -2.484967701197472, "f23": 1.467237567893334, "f24": -0.7889424313744321, "f25": -0.3989101778897256, "f26": 1.3942880210948414, "f27": 0.03513470880706404, "f28": 0.45018049662495097, "f29": 1.2565508319711016, "f3": 2.387571068276055, "f30": 1.3811568768060218, "f31": 0.6965284100461812, "f32": -0.14963704055616578, "f33": -0.1489725133074431, "f34": -0.736338835746392, "f35": 1.4440072450489327, "f36": -0.5420020154737109, "f37": 0.2766730798141428, "f38": 0.5479567597273324, "f39": -1.5609505080289319, "f4": 2.283166826559489, "f40": 0.8046938852891143, "f41": -1.6684619554330522, "f42": -2.5265115599891166, "f43": 1.0989299504000978, "f44": 0.14053679086071003, "f45": 1.2332593734104085, "f46": -0.04849020906142232, "f47": -0.3565091260754629, "f48": -1.0641558988083804, "f49": 0.26409992100693724, "f5": 1.8143369332401456, "f50": -0.6065079589766795, "f51": -1.2173785287013712, "f52": -1.383032067477286, "f53": 0.5100598262557478, "f54": 0.5644266324332251, "f55": 1.00421272477592, "f6": 1.3016857547661425, "f7": -0.10846406547789184, "f8": -0.09019793185903235, "f9": -1.7799089735515832}, "datetime": {"datetime": "2023-02-04 00:37:00", "elapsed": 22836.914186, "delta": 62.874143}}
{"target": 0.2388092620296346, "params": {"f0": 0.11284577784128161, "f1": 1.2312018607236885, "f10": -0.8927333073172281, "f11": -0.1526203586163286, "f12": -0.6558102513477697, "f13": -1.5317881798240431, "f14": -0.9682628767342234, "f15": -1.017537462975921, "f16": 0.5604336786943329, "f17": 0.5971430118457249, "f18": -1.785670614354309, "f19": -0.5729695633619801, "f2": -0.7448415228950437, "f20": 1.8413895375933695, "f21": 0.43907143990555914, "f22": -2.546999510465169, "f23": 1.084627145349054, "f24": -0.6779167918266593, "f25": -1.0237103229553521, "f26": 0.8859364113714709, "f27": -0.2472588581426255, "f28": 0.7144682368446489, "f29": 1.826357785951546, "f3": 2.0485456254397256, "f30": 1.9894196221083655, "f31": 0.5442848265649841, "f32": -0.4627521605231141, "f33": -0.7786441158254702, "f34": -1.9192604659137324, "f35": 1.5837823233906088, "f36": -0.46634713878712303, "f37": -0.10689402192881643, "f38": 0.6120162124763623, "f39": -2.0180000410157177, "f4": 1.7572443213746192, "f40": 0.9565194200889555, "f41": -1.3141174274915848, "f42": -1.319191270595939, "f43": 1.0197711429193739, "f44": 0.09038981115528932, "f45": 0.734805048260889, "f46": -0.48266582430924587, "f47": -0.7959101371609071, "f48": -1.4158823195188162, "f49": 0.6049157915738421, "f5": 2.5468510555870822, "f50": -1.4128112507966355, "f51": -0.5059924335513339, "f52": -0.9880594226572359, "f53": 0.12563402431457413, "f54": -0.046982937706616566, "f55": 1.1631994408359771, "f6": 1.512957620524051, "f7": 0.03794718507203354, "f8": -0.2844812282274356, "f9": -2.9013426663822406}, "datetime": {"datetime": "2023-02-04 00:38:10", "elapsed": 22907.6305, "delta": 70.716314}}
{"target": 0.4019588199084394, "params": {"f0": 0.43015244303963096, "f1": 1.0989997386058346, "f10": -1.1127987386733917, "f11": -0.5082374977915185, "f12": -1.0861368789353048, "f13": -0.7906280035021499, "f14": -1.196459337276289, "f15": -0.6592314396132073, "f16": 0.9659349218578481, "f17": 0.6141705203239504, "f18": -1.2083547054952468, "f19": -1.3615766393655484, "f2": -0.7918627717203833, "f20": 2.3675549384050223, "f21": 0.6947376007720762, "f22": -1.2425192694691496, "f23": 0.7030479465288043, "f24": -0.9355947859173208, "f25": -0.48104684921494356, "f26": 0.9679483486232563, "f27": -0.27585883623377716, "f28": 1.1124532967570406, "f29": 0.8296264058154097, "f3": 0.9331556768213448, "f30": 1.9875457249292499, "f31": 0.6096714541273611, "f32": -0.15458211389461052, "f33": -0.4381738421513122, "f34": -1.897881929905538, "f35": 2.1801576195163674, "f36": -0.4470876839067137, "f37": 0.14375232967071677, "f38": 0.2535561965851833, "f39": -1.6968703670413885, "f4": 2.7932053083931825, "f40": 0.6720092321192909, "f41": -1.8969783239787505, "f42": -1.6698853658154653, "f43": 0.4870169312286845, "f44": -0.2879118191651212, "f45": 1.1648227232889614, "f46": -0.4940458825962384, "f47": -1.0420962839050203, "f48": -1.5071960339892845, "f49": 0.29120373029868296, "f5": 1.8813527329719586, "f50": -0.5321270294281204, "f51": -0.8665778186266332, "f52": -0.8874461671998157, "f53": 0.11830743079538406, "f54": 0.264590501993199, "f55": 1.6867927371143359, "f6": 2.5717034184079712, "f7": -0.2928540406774253, "f8": -0.23851486299254532, "f9": -3.0441730467489707}, "datetime": {"datetime": "2023-02-04 00:39:38", "elapsed": 22995.140127, "delta": 87.509627}}
{"target": 0.3177449735985791, "params": {"f0": 0.7818386565752693, "f1": 1.1707711688823694, "f10": -0.8001956963768486, "f11": -0.5059431937044028, "f12": -0.929263117490619, "f13": -1.2285262759184261, "f14": -0.46779730778988793, "f15": -0.835991066704003, "f16": 0.6039564381878555, "f17": 0.5119768802485114, "f18": -1.9204103640602508, "f19": -1.0089735662376735, "f2": -0.8465315827461988, "f20": 1.7162224493864093, "f21": 0.4955942043943567, "f22": -0.6641096830639661, "f23": 1.5373875488548516, "f24": -0.6624065072060321, "f25": -0.8827718618121994, "f26": 1.1659449232770305, "f27": 0.0038701707798359797, "f28": 0.8832014986465335, "f29": 1.2876652412472778, "f3": 1.657404892071226, "f30": 1.1312092871762744, "f31": 0.48926986025457614, "f32": -0.29519274269175166, "f33": -0.3281594050084787, "f34": -0.813320695798512, "f35": 1.3817305187838484, "f36": -0.8222366485546654, "f37": 0.08498673013951713, "f38": 0.6833265229671507, "f39": -1.168184040545797, "f4": 2.893188761834124, "f40": 0.7613836817890791, "f41": -1.2815468656361628, "f42": -1.4619672058551396, "f43": 0.3527998408330109, "f44": 0.08347564349955161, "f45": 0.9383542806954435, "f46": -0.5095382614152945, "f47": -0.9457613664442506, "f48": -0.5297396848497666, "f49": 0.48887702537448774, "f5": 1.5213381725320496, "f50": -1.0230455793231492, "f51": -1.1451565022307664, "f52": -1.3156639271271038, "f53": -0.08258049365060183, "f54": 0.20249133792524415, "f55": 1.3721107911824293, "f6": 2.5356794317104407, "f7": -0.2796575564553341, "f8": -0.24254040456970605, "f9": -1.5726322028738946}, "datetime": {"datetime": "2023-02-04 00:40:13", "elapsed": 23030.274546, "delta": 35.134419}}
{"target": 0.4223344451916468, "params": {"f0": 0.6518431890131736, "f1": 1.254631642585061, "f10": -0.8104795656317384, "f11": -0.5282469051012553, "f12": -1.0861595977431677, "f13": -0.7023601327009916, "f14": -1.072986004382894, "f15": -1.2836479893100239, "f16": 0.8377174722402927, "f17": 0.40827351411359747, "f18": -1.2561009102981608, "f19": -1.2538940228825108, "f2": -0.42894356145391704, "f20": 2.6616864166599976, "f21": 0.5469184197654107, "f22": -1.4755571834891617, "f23": 1.7241937982401425, "f24": -1.0073847848086168, "f25": -0.33022093609161185, "f26": 0.42113931594507786, "f27": -0.4994893221153184, "f28": 1.314893655128196, "f29": 0.6987050326322306, "f3": 1.408981025142972, "f30": 1.2412498153720022, "f31": 0.6586528841296585, "f32": -0.3676367964871114, "f33": -0.4269918838507755, "f34": -1.2317332903066598, "f35": 0.9718072724286124, "f36": -0.16946342560244299, "f37": 0.46090715814462235, "f38": 0.753773208457887, "f39": -1.6763286072303467, "f4": 2.1067355529731837, "f40": 0.665506001892693, "f41": -0.9141860078695005, "f42": -2.5638745174531365, "f43": 1.1270615190479862, "f44": 0.04927930564073574, "f45": 0.9238710230157501, "f46": -0.39091217064098105, "f47": -0.8552329069322522, "f48": -0.9657419378969653, "f49": 0.038658091574680156, "f5": 1.238466314098117, "f50": -0.7113645416913205, "f51": -0.9656131682169782, "f52": -0.8802204286575442, "f53": 0.13797033661283428, "f54": 0.00209343313386319, "f55": 2.208993014985172, "f6": 0.963852636120577, "f7": 0.08984340981290756, "f8": -0.47094360349825276, "f9": -1.355754091842214}, "datetime": {"datetime": "2023-02-04 00:41:26", "elapsed": 23103.889833, "delta": 73.615287}}
{"target": 0.16254177691089208, "params": {"f0": 0.29377144330075217, "f1": 0.8585575544318238, "f10": -0.8529138782931673, "f11": -0.1401406305504843, "f12": -0.9585197742545613, "f13": -1.4890351342521904, "f14": -1.0615648521290555, "f15": -1.3379055649920721, "f16": 0.899302630914792, "f17": 0.5150588087466598, "f18": -0.8620238838124541, "f19": -1.256866840422931, "f2": -0.5757737358203583, "f20": 0.7916473710479197, "f21": 0.43489286752290696, "f22": -0.899710502198235, "f23": 1.4669018241322636, "f24": -0.9322867167999166, "f25": -0.6326574075753693, "f26": 0.8135951428338241, "f27": 0.017117743141882857, "f28": 0.9149263635494769, "f29": 2.6327627777162332, "f3": 1.1889324239573988, "f30": 0.9591479128600785, "f31": 1.0191592088525585, "f32": -0.040616917334707625, "f33": -0.10857069460012547, "f34": -1.1782562733870654, "f35": 1.0859641933402804, "f36": -0.8045137584343118, "f37": 0.31122406714907713, "f38": 0.18868849611965882, "f39": -1.211952011291217, "f4": 0.8927612421992436, "f40": 0.6612851343527826, "f41": -1.1910553952580893, "f42": -2.1129010699836734, "f43": 0.5736465927647778, "f44": -0.41695403843706624, "f45": 0.7606168114679669, "f46": -0.0050553302789235754, "f47": -0.8243272362883542, "f48": -0.6068914407519292, "f49": 0.12499174431691598, "f5": 1.9170532732451895, "f50": -0.9706755697227352, "f51": -0.7785912246993554, "f52": -0.7501787798723013, "f53": 0.06124816447647341, "f54": -0.04079454938735726, "f55": 2.8097387321427743, "f6": 2.077695113682187, "f7": 0.16624832216610297, "f8": -0.2919903090954682, "f9": -1.1285048662295813}, "datetime": {"datetime": "2023-02-04 00:42:42", "elapsed": 23179.77968, "delta": 75.889847}}
{"target": 0.2057371495116335, "params": {"f0": 0.6256736402082881, "f1": 0.799008278171283, "f10": -1.0539194726760364, "f11": -0.5850201137232875, "f12": -1.0503686740546576, "f13": -0.5820307343175372, "f14": -0.7422424799398402, "f15": -1.0694196437197745, "f16": 0.5681266170827868, "f17": 0.18292316385050272, "f18": -2.0549377000541034, "f19": -1.2558881068019339, "f2": -0.619900213481764, "f20": 1.58102017545801, "f21": 0.17803469430005642, "f22": -1.5434611229760447, "f23": 0.7130109014643051, "f24": -1.3081459288055202, "f25": -0.9819552676446025, "f26": 0.7900637231994463, "f27": -0.28619263806176576, "f28": 0.46043499193689, "f29": 1.4686136822823042, "f3": 1.148659109129217, "f30": 1.9974858483592213, "f31": 0.9297487812356512, "f32": 0.02307606715286048, "f33": -0.28137104591824535, "f34": -1.8297964399839453, "f35": 2.0059158119556293, "f36": -0.8262566169912249, "f37": 0.3291520089909781, "f38": 0.18713586709991892, "f39": -0.9024578540560075, "f4": 2.40029792691823, "f40": 0.539052298576834, "f41": -1.6906201827607144, "f42": -1.5316860808896018, "f43": 1.1469221948728352, "f44": -0.2862893978123213, "f45": 0.9923292002007303, "f46": -0.06841194939857975, "f47": -0.8468257165090928, "f48": -0.5878519783722297, "f49": -0.0016529656738443477, "f5": 1.5179744037613743, "f50": -0.8265554973790085, "f51": -1.3266739980498814, "f52": -0.49654070353580404, "f53": -0.07456040878394692, "f54": 0.35975971663457884, "f55": 1.6807193445512727, "f6": 0.9502708847026624, "f7": 0.012044681475908758, "f8": -0.5222151332831473, "f9": -1.844053762674238}, "datetime": {"datetime": "2023-02-04 00:43:38", "elapsed": 23235.655055, "delta": 55.875375}}
{"target": 0.36057683483469855, "params": {"f0": 0.5528472290404468, "f1": 0.9892223837114205, "f10": -0.774766807342623, "f11": -0.7106679961317187, "f12": -0.519942209082014, "f13": -1.4760236320803224, "f14": -0.6773907383118648, "f15": -0.591077277401554, "f16": 0.2980729253974457, "f17": 0.5952866959774863, "f18": -0.6625056343982125, "f19": -0.5392411954497414, "f2": -0.3909843491416639, "f20": 2.182639468067447, "f21": 0.34363787598132006, "f22": -2.7515222576950435, "f23": 1.0821084227551783, "f24": -1.0086863820809313, "f25": -0.8270213238551549, "f26": 1.2679972920665907, "f27": -0.36012621640501286, "f28": 0.47518737877514927, "f29": 0.9731612901113211, "f3": 2.9827569752155996, "f30": 0.8953547149711262, "f31": 0.743518220060577, "f32": -0.5017686031515595, "f33": -0.45992113998583767, "f34": -1.4352781588436558, "f35": 1.4648297165626087, "f36": -0.7519506660235749, "f37": -0.20298363161330005, "f38": 0.25276388057169014, "f39": -0.965574215076979, "f4": 1.4090656951716047, "f40": 0.5559897488361027, "f41": -0.7015645836264641, "f42": -1.9056266028879074, "f43": 0.5114039062334048, "f44": 0.05874570132391449, "f45": 0.6964833915144968, "f46": -0.37016698780943613, "f47": -0.572990832951787, "f48": -0.8899569953075859, "f49": 0.43180695393109364, "f5": 2.625611223193503, "f50": -1.40683062956167, "f51": -0.9712026033945935, "f52": -0.7747185411263696, "f53": 0.1597181959948367, "f54": 0.3389168881721667, "f55": 2.004586084973954, "f6": 0.7163020614428891, "f7": -0.2624912678335809, "f8": -0.4933064731264588, "f9": -2.813187902489008}, "datetime": {"datetime": "2023-02-04 00:44:41", "elapsed": 23298.828831, "delta": 63.173776}}
{"target": 0.29665670355614093, "params": {"f0": 0.34508936291675346, "f1": 0.6112039156355269, "f10": -1.1034935749796022, "f11": -0.6806165418301563, "f12": -0.9338558030331976, "f13": -1.5173413333680914, "f14": -1.0756386496718255, "f15": -0.8333828423708916, "f16": 0.7111802423755988, "f17": 0.30897404690677877, "f18": -1.640575954831475, "f19": -0.5856051789901073, "f2": -0.5720491472626432, "f20": 2.750163176043541, "f21": 0.5686479475677159, "f22": -1.1085042439932677, "f23": 0.676526089402553, "f24": -1.084444846481618, "f25": -0.81015832166419, "f26": 0.5375950772149128, "f27": -0.30268718196164857, "f28": 1.180113856373111, "f29": 0.7867346742567922, "f3": 2.9411721842387673, "f30": 1.7830612829621952, "f31": 1.1605753184330356, "f32": -0.3315329316153277, "f33": -0.2502219957809, "f34": -1.2544984906838272, "f35": 2.015855134400049, "f36": -0.60465737440279, "f37": 0.2633274684485277, "f38": 0.5682392244729279, "f39": -0.9810643553365599, "f4": 1.0216728549972693, "f40": 0.2080576063969101, "f41": -0.9618855382533673, "f42": -1.354744395982564, "f43": 0.6086743659129947, "f44": 0.02890768612397948, "f45": 0.5269062690885514, "f46": -0.32162511722010767, "f47": -0.43453760831277666, "f48": -1.289127291864438, "f49": 0.6039128792043597, "f5": 2.8222954696686493, "f50": -1.4580791951105752, "f51": -1.0148083954824427, "f52": -1.0621969962406823, "f53": 0.19876804224377984, "f54": 0.11025674396992742, "f55": 2.4728687366358812, "f6": 2.674676951442481, "f7": -0.08518317908673034, "f8": -0.3421523618747907, "f9": -3.037819014511561}, "datetime": {"datetime": "2023-02-04 00:45:48", "elapsed": 23364.946514, "delta": 66.117683}}
{"target": 0.14839271758249542, "params": {"f0": 0.7898106345430508, "f1": 0.9125045529560227, "f10": -0.4754599525779927, "f11": -0.5380714608378624, "f12": -0.7172153840464979, "f13": -1.0252373595476731, "f14": -1.0387171182928996, "f15": -0.9320882485851915, "f16": 0.4672707138082076, "f17": 0.5963632584246538, "f18": -1.374205735630637, "f19": -0.9201797302611672, "f2": -0.5789243938268243, "f20": 2.5397020218222632, "f21": 0.05451674993428613, "f22": -1.7754597618139212, "f23": 1.0563809327534115, "f24": -1.1610373084960701, "f25": -0.6992368976257677, "f26": 1.1626939649662291, "f27": -0.06152076042389354, "f28": 1.0251143231754156, "f29": 2.7271459189713543, "f3": 2.8650796255662483, "f30": 1.5353845767708605, "f31": 0.8000478291255374, "f32": -0.5223814422999551, "f33": -0.24687431847272023, "f34": -1.3484234820523935, "f35": 1.8939554620000774, "f36": -0.5534996135919026, "f37": 0.021051767115025127, "f38": 0.3056918612585578, "f39": -1.6323357138823387, "f4": 1.9372335697653136, "f40": 0.41422391727266417, "f41": -1.4300236237677093, "f42": -1.5206255051866133, "f43": 0.43612569731159256, "f44": -0.32167787671472, "f45": 0.9188349894384665, "f46": -0.6044757176027182, "f47": -0.5908468741807795, "f48": -1.4174616356865086, "f49": -0.030395361094323323, "f5": 2.2996768011923203, "f50": -1.3809890619120861, "f51": -0.6796516813539137, "f52": -0.5578304641740622, "f53": 0.30881422709169754, "f54": 0.11575386996608118, "f55": 1.650513588179711, "f6": 1.9068724321046044, "f7": 0.05409454135940894, "f8": -0.801706175725415, "f9": -1.9474672449368313}, "datetime": {"datetime": "2023-02-04 00:47:23", "elapsed": 23460.272707, "delta": 95.326193}}
{"target": 0.3300611395728534, "params": {"f0": 0.3321508411827816, "f1": 0.7456682710856402, "f10": -0.5855067198515608, "f11": -0.35914894114913276, "f12": -0.4302669683209791, "f13": -0.7835315965821453, "f14": -0.9401971819057231, "f15": -0.6310373898069469, "f16": 0.43935343938941485, "f17": 0.2132392321653634, "f18": -1.36681021787623, "f19": -1.3063555608435258, "f2": -0.28422152795485656, "f20": 0.7861502805095764, "f21": 0.5844110212826389, "f22": -1.202318468178085, "f23": 1.8629831858130108, "f24": -1.3721055488782379, "f25": -1.0075031590207129, "f26": 1.3020040558726218, "f27": -0.13177432644467413, "f28": 0.7335538883902513, "f29": 3.0351030920831956, "f3": 0.960165434963554, "f30": 0.836123687615486, "f31": 0.870354462984448, "f32": -0.549961743539953, "f33": -0.5366218352167951, "f34": -0.8189025594922359, "f35": 2.2823327320443636, "f36": -0.25707936350887894, "f37": 0.39164089731450374, "f38": 0.4872717384231566, "f39": -1.5737738622271955, "f4": 1.8508107539378886, "f40": 0.917236850655729, "f41": -1.098770659736764, "f42": -1.1209471947706717, "f43": 0.7943582636585864, "f44": 0.05221289280005109, "f45": 0.8987322752491028, "f46": -0.16911293971863323, "f47": -1.0163113671700121, "f48": -1.0213260936405897, "f49": 0.17957634652215948, "f5": 0.8441735088521928, "f50": -1.230629708885079, "f51": -1.024266904720018, "f52": -0.7262214661365863, "f53": 0.35808066871236877, "f54": 0.23823262211241608, "f55": 2.0539109318247317, "f6": 1.8826375488185998, "f7": -0.24028071235595627, "f8": -0.41998208444811114, "f9": -2.0013570815480826}, "datetime": {"datetime": "2023-02-04 00:49:06", "elapsed": 23563.352063, "delta": 103.079356}}
