{"target": 0.42107323748465153, "params": {"f0": 0.9343490385573321, "f1": 1.2100325707828314, "f10": -1.1234568212182454, "f11": -0.7281074110722651, "f12": -1.254114023931418, "f13": -1.5085124950950006, "f14": -0.930869890268138, "f15": -0.6780639580813586, "f16": 0.9862428387955672, "f17": 0.7248997374251569, "f18": -0.8041503116417112, "f19": -0.97311387651683, "f2": -0.04226347386008711, "f20": 2.5884366464152295, "f21": 0.15823372150267453, "f22": -1.3451824178771463, "f23": 0.44329449034972596, "f24": -0.9674756157672736, "f25": -0.7782325051819863, "f26": 1.4238105122105664, "f27": -0.052795415526103895, "f28": 0.8745608154041559, "f29": 1.910045820360216, "f3": 1.295323895215205, "f30": 0.4293396000184648, "f31": 0.7787037462953093, "f32": 0.11946295453714373, "f33": -0.7300045851422223, "f34": -0.9544943396388874, "f35": 1.8874578230231727, "f36": -0.372080096275782, "f37": 0.17349770151879695, "f38": 0.7627959717724633, "f39": -1.0208448585004053, "f4": 0.8900168807578843, "f40": 1.0573496441081158, "f41": -1.2705173633958133, "f42": -0.8702714076771514, "f43": 0.5031129508365122, "f44": 0.2109058578546209, "f45": 1.1383219665028403, "f46": -0.3736062555355751, "f47": -0.6165931892532112, "f48": -1.1074594412168404, "f49": 0.7015231185500258, "f5": 1.336274349534976, "f50": -0.7950418447775023, "f51": -0.3947608868916781, "f52": -1.1027792669377583, "f53": -0.2520170071809023, "f54": 0.08817116907150613, "f55": 1.3762801601265071, "f6": 2.6847314135717286, "f7": 0.3891228851283006, "f8": -0.3218312508915715, "f9": -2.7723055776775065}, "datetime": {"datetime": "2023-02-04 02:09:22", "elapsed": 28379.846636, "delta": 37.238667}}
{"target": 0.06781539118390759, "params": {"f0": 0.5998570102932308, "f1": 1.07127781857152, "f10": -0.18652656842530946, "f11": -0.29127779761120465, "f12": -0.925960886103339, "f13": -1.180737150043868, "f14": -0.531804907177561, "f15": -0.5297791927008275, "f16": 0.7764826520902496, "f17": 0.06965513714304292, "f18": -2.3419073253975617, "f19": -0.9068325652629133, "f2": -0.7353091202385689, "f20": 1.564386432651426, "f21": 0.28341537737950434, "f22": -2.783760230205833, "f23": 1.8356064622463084, "f24": -0.6752280977006135, "f25": -0.6863695495556175, "f26": 0.48256647145997106, "f27": -0.2575527628063391, "f28": 1.1355138962078613, "f29": 1.0778106324044652, "f3": 2.8544362999398176, "f30": 1.9946208820440743, "f31": 0.5423433672897999, "f32": -0.5401205545371923, "f33": -0.4688913297106132, "f34": -0.7922424595135471, "f35": 2.0904568314769842, "f36": -0.7789641705824724, "f37": 0.3589251889717632, "f38": 0.19015252369167618, "f39": -2.076409441315674, "f4": 2.9009941106290364, "f40": 0.44488936477152197, "f41": -0.9108865765954262, "f42": -2.743316313127607, "f43": 1.27610833071879, "f44": -0.35009024159045143, "f45": 1.3487630741045686, "f46": -0.31924424558930264, "f47": -0.7635323090911216, "f48": -1.4016277501449608, "f49": -0.1560363150359397, "f5": 1.9535770241548418, "f50": -0.6333754076958882, "f51": -1.249262422525482, "f52": -0.8193375463720304, "f53": 0.4539356168931203, "f54": 0.1962051230725333, "f55": 1.9686587820355652, "f6": 1.5320974786849835, "f7": -0.20947717878176547, "f8": -0.06129405154561518, "f9": -0.7471206205611303}, "datetime": {"datetime": "2023-02-04 02:09:25", "elapsed": 28382.547696, "delta": 2.70106}}
{"target": 0.18907185485975855, "params": {"f0": 0.6261004657458129, "f1": 0.9654507485826302, "f10": -0.8904179388497485, "f11": -0.3140107993553716, "f12": -0.27396059340705325, "f13": -1.318698671789826, "f14": -1.315640333837683, "f15": -0.6028878703991392, "f16": 0.14364881553148717, "f17": 0.7260001707095289, "f18": -1.620076573910822, "f19": -0.622435191180478, "f2": -1.045317340805005, "f20": 1.441702065907197, "f21": 0.34720805622461803, "f22": -2.2058109648562905, "f23": 2.0643610582816256, "f24": -0.9781466685533773, "f25": -0.7548024844517651, "f26": 1.0002021494729587, "f27": -0.5030566194223104, "f28": 1.3554867016905443, "f29": 1.6604011351071477, "f3": 2.4255853909253435, "f30": 2.14530139689757, "f31": 1.28067791288513, "f32": -0.11189705133697425, "f33": -0.3804545912777557, "f34": -1.3578673674579695, "f35": 0.9019732362853107, "f36": -0.4843060638308936, "f37": 0.43635026577312613, "f38": 0.36278062833790303, "f39": -1.6592876344905902, "f4": 1.5347921397805446, "f40": 0.7673770309298876, "f41": -1.206982714530569, "f42": -0.63040926220964, "f43": 1.0665360267085862, "f44": -0.4222773667362193, "f45": 1.112593975715555, "f46": 0.0785721453962579, "f47": -0.45291404177298367, "f48": -1.1358432770824478, "f49": -0.14368670023114105, "f5": 2.9487730173219484, "f50": -0.24532587094510205, "f51": -1.4870929750121815, "f52": -0.6327345639734401, "f53": 0.3248525766430068, "f54": 0.14569443357772383, "f55": 1.1832250491361416, "f6": 1.6647370812254452, "f7": -0.2465151952466782, "f8": -0.22568288668669212, "f9": -0.6809613825706169}, "datetime": {"datetime": "2023-02-04 02:10:51", "elapsed": 28467.970833, "delta": 85.423137}}
{"target": 0.2536839877252531, "params": {"f0": 0.6710348350753962, "f1": 0.4084678361970549, "f10": -0.3950198418352917, "f11": -0.4653907141291288, "f12": -0.5673674692837829, "f13": -0.33177733986402624, "f14": -1.1397087507988195, "f15": -1.0862246694208837, "f16": 0.9194874613425034, "f17": 0.1565505393064756, "f18": -1.3212959471782726, "f19": -1.3942838981039425, "f2": -0.9697551574916593, "f20": 2.7939243328346466, "f21": 0.27987262441390093, "f22": -1.0368156291510644, "f23": 0.5983095953710649, "f24": -1.5352754039594245, "f25": -0.4703236490194379, "f26": 0.6301017165610385, "f27": 0.3317550942594958, "f28": 0.9127357200531587, "f29": 1.1477964601879682, "f3": 2.7899380175894373, "f30": 1.857660473749245, "f31": 0.4876718782012731, "f32": -0.21157770316032054, "f33": 0.048363295700933784, "f34": -1.8009372405640256, "f35": 1.0603926833051185, "f36": -0.6360837222431821, "f37": 0.06921777981490945, "f38": 0.03629436594457365, "f39": -2.0899684243825036, "f4": 0.8846870027747968, "f40": 1.1268397155954226, "f41": -1.152641528437397, "f42": -2.1577320930735144, "f43": 0.60849559367591, "f44": 0.1193264469126557, "f45": 0.8686374155919827, "f46": -0.7096918742132191, "f47": -1.2370126786495237, "f48": -1.191185622496291, "f49": 0.6916211558254376, "f5": 2.012941659500359, "f50": -0.9330502892027449, "f51": -1.1621533527058343, "f52": -0.47184982337945436, "f53": -0.19096877839605764, "f54": 0.1537460667552294, "f55": 1.5818912933908091, "f6": 1.5686831771545238, "f7": -0.3081960296745161, "f8": -0.6401036955700066, "f9": -1.1316933481704115}, "datetime": {"datetime": "2023-02-04 02:12:28", "elapsed": 28565.039715, "delta": 97.068882}}
{"target": 0.44277320810199816, "params": {"f0": 0.3269325471133259, "f1": 1.1425404289908574, "f10": -1.0049142552870922, "f11": -0.2811436036148228, "f12": -1.1966723800067025, "f13": -0.8411116511573534, "f14": -1.0160325716092067, "f15": -1.1667341238009357, "f16": 0.479409105966126, "f17": 0.5779237984784001, "f18": -1.5725479344313698, "f19": -1.0480617020547895, "f2": -0.3560887529290434, "f20": 1.6218222251824679, "f21": 0.5068284735549248, "f22": -1.548915915768534, "f23": 2.1650703613778166, "f24": -1.8245126990533909, "f25": -0.6936927445660557, "f26": 0.5491128198322905, "f27": 0.06578441584213046, "f28": 0.8375800671950735, "f29": 2.442669642363274, "f3": 2.351157698587971, "f30": 1.6938987062894026, "f31": 1.0286574479302466, "f32": -0.4008889190155577, "f33": -0.8860527198910845, "f34": -0.41930081277221865, "f35": 0.929551992509825, "f36": -0.8530361296065994, "f37": 0.5642193918910081, "f38": 0.5303655932354833, "f39": -0.7740360579346464, "f4": 1.8376536046107288, "f40": 0.8880482381339986, "f41": -0.38558530945850955, "f42": -2.0095587573754674, "f43": 1.0682050592383108, "f44": 0.27942909916955483, "f45": 0.2507751187845444, "f46": 0.16157622688905682, "f47": -0.8763972961318374, "f48": -0.8860152870448651, "f49": -0.014784087554775394, "f5": 0.849597291539123, "f50": -0.3681363218927298, "f51": -0.2205670197485905, "f52": -0.7664648542526828, "f53": -0.22873924110435484, "f54": 0.21072301733845078, "f55": 2.1763196520283183, "f6": 2.8433527531709992, "f7": 0.11774029803520092, "f8": -0.7763025607789865, "f9": -2.674493488208932}, "datetime": {"datetime": "2023-02-04 02:13:40", "elapsed": 28637.773588, "delta": 72.733873}}
{"target": 0.22584533354464317, "params": {"f0": 0.10173492674829562, "f1": 0.6363974657169682, "f10": -0.3260547139237302, "f11": 0.005332508111124401, "f12": -0.3951621753979375, "f13": -0.6760663614776321, "f14": -1.5747677240171147, "f15": -0.41641555129117314, "f16": 0.15969686151683937, "f17": 0.38459359450506814, "f18": -0.5003916988998194, "f19": -1.501065674921723, "f2": -1.0558540525571798, "f20": 2.6621218768139006, "f21": 0.4131292563981851, "f22": -2.073676387709241, "f23": 0.7464742904694639, "f24": -1.351629267854852, "f25": -0.975463102119152, "f26": 0.5318397190170359, "f27": -0.4201284741618896, "f28": 0.36550190239681407, "f29": 0.965581677127856, "f3": 1.0923290990423755, "f30": 1.7424795868473528, "f31": 0.2723089367048559, "f32": -0.07904463968871045, "f33": -0.05341185800297421, "f34": -0.4291367250164728, "f35": 2.6387881964293176, "f36": -0.3178379690136751, "f37": 0.015326129020768853, "f38": 0.5617844685125393, "f39": -1.2567921054832372, "f4": 2.561226442770296, "f40": 0.8250479628001436, "f41": -2.0516121120076978, "f42": -0.5625496436764443, "f43": 0.8505383026476269, "f44": 0.2753433589692903, "f45": 0.6008535611667114, "f46": -0.38381816320914774, "f47": -0.7322850514589787, "f48": -1.5696521131546037, "f49": 0.1512599019886149, "f5": 1.0122792830715264, "f50": -0.6702218636679309, "f51": -1.1828167594597265, "f52": -0.7630974023283106, "f53": 0.18345488583694347, "f54": 0.08033376399415698, "f55": 1.9103187990694264, "f6": 1.9142724052598123, "f7": 0.1407204668126274, "f8": -0.5975052947396495, "f9": -1.5447820584761258}, "datetime": {"datetime": "2023-02-04 02:14:30", "elapsed": 28687.726961, "delta": 49.953373}}
{"target": 0.09201032148222464, "params": {"f0": 0.3790056996622357, "f1": 0.7639394851730739, "f10": -0.45845364020811064, "f11": 0.03642098383026582, "f12": -1.0790338609908803, "f13": -1.5077148877936473, "f14": -0.6547628196228005, "f15": -0.8985980753987202, "f16": 0.46469707376132363, "f17": -0.07347571515048265, "f18": -1.466761244351661, "f19": -1.1991824403246665, "f2": -0.47411378821000105, "f20": 0.5475141698955635, "f21": 0.8148802841491775, "f22": -1.6922288065235493, "f23": 1.2747871048111183, "f24": -1.217874014941803, "f25": -0.9982207062571411, "f26": 1.5030334572194395, "f27": -0.4024762380297663, "f28": 0.7782802643446309, "f29": 0.4710989935244514, "f3": 2.013386871763678, "f30": 2.250334067930183, "f31": 1.3653153204099147, "f32": -0.7440034376533947, "f33": -0.16567603024502042, "f34": -0.9701744634889191, "f35": 1.5940450231310583, "f36": -0.2447969608856585, "f37": 0.5054943370890594, "f38": 0.8850979474222616, "f39": -1.478797041169472, "f4": 2.016048714469565, "f40": 1.082756529081728, "f41": -1.3396739353395752, "f42": -0.7553478069494175, "f43": 0.6123507030035268, "f44": -0.2228426557972758, "f45": 0.4733268936670729, "f46": -0.19238160939969973, "f47": -0.25592759367434126, "f48": -1.1128157000954189, "f49": 0.10064107514400772, "f5": 2.482261401298723, "f50": -0.7708818472883795, "f51": -0.36628372955050126, "f52": -0.38415693068904067, "f53": 0.5949213040190705, "f54": 0.3719780117338565, "f55": 1.531431351539113, "f6": 1.545983041764864, "f7": 0.15455487471065998, "f8": -0.4020533599045877, "f9": -2.3644605305686683}, "datetime": {"datetime": "2023-02-04 02:15:29", "elapsed": 28746.764966, "delta": 59.038005}}
{"target": 0.5160368638919824, "params": {"f0": 0.0976747488602325, "f1": 0.71887712328999, "f10": -1.022285684903025, "f11": -0.8940160039353041, "f12": -0.5845713734025866, "f13": -1.2657600138921878, "f14": -1.1704709330420464, "f15": -0.41934906482712986, "f16": 0.9640611193436074, "f17": 0.21440495352528088, "f18": -1.6699284440011375, "f19": -0.892344053474788, "f2": -0.5506234440833379, "f20": 1.6287418969830043, "f21": -0.023463934786167318, "f22": -1.4890981842908053, "f23": 0.43454461525717103, "f24": -0.5648534502359293, "f25": -1.0604684579420574, "f26": 0.4408747712879054, "f27": -0.3100713371154255, "f28": 0.4126163633250578, "f29": 2.4170122490238093, "f3": 0.6598200904287407, "f30": 2.0835379868612423, "f31": 1.2839687936499278, "f32": -0.7700735129639625, "f33": -0.7066245230503156, "f34": -0.8926957166165164, "f35": 1.9252478204920231, "f36": -0.6390985016750121, "f37": 0.38463386596154303, "f38": 0.10894092850151771, "f39": -1.8202603363643444, "f4": 2.8130118338543113, "f40": 0.8565552742814793, "f41": -1.2066747735120158, "f42": -2.7696025045769916, "f43": 1.2945045295991096, "f44": -0.06409143656812794, "f45": 1.2612076919073683, "f46": 0.1807914645050026, "f47": -0.7122593987962509, "f48": -0.6651765547871731, "f49": 0.23026165362361195, "f5": 2.7341523656039692, "f50": -1.2695777792335845, "f51": -0.9956834433314359, "f52": -0.5810542785602558, "f53": -0.2115250555611856, "f54": 0.286287355300082, "f55": 1.8182005383301822, "f6": 1.913358098859234, "f7": -0.455001452247539, "f8": -0.8148527320525734, "f9": -0.5655728441414447}, "datetime": {"datetime": "2023-02-04 02:16:06", "elapsed": 28783.672347, "delta": 36.907381}}
{"target": 0.1738817931684418, "params": {"f0": 0.5277226006140496, "f1": 0.6400142759443581, "f10": -1.1253140835842304, "f11": -0.8755641091630735, "f12": -0.5464821783769632, "f13": -1.5682012064057702, "f14": -1.2074971807084733, "f15": -0.7575139489205056, "f16": 0.23955718187264008, "f17": 0.6482340114991394, "f18": -1.7104039435535392, "f19": -0.9757196118196655, "f2": -0.5103112674391858, "f20": 1.607750532748972, "f21": 0.022360479810695832, "f22": -2.1704580506171065, "f23": 1.3500727296863073, "f24": -1.5748206172987467, "f25": -0.8821262082874666, "f26": 1.3194966821733698, "f27": 0.0541743503841694, "f28": 0.569897256435313, "f29": 0.7835083316581966, "f3": 1.7425069640515902, "f30": 1.1945954500891443, "f31": 0.7299894549389587, "f32": -0.3707396525138206, "f33": -0.09447523476384745, "f34": -1.2859363950824099, "f35": 1.832757226065814, "f36": -0.7962028158015563, "f37": -0.0010530692286188081, "f38": 0.5939744844560673, "f39": -0.43515316353735356, "f4": 2.5380317991989876, "f40": 0.9190051715621621, "f41": -0.6644452817376889, "f42": -0.8884663080909085, "f43": 0.36264261897214134, "f44": -0.28173330064250174, "f45": 1.1585456281473392, "f46": 0.050929371402832824, "f47": -0.7013570071757887, "f48": -0.42956797201036756, "f49": 0.6811697041902408, "f5": 2.066063690686337, "f50": -0.6285993107480998, "f51": -0.7486880108543452, "f52": -0.612662236897731, "f53": 0.6188350829975995, "f54": 0.024235797058219044, "f55": 1.4937828192257723, "f6": 1.4585476904900154, "f7": 0.3725080295269755, "f8": -0.020388786377444235, "f9": -2.9256684049663892}, "datetime": {"datetime": "2023-02-04 02:17:05", "elapsed": 28842.445345, "delta": 58.772998}}
{"target": 0.23860368964654172, "params": {"f0": 0.6943160564322588, "f1": 1.09627021126263, "f10": -1.0962783338533544, "f11": -0.48650768144142964, "f12": -0.7373519764134358, "f13": -1.3717847486456105, "f14": -1.3939850452251232, "f15": -0.38487113243035087, "f16": 0.20022104459469808, "f17": 0.3183907444948525, "f18": -0.8616803493247973, "f19": -1.30954552111403, "f2": -0.22582478573492226, "f20": 2.1510554252093725, "f21": 0.1635248860900271, "f22": -2.743966398512684, "f23": 1.3063778630545209, "f24": -1.1616240001390477, "f25": -0.7108299534670691, "f26": 1.4073484726801202, "f27": 0.20401975775472847, "f28": 0.3204400764375619, "f29": 1.0168144879532073, "f3": 1.8124672861135322, "f30": 0.6655784959132607, "f31": 0.49054689926465966, "f32": -0.21794524153698647, "f33": -0.769184696093131, "f34": -0.4660157975955945, "f35": 1.2075175133487075, "f36": -0.11945775668803638, "f37": 0.3626567516674526, "f38": 0.3977791895980774, "f39": -0.3955010250969049, "f4": 2.312127912822366, "f40": 0.709818926506956, "f41": -1.6091011386567646, "f42": -1.906168743107711, "f43": 0.9318761294652844, "f44": -0.27455791091493775, "f45": 0.6552712823150039, "f46": -0.5411564878310516, "f47": -0.20268184447034399, "f48": -1.5642525400915972, "f49": 0.046372995480754464, "f5": 1.1114584961264993, "f50": -0.7901327966975135, "f51": -0.25967518030191794, "f52": -1.1621960786544512, "f53": -0.11495165489143222, "f54": 0.2367996448996572, "f55": 2.9786404473623, "f6": 2.9186524538158864, "f7": -0.32456776633529616, "f8": -0.41580818069826253, "f9": -2.7219224978159877}, "datetime": {"datetime": "2023-02-04 02:18:07", "elapsed": 28904.596908, "delta": 62.151563}}
{"target": 0.2960049963041054, "params": {"f0": 0.9262677489093878, "f1": 0.29396036741292053, "f10": -0.40787667295722774, "f11": -0.9333991348403272, "f12": -1.1866556505487487, "f13": -1.1278136710988074, "f14": -1.0908800034850388, "f15": -1.0788267217697507, "f16": 0.37623866751236695, "f17": 0.7269074017252893, "f18": -1.8047175606260941, "f19": -1.6521296538380708, "f2": -0.46725775951843496, "f20": 2.2637822256362385, "f21": 0.014686014303980255, "f22": -0.8875258460125708, "f23": 0.9219336127369417, "f24": -0.42962742455875746, "f25": -0.13091677479451835, "f26": 0.2788837755093336, "f27": -0.3315624644390215, "f28": 0.9275877106601026, "f29": 2.0866144893473755, "f3": 2.8040884369373456, "f30": 0.7459879259239706, "f31": 0.873224580904727, "f32": -0.16597936875286767, "f33": -0.07051235235988396, "f34": -1.156335691428892, "f35": 1.4478244596770131, "f36": -0.03901043986843744, "f37": 0.3907430386735151, "f38": 0.6971798183116638, "f39": -0.41106532827157904, "f4": 2.628587152681685, "f40": 1.0713344700905658, "f41": -0.5247481817261248, "f42": -1.8149764231635968, "f43": 1.0893579865981422, "f44": 0.14043294737655765, "f45": 1.3933163737633032, "f46": -0.16305047907530212, "f47": -0.6130617916701555, "f48": -1.3516082571985883, "f49": 0.15868843411801378, "f5": 2.1688378006380318, "f50": -1.1820024395467263, "f51": -0.6722675979099374, "f52": -0.48368651316426203, "f53": 0.27309299977484, "f54": -0.17674081938233918, "f55": 1.1127630607571106, "f6": 2.7985138960576896, "f7": -0.3822235112290199, "f8": -0.5628324883276654, "f9": -1.1700023960606303}, "datetime": {"datetime": "2023-02-04 02:19:31", "elapsed": 28988.145599, "delta": 83.548691}}
{"target": 0.36646860797322606, "params": {"f0": 0.37056906254348004, "f1": 1.2832624908055774, "f10": -0.8453390949862487, "f11": 0.035945552843070105, "f12": -1.1157117376234946, "f13": -0.8342666982750763, "f14": -1.095924032171905, "f15": -0.4362425490626205, "f16": 0.1463151259205871, "f17": 0.33539124121825326, "f18": -1.1727900116592265, "f19": -1.1984825762881757, "f2": -0.8406195688643064, "f20": 2.5244496589231153, "f21": 0.6540679821983926, "f22": -2.900841886851378, "f23": 1.749262044986036, "f24": -1.1833741116591714, "f25": -0.8945632261168048, "f26": 0.8605710188454089, "f27": -0.6091001695399993, "f28": 0.44331700232271787, "f29": 1.833516647180449, "f3": 0.6131834046245745, "f30": 2.0622685578636113, "f31": 0.9308691228377315, "f32": -0.6734770505476202, "f33": -0.8050985619448717, "f34": -0.7081283361585144, "f35": 1.3262541179778733, "f36": -0.7304469675481847, "f37": 0.03772064764101346, "f38": 0.581252676071794, "f39": -1.8518816770695632, "f4": 0.8728336866479858, "f40": 0.2809544710664174, "f41": -1.70729633231371, "f42": -1.4160880086086447, "f43": 0.4302669299769907, "f44": 0.3719395992723097, "f45": 0.42085337070420215, "f46": -0.46165284259947675, "f47": -0.9608995502322348, "f48": -1.5011415167101172, "f49": 0.20241028547124087, "f5": 0.7880115162096171, "f50": -0.9542189706132889, "f51": -0.4160549314623325, "f52": -0.25929934427191337, "f53": 0.15893653203814628, "f54": 0.4973599730229547, "f55": 0.7052348746561625, "f6": 1.9330485658187402, "f7": 0.38713032051267093, "f8": -0.018863181201353885, "f9": -3.0434100436627243}, "datetime": {"datetime": "2023-02-04 02:21:13", "elapsed": 29090.324026, "delta": 102.178427}}
{"target": 0.33015692486708936, "params": {"f0": 0.5868872771652212, "f1": 1.0633647108722486, "f10": -1.0967011947633325, "f11": -0.21621517540362745, "f12": -0.909313194030904, "f13": -1.7243816330208834, "f14": -1.2690533480765442, "f15": -1.364769352574483, "f16": 0.9686464182687172, "f17": 0.04972839193964668, "f18": -1.2414561059412528, "f19": -1.0153171907840328, "f2": -0.9746422390689297, "f20": 1.822940572437441, "f21": 0.1115717266098727, "f22": -0.4679799869960144, "f23": 0.47192387214631804, "f24": -1.0927885797551191, "f25": -0.29646168704128006, "f26": 1.1926589256011102, "f27": -0.47923253981530384, "f28": 0.3022220410039196, "f29": 2.9554682305635573, "f3": 1.5664866987251849, "f30": 0.8877858395979691, "f31": 0.5218297034504229, "f32": 0.026639846548884072, "f33": -0.6152213635075878, "f34": -2.293268095193934, "f35": 2.524558630972384, "f36": -0.451528253701755, "f37": -0.06970057325776746, "f38": 0.23164170426556868, "f39": -1.3574068599211295, "f4": 0.5103504932218728, "f40": 0.286357494822588, "f41": -0.5425240868784986, "f42": -1.8734153315049173, "f43": 0.7271030755899575, "f44": -0.06713410810675091, "f45": 1.2967122058245473, "f46": 0.13407554931044396, "f47": -1.0884196883263173, "f48": -0.37054202659632063, "f49": 0.5811860539885808, "f5": 1.3183775881505437, "f50": -0.8819798136210494, "f51": -1.2388980595588672, "f52": -1.1924276269437917, "f53": 0.13272369379278798, "f54": 0.49403946857493836, "f55": 1.0274864723523272, "f6": 2.719261529983991, "f7": 0.13809075846585772, "f8": -0.2653097151570004, "f9": -1.9145124573540397}, "datetime": {"datetime": "2023-02-04 02:21:54", "elapsed": 29131.297452, "delta": 40.973426}}
