{"target": 0.24018785373231394, "params": {"f0": -0.25966841917815653, "f1": -0.17891534243924334, "f10": -0.20637815683590577, "f11": -0.18016344457728117, "f12": -0.7184880742872419, "f13": -0.8743544117306232, "f14": -1.5130938263287352, "f15": -0.4043841816264535, "f16": 0.7911081630493836, "f17": 0.4393221148722568, "f18": -2.3437809452809018, "f19": -0.7972070034906283, "f2": 1.7473432816043308, "f20": 2.3169831796526013, "f21": -0.08289238227800189, "f22": 0.3466417767782284, "f23": -0.07200721688388967, "f24": -0.001928921664535732, "f25": 0.042054655138578756, "f26": 0.9030734282692983, "f27": -1.0020354430298923, "f28": 1.3272583224029955, "f29": 1.7078881220408058, "f3": 2.7025310660783757, "f30": 0.666918983526145, "f31": 2.5447508745440723, "f32": 0.36020728684018677, "f33": -0.9564919547521085, "f34": -0.7897014504707496, "f35": 0.6693412770148292, "f36": -1.22370043777672, "f37": 1.4603851253968974, "f38": 0.2696138627035223, "f39": -0.8760181698114369, "f4": 2.608500489477939, "f40": 0.46622688307462945, "f41": -1.6341323656260212, "f42": -1.3510408970356333, "f43": 1.4538091774419963, "f44": 0.19732254116001147, "f45": 1.3278019036796755, "f46": -0.8596918481769518, "f47": -0.08824018968503333, "f48": -0.9201211181209277, "f49": -0.04462455229438056, "f5": 1.7271378278519967, "f50": -0.8399814722773338, "f51": -1.0417466062904723, "f52": -0.35275548880536456, "f53": -2.846099731167193, "f54": -0.46130363824529697, "f55": 2.0317342935148854, "f6": 2.084280357951345, "f7": -1.3486370942795334, "f8": 0.40564480425240124, "f9": -1.7796156018470564}, "datetime": {"datetime": "2023-02-03 20:38:33", "elapsed": 8530.485898, "delta": 32.087394}}
{"target": 0.201981782199581, "params": {"f0": 1.147374146147337, "f1": -0.055715558622480676, "f10": 0.5049485687627221, "f11": 1.1324249030337814, "f12": -2.6117916197753823, "f13": -1.5596720363883705, "f14": -0.9962964335107396, "f15": -1.6932127908541343, "f16": 1.425967351939045, "f17": -0.1864881804536314, "f18": -2.6019331279711224, "f19": 0.1138309575989942, "f2": 1.4394169161544363, "f20": 1.2762167728996767, "f21": -0.5445772957603137, "f22": -0.7481961877758718, "f23": 0.8077821999667111, "f24": -1.075519765298813, "f25": -1.2025481775565217, "f26": -0.3753515738241245, "f27": -0.337162883655703, "f28": -0.044342986926980354, "f29": 2.2610826763689458, "f3": 2.6244062126243333, "f30": 1.081388602809544, "f31": 0.3549708965938135, "f32": 0.5200716269964166, "f33": 0.6604374621081899, "f34": -1.1512991791541647, "f35": 0.6264621616988165, "f36": -1.372823402229902, "f37": 0.808563199883615, "f38": 0.4812367297370852, "f39": -0.05571702494992037, "f4": 2.4291045695153652, "f40": 0.6560840435380844, "f41": -2.0954136049837486, "f42": -0.11409449594334031, "f43": 2.129445194054844, "f44": 1.145346694971523, "f45": 0.947698132550374, "f46": 0.5139769435783854, "f47": -0.63141225068244, "f48": -0.7588815955195543, "f49": 0.21317131139554546, "f5": 2.0588498969148814, "f50": 0.35398334441088175, "f51": -2.0594389018127504, "f52": 0.4982974105533118, "f53": -1.221157706126263, "f54": 0.607041991091244, "f55": 2.957061160026824, "f6": 1.9316676055341933, "f7": -1.5179341039093839, "f8": -0.8217669823872856, "f9": -2.8411630235850676}, "datetime": {"datetime": "2023-02-03 20:39:03", "elapsed": 8559.936096, "delta": 29.450198}}
{"target": 0.2585722348073391, "params": {"f0": -0.6235479976586722, "f1": 0.3372573280569223, "f10": 0.6539270940582907, "f11": 0.760189571070677, "f12": -1.350677110343369, "f13": -0.8986937730238846, "f14": -1.931998186350346, "f15": -0.9075554943395123, "f16": 0.3494518875462158, "f17": 1.3345813328469252, "f18": -2.433450444986025, "f19": 0.7579439269405917, "f2": 1.2745468513906366, "f20": 0.9045520916263854, "f21": 0.550374454446309, "f22": -1.231142331183603, "f23": 1.3345586228903583, "f24": -1.6119864476981898, "f25": -1.1345619798263455, "f26": 1.0872152923485316, "f27": -0.25817102867509556, "f28": 0.9938578421642998, "f29": 1.6117462874479285, "f3": 1.82435622595584, "f30": 0.7679531488856023, "f31": 1.6486481082453472, "f32": 0.7848123351520241, "f33": -0.29716656275673037, "f34": -2.1377805346343397, "f35": 0.7599288107518732, "f36": -1.2076148248386231, "f37": 0.9431539364542515, "f38": -1.119963168535818, "f39": -1.326327195373078, "f4": 1.4576907237067191, "f40": 0.551527583887192, "f41": -1.9740028653665178, "f42": -1.063325013367434, "f43": -0.06251482448300566, "f44": -0.30212077893922507, "f45": 1.9927469001270426, "f46": -0.7464667046005593, "f47": -0.2861740693529986, "f48": 0.3872071537532298, "f49": 0.37385658854985226, "f5": 2.0159448012622985, "f50": -0.7637518052655337, "f51": -2.7611750813887874, "f52": -0.8033614365312832, "f53": -0.7696257792999539, "f54": 0.08848887696547181, "f55": 2.430113868151331, "f6": 2.2588469991726168, "f7": -0.5993628805034756, "f8": -0.8222971699668821, "f9": -1.7562097719858007}, "datetime": {"datetime": "2023-02-03 20:39:37", "elapsed": 8594.330086, "delta": 34.39399}}
{"target": 0.13517734844359558, "params": {"f0": 0.4566518130174303, "f1": 0.4515821803561578, "f10": -0.11353329036581006, "f11": 0.10126925385835195, "f12": -2.118464977536508, "f13": -1.2907732957765488, "f14": -1.0658416467654181, "f15": -0.1900211129436642, "f16": 0.03305771606557689, "f17": 0.34035615288156085, "f18": -2.112791421590485, "f19": -0.3170306599471151, "f2": 0.7311527233846274, "f20": 1.0660716441300546, "f21": 0.6155441951436715, "f22": -1.575435575242331, "f23": 0.0806200528097295, "f24": -1.0348667975770565, "f25": -0.8924849692522854, "f26": 1.1362666480058372, "f27": -0.5342768797126246, "f28": 1.1227328074676166, "f29": 2.1356177888858574, "f3": 2.810442188955445, "f30": 0.2004250213159251, "f31": 1.1768433944740555, "f32": 0.2464576947458338, "f33": -0.12561158374278203, "f34": -1.5225258172495013, "f35": 1.0622083520121475, "f36": -2.3811995334911136, "f37": 1.2505511001890026, "f38": 0.7554010674166276, "f39": -0.7869509176822245, "f4": 2.7383396850141315, "f40": 1.3035565347980484, "f41": -2.1175444381666844, "f42": -2.621243524008471, "f43": 1.0824174127622552, "f44": -0.06480683586748881, "f45": 1.8426233095089937, "f46": -0.6277634918140257, "f47": 0.464044213103296, "f48": -1.6209529941339222, "f49": 0.862633025709226, "f5": 1.4755791812691503, "f50": -0.9462627872243347, "f51": -1.0040603267586041, "f52": -0.3055351576416041, "f53": -1.0861305452196914, "f54": -0.43248638587327687, "f55": 1.6403307081897391, "f6": 2.5060218952845115, "f7": -1.9510775749001033, "f8": 0.016125735997304935, "f9": -1.658976067196107}, "datetime": {"datetime": "2023-02-03 20:40:18", "elapsed": 8635.82491, "delta": 41.494824}}
{"target": 0.39769376307671467, "params": {"f0": -0.1435486668645466, "f1": -0.3164962926977286, "f10": 0.005279487049386411, "f11": 0.11397921468675787, "f12": -1.2112006447707684, "f13": 0.23053273460749146, "f14": -0.9520704858692857, "f15": -0.0835293887435089, "f16": 0.4657325906781162, "f17": 1.6913098567279645, "f18": -2.976014604412908, "f19": 0.2875750715599268, "f2": 0.013302090871132821, "f20": 1.1516340627551982, "f21": 0.15939888214002096, "f22": -1.2647761863336904, "f23": 1.6738661701982558, "f24": -1.0278073801247236, "f25": -0.4498456798660484, "f26": 0.44657199457480945, "f27": -1.2545559047888066, "f28": -0.1128218341457603, "f29": 1.961458625379886, "f3": 2.6401410187818892, "f30": 0.9524439563513795, "f31": 1.582222810071224, "f32": -0.25358231827243205, "f33": 0.06134114983392058, "f34": -0.6129326348717059, "f35": 0.40689406060853706, "f36": -1.594455970448148, "f37": -0.48746153492502375, "f38": -0.27590648660876793, "f39": -1.6186866320332562, "f4": 2.3388958126237536, "f40": 1.2471280644029508, "f41": -2.7348861950726824, "f42": -1.003847320124809, "f43": 2.0578617304344533, "f44": 0.38589628499180106, "f45": 1.6598601359242433, "f46": -0.20650255290898634, "f47": -0.05122597056918132, "f48": -0.9805223122504653, "f49": -0.17983462507439218, "f5": 2.6654289345933, "f50": -1.0112243960472207, "f51": -0.9665723221600873, "f52": 0.15157932956164855, "f53": -1.5431765584371244, "f54": -0.49901104230001503, "f55": 2.9720492688218902, "f6": 2.8676919873040845, "f7": -2.442721510008882, "f8": 0.08856361984245364, "f9": -1.8515637057338807}, "datetime": {"datetime": "2023-02-03 20:41:19", "elapsed": 8696.770774, "delta": 60.945864}}
{"target": 0.2397687390539751, "params": {"f0": 0.2927561030485075, "f1": 0.7792204055978568, "f10": -0.021068243036640566, "f11": 0.9140606793797232, "f12": -1.265676517942048, "f13": -0.8244584143785212, "f14": 0.29306259393460987, "f15": -1.3253677068746366, "f16": 2.1907643058886905, "f17": 0.8459945771915707, "f18": -1.382729898935546, "f19": -0.9324012054330686, "f2": 0.09671528800563461, "f20": 2.9735843463173177, "f21": 0.270488638627274, "f22": -2.5073883299471675, "f23": 0.7579299807561484, "f24": -2.004733280181841, "f25": 0.45488677803286137, "f26": 0.20849514993131946, "f27": 0.06506850446483203, "f28": 1.2769925555752961, "f29": 2.5851957317973486, "f3": 2.8149467220967312, "f30": 1.0319398231800458, "f31": 1.4684554930693037, "f32": 0.284712021203286, "f33": 0.03525180576497611, "f34": -1.4596396018048485, "f35": 0.8967782279483448, "f36": -2.431624686667785, "f37": 0.5154015366136856, "f38": 0.6914713371439412, "f39": -0.705337533351448, "f4": 2.4013287137022195, "f40": 0.15035843614098676, "f41": -2.167551868472509, "f42": -1.130801193500183, "f43": 0.6169104900816968, "f44": 0.628336348680621, "f45": 0.5150508669409086, "f46": -1.0664751890328263, "f47": 0.20720043516072706, "f48": -1.3017703750436045, "f49": 0.6235488520971871, "f5": 1.8307072646925875, "f50": -0.5947608304521343, "f51": -2.5821948452049948, "f52": -0.7268576411286856, "f53": -0.3820317678251737, "f54": -0.36412013364394724, "f55": 2.7380326064017484, "f6": 2.262116486863665, "f7": -1.0831067490212516, "f8": -0.21087569040240872, "f9": -2.2304997026211106}, "datetime": {"datetime": "2023-02-03 20:42:10", "elapsed": 8747.527549, "delta": 50.756775}}
{"target": 0.4163690142404874, "params": {"f0": 0.49421871614914015, "f1": 0.5835076174653636, "f10": 0.7898770544164319, "f11": 0.28282645536116413, "f12": -1.9306745791052071, "f13": 0.3062036581253196, "f14": -1.1789431940647959, "f15": -0.986912684336064, "f16": 0.25810707119045606, "f17": 0.43385794099331204, "f18": -2.9746730578591234, "f19": -0.36201547359509223, "f2": 0.039229359643403405, "f20": 1.261340527574787, "f21": 0.8622808799353763, "f22": -1.9469082553140882, "f23": 1.3958615381255832, "f24": 0.16241931617033334, "f25": -0.5713389876785149, "f26": 0.7328963610579311, "f27": -0.8835100515465699, "f28": 2.173650273467975, "f29": 2.8730714727338285, "f3": 2.8333484164467215, "f30": 1.1370423550995867, "f31": 0.44048912513247196, "f32": 0.7512764084107445, "f33": 0.11922700068684644, "f34": -0.5220655033186223, "f35": 1.1437416955368391, "f36": -1.3588988970672793, "f37": 0.3445229732446603, "f38": -0.7445749963960128, "f39": -0.14986102705446158, "f4": 2.4271514092129682, "f40": 1.548662637381726, "f41": -2.4328077743265712, "f42": -1.133950587671524, "f43": 2.4162450376406834, "f44": 0.773367004161686, "f45": 0.560047944037305, "f46": -1.2275131381827113, "f47": 0.2159234619962891, "f48": 0.09924746727625267, "f49": 0.22219199210751905, "f5": 1.9944324879111313, "f50": -0.13545491038321877, "f51": -1.9253211758623598, "f52": 0.31305055683454763, "f53": -1.585847596477234, "f54": -0.11690454488359114, "f55": 2.537660531885214, "f6": 1.942581063426016, "f7": -1.1365743825690198, "f8": 0.8114467296491702, "f9": -2.012384720872598}, "datetime": {"datetime": "2023-02-03 20:43:25", "elapsed": 8822.812455, "delta": 75.284906}}
{"target": 0.6736180485101886, "params": {"f0": -0.4373395652843847, "f1": 0.9935723915199309, "f10": -0.5175709036501865, "f11": -0.08986161281303073, "f12": -2.4520633920556443, "f13": -0.7074670120968132, "f14": -1.0791992330110334, "f15": 0.20321320140977006, "f16": -0.20771342301965062, "f17": -0.11840259385474017, "f18": -2.8082108958463357, "f19": 0.6776196085571522, "f2": 0.254624467364304, "f20": 2.0183993578995816, "f21": 0.12962551464169403, "f22": -1.6428881854600794, "f23": 0.9488648844149195, "f24": -1.6200655527320955, "f25": 0.27712960856020685, "f26": 0.6246299553238963, "f27": 0.2654957502081985, "f28": 0.9829095720028449, "f29": 2.433963736903266, "f3": 2.8569561205168212, "f30": 0.2587681749486143, "f31": 2.1173547381398654, "f32": -0.03466945921101294, "f33": 0.4985241813466267, "f34": -1.603775876321199, "f35": -0.24275607903790303, "f36": -1.1902386584944273, "f37": 0.17243741448401373, "f38": -1.1196685382264848, "f39": -0.4576554216594402, "f4": 1.47334274337285, "f40": 1.2298084679567463, "f41": -2.308170866958441, "f42": -1.6206362745634562, "f43": 1.8175971793941783, "f44": -0.4224122381124869, "f45": 0.31953643824520744, "f46": -0.1917504459246291, "f47": 0.1903052277481343, "f48": -0.5802523865011251, "f49": 0.7862585358296917, "f5": 0.5792214200597644, "f50": -0.4328865360773626, "f51": -1.0769265545568931, "f52": -0.35231109598301, "f53": -2.450938289174487, "f54": 0.8642812951311648, "f55": 2.1766952123805052, "f6": 2.15029769716508, "f7": -1.092123139759309, "f8": -0.31392941579085476, "f9": -1.5513405020328859}, "datetime": {"datetime": "2023-02-03 20:44:27", "elapsed": 8884.672082, "delta": 61.859627}}
{"target": 0.3655742558891662, "params": {"f0": 0.9163018935439214, "f1": 0.5072830657143267, "f10": 0.3513250953067314, "f11": -0.13337746252261307, "f12": -1.482725486724361, "f13": -1.511789688751171, "f14": -1.9302725974776829, "f15": -0.9024616425958059, "f16": 0.42563227141161086, "f17": 0.6733412367613223, "f18": -2.6897890654987253, "f19": -0.008970486938090438, "f2": 0.8518790127045344, "f20": 2.2658917165359465, "f21": 0.591191788084696, "f22": -0.5661196008048268, "f23": -0.19247232246275386, "f24": 0.17428523867972245, "f25": -0.60060397262397, "f26": -0.18944771713129005, "f27": 0.3290747575423427, "f28": 1.5276193796148856, "f29": 1.9836052227766834, "f3": 2.4434509826551167, "f30": 0.849332939766559, "f31": 2.142469805528326, "f32": 0.7469239747307285, "f33": -0.37367374981908785, "f34": -1.7273777212489587, "f35": 1.247352997836321, "f36": -2.5077816724684383, "f37": 1.3009410720068675, "f38": -0.5416215955902561, "f39": -1.0952509932448087, "f4": 2.4429278425048837, "f40": 1.266064268421653, "f41": -2.0783230160473396, "f42": -2.196252583310728, "f43": 0.1671559842922659, "f44": 0.697176575566659, "f45": 0.3156772475998878, "f46": -0.9977984417877453, "f47": -0.12785000615674003, "f48": -0.48976747231332407, "f49": 0.47948310841279873, "f5": 1.6777521606921848, "f50": -0.059381873908999516, "f51": -2.561157608443364, "f52": 0.4188702109163409, "f53": -0.06512322256819747, "f54": 0.44707573975540005, "f55": 2.6065196281708998, "f6": 1.0201359597295947, "f7": -1.2408997010184875, "f8": -0.17901235470680033, "f9": -1.5633908657195705}, "datetime": {"datetime": "2023-02-03 20:45:17", "elapsed": 8934.014483, "delta": 49.342401}}
{"target": 0.45871551138398403, "params": {"f0": -0.39304026701132555, "f1": 0.7754760668366297, "f10": 0.5723786147202742, "f11": -0.2078295934128931, "f12": -1.9116196187811274, "f13": 0.12334963388166997, "f14": -0.35671918617085896, "f15": -1.8424212645456726, "f16": 0.05146229128398638, "f17": 0.3400363010153426, "f18": -2.678948830002793, "f19": 0.0016109216424416983, "f2": 0.9277737977456408, "f20": 2.6905765258756293, "f21": -0.8877773236970679, "f22": -1.5846020459349575, "f23": 1.4669083114185575, "f24": -1.674850327242008, "f25": -0.8309521320200782, "f26": 0.8727441084135199, "f27": -0.881942016034116, "f28": 1.3334484444686348, "f29": 2.834238811189175, "f3": 2.7187253638162425, "f30": 0.7067792343547901, "f31": 0.9349030588411726, "f32": 0.7610104011427749, "f33": 0.005696823642853732, "f34": -1.8751876640198741, "f35": -0.2394690475622374, "f36": -1.1120337507840166, "f37": -0.03035192587712532, "f38": -0.7553493940471243, "f39": -1.2945532355304539, "f4": 2.23037055092732, "f40": 0.5234403608781926, "f41": -1.3895351385572865, "f42": 0.21447052048336301, "f43": -0.28078560193889784, "f44": 0.4436290599730168, "f45": 1.0759864779947346, "f46": -1.0666257331066542, "f47": 0.33084404189389893, "f48": 0.08449185752400035, "f49": 0.08712736693388734, "f5": 2.4312189401025233, "f50": -0.003887007272432186, "f51": -1.2241807072203348, "f52": -0.016982194044378396, "f53": -0.36507670706678264, "f54": -0.7823245802897453, "f55": 2.4865709718936864, "f6": 1.725615792774429, "f7": -0.8657527395892617, "f8": -0.41163035095944067, "f9": -1.062073163413567}, "datetime": {"datetime": "2023-02-03 20:46:20", "elapsed": 8997.804257, "delta": 63.789774}}
{"target": 0.3310034355700469, "params": {"f0": -0.22530130570089507, "f1": -0.2670093891552223, "f10": -0.6911027579610034, "f11": -0.2269391154335692, "f12": -2.4654056207372914, "f13": -0.19774865761709082, "f14": -0.3044795929392481, "f15": -0.7450220996860977, "f16": 1.155742594648271, "f17": 1.4914683609323331, "f18": -1.8869060049444375, "f19": -0.3922067558715854, "f2": -0.27559373340472415, "f20": 2.155260738040369, "f21": 0.08658081497736758, "f22": -1.6300930778466804, "f23": 0.8311483301132181, "f24": -1.3163862600383531, "f25": -0.4600520401660517, "f26": -0.4596758340719676, "f27": -0.9530115456717496, "f28": 1.2866816262904415, "f29": 1.8427281583510187, "f3": 2.974154034955397, "f30": 0.027745953201041618, "f31": 0.763366585918639, "f32": 0.6730297825983799, "f33": -0.35678985767933513, "f34": -1.4702962972170195, "f35": -0.2600944690564646, "f36": -0.7693783472915907, "f37": 0.5837469649108707, "f38": 0.061169237222140405, "f39": -1.2582513303872451, "f4": 1.7255822939695635, "f40": 0.09392539096850466, "f41": -2.778178965357357, "f42": -1.7074732696978172, "f43": 2.061364933931445, "f44": -0.02164266681277438, "f45": 0.3091106215105579, "f46": 0.4234190782915688, "f47": 0.589819794395753, "f48": -0.6558055899374997, "f49": 0.6310032010988691, "f5": 1.7921974081685053, "f50": -0.8787330194804638, "f51": -1.1344967899208116, "f52": 0.4169290740628304, "f53": -0.9061963168599156, "f54": 0.7002736122598096, "f55": 3.022304510948015, "f6": 1.9651564919900255, "f7": -1.9497133530936268, "f8": -0.6364697530398721, "f9": -1.3102736060892641}, "datetime": {"datetime": "2023-02-03 20:47:10", "elapsed": 9047.357535, "delta": 49.553278}}
{"target": 0.30085819479435894, "params": {"f0": 1.102880856473401, "f1": 0.30092263829141774, "f10": 0.026185288020072917, "f11": 0.04805233107117024, "f12": -1.7965410926294494, "f13": -0.9556784729465764, "f14": -1.070385450713414, "f15": -0.9805465823613861, "f16": 0.6593030880227149, "f17": 0.5902591159326677, "f18": -2.8191733813980795, "f19": -0.6078187238569739, "f2": 0.007674810095214035, "f20": 1.541583054459783, "f21": -0.6969150499855349, "f22": -1.5285493449110643, "f23": 0.28477394108626175, "f24": -1.0724267478041951, "f25": -1.124422232747734, "f26": -0.07944968891395277, "f27": 0.2667663935636646, "f28": 1.3313994787870664, "f29": 2.493341562635955, "f3": 2.688591958805105, "f30": -0.13704916033881961, "f31": 1.2194911367067127, "f32": -0.06867922330089893, "f33": -0.21731467304197738, "f34": -1.013767988463736, "f35": 0.723674482998497, "f36": -0.21386846532695225, "f37": -0.2280742826922112, "f38": -0.17168413012699701, "f39": -0.771920008648181, "f4": 1.3791532052516322, "f40": -0.1841625464915943, "f41": -1.7697826011374647, "f42": -1.3503879792499083, "f43": 0.10414443000268403, "f44": -0.17782132122595729, "f45": 0.5515787871686644, "f46": 0.34594629858354864, "f47": 0.23163897706500802, "f48": -1.4303231147915492, "f49": 0.2815748549322363, "f5": 1.4923120008455795, "f50": -0.14762523601260558, "f51": -1.334298864811106, "f52": 0.02794759995356766, "f53": -1.110613692502099, "f54": -0.14599607696093309, "f55": 2.3479840426694656, "f6": 2.1032357503271912, "f7": -0.3843112424772195, "f8": 0.7582269543999925, "f9": -2.128320599378915}, "datetime": {"datetime": "2023-02-03 20:47:11", "elapsed": 9048.804174, "delta": 1.446639}}
{"target": 0.2282672948143968, "params": {"f0": -0.7260405272152387, "f1": -0.8244565746988047, "f10": 0.16241665834086294, "f11": 0.20543284324346134, "f12": -1.21209225661264, "f13": -1.8303445795819053, "f14": -0.2177709408801518, "f15": -0.6730850300179587, "f16": 0.3033607369126, "f17": 0.5451773619776896, "f18": -2.116846782249171, "f19": 0.12733846751407407, "f2": 0.5558911975644417, "f20": 1.0182983650199458, "f21": -0.26636262856404713, "f22": -1.3273167751623969, "f23": 1.1668287808846198, "f24": 0.08545956743890493, "f25": 0.211782960124826, "f26": 0.2741913495728783, "f27": -0.6394037286573729, "f28": 2.1467218756605444, "f29": 2.98761391964448, "f3": 2.6991671899697636, "f30": 0.4088637674008051, "f31": 2.23333752495019, "f32": 0.28365045115817267, "f33": -0.588564617442477, "f34": -1.9706336170360057, "f35": 1.2280363598577027, "f36": -0.5854951139414455, "f37": 0.018957426239640474, "f38": -0.15576237063803888, "f39": -0.25870087148006227, "f4": 2.069279142696674, "f40": 0.17142007820331884, "f41": -0.9471792238864785, "f42": 0.2233436999058056, "f43": 0.17161220081910306, "f44": -0.4356249511100699, "f45": -0.11480803749632262, "f46": -0.6687015311123391, "f47": -0.6704381313625978, "f48": -1.3589305436677712, "f49": -0.5301378875255074, "f5": 0.6817422084555956, "f50": 0.3137742708143971, "f51": -1.3990069122804156, "f52": -0.49412947428430876, "f53": -0.9598958444391539, "f54": 0.9460266361311273, "f55": 1.5586790529541728, "f6": 0.36671226628412573, "f7": -0.510019889276184, "f8": 0.7739268393145933, "f9": -1.8816815287948847}, "datetime": {"datetime": "2023-02-03 20:47:54", "elapsed": 9091.018224, "delta": 42.21405}}
