{"target": 0.2609823615256096, "params": {"f0": 0.49660953719388384, "f1": 0.8683037963840492, "f10": -0.4196437078756198, "f11": -0.09297669116879015, "f12": -0.6869029364574533, "f13": -0.819439962360859, "f14": -1.1351646640132063, "f15": -0.8918337290756254, "f16": 0.24558021474229924, "f17": -0.18749155934506356, "f18": -1.3956231586611687, "f19": -0.7587229733650039, "f2": -0.6470063742617926, "f20": 2.451085569250724, "f21": 0.5723923508968465, "f22": -1.0937868472509704, "f23": 1.884005195926669, "f24": -0.7073966762734003, "f25": -1.0129969543856854, "f26": 1.5206051945653614, "f27": -0.23271465475544534, "f28": 0.7390948220437601, "f29": 1.5540620695658658, "f3": 2.6608734359752506, "f30": 1.3230102705543003, "f31": 0.4015062277616849, "f32": -0.13369507405567738, "f33": -0.24333764529790436, "f34": -1.2506766056198573, "f35": 1.8828524375169482, "f36": -0.7376733894789327, "f37": 0.14403812809358285, "f38": 0.3320547167463812, "f39": -0.8134789052321882, "f4": 1.548885631044601, "f40": 0.5313208257431719, "f41": -1.7180732501013294, "f42": -1.6991209996976884, "f43": 0.6812206626653646, "f44": -0.04107296829100765, "f45": 0.5168675114355878, "f46": -0.24118623333754896, "f47": -0.5989315535042546, "f48": -0.7747468538248273, "f49": 0.02649435957251517, "f5": 2.3112338922044535, "f50": -1.4529865097748935, "f51": -0.7341787822768477, "f52": -0.5554280525884435, "f53": -0.1425965372446374, "f54": 0.34818977752540126, "f55": 1.6518529494246301, "f6": 2.616478581533374, "f7": -0.06240755001266263, "f8": -0.2985200948612289, "f9": -2.8736399551843292}, "datetime": {"datetime": "2023-02-03 22:53:34", "elapsed": 16631.864402, "delta": 86.800088}}
{"target": 0.19802975407339063, "params": {"f0": 0.9458064315458747, "f1": 0.8466569235107583, "f10": -1.338894938506343, "f11": -0.4190835272390845, "f12": -1.0129964011931702, "f13": -1.5453973647443096, "f14": -0.33313853832187945, "f15": -1.1776374781313914, "f16": 0.3056763982445344, "f17": 0.5696507616280804, "f18": -0.9585987317641957, "f19": -1.2139242191048067, "f2": -0.1973756997919497, "f20": 2.922452177795785, "f21": 0.3022055815467646, "f22": -1.9555851862067735, "f23": 1.0990953470302223, "f24": -1.4783821929694527, "f25": -0.982506642103459, "f26": 1.4743462256781195, "f27": -0.45212844920675366, "f28": 1.1443239249364825, "f29": 2.520002672525879, "f3": 2.1705556919841547, "f30": 0.7338356202314635, "f31": 0.774772169172772, "f32": -0.6600879903274866, "f33": -0.23600796781221456, "f34": -1.5632418023873043, "f35": 1.2991974486773608, "f36": -0.20868479273438711, "f37": -0.09461083044315358, "f38": 0.5498115219245419, "f39": -0.8415091472983081, "f4": 1.7025805185812009, "f40": 0.3746148932994918, "f41": -0.7620293643250109, "f42": -2.4001518920446228, "f43": 0.68577941631128, "f44": -0.1526627810863776, "f45": 1.2162080572800738, "f46": -0.372090250111736, "f47": -0.9588311180865614, "f48": -0.6630172043457714, "f49": 0.3210005699533346, "f5": 2.6487988075686286, "f50": -1.3435006755173156, "f51": -0.9074195827332089, "f52": -1.4842469354213648, "f53": 0.36820691996626936, "f54": 0.46257074554852085, "f55": 1.3050329249561352, "f6": 2.1987069057049804, "f7": 0.1934100530560423, "f8": -0.07450589750056336, "f9": -1.9635812715495806}, "datetime": {"datetime": "2023-02-03 22:54:42", "elapsed": 16699.88083, "delta": 68.016428}}
{"target": 0.47963155923393497, "params": {"f0": 0.2763414236896333, "f1": 0.6111356494127913, "f10": -0.20465003643394142, "f11": -0.7086860590799359, "f12": -0.7987448951382887, "f13": -1.324924792509401, "f14": -1.205078921448774, "f15": -0.5439841662857134, "f16": 0.6695315604155592, "f17": 0.4184134959188187, "f18": -1.4688247790273359, "f19": -1.0464054787581722, "f2": -0.22781729258300476, "f20": 2.165541780356507, "f21": 0.6864487028663435, "f22": -1.8670949308814455, "f23": 1.461508240775661, "f24": -1.0551108845072366, "f25": -0.15220411678279588, "f26": 0.7502704669831854, "f27": -0.494001503899402, "f28": 0.32210755543599506, "f29": 2.940278343307387, "f3": 2.0571151360767654, "f30": 1.7206184954250783, "f31": 0.574395765759542, "f32": -0.8172456687266022, "f33": -0.736478605633448, "f34": -0.8790747415085318, "f35": 2.0421150594012225, "f36": -0.8722071274625198, "f37": 0.315236861385523, "f38": 0.37563625992807126, "f39": -2.162817786532521, "f4": 1.8093777487630693, "f40": 0.21914103005232466, "f41": -1.0995394020499731, "f42": -1.5169710133648375, "f43": 0.5837056502305307, "f44": -0.18208120020452417, "f45": 0.7151299485573588, "f46": -0.2744332848072957, "f47": -0.7286804962017801, "f48": -1.3757138541490774, "f49": 0.22951653646652084, "f5": 2.128754192710133, "f50": -0.3798665289160299, "f51": -0.5066733389920981, "f52": -1.539955500747282, "f53": 0.48915771481339826, "f54": 0.2362189278955817, "f55": 2.1106705959195895, "f6": 1.9184169675105962, "f7": 0.37211975399409647, "f8": -0.5220947097190913, "f9": -1.17899410354403}, "datetime": {"datetime": "2023-02-03 22:56:04", "elapsed": 16781.354804, "delta": 81.473974}}
{"target": 0.1543270629392996, "params": {"f0": 0.7565409057884831, "f1": 1.429939008323949, "f10": -0.6971665322879841, "f11": -0.526005374919035, "f12": -1.1455771263518855, "f13": -0.6534992409790188, "f14": -0.9175784730207903, "f15": -1.3758632943814197, "f16": 0.21590910335220448, "f17": -0.038230811574067214, "f18": -0.7487642521626325, "f19": -0.592959124222433, "f2": -0.7467916817904539, "f20": 1.457103958740349, "f21": 0.4599333769404915, "f22": -1.0408419451648494, "f23": 1.7122277403895558, "f24": -1.1091381778029874, "f25": -0.7040600859246144, "f26": 0.922118087778917, "f27": -0.48820537133817343, "f28": 1.001783927593066, "f29": 2.004159310587909, "f3": 2.8237553009490184, "f30": 0.7273615596708851, "f31": 0.5965150248417393, "f32": -0.10382390611969905, "f33": -0.5595173868229689, "f34": -2.0083136928228953, "f35": 2.2310242656348236, "f36": -0.5551007829170553, "f37": -0.12401796119260217, "f38": 0.686146645134885, "f39": -1.0847986404507226, "f4": 1.5600093556839765, "f40": 0.706636434039861, "f41": -1.1567646756612517, "f42": -1.1872641474660304, "f43": 1.1572336848309872, "f44": -0.07000781933863492, "f45": 1.2918502505958944, "f46": -0.48849796902129294, "f47": -0.7636930683252432, "f48": -1.1201508558259876, "f49": 0.32354545567822035, "f5": 2.457008415207573, "f50": -1.140690241801504, "f51": -0.41098558670734064, "f52": -1.262301401440102, "f53": 0.6108474058463365, "f54": 0.3327497951803548, "f55": 2.3117032289122585, "f6": 2.4682004609972195, "f7": 0.1617152270176938, "f8": -0.2916852459600058, "f9": -1.7601549472008757}, "datetime": {"datetime": "2023-02-03 22:56:47", "elapsed": 16824.56024, "delta": 43.205436}}
{"target": 0.6733742533220552, "params": {"f0": -0.024729447594599545, "f1": 0.60195020408056, "f10": -0.6266175200966709, "f11": -0.6700624075407323, "f12": -1.0297612283485218, "f13": -0.8145595722886859, "f14": -1.529108418702429, "f15": -0.9112661798903902, "f16": 0.3304064520013784, "f17": -0.07496068572370351, "f18": -1.1443254912214054, "f19": -0.3318835637188846, "f2": -0.714511584060854, "f20": 2.9870480733133364, "f21": 0.14885423861539945, "f22": -1.5258996890760852, "f23": 1.2395699542581264, "f24": -1.3596211883785938, "f25": -0.7515568880801929, "f26": 0.6812663476029286, "f27": -0.5202766793785598, "f28": 1.2344367003626489, "f29": 0.7751025610685188, "f3": 1.65352428792362, "f30": 0.6942150695854166, "f31": 1.3340963769969532, "f32": -0.5343430630312616, "f33": -0.6757256007341408, "f34": -0.5314235858958476, "f35": 1.378795992879996, "f36": -0.4111438432832235, "f37": 0.5616974070197207, "f38": 0.8297228216720798, "f39": -1.1825745309585165, "f4": 2.860309106977423, "f40": 0.7976124108961234, "f41": -2.2269567959642087, "f42": -1.487991646479476, "f43": 1.3080912250807526, "f44": -0.30290861077229825, "f45": 0.8939346799901301, "f46": -0.17749226877700386, "f47": -0.5404374503251094, "f48": -0.38890924658130377, "f49": -0.13922316426159836, "f5": 2.7770777923503625, "f50": -1.0469262143018347, "f51": -0.5671539583155284, "f52": -1.2656996883436085, "f53": 0.05893065706052891, "f54": 0.3107829155635174, "f55": 2.366020554874631, "f6": 2.6452039065628785, "f7": -0.13491125568089335, "f8": -0.27297273008736833, "f9": -1.3069409207818088}, "datetime": {"datetime": "2023-02-03 22:58:01", "elapsed": 16898.608399, "delta": 74.048159}}
{"target": 0.5382771872669302, "params": {"f0": 0.6383739855435475, "f1": 0.582450026453371, "f10": -0.22790681252971257, "f11": -0.12930409774175744, "f12": -1.216827004238515, "f13": -1.1271753662508193, "f14": -1.142030744867994, "f15": -0.31526027914916965, "f16": 0.6629923802959273, "f17": 0.12049243630262554, "f18": -1.0505406509588875, "f19": -1.5219228744850808, "f2": -0.6106436805051245, "f20": 2.323100061873403, "f21": 0.12046817430543415, "f22": -2.002916493895981, "f23": 1.1355637242882142, "f24": -0.7361710377730073, "f25": -0.9116246989254242, "f26": 0.9834393097581364, "f27": -0.5729392417108632, "f28": 0.31084294971503146, "f29": 2.7855079300588503, "f3": 2.6700204973444657, "f30": 1.0788879131564806, "f31": 0.4551648904692972, "f32": -0.6326862453374917, "f33": -0.044255559887248386, "f34": -1.072875436437539, "f35": 1.624975028312663, "f36": -0.37360113110814275, "f37": 0.14001201938673224, "f38": 0.6130407872532053, "f39": -2.1010522459968994, "f4": 1.9998710289194346, "f40": 0.6981214265549454, "f41": -2.021068019709124, "f42": -1.0775560313449133, "f43": 0.6977977248149398, "f44": -0.08827734850693741, "f45": 0.9004463203668065, "f46": -0.4495642734846374, "f47": -0.9398492591354479, "f48": -1.2013925874578888, "f49": 0.26212569782912387, "f5": 2.044677823133448, "f50": -0.5202049006673892, "f51": -0.7278385218357694, "f52": -0.8163427146024828, "f53": 0.5312445221123872, "f54": 0.24688091547443508, "f55": 2.353524707195335, "f6": 2.3206574679184984, "f7": 0.17850464927820409, "f8": -0.18373676176870168, "f9": -1.6978575788874084}, "datetime": {"datetime": "2023-02-03 22:58:53", "elapsed": 16950.807391, "delta": 52.198992}}
{"target": 0.5018600704214475, "params": {"f0": 0.027227059045246874, "f1": 0.6889269515017908, "f10": -0.9365161574828725, "f11": 0.03514635408493161, "f12": -0.996579619007891, "f13": -1.3355159861271653, "f14": -1.3261137669983554, "f15": -0.9696142558154707, "f16": 0.21889624999182516, "f17": 0.08669581120993813, "f18": -1.3504049626069068, "f19": -1.081074176972828, "f2": -0.5294556850183685, "f20": 1.8728661298018463, "f21": 0.2578337775293067, "f22": -2.243978844253253, "f23": 1.5960034627914501, "f24": -0.9033617339931543, "f25": -0.43313170122228994, "f26": 1.0544219803256674, "f27": -0.3066638803474241, "f28": 1.008196096308692, "f29": 1.6132259576639174, "f3": 2.593419297236004, "f30": 1.8985169128764776, "f31": 0.6883068545004924, "f32": -0.49968273724831513, "f33": -0.8425717061960505, "f34": -1.163344683274047, "f35": 2.166503362029249, "f36": -0.33410910905873814, "f37": 0.3777724655624922, "f38": 0.1226719771062457, "f39": -1.428864068994646, "f4": 1.697511376524269, "f40": 0.11395551346005944, "f41": -1.786304611083501, "f42": -1.29233368118743, "f43": 0.45455087510310976, "f44": 0.011329960987046639, "f45": 1.2779257764409684, "f46": -0.18089670312697015, "f47": -0.9316033404597661, "f48": -0.8418761914946923, "f49": 0.12512130072161184, "f5": 2.722913453580375, "f50": -1.3789250546913405, "f51": -1.0283528793769299, "f52": -1.3826763198902743, "f53": 0.1643146780645217, "f54": 0.4544861429813743, "f55": 2.267641437934729, "f6": 1.6444897631591235, "f7": -0.19927525215913455, "f8": -0.2522256396301026, "f9": -1.5153041490780004}, "datetime": {"datetime": "2023-02-03 22:59:45", "elapsed": 17002.828483, "delta": 52.021092}}
{"target": 0.11045724098328366, "params": {"f0": 0.4375189723374592, "f1": 0.9574373651492644, "f10": -0.8097842312260252, "f11": -0.511424850984298, "f12": -0.7681887856180739, "f13": -1.0304224549429322, "f14": -0.9011093402407911, "f15": -0.9408126322624785, "f16": 0.5614363909743388, "f17": 0.2865482729726085, "f18": -1.3332229520561587, "f19": -1.0459809353906382, "f2": -0.5744538242083886, "f20": 2.414816438854592, "f21": 0.38234435773115655, "f22": -1.8054842032587488, "f23": 1.2769085309390296, "f24": -1.1300810422185754, "f25": -0.6354840294782033, "f26": 0.9413630096321468, "f27": -0.15343789614642914, "f28": 0.8895129354181494, "f29": 2.4104225613663046, "f3": 2.8375855936758723, "f30": 1.4140453011975849, "f31": 0.7344599018001695, "f32": -0.336779623613866, "f33": -0.4552722019860601, "f34": -1.4068766502792458, "f35": 1.6697910165841985, "f36": -0.45679076832517285, "f37": 0.11260498676994242, "f38": 0.48121596299487956, "f39": -1.378673501478598, "f4": 1.8018099266077499, "f40": 0.6176397077883652, "f41": -1.2874170109401637, "f42": -1.690484482034704, "f43": 0.8035762341365442, "f44": -0.11143382027158864, "f45": 0.8475566298395857, "f46": -0.25726880777573885, "f47": -0.6855150684386438, "f48": -0.9880572400241396, "f49": 0.2883652421888003, "f5": 2.3607994312557907, "f50": -1.0223487205062551, "f51": -0.8626181367856144, "f52": -0.9263710323633356, "f53": 0.25924799205197296, "f54": 0.2915216338860481, "f55": 2.1219588977639874, "f6": 2.2110173224024425, "f7": 0.004782698489347064, "f8": -0.48664560334695195, "f9": -1.9078452802898174}, "datetime": {"datetime": "2023-02-03 22:59:48", "elapsed": 17005.872133, "delta": 3.04365}}
{"target": 0.27681840218144843, "params": {"f0": 0.7736829529351981, "f1": 0.41425354448069934, "f10": -1.1493973905341353, "f11": -0.24953623884158282, "f12": -0.7654733646584712, "f13": -1.280783259434831, "f14": -1.4732074155074155, "f15": -0.5270608957681049, "f16": 0.4647592388924343, "f17": 0.4429215193669366, "f18": -2.095635541843639, "f19": -0.8134586813438237, "f2": -0.9881259781384952, "f20": 1.4208013490101887, "f21": 0.8408529646651852, "f22": -0.7664222938472203, "f23": 0.5353188837692104, "f24": -1.7682612009750205, "f25": -0.6000264193747906, "f26": 1.3748166842282232, "f27": 0.08460404277521527, "f28": 0.5561673351182719, "f29": 2.8385243381523955, "f3": 0.9217395978283067, "f30": 0.8704880085866935, "f31": 0.873507936627943, "f32": -0.282562715823084, "f33": -0.15668387018941654, "f34": -2.3104048893792104, "f35": 2.683359822674789, "f36": -0.05335293783167283, "f37": 0.004349455362935795, "f38": 0.5767764853535767, "f39": -0.8231044150326003, "f4": 0.386575028141541, "f40": 0.08300922691591184, "f41": -1.8314103843169922, "f42": -0.7767939512327322, "f43": 1.3467710482051425, "f44": -0.23740083706114312, "f45": 1.4852115772745433, "f46": -0.04270427260848053, "f47": -0.8182847401264057, "f48": -0.33217527433478944, "f49": -0.132781218452923, "f5": 1.63474255599557, "f50": -0.8088357819454779, "f51": -0.1832455488561735, "f52": -1.4338335203118797, "f53": -0.02181493550409752, "f54": -0.033338611214011216, "f55": 1.701274266096707, "f6": 1.7358933450968708, "f7": 0.3203562634598459, "f8": -0.24113238604634168, "f9": -2.764942240476361}, "datetime": {"datetime": "2023-02-03 23:01:15", "elapsed": 17092.601833, "delta": 86.7297}}
{"target": 0.4173316729340796, "params": {"f0": 0.8495889054844716, "f1": 0.34471432461780593, "f10": -0.21171169630071907, "f11": -0.7825657505810198, "f12": -0.5113154714055659, "f13": -1.4775281078232467, "f14": -1.1796145675643355, "f15": -0.5782716741984546, "f16": 1.0320950315239272, "f17": 0.44101937924855217, "f18": -0.7746507076192799, "f19": -0.8833544233703567, "f2": -0.376777070497619, "f20": 1.3847472957043054, "f21": 0.6062593314913365, "f22": -2.842853622774382, "f23": 1.7795830384449127, "f24": -1.1597845637699065, "f25": -0.5037670408163215, "f26": 0.48818549115555215, "f27": 0.06377244492319567, "f28": 1.0728993963458064, "f29": 1.3178948582034113, "f3": 2.813020312185312, "f30": 0.7983749464496523, "f31": 0.19324983801880416, "f32": -0.3285676838431484, "f33": -0.10559906456994206, "f34": -0.9534868845294251, "f35": 0.696528285812283, "f36": -0.5113584429282761, "f37": -0.2518607160533897, "f38": 0.4089654619399215, "f39": -1.6505244685705929, "f4": 1.254708852835188, "f40": 0.1423075569079363, "f41": -1.885305643002295, "f42": -0.8323620863119467, "f43": 0.7507783733657324, "f44": -0.5096551610706993, "f45": 1.2810960998117717, "f46": 0.16353054629183728, "f47": -0.19066837319155594, "f48": -0.8468274915258782, "f49": 0.38299871039392064, "f5": 2.982138223456361, "f50": -0.8825281285958485, "f51": -1.4353192816789302, "f52": -0.2555897669610727, "f53": 0.1402047529551761, "f54": 0.7127364641142243, "f55": 1.8220267220671165, "f6": 2.8773435880943197, "f7": -0.17193818725563054, "f8": -0.4489618989229539, "f9": -0.6674440706924782}, "datetime": {"datetime": "2023-02-03 23:02:36", "elapsed": 17173.121932, "delta": 80.520099}}
{"target": 0.43007583749597056, "params": {"f0": 0.19637402436341844, "f1": 0.8229456218640221, "f10": -1.1164616193562775, "f11": -0.8868835820689306, "f12": -0.706460351094524, "f13": -0.34751187499428804, "f14": -0.9663893368595212, "f15": -1.076476003129175, "f16": 0.5165919432029381, "f17": 0.1808813473658918, "f18": -1.5545713160841124, "f19": -0.5614542471777266, "f2": -0.9323326054460462, "f20": 1.9720461506713534, "f21": 0.05004473661667572, "f22": -0.8463097868154983, "f23": 1.822615625787471, "f24": -0.8780203691173032, "f25": -0.30763672645103224, "f26": 0.3964998928271458, "f27": -0.49481771193770085, "f28": 1.4135186599957712, "f29": 0.6306347053861816, "f3": 0.9750736604312378, "f30": 1.6244195615665935, "f31": 0.6523659324803559, "f32": -0.2881904018369048, "f33": -0.4474670812481535, "f34": -1.5610609652048897, "f35": 1.6219155210025678, "f36": -0.23540445818955247, "f37": -0.07847547593076684, "f38": 0.7776172736072822, "f39": -2.273511482276645, "f4": 1.4249497144445993, "f40": 0.5476823206865108, "f41": -1.601778948327674, "f42": -1.4380420989086018, "f43": 0.8932312697793651, "f44": -0.4905086873897537, "f45": 0.8292222193245569, "f46": -0.33577661862790764, "f47": -1.1637399945608338, "f48": -0.6803055244056799, "f49": -0.024779752850409842, "f5": 0.4934360450465615, "f50": -1.4462427145854302, "f51": -1.1781619533444971, "f52": -0.43145453547330637, "f53": 0.48565057864141137, "f54": 0.41186285494515473, "f55": 2.388817618920747, "f6": 2.6035124885112544, "f7": -0.00045803753969364536, "f8": -0.17433519700490618, "f9": -2.424227562103924}, "datetime": {"datetime": "2023-02-03 23:03:44", "elapsed": 17241.089301, "delta": 67.967369}}
{"target": 0.5102839478263571, "params": {"f0": 0.8136576313769, "f1": 0.22927510265223827, "f10": -0.6016912257431026, "f11": -0.6463304506968028, "f12": -0.41576372046596766, "f13": -0.5682122118263413, "f14": -1.3053740106260727, "f15": -1.006546240839075, "f16": 0.8953670373194658, "f17": 0.7434269268830495, "f18": -2.371520009828919, "f19": -1.1279630869212762, "f2": -0.9901766759797626, "f20": 0.5174075372680065, "f21": 0.8412898051348706, "f22": -1.4807721916216883, "f23": 1.3858239029859911, "f24": -0.3264481989706556, "f25": -0.8906798942935878, "f26": 1.5203139036222098, "f27": -0.1723922905912159, "f28": 0.876551457477, "f29": 2.9492975786327977, "f3": 2.5129908125781295, "f30": 0.9813046594809955, "f31": 1.051216140884486, "f32": -0.7358221722583452, "f33": -0.17374257096210644, "f34": -2.3413793912274414, "f35": 0.7067054995039422, "f36": -0.6869727863973916, "f37": 0.2707801623371613, "f38": 0.10932205918547847, "f39": -0.8991228265278233, "f4": 2.6818968315021112, "f40": 0.9075246241610126, "f41": -1.2865409722782661, "f42": -1.904501965743301, "f43": 1.2509448459582357, "f44": -0.1912634348744751, "f45": 0.3819354882559115, "f46": 0.10774689974490603, "f47": -0.42079653041898357, "f48": -0.2594940110686301, "f49": 0.5657731571584339, "f5": 2.441972612284541, "f50": -1.6749794405075733, "f51": -0.8057509188197586, "f52": -0.9805927956131459, "f53": 0.5520711445385358, "f54": 0.2201238480467802, "f55": 2.3877445633566508, "f6": 2.900494459471656, "f7": -0.36078199937535704, "f8": -0.17933872629589442, "f9": -2.0110325368142865}, "datetime": {"datetime": "2023-02-03 23:05:02", "elapsed": 17319.618336, "delta": 78.529035}}
{"target": 0.3060622592354258, "params": {"f0": 0.7613199732489808, "f1": 1.1578514422864488, "f10": -0.6828597463830541, "f11": -0.5785961420076549, "f12": -1.1956906296592287, "f13": -1.6453352432502693, "f14": -0.3765430276841084, "f15": -1.0461147905734065, "f16": 0.2786001585255139, "f17": 0.6154263964798397, "f18": -0.5075258645306555, "f19": -1.345898785337467, "f2": -0.27046417480838925, "f20": 0.6583424892099752, "f21": -0.1305378273459513, "f22": -2.382508938123722, "f23": 0.7470471666787154, "f24": -0.5083914495188384, "f25": -0.988465154655798, "f26": 0.9024360439673398, "f27": -0.027217245308842397, "f28": 0.7183654351294528, "f29": 2.5232087723591827, "f3": 1.2674837695585297, "f30": 2.1618084126549073, "f31": 0.7815003828950187, "f32": -0.5584032321751011, "f33": -0.10559949561737036, "f34": -1.7246601177703242, "f35": 2.21907779364449, "f36": -0.8045722937998866, "f37": 0.10020141116969272, "f38": -0.018969256552520727, "f39": -0.7650748195981611, "f4": 2.6058566208900498, "f40": 0.6332689513876766, "f41": -0.4931565264833073, "f42": -0.849540643418734, "f43": 0.692672116857199, "f44": -0.13045299123332021, "f45": 0.9642694583160973, "f46": 0.05860991568196772, "f47": -0.8206632081270373, "f48": -1.607643922653016, "f49": 0.5416867815719391, "f5": 2.6674069546079897, "f50": -0.7874566120048012, "f51": -0.7782918667068223, "f52": -1.5142794670689872, "f53": -0.1600833434892026, "f54": -0.15008280921707956, "f55": 1.9407609632448126, "f6": 2.190293565366324, "f7": -0.15272475155332743, "f8": -0.16896936263292783, "f9": -2.0645664839444406}, "datetime": {"datetime": "2023-02-03 23:05:41", "elapsed": 17357.941206, "delta": 38.32287}}
