{"target": 0.2895853685629151, "params": {"f0": 0.9686113929948964, "f1": 0.03858721386502517, "f10": -0.106755201154632, "f11": 1.0712764349893846, "f12": -1.5671084656030836, "f13": -2.2232322778198212, "f14": -0.8293534181286835, "f15": -0.3845524650661798, "f16": 1.4983768631437293, "f17": 0.30359660900437935, "f18": -2.240468613310681, "f19": 0.16406852339015598, "f2": 1.0445472717250717, "f20": 1.9379646817754508, "f21": -0.10048838871558097, "f22": -1.887217487794388, "f23": 0.19234021091311448, "f24": -0.8146281636082355, "f25": -1.0679852834805843, "f26": 0.690321674724585, "f27": 0.2180127457897978, "f28": 1.9786145943636182, "f29": 2.2163459439451207, "f3": 2.3798163008873443, "f30": 0.5158444172711296, "f31": 1.755133184041311, "f32": 0.864856550650008, "f33": 0.14649942055938803, "f34": -1.1885230383369767, "f35": 0.4199688209819957, "f36": -2.2375810218616037, "f37": 0.31195056248228503, "f38": -0.37454108907347916, "f39": -1.0422738752421647, "f4": 2.0826296950411214, "f40": -0.0053231475228393, "f41": -0.8264453387746986, "f42": -2.275832335251051, "f43": 0.9283092147061555, "f44": -0.21430546630167047, "f45": 0.3885289917637529, "f46": -0.6456254320944638, "f47": -0.40761865267619957, "f48": 0.11012927789284044, "f49": 0.3525641647814543, "f5": 2.648647377519184, "f50": 0.06606010569807963, "f51": -2.690673823244181, "f52": -1.4402502544943732, "f53": -0.1425201961148077, "f54": 0.19361649791336866, "f55": 1.9637333576143259, "f6": 2.436506224287669, "f7": -1.7675955019593048, "f8": -0.19644153808074638, "f9": -0.6238657621818327}, "datetime": {"datetime": "2023-02-03 21:15:37", "elapsed": 10754.103451, "delta": 1.669153}}
{"target": 0.2750496377475658, "params": {"f0": 0.2400366919489877, "f1": -0.021691794393730035, "f10": -0.4483173745171597, "f11": -0.563854468433651, "f12": -0.9611139294289224, "f13": -2.7437952869374875, "f14": -1.8107417581162628, "f15": -1.1997040952444333, "f16": 0.7573220114735743, "f17": 0.3530644633083627, "f18": -1.2519982399996865, "f19": 0.3810250207698236, "f2": 0.7137452538508492, "f20": 1.8211667084685623, "f21": 0.9356082284381326, "f22": -1.7339758618938657, "f23": 1.291573021038293, "f24": -0.7003524226142808, "f25": 0.15547909525790704, "f26": 0.8376796423403423, "f27": -0.6021152439998226, "f28": 0.08729478714721361, "f29": 2.330235497817476, "f3": 2.908379623519895, "f30": 0.19885843625351973, "f31": 2.8140515777335384, "f32": 0.6914035374630113, "f33": 0.2789376617641963, "f34": -0.42806536279655827, "f35": 0.19484365713665508, "f36": -1.5894503626458858, "f37": 1.444071189578457, "f38": -0.08828176673496047, "f39": -0.5313812199971537, "f4": 2.591541289553305, "f40": 1.200933565111494, "f41": -1.0498503723964843, "f42": -0.569721379080081, "f43": 1.2249037763319368, "f44": 0.7318424860368264, "f45": 0.6456075120021444, "f46": -0.09029318180410484, "f47": 0.20754575211784254, "f48": -0.07480981000482312, "f49": 0.6992268509116352, "f5": 0.5028908740451778, "f50": -1.0666819514706858, "f51": -2.6252004870103156, "f52": -1.0728307393059229, "f53": -1.1034216490321693, "f54": 1.0572983819577257, "f55": 2.6487807299719766, "f6": 1.2862034705070198, "f7": -1.5551510451988422, "f8": -0.7276729763986921, "f9": -1.9186594808062902}, "datetime": {"datetime": "2023-02-03 21:17:01", "elapsed": 10838.325695, "delta": 84.222244}}
{"target": 0.25525305715715835, "params": {"f0": -0.25183154958170106, "f1": 0.9685445433411776, "f10": -0.38166715664791917, "f11": 0.2574527325183582, "f12": -2.8639994726135267, "f13": -1.1568690709626588, "f14": -1.6351668319284207, "f15": -1.4709579884166146, "f16": 0.1789966442017259, "f17": 0.7628530451575877, "f18": -2.1416759191020738, "f19": -0.7119606277240806, "f2": 0.6521410118464318, "f20": 1.5109290147520738, "f21": 0.6485937214373831, "f22": -2.8274766976995105, "f23": 1.202414834425849, "f24": -1.126313848814031, "f25": -0.901920863813155, "f26": 0.3068151099745955, "f27": -0.4639033568555674, "f28": 0.389830111657415, "f29": 2.833368248351339, "f3": 2.989176944141906, "f30": 0.3491102886728905, "f31": 0.7754587927327368, "f32": 0.3656097545521141, "f33": -0.29098944940707916, "f34": -2.1286002935784465, "f35": -0.5536980674056584, "f36": -0.3123718598369085, "f37": 0.5721519745459441, "f38": -0.24557174928766812, "f39": -0.2390854308796646, "f4": 2.468501194057006, "f40": 1.1507851889350162, "f41": -1.607203989906353, "f42": -1.1009918793554305, "f43": 0.5001077603558897, "f44": 0.6886301234257333, "f45": 1.204947579833115, "f46": -0.4397716149919574, "f47": 0.672820318662209, "f48": -0.27172420715201606, "f49": -0.5018040840783434, "f5": 1.9231392061998953, "f50": 0.0352325989818143, "f51": -0.36880772172043574, "f52": 0.22642521970730467, "f53": 0.004891300330916781, "f54": 0.8960369428856477, "f55": 1.77163572341239, "f6": 2.489288283905707, "f7": -0.49259298478898383, "f8": 0.6872236141164945, "f9": -2.7194800067482574}, "datetime": {"datetime": "2023-02-03 21:17:40", "elapsed": 10877.52739, "delta": 39.201695}}
{"target": 0.2559123331320824, "params": {"f0": -0.7353409641869956, "f1": -0.439864874169799, "f10": 0.3446413634909965, "f11": 0.6185588529542796, "f12": -2.6708177045467187, "f13": -1.247916112873991, "f14": -0.6832054847082769, "f15": -0.5510789721870171, "f16": 1.168532393194325, "f17": 0.3329965177717371, "f18": -2.963086521185473, "f19": 0.3134364333102464, "f2": -0.28874651250146444, "f20": 0.0810910766909747, "f21": -0.16168100566786225, "f22": -0.8256111429584974, "f23": 1.055241624134569, "f24": -0.42568222764157637, "f25": -0.4969930705689891, "f26": 0.03081264541849149, "f27": -0.37607317966990506, "f28": 0.513062251201067, "f29": 2.594161916281671, "f3": 2.1748929998510858, "f30": 0.866874580646991, "f31": 1.3917228344594135, "f32": -0.5806667010993491, "f33": -0.9636906446880763, "f34": -1.0108493262595986, "f35": 0.5467418608373241, "f36": -0.4762788427754323, "f37": 0.34892410939303664, "f38": 0.3720445087544364, "f39": -0.7334079295548843, "f4": 1.1072152790401673, "f40": 0.36167318263849546, "f41": -2.968166267414597, "f42": -1.4886045057033737, "f43": 0.7715490730005425, "f44": 1.1417256384924659, "f45": 0.08093657330299653, "f46": -0.3393598642072153, "f47": 0.19312037036641483, "f48": -0.5244071373055037, "f49": 0.35633566244952175, "f5": 1.308115409651175, "f50": -0.654644424719574, "f51": -2.967631759941639, "f52": -0.5645465964561476, "f53": -1.7656547937114675, "f54": -0.048177537543865, "f55": 2.1995959901928455, "f6": 2.1466419500160345, "f7": -0.51855685914924, "f8": -0.024377604641436235, "f9": -1.530656415956694}, "datetime": {"datetime": "2023-02-03 21:18:17", "elapsed": 10913.974576, "delta": 36.447186}}
{"target": 0.6977100251061024, "params": {"f0": 0.3073498013627737, "f1": 0.23669820387882645, "f10": 0.7479823074221906, "f11": -0.05255819016752383, "f12": -0.3897209505890462, "f13": -0.5342538422392127, "f14": -0.8375289125574377, "f15": -1.084397116908714, "f16": 1.00999294452221, "f17": 0.46300127081646825, "f18": -2.300461287547293, "f19": 0.10894690814600061, "f2": 1.2164924667265615, "f20": 2.146198096997238, "f21": 0.9096955636921118, "f22": -1.0694969260839708, "f23": 1.6816574675947407, "f24": -1.4788815099697334, "f25": 0.5195571876851994, "f26": 0.10298321576257041, "f27": -0.10197715329989165, "f28": 1.7794541566572608, "f29": 2.4133146130323286, "f3": 2.064619105550762, "f30": 0.8231268671685316, "f31": 1.3018681152594938, "f32": -0.06261353252575141, "f33": -0.06574026397949762, "f34": -1.2734882200836668, "f35": 1.5133657838329064, "f36": -0.7909392130719684, "f37": 0.8272051579553191, "f38": 0.5334660285645927, "f39": -1.6562750215261763, "f4": 2.1191371082941965, "f40": 0.23507993693143547, "f41": -2.5591257152347175, "f42": -2.400935870091695, "f43": -0.2887346116384132, "f44": -0.5972787755239625, "f45": 1.6900573983416138, "f46": 0.4569408248922764, "f47": 0.3610717980876357, "f48": -1.709167763995891, "f49": -0.10953473180871542, "f5": 1.009315481863518, "f50": -0.25909053363708967, "f51": -1.9912665650975696, "f52": -0.24837312710117931, "f53": -0.9975791401775727, "f54": -0.29215975489408874, "f55": 2.660008331496411, "f6": 2.0117840594426517, "f7": -0.10005693484687672, "f8": 0.746079633911224, "f9": -2.9751657453409734}, "datetime": {"datetime": "2023-02-03 21:18:18", "elapsed": 10915.719261, "delta": 1.744685}}
{"target": 0.21899575358839185, "params": {"f0": -0.6058853838140363, "f1": -0.4379579235304508, "f10": -0.0428539186516812, "f11": 0.5346381043704769, "f12": -1.8489110270018725, "f13": -1.6911426647048557, "f14": 0.0014352057955129283, "f15": -0.0867546048645127, "f16": 0.38511088886488243, "f17": 1.2223793701710863, "f18": -2.7189523492910688, "f19": -0.32169944090477165, "f2": 0.9962432870359533, "f20": 1.7193988873481145, "f21": 0.5849109750044001, "f22": -2.9031873385339066, "f23": 0.9622440381621752, "f24": 0.6155726757911881, "f25": -0.6124487467843216, "f26": 0.8514136618701225, "f27": -0.7017528114616524, "f28": 2.269629595662904, "f29": 2.759559042703701, "f3": 2.340293171642278, "f30": 1.6583811324188646, "f31": 1.9039897203399625, "f32": 0.7729604091361848, "f33": -1.0938349454357754, "f34": -1.9960003557144756, "f35": -0.025375643593483876, "f36": -0.4640178593294597, "f37": 1.0438597880842853, "f38": 0.2083839952489719, "f39": -0.169765184399862, "f4": 2.7873208150991746, "f40": 1.0142939449493256, "f41": -2.353326390823716, "f42": -1.0075666080491088, "f43": 1.042392767666759, "f44": -0.23230518798043354, "f45": 0.8432857440795921, "f46": -0.7403349679062289, "f47": 0.0944311602549921, "f48": -0.5694106655362081, "f49": 0.8891092397757195, "f5": 0.7647356054493816, "f50": 0.1866130901081673, "f51": -0.5469442337132513, "f52": 0.40333310272522427, "f53": -1.3975235720150245, "f54": -0.21707409207715733, "f55": 2.2613746397712724, "f6": 2.535136893901798, "f7": -0.7443411084800089, "f8": 0.9101940306417768, "f9": -1.6413082566014878}, "datetime": {"datetime": "2023-02-03 21:18:59", "elapsed": 10956.521766, "delta": 40.802505}}
{"target": 0.258910116166963, "params": {"f0": 0.36724807913716784, "f1": -0.28290905217313567, "f10": -0.9718658500191402, "f11": 0.48458546192988994, "f12": -1.1569513575966022, "f13": -0.977824699350347, "f14": 0.4451418837718575, "f15": -0.367642361355909, "f16": 1.64195713542213, "f17": 1.5443800621509902, "f18": -2.25708381022297, "f19": 0.35355394007609675, "f2": -0.3472165341281896, "f20": 0.545857701126795, "f21": 0.7330087081632297, "f22": -2.223377181812401, "f23": 1.3111881700883332, "f24": 0.2407774531961664, "f25": -1.5296106766835456, "f26": -0.18120764425874858, "f27": 0.4498474152656031, "f28": 1.5938021395619701, "f29": 1.221751793036331, "f3": 2.1630476813226145, "f30": -0.0281785589351935, "f31": -0.08780598247093635, "f32": 0.12964978027151175, "f33": -0.8153315002192194, "f34": -1.8324158767153425, "f35": -0.016959165515966323, "f36": -1.7864482457151434, "f37": 0.09237450006772119, "f38": -0.27040909551316616, "f39": -0.235208566215384, "f4": 1.7174348809151287, "f40": 0.2573476144126361, "f41": -1.5416212109795644, "f42": -1.8662481303815046, "f43": 1.2078101092570495, "f44": 0.02511145885670829, "f45": 0.9197189262018749, "f46": -0.14151402387644674, "f47": -0.5586189669738326, "f48": -1.7498921017363163, "f49": 0.39660429673826314, "f5": 1.5624265540184163, "f50": 0.017398962996199474, "f51": -1.5729171258304175, "f52": -0.4639800532433127, "f53": -1.7870659405944167, "f54": -0.48739457455630825, "f55": 2.4781011049397415, "f6": 1.853626075463318, "f7": -1.1942059394876718, "f8": -0.6398730408405954, "f9": -1.3042811939130112}, "datetime": {"datetime": "2023-02-03 21:19:55", "elapsed": 11012.796756, "delta": 56.27499}}
{"target": 0.21119215466151503, "params": {"f0": -0.38259129294760275, "f1": 0.8894004167641484, "f10": -0.5866866572908223, "f11": -0.7732226626072048, "f12": -0.7320121214520889, "f13": -1.607707390533348, "f14": -2.061117888546117, "f15": -0.3895201127442762, "f16": 0.3897338637235066, "f17": 0.33227108090881996, "f18": -2.7348134756656264, "f19": 0.42650494046385745, "f2": 1.8760647881585868, "f20": 1.0971053920068536, "f21": -0.18440804225598884, "f22": -1.4104359146173366, "f23": 0.2501373539181835, "f24": -0.8357037685554694, "f25": -0.37239922613503795, "f26": 0.17139483337495287, "f27": -0.12946110859925364, "f28": 1.0394065395865266, "f29": 2.9190479759809405, "f3": 1.7284474605591766, "f30": 1.9594098723918285, "f31": 2.581925572831831, "f32": -0.674350876005847, "f33": 0.44056897940299833, "f34": -2.0579881855365794, "f35": 0.2199819501932755, "f36": -1.9994687645254101, "f37": 0.9574606672820501, "f38": -0.13183632405120504, "f39": -1.5727997574757273, "f4": 2.2378991513138295, "f40": 1.2502957492024032, "f41": -1.1536660920586732, "f42": -0.5193397814513716, "f43": 1.283450779442303, "f44": 0.36156619765551334, "f45": 0.7342065525802078, "f46": -1.3086469663949218, "f47": -0.3032366831150849, "f48": -0.5339990370493659, "f49": -0.19322371650966919, "f5": 1.9845815506465359, "f50": -0.5011713160902107, "f51": -0.529786401246132, "f52": 0.18217444040393516, "f53": -1.1237805346989735, "f54": 0.1813889231185971, "f55": 0.5048579887085208, "f6": 2.375446481355626, "f7": -0.2563312328706928, "f8": 0.6352055894456738, "f9": -2.7182524094302467}, "datetime": {"datetime": "2023-02-03 21:20:40", "elapsed": 11057.251091, "delta": 44.454335}}
{"target": 0.2835574089621114, "params": {"f0": 0.5305470811204133, "f1": -0.04628433992146341, "f10": 0.30508019319290103, "f11": 0.7549621464916694, "f12": -2.635313480022661, "f13": -1.1759942147593696, "f14": -0.8083506570939483, "f15": 0.2950666101398083, "f16": 0.4173760804588401, "f17": 0.6657217172068561, "f18": -1.5547957770388352, "f19": 0.5060406809193658, "f2": 1.056823152243461, "f20": 1.379846153518237, "f21": 0.5399399851626381, "f22": -1.4162313256301315, "f23": 1.1869644883172183, "f24": -2.169122625167547, "f25": -1.3523131409153408, "f26": 0.9517666544041881, "f27": -0.3945982788972038, "f28": 0.4035516744503428, "f29": 1.1524182788217772, "f3": 2.6015568718461375, "f30": 0.2201091293457228, "f31": 1.5210994102970208, "f32": 0.06940745183257535, "f33": 0.3013050888195601, "f34": -0.5393903091540164, "f35": 0.1959414914364701, "f36": -1.5486960055505528, "f37": -0.027575572918310698, "f38": -0.8787657385922687, "f39": 0.09080802264441656, "f4": 1.6033994498527293, "f40": 0.7068409610182638, "f41": -1.9659061200302534, "f42": -0.5884131202354923, "f43": 0.7130417961001106, "f44": 0.15376118868262245, "f45": 0.8823189269052246, "f46": -0.806016366409104, "f47": -0.5112425869387952, "f48": -1.1881766797348123, "f49": 0.6173726334969863, "f5": 0.1838226765591543, "f50": -0.415233757555204, "f51": 0.11002959026828307, "f52": -0.12717937677471158, "f53": -2.1659836390564458, "f54": 0.2753560304235664, "f55": 2.5374974253732474, "f6": 2.893888864476457, "f7": -2.0457256502152577, "f8": -0.24071300250028427, "f9": -1.0644746435582124}, "datetime": {"datetime": "2023-02-03 21:21:20", "elapsed": 11097.510094, "delta": 40.259003}}
{"target": 0.09293430269026791, "params": {"f0": 0.17263796617543647, "f1": -0.5339038119945048, "f10": 0.3926000266771478, "f11": 0.5432554778396255, "f12": -0.640474062387574, "f13": -0.3174548229904781, "f14": -1.2426932906651267, "f15": -0.5949797301811226, "f16": 1.3741350792967748, "f17": 0.6401349218631749, "f18": -1.997707166088129, "f19": 0.15921504652875718, "f2": 0.24365703823469864, "f20": 2.3521180643346624, "f21": 0.4172633901897007, "f22": 0.41238831256489084, "f23": 1.198995691737895, "f24": -1.965048413646897, "f25": -1.2260980796460392, "f26": -0.3249980514573971, "f27": -0.7513629793233008, "f28": 1.7576926339632184, "f29": 1.9054567041767507, "f3": 1.5615132564955054, "f30": 0.31841410252262126, "f31": -0.24133156987934376, "f32": -0.45034127801525436, "f33": -0.6901149399061974, "f34": -0.24099073040472963, "f35": -0.26028454465998163, "f36": -1.7807442459620506, "f37": 0.42001681660146295, "f38": 0.7629315108551942, "f39": -1.1572553815169506, "f4": 1.4447249217785494, "f40": 0.446467771863829, "f41": -2.5450246742565854, "f42": -0.6968121496654858, "f43": 1.033822069846082, "f44": 0.901896014377652, "f45": 0.14190211075540482, "f46": -0.28969661353476517, "f47": -0.4135374922217153, "f48": -1.0227039593035265, "f49": 0.7719309268026934, "f5": 1.2367526019899175, "f50": 0.03841285770526559, "f51": -2.7375294527252096, "f52": -0.9718787614579606, "f53": -2.0048350353514808, "f54": -0.24231683625597022, "f55": 0.8196295641223966, "f6": 2.7251484137486526, "f7": -0.7791308831938668, "f8": -0.27885417915057953, "f9": -2.019067210981754}, "datetime": {"datetime": "2023-02-03 21:22:02", "elapsed": 11139.35031, "delta": 41.840216}}
{"target": 0.3324205712401801, "params": {"f0": 0.11012878601270937, "f1": -0.4209120416297002, "f10": -0.3571860936657948, "f11": 0.21275587642116522, "f12": -1.9307665016139923, "f13": -1.1973372708452825, "f14": -0.7771887799637713, "f15": 0.4848613048298054, "f16": 1.0151391039739663, "f17": 0.14008036284662673, "f18": -2.607993999277339, "f19": 0.06352234894037623, "f2": 1.3441604423800015, "f20": 0.45991424076150644, "f21": 0.18164801820760967, "f22": -0.10184726639312869, "f23": 1.8848761585954477, "f24": -1.9287410208776166, "f25": -0.05327044464106456, "f26": -0.4008893354409012, "f27": -1.0869624054690001, "f28": 1.1456772452308903, "f29": 2.3457261145484622, "f3": 0.21999111578378794, "f30": -0.33255480289710193, "f31": 1.3818357355456157, "f32": 0.5815531580919125, "f33": -0.6173858481011694, "f34": -1.8027838945937882, "f35": 0.09037575755564853, "f36": -1.0344511076926366, "f37": 1.1315822458124583, "f38": -0.22431085711072174, "f39": -1.9149439194941733, "f4": 1.0372774380662135, "f40": 0.8652907973199082, "f41": -1.627041896230443, "f42": -1.204794789683304, "f43": 0.9181284748493274, "f44": 0.02224711602155749, "f45": 0.45978934423250284, "f46": -0.7830690058360004, "f47": 0.8511846661942113, "f48": -0.21041607601330026, "f49": 0.19850135549886272, "f5": 0.6604879023469404, "f50": -0.878871730376537, "f51": -1.820277669678284, "f52": -0.3685102556360258, "f53": -2.52765213220611, "f54": -0.33134378017407184, "f55": 2.561533720685163, "f6": 0.9217550269338678, "f7": -0.33598832953514224, "f8": -0.582574991264645, "f9": -2.5185053619973505}, "datetime": {"datetime": "2023-02-03 21:23:07", "elapsed": 11203.925039, "delta": 64.574729}}
{"target": 0.8456688090946733, "params": {"f0": 0.4487010278873661, "f1": 0.8773916772425429, "f10": -0.7717708996004498, "f11": -0.45731947690099034, "f12": -0.7974671898621102, "f13": -1.0263746619213774, "f14": -0.8997861034500603, "f15": -0.9321242491560449, "f16": 0.5705773793065917, "f17": 0.3021273405457716, "f18": -1.4462967696024498, "f19": -0.9700572492320518, "f2": -0.5083685617662944, "f20": 2.386228419996798, "f21": 0.357301457174678, "f22": -1.7937473161900492, "f23": 1.27313252057146, "f24": -1.102024707597138, "f25": -0.6281631455959187, "f26": 0.8972285018151482, "f27": -0.1619198306238112, "f28": 0.8996891998902462, "f29": 2.448337684238774, "f3": 2.8524133253714052, "f30": 1.3462894101044518, "f31": 0.7675301365759176, "f32": -0.3182479066991144, "f33": -0.4420728321500935, "f34": -1.3653375607728298, "f35": 1.6163502772309104, "f36": -0.5042413382590851, "f37": 0.12337774467085594, "f38": 0.45305094532628365, "f39": -1.3915977123302792, "f4": 1.8371764775614368, "f40": 0.5903159458434646, "f41": -1.311396192205365, "f42": -1.6630997618070644, "f43": 0.7898977446196932, "f44": -0.07407147599042452, "f45": 0.8651923855552929, "f46": -0.280277502423689, "f47": -0.6633734652089942, "f48": -0.9942995887988046, "f49": 0.2825740771856782, "f5": 2.3237591362455428, "f50": -0.9951840944136628, "f51": -0.8811142876776659, "f52": -0.8924870279949043, "f53": 0.18475108109153382, "f54": 0.25100545436820176, "f55": 2.1863837137456468, "f6": 2.220599069799385, "f7": -0.05579970427154368, "f8": -0.45890779813450244, "f9": -1.8998555365770886}, "datetime": {"datetime": "2023-02-03 21:27:28", "elapsed": 11465.614662, "delta": 261.689623}}
{"target": 0.1461292202758832, "params": {"f0": 0.9416646887969443, "f1": 1.0578304479677472, "f10": -0.7585294876265456, "f11": -0.9462092726768939, "f12": -0.6428476577251439, "f13": 0.4525706491593686, "f14": -0.5415080931352272, "f15": -0.8990005954449722, "f16": 0.11595819610129943, "f17": 0.18679042975283866, "f18": -0.2434246126171935, "f19": -1.0301492503750436, "f2": -0.4787303546044783, "f20": 1.2948298777798213, "f21": 1.0025690974346462, "f22": -2.53544294025075, "f23": 0.8139242382450387, "f24": -1.1418265917742068, "f25": 0.21567736570450258, "f26": 1.5212233914719584, "f27": -0.9918819137559579, "f28": 1.8841411139597877, "f29": 2.667651783570764, "f3": 1.7250410815855843, "f30": 1.1223285781317403, "f31": 0.0033393450225530086, "f32": -0.5114081252424092, "f33": -1.3465478630694163, "f34": -0.7830046874570833, "f35": 1.877874289822859, "f36": -0.3682459710415602, "f37": 0.23341839089755156, "f38": 0.6040655944014642, "f39": -0.8547054910023268, "f4": 1.3342456995586032, "f40": 1.1071931820668781, "f41": -2.153414034326041, "f42": -0.8599934788332919, "f43": 1.5813949921753703, "f44": -0.8191812897264711, "f45": 1.7711479768135454, "f46": 0.5810084450037389, "f47": -0.8329250142632583, "f48": -1.1313076474883417, "f49": -0.15138846953982144, "f5": 1.8914387456495343, "f50": -0.7368114394068195, "f51": -0.7700127416984861, "f52": -1.4060536649795266, "f53": -0.5568320885267796, "f54": -0.09323432540736609, "f55": 1.3774925193026868, "f6": 1.9787551635121094, "f7": 0.41720622886949466, "f8": 0.4033327751141009, "f9": -2.8677020004094587}, "datetime": {"datetime": "2023-02-03 21:29:21", "elapsed": 11578.333688, "delta": 112.719026}}
