{"target": 0.5073032685290528, "params": {"f0": 0.48571583301320925, "f1": 0.6371536755722916, "f10": -0.5728094261207574, "f11": -0.6238586419815073, "f12": -1.151846932489882, "f13": -0.79698709826722, "f14": -1.334103445897216, "f15": -1.0962847319690914, "f16": 1.0951850624659498, "f17": 0.3120640514459113, "f18": -0.7309091609982545, "f19": -0.3296879169283735, "f2": -0.7458219734248162, "f20": 2.8429398730735285, "f21": -0.06252980604058418, "f22": -2.2342349646347763, "f23": 0.9396342484765812, "f24": -1.54237458818735, "f25": -0.8006721673128762, "f26": 1.0878420810737262, "f27": -0.5993299104532497, "f28": 1.0177365177333564, "f29": 1.4906877018969542, "f3": 0.4631671304722907, "f30": 0.7749873006976921, "f31": 0.19350590352484004, "f32": -0.6389186927110275, "f33": -0.5685331496690205, "f34": -1.0585029132188957, "f35": 2.0478214174462357, "f36": -0.7973599580693189, "f37": 0.338559009746621, "f38": 0.6231538025160015, "f39": -1.0687146607477924, "f4": 0.4243269524073564, "f40": 0.9181362182768567, "f41": -1.1926416891293834, "f42": -2.861688538586116, "f43": 1.3677457052686492, "f44": 0.006078195018760613, "f45": 0.2308896513725787, "f46": -0.5198478654066343, "f47": -0.34868596035097454, "f48": -0.7557267852025149, "f49": 0.5258872593586799, "f5": 1.9319007170513287, "f50": -0.45425441433410074, "f51": -1.1817211390291518, "f52": -0.8331191447309235, "f53": 0.42853751515570854, "f54": -0.06004670143232091, "f55": 2.5946563896172634, "f6": 1.1264493778966924, "f7": 0.38669340975753896, "f8": -0.34414773701119616, "f9": -0.5812197694715833}, "datetime": {"datetime": "2023-02-03 23:07:06", "elapsed": 17442.907368, "delta": 84.966162}}
{"target": 0.13431790069930483, "params": {"f0": 0.09419469134655864, "f1": 1.2781645805092876, "f10": -0.6035211876315544, "f11": -0.3028200165384355, "f12": -0.6126135060207948, "f13": -0.9076039442060548, "f14": -1.4300288640939893, "f15": -0.3760914910394877, "f16": 0.3181847739099227, "f17": -0.014804292166801708, "f18": -0.5595398291767086, "f19": -1.4135279685413558, "f2": -0.35844921662480433, "f20": 1.616609561689792, "f21": 0.3938104721696746, "f22": -0.6623158886383433, "f23": 0.6252377411320171, "f24": -0.39146083275120813, "f25": -0.8352057011830203, "f26": 0.7152790428070676, "f27": 0.20843254475720774, "f28": 0.7761231441110145, "f29": 1.2796787174218303, "f3": 1.337979158014023, "f30": 1.5175354380646762, "f31": 1.3538923336875062, "f32": -0.7162185858024147, "f33": -0.19152998011057165, "f34": -0.9127977543175629, "f35": 1.7501118506091222, "f36": -0.00660454276412592, "f37": -0.012004008530073218, "f38": 0.5238334037876071, "f39": -1.1286083708915258, "f4": 1.7226643317517025, "f40": 0.9212225337551553, "f41": -0.8321615092673378, "f42": -1.394961917015002, "f43": 0.7157157617221812, "f44": -0.04137645650139149, "f45": 0.5593367023695661, "f46": 0.16134761771971529, "f47": -1.2054178680707257, "f48": -1.6579218323197207, "f49": -7.438944254142821e-05, "f5": 2.6045944108932253, "f50": -1.0888777754273204, "f51": -1.352483899309032, "f52": -1.484472987735976, "f53": 0.05254182360284004, "f54": 0.2399836172682711, "f55": 2.069778878532405, "f6": 1.1186753008850578, "f7": 0.0764115828386055, "f8": -0.6619828796887864, "f9": -2.9492609108428858}, "datetime": {"datetime": "2023-02-03 23:07:39", "elapsed": 17476.187315, "delta": 33.279947}}
{"target": 0.2990623639094569, "params": {"f0": 0.5701839267365463, "f1": 0.2459795934893111, "f10": -0.9046523765929027, "f11": -0.13006053628741465, "f12": -0.5173707101078634, "f13": -1.1228183286468438, "f14": -1.3444522210737082, "f15": -0.576257781501863, "f16": 0.39559965696265, "f17": 0.05379258685145691, "f18": -1.4501622872076254, "f19": -0.35274924156746246, "f2": -0.09885796639094602, "f20": 2.1558546513719903, "f21": 0.22600196279563695, "f22": -2.292755546789286, "f23": 1.9686163316880212, "f24": -0.4587720348659279, "f25": -0.8636973651184909, "f26": 1.0288047188659042, "f27": -0.5821083123689953, "f28": 0.642992676927577, "f29": 2.077970350912152, "f3": 2.312027271785734, "f30": 0.5515167655954343, "f31": 0.9753134698095058, "f32": -0.14121236265537385, "f33": -0.48988323563008584, "f34": -1.287318864265717, "f35": 1.718276838055114, "f36": -0.8419359082452604, "f37": 0.4585131340959704, "f38": 0.6998145754718943, "f39": -1.5044650412868936, "f4": 2.619309582621253, "f40": 0.8003470772466441, "f41": -1.2299404483760288, "f42": -1.5334140822864324, "f43": 1.1362465673577913, "f44": -0.36888629058632666, "f45": 0.8106879108951545, "f46": -0.26046774899552055, "f47": -0.9871799718515555, "f48": -1.0432243667467775, "f49": 0.3647906783979199, "f5": 0.6559142312045383, "f50": -0.5872168927784418, "f51": -0.6408332984295767, "f52": -0.7933080863385338, "f53": 0.3318691183534846, "f54": 0.6396764134630621, "f55": 2.485424684653509, "f6": 2.326012707125349, "f7": -0.38008702647186765, "f8": -0.23214742831381785, "f9": -2.609149353613953}, "datetime": {"datetime": "2023-02-03 23:08:25", "elapsed": 17522.175122, "delta": 45.987807}}
{"target": 0.22228208572954505, "params": {"f0": 0.8281749071635613, "f1": 1.3175978592348263, "f10": -1.245978957046038, "f11": -0.14040267612515211, "f12": -0.6489476869145567, "f13": -0.6637244110519565, "f14": -1.1609205458422505, "f15": -1.5468470114426085, "f16": 0.38721658834790196, "f17": 0.17739651411445992, "f18": -0.4799832799935193, "f19": -0.3284894018384741, "f2": -0.6408691580336712, "f20": 2.595515305241412, "f21": 0.760617617868231, "f22": -0.9128099956527134, "f23": 1.5041605444381925, "f24": -1.5097436933680266, "f25": -0.7632966682345039, "f26": 0.9950679358611741, "f27": -0.5866654494228795, "f28": 0.8185565257750047, "f29": 2.6600696059967714, "f3": 1.1446572783211497, "f30": 1.108591391504486, "f31": 1.303011521182866, "f32": -0.16374965435672617, "f33": -0.8280077148429837, "f34": -1.9440890196812024, "f35": 1.4585890299413768, "f36": -0.3968188474779477, "f37": -0.0556147458689335, "f38": 0.029169546702463273, "f39": -1.555193134568904, "f4": 0.9864337774443964, "f40": 0.27808010852235165, "f41": -1.3257882728675927, "f42": -0.6071916585473773, "f43": 0.8333124732870603, "f44": 0.1908804896077807, "f45": 1.144452436104216, "f46": -0.6415201038284392, "f47": -0.3430030628585169, "f48": -0.36076814605518903, "f49": 0.4056773331669056, "f5": 1.858061960591848, "f50": -1.5587753758117142, "f51": -0.4965491178039487, "f52": -0.9231498399399906, "f53": 0.5978869103870621, "f54": 0.1669677322091443, "f55": 0.8608674100874354, "f6": 0.9225165710907428, "f7": -0.1998765901220968, "f8": -0.47338904220620015, "f9": -2.4184712196630835}, "datetime": {"datetime": "2023-02-03 23:09:36", "elapsed": 17593.240903, "delta": 71.065781}}
{"target": 0.21158412438319227, "params": {"f0": 0.20172169477779067, "f1": 1.0969763736449099, "f10": -1.150974487620544, "f11": -0.4374965407459337, "f12": -1.0917627906093859, "f13": -1.6362720268616453, "f14": -1.2289280216412868, "f15": -1.057851222245998, "f16": 0.3925537638551182, "f17": 0.2469723963111675, "f18": -2.3107993743476785, "f19": -1.5099836253511405, "f2": -0.8666794387483377, "f20": 2.6331623517350797, "f21": -0.0788898865670731, "f22": -2.583408657268536, "f23": 1.9975079781251068, "f24": -0.7606044859898675, "f25": -0.17029203361520096, "f26": 0.5476928897033716, "f27": -0.33542974361319755, "f28": 1.3665886802623688, "f29": 0.9132502165395027, "f3": 2.68881401341983, "f30": 0.7754733452003897, "f31": 0.9626419310424119, "f32": 0.12621510743104647, "f33": -0.7939934913722824, "f34": -0.8518795183976311, "f35": 1.3432465729551497, "f36": -0.23847577227343597, "f37": 0.05737137571541551, "f38": 0.6066967548700839, "f39": -2.1198681463654996, "f4": 1.470375513901799, "f40": 0.5724707041456857, "f41": -1.498940961850566, "f42": -0.753001939043592, "f43": 0.7496241710569047, "f44": 0.20063783897556053, "f45": 0.5205368270738047, "f46": -0.1570997252689479, "f47": -0.515560624847279, "f48": -1.2121087454561912, "f49": 0.3226703074822731, "f5": 2.747422352179901, "f50": -1.4350130026872718, "f51": -0.5695946915874404, "f52": -0.6306398130015254, "f53": 0.3739661673925622, "f54": -0.07850216768928255, "f55": 1.8276689490803446, "f6": 1.8138917288171639, "f7": -0.0840806979432348, "f8": -0.8360781331449292, "f9": -2.399740720096088}, "datetime": {"datetime": "2023-02-03 23:10:41", "elapsed": 17658.442675, "delta": 65.201772}}
{"target": 0.40992234851537707, "params": {"f0": 0.8264669497646497, "f1": 0.5164729229548659, "f10": -1.1051174824633117, "f11": -0.7196425509523793, "f12": -0.4693614171065099, "f13": -1.508903308673048, "f14": -0.31852481730123694, "f15": -1.1427009803254937, "f16": 0.3307428786132608, "f17": 0.7426460215700172, "f18": -1.270167552981325, "f19": -0.41885926692123987, "f2": -0.5364009234665795, "f20": 2.341469385524438, "f21": 0.734968388915868, "f22": -1.1907615039022375, "f23": 1.0767138492951407, "f24": -0.8686535832980095, "f25": -0.6170920010361177, "f26": 0.8610691284594216, "f27": -0.26788517377710774, "f28": 1.3420494061945398, "f29": 1.7713375634583692, "f3": 0.7221257041037736, "f30": 0.43021292628967234, "f31": 1.0221997564923755, "f32": -0.17860447268361446, "f33": -0.7661159969779248, "f34": -1.3557998422607422, "f35": 1.842655320500742, "f36": -0.4943268004185718, "f37": 0.5537496402514962, "f38": 0.2421882327288986, "f39": -1.8559360905965365, "f4": 1.2181802415963583, "f40": 0.8213067234866268, "f41": -0.6462711937550203, "f42": -1.1112314481363699, "f43": 0.7574356515005294, "f44": 0.2136936948837469, "f45": 1.3456854587776281, "f46": -0.29791243202758666, "f47": -0.2176497212491706, "f48": -1.0242412965717125, "f49": 0.5220076355053695, "f5": 1.0896155872476483, "f50": -0.3401971480057795, "f51": -0.9599341679793277, "f52": -0.3164034601094299, "f53": -0.2200538178238371, "f54": 0.07857506795685654, "f55": 2.966594671322125, "f6": 0.6024523568330452, "f7": 0.3250465457453744, "f8": -0.5568783443694862, "f9": -0.6261035865514866}, "datetime": {"datetime": "2023-02-03 23:11:25", "elapsed": 17702.657512, "delta": 44.214837}}
{"target": 0.8293186294687418, "params": {"f0": 0.10200692118102314, "f1": 0.6767272607293557, "f10": -0.8943620041334028, "f11": -0.1867624124210565, "f12": -1.2459678302069692, "f13": -0.6300322489893029, "f14": -1.4044652933330315, "f15": -0.708243053166404, "f16": 0.37935892666194226, "f17": 0.16364810556294687, "f18": -1.4310761330922899, "f19": -0.8684408150707796, "f2": -0.7243818639121915, "f20": 1.0343931865353218, "f21": 0.1560115632439485, "f22": -1.4615451851888295, "f23": 0.991075039359412, "f24": -1.80770881895078, "f25": -0.9301346053558395, "f26": 1.4204539816954889, "f27": 0.22673318197827885, "f28": 0.9380201173957521, "f29": 1.7864643698841358, "f3": 2.1488551737973602, "f30": 1.6070453372655527, "f31": 0.6374038749369373, "f32": 0.08192708830374007, "f33": -0.5988351921247493, "f34": -1.873554733966798, "f35": 2.5000567143341637, "f36": -0.7939421530679656, "f37": 0.5566145294631505, "f38": 0.44041362758909874, "f39": -1.054473396665899, "f4": 0.8690240396134782, "f40": 0.624267636874704, "f41": -1.0144861726569538, "f42": -1.3967388440110886, "f43": 0.9138296529448118, "f44": 0.14414177750732082, "f45": 1.1311790572481355, "f46": -0.5231518923786089, "f47": -0.6982428941299738, "f48": -1.3659578404393993, "f49": 0.009280846224081735, "f5": 2.07499372924285, "f50": -1.0381395675119434, "f51": -0.6417343221691842, "f52": -0.8281174870597334, "f53": 0.12909961843079126, "f54": -0.025054804013848436, "f55": 2.7226112798435214, "f6": 0.7103595100290597, "f7": -0.09225445441710983, "f8": -0.033640709807938096, "f9": -1.9281415225238931}, "datetime": {"datetime": "2023-02-03 23:13:20", "elapsed": 17817.31149, "delta": 114.653978}}
{"target": 0.3793828550551773, "params": {"f0": 0.12624094939506314, "f1": 1.0535800822405175, "f10": -1.1563706976793873, "f11": -0.26550534461586184, "f12": -0.41232600220131344, "f13": -1.4123361075761922, "f14": -1.2003662530863841, "f15": -1.4952550643535532, "f16": 0.4159992369758476, "f17": 0.5419748645132212, "f18": -1.0508582366915447, "f19": -1.352052385824563, "f2": -0.9400683979718854, "f20": 1.0628819330561097, "f21": 0.5271136322217076, "f22": -2.787131963034503, "f23": 0.918342663276242, "f24": -0.40801688450963214, "f25": -0.2794199047756146, "f26": 1.3123998013510947, "f27": -0.21529620497910612, "f28": 1.3170499478218285, "f29": 2.5764252253009947, "f3": 2.813861606287401, "f30": 1.7709625967187903, "f31": 1.2729183001274473, "f32": -0.02827162398660521, "f33": -0.5908280257536518, "f34": -0.4853314024113866, "f35": 2.3587945361497904, "f36": -0.1829566181347967, "f37": 0.2390816458024967, "f38": 0.7402442457289743, "f39": -1.4358387037368634, "f4": 0.8307271657371691, "f40": 0.7530002636673139, "f41": -0.9644614260021864, "f42": -1.2919565319638957, "f43": 0.5198937698778741, "f44": 0.15454760416966168, "f45": 0.6444979440452356, "f46": -0.25249877912956187, "f47": -0.7940966153260214, "f48": -0.7309356373441047, "f49": 0.17161053882782343, "f5": 2.6771447427020103, "f50": -0.6609929010983259, "f51": -1.0945541801409167, "f52": -0.4523019618102426, "f53": 0.02233668473594136, "f54": 0.030738414857808455, "f55": 2.3132397777687075, "f6": 1.4988459052464616, "f7": -0.29871722102450604, "f8": -0.11988304439343289, "f9": -3.016273621398327}, "datetime": {"datetime": "2023-02-03 23:15:01", "elapsed": 17918.534915, "delta": 101.223425}}
{"target": 0.36026878377220817, "params": {"f0": 0.7804365004263977, "f1": 0.3257308903100299, "f10": -0.33237251529352496, "f11": -0.41588958625256134, "f12": -1.1320550670024232, "f13": -0.8353382198179212, "f14": -0.467650421467507, "f15": -0.9498764550362276, "f16": 0.4039501762240487, "f17": 0.6012348119843687, "f18": -2.3563848014834567, "f19": -0.911647613914219, "f2": -0.8200481071102473, "f20": 0.9469616343543643, "f21": 0.35956878906196826, "f22": -2.868579817394488, "f23": 0.8988138744692473, "f24": -1.301925573126295, "f25": -0.18876883756047635, "f26": 0.8114196177603852, "f27": 0.10145950573530482, "f28": 0.3644108275135803, "f29": 1.8344095754556948, "f3": 2.4125567151699987, "f30": 0.5273171222012355, "f31": 0.32706902632624496, "f32": 0.023978279186254947, "f33": -0.08260727369654453, "f34": -1.6712998254028042, "f35": 1.8290104240334004, "f36": -0.6375394484590443, "f37": -0.17189565674028118, "f38": 0.6406156896913269, "f39": -1.786028779677789, "f4": 1.4602142353920147, "f40": 1.0896044939790481, "f41": -1.4771644982781562, "f42": -1.24251223810725, "f43": 0.3369204206205786, "f44": -0.14705647630342877, "f45": 1.416675393087262, "f46": -0.4019381746709831, "f47": -0.21308698772573054, "f48": -0.9869681497894075, "f49": 0.37277219415175367, "f5": 1.970721999552489, "f50": -0.6667606964843, "f51": -1.0029575934846788, "f52": -0.8912864776581543, "f53": 0.4151921370004729, "f54": 0.2766738744371094, "f55": 0.9299023318081424, "f6": 2.417205308138433, "f7": -0.2674157459462234, "f8": -0.2090964944727589, "f9": -2.5573442656349967}, "datetime": {"datetime": "2023-02-03 23:16:45", "elapsed": 18022.168414, "delta": 103.633499}}
{"target": 0.5210171818101882, "params": {"f0": 0.1847638471689831, "f1": 1.2988981933676158, "f10": -0.2653954818259716, "f11": -0.4982270403227817, "f12": -0.880448342101482, "f13": -1.6250475516428111, "f14": -0.6470908554398075, "f15": -1.1422807581494614, "f16": 0.6934715612696158, "f17": 0.17034126145801656, "f18": -0.7149057590758461, "f19": -0.7609821177381064, "f2": -0.17246552497478118, "f20": 1.7858531700317353, "f21": 0.07997188655202163, "f22": -2.021287685833478, "f23": 0.4427418834841088, "f24": -1.7551691831844918, "f25": -0.9559079213914116, "f26": 0.6064643859534932, "f27": 0.02186131029075744, "f28": 0.6534036536212695, "f29": 1.2054756983398376, "f3": 2.3326541900325943, "f30": 2.091864069354324, "f31": 0.48809949443971345, "f32": -0.2883174763116982, "f33": -0.5588941760866393, "f34": -0.5077419324282069, "f35": 2.5318423697758417, "f36": -0.6622821927365317, "f37": 0.31722678177797375, "f38": 0.16209745804175663, "f39": -0.8339317974792524, "f4": 1.993627302083153, "f40": 0.2299595869849248, "f41": -1.8011223461724737, "f42": -2.32828744142275, "f43": 0.6474563545570774, "f44": 0.2084054176402112, "f45": 1.0223685518527095, "f46": 0.006130947512732354, "f47": -1.0526531224783378, "f48": -1.0737546029112786, "f49": 0.3832441501945738, "f5": 1.4982760866331517, "f50": -0.9145337464090167, "f51": -1.397928140198208, "f52": -0.399859055146903, "f53": 0.3726164696062588, "f54": 0.48482657112237265, "f55": 2.5031168040862424, "f6": 1.5534496700861666, "f7": 0.22448974234333813, "f8": -0.10892897084916009, "f9": -1.3855691842866027}, "datetime": {"datetime": "2023-02-03 23:17:31", "elapsed": 18068.25211, "delta": 46.083696}}
{"target": 0.04449752389731435, "params": {"f0": 0.730845529056272, "f1": 1.2170288212863491, "f10": -0.5556509063939125, "f11": -0.5650081188065184, "f12": -1.2696026721084146, "f13": -0.5154561167017866, "f14": -1.3531075422091492, "f15": -1.2035645582676047, "f16": 0.5097110590553986, "f17": 0.6224833293474736, "f18": -1.401987296713341, "f19": -0.6359439976454806, "f2": -0.19136259393741484, "f20": 1.615011928862783, "f21": 0.5985073668565873, "f22": -2.042507510868413, "f23": 1.8789377505002798, "f24": -1.685604299358212, "f25": -0.31988715514002886, "f26": 1.3933751037046374, "f27": 0.07188816362238326, "f28": 1.1533429985216093, "f29": 1.4078466734308992, "f3": 1.5869585239963862, "f30": 1.4975368190779297, "f31": 0.44030677009815883, "f32": -0.167192981091685, "f33": -0.2861669507270046, "f34": -1.885075318253026, "f35": 0.726643021993845, "f36": -0.3595845530153997, "f37": 0.3193615714588269, "f38": 0.11288192394796553, "f39": -0.7293086554837855, "f4": 1.0758712061956408, "f40": 0.6634384687613392, "f41": -0.6950470188155371, "f42": -1.1338512549625501, "f43": 0.6861222006235718, "f44": -0.3909587563291998, "f45": 0.563994627564365, "f46": -0.6574284095246186, "f47": -0.20176980893158536, "f48": -0.4032069589492062, "f49": 0.2209325044317593, "f5": 1.0297776540797614, "f50": -1.4681354624551513, "f51": -1.4351787875221702, "f52": -1.217542414394518, "f53": 0.12005794745768439, "f54": 0.4156094642553544, "f55": 2.1286281009936414, "f6": 2.6396445172795358, "f7": -0.43864593334266994, "f8": -0.8406092494591962, "f9": -1.2950812158368175}, "datetime": {"datetime": "2023-02-03 23:20:07", "elapsed": 18224.106653, "delta": 155.854543}}
{"target": 0.24668739172632861, "params": {"f0": 0.0075842098133970404, "f1": 0.28378786534885997, "f10": -0.6045027340627938, "f11": -0.16713422181265392, "f12": -0.4103304810418944, "f13": -1.5818900648699235, "f14": -0.7179419943132912, "f15": -0.9197434500773928, "f16": 0.14671136038983432, "f17": -0.012083825280867322, "f18": -1.3455498766625238, "f19": -0.36128872677909474, "f2": -0.20601524197891086, "f20": 0.6551917192183585, "f21": 0.2513559671375556, "f22": -1.1679055483758205, "f23": 0.7443370827079518, "f24": -0.796108246148604, "f25": -0.6963019318263151, "f26": 1.0737766278295118, "f27": -0.4391788002475475, "f28": 0.3300048503487999, "f29": 1.0582108519866904, "f3": 1.8676154542409233, "f30": 1.371927018041922, "f31": 0.24000960498176852, "f32": -0.20479497047760198, "f33": -0.8709213275985673, "f34": -1.1335732848535958, "f35": 2.1306653655526766, "f36": -0.10992904079623778, "f37": -0.03777516410588341, "f38": 0.2935866488084733, "f39": -1.1396861334732205, "f4": 1.909693492337086, "f40": 0.09983879326142535, "f41": -1.7471493598976047, "f42": -2.7234635040795423, "f43": 0.5957559530178267, "f44": -0.36611683539639917, "f45": 0.9895186008689684, "f46": -0.11782347857318054, "f47": -0.19350791116847144, "f48": -0.4834200227734766, "f49": 0.3624225753935128, "f5": 2.8188468986644306, "f50": -0.843297067823555, "f51": -0.6304905173592803, "f52": -0.6236167876748366, "f53": 0.2354423185653018, "f54": 0.46585349876564097, "f55": 1.3385441363887742, "f6": 1.5817359564682152, "f7": 0.25940161724837446, "f8": -0.32722922729113024, "f9": -1.07200210228687}, "datetime": {"datetime": "2023-02-03 23:20:59", "elapsed": 18276.571317, "delta": 52.464664}}
{"target": 0.44905317720069104, "params": {"f0": 0.4253437516971871, "f1": 1.3250796711324675, "f10": -0.4359530099605473, "f11": -0.6967915120348481, "f12": -0.36700569254364124, "f13": -0.49153581389468326, "f14": -1.2980473171713502, "f15": -1.2375441361111723, "f16": 0.5971472135077853, "f17": 0.2805250331247021, "f18": -1.0288716978294492, "f19": -0.879979750970442, "f2": -0.0792087139452553, "f20": 1.0911857271303624, "f21": 0.6787223629842496, "f22": -2.228077913992069, "f23": 1.5240665743793993, "f24": -1.0545583636461953, "f25": -0.43581171196770685, "f26": 0.590351749977845, "f27": -0.24636782151732728, "f28": 0.8853615663991716, "f29": 0.9613958206031186, "f3": 1.4767772509435906, "f30": 0.538223763138307, "f31": 0.4374789753493805, "f32": -0.5244340481271901, "f33": -0.5766678215872012, "f34": -0.5546237323670642, "f35": 1.1575323106994948, "f36": -0.09415356911195971, "f37": -0.2238922722226006, "f38": 0.7980373590521638, "f39": -1.0816900700639964, "f4": 2.344156298973229, "f40": 0.9757907689252812, "f41": -1.70014424681879, "f42": -2.760732252545433, "f43": 1.1199255706560183, "f44": -0.44672577927644924, "f45": 0.8119309094335113, "f46": -0.33952584021715293, "f47": -1.1383413049653177, "f48": -1.2533938932277966, "f49": -0.05329957066514354, "f5": 2.057562439086052, "f50": -1.1152335880784308, "f51": -0.966748177661547, "f52": -1.3357046885380406, "f53": 0.027869595093170302, "f54": 0.6204345318545279, "f55": 2.131641902257289, "f6": 2.8945925888159074, "f7": 0.16196911511512208, "f8": -0.07432120940394094, "f9": -1.4539704614482343}, "datetime": {"datetime": "2023-02-03 23:22:26", "elapsed": 18363.112352, "delta": 86.541035}}
