{"target": 0.37090573031116303, "params": {"f0": 0.7483862066111856, "f1": 0.8402062169609144, "f10": -0.7785552497442835, "f11": -0.46990967343677364, "f12": -0.9629372375011812, "f13": -1.4990646509009609, "f14": -1.2637360886811997, "f15": -1.313296028631562, "f16": 0.9072778975010214, "f17": 0.521799712607926, "f18": -1.3346927483668398, "f19": -1.2482070805636172, "f2": -0.5971472739477275, "f20": 2.409460189843858, "f21": 0.14458591631700474, "f22": -0.8744431267321513, "f23": 1.0497132940207066, "f24": -1.2855460232882572, "f25": -0.43797179466040925, "f26": 1.1460812983002246, "f27": -0.24604393638536068, "f28": 0.5022739423825308, "f29": 2.3281431288478913, "f3": 0.9709661600844224, "f30": 2.028546761395513, "f31": 0.7307411683542846, "f32": -0.17212307102779173, "f33": -0.11863028152999111, "f34": -1.259380158879887, "f35": 1.6897771774654728, "f36": -0.577446828602607, "f37": 0.017155230654310544, "f38": 0.3143130675297076, "f39": -1.6882621362229173, "f4": 0.8389788493743544, "f40": 0.39576414418466377, "f41": -1.2667119485139349, "f42": -2.3433433422930925, "f43": 1.0845849405998742, "f44": -0.1601161624257318, "f45": 1.0955424684760624, "f46": -0.38009137398231746, "f47": -0.2789427462582832, "f48": -1.0349857916584826, "f49": 0.044080196075195886, "f5": 1.107754989510945, "f50": -1.3841562219439156, "f51": -0.662343491442266, "f52": -1.180285996324555, "f53": 0.3712437740348958, "f54": 0.3797745513193417, "f55": 0.7984182098718257, "f6": 2.7081886947876064, "f7": -0.2167441704747284, "f8": -0.17033168880452354, "f9": -2.143121450586226}, "datetime": {"datetime": "2023-02-03 23:55:29", "elapsed": 20346.676697, "delta": 3.214551}}
{"target": 0.2955375337047358, "params": {"f0": 0.18138616998141183, "f1": 0.9456339661369877, "f10": -0.356805383721172, "f11": -0.4185598807291141, "f12": -0.6681664025253439, "f13": -1.0596163684578075, "f14": -0.9440028550323765, "f15": -0.5509502678048612, "f16": 0.31054114146188705, "f17": 0.4280539680328221, "f18": -0.7426957643674614, "f19": -0.6393250902924519, "f2": -0.3884762882210586, "f20": 1.0446214046606057, "f21": 0.2980355312634062, "f22": -0.6476882641197466, "f23": 1.0172378386602487, "f24": -1.5034361066176112, "f25": -0.96677721079401, "f26": 1.3520985709082824, "f27": -0.36958533994368825, "f28": 1.2833410058337706, "f29": 2.507667798278571, "f3": 1.1443787126552138, "f30": 0.8475573419573966, "f31": 0.7854168886302928, "f32": -0.4322779661419631, "f33": -0.6703055488470565, "f34": -1.7635588117736063, "f35": 1.8281078590130488, "f36": -0.7500369971400506, "f37": -0.18700296132125196, "f38": 0.3083825695701945, "f39": -1.9582194662141896, "f4": 2.7110786685348547, "f40": 0.7376111326016459, "f41": -1.970861832111086, "f42": -1.7319976202313454, "f43": 0.8160524945173089, "f44": -0.09709132695988021, "f45": 0.8989367989572226, "f46": -0.599477531029038, "f47": -0.9002473343454831, "f48": -1.4760502219997012, "f49": 0.34203526543812385, "f5": 0.8120642458426015, "f50": -1.3638047605613721, "f51": -1.2508497834412748, "f52": -1.2865185808096884, "f53": -0.10787129620825807, "f54": 0.3242553603097417, "f55": 2.876982513527219, "f6": 2.6181371227078225, "f7": -0.058535542349183234, "f8": -0.6992677103581431, "f9": -2.7886052906653744}, "datetime": {"datetime": "2023-02-03 23:56:52", "elapsed": 20429.145945, "delta": 82.469248}}
{"target": 0.360433175690947, "params": {"f0": 0.6270841854250664, "f1": 0.4760049263407715, "f10": -0.8137184542744612, "f11": -0.7635778576056365, "f12": -0.506391477142813, "f13": -1.3359983802633029, "f14": -0.7728334850446603, "f15": -1.1381397927719166, "f16": 0.36236379135764807, "f17": 0.20699148280881963, "f18": -1.080427047440086, "f19": -0.9459776811701097, "f2": -0.7678951063366437, "f20": 1.4477295787419031, "f21": 0.3136008306064505, "f22": -2.1969540153156752, "f23": 1.935387492599642, "f24": -1.6209262114647014, "f25": -0.990882535509497, "f26": 0.8897528677035924, "f27": 0.11198826321811384, "f28": 0.6796296606495414, "f29": 2.561177355866353, "f3": 2.551342407409443, "f30": 0.7514643571343134, "f31": 0.8904807118957456, "f32": -0.18989368891069475, "f33": -0.7606121609677452, "f34": -2.069589599796613, "f35": 2.0471247852687195, "f36": -0.832252724969508, "f37": -0.12166367018768234, "f38": 0.7370667108572588, "f39": -1.264286749526263, "f4": 2.2755226272885327, "f40": 0.34498413870168343, "f41": -1.6979933392532582, "f42": -0.9304008417339111, "f43": 1.219937216637926, "f44": 0.07591785066501555, "f45": 0.6470870514802483, "f46": -0.5033353988072556, "f47": -0.6230211828128106, "f48": -1.3057855273927927, "f49": 0.25300622836701675, "f5": 2.629764427810155, "f50": -0.7384927566099425, "f51": -0.49674253558055304, "f52": -0.6314620629687326, "f53": 0.30278553049923085, "f54": 0.5252419179449608, "f55": 0.7677583347256887, "f6": 2.870396301515938, "f7": 0.026623734580914327, "f8": -0.7512484797702503, "f9": -0.8570553362060527}, "datetime": {"datetime": "2023-02-03 23:58:17", "elapsed": 20513.992457, "delta": 84.846512}}
{"target": 0.2761730008291108, "params": {"f0": 0.09950163356451489, "f1": 1.2292663451925803, "f10": -1.169633780830321, "f11": -0.2514512375850747, "f12": -0.9801104018797916, "f13": -0.922081141551203, "f14": -1.1193767437027449, "f15": -0.7219609942549962, "f16": 0.7207823828897886, "f17": 0.0018490223937686692, "f18": -1.6266912234489332, "f19": -1.3755449769597072, "f2": -0.23576579788084673, "f20": 2.1945930922242427, "f21": 0.364641289603626, "f22": -2.3120993949358204, "f23": 1.6128263343325282, "f24": -0.8567277828401798, "f25": -0.2589965892387063, "f26": 0.7360474592384114, "f27": -0.4131856905347616, "f28": 0.7960696698080888, "f29": 1.9202374269305174, "f3": 1.6772360889794617, "f30": 1.0938728567283718, "f31": 1.0776736808006229, "f32": -0.5778688794490439, "f33": -0.30470700472836687, "f34": -2.0771244699950526, "f35": 2.1428456147114856, "f36": -0.17176336776497148, "f37": 0.14663154866564476, "f38": 0.47130188458604433, "f39": -1.4254461099288886, "f4": 1.7461392965772609, "f40": 0.7719007065150589, "f41": -0.8243181795601853, "f42": -1.1080025650851526, "f43": 0.4907134697639123, "f44": 0.10995195306969063, "f45": 0.7026241178398962, "f46": -0.4691470615136092, "f47": -0.5232875433397288, "f48": -1.0406554688975616, "f49": 0.34751716764170876, "f5": 1.5554799486889248, "f50": -0.9355935465129679, "f51": -0.693149071066745, "f52": -0.6819237952347623, "f53": 0.27227732065793364, "f54": 0.5730217832672161, "f55": 1.8316713355930418, "f6": 0.6970887560317566, "f7": 0.1183207228346207, "f8": -0.22078308926763457, "f9": -0.8682333463744145}, "datetime": {"datetime": "2023-02-03 23:58:59", "elapsed": 20556.560063, "delta": 42.567606}}
{"target": 0.20026309783029617, "params": {"f0": 0.12153938093150318, "f1": 0.6999973586394128, "f10": -0.8975371951149227, "f11": -0.690732608621325, "f12": -0.5172691043282107, "f13": -0.9925891999028039, "f14": -0.6028566364581622, "f15": -0.8081790632063685, "f16": 0.23661778413372536, "f17": 0.10299950278144746, "f18": -0.9565803486674314, "f19": -1.420309035204359, "f2": -0.5658542095061238, "f20": 2.213742171816867, "f21": 0.30529207841915135, "f22": -1.198172673441683, "f23": 0.9194153225358712, "f24": -0.9509006195729572, "f25": -0.8050188044020714, "f26": 0.7764318420645989, "f27": -0.22607266925289193, "f28": 0.7696731423863563, "f29": 2.264617970915401, "f3": 2.133989513054697, "f30": 1.0046871450052566, "f31": 0.36564224404500106, "f32": 0.01605347946538138, "f33": -0.3811944244030012, "f34": -1.3456756334534832, "f35": 0.6806547018353653, "f36": -0.8221443884148553, "f37": 0.21513076056073105, "f38": 0.29265787056379566, "f39": -2.0572462110355354, "f4": 0.9303704502190349, "f40": 0.48272386858247807, "f41": -1.6759000740424583, "f42": -1.0212080442524751, "f43": 1.12860741649827, "f44": -0.045855483948542, "f45": 1.307378428475033, "f46": -0.5331118232974726, "f47": -0.9805864467415684, "f48": -1.1143902085747808, "f49": 0.32793463363372216, "f5": 2.066241822330375, "f50": -1.2280240757521865, "f51": -0.9856561747578887, "f52": -0.8209713846298604, "f53": 0.09132610602754218, "f54": -0.0022888379699297356, "f55": 1.1018751317247435, "f6": 1.1959039689049382, "f7": -0.07087146857981558, "f8": -0.5017223334524379, "f9": -2.4971464309269424}, "datetime": {"datetime": "2023-02-03 23:59:58", "elapsed": 20614.931248, "delta": 58.371185}}
{"target": 0.34795361283636184, "params": {"f0": 0.29339058201433127, "f1": 0.4736771231256722, "f10": -0.555132230842756, "f11": -0.7116635172958559, "f12": -0.896824370870211, "f13": -1.3296400480553463, "f14": -0.49585285206302, "f15": -0.8439590149202845, "f16": 0.3225699900045627, "f17": 0.014870039724957651, "f18": -0.8338715761576401, "f19": -1.1323500239318698, "f2": -0.4309376102572434, "f20": 1.3399433580595865, "f21": 0.43302428688662636, "f22": -2.537691327817499, "f23": 0.7088394944799831, "f24": -1.432544194617664, "f25": -0.8193384595468718, "f26": 0.9468851186216847, "f27": 0.16931745904814544, "f28": 1.1367997524600837, "f29": 2.019589844107818, "f3": 1.5400779122355526, "f30": 1.3696879401997912, "f31": 0.8726289247845053, "f32": -0.18762827475770755, "f33": -0.7200154531177839, "f34": -1.4603192896825195, "f35": 2.069853872381665, "f36": -0.2993614075745118, "f37": 0.349873837520397, "f38": 0.7380561753227263, "f39": -1.9941393130945175, "f4": 2.353801792997497, "f40": 0.7588541093981656, "f41": -1.6472847206736834, "f42": -2.049940930664728, "f43": 0.701971404323793, "f44": 0.25895895752127496, "f45": 0.5219581979819732, "f46": -0.034153192039950264, "f47": -0.5020707194794803, "f48": -0.5651555403912334, "f49": 0.6186202885278891, "f5": 2.0906739077698617, "f50": -0.9521158131039771, "f51": -1.0174182812911967, "f52": -0.746786899024264, "f53": -0.07609250254946806, "f54": -0.04080668086608405, "f55": 0.7666379849254382, "f6": 1.1600578339286876, "f7": -0.03471609301556566, "f8": -0.1865071081879187, "f9": -1.4209343806214245}, "datetime": {"datetime": "2023-02-04 00:01:05", "elapsed": 20682.437829, "delta": 67.506581}}
{"target": 0.2650970808611155, "params": {"f0": 0.56311488352406, "f1": 0.6510394629850742, "f10": -0.7572978338170009, "f11": -0.7188532196618641, "f12": -0.6876359558622736, "f13": -0.830285419489061, "f14": -0.45382480262548375, "f15": -0.8032344416491937, "f16": 0.7776179838356325, "f17": 0.13730360061734803, "f18": -1.1705018526294213, "f19": -1.3501556393156835, "f2": -0.427301412941164, "f20": 2.808874477460666, "f21": 0.22129522115800687, "f22": -2.8919977913445285, "f23": 1.6355725257194136, "f24": -1.3406622691247572, "f25": -0.6538332801289439, "f26": 1.2007743756042766, "f27": 0.11437834180869344, "f28": 1.1459725447306703, "f29": 1.944871572340884, "f3": 1.3644768220233068, "f30": 1.160419648046931, "f31": 0.6522888371407694, "f32": -0.3012157741944527, "f33": -0.7371494396382887, "f34": -1.7179766374753016, "f35": 1.0992574723953337, "f36": -0.389739235693348, "f37": 0.09394614409311985, "f38": 0.6081070369599295, "f39": -1.117621896889319, "f4": 1.4482168793312789, "f40": 0.6401370768717944, "f41": -1.6432004137184808, "f42": -0.8256478457815017, "f43": 1.0113692753441543, "f44": 0.07212932073924422, "f45": 0.6837882492330991, "f46": -0.3523707517949467, "f47": -0.9302993526723924, "f48": -1.1084015650580337, "f49": 0.5737190745427356, "f5": 2.2663952621198815, "f50": -0.5156072921510173, "f51": -0.937513899501422, "f52": -1.3103983422735928, "f53": 0.17887081825277026, "f54": 0.09411726289958046, "f55": 1.4044199271614315, "f6": 1.5138291262664654, "f7": -0.0677854818453793, "f8": -0.277953174883354, "f9": -0.7214441569589978}, "datetime": {"datetime": "2023-02-04 00:02:07", "elapsed": 20744.078107, "delta": 61.640278}}
{"target": 0.3534681050730367, "params": {"f0": 0.5888492227324817, "f1": 0.4572885265529486, "f10": -0.623007308538264, "f11": -0.1356364347545218, "f12": -0.724224212861668, "f13": -0.6895592920055946, "f14": -1.316540244542099, "f15": -0.8674792143010759, "f16": 0.8097824150268886, "f17": 0.1797179640704503, "f18": -1.3253175619221227, "f19": -0.5067622539201415, "f2": -0.1700289054616645, "f20": 2.7899410275271785, "f21": 0.27460580268360774, "f22": -1.8331042240334905, "f23": 1.213387717910301, "f24": -1.1364198157974856, "f25": -0.865915340505868, "f26": 1.2277340622414656, "f27": -0.08489643603526986, "f28": 0.7342451360583451, "f29": 2.922356324752985, "f3": 2.2660048981474774, "f30": 1.8580384470048217, "f31": 0.5879162386453497, "f32": -0.6373070854556611, "f33": -0.20433712644242763, "f34": -1.3396593262521783, "f35": 1.2558705679366402, "f36": -0.1722925727597091, "f37": 0.020177596547615473, "f38": 0.49572482518485117, "f39": -1.1722855649025314, "f4": 1.8420708392343073, "f40": 0.9342578801918413, "f41": -0.6178815561486333, "f42": -1.8167466830041077, "f43": 1.0537063923449517, "f44": -0.20960941075945794, "f45": 0.8993290370277343, "f46": -0.06960839615149583, "f47": -0.9876140619936702, "f48": -0.84258277527803, "f49": 0.04371491924938023, "f5": 0.7629266895714213, "f50": -0.7995923951959139, "f51": -0.8371507979063101, "f52": -1.0860571751547208, "f53": -0.12169546947305881, "f54": 0.025380785631507294, "f55": 1.5507062933735014, "f6": 1.395433599090175, "f7": 0.02357413791188201, "f8": -0.3936511739103373, "f9": -2.0717038243671215}, "datetime": {"datetime": "2023-02-04 00:03:29", "elapsed": 20826.120136, "delta": 82.042029}}
{"target": 0.48198676864856993, "params": {"f0": 0.3456707972123029, "f1": 1.109040229521092, "f10": -1.0882770418392147, "f11": -0.7087430781839112, "f12": -1.0783204220999312, "f13": -1.415847484279018, "f14": -0.49333004522153623, "f15": -1.0083430044448582, "f16": 0.91144852572723, "f17": 0.5789153707472766, "f18": -1.065680522668438, "f19": -0.8394593453168987, "f2": -0.3646891194465122, "f20": 1.7727395994800672, "f21": 0.23410396724435972, "f22": -2.0825717389355445, "f23": 1.2726698649116475, "f24": -0.7262287298736534, "f25": -0.9180182168411019, "f26": 1.2498460060857817, "f27": -0.3006653337904039, "f28": 1.0351385262894635, "f29": 2.580904045347739, "f3": 1.462007900488242, "f30": 1.4952101955678363, "f31": 0.9592256608810534, "f32": -0.41417839825601754, "f33": -0.41289631286943723, "f34": -1.9980849450853315, "f35": 1.8565425500207753, "f36": -0.6036386908767416, "f37": 0.11668417793265512, "f38": 0.28821602657480666, "f39": -1.9393411603313282, "f4": 1.6241845663398782, "f40": 0.8679745789968232, "f41": -0.6322963409585964, "f42": -2.3503737065425505, "f43": 0.7909004437100752, "f44": -0.13118346477652082, "f45": 0.685305470253261, "f46": -0.02842463992856714, "f47": -0.37395644619915247, "f48": -0.8210563576281111, "f49": 0.22445922633373216, "f5": 2.378250580869231, "f50": -1.2584914231448938, "f51": -0.7076762022708873, "f52": -1.1167941061272668, "f53": 0.40111905793460895, "f54": 0.21608114606195822, "f55": 1.1398847139019175, "f6": 1.535222645164581, "f7": -0.21803946054223738, "f8": -0.4347214944991115, "f9": -1.1313902654675012}, "datetime": {"datetime": "2023-02-04 00:04:55", "elapsed": 20912.226087, "delta": 86.105951}}
{"target": 0.08951594022646464, "params": {"f0": 0.16552722010788218, "f1": 0.7507085689830444, "f10": -0.593788653758861, "f11": -0.3272424942292703, "f12": -0.8929632432214656, "f13": -1.0354372109428303, "f14": -0.8563780187257459, "f15": -0.577742909119452, "f16": 0.48927852992307547, "f17": 0.4969199508575155, "f18": -1.1521748269911585, "f19": -1.0270363924247694, "f2": -0.39483311515317343, "f20": 2.1075210614522417, "f21": 0.2895932101314953, "f22": -1.9027660816420957, "f23": 0.9588033749487084, "f24": -0.6562586544933767, "f25": -0.7199951710880157, "f26": 1.127827102913296, "f27": -0.0657517288270128, "f28": 1.0829832206019283, "f29": 2.6628218655181968, "f3": 2.9968530160971674, "f30": 1.4184904150385262, "f31": 1.1542041336605353, "f32": -0.2715823098373904, "f33": -0.31455661123496875, "f34": -1.0943202677590105, "f35": 1.5797752794030195, "f36": -0.3857446044184615, "f37": 0.3923514962708949, "f38": 0.5769532473887639, "f39": -2.0790083432732915, "f4": 1.4294884522399323, "f40": 0.8292228371340192, "f41": -1.147145649313439, "f42": -1.1383169395386197, "f43": 0.9695921658834361, "f44": -0.3666594319673913, "f45": 1.0115530028673367, "f46": -0.1532712906326219, "f47": -0.4037102398517658, "f48": -1.3126859878354082, "f49": 0.16010354030665014, "f5": 2.1181641180667565, "f50": -0.9396091482979014, "f51": -0.8903532480047531, "f52": -0.7841072614004836, "f53": 0.1862009272637093, "f54": 0.10723921301605974, "f55": 1.9763483544243265, "f6": 2.0596950181568547, "f7": 0.10483292311144915, "f8": -0.26406390265189905, "f9": -2.414989129872028}, "datetime": {"datetime": "2023-02-04 00:05:31", "elapsed": 20947.948894, "delta": 35.722807}}
{"target": 0.18742574872791037, "params": {"f0": 0.339928386712027, "f1": 1.055705190164344, "f10": -0.6527803904016555, "f11": -0.7754200327806324, "f12": -0.6610500386382943, "f13": -1.1790614108571922, "f14": -1.0146880143071262, "f15": -0.7514164940821005, "f16": 0.5325424760135149, "f17": 0.47018891941851804, "f18": -1.6115464883960529, "f19": -1.3429760782755573, "f2": -0.2317406964319817, "f20": 1.1579143757561077, "f21": 0.3509366964352099, "f22": -1.3702688487749044, "f23": 1.2693424316943278, "f24": -1.0919268833036984, "f25": -0.9659213330457096, "f26": 1.1096672505717755, "f27": 0.07634215936710853, "f28": 1.0811931352270832, "f29": 0.8326071604278024, "f3": 1.9442867121174525, "f30": 1.0923941000340789, "f31": 0.3708391262041489, "f32": -0.22799682313796477, "f33": -0.3207518337407291, "f34": -1.3260998779387871, "f35": 2.158133286887705, "f36": -0.760200331476424, "f37": 0.4069596956952181, "f38": 0.24710874978129177, "f39": -1.0340761963164893, "f4": 2.86322346025785, "f40": 0.2423600088270772, "f41": -0.7144874455377608, "f42": -2.2082955716060764, "f43": 0.748589072467686, "f44": -0.011853406223240548, "f45": 0.5924926559314923, "f46": -0.4762278896139578, "f47": -1.001268659843535, "f48": -1.0452473630283106, "f49": 0.23267742977407768, "f5": 2.7306117307659226, "f50": -1.21885744257118, "f51": -1.2385730106514883, "f52": -1.2344596833658845, "f53": 0.1503399845974857, "f54": 0.5392609466414711, "f55": 2.0961429018853446, "f6": 2.9552812877748664, "f7": -0.13060706937137717, "f8": -0.5862003820038354, "f9": -2.001506878029379}, "datetime": {"datetime": "2023-02-04 00:06:36", "elapsed": 21013.588312, "delta": 65.639418}}
{"target": 0.5635409094816007, "params": {"f0": 0.49736639518099485, "f1": 0.6210548251095527, "f10": -0.5399266512813153, "f11": -0.3454628371000928, "f12": -0.5620884409222738, "f13": -0.8448956749005486, "f14": -0.9419249342940704, "f15": -1.2662309942112213, "f16": 0.5809708290577988, "f17": 0.4047838894431144, "f18": -0.9733839783660896, "f19": -0.9741083962157548, "f2": -0.25365874292410473, "f20": 2.3629497253725162, "f21": 0.5663980602847868, "f22": -0.7552657681859163, "f23": 1.1411780895515626, "f24": -1.1705632497847906, "f25": -0.5673761736512242, "f26": 0.7534932055380433, "f27": -0.06679925894168176, "f28": 1.0340070906512056, "f29": 0.8292668443046417, "f3": 2.471013736213938, "f30": 1.9301596215525993, "f31": 0.8623986295054713, "f32": -0.30747878695557795, "f33": -0.3770544696941313, "f34": -1.1733640824994174, "f35": 0.8405104372409277, "f36": -0.33408046586762474, "f37": 0.3729090427239033, "f38": 0.5850942581275856, "f39": -1.5293295542831955, "f4": 1.122742017494719, "f40": 0.7062113095718011, "f41": -1.4477212657407308, "f42": -1.808318562426017, "f43": 0.8537177231146045, "f44": 0.18564216872554212, "f45": 0.6147419297521255, "f46": -0.1865885549025385, "f47": -0.8906473699272617, "f48": -0.9697594400783305, "f49": 0.03420951079700092, "f5": 1.516906733189547, "f50": -1.1763917834914253, "f51": -1.091530630522081, "f52": -0.8774289665936554, "f53": 0.20159227991477252, "f54": 0.36234593270689913, "f55": 1.7485491412278478, "f6": 1.2448498638100656, "f7": -0.001853208546985785, "f8": -0.4379996547641763, "f9": -1.6605962434586516}, "datetime": {"datetime": "2023-02-04 00:08:15", "elapsed": 21112.52914, "delta": 98.940828}}
{"target": 0.30330101672884424, "params": {"f0": 0.5937196290278619, "f1": 0.4792730659350509, "f10": -0.7235156189591309, "f11": -0.1562217444910997, "f12": -0.6308050520688402, "f13": -1.2547633794459627, "f14": -0.7801262956896295, "f15": -0.4885295005254311, "f16": 0.6395361584454657, "f17": 0.17457995484345956, "f18": -1.1904625204355668, "f19": -0.7113062345574332, "f2": -0.7312748046689168, "f20": 2.10461532753585, "f21": 0.6188442293008949, "f22": -1.0940871026567895, "f23": 1.6961460568681774, "f24": -1.0195383406548197, "f25": -0.3999718744064118, "f26": 0.6821739943833807, "f27": -0.03427962176679583, "f28": 0.808952508554688, "f29": 2.3180487205606655, "f3": 2.7286206919547267, "f30": 1.8814460194799165, "f31": 0.621451646716086, "f32": -0.20665369927317928, "f33": -0.4846101255476215, "f34": -1.047690567874589, "f35": 1.8359648595751343, "f36": -0.1767855516694815, "f37": 0.2011146991594564, "f38": 0.44289980086073916, "f39": -0.7195193921544387, "f4": 1.4788978374723811, "f40": 0.5598442939816664, "f41": -0.8905042182764471, "f42": -0.7835543631917217, "f43": 0.9061255742730003, "f44": -0.08419268331606633, "f45": 1.0827245564644687, "f46": -0.3796541679009592, "f47": -1.0012024886495237, "f48": -1.382161829181271, "f49": 0.44724013751904557, "f5": 1.2066617975131113, "f50": -1.287104632081175, "f51": -1.1662893615889225, "f52": -0.9523474962165392, "f53": 0.2846579365732741, "f54": 0.016951710451914265, "f55": 2.710821848447995, "f6": 2.89779061976819, "f7": 0.028325738405787226, "f8": -0.7370416071722843, "f9": -2.8950505145828394}, "datetime": {"datetime": "2023-02-04 00:09:14", "elapsed": 21170.935047, "delta": 58.405907}}
