{"target": 0.26440323545037336, "params": {"f0": 0.4771445720697887, "f1": 0.45614965071042335, "f10": -0.11995896672134831, "f11": 0.09564869576538448, "f12": -2.321451293153447, "f13": -1.0081277841160532, "f14": -0.4140380122024969, "f15": -1.1209011588285, "f16": 1.0882157861423607, "f17": 1.1043757702148533, "f18": -2.913014846243041, "f19": -0.48178093841210423, "f2": 0.8681019554801257, "f20": 1.9875664460521443, "f21": -0.2773463060010782, "f22": -1.4372348415913139, "f23": -0.15348504090638143, "f24": -0.9322213285509764, "f25": -0.3027956430723393, "f26": 0.6981849591118239, "f27": -1.1662809699248982, "f28": 1.5248015547737608, "f29": 2.3742805267530587, "f3": 3.013757557117661, "f30": 1.1689957034252987, "f31": 1.7421917171070258, "f32": 0.7203424998837603, "f33": 0.09045738823541494, "f34": -1.4110940009142872, "f35": -0.22618337359116802, "f36": -1.7264665079394181, "f37": 0.5070811135706385, "f38": 0.2407613073822653, "f39": -1.4209418074572597, "f4": 2.361429915450878, "f40": 1.0493757888496542, "f41": -1.145031286050735, "f42": -1.2787234320793603, "f43": 1.0995151882422962, "f44": 0.2634066315127873, "f45": 0.2832225962517103, "f46": -0.062442934160523045, "f47": 0.3004873546494802, "f48": -0.3689993891853418, "f49": 1.0921010680903307, "f5": -0.09879331036724892, "f50": 0.06364122726842647, "f51": -0.6758577059546278, "f52": -0.19439609143026937, "f53": -0.07723508253426647, "f54": 0.1323812196371057, "f55": 1.747072271722734, "f6": 1.9397266539397144, "f7": -1.5405127424688023, "f8": -0.14036410512555342, "f9": -1.8468735566931365}, "datetime": {"datetime": "2023-02-03 19:22:22", "elapsed": 3958.923222, "delta": 23.311607}}
{"target": 0.067414380440854, "params": {"f0": -0.19052285207452557, "f1": 0.37408289429681096, "f10": -0.49385146434788746, "f11": 0.6415909699160287, "f12": -3.0165365556791506, "f13": -0.7383848595149931, "f14": -0.8429877587688464, "f15": -0.868614410234025, "f16": 1.5521147678943559, "f17": 0.25694040924854517, "f18": -2.931506864327772, "f19": -0.6787804786180746, "f2": 1.642371938358422, "f20": 2.228903916474055, "f21": 0.4436038357994452, "f22": -0.8956948994239742, "f23": 1.0404161913561003, "f24": -0.5350136148242584, "f25": -0.8256446047136647, "f26": 0.266119621621537, "f27": -0.6733815404490415, "f28": 0.986845041778698, "f29": 2.3098837973896935, "f3": 2.1032283718624862, "f30": 1.2551161538430766, "f31": 1.3770688964912874, "f32": -0.048889400388660964, "f33": 0.5603900074144582, "f34": 0.08981607734535779, "f35": 0.9026185695283795, "f36": -1.689142692183125, "f37": 0.842254889994863, "f38": -0.0979302419600121, "f39": -0.5576201374261214, "f4": 1.2834104705264078, "f40": 0.5915245134946939, "f41": -2.3371184865030616, "f42": -2.153331064596702, "f43": 1.2153959067175275, "f44": 0.1341205962045, "f45": 0.3703009516932232, "f46": -0.8766241458902408, "f47": 0.21908627077089182, "f48": -0.8134717199236553, "f49": 0.16095581317002217, "f5": 0.8308330648188881, "f50": -0.07535479127762834, "f51": -1.5089466915851106, "f52": -0.08240454164859368, "f53": -1.3105777955501985, "f54": -0.2484399427957426, "f55": 2.8140343083243944, "f6": 2.433755635285619, "f7": -1.6377465371388427, "f8": -0.6768028522011447, "f9": -1.935472329690761}, "datetime": {"datetime": "2023-02-03 19:22:59", "elapsed": 3996.54036, "delta": 37.617138}}
{"target": 0.20523238003588348, "params": {"f0": -0.31085717148315534, "f1": 0.7123660337549785, "f10": 0.09575628192048913, "f11": -0.20247622575773155, "f12": -2.4820892515551893, "f13": -1.9420785159842517, "f14": -1.4682978116842649, "f15": -0.8106790105142463, "f16": 1.8515982412027259, "f17": 0.9011076226611578, "f18": -2.1598774569748005, "f19": 0.10567503777207643, "f2": 1.1141270344192398, "f20": 1.6378500750610554, "f21": 0.37810691205913183, "f22": -0.6755811210778067, "f23": 1.1045115536215864, "f24": -0.030275824523902983, "f25": -0.3465678835648759, "f26": 0.43089243058379245, "f27": -1.1457407527035062, "f28": 1.0634724576565666, "f29": 1.9999833500998605, "f3": 2.686794826825314, "f30": 0.944804563904053, "f31": 0.662435449991262, "f32": -0.2718575158352198, "f33": -0.17365239902897567, "f34": -1.820738241249785, "f35": 0.5203149197624614, "f36": -2.3049071103728784, "f37": 0.004010382978626215, "f38": -0.8602816109169653, "f39": -0.5387511504711495, "f4": 2.6500591084197755, "f40": 0.18573460938510794, "f41": -2.3606234369589796, "f42": -1.908954373947309, "f43": 1.2446351208890936, "f44": 0.46812747568930413, "f45": 0.709206557538695, "f46": -0.44480787342519845, "f47": -0.01622926506757938, "f48": -0.17035751656390796, "f49": 0.18030302505656837, "f5": 2.2501683995877526, "f50": 0.10088591836183347, "f51": -0.8066062062193486, "f52": -0.9792425731864753, "f53": -1.3739441906262475, "f54": 0.3939321996014433, "f55": 2.3516322763974906, "f6": 1.7857801508703393, "f7": -1.2865259391122223, "f8": -0.3537949550284182, "f9": -1.544392815514139}, "datetime": {"datetime": "2023-02-03 19:23:35", "elapsed": 4032.074259, "delta": 35.533899}}
{"target": 0.2042343164907464, "params": {"f0": -0.16592042352627728, "f1": 0.8133369426331923, "f10": 0.09842295075791441, "f11": -0.3899142155296657, "f12": -0.843061432492302, "f13": -1.2765831142338562, "f14": -1.0538717307882206, "f15": 0.1315580751713641, "f16": 0.6733079192553963, "f17": 0.9040560454308874, "f18": -2.700087589626961, "f19": 0.30932205890835673, "f2": 1.4711686771798254, "f20": 2.8787442594830166, "f21": -0.13313037706281838, "f22": -1.434371753306474, "f23": 0.22255879366874987, "f24": -1.694071492347783, "f25": 0.017633412067423526, "f26": 0.14709172561366024, "f27": -0.9749133819481405, "f28": 0.7851789413207524, "f29": 2.551421026677727, "f3": 2.803100537486761, "f30": 0.21873483346714268, "f31": 0.8336048554331926, "f32": 0.08504575600671138, "f33": 0.29477020001088483, "f34": -1.6042768393531288, "f35": 0.31141220318533536, "f36": -1.1210264103834344, "f37": 0.6999768682706293, "f38": 0.2259737165400314, "f39": -0.3262090518259706, "f4": 1.4628909260280771, "f40": 0.04225944744262666, "f41": -1.013448956950297, "f42": -1.4419790781041362, "f43": 2.1201995028041853, "f44": -0.043894680310443634, "f45": 1.4885990636227018, "f46": -0.21000368336998143, "f47": -0.07083428076636289, "f48": -0.41719645246414827, "f49": -0.12818194772096728, "f5": 0.9984253979572684, "f50": -0.8233830452988832, "f51": -2.2730574790099105, "f52": -0.04186354292323635, "f53": -1.6174961920578943, "f54": 0.5353729842425002, "f55": 2.9418258753544158, "f6": 2.6926528207800966, "f7": -2.0521728631864153, "f8": 0.02536239040908661, "f9": -2.4193183675951224}, "datetime": {"datetime": "2023-02-03 19:24:23", "elapsed": 4080.351892, "delta": 48.277633}}
{"target": 0.21432094685610267, "params": {"f0": 0.33795394443871934, "f1": 0.5192226929817042, "f10": 0.3702174366203138, "f11": -0.5095204344325801, "f12": -0.88619247090642, "f13": -1.45702426818162, "f14": -1.121397876990784, "f15": -0.03931539259775163, "f16": 0.787301149691077, "f17": 0.16766704392765774, "f18": -2.919789609789351, "f19": 0.1540436908167564, "f2": 1.1078830484809425, "f20": 1.8919070694072992, "f21": -0.5865948392574223, "f22": -2.497232803304473, "f23": 0.6320497951065531, "f24": -0.0888073848306048, "f25": -0.9325862615454331, "f26": 0.06900038702629041, "f27": 0.2334451116705134, "f28": 0.11709647117600945, "f29": 2.733137548847018, "f3": 1.9952665498637865, "f30": 0.4686750918697742, "f31": 1.8220584016714505, "f32": -0.08452454614931304, "f33": -0.2314171282947235, "f34": -1.3666210061789554, "f35": 0.8759478992963264, "f36": -1.5023569751267798, "f37": 0.16438767074327748, "f38": 0.43018592942303735, "f39": -0.48079343853802214, "f4": 2.11924449792125, "f40": 0.8307212906526871, "f41": -1.2994766256858807, "f42": -2.3361508928597434, "f43": 1.2165863929766285, "f44": 0.12532790756163847, "f45": 1.0359040612985664, "f46": -0.7285051819451712, "f47": -0.740172774762322, "f48": -0.6245967074803428, "f49": 1.2301015617369533, "f5": 0.8767724812519229, "f50": 0.35893984704698834, "f51": -1.833873622774581, "f52": -1.064627039184788, "f53": -1.4393357932552213, "f54": 0.19316537880935125, "f55": 2.63960146546321, "f6": 2.3315377593854705, "f7": -0.9509842842264595, "f8": 0.44446926210211946, "f9": -2.943272311723979}, "datetime": {"datetime": "2023-02-03 19:25:47", "elapsed": 4164.588759, "delta": 84.236867}}
{"target": 0.24134050276233668, "params": {"f0": -0.14898652379835248, "f1": 0.7866980100085653, "f10": -0.4043163025774018, "f11": 0.5658296336595567, "f12": -1.8242088440404713, "f13": -2.1693186390657084, "f14": -0.5560361246478878, "f15": -1.0095579190530852, "f16": 1.7509049055622004, "f17": 0.9458704980092391, "f18": -2.555545964341445, "f19": -0.2841975496122637, "f2": 1.3391408371958626, "f20": 0.5556777974751519, "f21": 0.13288881575346068, "f22": -0.528529228848861, "f23": 0.19550494832331708, "f24": -0.6025820190897659, "f25": -0.47938643726738883, "f26": 0.27347972832719514, "f27": -0.695463468527982, "f28": 0.27819252816492285, "f29": 2.3553874751636337, "f3": 2.786475130065674, "f30": 0.3315233032975957, "f31": 2.275128668361357, "f32": -0.20187840924326278, "f33": -0.09193972059982203, "f34": -0.8146248977052486, "f35": 0.20289773747042383, "f36": -2.106474372524806, "f37": 0.8521634341688051, "f38": -0.0770541585583977, "f39": -0.2413268834293394, "f4": 1.895814018382917, "f40": 0.3938258424481809, "f41": -1.4959974321805793, "f42": -1.5271828989448126, "f43": 1.2804325374080152, "f44": -0.17945065521696296, "f45": 0.1159397896425274, "f46": -0.3790745602090275, "f47": -0.17935059804009934, "f48": -1.047935839226674, "f49": 0.9863962458798876, "f5": 1.5514303840236678, "f50": 0.04441850882277132, "f51": -1.1920704891807867, "f52": -0.25729301961960926, "f53": -0.29950362821748566, "f54": -0.24484494742974378, "f55": 2.647212247088416, "f6": 1.8353659211940605, "f7": -1.4767223359439403, "f8": -0.3401941115368799, "f9": -2.722647478223576}, "datetime": {"datetime": "2023-02-03 19:26:24", "elapsed": 4201.254248, "delta": 36.665489}}
{"target": 0.2713693362730391, "params": {"f0": 0.6707393239505046, "f1": 0.6898311193877852, "f10": -0.14733820884818205, "f11": 0.19530014347578506, "f12": -1.563579758958028, "f13": -0.8223723865636499, "f14": -0.7270608601457458, "f15": -0.43458926028148825, "f16": 0.585677033748363, "f17": 0.2764701832938411, "f18": -2.8925881946166765, "f19": 0.10647049664367747, "f2": 0.39571037740448767, "f20": 2.2315571908443443, "f21": -0.04844245913335976, "f22": -1.129015495909074, "f23": 1.4657249879401808, "f24": -0.9326971949443127, "f25": -0.7166116181383864, "f26": -0.4380661393992633, "f27": 0.2393216819148829, "f28": 0.6102224513947843, "f29": 1.2853238442224324, "f3": 3.027516596595521, "f30": 0.7748414503504336, "f31": 0.16770073656878415, "f32": 0.5991192571220602, "f33": -0.020245779726590585, "f34": -0.19688693030043058, "f35": 0.36150069972843224, "f36": -2.4387604192525267, "f37": 0.653409344328282, "f38": -0.03294298665583184, "f39": -0.7652869823973105, "f4": 1.942344874988311, "f40": 0.786615726806327, "f41": -0.8587277203564421, "f42": -1.0619648279376441, "f43": 2.2383504101743257, "f44": 0.6046135199530278, "f45": 1.3037038214289358, "f46": 0.006630791159351057, "f47": 0.17166932537824786, "f48": -0.16797722876914944, "f49": 0.40175221873479044, "f5": 2.4528620672464747, "f50": -0.722287659887223, "f51": -1.9195351099121414, "f52": 0.01277706717905458, "f53": -1.1679821600749662, "f54": 0.6944747996790649, "f55": 2.9959397316546945, "f6": 1.5157735569441484, "f7": -0.3786626418301431, "f8": 0.052909114444377514, "f9": -2.16176442850892}, "datetime": {"datetime": "2023-02-03 19:26:59", "elapsed": 4236.567865, "delta": 35.313617}}
{"target": 0.39773179332764497, "params": {"f0": 0.17921758411177213, "f1": 0.1781470802205385, "f10": 0.2624235804613897, "f11": 0.35607472075939683, "f12": -2.3920250504878675, "f13": -1.591804427913679, "f14": -1.1279900090593054, "f15": -0.6165001818705884, "f16": 0.449892100127453, "f17": 0.5228343014506679, "f18": -2.4822810001856186, "f19": -0.42049004986783955, "f2": 1.3982869287356614, "f20": 2.2092950236947417, "f21": 0.46014833610352457, "f22": -0.5442745965841382, "f23": 1.3261003904606852, "f24": -0.4604681211983026, "f25": -0.5257740506804562, "f26": 0.5933333919972208, "f27": 0.06123926565834359, "f28": 0.6931433825686145, "f29": 2.965421764319138, "f3": 2.970741092967385, "f30": 0.5334887610822124, "f31": 1.2449643250975675, "f32": 0.4261570157165565, "f33": -0.37521748730346827, "f34": -0.8432908784470848, "f35": 1.0559681427481913, "f36": -2.2025762020397153, "f37": 0.6790922623022602, "f38": -0.21925980938624823, "f39": 0.03931189914328148, "f4": 2.0292405586532944, "f40": 1.1564047129983526, "f41": -0.7241876245298515, "f42": -1.1075050308944427, "f43": 1.133314410445555, "f44": 0.5837223699401366, "f45": 0.28438312223102413, "f46": 0.25163025333210465, "f47": 0.20560906829607462, "f48": -0.9759165100444852, "f49": 0.9134061223271481, "f5": 1.9559250254667537, "f50": -0.609761728955378, "f51": -0.9824383356186543, "f52": -0.6910307966340187, "f53": -1.857537229565342, "f54": 0.13475240308045588, "f55": 2.030000162187907, "f6": 1.403934966347969, "f7": -0.040319184048188905, "f8": -0.07718220212391425, "f9": -1.8169402469609715}, "datetime": {"datetime": "2023-02-03 19:27:31", "elapsed": 4268.37691, "delta": 31.809045}}
{"target": 0.1013541348373666, "params": {"f0": -0.03350090539001982, "f1": 0.08727629916900348, "f10": 0.43215814682810605, "f11": 0.7742214268680081, "f12": -2.7705499465372725, "f13": -1.9096127155603018, "f14": -1.5005867199816252, "f15": -0.3794414552141301, "f16": 1.7853402347357177, "f17": 1.2798101979044012, "f18": -1.8026748117860958, "f19": -0.12948246751231163, "f2": 1.5218034325591716, "f20": 2.1761642086794097, "f21": -0.0343111600034387, "f22": -1.9469357954154098, "f23": 0.7236539470029779, "f24": -0.655103997482448, "f25": -0.10610679573902293, "f26": -0.4191989343246697, "f27": 0.07627243241844939, "f28": 1.2212588561117355, "f29": 2.6643156173803852, "f3": 2.73512161106423, "f30": 0.7620967708420856, "f31": 0.8904725639338026, "f32": -0.5774589492827762, "f33": 0.10130575966495625, "f34": -0.2381597514554199, "f35": 0.13777720669400062, "f36": -1.6130799931290585, "f37": 0.7218878156262576, "f38": -0.5283335227821322, "f39": -0.3141660652557263, "f4": 2.437311574350631, "f40": 0.43859445516528056, "f41": -1.496695486260305, "f42": -1.1300785690961976, "f43": 0.015079932557273024, "f44": 0.4605309842755616, "f45": 0.8707653540322555, "f46": 0.18871694307716003, "f47": -0.5869723832663737, "f48": -1.3020050219593642, "f49": 0.05723117976276387, "f5": 1.5494498605697136, "f50": -0.6801904408966581, "f51": -1.7521625742523508, "f52": -0.5588911550959877, "f53": -1.6461194964953347, "f54": -0.007318908947031355, "f55": 2.7206872312942503, "f6": 2.954332714048969, "f7": -0.8331036466506543, "f8": -0.5210257282973993, "f9": -1.5853795243559372}, "datetime": {"datetime": "2023-02-03 19:27:48", "elapsed": 4285.098273, "delta": 16.721363}}
{"target": 0.3196000483497901, "params": {"f0": 0.7936749344519074, "f1": -0.21244010327929008, "f10": 0.08029188110618424, "f11": -0.03005488986050886, "f12": -0.9156017094928246, "f13": -1.069409641216589, "f14": -1.516555558982294, "f15": -1.6855010376061692, "f16": 1.3105083827193087, "f17": 0.7440835809293305, "f18": -1.9221607553953883, "f19": -0.544167472186789, "f2": 0.446326121555738, "f20": 2.0314919613513553, "f21": 0.1365414120548949, "f22": -1.8222537028711445, "f23": 1.116625448619967, "f24": -0.44060435632308015, "f25": -0.6260600741765316, "f26": -0.3199732490330386, "f27": -0.5609220156793311, "f28": 1.3721301892742424, "f29": 2.7799000801070233, "f3": 2.693606743664646, "f30": 0.4540344708275964, "f31": 1.808995438660132, "f32": -0.08239055493127179, "f33": 0.21740988578782772, "f34": -1.4718768624971992, "f35": 0.7051924631136752, "f36": -1.7829928177684151, "f37": 0.40730800791674, "f38": 0.4193134011104843, "f39": -0.9738561316370231, "f4": 1.299097579453308, "f40": 1.304269815815489, "f41": -1.8477787894033344, "f42": -1.4025523945303267, "f43": 1.1028746832152447, "f44": 0.4226809076512943, "f45": 0.9868223522460469, "f46": 0.0240001764076323, "f47": -0.1659861768266897, "f48": -0.6176198292148647, "f49": 0.3535386155091133, "f5": 1.3328893306260483, "f50": -0.6299803121860363, "f51": -0.9858474310130205, "f52": -0.12837340483245696, "f53": -1.4493977771833575, "f54": -0.4592966692449938, "f55": 1.424909035377728, "f6": 2.2232529066161986, "f7": -1.308001508440097, "f8": 0.20196052694109834, "f9": -2.0223060066921787}, "datetime": {"datetime": "2023-02-03 19:28:35", "elapsed": 4332.393817, "delta": 47.295544}}
{"target": 0.15592235516651867, "params": {"f0": 0.37031345334080024, "f1": 0.07717316231674165, "f10": 0.6816327435072228, "f11": 0.4021411766688751, "f12": -1.4908547428683396, "f13": -1.748473114711648, "f14": -1.74935663090465, "f15": 0.007418086645689659, "f16": 1.8425252628315385, "f17": -0.13795418833574868, "f18": -1.7683372710175715, "f19": -0.6393626352715569, "f2": 0.44301658777369207, "f20": 1.2680624422801707, "f21": -0.25288113865352935, "f22": -1.3183023208333347, "f23": 0.7168356172970201, "f24": -0.33066770006825763, "f25": -0.5587247392168235, "f26": 0.24439339501562707, "f27": -0.7254637759399079, "f28": 1.6701587385327197, "f29": 2.820419365288794, "f3": 2.630586684760269, "f30": 0.3333690511063657, "f31": 0.7433891481065472, "f32": 0.4085875009173575, "f33": -0.5005300454940966, "f34": -0.10618082057658573, "f35": 0.8173223727900094, "f36": -0.8154215478826097, "f37": 1.1023765230418148, "f38": -0.05478421001295475, "f39": -0.5001581701630937, "f4": 1.8309147894271944, "f40": 0.6968609191338949, "f41": -1.1977470581630008, "f42": -1.7093852533360612, "f43": 1.434409386991948, "f44": 0.21225672055134465, "f45": 0.4126696390692632, "f46": -0.11759447420694502, "f47": -0.12236751290365178, "f48": -0.21105451949155873, "f49": 0.2798958848215744, "f5": 1.3549698069625744, "f50": -0.015314209183597272, "f51": -2.5819909731281614, "f52": -1.083239047475125, "f53": -0.689397729894152, "f54": 0.46482111102883594, "f55": 2.8276094730953507, "f6": 1.7008369322415855, "f7": -1.7180629990069765, "f8": 0.420582255064894, "f9": -1.2671122446447443}, "datetime": {"datetime": "2023-02-03 19:29:40", "elapsed": 4397.876642, "delta": 65.482825}}
{"target": 0.6977100251061024, "params": {"f0": 0.27593057594485404, "f1": 0.1143181332100203, "f10": 0.06695014555186658, "f11": 0.1930794806960841, "f12": -1.7259059099900866, "f13": -1.37398855085184, "f14": -0.9418811099358652, "f15": -0.8708384340325445, "f16": 0.8954410003918009, "f17": 0.6210742420613411, "f18": -2.9944360405004296, "f19": -0.06892778672460381, "f2": 0.8314236506176239, "f20": 1.8389714315499073, "f21": 0.024459419453584208, "f22": -1.5210233283951229, "f23": 0.7454500880584922, "f24": -0.8034638391260178, "f25": -0.5263612652053086, "f26": 0.2762793230470851, "f27": -0.37887332322012623, "f28": 0.9653949664350596, "f29": 2.7983099600620256, "f3": 2.962218452183257, "f30": 0.6202734077165956, "f31": 1.4008387305766514, "f32": 0.10520604648360758, "f33": -0.0343220365503028, "f34": -0.9753025183683665, "f35": 0.5718239925024113, "f36": -1.508760918328108, "f37": 0.44403419935680455, "f38": -0.18548371979265796, "f39": -0.8035535188955725, "f4": 2.3439701665067516, "f40": 0.6266786467377107, "f41": -1.4145990786687195, "f42": -1.0903382749947077, "f43": 1.2830215103776987, "f44": 0.2523296869388095, "f45": 0.8099680584341417, "f46": -0.3703258233834338, "f47": -0.06115688172489068, "f48": -0.7429254197592543, "f49": 0.5102225354792659, "f5": 1.4709984980689899, "f50": -0.22279923424614387, "f51": -1.7653511462254905, "f52": -0.4677896219034828, "f53": -1.243427923340007, "f54": 0.07755376406177669, "f55": 2.6672689459045293, "f6": 2.0553094140239634, "f7": -1.2552152259224343, "f8": -0.009557203052973081, "f9": -1.8016618042298669}, "datetime": {"datetime": "2023-02-03 19:29:43", "elapsed": 4400.583064, "delta": 2.706422}}
{"target": 0.6977100251061024, "params": {"f0": 0.21307760289167374, "f1": 0.23623724318865752, "f10": 0.01927317426253515, "f11": 0.2293057116493717, "f12": -1.7286203210454705, "f13": -1.4142429033994963, "f14": -0.9091616350950368, "f15": -0.9100170737431034, "f16": 0.8411444272715898, "f17": 0.5301487450505129, "f18": -3.00397807963047, "f19": 0.015312377256484372, "f2": 0.8669187761501537, "f20": 1.8206359702834856, "f21": -0.005233227832718237, "f22": -1.6194498553146797, "f23": 0.7044707267193329, "f24": -0.8666917929427232, "f25": -0.5267738266723124, "f26": 0.3976750706010667, "f27": -0.43390472179360445, "f28": 1.0117443105017467, "f29": 2.781299976493537, "f3": 3.029922337615357, "f30": 0.5961621941170789, "f31": 1.3807022636338966, "f32": 0.1193199244857239, "f33": -0.0392234870202588, "f34": -1.0335595105464113, "f35": 0.5162777251679206, "f36": -1.3823622271678018, "f37": 0.45745545934171816, "f38": -0.3002745840879684, "f39": -0.9236819672939205, "f4": 2.539142654477689, "f40": 0.5473413520799537, "f41": -1.5576507161008677, "f42": -1.0293601406973383, "f43": 1.2680914526442286, "f44": 0.22908216406744128, "f45": 0.9185279018302582, "f46": -0.4655290197680538, "f47": -0.05349334995338366, "f48": -0.837011467785159, "f49": 0.3971086406138849, "f5": 1.4724734145977254, "f50": -0.15650428821884052, "f51": -1.9458163403682909, "f52": -0.48560422129048925, "f53": -1.1267865671130597, "f54": 0.06949290780224936, "f55": 2.9416272146013696, "f6": 2.165657661970163, "f7": -1.4529221993581742, "f8": 0.02527500894764153, "f9": -1.6981353390428846}, "datetime": {"datetime": "2023-02-03 19:29:51", "elapsed": 4407.919821, "delta": 7.336757}}
