{"target": 0.12250151532948986, "params": {"f0": -0.7213124437235264, "f1": -0.14155038324880675, "f10": -0.4451852521206584, "f11": -0.8069266682381511, "f12": -2.3931351122847127, "f13": -2.4634718560976774, "f14": -1.7117057454950275, "f15": -1.1219792282963184, "f16": 0.35244579873078324, "f17": 1.0562466363299003, "f18": -2.9681961687078133, "f19": -0.12388198167995135, "f2": 1.098733577672168, "f20": 2.680608032045467, "f21": 0.06802125634287703, "f22": -1.6399737016946059, "f23": 0.16769259702861683, "f24": -0.7633078238886641, "f25": -0.5262100170475332, "f26": 1.091917106136762, "f27": -1.27772633238513, "f28": 0.6836818038370096, "f29": 2.0305006947223014, "f3": 2.7473762706339864, "f30": 0.276984825085116, "f31": 0.7312924960153415, "f32": 0.2731520598665437, "f33": 0.07034921922516169, "f34": -0.9006397579620065, "f35": 0.6540767596577365, "f36": -0.057077313361094006, "f37": 0.21738565109756358, "f38": 0.4914104344793875, "f39": -1.8598509024360725, "f4": 2.219804677714424, "f40": 0.3598471435063032, "f41": -2.6161052810264187, "f42": -1.6891012931414244, "f43": 0.6607427470431249, "f44": 0.572938910657393, "f45": -0.41760138197071756, "f46": -0.46295553260015665, "f47": 0.22105444538247743, "f48": -0.4373745847391868, "f49": 0.17691300438098612, "f5": 1.6192622050579917, "f50": 0.16258999174756594, "f51": -2.6911329966835353, "f52": -0.5687051382285084, "f53": -0.2626409425281091, "f54": 0.7436022320369368, "f55": 1.4727022769289329, "f6": 1.7258958576820984, "f7": -1.9778620588835716, "f8": 0.3564561570231072, "f9": -1.3441097389169356}, "datetime": {"datetime": "2023-02-03 20:48:29", "elapsed": 9126.446617, "delta": 35.428393}}
{"target": 0.2846872368389252, "params": {"f0": 1.1898585575233582, "f1": 0.5514261194510727, "f10": 0.19396778097518996, "f11": 0.36042704962929295, "f12": -0.2923009195080222, "f13": -0.17032490085156482, "f14": 0.4420059437584527, "f15": -1.9904056580950549, "f16": 0.2921308152286913, "f17": -0.40395250017022355, "f18": -2.5854237823845354, "f19": 0.6857149090619115, "f2": -0.18686398268019927, "f20": 1.3497763777244038, "f21": 0.5013922327467313, "f22": -1.7527388394184025, "f23": 0.19488572138388605, "f24": -0.6744384997910298, "f25": -1.1396446495330674, "f26": 0.3875514502884556, "f27": -0.6033973184586275, "f28": 1.1107447941295716, "f29": 2.9282108539019513, "f3": 3.0194375453524533, "f30": 0.4772838034457134, "f31": 0.8425291235853456, "f32": -0.6427976214742244, "f33": 0.3330087570525814, "f34": 0.15189795262450367, "f35": 0.9267879565869549, "f36": -2.11082674364207, "f37": 0.617281832937944, "f38": 0.6907735156305441, "f39": -0.7331230047134984, "f4": 2.269342810465892, "f40": 1.569092614695267, "f41": -2.1554976955926124, "f42": -1.0858791496853113, "f43": 1.9304120874440833, "f44": 0.553863292978217, "f45": 1.7189432708567205, "f46": -0.31184767497023724, "f47": -0.16246333932326706, "f48": -0.5145388829498634, "f49": 1.0713848874383878, "f5": 1.185109114016677, "f50": -0.4076517312653609, "f51": -0.5348514710973653, "f52": -0.5455720808091691, "f53": -1.2356372967455809, "f54": -0.262306275992203, "f55": 2.8037533293124515, "f6": 1.7639454884458363, "f7": -0.5734435668631073, "f8": 0.8832245199252579, "f9": -2.296565134013846}, "datetime": {"datetime": "2023-02-03 20:49:29", "elapsed": 9186.003382, "delta": 59.556765}}
{"target": 0.21980513220800119, "params": {"f0": 0.41942882579346896, "f1": 0.9422883773740821, "f10": -0.8766135550728523, "f11": 0.8138970081353769, "f12": 0.24733888698899786, "f13": -1.0290075762903597, "f14": 0.016543258787471427, "f15": -1.2054511660746248, "f16": 0.5086584647434771, "f17": 0.34652548022859897, "f18": -2.5915219490584427, "f19": 0.013976043258798532, "f2": 0.18742736590554337, "f20": 2.571804888511333, "f21": -0.34212398503759645, "f22": -1.2600925477846316, "f23": 0.4941811669600879, "f24": -0.3596423507045714, "f25": 0.2198267980898776, "f26": 0.020874995553943676, "f27": -0.4366134478776489, "f28": 0.003696218467394985, "f29": 2.890277307281548, "f3": 2.3724040551244547, "f30": -0.12964925428002982, "f31": 1.3579211725270142, "f32": 0.43083648065474656, "f33": -0.014690265785341383, "f34": -0.13252646158505144, "f35": 0.5678240931861164, "f36": -1.4873983006466238, "f37": -0.04261131185165812, "f38": -0.907565350028633, "f39": -1.1853618510214152, "f4": 2.5577226062720153, "f40": 0.33186946507205217, "f41": -2.8816520622729445, "f42": -1.1112750427194422, "f43": 0.2214910899329351, "f44": -0.6444505241353623, "f45": 1.140184771342386, "f46": -0.7578997947023256, "f47": 0.16637096597047796, "f48": -0.15657618578562804, "f49": 0.5545502858477777, "f5": 1.0158650366372783, "f50": -0.4963773426375304, "f51": -2.708439189294819, "f52": -0.9083932690125122, "f53": -1.2581596867539533, "f54": 0.433783237847961, "f55": 1.9612575129546248, "f6": 2.086960742268419, "f7": -0.807598571479335, "f8": -0.576471602431919, "f9": -1.6565257599472416}, "datetime": {"datetime": "2023-02-03 20:50:08", "elapsed": 9225.709985, "delta": 39.706603}}
{"target": 0.2707254703730913, "params": {"f0": 0.09104534959320831, "f1": -0.293320804198266, "f10": -0.2883403557806027, "f11": -0.49419824611889085, "f12": -0.43941012284501113, "f13": -1.1080786367087798, "f14": -0.6321537232120551, "f15": -1.0686519907293233, "f16": 0.71134967352698, "f17": 1.0908368920875058, "f18": -2.96471697706114, "f19": 0.04567650480616514, "f2": 1.1931106980326136, "f20": 2.716364921462685, "f21": -0.8833959798644673, "f22": -1.6157003294508354, "f23": 0.9549567458432211, "f24": -1.8838034601444331, "f25": -1.1162887812370692, "f26": 0.8909580146282037, "f27": 0.1525346071316056, "f28": 1.310960074780672, "f29": 2.506731363775557, "f3": 2.1133783539864437, "f30": 1.322608146257786, "f31": 1.4655315127957245, "f32": 0.47770371161498304, "f33": 0.08224114765550838, "f34": -0.5708567008215664, "f35": 0.9865743649346567, "f36": -2.476319286600574, "f37": 0.50796217752105, "f38": -0.5546758249076126, "f39": -0.103388567680057, "f4": 2.038519626268735, "f40": 0.364570051620127, "f41": -2.767072432086729, "f42": -1.5422914003993016, "f43": 1.798827884941771, "f44": 0.9266104134798212, "f45": 1.1298822135879891, "f46": -0.6579707092281989, "f47": -0.7765499962398832, "f48": -0.749694580547092, "f49": 0.7592749861315572, "f5": 0.48027538580086093, "f50": -0.884962937715394, "f51": -0.758566466658464, "f52": -0.38033973613179506, "f53": 0.11433776892460035, "f54": 0.7061836813611776, "f55": 2.8486877325659523, "f6": 2.9287368801876594, "f7": -1.5202558345258461, "f8": -0.8245618096317696, "f9": -0.4315547176003047}, "datetime": {"datetime": "2023-02-03 20:51:00", "elapsed": 9276.91966, "delta": 51.209675}}
{"target": 0.13546826570222623, "params": {"f0": -0.46507979884722034, "f1": -0.7232199557722083, "f10": -0.2844491805592221, "f11": 0.20088837203678112, "f12": -1.9920880447192348, "f13": -1.6975830707257074, "f14": -1.9428183236788812, "f15": -1.5536264638739574, "f16": 1.392955934858303, "f17": 0.005131753361483415, "f18": -2.7233263827618996, "f19": -0.037962604565815905, "f2": 0.01789864098664906, "f20": 2.6824690623239675, "f21": -0.4832959977793236, "f22": -1.6652468518533825, "f23": 0.021851993195150132, "f24": -0.6693179239186926, "f25": -0.13916059634734812, "f26": -0.4865574154244277, "f27": -1.3066694947341226, "f28": -0.04258365170417938, "f29": 2.6626682912736768, "f3": 1.7096636569788526, "f30": 0.5400370396886613, "f31": 2.601073361761599, "f32": -0.006100974859933772, "f33": 0.6823139954051277, "f34": -0.16079656460410696, "f35": 0.646464911316372, "f36": -1.4163198403884825, "f37": -0.3187268661758951, "f38": -0.5963493059866947, "f39": -0.4689624495767266, "f4": 2.6413484365257482, "f40": 1.2408536616586499, "f41": -2.3356698531616087, "f42": -1.3597175981280398, "f43": 2.5767035131946066, "f44": 0.9045548972846691, "f45": 0.9779965792914638, "f46": -0.9857651475742721, "f47": 0.756854727706129, "f48": -0.7071116645818716, "f49": 0.19183337491611696, "f5": 1.4084264284219952, "f50": -0.4215206907402308, "f51": -1.596970767493059, "f52": -0.7758883101703391, "f53": -0.5942040291774573, "f54": 0.2836323817365437, "f55": 2.7712573053423744, "f6": 2.0572738001636854, "f7": -1.5477037746440034, "f8": 0.7000341641122289, "f9": -0.8476539830488883}, "datetime": {"datetime": "2023-02-03 20:51:40", "elapsed": 9317.856531, "delta": 40.936871}}
{"target": 0.22349078188006896, "params": {"f0": 0.021467291551892198, "f1": 0.1668939598079986, "f10": -0.7117581886525164, "f11": 0.28661973031662846, "f12": -1.2009240595188693, "f13": -2.068559050888475, "f14": -0.9785511785796579, "f15": -1.5626589212982556, "f16": 1.505249697921173, "f17": 0.8587568814360844, "f18": -2.4083630323279897, "f19": -0.4023997514724895, "f2": 1.4967039210319364, "f20": 0.3708379567425936, "f21": -0.34091073409405337, "f22": -1.467089498172979, "f23": 1.388771762535692, "f24": -1.5316601935741094, "f25": -1.3082702697919861, "f26": -0.48439727648608666, "f27": -0.7409519056702618, "f28": 0.23302565317607704, "f29": 2.270821369651775, "f3": 2.8794162382202946, "f30": 0.8399075016190034, "f31": 2.0706384848671817, "f32": -0.003048541150937445, "f33": 0.25065530892018095, "f34": -1.6548341446370896, "f35": 0.5336291024369487, "f36": -0.6697137606380839, "f37": 0.9876219025686567, "f38": 0.6130225901824136, "f39": -1.739647454149477, "f4": 2.060576054055971, "f40": 1.393514997037287, "f41": -2.4714903287394083, "f42": -1.290061250881432, "f43": 0.7873463010598578, "f44": -0.09045196748759399, "f45": 1.1117106782089423, "f46": 0.5401927234365533, "f47": 0.06584034529332916, "f48": -0.9928577347591571, "f49": -0.35847742273228933, "f5": 1.9595884608393757, "f50": 0.22089219176170416, "f51": -2.5529569113341015, "f52": -0.4902043728840142, "f53": -1.9410705436593152, "f54": 0.46285155079044593, "f55": 2.3686893532773454, "f6": 2.6796520029044815, "f7": -0.2889239252382674, "f8": -0.037980697104662786, "f9": -1.8311381341358284}, "datetime": {"datetime": "2023-02-03 20:52:27", "elapsed": 9364.801091, "delta": 46.94456}}
{"target": 0.23727295292665443, "params": {"f0": 0.41817889444158396, "f1": -0.7554064352213724, "f10": -0.3724533844446537, "f11": 0.2953308978104301, "f12": -2.180892923822948, "f13": -2.5301632901958575, "f14": -1.8819153267235151, "f15": -2.02078458885778, "f16": 0.789275593782802, "f17": 0.9414957179460504, "f18": -2.7802451847043304, "f19": 0.5986004125464373, "f2": 1.5021817791749579, "f20": 2.2175925588923793, "f21": -0.9019929946775579, "f22": -2.0172264024577893, "f23": 1.2125354029097783, "f24": -2.0076501005497187, "f25": -0.09600013272254238, "f26": 0.6425851072523701, "f27": -1.2738939554927626, "f28": 1.2416151775746642, "f29": 2.309675349826541, "f3": 2.9182950627404787, "f30": 1.6170029010361642, "f31": 1.713938929396351, "f32": 0.338939716538463, "f33": -0.39999721339742544, "f34": -0.195505397356442, "f35": 1.156848226144338, "f36": -1.9923586145237082, "f37": 0.05756837871711018, "f38": -0.3393044338420843, "f39": -1.3758864209154198, "f4": 2.1403928536554266, "f40": 1.24286356958517, "f41": -1.9204264883441267, "f42": -1.0235958027302456, "f43": 1.5025953691240428, "f44": -0.1829146214537558, "f45": 1.7270739035967306, "f46": -1.0500748045093051, "f47": -0.09305936545567273, "f48": -0.30701560315382426, "f49": -0.1800291555808166, "f5": 2.498992015029319, "f50": 0.25377033425996287, "f51": -2.3934046859122198, "f52": -0.5261950945412956, "f53": -1.758949860128618, "f54": -0.29930980690390063, "f55": 2.7700823564245094, "f6": 2.003438028114414, "f7": -1.3115907341463948, "f8": -0.25694000768728875, "f9": -2.7594205319307297}, "datetime": {"datetime": "2023-02-03 20:53:13", "elapsed": 9410.750334, "delta": 45.949243}}
{"target": 0.19247234250093215, "params": {"f0": -0.06402836961318847, "f1": -0.3528642515014925, "f10": -0.7247880883044008, "f11": -0.6096881534980825, "f12": -2.7062580204420312, "f13": -1.2541717947718896, "f14": 0.002706786935226635, "f15": -0.4657738376471321, "f16": 1.2048509446080613, "f17": 0.6890989612247812, "f18": -1.7521989496901331, "f19": 0.6499835952498825, "f2": 0.483612662516996, "f20": 1.7972608291716492, "f21": -0.07474584596140232, "f22": -1.4909471053904038, "f23": 1.3581642102517486, "f24": -0.5247863332208982, "f25": -0.8881830068240798, "f26": -0.17808444679163826, "f27": -0.7373492929704105, "f28": 1.4843228106013049, "f29": 1.9353763904541124, "f3": 2.6982882270947046, "f30": 0.9786068821141982, "f31": 2.268449556040205, "f32": -0.25067169450742055, "f33": 0.3260397485402199, "f34": 0.14050874247543188, "f35": 0.14574782441966927, "f36": -1.2754388922909012, "f37": 0.7321140113954251, "f38": -0.9542311829367062, "f39": -1.382285701004183, "f4": 2.6184702191872393, "f40": 1.411190970334566, "f41": -1.9427534271381774, "f42": -1.557904959803513, "f43": 0.980575565511442, "f44": 0.48372601211840816, "f45": 0.5105258252736588, "f46": -0.8224047571731672, "f47": -0.8255975252373821, "f48": -0.20867347816507653, "f49": 0.148883183548002, "f5": 1.4518980323616175, "f50": 0.7221907219889465, "f51": -2.7940945267126858, "f52": 0.4726930215169318, "f53": -0.9276542917799679, "f54": 0.19390229486144905, "f55": 2.8490438139532226, "f6": 2.117356114883152, "f7": -0.6428750175619746, "f8": -0.02217432058960922, "f9": -2.4936335488207515}, "datetime": {"datetime": "2023-02-03 20:54:28", "elapsed": 9485.701632, "delta": 74.951298}}
{"target": 0.4029234520986521, "params": {"f0": -0.34596705554359375, "f1": -0.26039258354683015, "f10": -0.18401196899166672, "f11": 0.18340077504532604, "f12": -2.3739842062964134, "f13": -0.8971630547027285, "f14": -0.3358355844935008, "f15": -1.236745831198602, "f16": 0.2056323395029394, "f17": -0.12382141539926161, "f18": -2.700343048710328, "f19": 0.40428405903485753, "f2": -0.13814785990195352, "f20": 2.1412860782889696, "f21": -0.8481016570005396, "f22": -1.9946523796989701, "f23": 1.3552298669873515, "f24": -0.15358294569996644, "f25": -0.8881162973422768, "f26": 0.7347018926312916, "f27": -0.07296188990041474, "f28": 1.8185580176477059, "f29": 1.9529883955783207, "f3": 1.3318620059152426, "f30": 0.8806777480282741, "f31": 2.057753889204718, "f32": 0.14505363372128888, "f33": 0.34150130968153036, "f34": -1.992564885013113, "f35": 0.9911824156683452, "f36": -1.8545244992544352, "f37": 0.8121049367922634, "f38": 0.1560302622850347, "f39": 0.07148684878297229, "f4": 1.9221908692751883, "f40": 1.4734253130034607, "f41": -1.6157412394835575, "f42": -0.4733695240577127, "f43": 1.4530491590908614, "f44": -0.07139178926167633, "f45": 1.349499687795861, "f46": 0.5046618368345137, "f47": -0.46827567784405644, "f48": -0.4114581039288414, "f49": 0.6896267145541648, "f5": 1.3298171791048186, "f50": 0.40696150150401533, "f51": -1.617223766426069, "f52": -1.029440103970579, "f53": -1.2870578350928321, "f54": 0.15187595253674102, "f55": 2.731854138709554, "f6": 2.099913814381412, "f7": -0.6655352898473472, "f8": 0.07301443836817356, "f9": -1.12957988445659}, "datetime": {"datetime": "2023-02-03 20:55:19", "elapsed": 9536.819494, "delta": 51.117862}}
{"target": 0.21154310961170922, "params": {"f0": -0.4884798651156428, "f1": -0.33107131746425894, "f10": -0.21626728336299228, "f11": 0.6850456138046137, "f12": -1.3238581617497756, "f13": -1.4396712442689057, "f14": -1.9957122128336777, "f15": -1.482371065490129, "f16": -0.0021587868391999, "f17": -0.27672380300055804, "f18": -2.9317349402049317, "f19": -0.6273378683662665, "f2": 1.8467491606410786, "f20": 1.6020010886601432, "f21": -0.6355642647587478, "f22": -0.39313767423054546, "f23": 0.6911548100394014, "f24": -0.8773286526590665, "f25": -1.1670790204004156, "f26": 0.9232096297543662, "f27": -1.2536281608058206, "f28": 0.8490740768009432, "f29": 2.8669877354039635, "f3": 2.6035421241844943, "f30": 0.5034474250778972, "f31": 1.4335493840421214, "f32": 0.473348539393981, "f33": -0.10475501133489473, "f34": -0.7873709927749935, "f35": 0.17253394589870896, "f36": -2.7460388042067656, "f37": 1.1229178786300396, "f38": -1.0224733622349496, "f39": -1.249509080545399, "f4": 2.3679369028286295, "f40": 1.5069065403460074, "f41": -0.5607456807129503, "f42": -0.12467401080507923, "f43": 1.0885289502872828, "f44": -0.5017170341442032, "f45": 1.1018437237612937, "f46": -0.3009428170434775, "f47": 0.2196149881491929, "f48": -0.0021872224554388975, "f49": 0.600616611165897, "f5": 1.1031822551701578, "f50": -0.23831688748624336, "f51": -0.16229667798181246, "f52": -0.762874677389861, "f53": -0.9521884776796279, "f54": 0.5220760408071118, "f55": 2.5747440294532726, "f6": 2.2969269941920207, "f7": -1.3743475586259555, "f8": 0.09171337058045315, "f9": -1.874474159395461}, "datetime": {"datetime": "2023-02-03 20:56:01", "elapsed": 9578.208705, "delta": 41.389211}}
{"target": 0.067414380440854, "params": {"f0": -0.3255116561869761, "f1": 0.3582472798985955, "f10": 0.5982596312147624, "f11": -0.4653925344143098, "f12": -2.075034094713258, "f13": -1.2191062523938627, "f14": -0.8122519296290194, "f15": -1.7214588180434889, "f16": 0.6862546859885418, "f17": 1.4820463223834284, "f18": -1.8861152326780564, "f19": -0.4148257383648774, "f2": 0.9422945814878305, "f20": 2.192048544283632, "f21": 0.7963282183860223, "f22": -1.9132096486639478, "f23": 0.13481382986452262, "f24": -0.8705729616805014, "f25": -1.1064791817675277, "f26": 0.9919391140231879, "f27": -1.0321941761861242, "f28": -0.04573273232988875, "f29": 2.9015695721821926, "f3": 2.9277398488429887, "f30": 0.2932408573552364, "f31": 1.950639632185581, "f32": 0.12653628151583118, "f33": 0.6269858989194771, "f34": -1.8527716954625746, "f35": 1.0344238491224835, "f36": -1.067609540032128, "f37": 0.4462840663089598, "f38": -0.4215569384213229, "f39": -0.7663582209935351, "f4": 1.7356944025987708, "f40": 1.2459754176748203, "f41": -0.15403177853077743, "f42": -2.1427036984660117, "f43": 1.316088029473199, "f44": 0.6570623189186937, "f45": 1.047579780993828, "f46": -0.06286687897761678, "f47": 0.10668503886740788, "f48": -0.5653488518306826, "f49": 0.717773943506598, "f5": 1.042307384392024, "f50": -0.6408436205524717, "f51": -2.0933299647130497, "f52": -0.8849806210376489, "f53": -2.535512043265876, "f54": 0.025823918463470208, "f55": 2.786461484738708, "f6": 1.437319065265174, "f7": -1.4954402538464453, "f8": -0.2750466153400606, "f9": -1.3205975710183062}, "datetime": {"datetime": "2023-02-03 20:56:02", "elapsed": 9579.645387, "delta": 1.436682}}
{"target": 0.5594721724433328, "params": {"f0": 0.14134143162322943, "f1": 0.8177943742376445, "f10": 0.678447660443274, "f11": 0.5087207010826034, "f12": -1.82735648009763, "f13": -1.8713274633001535, "f14": -1.1139078018437782, "f15": 0.17124356140555985, "f16": 1.9180783394589815, "f17": -0.20968741251870165, "f18": -2.6290370056513623, "f19": -0.2558975399162009, "f2": 1.2173816261273598, "f20": 2.154371780047174, "f21": -0.18317345799737994, "f22": -1.4245757692328342, "f23": 0.9450595364509561, "f24": -1.5306719894568053, "f25": -0.17888321033637955, "f26": 0.09121980618075798, "f27": 0.23873104413017532, "f28": 1.8807577229743022, "f29": 2.3789707179965482, "f3": 2.9695141319069807, "f30": -0.4678216808757209, "f31": 1.8388877645396022, "f32": -0.46862470999060285, "f33": 0.6077192560255048, "f34": -1.4629754038157405, "f35": 1.446467568634958, "f36": -1.1369661805806535, "f37": 0.5717403791237353, "f38": 0.12735588752002092, "f39": -0.6014717515880221, "f4": 2.4963841429567664, "f40": 0.18575924091573126, "f41": -1.1858473711559805, "f42": -2.0533469711075583, "f43": 1.7868608796940542, "f44": 0.4489988828597469, "f45": 1.5534681479946797, "f46": -0.13524612278362969, "f47": -0.050673756450335894, "f48": -0.9706696936938982, "f49": 0.25456667748671524, "f5": 1.209133035030735, "f50": -0.3113460131754133, "f51": 0.11524359931009132, "f52": -1.0416888668170405, "f53": -0.7223177225744322, "f54": 0.16179259984032368, "f55": 0.8166218619037895, "f6": 2.116350123345443, "f7": -0.3056441292615153, "f8": 0.4075490225704409, "f9": -1.8286032053143442}, "datetime": {"datetime": "2023-02-03 20:56:35", "elapsed": 9612.482262, "delta": 32.836875}}
{"target": 0.3404816018472698, "params": {"f0": 0.9489305418102637, "f1": 0.2828449953526285, "f10": 0.8434666939985928, "f11": 0.5931636455814207, "f12": -2.46705769670855, "f13": -1.93639744151902, "f14": -1.655088992156127, "f15": 0.016335813133593557, "f16": 0.6602087644816583, "f17": 1.5633559425164467, "f18": -2.1083849821238907, "f19": -0.46446861478453494, "f2": -0.10336398126666713, "f20": 2.979680183329072, "f21": 0.5712754065327039, "f22": -1.9740809405381445, "f23": 1.5588200477123033, "f24": -0.5738195501340353, "f25": -0.7293890108684777, "f26": -0.04045553082482267, "f27": -1.3618063435268362, "f28": 0.23509875913966144, "f29": 2.7494831578316674, "f3": 2.282157314782868, "f30": 0.3453927888121181, "f31": 1.5242478462886822, "f32": 0.12296395724147013, "f33": -0.5159492345275105, "f34": -1.7929569208807563, "f35": 1.266526542614145, "f36": -0.32830311306819926, "f37": -0.09837550632723291, "f38": -0.24014089979535524, "f39": -0.623261179986792, "f4": 2.4581509257589347, "f40": 0.22801387056311861, "f41": -1.4315072936987254, "f42": -0.962049023559455, "f43": 2.265558962094998, "f44": 0.3894846715404956, "f45": 1.197536004366064, "f46": 0.35762197451001576, "f47": 0.3325968563355799, "f48": -0.8996042726253225, "f49": 0.7940110294021926, "f5": 0.010312942282158954, "f50": -0.4265820285609654, "f51": -2.061872523067198, "f52": 0.43198785460432565, "f53": -0.6154136850167955, "f54": -0.6329784996367044, "f55": 2.3869856973762333, "f6": 1.673510501624126, "f7": -0.8226687602999285, "f8": -0.020200467889883056, "f9": -2.301109892595035}, "datetime": {"datetime": "2023-02-03 20:58:00", "elapsed": 9697.046056, "delta": 84.563794}}
