{"target": 0.30950883632475945, "params": {"f0": 0.36786023739082513, "f1": 1.1845604010457984, "f10": -0.4219940384630162, "f11": -0.1508275159432746, "f12": -0.8302504855594909, "f13": -1.4618192438024367, "f14": -0.49880836056962496, "f15": -0.5736567491519962, "f16": 0.47772093113783975, "f17": -0.14481503429447296, "f18": -0.640928266249736, "f19": -0.8934328585897164, "f2": -0.05064211457786816, "f20": 1.583953164033213, "f21": 0.32512208193001024, "f22": -0.9981321158810541, "f23": 1.3092280406052315, "f24": -0.9276400938995272, "f25": -0.8168227867299548, "f26": 1.3857609450044732, "f27": 0.10763877827133961, "f28": 0.26870485714984454, "f29": 2.3075811751688056, "f3": 0.6034840474080072, "f30": 1.785101676928682, "f31": 0.9916712206962165, "f32": -0.06341646915289956, "f33": -0.1697144231275992, "f34": -1.4562822323785507, "f35": 0.8580264948825241, "f36": -0.02937268389051284, "f37": 0.41590317669573795, "f38": 0.3753323243046458, "f39": -2.2598510847090356, "f4": 1.6745485477344757, "f40": 0.7796626958496345, "f41": -0.47125746084235187, "f42": -2.1511155084384344, "f43": 0.30692730018022796, "f44": -0.24044642220864698, "f45": 0.8728400973837751, "f46": -0.018928180366914016, "f47": -0.8398158034247851, "f48": -0.5670420850892575, "f49": -0.07323927188580978, "f5": 2.236614300110419, "f50": -1.5427651667022184, "f51": -0.5541821974472038, "f52": -0.5532678032092008, "f53": -0.1957700165830042, "f54": 0.0032215503303065496, "f55": 2.4439361538259763, "f6": 0.7000877641997962, "f7": -0.4437095661652315, "f8": -0.5174752561855874, "f9": -2.20223139955967}, "datetime": {"datetime": "2023-02-04 02:22:46", "elapsed": 29183.311666, "delta": 52.014214}}
{"target": 0.26661662328356517, "params": {"f0": 0.4852391916397463, "f1": 0.5141539941137395, "f10": -0.9281014078657401, "f11": -0.5911986290597833, "f12": -0.7276518116811351, "f13": -0.8661761709570805, "f14": -0.7732852344262862, "f15": -0.6451444981247249, "f16": 0.19150560442224956, "f17": -0.07191386268751114, "f18": -1.2849147667583303, "f19": -0.9419795806659094, "f2": -0.036481736116371954, "f20": 2.398263960893137, "f21": 0.2679737335564407, "f22": -1.3300234520030634, "f23": 1.4858858122408387, "f24": -1.365782317780782, "f25": -0.9335105106961862, "f26": 0.43589184317233365, "f27": -0.05374835679872736, "f28": 1.5409870154708627, "f29": 0.9274938805655721, "f3": 2.969455084417092, "f30": 1.8279581336442556, "f31": 0.6288756537479252, "f32": -0.023104496607537883, "f33": -0.49774108655594307, "f34": -0.571237616006284, "f35": 0.5260854740829133, "f36": -0.42999928082362326, "f37": 0.3869045202697725, "f38": 0.030030092722656193, "f39": -1.6842907543779169, "f4": 1.1222259993457901, "f40": 0.8115312400810918, "f41": -1.9551464130893326, "f42": -1.9102755815782528, "f43": 0.8562045732089119, "f44": -0.46160410695892157, "f45": 1.1003310656412548, "f46": 0.01998578435727416, "f47": -1.2010715182549834, "f48": -1.5239986398273981, "f49": 0.4913580510798894, "f5": 1.8326585153025379, "f50": -1.6851245058458035, "f51": -0.8918304911210724, "f52": -1.3071143768733142, "f53": 0.3239192117185801, "f54": 0.3033304579078974, "f55": 1.16069362339015, "f6": 1.4142936049583097, "f7": 0.31515740639699097, "f8": -0.41560377628786616, "f9": -1.578673035611153}, "datetime": {"datetime": "2023-02-04 02:24:10", "elapsed": 29266.915981, "delta": 83.604315}}
{"target": 0.41457774476561315, "params": {"f0": 0.6086615220391498, "f1": 0.2800598207143869, "f10": -0.8629858095539086, "f11": -0.6472063966466779, "f12": -0.5361200352065797, "f13": -0.4696430695866227, "f14": -0.8967007435365406, "f15": -0.8991215349739596, "f16": 0.7748322235202498, "f17": 0.6139223354194705, "f18": -1.7290213509135621, "f19": -0.5828325144835018, "f2": -0.5855675388944228, "f20": 1.020753809797848, "f21": 0.4126666684305642, "f22": -1.7778041896360257, "f23": 0.9064525718200866, "f24": -1.2659880440833773, "f25": -1.0196923696047522, "f26": 1.2654861560498496, "f27": -0.029317537900679258, "f28": 0.3475017212452982, "f29": 2.1795327244373324, "f3": 2.182436912491481, "f30": 1.5062445674035798, "f31": 0.4427602019022776, "f32": -0.20942220025337666, "f33": -0.036608016645647945, "f34": -1.3262251149901028, "f35": 2.6134240438558964, "f36": -0.9430199514874559, "f37": 0.10086163757143346, "f38": 0.8041601229391938, "f39": -1.3179453634489369, "f4": 0.5513163159871998, "f40": 0.7785775094058276, "f41": -1.1223405748911002, "f42": -0.8401353814892882, "f43": 0.9693200823459013, "f44": 0.1437493861808572, "f45": 1.2864483050313433, "f46": 0.02937209488809034, "f47": -0.7339003627473326, "f48": -0.5632403156928958, "f49": 0.21084012987308245, "f5": 1.675497173424943, "f50": -1.2276006122761656, "f51": -0.6126516601901137, "f52": -0.5508966299874635, "f53": -0.025967714821253096, "f54": 0.2561792516665367, "f55": 3.003591023328965, "f6": 0.5014711667989116, "f7": -0.1960833996006623, "f8": -0.5169313735989856, "f9": -1.347637941582899}, "datetime": {"datetime": "2023-02-04 02:24:54", "elapsed": 29311.460824, "delta": 44.544843}}
{"target": 0.15688271996335082, "params": {"f0": 0.5394685575134506, "f1": 0.6017300045004684, "f10": -1.282215138593657, "f11": -0.25446182532884853, "f12": -0.3522714047351426, "f13": -1.1952179835385386, "f14": -1.070514129595879, "f15": -0.4680909054169946, "f16": 1.017266978720246, "f17": 0.4226258771405369, "f18": -1.6810546265346764, "f19": -0.6749490429542323, "f2": -0.7109787920590951, "f20": 1.9219520730677517, "f21": 0.1899264571756027, "f22": -2.2451901186314585, "f23": 1.8038713992685, "f24": -1.298332180359713, "f25": -0.30790308649020226, "f26": 1.352320101580838, "f27": -0.4771061706111596, "f28": 0.8386852363407464, "f29": 0.7857246614563709, "f3": 2.636091008794021, "f30": 0.6233734626200154, "f31": 0.3657359580853829, "f32": -0.017459220993904068, "f33": -0.6003354090750972, "f34": -1.3390736507413388, "f35": 0.9450865026181946, "f36": -0.7161457213875637, "f37": -0.03803093292205212, "f38": 0.8428411948469431, "f39": -1.9365220076042489, "f4": 0.8503955647242326, "f40": 0.10712378935268058, "f41": -2.1728904881643545, "f42": -2.5919456424100678, "f43": 0.6858113908255858, "f44": -0.37622127724871346, "f45": 0.3385823387040881, "f46": -0.4230152942481007, "f47": -0.35637682750441657, "f48": -0.741265163724653, "f49": 0.06323931091507021, "f5": 2.9860898978230486, "f50": -0.5117135487024556, "f51": -1.2618699530618613, "f52": -1.2561881285087348, "f53": 0.15550821355402572, "f54": -0.07723699928026542, "f55": 0.5786818773087707, "f6": 1.8945768565812326, "f7": 0.12238196773800358, "f8": -0.8461571501069433, "f9": -0.9942272627076791}, "datetime": {"datetime": "2023-02-04 02:26:25", "elapsed": 29402.242176, "delta": 90.781352}}
{"target": 0.13850419343464554, "params": {"f0": 0.8308042376662228, "f1": 0.7419279557550182, "f10": -0.448926647369581, "f11": -0.6322909399048718, "f12": -0.5692162061288054, "f13": -1.5315821009572859, "f14": -0.5499615622579456, "f15": -0.6043097025298926, "f16": 0.33951299312908634, "f17": 0.0030099648441298255, "f18": -1.8603170151702093, "f19": -0.5484484793942106, "f2": -0.8430754976071149, "f20": 2.6917588401791686, "f21": 0.40986802215632634, "f22": -2.3860090258535824, "f23": 1.03553099792778, "f24": -0.6054474658780655, "f25": -0.7200545919722499, "f26": 1.1552146396914844, "f27": -0.4194915370872853, "f28": 1.1223905864753339, "f29": 1.9402620474244945, "f3": 1.6556016191358343, "f30": 2.1186975661170044, "f31": 0.4491797387777883, "f32": -0.603613254943171, "f33": -0.8803917465042939, "f34": -2.0958456947931503, "f35": 0.7213803962647356, "f36": -0.23361992569616719, "f37": 0.28151374582456407, "f38": 0.2100501088495284, "f39": -0.6552840706786913, "f4": 2.4580321597512658, "f40": 0.9379500836965484, "f41": -0.4311125646803029, "f42": -2.5260636513457477, "f43": 0.5246051207713098, "f44": -0.3529370643328972, "f45": 0.7407948541296568, "f46": -0.7100836310224152, "f47": -0.8600208144199976, "f48": -1.4526046408569102, "f49": 0.6403763729527396, "f5": 2.6979860066065933, "f50": -1.220256176547628, "f51": -1.0402613054724485, "f52": -0.32970252542861744, "f53": 0.5344901735535588, "f54": 0.02916882670887383, "f55": 2.1455374350475767, "f6": 1.1769010525123567, "f7": 0.04814284190069612, "f8": -0.7429816750819975, "f9": -2.175649057681543}, "datetime": {"datetime": "2023-02-04 02:27:24", "elapsed": 29461.677013, "delta": 59.434837}}
{"target": 0.1736762428879259, "params": {"f0": 0.17650087333432957, "f1": 0.9229622216568798, "f10": -0.8837486257810778, "f11": -0.8737515958951418, "f12": -0.5402527528942714, "f13": -0.9943554727915864, "f14": -0.9006015601156211, "f15": -1.4916976255892174, "f16": 0.1517228665868972, "f17": 0.28964146747460395, "f18": -1.362863304717175, "f19": -0.8638859971061494, "f2": -0.4650906292454388, "f20": 0.9299996591042553, "f21": 0.6804273381000782, "f22": -2.1899871011537932, "f23": 1.5697783823183813, "f24": -1.7534348072075248, "f25": -0.5047692348993558, "f26": 0.5547528625162153, "f27": -0.08011027066610132, "f28": 1.262457065441629, "f29": 1.7341938711738774, "f3": 2.4863536571335514, "f30": 1.8981826926303413, "f31": 0.41070560830781533, "f32": -0.08907614157663901, "f33": -0.139131496147206, "f34": -0.5511972509275851, "f35": 1.3871511755940125, "f36": -0.44374852746692084, "f37": -0.15008893072399138, "f38": 0.8980058306767019, "f39": -1.7201601876839483, "f4": 1.2239492775122958, "f40": 1.0054231186511546, "f41": -1.4770386811476346, "f42": -1.854046751016472, "f43": 0.5538792037552172, "f44": -0.33505806156554174, "f45": 1.06864073092586, "f46": 0.1548655515026467, "f47": -0.28596085212779543, "f48": -1.4245620047116399, "f49": 0.5094579688636893, "f5": 1.9763204538766175, "f50": -1.1425625837384525, "f51": -1.1380281815669862, "f52": -1.347611315262923, "f53": 0.5316034055985256, "f54": 0.20910711020323258, "f55": 0.6695001316983575, "f6": 1.520682673149462, "f7": 0.11850891562869531, "f8": -0.6152587452801059, "f9": -1.0750918198496842}, "datetime": {"datetime": "2023-02-04 02:29:14", "elapsed": 29571.474512, "delta": 109.797499}}
{"target": 0.42955341370397865, "params": {"f0": 0.39096530137699553, "f1": 0.6481041269050603, "f10": -0.6167294706677507, "f11": -0.15660623012151587, "f12": -0.41367169851476504, "f13": -1.5348246242627992, "f14": -0.32448553945163505, "f15": -0.7123470172323185, "f16": 0.9194432860238886, "f17": 0.04013225156807579, "f18": -1.8551819870098907, "f19": -0.4546957292798104, "f2": -0.9140731837409011, "f20": 1.1212540798013324, "f21": 0.5744191678397084, "f22": -1.1213293491377314, "f23": 0.9833083225264339, "f24": -1.5887205207584558, "f25": -1.028843099032563, "f26": 0.5448789277933258, "f27": 0.15693837646138886, "f28": 1.4599443291087317, "f29": 0.759972724646033, "f3": 2.5533925112732283, "f30": 2.0907408343678013, "f31": 0.765829055545694, "f32": -0.23749590895928518, "f33": -0.33550773399909384, "f34": -1.6677649180042478, "f35": 2.4364280155895335, "f36": -0.7007562833567276, "f37": 0.3759217773377829, "f38": 0.676825177361863, "f39": -0.48408950056781497, "f4": 1.19741793233132, "f40": 0.6868703111494382, "f41": -0.698643004699087, "f42": -0.5406013393017401, "f43": 1.1517634703994133, "f44": -0.43385414963914837, "f45": 0.38921971901628455, "f46": 0.10592459097073337, "f47": -0.6064358182226512, "f48": -1.3076376619560601, "f49": 0.12041852306884546, "f5": 2.8788445975733827, "f50": -1.3773721528965623, "f51": -1.15314175461592, "f52": -0.9421474023350384, "f53": 0.11857294872582741, "f54": 0.5005744389854329, "f55": 1.1887328262669166, "f6": 1.9709347633578294, "f7": -0.24014721222128496, "f8": -0.3554857594860301, "f9": -1.1954528999869098}, "datetime": {"datetime": "2023-02-04 02:30:37", "elapsed": 29654.38547, "delta": 82.910958}}
{"target": 0.19390704563652325, "params": {"f0": 0.7534616425384928, "f1": 0.9003301005981295, "f10": -1.1059028643735798, "f11": -0.10779064971391483, "f12": -0.49499786459694894, "f13": -1.0350590484515165, "f14": -0.9261615518681273, "f15": -0.8007143340044766, "f16": 0.7027621198455537, "f17": 0.42219931364022545, "f18": -1.0818797245811693, "f19": -0.6790335501546532, "f2": -0.5098191902920901, "f20": 2.212081750514352, "f21": 0.36328248215171, "f22": -1.0592846194010261, "f23": 1.1588931242334988, "f24": -1.1410790344648147, "f25": -0.9186085480368406, "f26": 1.3639769642749224, "f27": -0.5499254412897878, "f28": 0.9270118314913423, "f29": 1.1968860906693883, "f3": 1.6995711928289372, "f30": 1.337970868243517, "f31": 1.1387457537349603, "f32": 0.038015104880878225, "f33": -0.17901250051835838, "f34": -1.269587176625613, "f35": 0.7093169210061816, "f36": -0.11870005901826519, "f37": 0.47685762190066056, "f38": 0.8184687351504443, "f39": -0.6413965018560688, "f4": 1.5725461541995192, "f40": 0.7021318330490344, "f41": -1.7876325780592133, "f42": -1.5845506502641271, "f43": 0.5742432847818869, "f44": 0.052503233212072786, "f45": 0.34046002955160054, "f46": -0.07707278275151364, "f47": -1.0863767223612835, "f48": -1.61103891977199, "f49": 0.3419397957377717, "f5": 1.3018153706141242, "f50": -1.3164131287627558, "f51": -1.012844474818042, "f52": -0.45580305943291255, "f53": -0.07832435717688471, "f54": 0.3498183402410725, "f55": 1.691371198782644, "f6": 1.8761431278389293, "f7": -0.2348310375307002, "f8": -0.671243671943798, "f9": -1.9014903184755243}, "datetime": {"datetime": "2023-02-04 02:31:57", "elapsed": 29733.973504, "delta": 79.588034}}
{"target": 0.7477014226170251, "params": {"f0": 0.33814182919832864, "f1": 1.4068009890464752, "f10": -0.2570199559942119, "f11": -0.6154079461243078, "f12": -0.2824971850104858, "f13": -1.016780062084588, "f14": -0.42011465198583586, "f15": -0.7288841726928209, "f16": 0.33150201263519685, "f17": 0.5165648416281414, "f18": -1.3871180763519337, "f19": -1.3713670866601284, "f2": -0.9579217786320828, "f20": 2.7557648438949007, "f21": 0.4830812637999965, "f22": -1.1518053314131662, "f23": 1.7565320120341958, "f24": -1.23636966680386, "f25": -0.8003931785540606, "f26": 0.5438584177169634, "f27": -0.2697990491239017, "f28": 0.3859251616884302, "f29": 0.717448182626217, "f3": 2.5455969714193047, "f30": 1.1707907443888097, "f31": 1.1874186113589218, "f32": -0.7015238665259357, "f33": -0.46332182494429397, "f34": -0.8349181647470441, "f35": 0.8874621930187601, "f36": -0.31168055656932403, "f37": 0.48898964660178285, "f38": 0.07129814707802021, "f39": -1.1232417226185405, "f4": 2.015488576609415, "f40": 0.8823833412864838, "f41": -1.7172546145218441, "f42": -2.4531716062413556, "f43": 0.5172724496380741, "f44": 0.2508933647926039, "f45": 0.5016201425991735, "f46": -0.25521046735433367, "f47": -0.8363281071417685, "f48": -0.7849239735369066, "f49": 0.03474410801829185, "f5": 2.369085271974035, "f50": -1.464590737058637, "f51": -0.46836112605095837, "f52": -0.5606517115377939, "f53": 0.5230188756479327, "f54": -0.10948463805676206, "f55": 0.5476642028788493, "f6": 0.5919779141756129, "f7": 0.15564968640024196, "f8": -0.7907343996497721, "f9": -1.1385316823443379}, "datetime": {"datetime": "2023-02-04 02:33:36", "elapsed": 29833.840922, "delta": 99.867418}}
{"target": 0.49532713378888255, "params": {"f0": 0.47641973354312844, "f1": 1.2881380412502454, "f10": -0.31872775941588505, "f11": -0.5441039523196548, "f12": -0.9738136718822307, "f13": -0.8571868436122722, "f14": -1.2396512250203706, "f15": -0.439565345345303, "f16": 0.6143253998127393, "f17": 0.01647056887506139, "f18": -1.0733413848432338, "f19": -0.5740665827207458, "f2": -0.4141060601723303, "f20": 2.3084985414401284, "f21": -0.013504182528387521, "f22": -0.7798533309033, "f23": 0.9349016757616215, "f24": -1.0217968739988619, "f25": -0.5721022495158906, "f26": 1.1340618810259464, "f27": -0.024793149743594922, "f28": 1.0182740334563654, "f29": 0.5322524135675388, "f3": 0.6349468052044895, "f30": 1.667279732367216, "f31": 0.2996153447103736, "f32": -0.25294844049312337, "f33": -0.5182638519716622, "f34": -0.6363969668029992, "f35": 1.742578893966501, "f36": -0.10079717825715029, "f37": 0.02321289820550565, "f38": 0.05801060337922251, "f39": -1.8722309928601684, "f4": 1.8290309024711349, "f40": 0.3609912780407868, "f41": -0.6168450200963289, "f42": -2.7925543982732757, "f43": 1.2888486448769334, "f44": -0.27420095073829953, "f45": 0.6544695037284332, "f46": -0.2852179100225876, "f47": -0.6515189244938088, "f48": -0.8350565827991645, "f49": 0.6085571309168905, "f5": 1.0824079010551655, "f50": -0.4115494344479611, "f51": -1.0116867692106815, "f52": -0.3411230525545417, "f53": 0.5693031825840366, "f54": 0.11016146827907333, "f55": 1.4396345381329794, "f6": 2.586525477360018, "f7": -0.34861939163133204, "f8": -0.4547541044388542, "f9": -1.550665410436118}, "datetime": {"datetime": "2023-02-04 02:35:08", "elapsed": 29925.154727, "delta": 91.313805}}
{"target": 0.24048909627124537, "params": {"f0": 0.22178879368788296, "f1": 0.431419191352255, "f10": -0.5280910796065266, "f11": -0.8624033898615859, "f12": -0.9580722447765145, "f13": -1.007244003106908, "f14": -1.4017186492262572, "f15": -0.6620388853866244, "f16": 0.7188541150450878, "f17": 0.07506078127766362, "f18": -1.112015566990287, "f19": -1.2299984353002151, "f2": -0.22165501559123912, "f20": 2.0963607855921245, "f21": 0.3366797831199786, "f22": -0.6538834910522109, "f23": 1.5197001359217752, "f24": -1.0385319429698834, "f25": -0.3445114176504317, "f26": 0.682858830287864, "f27": 0.004295004442614991, "f28": 1.0902545511796942, "f29": 1.4370537380744208, "f3": 2.598085724148088, "f30": 1.810225543977163, "f31": 1.2298696948631402, "f32": -0.40087170791845367, "f33": -0.2340046709416671, "f34": -1.3553315948324953, "f35": 0.7676533270676317, "f36": -0.13548771345864585, "f37": 0.06486506171748907, "f38": 0.8119419388064965, "f39": -1.9722972684738338, "f4": 1.5222071235917096, "f40": 0.718609082357007, "f41": -0.9567584661191513, "f42": -1.943527418065822, "f43": 0.9656313033629528, "f44": 0.02700877162969767, "f45": 1.264333259299416, "f46": -0.06464287280661529, "f47": -0.7467126974215148, "f48": -0.6776079427126822, "f49": 0.29988311221930736, "f5": 1.8659378435721499, "f50": -1.594522825681406, "f51": -1.3044170687734271, "f52": -0.657495078140542, "f53": 0.11309541101467724, "f54": 0.042546576452936635, "f55": 1.967471255618078, "f6": 1.077270442419423, "f7": -0.2775669330968048, "f8": -0.873859044904335, "f9": -1.7146191212536754}, "datetime": {"datetime": "2023-02-04 02:36:08", "elapsed": 29985.763505, "delta": 60.608778}}
{"target": 0.26356058425564605, "params": {"f0": 0.5314028929026308, "f1": 0.7271033177071422, "f10": -1.136200592547626, "f11": -0.062490749589174666, "f12": -0.44136961948891795, "f13": -1.0524275574233157, "f14": -0.6693257584808623, "f15": -0.5043835841255724, "f16": 0.6312525466352981, "f17": 0.5803802969829784, "f18": -1.1071073070546693, "f19": -1.0647578001706934, "f2": -0.7637500656610006, "f20": 1.2534307613122047, "f21": 0.3168361779921724, "f22": -2.0219141132287057, "f23": 1.8485175689688387, "f24": -1.326155843241301, "f25": -0.6516968045800857, "f26": 1.3982624737702896, "f27": -0.44509549653249886, "f28": 1.1375481441561164, "f29": 2.4494121463832084, "f3": 1.299825155350954, "f30": 1.7046443220393959, "f31": 0.8052206685940826, "f32": -0.058392036176802886, "f33": -0.8281382129511631, "f34": -0.8918276941356853, "f35": 1.0098231699612776, "f36": -0.5710906520155623, "f37": 0.2635711050199023, "f38": 0.25403618032664266, "f39": -1.915799976144695, "f4": 1.5993574649107243, "f40": 0.1879138808001319, "f41": -2.076512816987602, "f42": -2.295471330503844, "f43": 0.8348944327108463, "f44": -0.0992382659341482, "f45": 0.7850916466264932, "f46": -0.5904549984927245, "f47": -0.508667826092511, "f48": -1.1247287657040967, "f49": 0.5764171381864358, "f5": 2.69398601010142, "f50": -1.0616277827241234, "f51": -0.9435661082642567, "f52": -0.5200164095166855, "f53": 0.09980119299211332, "f54": -0.14103377350669294, "f55": 1.9409227784182133, "f6": 2.8928737335480923, "f7": 0.2198131377376042, "f8": -0.8880524111184414, "f9": -1.989528936038024}, "datetime": {"datetime": "2023-02-04 02:38:18", "elapsed": 30114.985468, "delta": 129.221963}}
{"target": 0.43133107074440485, "params": {"f0": 0.33717186800745896, "f1": 1.0829852088888028, "f10": -0.9328999928060929, "f11": -0.6712450788071199, "f12": -0.595756953678187, "f13": -1.0267469183258524, "f14": -1.0989033616459762, "f15": -0.406065836144881, "f16": 0.1736143741747852, "f17": 0.4925325690532633, "f18": -1.3086747362984448, "f19": -1.4475330534755797, "f2": -0.2972396846667601, "f20": 2.0156994959145216, "f21": 0.47822365625297597, "f22": -2.7990592796629667, "f23": 0.5137380293366685, "f24": -1.4796863405620055, "f25": -0.8625959815184554, "f26": 0.49812252597030915, "f27": -0.016239704349365836, "f28": 0.7256967660224853, "f29": 1.0955126823885908, "f3": 1.5793596419680913, "f30": 1.3058091882532488, "f31": 0.6470495599404127, "f32": -0.7161485140768709, "f33": -0.4953294596302295, "f34": -1.7935749718037424, "f35": 2.680196321458411, "f36": -0.3065444830546268, "f37": 0.253223435120884, "f38": 0.19051840893055, "f39": -1.5576771734332593, "f4": 3.013578456944769, "f40": 0.32540965860038296, "f41": -1.677622285921525, "f42": -2.4113167252036813, "f43": 0.41776241032314, "f44": 0.0181832544069066, "f45": 0.5133204755190497, "f46": -0.1831808069543811, "f47": -0.5352823508467834, "f48": -0.7450548053410504, "f49": 0.2083459251804829, "f5": 0.9735219468526455, "f50": -0.6952438008448156, "f51": -0.47393773283133644, "f52": -1.0695444792083724, "f53": 0.3089672111336216, "f54": 0.5061833230984357, "f55": 2.350282160152667, "f6": 1.571102563740534, "f7": 0.23485956096648525, "f8": -0.8042859044541724, "f9": -0.5623185947875999}, "datetime": {"datetime": "2023-02-04 02:39:29", "elapsed": 30186.689708, "delta": 71.70424}}
