{"target": 0.1994293535213104, "params": {"f0": 0.7496528017841153, "f1": 0.3505220475407458, "f10": -0.7831518597582465, "f11": 0.20121421603557743, "f12": -0.861230331767231, "f13": -2.11941999427328, "f14": -0.4822444180206631, "f15": -1.4271614259661358, "f16": 1.5571185721141196, "f17": 1.3606265896013483, "f18": -1.4147149779553965, "f19": -0.474069969851016, "f2": -0.006208487691704567, "f20": 1.5235436742284638, "f21": -0.3688382830036032, "f22": -1.7453443515606673, "f23": 0.7276044050146729, "f24": -1.4472099638104134, "f25": -1.6161499193739055, "f26": -0.07190468023092622, "f27": -0.07565102083152886, "f28": 1.2268306848587547, "f29": 2.43805413047151, "f3": 1.2096280601783032, "f30": 0.9605727566208927, "f31": 2.563293431838709, "f32": -0.4134672875998803, "f33": -0.9772057324048397, "f34": -1.0306565468526507, "f35": 0.8171815635634038, "f36": -2.418192362236971, "f37": -0.18429055129839322, "f38": -0.9130093113791026, "f39": -2.244861691397874, "f4": 1.731018737105766, "f40": 0.8517623791544355, "f41": -1.1137825229990965, "f42": -0.4685712981351302, "f43": -0.23727303956982715, "f44": 0.7701690980800828, "f45": 0.964590138879765, "f46": -1.1886105561162186, "f47": 0.47442935614722304, "f48": -0.07894668352746859, "f49": 0.519445870965871, "f5": -0.07919350045365925, "f50": 0.5231228442924081, "f51": 0.8734686391848041, "f52": 0.5814093358597952, "f53": -0.2960999346934168, "f54": -0.6849548317528373, "f55": 2.258746473022026, "f6": 2.6669925852980585, "f7": -1.9651341381393193, "f8": -0.554339801726091, "f9": -1.967186063024728}, "datetime": {"datetime": "2023-02-03 20:06:38", "elapsed": 6615.733972, "delta": 69.37054}}
{"target": 0.6720259887680086, "params": {"f0": -0.5811410609285642, "f1": 0.4826275746985422, "f10": -0.029642546429873295, "f11": -0.8205340257359985, "f12": -0.321161891348857, "f13": -0.4031472289788627, "f14": -0.9050725297028119, "f15": -2.092085918213098, "f16": 0.7924995090377019, "f17": 0.3258548784409805, "f18": -1.9170774744999957, "f19": -0.36493493259119325, "f2": -0.12166848585910262, "f20": 2.0404732257405453, "f21": -0.3548565624168798, "f22": -2.4583734892106923, "f23": 2.2893651521813694, "f24": -2.1146487500651947, "f25": 0.8590949487597648, "f26": -0.02624835335561304, "f27": 0.08538781287188257, "f28": 2.030186360751705, "f29": 2.489082970652421, "f3": 1.8458439341058632, "f30": -0.37492763041708943, "f31": 2.840333874260197, "f32": 1.2944956940482248, "f33": 0.5193259022797458, "f34": -1.8315780449282575, "f35": 1.0292244944341062, "f36": -0.35621561345600883, "f37": 1.0669000004853793, "f38": 0.10338063862313485, "f39": -0.04328667388430629, "f4": 2.580697670165165, "f40": -0.7746517976649443, "f41": -1.8672414468140692, "f42": -1.8138072586702396, "f43": -0.05913270379889468, "f44": 1.0923108307410778, "f45": 1.3623695453536575, "f46": -0.29135050471939716, "f47": 0.2683827821400633, "f48": -0.35941980076901414, "f49": 0.9626661147900663, "f5": 0.6608446503930182, "f50": 0.2776251991199239, "f51": -1.3574950342475791, "f52": 0.271691283516734, "f53": 0.47332902730448856, "f54": 0.32254260990144457, "f55": 2.195753469709209, "f6": -0.22985484978448, "f7": -2.603848285921801, "f8": -0.21253341823981886, "f9": -1.0953268161339023}, "datetime": {"datetime": "2023-02-03 20:07:50", "elapsed": 6687.750086, "delta": 72.016114}}
{"target": 0.2187041445845681, "params": {"f0": -0.21001488476713726, "f1": 0.6201732662167505, "f10": -0.49057029908350447, "f11": 0.5586878823862187, "f12": -2.7365162997769703, "f13": -1.1659243814789466, "f14": -0.4847983132147089, "f15": -0.35892786253342157, "f16": 2.6072609959637023, "f17": 0.9497564566080063, "f18": -2.8495487839681366, "f19": 0.6069004208552091, "f2": 0.7501874488254682, "f20": 2.793307813201491, "f21": 1.1247307649663214, "f22": -1.5545012542481815, "f23": -0.0853166861697886, "f24": 0.1324802336061297, "f25": 0.24766349199503512, "f26": -0.610114223344014, "f27": 0.22911012865688196, "f28": 0.833133024370215, "f29": 2.8928381662350517, "f3": 2.57990478511286, "f30": -0.0872272310959743, "f31": 2.1644810227152336, "f32": 0.573937305634314, "f33": -0.7217245422930386, "f34": -2.1415942900398006, "f35": 0.7859161425360154, "f36": -0.2772263625749303, "f37": 1.1304094059207088, "f38": -1.448052946169098, "f39": -0.8609459295853645, "f4": 0.11363674940652857, "f40": 0.3229053583464978, "f41": -2.5985835035582694, "f42": -1.307551151570144, "f43": 1.220492990352314, "f44": 1.1835023926632144, "f45": 0.0019989184670329285, "f46": -0.45310344243896394, "f47": 0.3325738280790873, "f48": -1.6415587689098605, "f49": 0.21436074160516794, "f5": 2.2479076861960476, "f50": -1.252664296850554, "f51": -1.6990112151080055, "f52": -0.07748370485493528, "f53": -2.514553256657029, "f54": 1.1920790559655752, "f55": 1.0786067087939242, "f6": 1.8436179539434283, "f7": -2.617799712351426, "f8": 0.31551565587389274, "f9": -1.6862297809586222}, "datetime": {"datetime": "2023-02-03 20:08:20", "elapsed": 6717.463495, "delta": 29.713409}}
{"target": 0.1893901644983846, "params": {"f0": 1.083286071769686, "f1": -0.18215467651592476, "f10": 0.18093811304151974, "f11": 0.4152134492301658, "f12": -1.930946704464285, "f13": 0.17067977448681315, "f14": 0.12200800128967781, "f15": -1.1442462861813338, "f16": 1.449519950768023, "f17": 1.8002932246476766, "f18": -1.7531593475345444, "f19": 0.04279655784488745, "f2": 1.238177415705874, "f20": 1.7207397263829223, "f21": 0.10015544054835823, "f22": -1.4972583220851918, "f23": 0.36647602325086026, "f24": -1.1134051839138002, "f25": -1.3097044578783796, "f26": -0.32234373002787886, "f27": -0.8398597592633281, "f28": 1.1203744146217822, "f29": 2.2731367324851104, "f3": 1.987254310308153, "f30": 0.24222017019530429, "f31": 1.7770544559133574, "f32": 0.20455280106409357, "f33": -0.7725939434240893, "f34": 0.4508639496247113, "f35": 0.21354391528814276, "f36": -2.449729001416131, "f37": 0.3568498717306169, "f38": -0.5482996024963039, "f39": 0.4426945683667607, "f4": 1.6471458932487755, "f40": 0.6149146368944236, "f41": -1.8823498062785433, "f42": 0.7819645060196159, "f43": 0.507551765591039, "f44": 0.5152209893434192, "f45": 1.6063217549546667, "f46": -1.4108765659622127, "f47": 0.267273471110832, "f48": -1.7150732140825387, "f49": -0.6428555291957607, "f5": 2.4912880279564242, "f50": 0.8906614396791264, "f51": -0.914120591865978, "f52": -0.5864592696821367, "f53": -0.11515242692740957, "f54": 0.17323075670177568, "f55": 2.9897660735848137, "f6": 2.604080790319772, "f7": -1.2342068075258605, "f8": 0.48371001501798117, "f9": -1.2346578274899511}, "datetime": {"datetime": "2023-02-03 20:08:59", "elapsed": 6756.163545, "delta": 38.70005}}
{"target": 0.5283387433425091, "params": {"f0": -0.5297856682876345, "f1": 0.8357755780718361, "f10": -0.9962410113253533, "f11": -0.51914889455905, "f12": -0.13583353696563538, "f13": -0.4536529193949983, "f14": -1.5256099131097867, "f15": -1.261658043928369, "f16": -0.29486774321856773, "f17": 1.7395316471129376, "f18": -2.147727070788627, "f19": -1.0394013520722445, "f2": 1.7329210114055686, "f20": -0.2240211882354708, "f21": 0.1188693554907323, "f22": -2.212925953188106, "f23": 0.283328340569165, "f24": 0.4563965105405621, "f25": 0.7428782965431939, "f26": 0.5981372692170077, "f27": -0.7073311234564864, "f28": 1.2512460141312007, "f29": 2.8020674890770114, "f3": 2.8765684651524057, "f30": 0.30147570704167437, "f31": 1.3026658489547813, "f32": -0.34930560506557673, "f33": 0.0030940001480275203, "f34": -0.8599442547120184, "f35": 1.0012485915685496, "f36": -1.0941568344798422, "f37": 1.0218983491338651, "f38": -0.9193163420417512, "f39": 0.12574961085397351, "f4": 2.6721785597671297, "f40": 1.8448160276148693, "f41": -1.9689930921851375, "f42": 0.20647324565385095, "f43": 1.6281857686366648, "f44": 0.7499066079301433, "f45": 1.1549596062945913, "f46": 0.12590936728042568, "f47": 0.2950237487864107, "f48": -1.0826164688540851, "f49": 0.6502566802767303, "f5": -0.043968638370183055, "f50": -1.1599988697058232, "f51": -1.0143791695414097, "f52": -0.6393919714499356, "f53": -1.7121174838200504, "f54": 0.18468593383001508, "f55": 2.942282147819133, "f6": 2.02209305695994, "f7": -1.8368471050931878, "f8": 0.11339416881756126, "f9": -1.3353535207454164}, "datetime": {"datetime": "2023-02-03 20:10:14", "elapsed": 6831.634939, "delta": 75.471394}}
{"target": 0.30085819479435894, "params": {"f0": 0.2307625214175433, "f1": 0.41047912169830986, "f10": -0.03715623642440505, "f11": 0.11200443230827996, "f12": -1.6064780058593597, "f13": -1.3518417548477382, "f14": -0.9880546332064668, "f15": -0.8172287327080786, "f16": 1.0483712485994838, "f17": 0.6663452017595832, "f18": -3.00397807963047, "f19": -0.04467280123704611, "f2": 0.8324405177840337, "f20": 1.875437610339799, "f21": -0.09054952040108909, "f22": -1.6840817069774778, "f23": 0.715945529881802, "f24": -0.8665376524163492, "f25": -0.7220268874072521, "f26": 0.3731870691725167, "f27": -0.3399167189069387, "f28": 1.0904988443020347, "f29": 2.9098355543896353, "f3": 2.991017051039603, "f30": 0.8315641238187385, "f31": 1.2394333857457507, "f32": 0.10789344289271331, "f33": -0.11677988290466973, "f34": -0.942934318431506, "f35": 0.5525773192492544, "f36": -1.3736571908792612, "f37": 0.5950125958712802, "f38": -0.15178323493404644, "f39": -1.0059079406000953, "f4": 2.5435046401142616, "f40": 0.7196317145701423, "f41": -1.550257289777124, "f42": -0.9445859484239897, "f43": 1.2920524882586208, "f44": 0.326323722035285, "f45": 0.7907521489067911, "f46": -0.21482596569458592, "f47": 0.08149161673450495, "f48": -0.7110535217650167, "f49": 0.28617002093918564, "f5": 1.625377480826677, "f50": -0.18689588593147846, "f51": -1.541598176707684, "f52": -0.5426502655638389, "f53": -1.1464761589076315, "f54": -0.048785880577253096, "f55": 2.6336195850426125, "f6": 2.339983083024212, "f7": -1.50336644793446, "f8": -0.006773994588299668, "f9": -1.7632706090077104}, "datetime": {"datetime": "2023-02-03 20:11:01", "elapsed": 6878.700465, "delta": 47.065526}}
{"target": 0.2664660353602281, "params": {"f0": -0.32097010631133327, "f1": -0.42541034062865457, "f10": 0.9589946267023832, "f11": -0.032775587422196995, "f12": -1.1234592438282602, "f13": -1.2695245592632312, "f14": -2.4392716221624275, "f15": -0.09226702362099548, "f16": -0.4133599855087448, "f17": 0.09412894231022717, "f18": -2.8129297141573764, "f19": -0.8276148438591497, "f2": 1.6824872549260306, "f20": 1.925373582400328, "f21": -0.9570342875280372, "f22": -1.234566462162897, "f23": 0.36693915516387976, "f24": -1.445927761742087, "f25": -0.3241506359663999, "f26": -0.8345667105535236, "f27": -0.4507022591901819, "f28": 0.5970503381751705, "f29": 1.4054162563563777, "f3": 2.4047902203762024, "f30": 0.3318844312419099, "f31": 1.396346473428331, "f32": -0.22216554454586146, "f33": -0.3605473793526499, "f34": -1.2807796668366187, "f35": 1.3341688800933729, "f36": -2.315547131094766, "f37": -0.35943948232924705, "f38": 0.4172154369214536, "f39": 0.09008821409281831, "f4": 1.4649753037595965, "f40": -0.04375828695639483, "f41": -2.452506467656072, "f42": -1.1369206439088875, "f43": 2.3915011721180655, "f44": 1.2402735973182148, "f45": 0.7213313998238496, "f46": -0.8704359076166501, "f47": -0.107855239376621, "f48": 0.2905913259474082, "f49": 0.254904614106347, "f5": 2.3934007557730452, "f50": -0.7922919141650504, "f51": -2.160928539032448, "f52": -1.6877306298091257, "f53": -1.385634709132612, "f54": -0.15035155257127586, "f55": 2.336571003244271, "f6": 0.5299639601914262, "f7": -0.48803023284202496, "f8": -0.4862818326815058, "f9": -1.6066494627567272}, "datetime": {"datetime": "2023-02-03 20:11:56", "elapsed": 6932.985757, "delta": 54.285292}}
{"target": 0.3224719104820221, "params": {"f0": 1.3982351707140328, "f1": 0.006865666222642286, "f10": 0.40968710991792445, "f11": 0.02233498795286959, "f12": -2.1173650522262726, "f13": -1.797712293253906, "f14": -2.188227378934168, "f15": -0.4962072860953075, "f16": 0.26573795141062884, "f17": 0.44659800783971537, "f18": -2.0405220483699305, "f19": -0.7063448102572613, "f2": 0.1337620821646438, "f20": 0.9956030802750254, "f21": -0.5533993786201108, "f22": -2.2537379249386063, "f23": 0.1575060741479296, "f24": 0.2056859376652409, "f25": -1.8593655054194036, "f26": 0.5713239273915536, "f27": 0.21407731036562594, "f28": -0.04514651918920687, "f29": 2.987543996222701, "f3": 2.735151101508227, "f30": 2.0317318204813417, "f31": 2.4258812990028304, "f32": -0.09137179565924036, "f33": 0.537881704994581, "f34": -0.817220473412174, "f35": -0.6120982686779335, "f36": -2.943548549156672, "f37": 0.19047970208164922, "f38": -0.8652192472064838, "f39": -1.4246088993950932, "f4": 2.7418667076754284, "f40": -0.10729573042512874, "f41": -1.0525898583342432, "f42": -0.39691042259120035, "f43": 2.0736657789565753, "f44": -0.4196888006922208, "f45": 0.08737351784237224, "f46": -0.8753119950222177, "f47": -0.012419727178591078, "f48": 0.24836292852485808, "f49": 0.04549816720257005, "f5": 1.3270114936638042, "f50": 0.5352276066169277, "f51": -1.7592027082453034, "f52": -1.7285166030498027, "f53": -1.432777397568205, "f54": 1.225334935614105, "f55": 1.925362571871395, "f6": 2.2219244263399567, "f7": -1.8077231058462047, "f8": 0.4782643211318507, "f9": -1.5961625492635683}, "datetime": {"datetime": "2023-02-03 20:12:59", "elapsed": 6996.887, "delta": 63.901243}}
{"target": 0.26981401698524476, "params": {"f0": 0.05743424812501052, "f1": 0.7459643399814946, "f10": -0.37620922443650306, "f11": -0.8642856371971591, "f12": 0.020791495808829996, "f13": -1.2462103367074389, "f14": -0.04551042783799231, "f15": -1.6122197842800094, "f16": 1.0325623746003991, "f17": 1.1186486360926513, "f18": -2.4145270152702976, "f19": -0.7577395102059303, "f2": 0.10091357060427286, "f20": 1.4987428201087503, "f21": 0.5826013282677964, "f22": -2.2835320903607403, "f23": 1.0987599176794096, "f24": -0.3788947597592438, "f25": 0.5494996032129309, "f26": 0.39122263744767793, "f27": -0.40568200054020753, "f28": 0.9662614591555861, "f29": 2.278004621642404, "f3": 0.11094356269966044, "f30": 0.5456177252733939, "f31": 0.3681189390739915, "f32": 0.37483612880225214, "f33": 0.6644818928755538, "f34": -2.036357150465222, "f35": 1.1128298560071483, "f36": -0.29305554509206555, "f37": 0.3652664571381522, "f38": -0.7508338673219793, "f39": -1.513938254874465, "f4": 1.567395437828412, "f40": 0.18243777481365997, "f41": -1.7821755080440151, "f42": -1.6939526091631063, "f43": 0.3839996970264671, "f44": 1.222901823844893, "f45": 1.2352324659940406, "f46": -0.5016204474119119, "f47": 0.4709702249908234, "f48": -0.7305524464842952, "f49": 0.7102480811977138, "f5": 0.5487798438002424, "f50": 0.1075470573535462, "f51": 0.41500060989630283, "f52": -0.13581623155054068, "f53": -0.3296224091823312, "f54": 1.0443193062840168, "f55": 1.7620763132432038, "f6": 1.9024298367598789, "f7": -2.572598856013707, "f8": 0.8006796824746902, "f9": -1.8481136086569694}, "datetime": {"datetime": "2023-02-03 20:14:18", "elapsed": 7075.688111, "delta": 78.801111}}
{"target": 0.16251112438969195, "params": {"f0": 0.6249622531593558, "f1": 1.06925329530213, "f10": -0.4967393933976474, "f11": 0.5547987664619363, "f12": -2.8572224200960363, "f13": -2.6576551820796355, "f14": -1.8197803561599142, "f15": 0.5639397467032419, "f16": -0.1566776015955118, "f17": 1.8607440563711202, "f18": -1.433369060244315, "f19": 0.6434765289560556, "f2": 0.33675059911307004, "f20": 1.6123532836875873, "f21": -0.2754697659659323, "f22": -1.0646371142390305, "f23": 0.6811956909758504, "f24": 0.22424574020671173, "f25": -0.3116212950281134, "f26": -0.30334019696712833, "f27": -0.23052539367036773, "f28": -0.2356404098717852, "f29": 2.4238117581385525, "f3": 0.6974170298308316, "f30": 0.6930946573567519, "f31": 2.261642561465018, "f32": 0.3337433979201858, "f33": -1.1650524999766976, "f34": -0.7020819116677632, "f35": 0.8124417851065869, "f36": -1.9579290895385908, "f37": 0.4834105952228448, "f38": 0.9026149411549254, "f39": -0.4765390039507089, "f4": 1.235976951731613, "f40": -0.1360672045304222, "f41": -0.5182548810230481, "f42": -1.503194792109984, "f43": 0.1172614395080317, "f44": -0.2517441128608917, "f45": 2.040171338610922, "f46": -1.4170160115391417, "f47": 0.6233853158890132, "f48": -1.4631223502622572, "f49": 0.9631203941210923, "f5": 1.4118482419420855, "f50": -0.6231937105442477, "f51": -2.2106334626510993, "f52": -0.5969632786397661, "f53": -1.9758371714688903, "f54": -0.05121485177289342, "f55": 1.9098349197251352, "f6": 2.1527402589357743, "f7": 0.40949345498757417, "f8": -0.4101569612157898, "f9": -1.7846029846947804}, "datetime": {"datetime": "2023-02-03 20:15:04", "elapsed": 7121.546746, "delta": 45.858635}}
{"target": 0.1820628452798763, "params": {"f0": 1.06001116519389, "f1": 0.33753800282677715, "f10": -0.18823630724795637, "f11": -0.8692419831464716, "f12": -1.2093295411647018, "f13": -0.6877239286499521, "f14": -2.10237477277627, "f15": -1.9049811132917445, "f16": -0.35109892987735386, "f17": 0.814122281025123, "f18": -2.562194608935583, "f19": 0.49539420077845553, "f2": 0.2738966435050151, "f20": 0.9836008492064493, "f21": 0.956939811079559, "f22": -0.4821239410304625, "f23": 0.9417349003384449, "f24": -2.1387863962771307, "f25": 0.1602844284314977, "f26": 0.7187858592499003, "f27": 0.7899833123637501, "f28": 0.003857013484069971, "f29": 1.5590506044878758, "f3": 1.9137708079699354, "f30": 1.0213835132347069, "f31": 1.1682036089572723, "f32": 0.12416852361208863, "f33": -0.4590601353213337, "f34": -0.6344450597245515, "f35": 1.4359661041703982, "f36": -1.7518145085492198, "f37": 1.2552839786446537, "f38": -1.1894843886117985, "f39": -1.2977045616816139, "f4": 2.744187489480974, "f40": 1.7893138282892447, "f41": -0.3161403447316844, "f42": -0.18620887505401473, "f43": 2.1467185548323684, "f44": 0.34945535358752866, "f45": 0.5274677331636767, "f46": -0.3426615176253758, "f47": -0.2514776081803761, "f48": -1.4806769003671858, "f49": 0.458533703056646, "f5": 1.7690783307052653, "f50": -0.5473038407604104, "f51": -2.4077150977394863, "f52": 0.42858245444841336, "f53": -1.7110516084484684, "f54": 0.40426488872501487, "f55": 2.605942847102831, "f6": 1.13996757419755, "f7": -1.2112449469533322, "f8": -0.3502936163989724, "f9": -1.9769528280462318}, "datetime": {"datetime": "2023-02-03 20:16:22", "elapsed": 7199.832489, "delta": 78.285743}}
{"target": 0.36888469854431233, "params": {"f0": 0.6021866896100102, "f1": 0.5863140951918243, "f10": -0.017985789400297714, "f11": -0.06587405356060372, "f12": -2.41674046135581, "f13": -0.48557048767203437, "f14": -1.1238251937711579, "f15": -2.1696908630813914, "f16": 1.7326280155912128, "f17": 0.6410624440161863, "f18": -2.4365220883569183, "f19": -0.4675086133026395, "f2": -0.5120337966677962, "f20": 0.2855677918395798, "f21": 0.012612621363051746, "f22": -0.554330240905792, "f23": 1.4582745311564502, "f24": -1.9190752751488729, "f25": -0.08559349921116333, "f26": 0.9308265069451771, "f27": -0.1360727414224734, "f28": 0.26663584845778976, "f29": 2.701589223274979, "f3": 1.6126862113862432, "f30": 0.0693232552174986, "f31": 0.14980392681036592, "f32": -0.45911307073844754, "f33": 0.21822577762025985, "f34": -1.7137802323359634, "f35": -0.3514728572540251, "f36": -0.9612142650050157, "f37": 0.7242285342589166, "f38": -0.46729938865416376, "f39": -1.7527499053602194, "f4": 2.8749439018422946, "f40": 1.0088467359128304, "f41": -2.7488273925093885, "f42": -1.036235379607316, "f43": 1.2872448716684337, "f44": -0.02143252373471749, "f45": 0.98499817104346, "f46": -0.2717730701748555, "f47": 0.23706050321606975, "f48": -1.1321798202637297, "f49": 1.1473514343785594, "f5": -0.059572407058903654, "f50": -0.1791567064665318, "f51": -1.7766464039182663, "f52": -1.1911137269729588, "f53": -1.6768075183079967, "f54": -0.7256102317470636, "f55": 2.6093697138707306, "f6": 2.3810831165158164, "f7": -1.1257985107595556, "f8": 0.9469301829369217, "f9": -2.6501591113417047}, "datetime": {"datetime": "2023-02-03 20:17:26", "elapsed": 7263.137004, "delta": 63.304515}}
{"target": 0.19283495119942856, "params": {"f0": 1.3197632465045555, "f1": 0.126860717989839, "f10": 0.7787980835626827, "f11": 0.24073248842082395, "f12": -0.6838945732969499, "f13": -1.025511683267296, "f14": -1.7739730693867277, "f15": -1.589920093395992, "f16": 1.0897198534279369, "f17": 0.8890805744776751, "f18": -2.9872272126171446, "f19": 0.6519519176132778, "f2": -0.0923167831413646, "f20": 1.9977323957838014, "f21": 0.9587676508550691, "f22": -1.4286303006760874, "f23": 0.4224704179786022, "f24": -1.9915673083535717, "f25": 0.4839590604060038, "f26": 0.21809723052927743, "f27": -1.2677389577662257, "f28": -0.3314110447632613, "f29": 1.7362797126975869, "f3": 2.576273766845839, "f30": 1.0400516771733224, "f31": 1.8374086710321564, "f32": -1.0187093810056456, "f33": -0.8774902250456758, "f34": -0.46477005729834464, "f35": 0.966583966250384, "f36": -2.5716985452466035, "f37": 0.3013914336232707, "f38": -0.011763465814272234, "f39": -0.1419155591632597, "f4": 2.2138502665167064, "f40": 0.26984181249010675, "f41": -1.2957920667359477, "f42": -0.024695433330202743, "f43": 0.9165980456036257, "f44": 0.8809226300938462, "f45": 1.5783039542653192, "f46": -1.0804906958646703, "f47": 0.34415800734583923, "f48": -0.7266026682800883, "f49": 0.28604491923701836, "f5": 2.431288081587308, "f50": -0.5608806599404582, "f51": -2.0759566105787526, "f52": -0.8851573976174155, "f53": -1.6782753630037324, "f54": -0.24487252179564278, "f55": 2.6311891640331746, "f6": 2.297070489552812, "f7": -1.7298491122599295, "f8": 0.1914773117835049, "f9": -0.3059374502583685}, "datetime": {"datetime": "2023-02-03 20:18:01", "elapsed": 7298.850115, "delta": 35.713111}}
