{"target": 0.21205656833022776, "params": {"f0": 1.2113108601574591, "f1": 0.9782267867136705, "f10": -0.7351424255472038, "f11": 0.16147037316679969, "f12": -2.0905668099704453, "f13": -0.6438575450530792, "f14": -2.5990265164580566, "f15": -0.3919817159568937, "f16": 0.94287131762237, "f17": 1.3626869688842032, "f18": -2.311209460793092, "f19": 0.3933897810465399, "f2": 1.080265150233482, "f20": 1.7610095539381827, "f21": -0.6788505456776368, "f22": -0.7523083722922714, "f23": -0.12616769317139487, "f24": -1.5666840061470892, "f25": 0.1957628230561479, "f26": 0.08857880614073355, "f27": -0.3319158457300928, "f28": -0.44952990605359133, "f29": 1.5992513154627117, "f3": 2.817726578570454, "f30": -0.16987866681887964, "f31": 1.8091121586587913, "f32": 1.0426204552876732, "f33": 0.45962766420734, "f34": -1.165711961955074, "f35": 1.7839596090711165, "f36": 0.20850323921112945, "f37": 0.5457465965484083, "f38": -1.2730520844035789, "f39": 0.3454313241496303, "f4": 2.3225108170114153, "f40": 0.9747358035337494, "f41": 0.05282308801476754, "f42": 0.4148108488517033, "f43": 1.789891823693755, "f44": -0.01769209481369316, "f45": 2.2425434759138723, "f46": -0.44374984859179434, "f47": 0.25202272699756234, "f48": -1.9243185591656773, "f49": -0.4765314179531718, "f5": 0.21033124502721567, "f50": 0.8581612988197065, "f51": -2.097761841184437, "f52": 0.7811448904819156, "f53": -1.2616231430681963, "f54": 1.5330860353312576, "f55": 0.4970875679895095, "f6": 1.5770699856762582, "f7": -2.6163170410390175, "f8": 0.43245011154610236, "f9": -0.765948143697381}, "datetime": {"datetime": "2023-02-03 19:38:10", "elapsed": 4907.004219, "delta": 56.677961}}
{"target": 0.2767121664154513, "params": {"f0": 0.6317264070423101, "f1": -0.33073988263487075, "f10": -0.022302849530945634, "f11": -0.04638797054962818, "f12": -1.3905784455538979, "f13": -0.42391348087275915, "f14": -2.304643706336901, "f15": 0.7819317366312535, "f16": -1.0159667256942444, "f17": 0.14267172180889398, "f18": -1.796094941937806, "f19": -0.9316985728913024, "f2": -0.03710794701894804, "f20": 2.248665897535584, "f21": -0.9803141519107528, "f22": -2.9991451132822697, "f23": 0.6709286769681844, "f24": -0.4355912888561373, "f25": 0.9117325273349088, "f26": 0.47672224608992253, "f27": -0.034682787914810165, "f28": 2.8549549133060275, "f29": 1.8081375175176277, "f3": 2.5102533394790845, "f30": 1.5261571422335412, "f31": 2.937053162804107, "f32": 0.8955431731627168, "f33": 0.01608932309813138, "f34": -1.795934311626022, "f35": -0.9089510812037063, "f36": 0.1973228893164638, "f37": 0.9998592426168285, "f38": 0.7029604068206994, "f39": 0.7592075762828912, "f4": 2.1126279654647044, "f40": 0.01936969075781203, "f41": -0.9005422335180442, "f42": 0.02577760052154998, "f43": 1.8658188253005643, "f44": 1.308345928768313, "f45": 2.198529456223098, "f46": -0.6355735050455411, "f47": 1.3428040565442643, "f48": 0.6000658268178269, "f49": 0.4422813051251011, "f5": -0.3110245736586963, "f50": -0.5507870264154833, "f51": -1.1269354816813142, "f52": -1.877700325315769, "f53": -2.310099138249297, "f54": 0.6683519960838142, "f55": 1.6366052758033365, "f6": 0.0011722037360729631, "f7": -0.3782899433441118, "f8": 1.2636979133700028, "f9": -0.9754335381049093}, "datetime": {"datetime": "2023-02-03 19:39:26", "elapsed": 4983.016946, "delta": 76.012727}}
{"target": 0.6240243527420563, "params": {"f0": -0.39971022681130886, "f1": 1.047490940930656, "f10": -0.11008836286670111, "f11": -0.5880738273798858, "f12": -2.7877798849168047, "f13": -1.2487124075304967, "f14": -1.40847891352331, "f15": -1.3550591418008517, "f16": -0.4444888091289711, "f17": 0.5584358930450493, "f18": -3.00397807963047, "f19": 0.6176869959314154, "f2": 1.3486601049451508, "f20": 1.6092730617775075, "f21": -0.8134960251727477, "f22": -1.976169487469195, "f23": 0.220198524478942, "f24": -2.056152236876788, "f25": 0.024680294927144686, "f26": 1.4778966382793164, "f27": 0.32646949451825125, "f28": 0.5933976435062466, "f29": 0.6703368918610955, "f3": 2.792003869321266, "f30": 0.8384896261768955, "f31": 0.8255854560663812, "f32": 0.32499290058660457, "f33": 0.4998665018296169, "f34": -1.9489992119775432, "f35": 1.2230002720669564, "f36": -0.8247656728616677, "f37": 0.834054041999379, "f38": -0.8569914016157374, "f39": -0.631799454491198, "f4": 2.2901301386138817, "f40": 0.3457920164658096, "f41": -1.4457522146554007, "f42": -0.028563087074414857, "f43": 0.937221525860962, "f44": -0.36796859238797125, "f45": 1.0520008808950458, "f46": -0.35035395132555336, "f47": -0.9229290043420623, "f48": 0.02019808716594707, "f49": -0.7808332419685116, "f5": -0.4695688954122325, "f50": -0.21123324260123388, "f51": -2.5975625066470416, "f52": -0.23959278558940666, "f53": -2.7060751682172453, "f54": 0.751327988022189, "f55": 2.218816539330027, "f6": 1.590373368217471, "f7": -1.8061555901347845, "f8": 0.3908902779463913, "f9": -1.7061859157148054}, "datetime": {"datetime": "2023-02-03 19:39:28", "elapsed": 4985.676569, "delta": 2.659623}}
{"target": 0.24902389769137712, "params": {"f0": -0.7948976860235294, "f1": -0.2855240632103404, "f10": -0.85194927418041, "f11": 0.7113478167371214, "f12": 0.05448573363597342, "f13": -1.6854000280179162, "f14": -0.29148037632283774, "f15": -1.0457235455563687, "f16": 0.24884622576810234, "f17": -0.7389582282379317, "f18": -1.9906963975951337, "f19": 0.0713883266740638, "f2": -0.22005217363651175, "f20": 1.9960099080605156, "f21": -0.8643328266314074, "f22": -1.7070467348153109, "f23": 2.29289853475965, "f24": 0.30198642688947475, "f25": 1.217596320300585, "f26": -0.32748126610640904, "f27": -0.7125185335663993, "f28": 0.020840569263426145, "f29": 2.484803976710758, "f3": 2.874725275342845, "f30": 2.3535723133007878, "f31": 0.3150212543664963, "f32": -0.1760095783681337, "f33": 0.7472236285975888, "f34": -0.5190014848248046, "f35": 1.9742169458884358, "f36": -1.6692599703158215, "f37": 1.033927871288683, "f38": -1.572929461716644, "f39": -1.8413059483526284, "f4": 0.018065045868927987, "f40": 1.713268945218209, "f41": -2.812083524209271, "f42": 1.0735491629927543, "f43": 1.781615648288441, "f44": -0.12292605423871095, "f45": 1.1926331866017146, "f46": -1.514952969398931, "f47": -0.8036080616860836, "f48": -2.226807437428497, "f49": -1.3954907977041755, "f5": 0.5509131717074278, "f50": 1.3930396380856551, "f51": -0.5719659102242218, "f52": 0.8398540132030519, "f53": -0.11272313159174407, "f54": -0.04041079005735049, "f55": 2.7058820154889363, "f6": 0.20328087714651444, "f7": -0.37906531321310055, "f8": -1.121129763621009, "f9": -2.1599868741331933}, "datetime": {"datetime": "2023-02-03 19:40:07", "elapsed": 5024.726689, "delta": 39.05012}}
{"target": 0.45687004941995035, "params": {"f0": 1.7072533611923835, "f1": 0.21331617050484608, "f10": -1.1397957157638963, "f11": 0.14322326980903144, "f12": 0.05110307107172485, "f13": -0.9581571518349739, "f14": -2.397677697264667, "f15": -0.15767768094534063, "f16": 1.7490489770030733, "f17": 1.4947119341602988, "f18": -2.439434451216627, "f19": -0.5068895956366544, "f2": 1.0942889486276266, "f20": 2.798004835082192, "f21": 1.031925197725717, "f22": -2.789031636606299, "f23": 1.212367080108892, "f24": -1.5132075575690018, "f25": 0.8910941260127148, "f26": -0.0904783296746916, "f27": -0.6673747804217354, "f28": 1.8682822838198174, "f29": 1.571884355522777, "f3": 0.8984550063469632, "f30": -0.6666786614749659, "f31": 1.2303923754503066, "f32": 0.9861550649297603, "f33": 1.03591103551963, "f34": -1.7271422433621129, "f35": -0.18972309286974265, "f36": 0.2732793517556069, "f37": -0.2840785153034677, "f38": 0.03942250932907787, "f39": -1.327284466629152, "f4": 1.7398672566422337, "f40": 1.0104004870025642, "f41": -2.992144039958772, "f42": -1.2028050519365086, "f43": 0.5887049774733386, "f44": 1.663273567615408, "f45": 1.8613017165615178, "f46": -0.5542571295790375, "f47": -0.8036857570114458, "f48": -0.902855526099277, "f49": -0.668536206768512, "f5": 0.025282796722033707, "f50": -0.6810825137769212, "f51": -1.2823125459508709, "f52": 1.0807296701995273, "f53": -2.0144843177007346, "f54": 0.6440530255050878, "f55": 2.327244737095602, "f6": 0.7571724434730185, "f7": -0.235750144598327, "f8": -0.6028480825076004, "f9": -2.949514415622432}, "datetime": {"datetime": "2023-02-03 19:41:17", "elapsed": 5093.99093, "delta": 69.264241}}
{"target": 0.09327713173464547, "params": {"f0": 1.2827196226613276, "f1": 0.6336962646537891, "f10": 0.14113195873466067, "f11": -0.8211819386629615, "f12": -1.1366783872286408, "f13": -1.781939062201899, "f14": -1.1516238763742683, "f15": -2.1504919394358417, "f16": -0.9650175385460322, "f17": 1.9538822846378743, "f18": -2.495969586447438, "f19": -0.47190453415269884, "f2": 2.1934773517438124, "f20": 2.8658476369327746, "f21": 0.9584054285155768, "f22": -1.3031840563492243, "f23": 1.8829258551417654, "f24": 0.6244100072559196, "f25": -0.08586018983702903, "f26": 0.7163977419296212, "f27": 0.24310373411019404, "f28": 0.60940276670275, "f29": 2.9612024508235395, "f3": 2.195161068613328, "f30": -0.9620978010455312, "f31": 0.4293732286856553, "f32": 1.1063257456949374, "f33": -0.4097572613341576, "f34": -1.0599572150778416, "f35": 0.6512453460025112, "f36": -0.2788172190204201, "f37": 0.5331766345853068, "f38": 1.3639618146422663, "f39": -1.8056134635737633, "f4": 1.6518639736300957, "f40": 0.14131641138795192, "f41": -0.4343326281047992, "f42": -2.155244583361863, "f43": 1.6585421888292937, "f44": 0.40318685354668093, "f45": 2.661226897283364, "f46": -0.6602868183115223, "f47": 0.6792574589249347, "f48": -0.1256537479225055, "f49": -0.22404764125958065, "f5": 1.2814378115939415, "f50": 0.021148572618297834, "f51": -1.876599674457104, "f52": -1.9541279588700362, "f53": 1.252543356052815, "f54": -0.5781346121557764, "f55": 0.8771343977291581, "f6": 1.8399320392147949, "f7": -0.9744146631297466, "f8": -0.24504659040184462, "f9": -1.2796088374583494}, "datetime": {"datetime": "2023-02-03 19:42:48", "elapsed": 5185.609441, "delta": 91.618511}}
{"target": 0.16427183439305446, "params": {"f0": 1.0150218871246783, "f1": 0.2136690751966872, "f10": 0.035445095360880474, "f11": 0.20312607859645704, "f12": -1.5220458110195279, "f13": -1.2363604258138714, "f14": -0.2975215863053231, "f15": 0.11226059974772928, "f16": -1.184189310996386, "f17": -0.5801368598202425, "f18": -0.8567702936863584, "f19": 1.3282826935618215, "f2": -0.3369962734620018, "f20": 2.2221153228620834, "f21": 0.514722623028639, "f22": 0.36567951753574324, "f23": 2.103324201308232, "f24": -0.9728931072909015, "f25": 0.05546836569837543, "f26": 0.06944890437813123, "f27": -1.3106960555096996, "f28": -1.148179464515713, "f29": 1.1013072858950541, "f3": 3.025572218686258, "f30": 0.024635220041416828, "f31": 1.2723101531075751, "f32": -0.17492244858510597, "f33": -1.1221941182246133, "f34": -0.9387083424706826, "f35": 0.9162475217426953, "f36": -1.3944526181913082, "f37": -0.15602391122444836, "f38": -0.6493497794426288, "f39": -1.2870068512527275, "f4": 1.5985151618083109, "f40": 0.1974053249670331, "f41": -1.5007215128168956, "f42": -1.414168319357951, "f43": 1.9559985282356191, "f44": 1.029682488484905, "f45": -0.5147127581825145, "f46": 0.5338901630197337, "f47": 1.5000049945811271, "f48": -2.2658971477388805, "f49": 1.0322244849692703, "f5": 1.1466769138728599, "f50": -1.155775359470777, "f51": -1.194171249673575, "f52": -1.157282019743746, "f53": -0.5328855492717341, "f54": -1.363528071587462, "f55": 2.686563255699231, "f6": 1.500484592836906, "f7": -1.9145453570152648, "f8": 0.5708978480400284, "f9": -1.6994666605442315}, "datetime": {"datetime": "2023-02-03 19:43:44", "elapsed": 5241.171223, "delta": 55.561782}}
{"target": 4.2079733983469606e-05, "params": {"f0": 0.5100591305603344, "f1": 1.6369600398193462, "f10": 1.1089535895932134, "f11": 1.1051622996018609, "f12": 0.6401068387014095, "f13": -1.6506608140409884, "f14": 0.035258748408656615, "f15": -1.9137990131150924, "f16": 1.354233038079869, "f17": 1.3207051446009608, "f18": -0.49293670677688883, "f19": 0.5597583804954469, "f2": 2.3175200338741586, "f20": 2.0161637432739696, "f21": 0.17991924062061937, "f22": -2.22316129441156, "f23": 1.9957539270215576, "f24": -1.8156657161183032, "f25": -1.1121205201093707, "f26": 1.4776429593215334, "f27": -1.6448626175354661, "f28": 1.2372664983824584, "f29": 2.706526555339135, "f3": 2.641151276725907, "f30": 1.2783545866870654, "f31": 0.8894457442628376, "f32": 0.8837901151756071, "f33": -1.4946407876602343, "f34": -0.6007955930430122, "f35": 1.8066580681309143, "f36": -0.5275578561874643, "f37": 1.1618466311872342, "f38": -0.300834132348327, "f39": -2.498003255338532, "f4": 2.059651196935496, "f40": 1.9229476599271869, "f41": -1.6189403345290807, "f42": 1.0449349985448286, "f43": -0.11430148999865763, "f44": 1.2710999797440283, "f45": 0.6313057682706222, "f46": -0.527211322251975, "f47": -0.6573929044569368, "f48": -1.3322648203834055, "f49": 1.020422642344336, "f5": -0.39398044156517587, "f50": 1.4170018507339974, "f51": -0.19264067102907978, "f52": -0.45345561814528357, "f53": -1.514868193449472, "f54": 0.7823701672804761, "f55": 1.9277217183628352, "f6": 1.315680457914133, "f7": -1.947899757443852, "f8": 0.09972832491962591, "f9": -2.5550450048851374}, "datetime": {"datetime": "2023-02-03 19:48:55", "elapsed": 5552.740047, "delta": 311.568824}}
{"target": 0.5740109477088202, "params": {"f0": 0.9206663266149537, "f1": 1.2446205846602574, "f10": -0.24108270307862512, "f11": 0.5629386046589075, "f12": -2.5829914051485936, "f13": -0.5544775899583976, "f14": -1.5343788433753651, "f15": -2.396162879483578, "f16": 0.3058479516530128, "f17": 1.1240852804634545, "f18": -2.507420096670651, "f19": -0.398081664161569, "f2": -0.3944995561446153, "f20": 1.4362699533434775, "f21": -0.9274345805990137, "f22": -1.2387155333807605, "f23": 2.101740097461602, "f24": -0.9052267645994663, "f25": -1.0798446534112838, "f26": 0.5386866640662025, "f27": 1.165336180050463, "f28": 1.4128028747882595, "f29": 1.8498840937916374, "f3": 2.3647203079115333, "f30": 0.2770409156626126, "f31": 1.8697058458988733, "f32": -0.7827319678131993, "f33": -1.107550896847597, "f34": -1.747270648932958, "f35": 1.357140408172903, "f36": -2.342702751538894, "f37": -0.4923627688877781, "f38": -0.6583769709284373, "f39": -1.7372344856072672, "f4": 2.039501423480261, "f40": 1.709169072818938, "f41": -1.826327399951458, "f42": -2.7941594986435967, "f43": 2.7693042531919776, "f44": 0.8156803713981828, "f45": 0.6190415649560945, "f46": -1.3262429357029846, "f47": 0.6941853666760875, "f48": -0.9269987638044852, "f49": 0.851856199540715, "f5": 2.3823712335451948, "f50": 1.246971625115796, "f51": -1.1964137606749257, "f52": 0.10386748564754278, "f53": -2.5290174277303534, "f54": 1.5423014337479806, "f55": 1.054157220935855, "f6": 2.7311288277110792, "f7": -1.875769412696752, "f8": -0.49822915659373956, "f9": -0.3247858470174587}, "datetime": {"datetime": "2023-02-03 19:50:20", "elapsed": 5637.452471, "delta": 84.712424}}
{"target": 0.23318531863634698, "params": {"f0": 0.22319301985938522, "f1": -0.5246731645484359, "f10": 0.6748554892591045, "f11": -0.4904756791098157, "f12": 0.24458412100861127, "f13": -1.852849209196141, "f14": 0.030371122828275254, "f15": -0.6121582866454482, "f16": -0.8846243305395196, "f17": -1.0561448046077895, "f18": -1.6353664402610728, "f19": 0.6799643125931967, "f2": -0.571009786037216, "f20": 1.6719774865175254, "f21": 0.19830002190266227, "f22": -1.1731975729710316, "f23": 0.13709455718462826, "f24": -2.2898945866669536, "f25": -1.183025702931406, "f26": 0.9857517986929665, "f27": 0.971662601257598, "f28": 0.11811581517334924, "f29": 1.172098667624898, "f3": 2.6307131316924437, "f30": -0.4056573378889671, "f31": -0.170154925262471, "f32": 0.2689968580782922, "f33": -0.08085016966660596, "f34": -2.2526265893194304, "f35": 0.5161396331277557, "f36": -1.6268911292669321, "f37": -0.133333059277416, "f38": -1.0098686674016764, "f39": -1.3166032346079783, "f4": 0.9227885587124234, "f40": 1.5351560023869886, "f41": -1.8487757482533134, "f42": -0.620556389227962, "f43": 0.46081371664695525, "f44": -0.5637234853285803, "f45": 1.895640580475071, "f46": -0.5430356790497877, "f47": 0.14946032029405143, "f48": -1.193448257733367, "f49": -0.5873080147209594, "f5": 1.4608323251010105, "f50": 0.028296834544608185, "f51": -0.8631104245128229, "f52": 0.35571147660328784, "f53": -1.1080259676808721, "f54": -0.5228928499170167, "f55": 2.8295001671058757, "f6": 1.6764926283177022, "f7": -1.6389676628303511, "f8": 1.0506978027658067, "f9": -1.6259479328151025}, "datetime": {"datetime": "2023-02-03 19:51:22", "elapsed": 5699.524214, "delta": 62.071743}}
{"target": 0.29644328827085575, "params": {"f0": -0.028616444373356753, "f1": 1.5651290150361041, "f10": -0.07383211483319396, "f11": 0.9641303806358053, "f12": -2.7202241190966796, "f13": -0.9798775506952704, "f14": -2.4618331927361425, "f15": -1.8978295814909065, "f16": -0.5667794497647215, "f17": 1.235202358887883, "f18": -1.8535469450951645, "f19": 0.05327180478003113, "f2": 0.7621975981522908, "f20": 1.7692728387234065, "f21": 0.3403575384264752, "f22": 0.7522731387859118, "f23": 0.15175815342691723, "f24": 0.21349283668503682, "f25": -0.5276661525531916, "f26": 1.045202188943964, "f27": 0.17883086595799647, "f28": 1.5948636056862466, "f29": 1.1948850820293426, "f3": 2.696228620505443, "f30": 0.4112617117706958, "f31": 1.0371438373255464, "f32": 1.2136907600272036, "f33": 0.3700655382495537, "f34": -2.6278499672961115, "f35": 1.2067400292571522, "f36": -0.9586227951292918, "f37": -0.47094772321602607, "f38": -0.3724391210653404, "f39": -0.16677951339425912, "f4": 1.976712364303598, "f40": 1.6425176513870505, "f41": -2.8111330126655574, "f42": -1.7077180621912795, "f43": -0.4360273746955844, "f44": 1.6796234173437015, "f45": 2.3257140197702695, "f46": -0.5174847159842002, "f47": -1.192728609697315, "f48": -0.29165063601932184, "f49": -0.5498071979292786, "f5": 1.8108059080713759, "f50": -0.9680670507826417, "f51": -1.6321533974105633, "f52": 0.6502445010074864, "f53": 0.1939217564887108, "f54": 0.44052801918956064, "f55": 1.5180380557830968, "f6": 1.0776406232949842, "f7": -1.4288857113938678, "f8": 0.48056113617116125, "f9": -2.155564001832403}, "datetime": {"datetime": "2023-02-03 19:51:59", "elapsed": 5736.301525, "delta": 36.777311}}
{"target": 0.33670420049026273, "params": {"f0": -0.4416913686796218, "f1": 1.1551174167036762, "f10": -0.1917808633077167, "f11": -1.2053132955837151, "f12": -1.750758415054721, "f13": -0.38271537895115015, "f14": -0.5701006539834439, "f15": -1.6514812240756087, "f16": -0.3987078276102646, "f17": 0.2063635770368828, "f18": -1.045006726511324, "f19": 0.9901330291787314, "f2": 0.6455311171883684, "f20": 1.0613750597938891, "f21": -1.1843346675912185, "f22": -1.8763286061318494, "f23": 1.5006562257035552, "f24": 0.06531043019304228, "f25": -0.9380448923182745, "f26": -0.1579285996323363, "f27": -1.1187360259847159, "f28": -0.028679556183362154, "f29": 0.8608443145285811, "f3": 2.9157713320207246, "f30": 1.0388984506680348, "f31": 1.122906648954816, "f32": -0.9393584452692629, "f33": 0.15016292906995732, "f34": -2.165771112352364, "f35": 1.4760928537001903, "f36": -0.2230312068986211, "f37": -0.14804220528857626, "f38": -0.36887662476878824, "f39": -0.9643447998370609, "f4": 2.6624663607976884, "f40": 0.684258034634651, "f41": -2.9761433635243515, "f42": 0.6489724159975765, "f43": 1.267601114245006, "f44": 0.39187703033693166, "f45": 1.6281802181272491, "f46": -0.943689743955993, "f47": -0.6709961669043251, "f48": 0.8669046369895796, "f49": -0.40982856729362527, "f5": 0.7186422244299238, "f50": -0.9848172216616198, "f51": -2.4185336627596494, "f52": 0.7302711917348041, "f53": -1.0925248539142827, "f54": -0.8746139291130386, "f55": 2.984571244788072, "f6": 2.8863298094876284, "f7": -0.325032528797339, "f8": 0.021171937414401265, "f9": -0.8808060144746417}, "datetime": {"datetime": "2023-02-03 19:52:43", "elapsed": 5780.793682, "delta": 44.492157}}
{"target": 0.30215920264944385, "params": {"f0": -0.048816802101768975, "f1": 0.7929220569144844, "f10": 0.3125164513956149, "f11": 0.6768976779719706, "f12": -2.643368487888722, "f13": -1.0020808023866903, "f14": -0.7082419055839893, "f15": 0.7762923610725458, "f16": -0.044702464612895065, "f17": 1.97283146719587, "f18": -2.951033973376528, "f19": -0.7705035640085643, "f2": 1.8920271276414564, "f20": 1.2658698836145739, "f21": 0.9844010688134406, "f22": -0.7094281144673369, "f23": 0.026326295537435374, "f24": -0.6841625926235302, "f25": -0.9092379157262134, "f26": 0.1453729180052692, "f27": -0.4160819547461856, "f28": 2.3660765976776554, "f29": 0.5545593162641577, "f3": 2.1530949499781404, "f30": -0.6327976960468118, "f31": 2.213375952186361, "f32": 0.23205749094102446, "f33": -0.613753381390992, "f34": -2.093053787510063, "f35": -0.12089905853471672, "f36": -2.4019571833558224, "f37": 1.3311294641882518, "f38": 0.08942484788026772, "f39": -1.0462489030218913, "f4": 2.850809580769357, "f40": 1.2489917767763474, "f41": -0.9873885534773081, "f42": -0.5086314298996109, "f43": -0.5928458850629753, "f44": 0.5377693834821415, "f45": 1.4621490207709762, "f46": -0.17308567104586348, "f47": 0.30705300867514795, "f48": -1.4721014050467496, "f49": 0.5266734480367616, "f5": -0.9063778770434203, "f50": -0.42640129099965973, "f51": -2.440993326259609, "f52": -1.9659914371531697, "f53": -1.9938837346812937, "f54": -0.626377312668008, "f55": 1.0121223508224513, "f6": 2.05071279170945, "f7": -0.8549492460235486, "f8": 0.027697776634784566, "f9": -1.9173906184156115}, "datetime": {"datetime": "2023-02-03 19:53:12", "elapsed": 5809.542224, "delta": 28.748542}}
