{"target": 0.371969640088603, "params": {"f0": 0.18693933978170452, "f1": 0.5984437678766634, "f10": -1.0273730229496492, "f11": -0.41505816214031566, "f12": -0.49601633962039116, "f13": -0.7895848718559579, "f14": -1.5105804065397817, "f15": -1.387262147305509, "f16": 0.632523796426151, "f17": -0.13013416529498956, "f18": -1.7419551278725462, "f19": -0.8107607691028966, "f2": -0.3323972938901165, "f20": 2.6973950816862766, "f21": -0.13025583209804892, "f22": -2.325658102645588, "f23": 1.4832254043234614, "f24": -1.1544718549961377, "f25": -0.682886657662839, "f26": 0.8423461870666866, "f27": -0.09058943606844316, "f28": 0.8870986775665347, "f29": 2.2412631933191167, "f3": 2.9573900672050026, "f30": 2.195048887086975, "f31": 0.784217831931805, "f32": -0.5028948498390402, "f33": -0.6632615477294195, "f34": -1.9434819295633528, "f35": 2.1137254861773562, "f36": 0.09225033513509917, "f37": -0.16901897731877663, "f38": 0.3020745973717992, "f39": -1.0694608587137642, "f4": 0.24226840326320404, "f40": 1.048105037820561, "f41": -0.8493399891963396, "f42": -1.8485951448344484, "f43": 1.4331835233346482, "f44": -0.09991038219902226, "f45": 0.8811531229308617, "f46": -0.7374787848835656, "f47": 0.06178747455138822, "f48": -0.1252698743572207, "f49": 0.27768522887503894, "f5": 1.6293444280283853, "f50": 0.050638539005022576, "f51": -1.0300197362367385, "f52": -0.9508672637847766, "f53": 0.36980036502843205, "f54": -0.10203861135310127, "f55": 2.6566177050600945, "f6": 1.4617066637484153, "f7": -0.06289528825844404, "f8": -1.2120036257921867, "f9": -1.221350946706005}, "datetime": {"datetime": "2023-02-03 22:05:09", "elapsed": 13726.353219, "delta": 67.111366}}
{"target": 0.2835337505834276, "params": {"f0": 0.7448205079022261, "f1": 0.3607165646972158, "f10": -0.6445993496418241, "f11": 0.15559373170297786, "f12": -1.232110875561816, "f13": -0.07448233084562927, "f14": -1.4449578731442536, "f15": -1.569391462605284, "f16": 0.6364729605193229, "f17": 0.4292207030133181, "f18": -2.8584497256296424, "f19": -0.3302936097354052, "f2": -0.8835193425237575, "f20": 2.1460300282953715, "f21": 1.1060165325972657, "f22": -1.4819285582017618, "f23": 2.362764194954934, "f24": -1.914505096501626, "f25": -0.7830462622493762, "f26": 0.24224792576360543, "f27": 0.3457726365855086, "f28": 0.7662163035945619, "f29": 2.7003310792530244, "f3": 1.256461943882087, "f30": 0.1503365904521854, "f31": 1.2717729018260533, "f32": -0.7562431757949655, "f33": -0.4282170994122456, "f34": -2.188656743459675, "f35": 1.6082019564135068, "f36": -0.22496616951060489, "f37": 0.7798651101401624, "f38": 1.1848047326177913, "f39": -2.2403367660032445, "f4": 0.012294397612589408, "f40": 0.09330610587726124, "f41": -1.6396966237254804, "f42": -0.4432977234648283, "f43": 0.9524098514909572, "f44": -0.2262761928091146, "f45": 0.36592804082221997, "f46": -0.6455414179326452, "f47": 0.1860781660728712, "f48": -0.6517940649014782, "f49": -0.18970520248358813, "f5": 0.17746371795085766, "f50": -1.3214648190230407, "f51": -1.6500913581405763, "f52": 0.09435341987666246, "f53": 0.4047351034247163, "f54": 0.1573471893420223, "f55": 2.154450017573896, "f6": 1.7581509449991373, "f7": 0.3100885643495679, "f8": 0.25715741504971756, "f9": -0.046210638500114865}, "datetime": {"datetime": "2023-02-03 22:06:58", "elapsed": 13835.722016, "delta": 109.368797}}
{"target": 0.29112452307343256, "params": {"f0": 0.8393056986077836, "f1": 0.4198545977044115, "f10": -0.4117237855825262, "f11": -0.7538764345432647, "f12": -0.5310950313602709, "f13": -1.8844420793430356, "f14": -1.7527905706254665, "f15": -0.488265832986694, "f16": 0.6132525002005442, "f17": 0.8932096527634772, "f18": -2.1043638508075975, "f19": -0.9802714401943331, "f2": -1.1081517531584084, "f20": 1.6192179212471793, "f21": 0.7546575077815518, "f22": -2.0986142883325454, "f23": 0.927310657381229, "f24": -1.155017488353652, "f25": -0.08108600087873685, "f26": 0.7482112411382714, "f27": -0.17763875779505456, "f28": -0.01764929128314993, "f29": 2.6022694399626816, "f3": 2.863841377394661, "f30": 1.580396498354072, "f31": 0.15890696994621376, "f32": 0.43110843181074365, "f33": -0.9319883919238248, "f34": -0.9687416239134492, "f35": 2.8775771101567007, "f36": -0.41652473291515824, "f37": 0.10280248599136887, "f38": 0.34973185002988844, "f39": -1.7732922003035343, "f4": 2.788474858223277, "f40": 1.1443070359889629, "f41": -1.3674602773039923, "f42": -2.1454372249028815, "f43": 0.8955434437228941, "f44": 0.399025832657418, "f45": 0.7820468944312214, "f46": -0.7377883361286246, "f47": -0.6579624184624279, "f48": -0.8473154004461125, "f49": 0.40175101826461346, "f5": 2.5924850650065623, "f50": -1.1936634867365854, "f51": -0.43365150268228825, "f52": -0.5579196177040773, "f53": -0.05679922233243956, "f54": 0.7536810794876746, "f55": 1.9692779269329832, "f6": 2.572861387888629, "f7": 0.3627481088688509, "f8": -0.4896631757233256, "f9": -1.6241922464175704}, "datetime": {"datetime": "2023-02-03 22:07:57", "elapsed": 13894.437101, "delta": 58.715085}}
{"target": 0.4010026561835143, "params": {"f0": 0.22239131056870637, "f1": 0.6434844356551719, "f10": -0.2717484067724909, "f11": -0.6040650435368963, "f12": -1.4547873961624305, "f13": -1.5392810700910164, "f14": -0.5186315294569848, "f15": -1.3564171150084303, "f16": 0.20294483012722636, "f17": 0.46177352879718647, "f18": -1.027058978360669, "f19": -1.5870477326323151, "f2": -0.9732847912317975, "f20": 2.185135146370306, "f21": 0.1914278699185336, "f22": -0.8950928159593827, "f23": 1.656707197752306, "f24": -1.010690472047176, "f25": -0.7744713828410426, "f26": 0.024157889059865115, "f27": -0.017140474715645504, "f28": 1.1536116096382778, "f29": 1.9393525242013703, "f3": 2.6763366455038278, "f30": 0.33165643467232664, "f31": 0.7738423426443797, "f32": 0.022564327126653128, "f33": -0.5250548900138098, "f34": -1.1478256716304274, "f35": 1.5208760814010358, "f36": -0.7059321230850509, "f37": -0.39431458885469384, "f38": 0.3546498494634908, "f39": -0.4820428209002272, "f4": 1.7404860616428641, "f40": 0.699517791148291, "f41": -0.07378092301115347, "f42": -1.6082064894994619, "f43": 1.077614715324095, "f44": -0.39736413226840533, "f45": 1.2093681190689822, "f46": 0.28297777726819384, "f47": -0.8610158646867258, "f48": -0.9769903264483044, "f49": 0.1055045061190889, "f5": 2.1630738288422497, "f50": -1.753648463529985, "f51": -0.7634482722887053, "f52": -0.9222052405727194, "f53": 0.5944388482975902, "f54": 0.6328788232295005, "f55": 1.6063680216189034, "f6": 2.0592762495541983, "f7": -0.16838716065876658, "f8": -0.423671065472094, "f9": -2.9254244532834717}, "datetime": {"datetime": "2023-02-03 22:09:29", "elapsed": 13986.436887, "delta": 91.999786}}
{"target": 0.15097081175646146, "params": {"f0": 0.8947819466126952, "f1": 0.2200915731358954, "f10": -0.22595805395636437, "f11": 0.0738056035011263, "f12": -0.6193655863574363, "f13": -0.6651480906431151, "f14": -1.424559920237533, "f15": -1.6908808327076899, "f16": 0.9369611330983802, "f17": 0.4388835556864922, "f18": -1.4090851566979181, "f19": -1.3036737103271252, "f2": 0.008321365501347655, "f20": 2.291279735874676, "f21": -0.06079248216274069, "f22": -2.4832673595228245, "f23": 1.0595690189973186, "f24": -1.0360125925697652, "f25": -0.4222272305646346, "f26": 1.1579462849085012, "f27": -0.8614189798047812, "f28": 1.4918820545907554, "f29": 0.8653411752710832, "f3": 1.8281056195360905, "f30": 0.4925548641411794, "f31": 0.7473247882414896, "f32": -0.6136242651222965, "f33": -0.9568690151452193, "f34": -0.6294082339305924, "f35": 2.5166899783703958, "f36": 0.2081246809614603, "f37": 0.3740150574945049, "f38": 0.44419730955174636, "f39": -1.1482001299464093, "f4": 0.4971419833923495, "f40": 1.1876911790947002, "f41": -1.3707594170961586, "f42": -1.296672913393307, "f43": 0.8589068569431552, "f44": -0.5654935817426201, "f45": 0.05220752465081098, "f46": -0.2965938625494281, "f47": -1.2885355122015332, "f48": -0.3672310700670314, "f49": -0.38838369817515767, "f5": 1.435795264112411, "f50": -1.0320822158855936, "f51": -1.0759394694415567, "f52": -0.531311428084537, "f53": 0.027076220165296316, "f54": 0.16942373965986546, "f55": 1.04067459432749, "f6": 0.5378749296652404, "f7": -0.1215781595412686, "f8": -0.012197665643163269, "f9": -2.5640484488255226}, "datetime": {"datetime": "2023-02-03 22:10:52", "elapsed": 14069.449845, "delta": 83.012958}}
{"target": 0.4191946490232585, "params": {"f0": -0.0482635734542175, "f1": 1.69763590878268, "f10": -0.9951561196977537, "f11": -0.007978979334575698, "f12": -0.07521844471814854, "f13": -0.8364315686708208, "f14": -1.048516310774359, "f15": -1.301176562637243, "f16": 0.7503733676113704, "f17": 0.04221845968649768, "f18": -1.513660997160707, "f19": -1.036424037446917, "f2": -0.09501251189267257, "f20": 1.8466177020160108, "f21": 0.7510167800507777, "f22": -1.9896393984316754, "f23": 0.7417627034630082, "f24": -0.44764109200952773, "f25": -1.2005530668237125, "f26": 0.08798559092423211, "f27": -0.8304573815692449, "f28": 0.8653453458465392, "f29": 1.8218354130210186, "f3": 2.2179607338132166, "f30": 1.9590481635592416, "f31": 0.3011051711998214, "f32": -0.9661123311969311, "f33": -1.191892068236103, "f34": -2.078774832250127, "f35": 1.6821131847835276, "f36": 0.10378483992255938, "f37": 0.14227464487958597, "f38": 0.21453275073397565, "f39": -1.6320506379285726, "f4": 1.5454232854587098, "f40": 1.0033165327167857, "f41": -1.3528461069318232, "f42": -1.6297017845359232, "f43": 1.4586593150180045, "f44": 0.569020906786465, "f45": 0.7802358071243666, "f46": -0.9557708136066718, "f47": -0.41915717399599384, "f48": -1.2828443951487747, "f49": 0.9470483591778416, "f5": 2.549597302132948, "f50": -2.030347845979225, "f51": -0.30038476245902856, "f52": -1.250903003747903, "f53": -0.16853335628335353, "f54": 0.09747321728966529, "f55": 1.3434885404184813, "f6": 2.235858608587305, "f7": 0.5894938210424836, "f8": -0.5512944140757988, "f9": -2.1024671432764603}, "datetime": {"datetime": "2023-02-03 22:12:07", "elapsed": 14144.335543, "delta": 74.885698}}
{"target": 0.38497788689124296, "params": {"f0": 0.7645519986815803, "f1": 1.0988338539544555, "f10": -0.7903261119487153, "f11": -0.7037081783503837, "f12": -0.581681363352057, "f13": -0.516310385606797, "f14": -0.8799036058835975, "f15": -0.9874648953355741, "f16": -0.024679214346785106, "f17": -0.3417668935760244, "f18": -0.29310339270801133, "f19": -0.8042315597944962, "f2": -0.5511253757053363, "f20": 2.148079729854037, "f21": 0.936294141221599, "f22": -1.4315757193881788, "f23": 1.4593053550549515, "f24": -1.4500056228404385, "f25": -1.137653948327006, "f26": 0.5884662936531204, "f27": 0.34067934335403505, "f28": 1.049935906906575, "f29": 3.0067803438623564, "f3": 2.6126508474946255, "f30": 1.5013630956194053, "f31": 1.2584383548708855, "f32": -0.8543579825346348, "f33": -0.12809366664671296, "f34": -0.7282046627031753, "f35": 1.187033806402925, "f36": -0.11269679867889137, "f37": 0.28937065937584794, "f38": 1.1803665856164411, "f39": -1.8404520991140383, "f4": 2.730063548640923, "f40": 1.097834032644614, "f41": -0.8903256836163898, "f42": -1.4019544169286255, "f43": 0.09436810547608572, "f44": 0.074167123602642, "f45": 0.6231787120688868, "f46": 0.31192625852252576, "f47": -0.8950987771504261, "f48": -0.3219359694996109, "f49": 0.3561192831387491, "f5": 2.079193991012165, "f50": -0.7053946069688797, "f51": -0.3748082480888031, "f52": -0.33088656952388296, "f53": 0.1134022415059121, "f54": 0.8175701718387566, "f55": 1.8251954230192389, "f6": 2.4456599123095257, "f7": -0.21669323374325705, "f8": -0.957179361413012, "f9": -2.412136690261839}, "datetime": {"datetime": "2023-02-03 22:13:22", "elapsed": 14219.397736, "delta": 75.062193}}
{"target": 0.43109621590389124, "params": {"f0": 0.9424017589868036, "f1": 1.7517737663153288, "f10": -0.2635328972088493, "f11": -0.30438973272413905, "f12": -0.8673112396247433, "f13": -1.2083180499070525, "f14": -1.7551083875017373, "f15": -0.08867777981626768, "f16": 0.6395388422751344, "f17": -0.21942215400107284, "f18": -2.3865553245333158, "f19": -1.0594393083859828, "f2": -0.06222487757419248, "f20": 1.9041925299479623, "f21": 0.39523842897608585, "f22": -2.337362779190843, "f23": 1.4537330324098172, "f24": -0.26807252272862936, "f25": -1.0026018556345284, "f26": 1.3014158811872045, "f27": 0.4060797261403134, "f28": 1.6164881647082388, "f29": 0.14611223090351888, "f3": 1.907350525665803, "f30": 2.128608327755586, "f31": 0.9035011138633114, "f32": -0.3855309170323007, "f33": 0.2311256529806449, "f34": -1.1427924747915787, "f35": 2.04222813128493, "f36": -1.241456387919943, "f37": 0.7350551597161556, "f38": 1.1431479630300458, "f39": -0.518814190279222, "f4": 3.020750726985339, "f40": 1.008311758375001, "f41": -1.5953639840597988, "f42": -2.4603759739946476, "f43": 0.13300361280291628, "f44": 0.4506008845914954, "f45": 0.7248874933987045, "f46": 0.3575205636298624, "f47": -1.3507473009245712, "f48": -0.6658161636426114, "f49": -0.20148159588166806, "f5": 0.4925403400670692, "f50": -1.5716026321701524, "f51": -0.40381532884513316, "f52": -1.4602564763959114, "f53": 0.5841263872577835, "f54": -0.031797092755726064, "f55": 1.7979102391973494, "f6": 1.4979855113230889, "f7": 0.4273498264887099, "f8": 0.07096584869340838, "f9": -0.8714410291734325}, "datetime": {"datetime": "2023-02-03 22:14:49", "elapsed": 14305.958789, "delta": 86.561053}}
{"target": 0.24881724569536565, "params": {"f0": 0.47455571513132977, "f1": 1.3993454083857335, "f10": -0.0397416358119016, "f11": -0.24161748924599935, "f12": -1.3698185614451945, "f13": -2.019897070920944, "f14": -0.12564543915161352, "f15": -0.222789225711157, "f16": 1.2982323017362756, "f17": 0.7107914275082545, "f18": -1.5236909865089296, "f19": -1.8647231650920113, "f2": -0.20137550990811248, "f20": 2.3886229918437394, "f21": 0.18401415923293274, "f22": -0.051176248204032326, "f23": 1.5419571563489394, "f24": -0.21753984887301803, "f25": -1.0280485689627568, "f26": 0.6197474014525952, "f27": -0.4732296722531679, "f28": 0.922913681644419, "f29": 1.5328191359758538, "f3": 2.0305935062918676, "f30": 0.9349231898459268, "f31": 0.29471132796023064, "f32": -0.9426185340299738, "f33": -0.3904092621012557, "f34": -1.4179365062534168, "f35": 2.3884939592324024, "f36": -0.7297087952101864, "f37": 0.06132174031866777, "f38": 0.834725450457527, "f39": -1.8196391443520636, "f4": 1.0270994130924673, "f40": 0.5882528727681183, "f41": -0.28290363062797574, "f42": -1.3690910714180617, "f43": 1.5854816388364563, "f44": 0.2519754792325838, "f45": 0.22380105811162776, "f46": -0.4290375568163809, "f47": -1.1707661963521883, "f48": -1.4549595231555625, "f49": -0.22568525796807606, "f5": 1.0350343148685055, "f50": -0.46932784262061755, "f51": -1.7114530782404807, "f52": -0.1001188447590613, "f53": 0.6683316774484838, "f54": 0.18324140679948414, "f55": 2.060509678255692, "f6": 0.9177980707503931, "f7": -0.3805741157838658, "f8": -0.553043979763536, "f9": -2.459179151122668}, "datetime": {"datetime": "2023-02-03 22:15:29", "elapsed": 14346.854737, "delta": 40.895948}}
{"target": 0.24985773041232937, "params": {"f0": 0.8248774887817983, "f1": 0.19835189800127795, "f10": -1.0162179333582366, "f11": -0.9010652996594777, "f12": -0.2029043471889309, "f13": -1.2510431723778401, "f14": -0.5468514718678317, "f15": -0.9337893586576378, "f16": 0.679035061572088, "f17": -0.1316410886586171, "f18": -1.7306402403781778, "f19": -0.8460329900892669, "f2": -0.9351347989646437, "f20": 2.4637403809438574, "f21": 0.18855302613656877, "f22": -1.6450089681330025, "f23": 2.0244731339792, "f24": -0.739209523400626, "f25": -0.15375719425353562, "f26": 1.4162112351583158, "f27": -0.6499613055772301, "f28": 0.32141342652388194, "f29": 1.9445595910766849, "f3": 2.333138240508935, "f30": 2.332845028666987, "f31": 0.13020373892727127, "f32": -0.5296701700977215, "f33": -0.588280192943007, "f34": -1.7566731852254676, "f35": 1.6189394680324443, "f36": -0.8469034836567331, "f37": 0.05116402933362063, "f38": 0.7991741458303072, "f39": -0.3920968583322004, "f4": 1.2444908736114282, "f40": 0.10360396114706141, "f41": -0.7068755307333527, "f42": -1.2861769912502574, "f43": 0.7466302960940052, "f44": -0.6044596680923476, "f45": 0.895473059192642, "f46": -0.415824156152382, "f47": -1.2025376407024995, "f48": -1.601614975466745, "f49": 0.21516922979225167, "f5": 2.0967188808182806, "f50": -1.1001919073872541, "f51": -1.21299536714533, "f52": -0.10217868852983303, "f53": -0.08717981051602758, "f54": 0.495717475786218, "f55": 2.4920517254765038, "f6": 2.7176768327978866, "f7": -0.5244493902340653, "f8": -0.8842090772496876, "f9": -1.8906311493059103}, "datetime": {"datetime": "2023-02-03 22:16:55", "elapsed": 14432.489516, "delta": 85.634779}}
{"target": 0.21082283889451267, "params": {"f0": 0.2105073895005637, "f1": 0.6184908971694052, "f10": -0.6826371179926627, "f11": -0.9280417618738546, "f12": -0.4611753215377865, "f13": -0.5225191684709598, "f14": -1.1535687055557093, "f15": -0.8561900883002573, "f16": 0.2840247002079178, "f17": 0.2702693145542852, "f18": -0.1632027970512988, "f19": -1.0516752523315995, "f2": -0.5449081567185884, "f20": 2.1021730668647414, "f21": 0.9534318317908101, "f22": -0.9294089468135796, "f23": 0.6552178724310267, "f24": -0.7781158280823735, "f25": -0.9640511024135829, "f26": 1.216169944807879, "f27": -0.3907599968754565, "f28": 1.4307057771220992, "f29": 1.5481161686360256, "f3": 2.3072830642333506, "f30": 1.6280746494942553, "f31": 0.932944386074011, "f32": -0.6603618376316511, "f33": -0.3521539849871881, "f34": -1.0511437210614465, "f35": 0.9796450040114122, "f36": 0.05952607318447489, "f37": -0.45482442173344845, "f38": 0.5172141309547768, "f39": -0.8004452774152497, "f4": 2.8453378816430375, "f40": 0.2736167751527616, "f41": -0.8249469206460436, "f42": -1.6623403754835429, "f43": 0.1726743367598666, "f44": -0.3133094522380393, "f45": 1.2423877466174262, "f46": -0.3450163927310608, "f47": -0.6852113828399838, "f48": -1.287277659651811, "f49": 0.2130699053817839, "f5": 2.1288471298818554, "f50": -0.14856670434424935, "f51": -0.8669875164508656, "f52": -0.893356545960976, "f53": 0.1497784623884701, "f54": 0.7470841963084192, "f55": 1.3993530004459507, "f6": 2.701548577117269, "f7": -0.07269219664202808, "f8": -0.6190415266067888, "f9": -2.3322946072739277}, "datetime": {"datetime": "2023-02-03 22:18:19", "elapsed": 14516.548507, "delta": 84.058991}}
{"target": 0.29484307449761155, "params": {"f0": -0.0027622522064871258, "f1": 0.373178480625876, "f10": -1.3497817000500885, "f11": -0.9202551514703182, "f12": -0.42560297317360996, "f13": -0.2192461290500265, "f14": -1.5149322532589453, "f15": -1.2346307228207725, "f16": 0.657687553562976, "f17": -0.16878922142771288, "f18": -0.3480290012271281, "f19": -1.4915933443094804, "f2": -0.12534371387098409, "f20": 2.683387044293953, "f21": 0.3230831619461603, "f22": -1.991383057120465, "f23": 1.3990609410306514, "f24": -1.7460734722910223, "f25": -0.19853819106963355, "f26": 1.1671936168226416, "f27": 0.15502028283150793, "f28": 0.8530612397403795, "f29": 1.918781771463972, "f3": 2.670075684366333, "f30": 0.4135985261014329, "f31": 0.16629002929633505, "f32": -0.8390522621099963, "f33": -0.6582135151688462, "f34": -1.0027315249576738, "f35": 1.404377543124228, "f36": 0.17275897051548705, "f37": -0.04501859919856965, "f38": 0.28703017097388617, "f39": -1.5741981363817439, "f4": 2.3596180749659443, "f40": 0.16025228819484263, "f41": -1.2382255662824142, "f42": -0.9934760375557938, "f43": 0.02046781180725407, "f44": -0.14571860370364498, "f45": 1.2209909504067227, "f46": -0.6075932641878208, "f47": -0.029943884037943347, "f48": -1.4205891544330282, "f49": 0.4315222057811506, "f5": 1.8814336652024815, "f50": -1.3285602470154085, "f51": -0.2527221335148486, "f52": -1.0360050434964692, "f53": 0.43842577749455963, "f54": 0.8689360373864794, "f55": 2.566204668292015, "f6": 2.1484665519619646, "f7": -0.06791803141466857, "f8": -0.5608515447344579, "f9": -2.055753276620242}, "datetime": {"datetime": "2023-02-03 22:19:19", "elapsed": 14576.50159, "delta": 59.953083}}
{"target": 0.19392747897762808, "params": {"f0": 0.47856390273875193, "f1": 0.02403297570728497, "f10": -0.5010340736381582, "f11": -1.0590351244451992, "f12": -0.805878685769025, "f13": -0.20903157338315403, "f14": -0.6278134274878455, "f15": -0.08750937661101887, "f16": 0.6102950583126135, "f17": 0.11935667402898148, "f18": -2.2452919251793144, "f19": -0.7704483760408156, "f2": -0.4393934118734508, "f20": 2.7965674652482604, "f21": 1.0022942479257757, "f22": -0.12414815265182355, "f23": 1.738019498380278, "f24": -0.6151240487753058, "f25": -0.5061357426211851, "f26": 0.011200296863233782, "f27": 0.33423541897361975, "f28": 1.2357001329971835, "f29": 2.0749558044586918, "f3": 2.7412535729290726, "f30": 2.341375500449304, "f31": 1.4243613935094401, "f32": -0.9474271928581447, "f33": 0.2021777318663578, "f34": -0.5599471003797061, "f35": 2.192150315603699, "f36": -0.3575479331569973, "f37": -0.20367197708491608, "f38": 0.3725888032108574, "f39": -1.5594806933694951, "f4": 0.6113586934760917, "f40": 0.4218664914290804, "f41": -2.3853106083538345, "f42": -1.8800038702459227, "f43": 0.1817402634825414, "f44": -0.32570004203520486, "f45": 0.6007794156548905, "f46": -0.03904943287535512, "f47": -0.6995165362346396, "f48": -0.6453144838109166, "f49": 0.4875013170784475, "f5": 2.995744845712526, "f50": -0.32983980104855304, "f51": -1.1991499580078169, "f52": -0.21993723710105906, "f53": 0.7191094271840002, "f54": 0.5419131554375813, "f55": 1.5116333512454427, "f6": 2.5001469154557663, "f7": -0.31938263645071546, "f8": -0.7016815813112305, "f9": -1.197879754511389}, "datetime": {"datetime": "2023-02-03 22:20:21", "elapsed": 14637.937338, "delta": 61.435748}}
