{"target": 0.7593398388398024, "params": {"f0": 0.5472041826559217, "f1": 0.7398447501087078, "f10": -0.9893660086932479, "f11": -0.6542610672351783, "f12": -1.1844918074250084, "f13": -0.6019291899356787, "f14": -0.749288189386987, "f15": -0.5932074571573682, "f16": 0.29488563331280515, "f17": 0.17700388204953132, "f18": -0.8267138954561306, "f19": -0.4909012808129809, "f2": -0.8841420853791397, "f20": 2.8957906003169667, "f21": 0.520287976457984, "f22": -0.7451424257059043, "f23": 1.0283028287949665, "f24": -1.4005908339885544, "f25": -0.7608415296985152, "f26": 1.022821990497994, "f27": -0.2686801323500667, "f28": 1.0995635356166122, "f29": 2.1808038837017474, "f3": 1.170228766967307, "f30": 1.0027329481217615, "f31": 1.185147150443763, "f32": -0.12256673772304372, "f33": -0.6207239217847762, "f34": -0.8996034354440225, "f35": 1.6677533634676178, "f36": -0.36521225928687107, "f37": 0.2115135663036743, "f38": 0.14038979123084583, "f39": -1.2098189420752568, "f4": 0.8892484572041621, "f40": 0.8299461384779198, "f41": -0.6242351594077677, "f42": -0.9522733283674132, "f43": 0.9967980321270777, "f44": 0.08389978541575333, "f45": 1.0879130534945172, "f46": -0.2056995174739925, "f47": -1.0129007932493854, "f48": -1.2687738390480612, "f49": 0.27971869383140835, "f5": 0.8419273166152994, "f50": -0.8752646184770398, "f51": -0.753946081808292, "f52": -0.7077906326133157, "f53": 0.17314137025800103, "f54": 0.15837459749685237, "f55": 1.7556658882606486, "f6": 2.5044853374612455, "f7": 0.174503813286844, "f8": -0.4551406658652905, "f9": -2.637137014317608}, "datetime": {"datetime": "2023-02-04 01:29:08", "elapsed": 25965.140817, "delta": 64.800016}}
{"target": 0.06855659194910743, "params": {"f0": 0.4648401324068576, "f1": 1.0942529624154131, "f10": -1.1103829586875533, "f11": -0.18720146510604185, "f12": -0.5945731324237089, "f13": -1.2174375266260355, "f14": -1.3903211866064389, "f15": -1.2290644177233032, "f16": 0.30729718704500764, "f17": 0.5797219031487727, "f18": -0.5213725473261732, "f19": -1.5435209629627296, "f2": -0.8144861719053604, "f20": 2.0787116586660974, "f21": 0.5232118554477128, "f22": -1.4311307280315382, "f23": 1.7386234309315698, "f24": -0.46541720310994594, "f25": -0.4030353073474974, "f26": 0.6722300227096826, "f27": -0.19228128749396223, "f28": 0.41736994168481856, "f29": 1.8697638891787403, "f3": 1.589825182777994, "f30": 1.378508529787419, "f31": 0.9536124747426644, "f32": -0.47759981363091103, "f33": -0.2571121874332112, "f34": -0.9299136596097202, "f35": 1.2750951259911263, "f36": -0.44699611579372434, "f37": 0.32428799445536577, "f38": 0.7197094230929011, "f39": -1.5605154233718397, "f4": 2.016082855400645, "f40": 0.2681376418783016, "f41": -1.0571124761783335, "f42": -1.4197108432843348, "f43": 0.35983248479183094, "f44": -0.19696171021732872, "f45": 0.6798391241267503, "f46": -0.49066127721065445, "f47": -0.5406425778665306, "f48": -0.9095845464759704, "f49": 0.09260529155271076, "f5": 2.091766311986608, "f50": -0.8463538840034504, "f51": -0.8909720709628113, "f52": -1.0112875216369606, "f53": 0.3996911899501506, "f54": -0.12805571600511936, "f55": 2.192673505226221, "f6": 1.8739140054682917, "f7": -0.3230958273041983, "f8": -0.3270032928403497, "f9": -0.7555110731971464}, "datetime": {"datetime": "2023-02-04 01:30:57", "elapsed": 26074.045975, "delta": 108.905158}}
{"target": 0.3027922599558662, "params": {"f0": 0.35408255222189455, "f1": 1.0101830328234809, "f10": -0.6044599839431475, "f11": -0.5959820546285001, "f12": -1.1524567233388585, "f13": -0.9724684224078741, "f14": -0.6879644671705027, "f15": -0.4431734291695002, "f16": 0.9213327415104181, "f17": 0.19743910583568053, "f18": -1.1132387902278897, "f19": -1.46223364830154, "f2": -0.6411174683205891, "f20": 1.588381168797495, "f21": 0.6668267678341997, "f22": -1.8436810377977615, "f23": 0.9862718477554744, "f24": -1.402798397626528, "f25": -0.9250650317741776, "f26": 0.8666281061319188, "f27": -0.12377612827501794, "f28": 0.504485122413143, "f29": 2.794367124341463, "f3": 0.6208078803796553, "f30": 1.1745970710606246, "f31": 0.37908781858984375, "f32": -0.35986121525776155, "f33": -0.5890700445783907, "f34": -1.9801552307469512, "f35": 1.1933262546504102, "f36": -0.466212301897155, "f37": 0.36778579864976096, "f38": 0.7454895923156044, "f39": -1.5023118706284588, "f4": 0.6756047666019349, "f40": 0.571540712297478, "f41": -1.138061845651345, "f42": -1.8987113222327614, "f43": 0.9244036237432334, "f44": -0.278282295074169, "f45": 0.8920677676436265, "f46": 0.041957615628696376, "f47": -0.8123748400785777, "f48": -0.5983538140170622, "f49": 0.6416474331640685, "f5": 0.7619225352357882, "f50": -0.7930729589934724, "f51": -1.3124981126142994, "f52": -1.0481558205892614, "f53": 0.2147007247363752, "f54": 0.4739373114723341, "f55": 2.0425727963598033, "f6": 2.887313148498042, "f7": -0.3239053141370263, "f8": -0.7142529783192714, "f9": -0.8685143139273022}, "datetime": {"datetime": "2023-02-04 01:31:59", "elapsed": 26136.830432, "delta": 62.784457}}
{"target": 0.34795361283636184, "params": {"f0": 0.7886467192481197, "f1": 1.4089490192661223, "f10": -1.013245425473097, "f11": -0.19880006219086443, "f12": -0.7679025401451215, "f13": -1.6216199659140393, "f14": -1.3427742412186274, "f15": -1.3883949198950682, "f16": 0.9762567646407835, "f17": 0.5903538826645985, "f18": -1.8603384773981444, "f19": -0.8736496228755617, "f2": -0.8147284990747721, "f20": 2.3607910023526744, "f21": 0.638717199340666, "f22": -0.6734226995571246, "f23": 1.7873926413775223, "f24": -1.6255967176693111, "f25": -0.5298297976065506, "f26": 1.150295757582805, "f27": -0.3765316713195038, "f28": 0.7744599202190403, "f29": 2.8898758041214156, "f3": 2.624467489514668, "f30": 0.8550701134275773, "f31": 1.1650318515761404, "f32": -0.5496473486160733, "f33": -0.5270181495998253, "f34": -1.775678196569146, "f35": 1.8948523127050476, "f36": -0.5618725262672426, "f37": 0.046096225381480005, "f38": 0.5691038014756995, "f39": -1.1099548701237578, "f4": 1.592344097968766, "f40": 0.8767916654049711, "f41": -1.494900797262197, "f42": -0.9612091128779565, "f43": 0.5566659285496416, "f44": 0.0893556265452195, "f45": 0.7022860566159868, "f46": -0.2903962041251812, "f47": -0.561221513629489, "f48": -1.3398238003310723, "f49": -0.033294401793248746, "f5": 1.0613578352410493, "f50": -1.3025186853821413, "f51": -0.47649720834909004, "f52": -0.9713139547098749, "f53": -0.018188907751197997, "f54": 0.4566458521818103, "f55": 2.9657175933000666, "f6": 0.9784390203222468, "f7": 0.1508633470727005, "f8": -0.7407045502184902, "f9": -0.9977345276170508}, "datetime": {"datetime": "2023-02-04 01:32:04", "elapsed": 26141.593896, "delta": 4.763464}}
{"target": 0.2648378517049032, "params": {"f0": 0.41785007157873333, "f1": 0.5803778921624341, "f10": -0.9577820528326837, "f11": -0.08194618041642165, "f12": -0.42052633553355667, "f13": -0.7263690998913735, "f14": -0.9236014179234262, "f15": -1.0001750251654036, "f16": 0.4538679024881822, "f17": 0.5631907259726741, "f18": -2.3537476431427966, "f19": -1.4901528165297018, "f2": -0.2157751486761783, "f20": 2.228000191996763, "f21": 0.4580976360557867, "f22": -1.3020108387873328, "f23": 1.7996349958613962, "f24": -1.6225043317510166, "f25": -0.780280229326183, "f26": 0.7908395624820074, "f27": -0.02865686916398036, "f28": 0.5922761681613351, "f29": 2.2034266283761004, "f3": 2.139451681669831, "f30": 1.911875632815328, "f31": 0.3833866392689907, "f32": -0.7643009882752704, "f33": -0.7756950794604976, "f34": -0.7735182510019123, "f35": 1.6953432708992306, "f36": -0.06419297028918303, "f37": 0.1045826479379281, "f38": 0.8113038840678328, "f39": -0.6142365116497996, "f4": 1.6168765759419779, "f40": 0.23493763792447642, "f41": -1.044010388334601, "f42": -1.1639117816649933, "f43": 0.3268388596133761, "f44": -0.36592840247187564, "f45": 1.110941327668354, "f46": -0.5540341066956751, "f47": -1.105968166636436, "f48": -1.1250470336271077, "f49": 0.005517250352143482, "f5": 1.6056894998042759, "f50": -0.3515178350184991, "f51": -0.7326144132281525, "f52": -1.2916523177526045, "f53": 0.30006521981407247, "f54": 0.3237397525286149, "f55": 2.8304382966749038, "f6": 2.603707796395803, "f7": 0.17698135653383468, "f8": -0.747216999278301, "f9": -2.6406495692924454}, "datetime": {"datetime": "2023-02-04 01:33:12", "elapsed": 26209.135923, "delta": 67.542027}}
{"target": 0.40030310975795413, "params": {"f0": 0.08628132257708553, "f1": 0.5315504562232711, "f10": -0.9646001912886185, "f11": -0.49326114904860957, "f12": -0.7434255155805818, "f13": -1.3650149548554324, "f14": -1.3402252520231064, "f15": -0.990492634730146, "f16": 0.6185287268329582, "f17": 0.19748942478200351, "f18": -1.4802763595127695, "f19": -0.8288236682004213, "f2": -0.27614542169935585, "f20": 1.5332330673985863, "f21": 0.6039601391105947, "f22": -0.6261614427962234, "f23": 0.9718556978637402, "f24": -1.6084182507471187, "f25": -1.0320953837328297, "f26": 1.1233024316236664, "f27": -0.2256996411292067, "f28": 1.2943241725789587, "f29": 2.873411747547761, "f3": 1.2696374292684722, "f30": 1.2361512457385433, "f31": 1.1625942299559937, "f32": -0.690879894478033, "f33": -0.5300801893885594, "f34": -1.931301726139437, "f35": 1.3936252020993007, "f36": -0.1415262959276138, "f37": -0.016292366571085626, "f38": 0.2684871084001914, "f39": -1.6944579672132998, "f4": 2.120130181110068, "f40": 0.1264172784413506, "f41": -0.972261102899256, "f42": -0.8595584609268552, "f43": 0.7411913962141473, "f44": -0.227526057747758, "f45": 1.1130711348265445, "f46": -0.5751096702795464, "f47": -1.1489455957456636, "f48": -0.8155323522091007, "f49": 0.44464981264458603, "f5": 2.4568955593805994, "f50": -0.38854164607669106, "f51": -1.4496211696608603, "f52": -0.8472340964234174, "f53": -0.13707963615612978, "f54": -0.07911574865097643, "f55": 2.5948453867742565, "f6": 1.5035269744166824, "f7": -0.38820637031545036, "f8": -0.8549513381774022, "f9": -1.7654390467960837}, "datetime": {"datetime": "2023-02-04 01:34:07", "elapsed": 26264.443593, "delta": 55.30767}}
{"target": 0.6518510730462637, "params": {"f0": 0.4917113873218203, "f1": 0.4511232652848777, "f10": -0.782902774149889, "f11": -0.08026586686734538, "f12": -0.3324110620470291, "f13": -0.7674485421619902, "f14": -0.5875146177458604, "f15": -0.5977665870935638, "f16": 1.0110897876371712, "f17": 0.5423882291760964, "f18": -1.914322151803613, "f19": -1.0873782707084554, "f2": -0.10580920436639074, "f20": 2.040608133248923, "f21": 0.021022089883803136, "f22": -2.539428079456707, "f23": 1.2974740702332164, "f24": -1.4721398867734872, "f25": -0.8389744792212795, "f26": 1.4295740393905036, "f27": -0.3501554709404109, "f28": 1.3279518234744838, "f29": 1.6582336629628671, "f3": 1.7022256897785493, "f30": 1.5404583005980643, "f31": 0.5794311200666551, "f32": -0.5271640900712034, "f33": -0.1257889557623072, "f34": -1.605978500019877, "f35": 0.8831347708983763, "f36": -0.4303932001722839, "f37": -0.028337447332746513, "f38": 0.14696322180893628, "f39": -0.5434644748337651, "f4": 1.4528519726833984, "f40": 0.7487067124355945, "f41": -2.1045677049987606, "f42": -1.7528042192308364, "f43": 1.3249040417284448, "f44": -0.35474295053233484, "f45": 0.9304310740170709, "f46": 0.03918312550666969, "f47": -0.5698037058150472, "f48": -0.8386820047077762, "f49": 0.5049217998856859, "f5": 0.924795938238964, "f50": -0.4248855023478946, "f51": -0.6572982517962787, "f52": -1.0827792148508009, "f53": -0.05059834911322625, "f54": 0.5852075508769201, "f55": 1.9309647200143882, "f6": 2.8971232028878235, "f7": -0.028342648608698506, "f8": -0.8903318010123134, "f9": -2.6425355259592815}, "datetime": {"datetime": "2023-02-04 01:35:14", "elapsed": 26331.255338, "delta": 66.811745}}
{"target": 0.36863609157110067, "params": {"f0": 0.22989906972445845, "f1": 0.9177722966457216, "f10": -0.5407810088385231, "f11": -0.5088017910302893, "f12": -0.7329996276357136, "f13": -1.2226199775177737, "f14": -0.9909258174900938, "f15": -1.4996120851669383, "f16": 0.7492830445777303, "f17": 0.12762793832765124, "f18": -1.4621198682677172, "f19": -0.9599351313716611, "f2": -0.9303962672521655, "f20": 1.711182031353653, "f21": -0.07656909258156476, "f22": -2.4032206866402714, "f23": 0.5782232023292113, "f24": -1.4871241948430591, "f25": -0.18875911745240959, "f26": 1.2444522958668078, "f27": -0.34737469469782223, "f28": 0.46348621811797436, "f29": 1.0427984345623882, "f3": 1.4002711901279117, "f30": 1.2842527688110563, "f31": 0.7907890635290797, "f32": -0.23172934516423505, "f33": -0.13207782768485388, "f34": -0.6883086583269404, "f35": 0.9220418099292069, "f36": -0.44002241909976947, "f37": 0.10828929215821342, "f38": 0.07138648327744208, "f39": -1.527606551003708, "f4": 0.6933910541409111, "f40": 0.7480119658662745, "f41": -1.717481055131545, "f42": -1.7255225070424964, "f43": 1.1102411181831586, "f44": -0.261069641446396, "f45": 0.899221332590546, "f46": 0.010676639914322106, "f47": -0.491458274207923, "f48": -1.113962053110788, "f49": 0.3896544064223442, "f5": 1.2501408291793414, "f50": -1.116883935738442, "f51": -0.3064263963625602, "f52": -1.0125961194486508, "f53": 0.18953941835492943, "f54": 0.050347337507017836, "f55": 1.7920245195278195, "f6": 1.6863143961815847, "f7": 0.07798716516420906, "f8": -0.6071389563720544, "f9": -1.765829334659142}, "datetime": {"datetime": "2023-02-04 01:36:19", "elapsed": 26396.442472, "delta": 65.187134}}
{"target": 0.4598863619903625, "params": {"f0": 0.3153939097474169, "f1": 1.2691907326393093, "f10": -0.339930848858793, "f11": -0.43793857416111626, "f12": -1.035908239591772, "f13": -1.3921862719285971, "f14": -0.8953354786999123, "f15": -0.41746151365421835, "f16": 0.24291700232923263, "f17": 0.6233944285714125, "f18": -1.1787037219048428, "f19": -1.2161587285570652, "f2": -0.19728102933539338, "f20": 1.8299659672078232, "f21": 0.4604358775240882, "f22": -2.7818309950003264, "f23": 0.8329330956300722, "f24": -0.4289141700325767, "f25": -1.124338206278703, "f26": 0.9754153050619045, "f27": -0.05114626806403311, "f28": 0.8193150888587697, "f29": 0.6543151029165534, "f3": 0.9623397377631386, "f30": 1.7866051516813124, "f31": 0.6596586625217673, "f32": -0.047538090480305106, "f33": -0.4135790938130054, "f34": -2.1081908496339405, "f35": 2.555254100565854, "f36": -0.47275071187588974, "f37": -0.2684881282603276, "f38": 0.0839963310637774, "f39": -1.1488390582077026, "f4": 1.9665882896004523, "f40": 0.2091506306743245, "f41": -0.6458380724347481, "f42": -2.6325992052556355, "f43": 1.2406306666235047, "f44": -0.3995620543827513, "f45": 1.1763042858457955, "f46": -0.36815691455429156, "f47": -0.7055740984462872, "f48": -1.1759463055490427, "f49": 0.17145685015916134, "f5": 1.8054355559071174, "f50": -0.7013971945061274, "f51": -1.2418646641957904, "f52": -0.4633660973246314, "f53": 0.5049115134731463, "f54": 0.15052503512221363, "f55": 1.2151245545553155, "f6": 2.4845952517558763, "f7": 0.17402605806029442, "f8": -0.8192024836234597, "f9": -1.5203988849541026}, "datetime": {"datetime": "2023-02-04 01:37:08", "elapsed": 26445.57599, "delta": 49.133518}}
{"target": 0.6518510730462637, "params": {"f0": 0.2484618002714979, "f1": 0.5068473273927464, "f10": -0.421547083571006, "f11": -0.3418159131100055, "f12": -1.2076660528466263, "f13": -1.0129466861447707, "f14": -1.4970318911746134, "f15": -0.58415194922569, "f16": 0.545563824395367, "f17": 0.23861439181384442, "f18": -0.6898815547741426, "f19": -0.8773251317757167, "f2": -0.7185556415152418, "f20": 2.1978885930286847, "f21": 0.7232751205740251, "f22": -1.0022802200856327, "f23": 1.7516508608737134, "f24": -1.5720532496558737, "f25": -0.7394497705664564, "f26": 1.0904909723203713, "f27": -0.3297235215479333, "f28": 1.015773074028216, "f29": 2.3042009857566423, "f3": 0.7224564648828431, "f30": 2.043892042544525, "f31": 0.485607476035546, "f32": -0.3484319042374757, "f33": -0.06434137898284331, "f34": -1.6995070930862561, "f35": 2.4944046047282926, "f36": -0.7321982751103677, "f37": 0.407061070764071, "f38": 0.5061926536378396, "f39": -1.0599037606298454, "f4": 2.8272281749542802, "f40": 0.858714584466092, "f41": -0.7264322300503432, "f42": -2.4140631175929377, "f43": 0.3893260627597711, "f44": 0.21133390386784295, "f45": 1.2722093523448028, "f46": -0.3385644598194585, "f47": -0.6428217649248282, "f48": -0.9250077152469278, "f49": 0.09929531105151364, "f5": 0.5976614204918105, "f50": -0.8548097395003396, "f51": -1.0547771450961279, "f52": -1.0291864380165467, "f53": -0.0020138722135231157, "f54": -0.08507428973362208, "f55": 1.19278944810436, "f6": 1.0175543594741785, "f7": 0.16674412396989663, "f8": -0.38162281261988285, "f9": -2.2984183703449856}, "datetime": {"datetime": "2023-02-04 01:37:14", "elapsed": 26451.079791, "delta": 5.503801}}
{"target": 0.3894632873981996, "params": {"f0": -0.004554959901266135, "f1": 0.6687893860975553, "f10": -0.5335748328235994, "f11": -0.30584942096512213, "f12": -1.0100451263053498, "f13": -1.3607033463611957, "f14": -0.8510213719761698, "f15": -0.43082686493012967, "f16": 0.11507583864484297, "f17": 0.2483261167438073, "f18": -1.7560414768460122, "f19": -1.4101065352289488, "f2": -0.023858387729283614, "f20": 1.0946513784645537, "f21": 0.1149424812233573, "f22": -2.298616979977978, "f23": 0.7413932009084045, "f24": -1.7743679329724806, "f25": -0.16610915395033476, "f26": 0.3320616883722605, "f27": 0.21744487401864132, "f28": 0.785995435685552, "f29": 1.4449752425514975, "f3": 1.948216623327987, "f30": 1.0018952241438162, "f31": 0.842811558283683, "f32": -0.4805249066693606, "f33": -0.4805410730630355, "f34": -0.6527523190542011, "f35": 2.4548691894810903, "f36": -0.9025326524275288, "f37": -0.302643935934706, "f38": 0.5502951292889342, "f39": -1.77024262859429, "f4": 2.876791724824873, "f40": 0.11174264873980927, "f41": -0.707193411689254, "f42": -1.6459309683739183, "f43": 0.37225863838368134, "f44": -0.4024892784037096, "f45": 0.8969430889762147, "f46": -0.5555470509323948, "f47": -0.12237256821946407, "f48": -0.7654764253224902, "f49": 0.5600100894267278, "f5": 1.992603613742887, "f50": -1.234381593607078, "f51": -1.4244577001552836, "f52": -1.0957006846547714, "f53": -0.25988460989920814, "f54": 0.19161913498226546, "f55": 0.6352387019445035, "f6": 2.708487495221046, "f7": 0.011084449872286628, "f8": -0.8114111276924536, "f9": -1.5078151184195296}, "datetime": {"datetime": "2023-02-04 01:38:49", "elapsed": 26546.252266, "delta": 95.172475}}
{"target": 0.2735499917777832, "params": {"f0": -0.04286109110323383, "f1": 1.0737919040628168, "f10": -0.8277457059916047, "f11": -0.1269284161293086, "f12": -0.8183320364938786, "f13": -1.5932738999662317, "f14": -0.5967481776523043, "f15": -0.6654584745408092, "f16": 0.43698870881618046, "f17": 0.22729166447101048, "f18": -1.2098360588933783, "f19": -1.3142829359106272, "f2": -0.30477216991952016, "f20": 0.7699227905194044, "f21": 0.7662849845744136, "f22": -1.4374253951757405, "f23": 1.1154342721080588, "f24": -0.7570847117470332, "f25": -0.6288588641683053, "f26": 0.5130025753716252, "f27": 0.07653139485594551, "f28": 1.2210383613477798, "f29": 2.8252740009079056, "f3": 2.978673833682173, "f30": 1.0488309994076457, "f31": 0.48103768838000094, "f32": -0.31808702893714075, "f33": -0.8661497019180721, "f34": -0.6298608761344655, "f35": 2.6909363189587117, "f36": -0.47081102007571674, "f37": 0.1954582989127439, "f38": 0.5419799059169241, "f39": -1.6263903196896072, "f4": 1.4230370175487028, "f40": 0.20271373766827927, "f41": -1.8803126870189348, "f42": -2.2427696917323066, "f43": 1.090240110214331, "f44": 0.1533705516745666, "f45": 0.5785848973735832, "f46": -0.6910890112437412, "f47": -0.25324120131695416, "f48": -1.6928313608947247, "f49": 0.36849873962714463, "f5": 1.7435196038329601, "f50": -0.5473349218395329, "f51": -0.5570054381129836, "f52": -0.7304433964956897, "f53": 0.012982605295370098, "f54": 0.13271386815761843, "f55": 0.48888212575727324, "f6": 2.3744452361955166, "f7": -0.3011962505858917, "f8": -0.3941499015604988, "f9": -1.9131680120039565}, "datetime": {"datetime": "2023-02-04 01:39:56", "elapsed": 26612.946395, "delta": 66.694129}}
{"target": 0.4126416062917155, "params": {"f0": 0.24242924417407874, "f1": 0.45672936111589235, "f10": -0.6320857395643984, "f11": -0.018503825455755574, "f12": -0.6850841627738451, "f13": -1.3383870987736102, "f14": -1.1767221622238395, "f15": -1.3434145259005068, "f16": 0.7430947093994843, "f17": 0.36044265645193985, "f18": -0.719383562124587, "f19": -1.485056355530742, "f2": -0.11743323632176217, "f20": 2.516429230944186, "f21": 0.2829405389361046, "f22": -1.2714719495071216, "f23": 0.9425316591939259, "f24": -1.4043043711061938, "f25": -0.7064700491880962, "f26": 0.8891091864917655, "f27": -0.33634238401329497, "f28": 1.1037474991247893, "f29": 0.6580382581783712, "f3": 2.581341923910284, "f30": 1.551724951673525, "f31": 0.9752542879554223, "f32": -0.6912185146965769, "f33": -0.08703388970615955, "f34": -1.4549449620415247, "f35": 0.4784448640171798, "f36": -0.6520049233468379, "f37": -0.029235154630267213, "f38": 0.27296573702085236, "f39": -1.0961134010620515, "f4": 1.5033479669067114, "f40": 0.8359474189267638, "f41": -1.851606118738561, "f42": -1.5707269296960253, "f43": 1.1812846016401166, "f44": -0.04094200571961032, "f45": 0.9284781191164968, "f46": -0.3237479301636412, "f47": -0.19746246386693933, "f48": -1.3909942074601989, "f49": 0.4598370404853218, "f5": 0.9975640439110194, "f50": -0.9403789680261238, "f51": -1.2850667831056821, "f52": -0.4264234658892485, "f53": 0.27599193865744104, "f54": 0.5220460472885673, "f55": 2.49567523157338, "f6": 1.0345338371760058, "f7": -0.30548227402008155, "f8": -0.017240692954809345, "f9": -2.3616864110480704}, "datetime": {"datetime": "2023-02-04 01:41:10", "elapsed": 26687.22893, "delta": 74.282535}}
