{"target": 0.22454537399915694, "params": {"f0": 1.0427533088559717, "f1": 1.0471461308456536, "f10": -0.08002874151044004, "f11": 0.5143491959604929, "f12": -2.5767855653322793, "f13": -2.1681415459413884, "f14": -0.29388909248775974, "f15": -1.4848971156227257, "f16": 1.5213552316435397, "f17": 1.3390431019453, "f18": -2.996677446939424, "f19": 0.09596766434135029, "f2": 0.7803716960707382, "f20": 2.9756691493251637, "f21": 0.9086217341601153, "f22": -2.2982512969127225, "f23": 0.36657097177039666, "f24": -1.1047555767002586, "f25": -0.4037699463136446, "f26": -0.7096146977840652, "f27": -0.22934009148817092, "f28": 0.16761870038830395, "f29": 1.9668029951449615, "f3": 2.319142116304118, "f30": 0.5703887541554135, "f31": 0.7363751487149902, "f32": -0.2450890850419467, "f33": -0.20646214326211154, "f34": 0.19558713500243696, "f35": -0.2796619320510444, "f36": -1.7745136505965302, "f37": 1.1454600625248919, "f38": -0.5990933048736418, "f39": -0.41389056598751917, "f4": 2.7922058463514947, "f40": 1.378516191322868, "f41": -0.3434182576249287, "f42": -2.2198415742678743, "f43": 1.6732800346087178, "f44": 0.7815758659534524, "f45": 0.6099533581609903, "f46": 0.4488507300566089, "f47": -0.6758257290617473, "f48": -1.2008277841314432, "f49": 0.0961548693739912, "f5": 0.7864123057418128, "f50": 0.08443527237833481, "f51": -1.351309000908806, "f52": -1.2860809209537614, "f53": -0.3511650371001225, "f54": 1.1439343126328145, "f55": 2.9763306341108673, "f6": 1.9281827921082022, "f7": -1.2722197951794483, "f8": -0.15131726501351106, "f9": -0.9543546132150182}, "datetime": {"datetime": "2023-02-03 19:02:16", "elapsed": 2753.501819, "delta": 55.990372}}
{"target": 0.5316863431680369, "params": {"f0": -0.053654700366636665, "f1": -0.09787776609731025, "f10": 0.506105601594827, "f11": 0.04307865731554583, "f12": -1.4438848082892095, "f13": -0.44031434674437264, "f14": 0.3042788586403069, "f15": -0.31432805838577815, "f16": 0.36469989833480254, "f17": -0.3260270765158052, "f18": -2.0464286708363546, "f19": -0.7471621880595001, "f2": 2.0460695707508245, "f20": 2.3845883405840396, "f21": -0.33819408045562305, "f22": -2.1533380306331233, "f23": 0.35261044338979397, "f24": -0.3088431038795696, "f25": -0.8715681831289724, "f26": 0.10780223946749246, "f27": -1.4771542494928231, "f28": 2.336299043250853, "f29": 1.868948321056921, "f3": 2.9601197212241313, "f30": 1.2733917814702371, "f31": 0.8428460843436848, "f32": -0.3056027505657526, "f33": -0.6423358182551524, "f34": -1.7891426392694847, "f35": 0.41196045164216477, "f36": -1.2910938477058362, "f37": 0.339056118459787, "f38": 0.573085787663234, "f39": -0.4425833596452631, "f4": 2.3538029543590557, "f40": 0.5722852850531872, "f41": -1.317423254364077, "f42": -2.5869955536221534, "f43": 1.6253392369647415, "f44": 0.6067769181862046, "f45": 2.0284614732584676, "f46": -1.1866527124019717, "f47": -0.4756085341235474, "f48": -0.4211586428341205, "f49": 1.3561295854499824, "f5": 2.1443525911737487, "f50": -0.46979580829082856, "f51": -2.125143406425261, "f52": -0.7479031025125058, "f53": -2.401128187915776, "f54": 0.8716954687807735, "f55": 2.666344971167683, "f6": 1.9552072410259251, "f7": -0.9774650446513862, "f8": 0.34132845922660504, "f9": -1.799782525555947}, "datetime": {"datetime": "2023-02-03 19:03:12", "elapsed": 2809.227437, "delta": 55.725618}}
{"target": 0.15623092641093847, "params": {"f0": -0.02218901294555098, "f1": 0.6026586695569519, "f10": -0.008995153566925818, "f11": -0.015706162356676212, "f12": -1.2645329547435233, "f13": -2.156180268199113, "f14": -0.10941480151542127, "f15": -0.14466644529171235, "f16": 1.808430626430444, "f17": 0.8918521542212583, "f18": -1.750872282355563, "f19": -0.13042403363387556, "f2": 0.8583911535326746, "f20": 2.327078983186309, "f21": -0.9477482905642505, "f22": -2.865662931936189, "f23": 1.308223042224768, "f24": -1.427198804095191, "f25": -0.36488796502019594, "f26": 0.8654090316753149, "f27": 0.13858997993359168, "f28": 0.20837409842581056, "f29": 2.610928476219593, "f3": 2.855037401252107, "f30": -0.34491947381490573, "f31": 1.837563361807213, "f32": -0.11265987220358165, "f33": -0.5439190592541745, "f34": -0.3575382308467536, "f35": 1.422135010643642, "f36": -2.4612801369209123, "f37": 1.3116367374366669, "f38": -0.4655983134003595, "f39": -1.0584428966266424, "f4": 1.263267881574519, "f40": 0.011257645219931556, "f41": -0.927111110792739, "f42": -1.06261352150072, "f43": 1.2023842139850653, "f44": 0.7185261420826126, "f45": 1.0968999634135876, "f46": -0.049281311544790096, "f47": -0.7047876182742436, "f48": -0.8483746226628255, "f49": 1.2250432844739643, "f5": 0.25273031833582493, "f50": -0.11920297583263317, "f51": -2.448353303897848, "f52": -0.9475572769959346, "f53": -1.146981436756103, "f54": -0.8113985437878065, "f55": 2.3514277098816696, "f6": 2.356682103485038, "f7": -2.004342381141807, "f8": 0.8907389716542242, "f9": -1.968603535363424}, "datetime": {"datetime": "2023-02-03 19:04:12", "elapsed": 2869.852658, "delta": 60.625221}}
{"target": 0.245105391022994, "params": {"f0": -0.1553733008314514, "f1": -0.7079728662014577, "f10": 0.9795601645979396, "f11": 0.42260277358068565, "f12": -1.5854049352081567, "f13": -2.0947719439976433, "f14": -1.9766024384220542, "f15": -0.3120548597656021, "f16": 0.6302344869417099, "f17": 1.3432567452705535, "f18": -1.9381632128835269, "f19": -0.7662647544587514, "f2": 0.18839762871477783, "f20": 0.35352117868028127, "f21": -0.269970764318595, "f22": -2.9977343282651954, "f23": 0.5989155109854737, "f24": -0.38970964977462197, "f25": -0.16981019175110768, "f26": 0.5769819958909674, "f27": -0.6604021737627721, "f28": 0.4339356143226244, "f29": 2.845335387031504, "f3": 2.1566341173378984, "f30": 0.3019345773939669, "f31": 1.0027334230579716, "f32": -0.06750008609457703, "f33": 0.0761229803389698, "f34": -0.23812496313157538, "f35": -0.2116344339109229, "f36": -1.4860783384178653, "f37": 0.22945360050754293, "f38": -1.0639705106455284, "f39": -0.5673566338585603, "f4": 2.873489951946993, "f40": 0.4637933025994103, "f41": -0.3682522091343441, "f42": -1.466558447888548, "f43": 1.354124705370923, "f44": 1.1001421536730158, "f45": 0.1028288764743237, "f46": -0.9582637799597638, "f47": 0.5456665400040517, "f48": -0.3497884688730206, "f49": 1.1728598248928752, "f5": 1.0038599214099557, "f50": 0.5518971536369943, "f51": -2.596955449483538, "f52": 0.3198526781918454, "f53": -1.319142851479805, "f54": 0.1902740131984323, "f55": 1.7450321846963188, "f6": 2.0908614624006745, "f7": -1.911425956135459, "f8": -0.7846911551525376, "f9": -1.4892139287963788}, "datetime": {"datetime": "2023-02-03 19:04:45", "elapsed": 2902.536876, "delta": 32.684218}}
{"target": 0.6240243527420563, "params": {"f0": -0.2476906047826143, "f1": 0.8775664688295534, "f10": -0.07802670508366227, "f11": -0.4220088477481279, "f12": -2.6553686453604084, "f13": -1.297970302684185, "f14": -1.3230888665047082, "f15": -1.2679302647083277, "f16": -0.08093516987819949, "f17": 0.5641036519686131, "f18": -2.951726372852224, "f19": 0.5323031972532961, "f2": 1.3461754452878631, "f20": 1.6012291447194809, "f21": -0.7523290518959085, "f22": -1.9097476191098879, "f23": 0.24215929697280414, "f24": -1.9352590502300575, "f25": -0.10688483943570382, "f26": 1.2060140523579947, "f27": 0.17006466063446024, "f28": 0.5955259147818839, "f29": 0.9983868778036213, "f3": 2.783844747126264, "f30": 0.8361618935948117, "f31": 0.8852969023909205, "f32": 0.2390930249641593, "f33": 0.40972755182161846, "f34": -1.761504030048401, "f35": 1.1400248195806988, "f36": -0.9848325394921806, "f37": 0.7973694104175842, "f38": -0.6466516176456303, "f39": -0.638053977462496, "f4": 2.260502486071463, "f40": 0.31052820487485144, "f41": -1.3610266952824472, "f42": -0.18125494134331932, "f43": 1.0875070738841495, "f44": -0.3670563227252255, "f45": 0.9785403651136814, "f46": -0.29760577400848454, "f47": -0.7457129824198199, "f48": -0.010623729401512128, "f49": -0.5160131078501851, "f5": -0.10196744511597666, "f50": -0.2551674982612717, "f51": -2.5293134369271284, "f52": -0.2190952914442963, "f53": -2.479762106219296, "f54": 0.6596696880117802, "f55": 2.319254114481708, "f6": 1.7285031836692426, "f7": -1.7697514544732555, "f8": 0.2925204487739391, "f9": -1.7772600954666677}, "datetime": {"datetime": "2023-02-03 19:05:27", "elapsed": 2944.058405, "delta": 41.521529}}
{"target": 0.4034519151382086, "params": {"f0": -0.26317591358336856, "f1": -0.08849965322008324, "f10": -0.8480321557430457, "f11": -0.15036923433009375, "f12": -2.6640089537488203, "f13": -0.15199860253918285, "f14": -1.1400304692062324, "f15": -0.1079583479783075, "f16": -0.07706057272100753, "f17": 0.2714948165487151, "f18": -2.8673658368738937, "f19": -0.49222892572995813, "f2": 1.0862426520731367, "f20": 2.5412065158830472, "f21": -0.035485565101738614, "f22": -1.2442643851525286, "f23": 0.8074229472222963, "f24": -0.462475155539279, "f25": -0.8512847432402281, "f26": 0.9703718481347137, "f27": 0.02251347518787994, "f28": 1.1865123334298855, "f29": 1.934747355158438, "f3": 2.099803821633225, "f30": -0.40325893256199963, "f31": 0.079931539572146, "f32": -0.5266009974017027, "f33": 0.4641790371666302, "f34": -0.44844980357917374, "f35": 0.23509935954291739, "f36": -2.202176137623952, "f37": -0.46783847458984196, "f38": 0.11093612838041667, "f39": -1.5745915994016466, "f4": 2.948731230998003, "f40": 0.6392690222063688, "f41": -3.0202813431788056, "f42": -1.2805465441415282, "f43": 1.381155339045258, "f44": -0.35536461778692086, "f45": 1.3052770239485358, "f46": -1.1070981473056096, "f47": 0.8641939128294511, "f48": -0.16762066119675412, "f49": 0.7531755115510167, "f5": 0.32316296684993245, "f50": 0.6489988908457147, "f51": -1.6531495298800254, "f52": -0.0495661322034171, "f53": -1.1353238243838584, "f54": -0.23796269031130424, "f55": 2.6901420176421076, "f6": 1.9956278557833276, "f7": -1.1659837421735355, "f8": 0.599442028394615, "f9": -1.6293476521206953}, "datetime": {"datetime": "2023-02-03 19:06:02", "elapsed": 2978.916005, "delta": 34.8576}}
{"target": 0.3219250648902745, "params": {"f0": -0.39641169819496697, "f1": 0.030839068933342872, "f10": 0.026501557234569595, "f11": 0.16888242483591065, "f12": -2.7826217525461168, "f13": -0.3393107015002981, "f14": -1.759650953839342, "f15": -0.4767183860890143, "f16": 0.7052557738029548, "f17": 0.28195396633520087, "f18": -2.594649690120115, "f19": -0.9826775553302852, "f2": 0.843648022321392, "f20": 1.4100753933292431, "f21": 0.6199227602930804, "f22": -1.169875664667298, "f23": 0.5212506085943962, "f24": -1.2429152326156199, "f25": -0.058115985800442305, "f26": -0.26036502020486885, "f27": 0.37360692554051367, "f28": -0.16289655750399457, "f29": 2.1634624431431377, "f3": 1.9577752604781065, "f30": 0.872849841886164, "f31": 1.2141751858299485, "f32": -0.316402942415693, "f33": -0.4794114454428142, "f34": -2.005725446942712, "f35": 0.023599290162267805, "f36": -0.8259159692703313, "f37": -0.28414178086912667, "f38": -0.06942246094615867, "f39": -0.4961731026228735, "f4": 1.5833803519928187, "f40": -0.5253630192502043, "f41": -1.9918767253332175, "f42": -1.3805417212957196, "f43": 1.567067952908193, "f44": -0.5834392063333139, "f45": 0.1459894933614176, "f46": -0.3414767639541221, "f47": -0.504812466662509, "f48": 0.16410892440210545, "f49": 0.028941055738631483, "f5": 1.2058033219451674, "f50": -0.737630613640462, "f51": -1.3945563987997145, "f52": -1.3462426269366625, "f53": -0.03724784440307882, "f54": 0.5733121034180916, "f55": 2.456703710357762, "f6": 2.59700464938625, "f7": -2.0908726654870446, "f8": -0.8420213747402407, "f9": -2.5009216296695236}, "datetime": {"datetime": "2023-02-03 19:06:38", "elapsed": 3015.665364, "delta": 36.749359}}
{"target": 0.4874922745931451, "params": {"f0": 0.07050704910548067, "f1": 0.8151957070890629, "f10": 0.09864811383635408, "f11": -0.6146868690035676, "f12": -0.3090077083102454, "f13": -1.0266070966635619, "f14": -1.0030001445967631, "f15": -1.603553013357157, "f16": 0.6565477615644544, "f17": 1.2953336422467359, "f18": -2.100226326734572, "f19": 0.006988958904563747, "f2": 0.9742813872757135, "f20": 1.8830027672585208, "f21": -0.05406130790525321, "f22": -1.556260334837501, "f23": 1.7432041844913202, "f24": -1.2325643328164517, "f25": 0.021437331113216995, "f26": 0.9982936778576117, "f27": -0.5576260003820298, "f28": 1.0752286859879088, "f29": 2.949707800403132, "f3": 2.1863384944934228, "f30": 1.4771525442859939, "f31": 1.4115201956951584, "f32": 0.6002236720667385, "f33": 0.43718493079351795, "f34": -1.2639434983699993, "f35": 0.1481658824111025, "f36": -1.4277905414039278, "f37": 1.1774788424536897, "f38": -0.9166679960349017, "f39": -1.8167900525970486, "f4": 2.3211036824463656, "f40": 1.0429943376367905, "f41": -2.253673690679662, "f42": -0.5670031557015149, "f43": 0.08613710115151113, "f44": 0.689001567776925, "f45": 1.2440360037049762, "f46": -0.3437396589055801, "f47": -0.40523066345607484, "f48": -1.317938666198381, "f49": 0.9645740338432677, "f5": 1.2502973027024125, "f50": -0.16445154854653843, "f51": -0.7396695427934996, "f52": 0.28243905363668453, "f53": -0.5393929374849722, "f54": -0.32932967053395734, "f55": 1.9564243777170653, "f6": 2.106860672629855, "f7": -1.2557796425376488, "f8": 0.3395279080540542, "f9": -2.1048270963384463}, "datetime": {"datetime": "2023-02-03 19:07:51", "elapsed": 3088.385486, "delta": 72.720122}}
{"target": 0.41035136492774926, "params": {"f0": -0.42590773848883495, "f1": 0.9579175735227791, "f10": 0.27009828324232055, "f11": -0.29931356316084506, "f12": -2.3838976089345496, "f13": -2.609198230150291, "f14": -0.754957423333495, "f15": -1.3871658493140384, "f16": 0.23388887691509275, "f17": 1.4665561842339494, "f18": -2.6394473758947625, "f19": -0.5589355574263795, "f2": 0.2742519438104652, "f20": 1.4383413173031885, "f21": 0.5366122084383425, "f22": -0.7240907866172175, "f23": 0.066874269238194, "f24": -0.6185112882003838, "f25": -1.1042980626024288, "f26": 0.3905155182333029, "f27": -0.28502501172026307, "f28": 1.5618722513928776, "f29": 2.346478122830934, "f3": 1.566515376251039, "f30": 0.8764749400462539, "f31": 1.3938780601123857, "f32": 0.30562570758700336, "f33": -0.7399114432585677, "f34": 0.3279809557510065, "f35": 0.20354930107546365, "f36": -0.4522250916095847, "f37": 0.671071526858198, "f38": -0.41316324755691547, "f39": -1.2393722146970962, "f4": 1.4795295859451014, "f40": 0.41343839267584326, "f41": -0.33033858192427923, "f42": -1.1731753879058795, "f43": 1.7701965144009422, "f44": 0.6533792642369534, "f45": 0.7057390089315516, "f46": 0.24725484715761303, "f47": 0.4243191041414549, "f48": -1.2985773192655865, "f49": 0.4989745238963429, "f5": 1.1128091296512241, "f50": -0.1983316641638584, "f51": -2.632145039607237, "f52": -0.9852740314887612, "f53": -0.5690166828707137, "f54": 0.4502827447715224, "f55": 2.829728389311606, "f6": 1.1451327685551123, "f7": -1.0837339844267107, "f8": 0.3999317906045602, "f9": -2.7712523054909943}, "datetime": {"datetime": "2023-02-03 19:08:33", "elapsed": 3130.61627, "delta": 42.230784}}
{"target": 0.1711222693927527, "params": {"f0": 0.0894180196073937, "f1": 0.6084933816296855, "f10": -0.7586276336263692, "f11": -0.2578228893336551, "f12": -1.7696590028964982, "f13": -0.09106554217160712, "f14": -1.1851003856245432, "f15": -1.493832470057266, "f16": 1.9204830515760132, "f17": 1.051851041906478, "f18": -2.673077336680719, "f19": -0.6443126489703449, "f2": 0.6446813433543508, "f20": 2.386157175374002, "f21": -0.028108660570763888, "f22": -1.333604546411977, "f23": 0.7177841785364889, "f24": -0.6954799308989246, "f25": 0.4206888056264786, "f26": 0.3909094405778806, "f27": -0.3769532972698524, "f28": 1.4184827840875498, "f29": 2.484268161330153, "f3": 2.252964712193958, "f30": 1.294575112363911, "f31": 0.49441367207182924, "f32": -0.5930705572616455, "f33": -0.1888799166757088, "f34": -0.11538829302532672, "f35": -0.379614836334226, "f36": -1.0869477512431116, "f37": 0.01240577455775671, "f38": 0.21453208315400607, "f39": -1.5076536991211844, "f4": 1.2296697626489594, "f40": 0.9844933618553391, "f41": -0.3557788754525699, "f42": -2.2675873963801223, "f43": 1.324055385557594, "f44": 0.5875207339684592, "f45": 1.3699929436017961, "f46": 0.347693608433042, "f47": 0.06887421892511592, "f48": -0.7470038295122816, "f49": 0.15370809748589598, "f5": 0.7748480754781211, "f50": -0.11815364190810873, "f51": -1.9449830211167074, "f52": -0.2668556845918222, "f53": -0.798247647384247, "f54": 0.9751528070406518, "f55": 2.8592998349249474, "f6": 1.7315167282936603, "f7": -2.4183103998326017, "f8": 0.06805697893758089, "f9": -1.980588270344044}, "datetime": {"datetime": "2023-02-03 19:09:06", "elapsed": 3163.131159, "delta": 32.514889}}
{"target": 0.09092860022769503, "params": {"f0": 0.5096814505217288, "f1": 0.0023180909347058076, "f10": -0.02210676276056167, "f11": 0.8627227800873878, "f12": -2.482964234322609, "f13": -2.280371532373957, "f14": 0.1597936455275102, "f15": -1.314925116707416, "f16": 1.8735398996557018, "f17": 1.1909492134986288, "f18": -2.5001418941871516, "f19": -0.5102312021082966, "f2": 0.7585067848088902, "f20": 2.268227280575968, "f21": -0.8823977158248456, "f22": -1.8460971141757836, "f23": 0.5761641390475879, "f24": -0.8112577721214822, "f25": -0.2812052990378291, "f26": -0.33047682460518274, "f27": -1.0337928809417936, "f28": 0.7181309129357545, "f29": 2.744561524476604, "f3": 1.6296950106208847, "f30": 0.9844952713814581, "f31": 1.7102837758708305, "f32": 0.007643720182584635, "f33": -0.5497508891369892, "f34": -0.24466434055832686, "f35": 0.5621173284317277, "f36": -1.2643325249249582, "f37": 0.665894825922903, "f38": -0.015842968507514543, "f39": -0.9987991086901153, "f4": 2.69914415182166, "f40": 0.9046895207761767, "f41": -0.36199753748229524, "f42": -0.48409504141601944, "f43": 1.6928743719812758, "f44": 0.39942593266500004, "f45": 0.7933843251561186, "f46": 0.14367398016901234, "f47": 0.10411068977675964, "f48": -0.1800251330255307, "f49": 0.8676353681351535, "f5": 2.0520474526745427, "f50": -0.7764499879329811, "f51": -1.8790556911505745, "f52": -0.2355424056356581, "f53": -2.0521890184610085, "f54": 0.512628191211799, "f55": 1.2547319062404971, "f6": 3.007296685802758, "f7": -0.6002376805832164, "f8": 0.18123882850736794, "f9": -1.6816397764774176}, "datetime": {"datetime": "2023-02-03 19:09:51", "elapsed": 3208.54, "delta": 45.408841}}
{"target": 0.2470000786428697, "params": {"f0": 0.10061920697509286, "f1": 0.40572673417123484, "f10": 0.4385617488902077, "f11": -0.2974844997875676, "f12": -1.0857216784049804, "f13": -1.9714956791471803, "f14": -1.9961793137670392, "f15": -0.6921202368772614, "f16": 0.27663258628816095, "f17": 0.3772340734198003, "f18": -2.538878248933766, "f19": 0.7199889838381992, "f2": 1.7315608046126882, "f20": 2.217323973872832, "f21": 0.5496084120511813, "f22": -2.6002934708524235, "f23": -0.20514812541844382, "f24": -0.5415479232506846, "f25": -0.5663094954292514, "f26": -0.27068041850228636, "f27": 0.23999731034129668, "f28": 1.0348802437233566, "f29": 2.9758850745259124, "f3": 2.2464049407172224, "f30": 0.5772704092069914, "f31": 2.2866336195425943, "f32": 0.3641941348405412, "f33": -0.3236774400261634, "f34": -1.2715854769360169, "f35": -0.17462712322590357, "f36": -1.1317179197857716, "f37": 0.32473392003740353, "f38": -0.018358592738912716, "f39": -1.2722827021782677, "f4": 1.762456217273705, "f40": 0.4235513152739166, "f41": -1.7968927850910166, "f42": -1.3900232900976301, "f43": 2.075272578194674, "f44": 0.046660674168140015, "f45": 0.28773091861112887, "f46": 0.5365688666058641, "f47": -0.02336490856315332, "f48": -1.6515965370338153, "f49": 0.2074980151029393, "f5": 1.9390949789728078, "f50": -0.8533388284450476, "f51": -1.7870879207681787, "f52": -1.3907829593838437, "f53": -1.6200947244522856, "f54": 0.05865411296739298, "f55": 2.9761421603817815, "f6": 2.4062298686394605, "f7": -1.2258359708165547, "f8": -0.17914009497707883, "f9": -0.41075961550687756}, "datetime": {"datetime": "2023-02-03 19:10:32", "elapsed": 3249.19736, "delta": 40.65736}}
{"target": 0.09172070914681897, "params": {"f0": 0.5432207871653304, "f1": -0.2727609396365462, "f10": 0.41181511565911844, "f11": -0.07429125536220804, "f12": -1.586565315440853, "f13": -1.6246365394820137, "f14": 0.25782648306580436, "f15": -1.1020464525955496, "f16": 1.0819083847707074, "f17": 1.1751621791678666, "f18": -3.0012966562321495, "f19": 0.7038505624722018, "f2": 0.6826820609880802, "f20": 0.8000891018338073, "f21": 0.5578611780579135, "f22": -1.8102814362266662, "f23": 0.2314045323872128, "f24": -0.5674838703993261, "f25": -0.5275279171145444, "f26": -0.3797960577233421, "f27": 0.2896235246720451, "f28": 0.3767549390492378, "f29": 2.9780751356746213, "f3": 1.5181029086956266, "f30": 0.420156709406487, "f31": 1.0140339361882393, "f32": 0.017108104301871596, "f33": -0.07453168909043184, "f34": -0.8654781918262735, "f35": 0.3787474865806386, "f36": -1.2753426815138715, "f37": 1.117961565194142, "f38": -0.4427970425343277, "f39": -1.1829390751750426, "f4": 2.9151604912803055, "f40": -0.3217857520986216, "f41": -0.7318400292484153, "f42": -0.9887594574654257, "f43": 0.6998897972364533, "f44": -0.5827451869783533, "f45": 0.38339030779005945, "f46": 0.05524225324569376, "f47": 0.6858069830571552, "f48": -0.3858448727870476, "f49": 0.3764950628680063, "f5": 1.0905801493908234, "f50": 0.2458916868286285, "f51": -1.640891937705715, "f52": -0.494553860006989, "f53": -2.081207029171794, "f54": -0.6291969205453845, "f55": 2.1353862510465254, "f6": 1.481989676892531, "f7": -1.5589186176256462, "f8": -0.6361792399066258, "f9": -2.658990881133768}, "datetime": {"datetime": "2023-02-03 19:11:18", "elapsed": 3295.734585, "delta": 46.537225}}
