{"target": 0.26097077716143313, "params": {"f0": 1.1895651066634856, "f1": -0.8929991677532054, "f10": -0.513486228549273, "f11": -0.2129547897033257, "f12": -1.7328014392639168, "f13": -1.4130580014684608, "f14": -0.914136154735943, "f15": -0.5149433386751665, "f16": 1.8825007540366405, "f17": -0.07905195666222908, "f18": -2.4051962277233, "f19": 0.2761182313562405, "f2": -0.3838728398113659, "f20": 2.711304926284345, "f21": -0.1135765495497083, "f22": -0.767035536072715, "f23": 0.12064193282130764, "f24": -1.131660663044424, "f25": 0.07194586961755234, "f26": 0.15932483440963974, "f27": 0.015868885774772634, "f28": 2.045780928969034, "f29": 2.438900626156857, "f3": 2.367520073622173, "f30": 1.1098849355782257, "f31": 1.4852564777233037, "f32": -0.44610335107292054, "f33": -0.04217459387882361, "f34": -0.40245817282062957, "f35": 0.6724434120443271, "f36": -2.1029564311036975, "f37": 0.454772186921638, "f38": -0.944579231077288, "f39": -1.6447937776557724, "f4": 1.2352579556799745, "f40": 0.7781902213425427, "f41": -0.49984500773481955, "f42": -1.954159759325465, "f43": 1.6311416410906312, "f44": 0.5123174492339415, "f45": -0.18885134414931998, "f46": -0.045620888398211434, "f47": -0.1338929546180163, "f48": -1.6924658692660641, "f49": 1.4501698023637757, "f5": 1.177496526862941, "f50": -0.7111960334040054, "f51": -1.2451743951369967, "f52": -1.6196396800508548, "f53": -0.5380659958508112, "f54": -0.6396638793365164, "f55": 0.7596846260676632, "f6": 2.434837635650934, "f7": -1.002589858051273, "f8": -0.1903673261669354, "f9": -1.8759954796241671}, "datetime": {"datetime": "2023-02-03 20:28:18", "elapsed": 7915.78323, "delta": 69.319135}}
{"target": 0.2755824661594659, "params": {"f0": -0.06337885177389846, "f1": -0.6898965059126682, "f10": 0.3675317888171806, "f11": -0.4908746601980184, "f12": -2.7963757548425914, "f13": -1.219291273594129, "f14": -1.9387665230862843, "f15": -1.227399475342747, "f16": 1.6480756429218895, "f17": 1.071142870722983, "f18": -2.9547689186573938, "f19": -0.8547864059903242, "f2": 0.27232468099481966, "f20": 2.3096481989106126, "f21": -0.057797111843419735, "f22": -1.1676677801953668, "f23": 0.26004281216058767, "f24": -0.8400324537168689, "f25": -0.23081610670218833, "f26": -0.036324626435541796, "f27": 0.14205102625963395, "f28": 1.376948225612324, "f29": 2.815439116006116, "f3": 2.380069254441787, "f30": 1.3354205121286196, "f31": 2.338240231222716, "f32": -0.31728074058733746, "f33": 0.19442349604240294, "f34": -0.9543354840366665, "f35": 1.1988981552867273, "f36": -0.09540562129507846, "f37": 0.8097450809821264, "f38": -0.14101389631962524, "f39": 0.09944859709289577, "f4": 2.088682862757431, "f40": 1.3102576804618093, "f41": -2.388809261086192, "f42": -0.5331614724338767, "f43": 1.4907449496139251, "f44": 0.6621315527430076, "f45": 0.7216115282996253, "f46": -0.7762553496617915, "f47": -0.3393146645084598, "f48": -1.07572527409407, "f49": -0.04550731833209554, "f5": 1.0337437317898006, "f50": -0.941837036251685, "f51": -1.6092677342823551, "f52": -0.6745741382683996, "f53": 0.3968538395670773, "f54": 0.5597032095259501, "f55": 2.9980897054101905, "f6": 2.711962221485534, "f7": -0.009448194865047554, "f8": -0.5667804271158732, "f9": -1.331400536983382}, "datetime": {"datetime": "2023-02-03 20:28:20", "elapsed": 7917.085598, "delta": 1.302368}}
{"target": 0.6027492709477298, "params": {"f0": -0.3011371292088342, "f1": -0.16679259110884137, "f10": 0.41057991278738837, "f11": -0.31205936489681096, "f12": -2.2077965115387013, "f13": -1.0299540826702398, "f14": -0.8234420274273344, "f15": -1.2965828433255275, "f16": 1.2579861299695931, "f17": 0.1005010399652656, "f18": -2.722911544603541, "f19": -0.6514567253801142, "f2": 1.1871054290102916, "f20": 1.500473020151463, "f21": -0.7071513817279117, "f22": -1.0794529058907398, "f23": 2.024523428696481, "f24": -0.16743504267988474, "f25": -0.6876014993669377, "f26": -0.2829509027611836, "f27": -0.16896307222982476, "f28": 0.13720930492327466, "f29": 1.9269183888227421, "f3": 2.7070317580661345, "f30": 0.9032629307288794, "f31": 2.5607809105280697, "f32": -0.7653504810180328, "f33": -0.99189118105223, "f34": -0.9128859558156617, "f35": 0.06355363073198461, "f36": -2.063708238561279, "f37": 0.9907551206590145, "f38": -1.1961035629935748, "f39": 0.5159699212262012, "f4": 1.8298012020315073, "f40": 0.24308115635890748, "f41": -0.7720811762586592, "f42": -1.226621494931789, "f43": 2.5542763092241207, "f44": 0.47048671111956253, "f45": 0.44715467671266673, "f46": 0.04369863888062486, "f47": 0.5140587167801838, "f48": -1.035601800394396, "f49": 1.4644432961282687, "f5": 1.09701620673729, "f50": -0.005000471946490448, "f51": -1.817648250533515, "f52": -1.463477215580069, "f53": -2.4610499830520576, "f54": -0.33295138917915446, "f55": 2.5558151145210357, "f6": 0.3119066142989293, "f7": -0.4050806393568571, "f8": -0.0028072989536604975, "f9": -0.5648058414400454}, "datetime": {"datetime": "2023-02-03 20:29:18", "elapsed": 7975.413343, "delta": 58.327745}}
{"target": 0.41056067572209687, "params": {"f0": -0.3649107171201822, "f1": 0.4488949058049263, "f10": 0.9587766575649614, "f11": -0.7213306880714536, "f12": -1.2902468393913573, "f13": -2.4408550402070905, "f14": -1.3370627032594893, "f15": 0.38986893822894686, "f16": 1.541301526882795, "f17": 0.17334558529384414, "f18": -2.45319934366265, "f19": -0.715454653017533, "f2": 1.1076630363316435, "f20": 1.1792031712231017, "f21": 0.1568507656334408, "f22": -0.2995468755465529, "f23": 1.6991690418696357, "f24": 0.7102008835952849, "f25": 0.4623004643524362, "f26": 0.040628691598851296, "f27": -0.8251533476169441, "f28": 0.8990938314592457, "f29": 2.6306446733960636, "f3": 2.4990318030952805, "f30": 0.4648194386701904, "f31": 0.44720765522156236, "f32": -0.8703618227799983, "f33": 0.6284698751157507, "f34": -0.7798693921245425, "f35": -0.7560159445946858, "f36": -2.530536357975597, "f37": 0.7365283781236595, "f38": -0.4162830949398115, "f39": -1.1372965637059234, "f4": 2.5057829218974437, "f40": 0.6558408135918046, "f41": -0.928074796373505, "f42": -0.5197244523814337, "f43": 0.9014629011974385, "f44": 0.6268954186477795, "f45": 2.178131842214619, "f46": -0.3081050950474089, "f47": 0.7804479526607537, "f48": -1.1125806849541482, "f49": 0.42788449523329775, "f5": 1.5821431698335577, "f50": 0.4959571334111339, "f51": -1.9464744375017553, "f52": 0.7233847901404711, "f53": -1.189423886089303, "f54": 0.4333340953662439, "f55": 1.3379979268823785, "f6": 2.154971405387498, "f7": -0.6989960275514493, "f8": -0.05525475959314563, "f9": -1.1833155380217626}, "datetime": {"datetime": "2023-02-03 20:29:47", "elapsed": 8004.830412, "delta": 29.417069}}
{"target": 0.25727950954337314, "params": {"f0": -0.015823766638383363, "f1": 0.1198073006673892, "f10": -0.3241363476622764, "f11": 0.17655628927542222, "f12": -0.9865375360644908, "f13": -0.8739301928922907, "f14": 0.4159266368214518, "f15": -0.687927976905327, "f16": 0.4975052181063141, "f17": 0.15163800079073786, "f18": -2.700276940427238, "f19": 0.12166190311871761, "f2": 1.4060674513199016, "f20": 2.7797878713538697, "f21": 1.0536561313174255, "f22": -2.678235716298479, "f23": 0.9123742077495786, "f24": -0.9255723777141112, "f25": -0.3816576093636719, "f26": 0.6956714923132163, "f27": -0.29624212436214137, "f28": 0.9381299290442798, "f29": 2.928135243524249, "f3": 1.3358522959246328, "f30": 0.560556276328856, "f31": 1.6755643481238165, "f32": 0.6255962667175261, "f33": 0.7768452421818359, "f34": 0.0545658825037969, "f35": 0.3819242663602581, "f36": -1.267049143816341, "f37": 0.6817706692522786, "f38": -1.1286487079824055, "f39": -1.3692645949243085, "f4": 2.3909295078701316, "f40": -0.207936003588009, "f41": 0.03681319514257586, "f42": -2.626809364531869, "f43": 1.2241332767466342, "f44": -0.8285238815601913, "f45": 0.9810119321094256, "f46": -1.07067717567838, "f47": -0.6098895221049385, "f48": -0.9068447493288849, "f49": -0.07623723861368004, "f5": 2.1486136652460344, "f50": -0.541707445174185, "f51": -2.2623455938049464, "f52": 0.17102328962829616, "f53": -0.074229545039743, "f54": 0.2959387714239823, "f55": 2.0090368601615647, "f6": 2.424314098286396, "f7": -1.1962721773408638, "f8": 0.9856443256270644, "f9": -0.9876598799404435}, "datetime": {"datetime": "2023-02-03 20:30:56", "elapsed": 8073.705678, "delta": 68.875266}}
{"target": 0.26782515529950535, "params": {"f0": 0.14728805177539528, "f1": -0.8374145087558776, "f10": -0.11637912206234013, "f11": 0.45836013002277665, "f12": -1.2886288109941157, "f13": 0.048091688999704285, "f14": -1.29469701259366, "f15": -1.2020521656452963, "f16": 0.9895201342119851, "f17": 0.7730723965116237, "f18": -1.6101314059312968, "f19": -0.21311262076995297, "f2": 1.7740491866418604, "f20": 2.2314290897708515, "f21": -0.11317375124945783, "f22": -0.7922076868937493, "f23": 0.19725471900352498, "f24": 0.576405353014334, "f25": -1.209100399407264, "f26": -0.07501131139390771, "f27": 0.7625896443203339, "f28": 1.2565516400613457, "f29": 2.247967169691212, "f3": 2.587522399159507, "f30": -0.6716626935622673, "f31": 1.9253986575580213, "f32": -0.6204053418799258, "f33": 0.4309983601750942, "f34": -0.7629723273361453, "f35": -0.031632939660304116, "f36": -0.6442805080704206, "f37": -0.1710621533081551, "f38": -0.34394504130347725, "f39": 0.42750179180694037, "f4": 1.7492738576069202, "f40": 0.7930662949644254, "f41": -2.4517460423158606, "f42": -0.1275700455510811, "f43": 2.004545250834309, "f44": -0.08865440185337681, "f45": 1.1029596047411956, "f46": 0.7774202272311916, "f47": -0.5317842112697004, "f48": -0.9323709599969696, "f49": 1.059915893265721, "f5": 0.9480198715283176, "f50": -0.41443557034907186, "f51": -0.8434590643173832, "f52": 0.20179371879327834, "f53": -0.4425938544988459, "f54": 0.14540742803730655, "f55": 2.847000029491533, "f6": 2.9706935849132465, "f7": -1.254358988028877, "f8": 0.22655403990763778, "f9": -2.3994400644111376}, "datetime": {"datetime": "2023-02-03 20:31:34", "elapsed": 8111.626537, "delta": 37.920859}}
{"target": 0.252596686854016, "params": {"f0": 0.23572609841125713, "f1": -0.9195170516755868, "f10": 0.4179114556074375, "f11": 1.2284575754094156, "f12": 0.010961769487866757, "f13": 0.3327688431850979, "f14": -1.5854018253953963, "f15": -0.713448948213864, "f16": 0.9831294920194754, "f17": 1.3158124729469987, "f18": -2.4745947836631985, "f19": 0.10139045728499174, "f2": 1.5608675541982566, "f20": 2.343279319156124, "f21": 0.04306815366694372, "f22": -2.8243386776480053, "f23": 1.0457355610548387, "f24": -1.2370245756539173, "f25": -0.8396176968248004, "f26": -0.44254457739357145, "f27": -0.6300953588785264, "f28": 0.7308959036714001, "f29": 2.918482879120377, "f3": 2.993992361963486, "f30": 0.9583279312277552, "f31": 1.4995824072198798, "f32": 0.46250067960698527, "f33": 0.4711888772829418, "f34": -1.683397576997951, "f35": -0.38816097780500297, "f36": -0.5045575179342046, "f37": 0.403988321723426, "f38": -0.15349993588531352, "f39": -1.4136904528708807, "f4": 2.8846104965121127, "f40": -0.16614924274959486, "f41": -1.7521710709282288, "f42": -0.44089907567570563, "f43": 2.5980121884408085, "f44": 0.9117749176418595, "f45": 2.216285982972882, "f46": -0.5678811039597746, "f47": -0.7075828231534933, "f48": 0.43863629619199607, "f49": 1.112210332977488, "f5": 0.30277827867887586, "f50": -0.34818140498705197, "f51": -1.5786120266134782, "f52": -0.9658855572709962, "f53": -1.8241251126988673, "f54": 0.2598722276316481, "f55": 1.8134736861670184, "f6": 1.8383795283447837, "f7": -0.00938651164949933, "f8": 0.5186556910925619, "f9": -2.178761286805255}, "datetime": {"datetime": "2023-02-03 20:32:34", "elapsed": 8170.97513, "delta": 59.348593}}
{"target": 0.16302607976044603, "params": {"f0": 0.5666544582434238, "f1": 0.01301954820864426, "f10": 0.7452482253837125, "f11": -0.21277404002489708, "f12": -1.038747286900409, "f13": -1.5990658640315525, "f14": -0.28783383762952663, "f15": -1.0657485047272428, "f16": 2.1925904307061073, "f17": 0.8133708631289651, "f18": -1.6483785263749482, "f19": -0.1975811988605829, "f2": 0.10966746063840505, "f20": 2.105450465107224, "f21": 0.3756433469977516, "f22": 0.14596195653897892, "f23": 1.0704253552565133, "f24": 0.14177077212329525, "f25": -1.4576950301692477, "f26": 1.2675545641378567, "f27": -0.3399183446613996, "f28": 1.4901205746078534, "f29": 2.228916487061752, "f3": 1.2377157005487067, "f30": 1.2621246859197952, "f31": 1.6692900186738502, "f32": -0.004766392192567137, "f33": 0.9488759674422946, "f34": -1.1519621596552154, "f35": 0.9702409027747502, "f36": -1.2820154786424323, "f37": 0.4209858645037955, "f38": 0.17861127019363066, "f39": -0.24202897221110864, "f4": 2.7873961322744063, "f40": 1.5011530034760294, "f41": -2.3009337092516615, "f42": -1.3123423148542188, "f43": 0.5529220335626889, "f44": -0.3949508243797144, "f45": 0.95626755088264, "f46": 0.27221883960322857, "f47": 0.8703462966995954, "f48": -1.1477243572386677, "f49": 1.122744558543106, "f5": 1.9253450809880484, "f50": -0.3686978283036193, "f51": -0.3574058124345263, "f52": -0.4331597395876132, "f53": -0.6131472601909436, "f54": 0.4795418516713823, "f55": 2.2886627973112152, "f6": 2.4335633640797867, "f7": -2.716408423239538, "f8": 1.0681710733636933, "f9": -1.0283978348600953}, "datetime": {"datetime": "2023-02-03 20:33:23", "elapsed": 8220.390055, "delta": 49.414925}}
{"target": 0.466997768850288, "params": {"f0": 0.018513254324573514, "f1": 0.6388093444893007, "f10": 0.1296997856470148, "f11": -0.7272542211382297, "f12": 0.0280503608394036, "f13": -1.0816614581705049, "f14": -1.278909212628452, "f15": -1.4988070011677967, "f16": 0.8963307520133382, "f17": 1.0179645191742248, "f18": -2.3788674159362646, "f19": -0.43592186361208374, "f2": 0.6908451956905609, "f20": 1.3184173295147752, "f21": 0.5445436632402676, "f22": -1.7840265702194444, "f23": -0.20327567977716088, "f24": -0.5755325784749461, "f25": -1.2761130275252612, "f26": -0.13707227763920915, "f27": -0.3863061960969052, "f28": -0.16226918615533809, "f29": 2.797447007766111, "f3": 1.580086446487873, "f30": 1.277379665155002, "f31": -0.0816695300362264, "f32": -0.1992759034504935, "f33": 0.16250166084619067, "f34": -1.231636924826158, "f35": 0.5326983639654584, "f36": -2.3368568213556684, "f37": 0.6099915480207135, "f38": 0.39564651128872397, "f39": -0.8360598242520081, "f4": 1.9001693005469615, "f40": -0.09117558608773957, "f41": -1.5771198920262708, "f42": -1.0966834063590096, "f43": 0.8810064631420115, "f44": -0.2018928641486204, "f45": 0.7434244316721438, "f46": -1.4103381995533357, "f47": -0.8333583419403852, "f48": -1.0669494985557435, "f49": -0.21259966273876574, "f5": 1.5639014202637669, "f50": -0.6077031539972328, "f51": -1.0028777419677262, "f52": -0.2531125576142168, "f53": -0.9981052405083464, "f54": -0.34795389514293085, "f55": 1.7807137122108228, "f6": 2.7257916067922365, "f7": 0.354479412845905, "f8": 0.29099315772951484, "f9": -0.26036912371989285}, "datetime": {"datetime": "2023-02-03 20:34:06", "elapsed": 8263.696453, "delta": 43.306398}}
{"target": 0.1607030415761382, "params": {"f0": -0.28297533627409766, "f1": -0.2621551256612632, "f10": 0.22975843700197585, "f11": -0.46152572624800614, "f12": -1.2190516295325038, "f13": -1.8364691782695268, "f14": -0.29661347074344047, "f15": -0.4726819659903425, "f16": 1.739934717113039, "f17": 1.3922579748993353, "f18": -2.3028487375670004, "f19": 0.7029968092106889, "f2": 0.5894058443242612, "f20": 1.6287048713031997, "f21": -0.2458481495768179, "f22": -1.4493249086591753, "f23": 0.4939164537526538, "f24": -0.2283428781200163, "f25": -1.278937117974688, "f26": 1.0833267274748777, "f27": -0.964042657802195, "f28": 0.36225168823642606, "f29": 1.8084026350001827, "f3": 2.922174457001149, "f30": 0.5109903588653638, "f31": 2.845331414378144, "f32": 0.07992997903954335, "f33": -0.312387823367146, "f34": -2.0592520443250226, "f35": 0.8780265632234202, "f36": -2.1078886147758773, "f37": 0.8647281169192732, "f38": 0.589257633504203, "f39": -0.9972489069505788, "f4": 1.6545612576029782, "f40": -0.020720775346696363, "f41": -1.2784083232782786, "f42": -0.9151011949990697, "f43": 1.1970940675792736, "f44": -0.6072729041656479, "f45": 1.1492201363204049, "f46": -0.13742454827994144, "f47": 0.4600554144324627, "f48": -0.86780177042514, "f49": 1.0546850477546754, "f5": 1.2586366195092173, "f50": -0.8431954329959055, "f51": -0.7201777554750373, "f52": 0.2936882887649406, "f53": -0.035791504179446765, "f54": 0.3018557280727331, "f55": 2.2297812148178773, "f6": 2.861308751049457, "f7": -2.064961098947953, "f8": 0.15233212982949862, "f9": -0.8020977915682517}, "datetime": {"datetime": "2023-02-03 20:35:02", "elapsed": 8319.250743, "delta": 55.55429}}
{"target": 0.3885906046420683, "params": {"f0": -0.6525000515415913, "f1": 0.7291174991656632, "f10": 0.44002588406661913, "f11": -0.8067832622403502, "f12": -1.3857259562175104, "f13": -1.7061915983283644, "f14": -1.2118389076613565, "f15": -0.7839232346259857, "f16": 0.9568037238885702, "f17": 0.3362870239849388, "f18": -0.8919490056403516, "f19": 0.6500976148464801, "f2": 1.3877624555512043, "f20": 1.5240308454149227, "f21": 0.17594279726913387, "f22": -1.724153005915216, "f23": 1.4906876329069303, "f24": -0.17882250548252676, "f25": -0.7342436638439658, "f26": -0.5038669732919155, "f27": -0.8339867155737739, "f28": 1.9958814685518034, "f29": 2.667375046967624, "f3": 2.8172302895023402, "f30": 0.9532289367109771, "f31": 1.0910470917651982, "f32": -0.654127696178087, "f33": -0.9896961294440014, "f34": -1.6466314623319347, "f35": 0.3524909901602612, "f36": -2.68766980026822, "f37": -0.282527755822274, "f38": -0.6278585515331468, "f39": -1.1473681568986633, "f4": 1.9229025584587145, "f40": 1.1093392670102653, "f41": -2.72261698449906, "f42": -1.2448970177001553, "f43": 1.5380762452697927, "f44": 0.6499434138184581, "f45": 0.9241997700609718, "f46": -0.35797654915182764, "f47": 0.5401950040335639, "f48": 0.32002754488235574, "f49": 0.46316937357982135, "f5": 1.7688017908261822, "f50": -0.8616453309052647, "f51": -2.0482502041093986, "f52": -0.20850608865569042, "f53": -1.1706350216634427, "f54": -0.7244491892780899, "f55": 2.0702038910159763, "f6": 1.909602949038828, "f7": -2.152866689823824, "f8": 0.7397140856236604, "f9": -2.612717681170974}, "datetime": {"datetime": "2023-02-03 20:35:58", "elapsed": 8375.632333, "delta": 56.38159}}
{"target": 0.20662537628849423, "params": {"f0": -0.2615202989479386, "f1": 0.7216175287311338, "f10": 1.0361633516445714, "f11": 1.119232190914177, "f12": -1.63770190506269, "f13": -1.5949874850111594, "f14": -0.4868358204412202, "f15": -1.0980254471226365, "f16": 0.486957269043372, "f17": -0.0065066593471867495, "f18": -2.0432928265247035, "f19": -0.8173815137740936, "f2": -0.03685413901295448, "f20": 0.3749321830553034, "f21": 0.11668369756534092, "f22": -1.1298834075920177, "f23": 1.0357779900414248, "f24": -1.9021880832316207, "f25": -0.585316525385809, "f26": -0.677492482563409, "f27": -0.36272275930068365, "f28": 0.029250471370796394, "f29": 2.9822289942739895, "f3": 1.3762121857598486, "f30": -0.1066035928600143, "f31": 0.912972033427993, "f32": 0.1542320439520799, "f33": -0.49332239983595705, "f34": -0.7387577598021242, "f35": 0.43242386310508885, "f36": -1.4271803672027905, "f37": 0.1186320723600458, "f38": 0.732820191302713, "f39": -0.223176003621407, "f4": 1.7360468113766694, "f40": -0.02444455699595549, "f41": -2.119208468332485, "f42": -0.7408403298708226, "f43": 1.3890212740285244, "f44": -0.20486127652135866, "f45": 0.4944206182732419, "f46": -0.7373866902766818, "f47": 0.3245219397920158, "f48": -1.3379665179814357, "f49": 0.5177232663951511, "f5": 0.9929796720572736, "f50": -0.23414454950373587, "f51": -1.1225020890211002, "f52": -0.19418585940125643, "f53": -1.8725066002268413, "f54": -0.0256602582330544, "f55": 2.198885034145511, "f6": 1.4796322083013136, "f7": -0.306500509529934, "f8": -0.5991816734858946, "f9": -0.04379603232301221}, "datetime": {"datetime": "2023-02-03 20:36:43", "elapsed": 8420.415609, "delta": 44.783276}}
{"target": 0.2427684531346166, "params": {"f0": -0.5765003696886526, "f1": 0.6479961391497727, "f10": -0.7504948254056554, "f11": 0.696976201293557, "f12": -1.4141514766574623, "f13": -0.9094608558227013, "f14": -1.8844748669888256, "f15": -0.5799090618655984, "f16": 1.3088831647726917, "f17": 1.556051311249613, "f18": -2.8316971555631976, "f19": 0.9156649790652538, "f2": 0.9321359763892348, "f20": 1.7439642977639096, "f21": 0.9761693466687384, "f22": -2.378863690682894, "f23": 0.06725034029440291, "f24": -1.1938174086299216, "f25": -0.31047093889769073, "f26": -0.4133294587657205, "f27": -0.6136682231433764, "f28": -0.3642809063572957, "f29": 1.8121296280836852, "f3": 2.5171830465926437, "f30": 1.8489809868687979, "f31": 2.2315892364827046, "f32": 0.5881430811909688, "f33": 0.12309420284799533, "f34": -0.7874105427570925, "f35": 1.016068889825045, "f36": -2.261617840395205, "f37": -0.21699085988721933, "f38": 0.004656915743387557, "f39": -0.7928861249824604, "f4": 2.1440515712640353, "f40": 0.9364464034309945, "f41": -1.371786682806681, "f42": -0.8148913496489927, "f43": 1.2902810685510104, "f44": -0.12404795429184923, "f45": 1.0823299135463667, "f46": 0.6011611010445033, "f47": -0.052848648239707696, "f48": -0.5285815210526641, "f49": 0.7576446742599624, "f5": 1.9300617068942816, "f50": -0.3431841450395763, "f51": -1.3954288508767998, "f52": -1.1682756555875844, "f53": -0.2959730483498504, "f54": 0.29104530812787843, "f55": 2.6738716476874202, "f6": 1.6624242011338177, "f7": 0.09452293212116825, "f8": 0.7791419342887766, "f9": -2.2828000533237285}, "datetime": {"datetime": "2023-02-03 20:38:01", "elapsed": 8498.398504, "delta": 77.982895}}
