{"target": 0.257349148714762, "params": {"f0": 0.0036201167657025773, "f1": 1.0269168058333162, "f10": -0.5996137861962281, "f11": -0.5994392476952657, "f12": -0.20736744643124205, "f13": -1.3092782057622356, "f14": -0.506757765237756, "f15": -0.45991602383769203, "f16": 0.9936208495798672, "f17": 0.13311846234498653, "f18": -2.0361328509322187, "f19": -0.9971361531951745, "f2": -0.4956886904874166, "f20": 0.8276688487404784, "f21": -0.07188824653573929, "f22": -1.1556828709070255, "f23": 0.590567252200044, "f24": -0.7347657083686001, "f25": -0.45729693499511137, "f26": 0.9939059860872742, "f27": -0.4990557712474096, "f28": 0.8984333703091504, "f29": 2.063178098980671, "f3": 1.007809703646193, "f30": 1.8392061067760943, "f31": 0.6680372140691384, "f32": -0.5640463099080488, "f33": -0.3077210380401302, "f34": -1.4897317222623014, "f35": 1.3107310181185998, "f36": -0.8518112157362618, "f37": 0.37545425619506945, "f38": 0.6828678399481078, "f39": -0.5754595926100685, "f4": 1.9478247271007418, "f40": 0.4680394339785108, "f41": -0.8420748995098912, "f42": -0.6347199284076201, "f43": 1.203073639987948, "f44": -0.26978385288657264, "f45": 1.1153911412136432, "f46": 0.10338958049850333, "f47": -0.2711145689159974, "f48": -1.0557161113901221, "f49": 0.07598148212317563, "f5": 1.7742985829486113, "f50": -0.7083986472095546, "f51": -0.8249983498299449, "f52": -0.5571119033546659, "f53": 0.23021456284244474, "f54": 0.11606156424421021, "f55": 1.521812934525668, "f6": 2.372083786032631, "f7": -0.2972242255106514, "f8": -0.7318649836756894, "f9": -2.890188718024787}, "datetime": {"datetime": "2023-02-04 01:56:11", "elapsed": 27587.964588, "delta": 77.395575}}
{"target": 0.06781539118390759, "params": {"f0": 0.49361835229594914, "f1": 1.39247066837905, "f10": -0.7513614093941288, "f11": -0.7607259895326106, "f12": -0.6506407897925236, "f13": -1.3624608651574375, "f14": -0.5284673516908291, "f15": -1.1365881989324436, "f16": 0.45942912505377864, "f17": -0.11054383512301068, "f18": -1.8115689244182818, "f19": -1.5559170040841908, "f2": -1.0024265253063793, "f20": 2.5420125846284303, "f21": 0.05228802398693963, "f22": -2.0260337430855078, "f23": 2.0468272069698186, "f24": -0.9365305105952488, "f25": -0.5386487730337945, "f26": 0.7436797678201618, "f27": -0.5482490086267873, "f28": 1.0972021111367443, "f29": 1.2305300860382984, "f3": 2.597607232100609, "f30": 1.9422845988483741, "f31": 0.572049645314493, "f32": -0.40476595602331233, "f33": -0.7142097224326749, "f34": -1.8598424497548955, "f35": 2.231712218313334, "f36": -0.5730597087170521, "f37": 0.40053384403916936, "f38": 0.24963301806158628, "f39": -0.9316960787842283, "f4": 0.9954461323722905, "f40": 0.3747563712150973, "f41": -1.297780487826035, "f42": -1.4536120930544634, "f43": 1.3518062923772787, "f44": 0.24775844364301136, "f45": 0.3632088060528882, "f46": -0.5102909734033689, "f47": -0.737684126593135, "f48": -0.770692752889447, "f49": 0.08263918309566834, "f5": 2.3658409626166206, "f50": -0.32234280474531474, "f51": -0.5450277412284608, "f52": -0.42152035565760304, "f53": -0.1995710986265139, "f54": 0.6355603357248447, "f55": 1.8597962659545717, "f6": 2.1463185167457115, "f7": -0.39960309501874247, "f8": -0.18066834694785805, "f9": -1.3184760159150897}, "datetime": {"datetime": "2023-02-04 01:57:06", "elapsed": 27643.045919, "delta": 55.081331}}
{"target": 0.29112452307343256, "params": {"f0": 0.5627442291960574, "f1": 0.5655224369799808, "f10": -1.354902857342826, "f11": -0.20493525894727416, "f12": -0.22849262859126207, "f13": -0.6525769608664163, "f14": -0.33567237731399757, "f15": -1.52544131959939, "f16": 0.3801054979403021, "f17": -0.08720910246011909, "f18": -1.328994310325206, "f19": -1.3050982530407933, "f2": -0.572537117098041, "f20": 0.4953397778899028, "f21": 0.4916896049764983, "f22": -2.8816453486958302, "f23": 0.8774607754517707, "f24": -1.6545784323721764, "f25": -0.12005013234583406, "f26": 1.1223994765985101, "f27": -0.5872308944894278, "f28": 0.8831729963934403, "f29": 2.7917126766415086, "f3": 2.961916569714363, "f30": 1.8734200647555042, "f31": 0.7261987956508245, "f32": -0.14677698333140843, "f33": -0.05642285814773762, "f34": -0.6117110759892102, "f35": 1.2942641672153523, "f36": -0.7284711632437262, "f37": 0.32405220564304604, "f38": 0.3520767574775786, "f39": -1.1696705311609237, "f4": 0.6296910322029182, "f40": 0.5054185949155513, "f41": -1.2942571095976727, "f42": -2.095459963450246, "f43": 1.1158449303149929, "f44": 0.21544979065491865, "f45": 1.3453451023833807, "f46": 0.15617938127330255, "f47": -0.3779366736160832, "f48": -0.4018848072260799, "f49": 0.31073853953747077, "f5": 0.7657611280091375, "f50": -1.5304689870534547, "f51": -1.2896761541248931, "f52": -0.8769437168882032, "f53": 0.1287301171899773, "f54": 0.12851343103604157, "f55": 2.9287645082738143, "f6": 2.366244166736623, "f7": -0.27527445215130514, "f8": -0.876527361689503, "f9": -2.248040163694725}, "datetime": {"datetime": "2023-02-04 01:57:08", "elapsed": 27645.110896, "delta": 2.064977}}
{"target": 0.32056143648926866, "params": {"f0": 0.38961893377017937, "f1": 0.3644254313729455, "f10": -0.6200439457614701, "f11": -0.6803008283033702, "f12": -0.4554759795184512, "f13": -0.8483115478149709, "f14": -0.8695104853369958, "f15": -0.4331045225482386, "f16": 0.6059443450330757, "f17": 0.3989900638365763, "f18": -2.1038062015890415, "f19": -0.6312508300978139, "f2": -0.8963750842772059, "f20": 1.9021173909313853, "f21": 0.695619590009396, "f22": -0.6878735440625539, "f23": 1.3704738064404616, "f24": -0.36902732067998323, "f25": -1.0016450614385404, "f26": 1.5720190949796065, "f27": -0.6343226637221255, "f28": 1.2405936202941859, "f29": 1.9272278426444407, "f3": 2.976102209735979, "f30": 2.1632354765764465, "f31": 0.8351695505658537, "f32": -0.3579811072830731, "f33": -0.4924484737951056, "f34": -1.9617661576070846, "f35": 1.5688759025363728, "f36": -0.49848953471116764, "f37": -0.25861043104306275, "f38": 0.5523206699038987, "f39": -1.085422928628892, "f4": 0.6177772082434675, "f40": 0.07081843687370679, "f41": -1.4538363282110844, "f42": -1.1638374371555538, "f43": 0.46884855694211675, "f44": -0.12245004410038773, "f45": 1.3613597571592448, "f46": -0.5896509175276152, "f47": -1.18812643326094, "f48": -1.1387493850313029, "f49": -0.005977134563296682, "f5": 2.1448930431552564, "f50": -0.7192782390979982, "f51": -0.3693555840228453, "f52": -1.466290620052383, "f53": -0.016405454089513882, "f54": 0.3394101391519081, "f55": 2.08448855054502, "f6": 0.726854273482386, "f7": -0.12616210001174422, "f8": -0.4278757140227911, "f9": -2.126017514464521}, "datetime": {"datetime": "2023-02-04 01:58:07", "elapsed": 27704.028653, "delta": 58.917757}}
{"target": 0.13208082502681498, "params": {"f0": 0.9881398320534722, "f1": 0.522275697532417, "f10": -0.7474543213064353, "f11": -0.9811761511070359, "f12": -0.9497825807407315, "f13": -1.0395825090265713, "f14": -0.47497734617984966, "f15": -0.6824400345562026, "f16": 0.6432950855234834, "f17": 0.5073769760451143, "f18": -0.7335610535658075, "f19": -0.8045881487226031, "f2": -0.15034789675990323, "f20": 1.6955219206851035, "f21": 0.09047501816975975, "f22": -0.796292701360394, "f23": 1.2401304744113801, "f24": -0.5100629473436069, "f25": -0.43631515717059566, "f26": 1.4381289057969162, "f27": 0.2996154586492047, "f28": 0.4309027979703074, "f29": 0.4433994267241753, "f3": 1.31139792966342, "f30": 1.8383611270842906, "f31": 0.638573035884804, "f32": -0.46417779868593884, "f33": -0.2971580359902255, "f34": -1.5183114252084837, "f35": 1.3430005406902612, "f36": -0.8403684854105916, "f37": -0.21966395928888777, "f38": 0.7904167534478265, "f39": -1.1247555768228252, "f4": 2.201454041394862, "f40": 0.1516595130165238, "f41": -0.6344628405526549, "f42": -1.395872114235528, "f43": 1.1871500623726692, "f44": -0.18845404838912916, "f45": 0.981433170152674, "f46": -0.7079154245905546, "f47": -0.9723062808493326, "f48": -1.334692150305431, "f49": 0.498495120504608, "f5": 1.46189891858685, "f50": -1.2861106129900224, "f51": -0.7640641209916116, "f52": -0.41002766678673663, "f53": 0.3164586149389612, "f54": 0.48522162735731666, "f55": 0.9403519990634711, "f6": 1.6744591072921575, "f7": 0.13747324394775173, "f8": -0.7060969530701142, "f9": -1.551210349532818}, "datetime": {"datetime": "2023-02-04 01:59:12", "elapsed": 27768.919594, "delta": 64.890941}}
{"target": 0.10345303149475082, "params": {"f0": 0.6588867994408051, "f1": 0.18604401156293457, "f10": -0.6510762183966683, "f11": -0.41400446686416537, "f12": -0.21820987210551612, "f13": -1.7120329457472265, "f14": -1.0476777403505362, "f15": -1.6081179493457662, "f16": 0.8134970325345955, "f17": 0.7597474457707905, "f18": -1.228163678754885, "f19": -0.3233640068736252, "f2": -0.19207805731729366, "f20": 0.9790807066505836, "f21": 0.33556731278042873, "f22": -2.3962617342608645, "f23": 0.745780606931519, "f24": -0.5620431748351158, "f25": -1.0700009148250136, "f26": 0.9597995853057129, "f27": -0.06753242272266613, "f28": 0.5118867540389311, "f29": 2.9091284721540234, "f3": 2.8747642868070264, "f30": 0.49783426803340997, "f31": 1.0695262047902105, "f32": -0.3935974759335005, "f33": -0.4069176681726794, "f34": -1.7899971917536954, "f35": 1.2503282653211365, "f36": -0.31766788378668886, "f37": -0.363723673238941, "f38": 0.8375091274253977, "f39": -1.754253646967642, "f4": 2.75363863063768, "f40": 1.0349757663688057, "f41": -0.35400266360189847, "f42": -1.106144292824249, "f43": 0.3763552195171032, "f44": 0.15935513831404224, "f45": 0.4996544657002419, "f46": -0.530314520096141, "f47": -0.38054777181370525, "f48": -1.3605863271686975, "f49": 0.04686961748584789, "f5": 2.361691041007033, "f50": -1.09251604242708, "f51": -0.2686342759272369, "f52": -1.2835899758213507, "f53": -0.09960725278703797, "f54": -0.15252118302835402, "f55": 1.8296030664449965, "f6": 0.4638016500949966, "f7": 0.0334396997203269, "f8": -0.9644322450151857, "f9": -1.9180587366197799}, "datetime": {"datetime": "2023-02-04 02:00:41", "elapsed": 27857.940077, "delta": 89.020483}}
{"target": 0.7426870323900769, "params": {"f0": 0.8529488352625163, "f1": 0.7610211042365043, "f10": -0.19330289949394186, "f11": -0.23226123265067722, "f12": -1.3396623480044874, "f13": -0.35643624391859174, "f14": -0.4296156878114932, "f15": -0.7819272887886172, "f16": 0.41537277617180896, "f17": 0.7808016776208924, "f18": -0.42031055479767065, "f19": -0.6019532362850848, "f2": -0.5050090865340346, "f20": 1.5702216519297185, "f21": 0.7141923548285727, "f22": -2.974290886428541, "f23": 1.2968462256632813, "f24": -0.7263587511897951, "f25": -0.7006517954397329, "f26": 1.0100749466347754, "f27": -0.1638671724696369, "f28": 0.5182462523533169, "f29": 2.979896427720166, "f3": 0.7193116325703564, "f30": 1.0103430733509762, "f31": 0.3930371227567051, "f32": -0.6502034741955174, "f33": -0.6416059408476338, "f34": -1.5036853516465867, "f35": 0.850084346918017, "f36": -0.47704648887126866, "f37": 0.479302391128034, "f38": 0.4552539393038274, "f39": -1.3241457510691839, "f4": 1.3070332530811708, "f40": 0.7971776858520858, "f41": -0.34212813865131086, "f42": -2.5041892223998876, "f43": 1.0839757705142286, "f44": 0.23443548052859187, "f45": 0.2998918583005367, "f46": -0.7632870760930457, "f47": -0.8708194834176584, "f48": -1.042972938059048, "f49": 0.5576656168436144, "f5": 2.5765240199422084, "f50": -0.24744153112938805, "f51": -1.0019918042663682, "f52": -0.32652404792085643, "f53": -0.03829040585203347, "f54": 0.2992241796346766, "f55": 2.143737494518689, "f6": 2.3708895501958023, "f7": 0.014516247507837643, "f8": -0.048379839700236515, "f9": -1.5733868492208445}, "datetime": {"datetime": "2023-02-04 02:01:48", "elapsed": 27925.592578, "delta": 67.652501}}
{"target": 0.15096030782522954, "params": {"f0": 0.8107972572397177, "f1": 1.0758567637986152, "f10": -0.928162928566479, "f11": -0.920720263736656, "f12": -0.5851903778941125, "f13": -1.7523414524394758, "f14": -0.5517666592714996, "f15": -0.9393391764147663, "f16": 0.5454071233876671, "f17": 0.10846019589223715, "f18": -0.9933194018218132, "f19": -0.22171520581177528, "f2": -0.7665848336466174, "f20": 1.230362821652383, "f21": 0.07194871941839406, "f22": -1.373515081835839, "f23": 0.8570106733343661, "f24": -0.42493333476115414, "f25": -0.40134847048603695, "f26": 0.634920118667995, "f27": -0.4843667023038567, "f28": 1.1032704257420825, "f29": 1.507277563406889, "f3": 2.803745776393888, "f30": 1.4075419560348073, "f31": 0.5737242370561565, "f32": -0.8018669234446025, "f33": -0.5866323663336444, "f34": -1.435341690711882, "f35": 1.388277634707733, "f36": -0.7541623277373773, "f37": 0.6024102181131004, "f38": 0.2600115965403171, "f39": -0.738206338322225, "f4": 1.6480838274328913, "f40": 0.6994565783742247, "f41": -0.48877383289140064, "f42": -1.3651875798052708, "f43": 0.8147924626460141, "f44": 0.2651304070329069, "f45": 0.21974107389987088, "f46": -0.25488084956478363, "f47": -1.0104681686553567, "f48": -0.41880036200113335, "f49": -0.1914352779820384, "f5": 2.6986697399103603, "f50": -0.653286191623897, "f51": -0.9182215870629296, "f52": -0.7907387411509419, "f53": 0.5440360192892865, "f54": -0.22404338106351196, "f55": 1.4427911774974225, "f6": 2.1890635487840266, "f7": -0.45189217885852806, "f8": -0.40945751093640415, "f9": -0.6854629516860826}, "datetime": {"datetime": "2023-02-04 02:02:58", "elapsed": 27995.874887, "delta": 70.282309}}
{"target": 0.29970458010707834, "params": {"f0": 0.5966632901120046, "f1": 1.2914524312301499, "f10": -0.959505281581754, "f11": -0.18776953125628215, "f12": -0.48681366023821515, "f13": -1.1121409575400116, "f14": -1.1207118735751536, "f15": -1.1024620039788051, "f16": 0.525878663849672, "f17": 0.0887209230326948, "f18": -1.1690671364290548, "f19": -0.33579311280795077, "f2": -0.9558755826876093, "f20": 2.9831197977449966, "f21": 0.5100584157390282, "f22": -1.17210336241284, "f23": 1.2701958082641585, "f24": -0.49975297159852383, "f25": -0.7512813884153451, "f26": 0.9129570833411558, "f27": -0.4085780489321763, "f28": 0.7809756784948616, "f29": 0.554799590814883, "f3": 2.9765096257280215, "f30": 2.223525689821922, "f31": 0.7502422566209195, "f32": -0.26353580076603267, "f33": -0.7644381980584617, "f34": -1.2083225076642077, "f35": 0.42361642399147004, "f36": -0.3412887910265495, "f37": 0.41592075165778947, "f38": 0.10508669588263098, "f39": -2.385942108636006, "f4": 0.8999132992258851, "f40": 0.11394277869521978, "f41": -1.4484209441911786, "f42": -1.309963555462716, "f43": 0.9034818521021606, "f44": 0.3033401006033889, "f45": 0.47043932332354477, "f46": -0.19024263755254023, "f47": -0.5396588307475417, "f48": -0.8861779510340354, "f49": -0.18487522167174364, "f5": 0.6484703881045064, "f50": -0.9379192181822873, "f51": -1.3802449152684886, "f52": -0.9161486920165142, "f53": 0.05810322907080134, "f54": 0.1881453161467499, "f55": 1.5241549451539735, "f6": 1.5444305263354878, "f7": 0.29689805616364984, "f8": -0.8972159732280484, "f9": -1.813699418642326}, "datetime": {"datetime": "2023-02-04 02:03:59", "elapsed": 28056.466806, "delta": 60.591919}}
{"target": 0.38191623155635857, "params": {"f0": 0.04903373286861565, "f1": 0.8687595850663644, "f10": -0.23625634312991628, "f11": -0.5527818283359742, "f12": -0.6602369361371463, "f13": -1.733118643579187, "f14": -1.0453786414319919, "f15": -0.2604726233427985, "f16": 1.0352784410517126, "f17": 0.027148735973244464, "f18": -0.939128188113868, "f19": -1.1565395297188414, "f2": -0.4608668319007374, "f20": 1.6118098754596923, "f21": 0.2702575001566909, "f22": -0.7837256852310772, "f23": 1.0659352758655174, "f24": -1.0388720092313382, "f25": -0.786128181130705, "f26": 1.4197538935365248, "f27": -0.3989392329383006, "f28": 1.5131292377402754, "f29": 1.5081623202115915, "f3": 2.9366890305734024, "f30": 2.2080747114511703, "f31": 0.6988405036237297, "f32": 0.046014222885229494, "f33": -0.06433751178008973, "f34": -0.8052211126186519, "f35": 2.21512871921525, "f36": -0.15380105443719005, "f37": -0.07363997165396485, "f38": 0.3805344274584622, "f39": -2.186529481824858, "f4": 1.3125035198588637, "f40": 0.9733315211412564, "f41": -0.5449520611233625, "f42": -0.7638117550823833, "f43": 1.2027778047137654, "f44": 0.36905194536018493, "f45": 1.0495820303550336, "f46": -0.24702362209100936, "f47": -0.9057879981385173, "f48": -0.4991110712381992, "f49": 0.4689271481862487, "f5": 0.49498544396815813, "f50": -1.1694543416510235, "f51": -1.1703184316466602, "f52": -1.2590922270703155, "f53": 0.19306059154317473, "f54": 0.42266650363143565, "f55": 0.4308226184097421, "f6": 0.8766792476257244, "f7": -0.08216580128964501, "f8": -0.03366822060780106, "f9": -0.5818304025623133}, "datetime": {"datetime": "2023-02-04 02:04:51", "elapsed": 28108.328526, "delta": 51.86172}}
{"target": 0.1279523637152244, "params": {"f0": 0.6734421923276792, "f1": 0.5307841425132371, "f10": -0.6399106924867058, "f11": -0.9033826402312944, "f12": -0.8697481142166512, "f13": -0.8464471173246375, "f14": -1.4065056988364457, "f15": -0.5925027246491197, "f16": 0.9339649071193223, "f17": -0.16805918847183732, "f18": -0.6857062465786863, "f19": -1.3321622720722313, "f2": -0.9573735406130787, "f20": 1.6890556193586481, "f21": 0.1283415383362043, "f22": -1.923779978884643, "f23": 1.5349488625201373, "f24": -1.4919731254329125, "f25": -0.11715403020710569, "f26": 0.8275607708698332, "f27": -0.3343351163700589, "f28": 1.098679961764041, "f29": 2.712832695508225, "f3": 1.617376484019784, "f30": 1.7463700668784774, "f31": 0.7224804618511185, "f32": -0.1911613368069367, "f33": -0.39538226955098366, "f34": -0.7684499191606717, "f35": 1.9480400820415669, "f36": -0.3914962872609279, "f37": 0.1568547394842173, "f38": 0.34177790568361666, "f39": -0.5120706550908827, "f4": 1.7182779894351614, "f40": 0.3727457071898551, "f41": -0.9215635697178521, "f42": -0.6197810360505658, "f43": 0.5077854123590848, "f44": -0.054570904525563346, "f45": 0.7222246614121657, "f46": -0.3037216669721121, "f47": -1.2113687812951417, "f48": -1.6859713762184037, "f49": 0.14386941743093778, "f5": 2.640378850268818, "f50": -1.2272021489600955, "f51": -1.0224206047056037, "f52": -1.2994709198950902, "f53": 0.5125961556850545, "f54": -0.13857220907657827, "f55": 1.8625214176631073, "f6": 2.619085469254729, "f7": 0.2424766767098374, "f8": -0.07150248367018008, "f9": -2.8638601250546083}, "datetime": {"datetime": "2023-02-04 02:06:05", "elapsed": 28182.222447, "delta": 73.893921}}
{"target": 0.18114947684534877, "params": {"f0": 0.010202107338136271, "f1": 1.3913775529967285, "f10": -0.9974562087376316, "f11": -0.9317145233835716, "f12": -1.0668668227551248, "f13": -1.1085741555925699, "f14": -0.803978520852122, "f15": -1.0989470885011634, "f16": 0.22027205067704947, "f17": -0.02889609258874179, "f18": -0.9309820917389122, "f19": -0.3061563792144879, "f2": -0.9527428065762454, "f20": 2.28287890905396, "f21": 0.3377076384961045, "f22": -2.112931439382171, "f23": 1.7514131276134322, "f24": -1.016788848981379, "f25": -1.1133820347023116, "f26": 0.3420601512626168, "f27": 0.22282683334129494, "f28": 1.3883765273048534, "f29": 2.427154167171545, "f3": 1.585524622230008, "f30": 1.988335051212498, "f31": 0.5513928392566845, "f32": -0.7435703332850483, "f33": -0.6505027964676955, "f34": -0.9872443996501092, "f35": 2.301376041367359, "f36": -0.7263162700398729, "f37": 0.0702169508996956, "f38": 0.1969502900179539, "f39": -0.4872348222225149, "f4": 2.1152749494312637, "f40": 0.172582311839053, "f41": -1.3631029839821704, "f42": -2.850036390860123, "f43": 0.684128545690916, "f44": -0.2083619845927857, "f45": 0.7751291335668439, "f46": -0.6473941589097454, "f47": -0.47673405173303474, "f48": -0.3610417662271037, "f49": 0.5338137496937796, "f5": 0.6859303431253874, "f50": -1.3487902531972198, "f51": -0.3734274951302017, "f52": -1.3468982634666318, "f53": 0.4060247117176175, "f54": 0.22450990835639711, "f55": 2.860645186131711, "f6": 0.9261017284781322, "f7": -0.07989395227514529, "f8": -0.6178624269798296, "f9": -0.7827532393908139}, "datetime": {"datetime": "2023-02-04 02:07:36", "elapsed": 28273.151211, "delta": 90.928764}}
{"target": 0.15363911233896554, "params": {"f0": 0.42785178963429876, "f1": 1.4845764224072422, "f10": -0.7854560171140504, "f11": -0.060201272415251306, "f12": -0.3064516540820772, "f13": -1.3720773728481443, "f14": -1.1426779020679187, "f15": -1.0063070889963224, "f16": 0.6108470639147954, "f17": 0.6430235820826834, "f18": -1.0338667220033861, "f19": -0.8056510585651142, "f2": -0.25794943330187703, "f20": 0.5311056594627457, "f21": 0.07250413202195824, "f22": -2.426601196138581, "f23": 0.9874296594179954, "f24": -1.4999763170237357, "f25": -0.6720531212035965, "f26": 0.3972902907055762, "f27": -0.5053447276359764, "f28": 1.4155880666051222, "f29": 1.3802909963780088, "f3": 2.1666679456641686, "f30": 0.45366710070433547, "f31": 0.4426817652275641, "f32": -0.35674479946849236, "f33": -0.7739870676207964, "f34": -2.1605811203974916, "f35": 2.0094400872262717, "f36": -0.26881601986690695, "f37": -0.1853198181312692, "f38": 0.6203799591520911, "f39": -0.5933360582855569, "f4": 2.9183434246567246, "f40": 0.9911013801232639, "f41": -0.8847109014084151, "f42": -0.639701645022841, "f43": 0.8027111622551459, "f44": 0.10595096217340438, "f45": 1.334248276470823, "f46": -0.477922609431253, "f47": -0.6941842610841806, "f48": -1.5076688734786807, "f49": 0.5395849095208705, "f5": 1.832281788672936, "f50": -1.3386781283617335, "f51": -1.3830362647205385, "f52": -0.7721375541873801, "f53": 0.1730014586999319, "f54": -0.13230873231983803, "f55": 2.273543881003239, "f6": 0.8612237978300359, "f7": 0.08128605440685766, "f8": -0.22283979770443152, "f9": -1.9231158942286497}, "datetime": {"datetime": "2023-02-04 02:08:45", "elapsed": 28342.607969, "delta": 69.456758}}
