{"target": 0.25350799427113685, "params": {"f0": 0.9754885217863505, "f1": 1.3810558023942214, "f10": -0.9185616606190913, "f11": -0.8002437587061424, "f12": -1.4832447917037284, "f13": -1.7750275660408374, "f14": -1.2456790521303809, "f15": -0.6005689098711762, "f16": 0.37104652152613116, "f17": -0.14706758802652053, "f18": -1.0175165856771315, "f19": -0.6592890100722422, "f2": -0.5121875354084093, "f20": 2.3672226769994276, "f21": 0.9295032165776216, "f22": -2.6717632647952465, "f23": 1.3120244577887803, "f24": -0.8000099660051689, "f25": -0.7209734219785027, "f26": 1.6455366845424912, "f27": -0.31974551287262554, "f28": 0.5569514579647077, "f29": 2.9587397665311737, "f3": 2.493379189099195, "f30": 1.368904448777788, "f31": 1.451076611779782, "f32": -0.7491921546329001, "f33": -0.5080986272727156, "f34": -1.7751269547231732, "f35": 1.7409118379012487, "f36": -0.2527418207494826, "f37": 0.156079292127907, "f38": 0.6893706594048654, "f39": -1.6911049844153896, "f4": 2.2857223696089726, "f40": 1.2532617618064423, "f41": -1.1021479429250263, "f42": -0.7948579735185417, "f43": 0.1597580928474419, "f44": -0.010717431725406068, "f45": 0.7021885954065478, "f46": -0.1576355463450244, "f47": -0.3566477443592344, "f48": -1.6805616258363711, "f49": -0.28716370736027885, "f5": 1.7670034294016437, "f50": -0.42396159174905135, "f51": -1.6182791346005074, "f52": -0.5487085692597644, "f53": 0.4876238138543657, "f54": 0.34077813271076535, "f55": 2.3584599269183393, "f6": 2.7861774433905766, "f7": -0.3418827301448998, "f8": -0.7004314839630007, "f9": -1.4647741315497698}, "datetime": {"datetime": "2023-02-03 22:21:46", "elapsed": 14723.256307, "delta": 85.318969}}
{"target": 0.38169803830811616, "params": {"f0": 0.08328769941216985, "f1": 1.5823994775571422, "f10": -0.8337000099391009, "f11": -0.653596856784295, "f12": -0.586512583940414, "f13": -0.9352700093147521, "f14": -1.2360087013123682, "f15": -0.5536974763650433, "f16": 1.08373716881385, "f17": 0.06947496864523595, "f18": -1.7465907955045266, "f19": -1.867004893388279, "f2": -0.08452689059628726, "f20": 2.853293117278268, "f21": -0.00389419583445072, "f22": -1.9723312317206385, "f23": 0.9358184887458051, "f24": -0.8663280580975417, "f25": -0.5199621521172797, "f26": 0.8223331698636895, "f27": 0.1100282045901202, "f28": 1.1908001323594992, "f29": 2.2159469744747904, "f3": 2.012039060098087, "f30": 1.6153859203547263, "f31": 0.7063473700830325, "f32": 0.061463597388015545, "f33": -0.1761459704987275, "f34": -1.1521835828513252, "f35": 1.6013667964343448, "f36": 0.0013316645931054083, "f37": -0.4068560325543268, "f38": 0.5961423518944386, "f39": -0.6929372021578852, "f4": 2.271245491759273, "f40": 0.2144807180533067, "f41": -2.0561591835451978, "f42": -1.5398998871041139, "f43": 1.4568789759389003, "f44": -0.15147614312345925, "f45": 0.6658007603899304, "f46": -0.4778394327185847, "f47": -0.35778878762271793, "f48": -0.17301579636172293, "f49": 0.6789985796438267, "f5": 1.9335507657395303, "f50": -1.1130328113659882, "f51": -1.1562667001888678, "f52": -0.4740311208596628, "f53": 0.430951148667137, "f54": 0.24535596060444043, "f55": 1.7471728439940224, "f6": 2.9535156403348464, "f7": -0.08248496881673051, "f8": -0.21397379056250432, "f9": -1.2774359087564027}, "datetime": {"datetime": "2023-02-03 22:22:59", "elapsed": 14796.793035, "delta": 73.536728}}
{"target": 0.20282816182751878, "params": {"f0": 0.7987124353446593, "f1": 1.1605655618081125, "f10": -0.4608206066236342, "f11": -0.3409953369874521, "f12": -1.045543582985478, "f13": -0.5063085416973561, "f14": -1.170501404985263, "f15": -0.8063207786547739, "f16": 0.5893567851416196, "f17": 0.10263324635076904, "f18": -1.4722394513800847, "f19": -1.0193410461912356, "f2": -0.15809533787466745, "f20": 2.4883958627779164, "f21": -0.28457281133410106, "f22": -1.9947420723969882, "f23": 1.5021237996649899, "f24": -1.6642742950635758, "f25": -0.7997952112142617, "f26": 0.5372651495996633, "f27": 0.3302082753269465, "f28": 0.3924906828282443, "f29": 2.794656693066674, "f3": 2.534315404570264, "f30": 2.352051487488938, "f31": 0.9803068295821362, "f32": -0.3322870844353004, "f33": -0.7626295601212583, "f34": -2.0965882197154397, "f35": 0.4043356345250554, "f36": -1.0763679731613451, "f37": 0.549801795301738, "f38": 0.45895076339433855, "f39": -0.7899190363202311, "f4": 2.268109984393151, "f40": 0.8554658814802426, "f41": -0.6726401503143691, "f42": -1.614419617478646, "f43": 0.27928217996453397, "f44": 0.32836851122472355, "f45": 1.6599918783776146, "f46": -0.27440170759513227, "f47": -0.0698980289278679, "f48": -0.4830877969876297, "f49": 0.5197496160308405, "f5": 2.4825587780172973, "f50": -0.5415581483520489, "f51": -1.2756446978927682, "f52": -1.1170683809479187, "f53": 0.38193786414450404, "f54": 0.34463904660249056, "f55": 2.020045932569527, "f6": 2.674010190418606, "f7": -0.4472315636843628, "f8": -0.9273445469456245, "f9": -1.3898080412820881}, "datetime": {"datetime": "2023-02-03 22:24:10", "elapsed": 14867.580238, "delta": 70.787203}}
{"target": 0.34147194841681405, "params": {"f0": 0.46309154375876577, "f1": 0.6401450887159907, "f10": -0.38904303623469927, "f11": -0.5329576035078949, "f12": -1.4419480601401822, "f13": -1.317610372971216, "f14": -0.6095543282530258, "f15": -0.4869026422055778, "f16": 0.9249341200886069, "f17": 0.17149635244232364, "f18": -0.8892283803843133, "f19": -0.9031810709408923, "f2": -0.8560703471634907, "f20": 2.4524149165529616, "f21": 0.17117397652485, "f22": -2.524189694158361, "f23": 1.6261170173256434, "f24": -1.8360620142639958, "f25": -1.2540871527425752, "f26": 1.6753661629268148, "f27": 0.2200692673490765, "f28": 1.0807878880030648, "f29": 2.300960927924309, "f3": 2.5945462001315978, "f30": 1.1656538830229513, "f31": 0.30521632862962234, "f32": -0.429648796326429, "f33": -0.34537766588472296, "f34": -1.775492467267123, "f35": 2.171161237672908, "f36": -0.6647879743385088, "f37": 0.1319630505977069, "f38": 1.0994960876018876, "f39": -1.4575410221985494, "f4": 1.2371586108961907, "f40": 1.0374377927645162, "f41": -0.6499598942310247, "f42": -1.995786243289091, "f43": 0.7470298246251913, "f44": -0.309791599622291, "f45": 0.05115280992927115, "f46": 0.11346918949454243, "f47": -0.1081789387883092, "f48": -0.7490822266418635, "f49": -0.1883630962518795, "f5": 2.533263825226028, "f50": -1.6447242952274692, "f51": -1.508176185624689, "f52": -1.1128739445313136, "f53": -0.13174707214770692, "f54": 0.7943017469806444, "f55": 2.132202585661174, "f6": 2.175715001897475, "f7": -0.4146143969163172, "f8": -0.08657246158144827, "f9": -1.7370671086652467}, "datetime": {"datetime": "2023-02-03 22:26:21", "elapsed": 14998.737673, "delta": 131.157435}}
{"target": 0.2998729051065906, "params": {"f0": 0.4246298293170388, "f1": 1.4203191759543325, "f10": -0.20691574162498538, "f11": 0.13773962468001688, "f12": -0.9398133535149976, "f13": -0.45297054174872, "f14": -1.0637236012761684, "f15": -1.0662628668123113, "f16": 0.06230369306991124, "f17": 0.434980719073949, "f18": -1.0412477141687202, "f19": -0.6330227918484312, "f2": -0.0037536058105394066, "f20": 2.4345700718580954, "f21": 0.3817820488390894, "f22": -1.715251585941163, "f23": 1.4632108426539467, "f24": -1.4827518940170779, "f25": -0.16424950395266102, "f26": 1.4279895341013247, "f27": 0.28668273014104717, "f28": 0.4808825276906904, "f29": 2.127432447158321, "f3": 2.9373624385374684, "f30": 1.9549641278755736, "f31": 1.5058270077499754, "f32": 0.028556034990744994, "f33": -0.8301632840129658, "f34": -1.1191238508517425, "f35": 2.4640164518105916, "f36": -0.22387905440865075, "f37": 0.5930386420754876, "f38": 0.28408556507269384, "f39": -1.3876908654048747, "f4": 1.3356135933622533, "f40": 0.9720771376090922, "f41": -0.6318637431501375, "f42": -1.94321010306789, "f43": 1.171465998390859, "f44": 0.2007462093946396, "f45": 0.7629570691038399, "f46": -0.29215190456435847, "f47": -0.7610453252644249, "f48": -1.1161326127294617, "f49": 0.6173761575866575, "f5": 1.8733146665359883, "f50": -0.5204344190646919, "f51": -0.46438528896922704, "f52": -0.5057171717301399, "f53": -0.3612879668809488, "f54": -0.1913440482131218, "f55": 1.302563865883407, "f6": 2.019768347602039, "f7": 0.012379322681567495, "f8": -0.4344972891290375, "f9": -2.899842417115551}, "datetime": {"datetime": "2023-02-03 22:27:36", "elapsed": 15073.199026, "delta": 74.461353}}
{"target": 0.22617239041995416, "params": {"f0": 0.8242161548049383, "f1": 1.043794031487769, "f10": -0.2970275794718613, "f11": -0.773149687069115, "f12": -0.8817826562195726, "f13": -1.252448590819156, "f14": -1.5004413606346132, "f15": -1.3741974220524447, "f16": 0.1734005416817769, "f17": 0.017877466151087484, "f18": -1.5359119746767247, "f19": -0.6238409081522456, "f2": -0.8092656115492636, "f20": 2.1566872977100533, "f21": -0.17096023241877875, "f22": -1.5511085334753234, "f23": 1.2017977083434288, "f24": -1.2793162014976227, "f25": -0.8702676938824537, "f26": 1.2860416250713287, "f27": 0.05019687446556409, "f28": 1.0166697412758514, "f29": 2.775396541816289, "f3": 2.9268378488518136, "f30": 2.545738318647531, "f31": 0.3396564398361132, "f32": 0.030074634424411384, "f33": -0.29716660914229165, "f34": -0.3887988736127217, "f35": 1.4364504768928121, "f36": -0.7069486773224558, "f37": 0.47939806091392406, "f38": 0.32224131287582664, "f39": -1.6621243418963105, "f4": 1.968290549584618, "f40": 0.383347613197371, "f41": -0.7679878930014772, "f42": -1.21228333478151, "f43": 1.32776300159422, "f44": 0.01794527859413564, "f45": 0.3422102547160102, "f46": 0.012884860168709489, "f47": -1.0377651689491192, "f48": -0.4883798662047838, "f49": 0.8002521672287238, "f5": 2.410697865310004, "f50": -0.7971370404143869, "f51": -1.5402026988976099, "f52": -0.5812183872296781, "f53": 0.4906619393572148, "f54": -0.28196605715192513, "f55": 1.2787361729335829, "f6": 2.456840253936704, "f7": 0.00855172778847424, "f8": -0.02999700847593001, "f9": -1.4454591664371572}, "datetime": {"datetime": "2023-02-03 22:28:43", "elapsed": 15140.125646, "delta": 66.92662}}
{"target": 0.1130924874355351, "params": {"f0": 0.3530305747276304, "f1": 1.5169283738160093, "f10": -0.7386878657112776, "f11": -0.5512869385281235, "f12": -0.7248445207538553, "f13": -0.2317767741566028, "f14": -1.3608777018583393, "f15": -0.816373559290532, "f16": 0.5176966006038061, "f17": -0.18685885113129258, "f18": -0.6257052967502998, "f19": -1.279638470873361, "f2": -0.05317230177606391, "f20": 1.1548546791602035, "f21": 0.7264147457292607, "f22": -2.014437893073435, "f23": 0.4674028109706628, "f24": -1.0905238995432636, "f25": -0.9437060147837798, "f26": 0.4929182505221764, "f27": -0.29078517968700246, "f28": 1.0769143325847945, "f29": 1.8785532648915029, "f3": 2.880286694334261, "f30": 1.8224460904193251, "f31": 0.8511025008390417, "f32": -0.4351206102370007, "f33": -0.1268807160166544, "f34": -0.7040303912174724, "f35": 2.239930883479643, "f36": -0.6535321827131707, "f37": -0.008604102811136716, "f38": 0.8589388571135321, "f39": -1.4322633113123695, "f4": 1.330879041450653, "f40": 0.7656342909090967, "f41": -1.3557160823528038, "f42": -1.8548080001236429, "f43": 1.2606706936102292, "f44": -0.09487154190402747, "f45": 0.7927706979147355, "f46": -0.4352093178832132, "f47": -0.13014305661506942, "f48": -1.1513009085181638, "f49": -0.03887841472892534, "f5": 2.5912555901231684, "f50": -1.5724099750569032, "f51": -0.11460142216341773, "f52": -0.748614654101721, "f53": -0.3080585131868588, "f54": 0.6083067025607938, "f55": 2.079659942971199, "f6": 2.1717799503729016, "f7": 0.3124453834313472, "f8": -0.836598078213519, "f9": -1.8791318154947318}, "datetime": {"datetime": "2023-02-03 22:29:38", "elapsed": 15195.834249, "delta": 55.708603}}
{"target": 0.37090573031116303, "params": {"f0": -0.07096998049976454, "f1": 0.9420813147886843, "f10": -0.284609085704701, "f11": -0.416846471846014, "f12": -1.3271403181947905, "f13": -1.2633789877308108, "f14": -0.5676034783088646, "f15": -1.2011869918543412, "f16": 1.0196008735944095, "f17": 0.034118112335808914, "f18": -1.5125995628393447, "f19": -0.6245349539437353, "f2": -0.6575372905058336, "f20": 1.9062855653668225, "f21": 0.03794403833376658, "f22": -1.241125931856406, "f23": 0.873119930682926, "f24": -1.2649412514329565, "f25": -1.2185426391317369, "f26": 1.507234763033565, "f27": -0.5696513079670948, "f28": 1.3223146642435841, "f29": 1.9359422877177443, "f3": 1.883095531436954, "f30": 1.627206887875609, "f31": 0.08569468623526998, "f32": -0.38748456002494625, "f33": -0.8814721834603656, "f34": -0.9176853726387146, "f35": 1.4035392425411564, "f36": -0.996352774956985, "f37": 0.4118872875521692, "f38": 0.702432197382751, "f39": -1.071233119789289, "f4": 2.3008716505679234, "f40": 0.2894826940642804, "f41": -1.1517614773567595, "f42": -1.7389437345249286, "f43": 0.9250618313085787, "f44": -0.38978632478307995, "f45": 0.5434473584243773, "f46": -0.811934621210655, "f47": -0.52916608789937, "f48": -1.172752352881067, "f49": -0.2364298094570681, "f5": 2.3054690367285824, "f50": -0.5949754141829249, "f51": -0.8225117848465325, "f52": -0.23928681748334668, "f53": 0.6219061494153714, "f54": 0.15673486939104164, "f55": 2.26274005318674, "f6": 2.8311872752538547, "f7": 0.16486359467299638, "f8": -0.9811419624666904, "f9": -1.8239043680538882}, "datetime": {"datetime": "2023-02-03 22:30:31", "elapsed": 15248.37582, "delta": 52.541571}}
{"target": 0.46228587966070717, "params": {"f0": 0.7707319986516825, "f1": 0.29217971454579855, "f10": -0.9140916542162768, "f11": -0.00977669958113525, "f12": -1.2080550814713258, "f13": -1.3619518357818068, "f14": -1.1427615924291037, "f15": -0.8959797097378269, "f16": -0.03067209158514888, "f17": -0.08444799779436665, "f18": -0.48002861307652944, "f19": -0.15142850188396983, "f2": -0.8301656035429903, "f20": 2.9830961164417866, "f21": 0.4068349426343645, "f22": -1.9107286566609365, "f23": 1.448143692548732, "f24": -0.5125402101196885, "f25": -0.49775388370222495, "f26": 0.4394804780714261, "f27": 0.08203806304374472, "f28": 0.5198739578364596, "f29": 2.2291613194149615, "f3": 2.134260267572521, "f30": 1.255755274066007, "f31": 0.6409764396492745, "f32": -0.7619059009089775, "f33": -0.8524409421875562, "f34": -1.658575827233968, "f35": 1.722541560368501, "f36": -0.5295340858988367, "f37": -0.058207318493283755, "f38": 0.20321336376037355, "f39": -1.1389388034184553, "f4": 1.0047816026029799, "f40": -0.015270976605625458, "f41": -1.8249997726962417, "f42": -1.7024511090196033, "f43": 1.1995462215091168, "f44": 0.11105714095864583, "f45": 0.8906547035198278, "f46": 0.3160968343398509, "f47": -0.3032953833583476, "f48": -1.0946665724874096, "f49": 0.23739754880885555, "f5": 2.5025691901602367, "f50": -0.489861400604676, "f51": -0.7001833705797522, "f52": -0.8879874908809248, "f53": 0.4540377992835251, "f54": -0.1616312817828452, "f55": 1.7891437280227995, "f6": 1.3488538973769106, "f7": -0.024667911916075647, "f8": -0.46396849687635455, "f9": -1.8555334688794412}, "datetime": {"datetime": "2023-02-03 22:31:42", "elapsed": 15319.405814, "delta": 71.029994}}
{"target": 0.6248674021630839, "params": {"f0": 0.8348701883588237, "f1": 1.0412985165472428, "f10": -0.4648237784102909, "f11": -0.525174018079651, "f12": -1.0244851208716372, "f13": -0.7134435578169822, "f14": -1.467905620265827, "f15": -1.3434641748922231, "f16": 0.44724842311529384, "f17": 0.34361766251094306, "f18": -0.5477446109537882, "f19": -0.6352621109160919, "f2": -0.6900296482366965, "f20": 2.2899893309408257, "f21": -0.005708245658631372, "f22": -2.0599293663294658, "f23": 1.2146928256971423, "f24": -2.002958977054505, "f25": -0.9786602243628255, "f26": 1.1640351591091391, "f27": 0.08389252837314398, "f28": 0.18875126645398455, "f29": 2.2071983363788488, "f3": 2.1845398723298106, "f30": 2.128224966297273, "f31": 0.6778643888797916, "f32": -0.7325036188270356, "f33": -0.9067238700997795, "f34": -1.4682141460656828, "f35": 2.4558063124437526, "f36": -0.5986557440491134, "f37": -0.07142156864301752, "f38": 0.4638856663289498, "f39": -1.2285473457776457, "f4": 1.7012748847349313, "f40": 0.8529324220893431, "f41": -1.026869521451129, "f42": -1.9200572408834327, "f43": 0.33466410352577824, "f44": -0.47649946495087203, "f45": 0.547405933669372, "f46": 0.20163599754854578, "f47": -0.11543987111996334, "f48": -0.42032856472622604, "f49": 0.023983319258405467, "f5": 2.092937771875712, "f50": -0.6759588320927894, "f51": -0.30411880672045166, "f52": -0.8681462372152786, "f53": -0.16701371036197513, "f54": 0.76430188078527, "f55": 2.7036821938160807, "f6": 2.6501085418146837, "f7": -0.1361707697257355, "f8": -0.732188568401092, "f9": -0.9720397752280356}, "datetime": {"datetime": "2023-02-03 22:32:57", "elapsed": 15394.864218, "delta": 75.458404}}
{"target": 0.12676771482286261, "params": {"f0": 0.6667075251334218, "f1": 0.9354453103188952, "f10": -1.1398356882056424, "f11": -0.96279429824238, "f12": -0.47348869378034175, "f13": -1.0111344239123947, "f14": -1.6062158110369156, "f15": -1.6253571476122377, "f16": 0.6120891279069378, "f17": 0.6396238253213742, "f18": -0.6162564969924476, "f19": -1.538831152921411, "f2": -0.7897049253696846, "f20": 2.6616468024685784, "f21": 0.34989304224572026, "f22": -1.0874656527535416, "f23": 1.2498329382882365, "f24": -1.957208706014073, "f25": -0.27498871496244237, "f26": 0.6434491961567624, "f27": 0.15422582292563458, "f28": 1.190971978678089, "f29": 2.652600346888169, "f3": 2.040044849947567, "f30": 0.8214770282538131, "f31": 0.7101526655696533, "f32": -0.2932011862225361, "f33": -0.7674483599293627, "f34": -0.9351621106344039, "f35": 1.6886506090035809, "f36": -0.6506830860658014, "f37": -0.24687837338828345, "f38": 0.9267293107503992, "f39": -1.840736060834056, "f4": 1.3137373838479562, "f40": 0.8689059400731876, "f41": -0.6326936586005927, "f42": -1.6094486849200298, "f43": 1.2688298643426708, "f44": 0.09724219704851067, "f45": 0.6244979740651327, "f46": -0.19820560595599113, "f47": -0.6216211062072621, "f48": -1.3704393908219932, "f49": -0.20877026088062944, "f5": 1.794687185881724, "f50": -1.2387712613880544, "f51": -0.2934139547557202, "f52": -1.1326396788814783, "f53": -0.15626402265664596, "f54": 0.5003332040839248, "f55": 1.9035851187866086, "f6": 1.6616051693893819, "f7": -0.2654970325831362, "f8": -0.5356172797634896, "f9": -2.1603841799566097}, "datetime": {"datetime": "2023-02-03 22:33:57", "elapsed": 15454.009305, "delta": 59.145087}}
{"target": 0.12847624615774494, "params": {"f0": 0.19123370771523338, "f1": 0.4058172345013374, "f10": -0.8330078505452058, "f11": -0.611234709576154, "f12": -0.784948851435411, "f13": -0.7264389971249636, "f14": -0.8545205993057097, "f15": -0.481526065447599, "f16": -0.014422503956359606, "f17": 0.24044142008188313, "f18": -1.0928053460056941, "f19": -1.1886473858052407, "f2": -0.8462680813578061, "f20": 2.847647883981575, "f21": -0.10339723783174756, "f22": -2.3581572110620703, "f23": 1.8492695963279915, "f24": -1.1260487389844498, "f25": -0.9729802859196329, "f26": 1.175292855856916, "f27": 0.2810821977105503, "f28": 1.340397651016747, "f29": 2.001486433438102, "f3": 2.3099397302632982, "f30": 1.0736391257886695, "f31": 1.0112250057500207, "f32": 0.06416942003973358, "f33": -0.7916121375030558, "f34": -1.7182084409312468, "f35": 2.201569766609433, "f36": -0.3572317887960229, "f37": -0.23371663022239583, "f38": 0.4354252899625789, "f39": -1.214288360233676, "f4": 0.6906658832686191, "f40": 0.5350293046962515, "f41": -1.7852757452365267, "f42": -1.2322722924380904, "f43": 0.45265447791427327, "f44": -0.1250958135573893, "f45": 1.140019053356616, "f46": -0.10578212625434691, "f47": -0.5465695739188133, "f48": -0.43370941751739434, "f49": 0.3665848021234465, "f5": 1.670481108157512, "f50": -0.8179606601736273, "f51": -0.7298487898951472, "f52": -0.24866267648849494, "f53": 0.32747425444024475, "f54": -0.04341559354929536, "f55": 1.6858529845903458, "f6": 2.545656538459897, "f7": 0.3701071261963519, "f8": -0.5318866864177234, "f9": -2.20041422675262}, "datetime": {"datetime": "2023-02-03 22:35:30", "elapsed": 15547.08777, "delta": 93.078465}}
{"target": 0.2647559488762243, "params": {"f0": 0.15452163303074504, "f1": 0.4435780033678083, "f10": -1.4377089027172483, "f11": -0.43801404342278083, "f12": -0.8864619659770169, "f13": -1.6517713784130799, "f14": -0.9473386072890101, "f15": -1.3874631572968565, "f16": 0.7434296877792107, "f17": 0.4759745341188601, "f18": -1.6344648799808275, "f19": -1.6454727086592371, "f2": 0.0224782556537666, "f20": 0.45416411300057347, "f21": 0.20654218460400314, "f22": -1.8505968122102319, "f23": 0.3831187121576814, "f24": -1.0669267457462188, "f25": -0.11940626724960346, "f26": 1.4571852875815388, "f27": 0.32074624419820197, "f28": 0.5087556966970852, "f29": 1.539276476601946, "f3": 0.27221759106426463, "f30": 1.6693771540460225, "f31": 1.1625861269023128, "f32": -0.704247457366969, "f33": -0.1825961748744107, "f34": -1.9855153193473285, "f35": 2.1283610925087113, "f36": -0.41707134929889733, "f37": -0.052878768725696634, "f38": 0.620202385064259, "f39": -2.4325227493351305, "f4": 1.7988503428790397, "f40": 0.5543614773266223, "f41": -0.48576399311434537, "f42": -2.723046719580568, "f43": 0.42677803196611375, "f44": -0.567097261797236, "f45": 0.5998252679817189, "f46": -0.11969701475173833, "f47": -0.17437336241185064, "f48": -1.3599337870527162, "f49": 0.18396352841580355, "f5": 0.34984420543181927, "f50": -0.5088944802451991, "f51": -0.9220433772439004, "f52": -0.4123095397840739, "f53": -0.35980372641410496, "f54": 0.29139158510178337, "f55": 2.108379926164841, "f6": 2.81331023532319, "f7": 0.4162084951866267, "f8": 0.09904493639766088, "f9": -2.306287669102871}, "datetime": {"datetime": "2023-02-03 22:36:47", "elapsed": 15624.019213, "delta": 76.931443}}
