{"target": 0.44398506800944443, "params": {"f0": 0.6011115753021667, "f1": 0.7353671750645533, "f10": -0.991140154058821, "f11": -0.6901463720281689, "f12": -0.3943569868672232, "f13": -1.3134963559178006, "f14": -0.5016018795660033, "f15": -1.0820222678479334, "f16": 0.41939047366744586, "f17": 0.49459377827214035, "f18": -1.157563095673963, "f19": -1.2257150686674265, "f2": -0.7184340537767389, "f20": 2.668251877486267, "f21": 0.7844294612039441, "f22": -2.1138288548551647, "f23": 1.763041551689681, "f24": -1.33493493884801, "f25": -0.7665810218464311, "f26": 0.39258131273358987, "f27": -0.270572154214514, "f28": 1.1053779951786005, "f29": 2.174033809860267, "f3": 0.8441731114797346, "f30": 1.3950979475828091, "f31": 0.3867211368189146, "f32": -0.21482396761297295, "f33": -0.30674273125250207, "f34": -1.6466723068090325, "f35": 1.9695987928501888, "f36": -0.14912532032687376, "f37": -0.07229242255382506, "f38": 0.8058890329219522, "f39": -1.8183367611835195, "f4": 2.4442433461767683, "f40": 0.9309239497758055, "f41": -0.7267239591385719, "f42": -1.839268765798952, "f43": 1.0797391107075662, "f44": -0.5130449759941887, "f45": 0.7458768925339703, "f46": -0.6317110177754514, "f47": -1.1473843689029444, "f48": -1.079818160996429, "f49": 0.514675946641504, "f5": 1.586822819791302, "f50": -1.358036756491556, "f51": -1.399783832472989, "f52": -1.2348876497598396, "f53": 0.4526901231211982, "f54": 0.29655882217654067, "f55": 2.19973952666063, "f6": 1.9076107690387212, "f7": 0.17789020510344722, "f8": -0.6376915316976773, "f9": -1.8705718408933245}, "datetime": {"datetime": "2023-02-04 01:42:42", "elapsed": 26779.653016, "delta": 92.424086}}
{"target": 0.2980928000949303, "params": {"f0": 0.08166973291685095, "f1": 0.43863427032241564, "f10": -0.22819661070364172, "f11": -0.19147793442386285, "f12": -1.210535011880362, "f13": -0.33740123562388624, "f14": -0.8001824556573975, "f15": -1.354993039458085, "f16": 0.7015079679758507, "f17": 0.6077783867711999, "f18": -0.9828199746452795, "f19": -1.5168247230329728, "f2": -0.2511450092353935, "f20": 2.7938190252052193, "f21": 0.6403621324655973, "f22": -1.4188187972313362, "f23": 1.783506561113434, "f24": -1.0334619179208366, "f25": -0.5750978735013291, "f26": 0.5551747460460346, "f27": -0.17476380158723348, "f28": 0.7538980916345827, "f29": 0.6387212617313557, "f3": 2.821122774344188, "f30": 2.12144659061095, "f31": 0.7108459401465211, "f32": -0.184288242163535, "f33": -0.43209351308745, "f34": -1.2205154624277281, "f35": 0.6396455754103786, "f36": -0.09785600297743757, "f37": 0.14681806738313757, "f38": 0.4862668918123385, "f39": -1.0194006187348719, "f4": 1.4577022280682634, "f40": 0.6368227157828605, "f41": -1.547343599830032, "f42": -2.401889947718045, "f43": 0.860652674225905, "f44": -0.19932950605612404, "f45": 0.2772113456811116, "f46": 0.13740286910357147, "f47": -0.3942870395615057, "f48": -0.3793108614691738, "f49": 0.2787133544858612, "f5": 1.6000698083763099, "f50": -0.8787696511098871, "f51": -0.32315668499810424, "f52": -1.009098434872929, "f53": 0.3835844592275038, "f54": 0.3366306614274997, "f55": 2.3873323877062, "f6": 1.2570508292251226, "f7": -0.022308020927383154, "f8": -0.6679500497415025, "f9": -1.5945601696848006}, "datetime": {"datetime": "2023-02-04 01:44:03", "elapsed": 26860.48566, "delta": 80.832644}}
{"target": 0.13797698745170933, "params": {"f0": 0.3165313886931244, "f1": 1.2787703506203125, "f10": -1.1868932006539006, "f11": -0.8021530185774821, "f12": -0.5286281964895767, "f13": -1.1619452160521138, "f14": -0.44358986261576616, "f15": -1.4824390443562485, "f16": 0.3897392634628568, "f17": 0.5534537329622817, "f18": -1.2531323307019453, "f19": -0.7132965713560944, "f2": -0.5359491035041886, "f20": 1.758998968066195, "f21": 0.3442768248411535, "f22": -2.6886497177190525, "f23": 0.807556798752868, "f24": -1.1811955171777373, "f25": -0.6803214578002303, "f26": 1.3658792300155365, "f27": 0.053811756795467125, "f28": 0.3906224563966041, "f29": 2.43212639790007, "f3": 1.3608908117763518, "f30": 2.2014024859687162, "f31": 1.2246750138878515, "f32": -0.048155526457991815, "f33": -0.33513658280288317, "f34": -1.2811525533722534, "f35": 0.5622484112099618, "f36": -0.10172218396321142, "f37": 0.4025409359718389, "f38": 0.13709874863702948, "f39": -2.0092908847514708, "f4": 0.6511627249578575, "f40": 0.6986313179563167, "f41": -1.7615317435152962, "f42": -0.7201742542597227, "f43": 0.7976569203053375, "f44": -0.21816190644642985, "f45": 1.0253054368609815, "f46": -0.438138346228609, "f47": -0.46317699890437614, "f48": -1.0113379944998655, "f49": 0.7039712486504522, "f5": 1.2720604792029941, "f50": -1.113243213651947, "f51": -0.5407100611267047, "f52": -0.5569561526016351, "f53": -0.15856333512454637, "f54": 0.47443366449486685, "f55": 0.8537245999002651, "f6": 0.6072178011365426, "f7": 0.2469956020928324, "f8": -0.420630439196109, "f9": -0.5592914094315424}, "datetime": {"datetime": "2023-02-04 01:45:21", "elapsed": 26938.797898, "delta": 78.312238}}
{"target": 0.3664224515381994, "params": {"f0": 0.42554886312159285, "f1": 1.4582151248861426, "f10": -0.8880090064557409, "f11": -0.1355503988946246, "f12": -0.8780079268351801, "f13": -1.1126694405859578, "f14": -1.429236263240268, "f15": -0.7816579348702017, "f16": 0.6985675509467851, "f17": 0.2634904861776849, "f18": -0.9163706626464363, "f19": -0.8865836065304774, "f2": -0.2748558999105557, "f20": 1.7313732815391931, "f21": 0.10413726709813052, "f22": -1.124329276456766, "f23": 1.083011668010798, "f24": -1.1252995770833278, "f25": -0.5896462613162324, "f26": 0.9325461295168593, "f27": -0.13640579341421705, "f28": 0.6082395517377279, "f29": 1.0486033504853982, "f3": 2.6443993801170236, "f30": 1.7238394543732993, "f31": 0.8359004747946868, "f32": -0.10243292048965202, "f33": -0.5994414885900177, "f34": -1.015874092919764, "f35": 0.8508221657883741, "f36": -0.8624269784395273, "f37": 0.03315017754863886, "f38": 0.5221397801501804, "f39": -1.7637310012514993, "f4": 2.0869209023354336, "f40": 0.23294190699758455, "f41": -2.1101454430893685, "f42": -1.658793712270177, "f43": 1.0047393879018078, "f44": 0.11021763122729428, "f45": 0.5202615720268957, "f46": 0.09235716496452895, "f47": -0.6527668466314497, "f48": -0.4544734832935784, "f49": 0.33472164949594074, "f5": 1.4763280891246084, "f50": -0.950539496076668, "f51": -0.7335792487589208, "f52": -0.4537030435972167, "f53": 0.3629939237237141, "f54": 0.1350153593704254, "f55": 1.9513466730574311, "f6": 1.666538905833619, "f7": -0.31998860266790224, "f8": -0.7339550546633415, "f9": -1.56614417744119}, "datetime": {"datetime": "2023-02-04 01:45:24", "elapsed": 26941.771791, "delta": 2.973893}}
{"target": 0.30359435728770695, "params": {"f0": 0.194824989180009, "f1": 1.45902481727023, "f10": -1.2594364433490624, "f11": -0.13284010305955574, "f12": -0.20816099237880326, "f13": -0.756271394269193, "f14": -1.3121581617008726, "f15": -1.002685367837673, "f16": 0.33881406684677084, "f17": 0.16610893753906117, "f18": -1.49686897291484, "f19": -1.0496298970442355, "f2": -0.48667298211165266, "f20": 2.1573647678449337, "f21": 0.7107308265817868, "f22": -1.1894361487367593, "f23": 0.8661241486903651, "f24": -0.6075059903770055, "f25": -0.14009761189609837, "f26": 0.6133918009094486, "f27": 0.2231638877216836, "f28": 0.36073493940003165, "f29": 0.5493410469174458, "f3": 2.911176535419435, "f30": 1.6648054074513539, "f31": 1.2852848337592258, "f32": 0.04563011692417818, "f33": -0.42522782739069387, "f34": -1.3510024850740738, "f35": 0.5080259219780604, "f36": -0.11886138097365273, "f37": 0.1608452646283725, "f38": 0.13618900935388925, "f39": -1.4635390440429985, "f4": 1.7599697302415667, "f40": 0.9314589118983957, "f41": -1.8011281258836886, "f42": -1.7757823710651592, "f43": 1.0166217197528897, "f44": -0.05255955597575912, "f45": 0.4797718615791381, "f46": 0.08505686539426194, "f47": -0.26274864919486396, "f48": -1.1475095886610571, "f49": -0.027974625511645618, "f5": 2.1034864182386324, "f50": -1.113216564015775, "f51": -1.3639963399303738, "f52": -0.6184772496014583, "f53": -0.1995571025199376, "f54": 0.21472121581644915, "f55": 2.145000683041166, "f6": 1.5583027138158, "f7": 0.055077077453048795, "f8": -0.3739135110460078, "f9": -1.45645391433751}, "datetime": {"datetime": "2023-02-04 01:46:22", "elapsed": 26999.869775, "delta": 58.097984}}
{"target": 0.24089734310774266, "params": {"f0": 0.9267126364555371, "f1": 0.7656038120197137, "f10": -0.6143244234194025, "f11": -0.28698951174542897, "f12": -0.7659744127566298, "f13": -0.33412900937661494, "f14": -0.8286374335534696, "f15": -0.8487468299318627, "f16": 0.5528082054762136, "f17": 0.027278405252956328, "f18": -2.463548227558618, "f19": -1.4523578403116353, "f2": -0.5855628053053255, "f20": 1.8978198884672737, "f21": 0.7239044274806004, "f22": -1.1043566694057791, "f23": 0.986158442313519, "f24": -1.1099376954909088, "f25": -1.1768189579457156, "f26": 0.8916738310766625, "f27": -0.384728385198843, "f28": 0.2831060042731738, "f29": 2.6381650194978166, "f3": 1.0452904965255143, "f30": 1.0389310142780581, "f31": 0.24285899586337073, "f32": -0.5567711878580106, "f33": -0.8454369981735975, "f34": -2.299422675732994, "f35": 1.3736657955820686, "f36": -0.9472665168195658, "f37": 0.05783733540353392, "f38": 0.8877549561607208, "f39": -1.6813939212383215, "f4": 1.7490875862826751, "f40": 0.23933931044920145, "f41": -0.8676724094563899, "f42": -0.836120840314102, "f43": 0.9818304720593676, "f44": -0.030847300188790394, "f45": 0.3762864088905967, "f46": -0.5704848379489077, "f47": -1.0908195809432222, "f48": -0.9666669257451558, "f49": -0.060974019286412065, "f5": 2.965853777479958, "f50": -0.6274798006793361, "f51": -1.2071565495065963, "f52": -1.2726860508733273, "f53": -0.07856144573507748, "f54": -0.06559446755278295, "f55": 0.7093290328376238, "f6": 0.8182044380075264, "f7": -0.3233523362795442, "f8": -0.5717318723545184, "f9": -0.6286275314926422}, "datetime": {"datetime": "2023-02-04 01:46:25", "elapsed": 27002.354252, "delta": 2.484477}}
{"target": 0.3134213361607532, "params": {"f0": 0.9836757222822221, "f1": 1.1029576326470978, "f10": -0.18896114612495807, "f11": -0.8609742394293354, "f12": -1.0761042933499856, "f13": -1.0177365284917963, "f14": -0.9340404829846752, "f15": -1.4674873040739635, "f16": 0.3743489541699398, "f17": 0.22039663476970273, "f18": -0.44756780070181357, "f19": -0.39846008130466304, "f2": -0.9332375247646261, "f20": 2.2563354266159257, "f21": 0.49043245715308187, "f22": -1.2101939980367586, "f23": 1.3247715328999377, "f24": -1.8435379182483147, "f25": -0.5680182316442806, "f26": 0.7252885220234786, "f27": -0.18490950519848215, "f28": 1.1043166593654554, "f29": 1.9276139793280695, "f3": 1.4207849464366784, "f30": 1.3161729927149362, "f31": 0.5967024630630448, "f32": -0.45789594709671605, "f33": -0.6438454341012849, "f34": -1.1603992106872891, "f35": 1.2494441775544405, "f36": -0.49751526919379363, "f37": 0.3627555845250589, "f38": 0.3348103430826901, "f39": -1.4867273847355278, "f4": 0.46736641792143907, "f40": 0.36249103385439513, "f41": -0.3152170395093432, "f42": -1.060151525920406, "f43": 0.5394780913491888, "f44": -0.031492807576962045, "f45": 0.9046920198913617, "f46": 0.028373410893045126, "f47": -0.5937176126285156, "f48": -0.8617528589496491, "f49": -0.1368289639816852, "f5": 0.8931655520132438, "f50": -1.1376148181664587, "f51": -0.7700809745049307, "f52": -0.5502640851446441, "f53": -0.10807424027013757, "f54": 0.10730435529820065, "f55": 0.9834628353039123, "f6": 2.6686242260467576, "f7": -0.09360616451397796, "f8": -0.5259287291602359, "f9": -2.5668037730161606}, "datetime": {"datetime": "2023-02-04 01:47:52", "elapsed": 27089.493637, "delta": 87.139385}}
{"target": 0.48596257216850053, "params": {"f0": 0.16140645767200335, "f1": 0.34974963100423706, "f10": -0.4133332231826017, "f11": -0.2752761773625463, "f12": -0.20895697122224122, "f13": -1.1097311232844165, "f14": -1.5131566981649747, "f15": -0.6738832662649012, "f16": 1.055326648405425, "f17": 0.1920476832386112, "f18": -0.4275757679991501, "f19": -1.0863130351375028, "f2": -0.394265355465509, "f20": 2.6977222555844866, "f21": 0.6871324968765163, "f22": -2.9386448904234777, "f23": 1.731436403802873, "f24": -0.9193430824432658, "f25": -0.661767232893407, "f26": 0.4476376683193172, "f27": 0.2620437765407032, "f28": 1.5407721645760437, "f29": 1.2207889918584434, "f3": 2.913449658961458, "f30": 0.7069170190148671, "f31": 0.87212390129385, "f32": -0.2558889544113402, "f33": -0.6287106830748909, "f34": -1.3505916922822163, "f35": 2.5511892763064843, "f36": -0.49990625536163147, "f37": 0.5852166986147145, "f38": 0.38999525811559776, "f39": -1.7376151505065638, "f4": 2.4432272541339404, "f40": 0.4971323339357382, "f41": -1.0384601059253078, "f42": -1.2247167327418969, "f43": 0.24581141266685533, "f44": 0.3327879336452809, "f45": 1.3964651065630143, "f46": -0.20844976735823928, "f47": -0.7563897226546756, "f48": -0.6374042434445968, "f49": 0.3868958724307131, "f5": 2.1494631805226523, "f50": -1.3652406403906239, "f51": -1.0394513708783153, "f52": -0.448470465239027, "f53": -0.059837210181774125, "f54": -0.04308500896096029, "f55": 2.1064277051456237, "f6": 1.3024666741680795, "f7": -0.10615036182388726, "f8": -0.31089881998812374, "f9": -1.648034863626385}, "datetime": {"datetime": "2023-02-04 01:49:41", "elapsed": 27198.464861, "delta": 108.971224}}
{"target": 0.187414417010463, "params": {"f0": 0.9611120145700407, "f1": 1.1924284217509764, "f10": -1.0626674859722685, "f11": -0.6020156005605035, "f12": -1.0650615179024792, "f13": -1.5659461619464898, "f14": -1.0543069396928613, "f15": -0.8938231031082389, "f16": 1.0799674037872988, "f17": 0.6728982031849332, "f18": -2.292452107274505, "f19": -0.6335293358147118, "f2": -0.8505388996157603, "f20": 2.290488199148143, "f21": 0.5571585171896495, "f22": -0.5838111909858013, "f23": 1.5758742748735228, "f24": -1.2087496415354888, "f25": -0.5829324546752804, "f26": 0.4802468401052439, "f27": -0.12620760537293774, "f28": 0.6761572089626124, "f29": 1.0063533665319984, "f3": 0.4011477242947404, "f30": 1.4311112072979317, "f31": 1.1718612454188275, "f32": 0.046867923661024546, "f33": -0.2578828093656065, "f34": -1.2116703365994566, "f35": 2.785438870364534, "f36": -0.49289335382228816, "f37": -0.1199785177697355, "f38": 0.651502477759351, "f39": -1.1488699556891477, "f4": 0.5864173997594242, "f40": 1.112609207115611, "f41": -1.5405365826476547, "f42": -1.4476027037613195, "f43": 0.4225665697365249, "f44": -0.48833020047394726, "f45": 1.0116049930263673, "f46": -0.44291734788992737, "f47": -0.19052833461654783, "f48": -1.4827700515055646, "f49": 0.3433868221816311, "f5": 0.3551080638326936, "f50": -0.33745356307570695, "f51": -1.2362095670145452, "f52": -1.1515645699662407, "f53": -0.174172505530233, "f54": 0.48142430428380356, "f55": 0.9298254481128448, "f6": 2.335653215479838, "f7": 0.060023085161194034, "f8": -0.06050240804286067, "f9": -2.339099619714681}, "datetime": {"datetime": "2023-02-04 01:50:45", "elapsed": 27262.555527, "delta": 64.090666}}
{"target": 0.26660541497241796, "params": {"f0": 0.1394456504982045, "f1": 1.4757253653002833, "f10": -0.3161881063607883, "f11": -0.3918820749557169, "f12": -0.7840530590216187, "f13": -0.518753498150949, "f14": -0.5576041761024892, "f15": -0.7081431625488397, "f16": 0.303143045792367, "f17": 0.3668463004234296, "f18": -1.6045003864966438, "f19": -0.42908215123543614, "f2": 0.0226434803724036, "f20": 0.8349700717081171, "f21": 0.3311342644331726, "f22": -2.2220089289605007, "f23": 2.0353920258293265, "f24": -1.404439306793508, "f25": -0.4183339506004703, "f26": 1.351281783505144, "f27": -0.19747949606990767, "f28": 1.2006942841681938, "f29": 2.3829054548178217, "f3": 0.498755911848965, "f30": 1.1216127595421095, "f31": 0.8956857361157968, "f32": -0.3194021666502904, "f33": -0.6186386087866507, "f34": -1.7140577199672986, "f35": 2.698765217084169, "f36": -0.3964808995540642, "f37": 0.5858345480866733, "f38": 0.025358558790452734, "f39": -2.086919327156524, "f4": 1.8644946263002842, "f40": 0.056511498407754684, "f41": -2.175102131006078, "f42": -1.5810858349339347, "f43": 0.8894017491733924, "f44": -0.3127983084015237, "f45": 0.43065197472727507, "f46": -0.15319396862767487, "f47": -0.46837087785674536, "f48": -1.198430100582812, "f49": -0.18613777979570179, "f5": 1.3133491155015204, "f50": -0.4041372194195594, "f51": -1.5005962774992916, "f52": -0.9180191032961362, "f53": 0.07344203495180968, "f54": -0.15933982828601412, "f55": 2.549230512751312, "f6": 2.9875346954810373, "f7": 0.3929543089893681, "f8": -0.6599707813880598, "f9": -0.3990445232257196}, "datetime": {"datetime": "2023-02-04 01:52:09", "elapsed": 27345.966816, "delta": 83.411289}}
{"target": 0.0903366899874057, "params": {"f0": -0.041603343426449835, "f1": 1.2500773167298644, "f10": -0.46670253822733176, "f11": -0.5523299478861678, "f12": -0.4363517600566027, "f13": -0.3296894511578161, "f14": -0.47473902705199467, "f15": -1.1446546188706173, "f16": 0.6989540962549419, "f17": 0.7047249942888509, "f18": -2.508439770177803, "f19": -1.5718533016438874, "f2": -0.9638284094468824, "f20": 2.3232551973829234, "f21": 0.8311356047206675, "f22": -2.231896131318533, "f23": 0.6873155707270151, "f24": -0.8249265295414057, "f25": -1.0289398369000677, "f26": 0.21396703574248185, "f27": -0.28677056342232576, "f28": 0.4005250408281027, "f29": 0.49610265998279857, "f3": 1.265168257486578, "f30": 2.2317658964155314, "f31": 0.7942842061380175, "f32": 0.07877469716045604, "f33": -0.4807638843123929, "f34": -2.2530243953918676, "f35": 0.5166559179786681, "f36": -0.025150772313913716, "f37": -0.3571993496768395, "f38": 0.7532743791085525, "f39": -1.5991196490447108, "f4": 2.027115889195884, "f40": 0.25629944042786595, "f41": -2.072183317015835, "f42": -1.0915930710265163, "f43": 0.4158896646159214, "f44": -0.4797888750709761, "f45": 0.8209069461341729, "f46": -0.3086826905591008, "f47": -0.7779578138110488, "f48": -0.8284180618238866, "f49": 0.22610723609084005, "f5": 0.7444644087561998, "f50": -1.7306928526956122, "f51": -0.7691383525539794, "f52": -1.58972690896962, "f53": -0.14838886290710052, "f54": 0.41964095883368446, "f55": 1.7248140262400682, "f6": 2.3711300036870635, "f7": 0.0633542695763708, "f8": -0.4300548945091621, "f9": -1.5804264875212102}, "datetime": {"datetime": "2023-02-04 01:52:12", "elapsed": 27349.062735, "delta": 3.095919}}
{"target": 0.32899729258613436, "params": {"f0": 0.8060786506231221, "f1": 0.7273715667197596, "f10": -1.1221488066641088, "f11": -0.5214361875189892, "f12": -1.092954649401878, "f13": -0.6106172445686273, "f14": -0.22231871914586554, "f15": -0.23437046685332708, "f16": 0.19719339520598483, "f17": 0.7307742451148601, "f18": -0.6406691753530893, "f19": -0.34003544641178673, "f2": -0.015280065588785252, "f20": 0.7305629809708838, "f21": 0.6802029246974314, "f22": -2.8470391734868965, "f23": 0.33920193036926216, "f24": -1.155940951835515, "f25": -0.6077816372413126, "f26": 0.7380847257468155, "f27": -0.6235306726525134, "f28": 1.0059818425434583, "f29": 2.851056316665663, "f3": 0.47566448875371226, "f30": 1.1862259244555882, "f31": 1.3674488021290394, "f32": -0.6370825310124194, "f33": -0.8086980227836923, "f34": -0.9495011684336359, "f35": 0.5432060723366502, "f36": -0.46887833385835764, "f37": 0.3663267425876585, "f38": 0.29057923624632065, "f39": -2.3161182968363674, "f4": 1.0950878392006531, "f40": 0.34592365094840316, "f41": -2.1714754844727073, "f42": -0.9872895252046952, "f43": 1.180616610533237, "f44": -0.3722872785342153, "f45": 1.3591151867186713, "f46": -0.6885196143029652, "f47": -0.91758368117836, "f48": -1.2854943659855007, "f49": 0.7810963393850335, "f5": 2.364426506588075, "f50": -0.5366511328391232, "f51": -0.4674406081494502, "f52": -1.5427814440147032, "f53": 0.5235171184736075, "f54": -0.10882254609544215, "f55": 1.482526580101602, "f6": 2.338099877787276, "f7": -0.5002564988676456, "f8": -0.7192751706530129, "f9": -1.0149571350265965}, "datetime": {"datetime": "2023-02-04 01:53:13", "elapsed": 27410.477945, "delta": 61.41521}}
{"target": 0.2000727634293792, "params": {"f0": 0.10948923252599393, "f1": 0.7398728942191342, "f10": -1.255881287485324, "f11": 0.00811228369042627, "f12": -1.0004728569297907, "f13": -1.271292757266124, "f14": -0.674527130839226, "f15": -0.5860884963616637, "f16": 0.36713288960848905, "f17": -0.1824773239070625, "f18": -1.7043965877565304, "f19": -0.5759066967944808, "f2": -0.9507353836609034, "f20": 2.3823595357207226, "f21": 0.3756452288700697, "f22": -0.520260150248121, "f23": 1.8086685117166708, "f24": -1.178547955990898, "f25": -0.5779685078429471, "f26": 1.1356528991243562, "f27": -0.22606541319541612, "f28": 1.5124910223078138, "f29": 0.5563295456572644, "f3": 1.4343742248533253, "f30": 2.0283907214032464, "f31": 0.9758411704329082, "f32": -0.09647855064454469, "f33": -0.689159140816128, "f34": -1.8318940418147687, "f35": 2.23858605072472, "f36": -0.4251432987085405, "f37": 0.5522065358224625, "f38": 0.48567567637442904, "f39": -1.799611016738004, "f4": 2.2141631125508847, "f40": 0.2990086223408427, "f41": -1.1150521280303214, "f42": -1.547073584699748, "f43": 0.707822773942252, "f44": 0.2751558942987591, "f45": 1.1429754322062462, "f46": -0.5357199335915721, "f47": -0.12413024249434335, "f48": -0.3448909957563753, "f49": 0.6590893375551036, "f5": 1.7911323699839754, "f50": -0.3335241182845359, "f51": -0.322873303417647, "f52": -0.7364155676893891, "f53": -0.2598357628160818, "f54": 0.33410866895337454, "f55": 2.7496269929241306, "f6": 0.42363362932807336, "f7": 0.19745982892603797, "f8": -0.8252917596739988, "f9": -2.760486684289113}, "datetime": {"datetime": "2023-02-04 01:54:53", "elapsed": 27510.569013, "delta": 100.091068}}
