{"target": 0.5238963700473386, "params": {"f0": 0.13278749410343188, "f1": 0.855002645552985, "f10": -0.3640992742127871, "f11": -0.7739909034427912, "f12": -1.3404395046281081, "f13": -1.2377101101625696, "f14": -0.8189330807353521, "f15": -0.4930516393498774, "f16": 0.2640787779187505, "f17": 0.6567674471451262, "f18": -1.5546063519241724, "f19": -1.0316151617803286, "f2": -0.9366777245910165, "f20": 1.5181992480901572, "f21": 0.37816712103448274, "f22": -0.7196152710402757, "f23": 1.224515945861274, "f24": -1.0285537776318123, "f25": -0.6377987486187723, "f26": 1.1628282675163606, "f27": -0.29049579260806485, "f28": 1.383902408830108, "f29": 2.0811259448259265, "f3": 2.180769943111817, "f30": 1.8523504254135619, "f31": 0.9302962674686579, "f32": -0.057476575957860154, "f33": -0.16812399491685137, "f34": -1.8011935304303641, "f35": 2.3800182663588334, "f36": -0.2979181892506203, "f37": 0.5114782000066951, "f38": 0.5512278936976341, "f39": -0.6441391372635055, "f4": 0.8294116506197922, "f40": 0.3968390022692437, "f41": -1.253620870638556, "f42": -1.100113851014621, "f43": 0.8720356162734807, "f44": -0.17886916473538278, "f45": 1.2043204970362829, "f46": -0.48800253779115843, "f47": -0.9040722986801142, "f48": -1.019669044513745, "f49": -0.05536053008492466, "f5": 2.353502675271968, "f50": -0.495057457030452, "f51": -0.6017357351526871, "f52": -1.1211704665318671, "f53": -0.01922983199415773, "f54": 0.3045742531383623, "f55": 1.9133892189028092, "f6": 1.3108588453933405, "f7": -0.43924215792133875, "f8": -0.030499112010226592, "f9": -1.9924003885274364}, "datetime": {"datetime": "2023-02-03 23:24:06", "elapsed": 18463.440574, "delta": 100.328222}}
{"target": 0.5755693328798365, "params": {"f0": 0.5951936132484277, "f1": 0.7240011644415475, "f10": -0.6496702075687225, "f11": -0.6883475389395115, "f12": -0.49973421083731673, "f13": -1.3462584763063827, "f14": -0.8801008050172872, "f15": -1.0662531592204512, "f16": 0.7478826496544378, "f17": 0.2514861320480712, "f18": -0.9728818674712332, "f19": -1.2467973502946685, "f2": -0.20974768291813084, "f20": 1.9782575824726758, "f21": 0.5025423776129154, "f22": -2.7324597999353384, "f23": 1.7858775458266878, "f24": -0.4894470780354645, "f25": -0.13541154000415767, "f26": 0.9383798323763588, "f27": -0.5529854117224613, "f28": 0.9229601786023919, "f29": 2.1559653812697777, "f3": 2.4658867712571135, "f30": 1.3712637663592986, "f31": 0.5495992548903978, "f32": -0.5345155434809603, "f33": -0.7459771893841592, "f34": -1.0264440335408334, "f35": 1.6784339471776133, "f36": -0.17062626174082152, "f37": -0.04255798886786913, "f38": 0.3436842151804281, "f39": -1.1557888857369572, "f4": 1.2376309924161264, "f40": 0.45399648156066535, "f41": -1.9924963408631031, "f42": -0.7337209332444812, "f43": 0.31112580121187894, "f44": -0.46043390816421137, "f45": 1.182108951772938, "f46": -0.14335883995937826, "f47": -1.0154510651278477, "f48": -1.223739609448048, "f49": 0.23688385662605754, "f5": 2.6245348205815695, "f50": -1.495766023975285, "f51": -1.1177790424321679, "f52": -0.8907294799323539, "f53": -0.13350630511378114, "f54": 0.28746850991803263, "f55": 2.5204586134907325, "f6": 2.00731654626653, "f7": -0.05535895243244077, "f8": -0.8643319031006025, "f9": -1.6451783297271523}, "datetime": {"datetime": "2023-02-03 23:25:22", "elapsed": 18538.94877, "delta": 75.508196}}
{"target": 0.3222854496597314, "params": {"f0": 0.8302471273821506, "f1": 1.3642526024787793, "f10": -0.7627567036300935, "f11": -0.6463501446037765, "f12": -0.3201027366051994, "f13": -1.507643188044846, "f14": -1.1348794628048962, "f15": -1.2399708320777072, "f16": 0.6541237355989616, "f17": 0.3870739183369199, "f18": -2.0979999405032137, "f19": -0.42027779499360873, "f2": -0.3362167301878224, "f20": 1.1761642990806263, "f21": 0.6545049367055922, "f22": -1.597960552401405, "f23": 1.9628493460492442, "f24": -0.7080843963814922, "f25": -0.9528382941933955, "f26": 1.0852853684782704, "f27": -0.3862057344543145, "f28": 0.7090013184398646, "f29": 0.8046702394236758, "f3": 1.6977397554700755, "f30": 1.9757925900592261, "f31": 0.40877729504555194, "f32": 0.03252922155154925, "f33": -0.8184489513725217, "f34": -1.319010027551458, "f35": 2.078570815763087, "f36": -0.28094999032923706, "f37": 0.10914287386708083, "f38": 0.8475773639822989, "f39": -1.3060838556539798, "f4": 1.9344872012060144, "f40": 0.6493403084330186, "f41": -0.7254269911962128, "f42": -2.2252725803084537, "f43": 1.1233978040345747, "f44": -0.013791218883329515, "f45": 0.5969534414003408, "f46": -0.3953485551887899, "f47": -0.7923114603372412, "f48": -1.1691360892441156, "f49": -0.07336393393301993, "f5": 2.656572804040179, "f50": -1.0108024386841377, "f51": -0.884028708473861, "f52": -1.285799493881863, "f53": 0.5515979379031147, "f54": 0.4743992511442753, "f55": 1.3194703358127338, "f6": 0.7888722836763619, "f7": 0.08038794007479028, "f8": -0.7435280259063388, "f9": -0.6537364250591984}, "datetime": {"datetime": "2023-02-03 23:26:29", "elapsed": 18606.793475, "delta": 67.844705}}
{"target": 0.23568274139524192, "params": {"f0": 0.8187781903803899, "f1": 0.6561018918016637, "f10": -1.0650817799993175, "f11": -0.17643584874713047, "f12": -0.7852252051882489, "f13": -1.0756786352291834, "f14": -0.579401110492898, "f15": -0.744476661127985, "f16": 0.30429451222229087, "f17": 0.3321264312755086, "f18": -1.3057305525931906, "f19": -0.6349273935392049, "f2": -0.5019721071136736, "f20": 1.5803130229538564, "f21": 0.13236268746888605, "f22": -1.020820356605134, "f23": 1.942667152948007, "f24": -0.5161577989821364, "f25": -0.5561962078938, "f26": 1.2923266680882683, "f27": -0.27076437733804337, "f28": 1.387561341900398, "f29": 0.6773588023691537, "f3": 2.3106209486966467, "f30": 1.2671862772060092, "f31": 0.901433133303952, "f32": -0.45236543418506, "f33": -0.7486355482935398, "f34": -0.6992757645823511, "f35": 2.1272672299166944, "f36": -0.6880286007842252, "f37": 0.03164414922554465, "f38": 0.6274979883327743, "f39": -1.4055576896556286, "f4": 1.2131394772037905, "f40": 0.3388341624520948, "f41": -0.6165920949329786, "f42": -0.8023718110283828, "f43": 0.29827618781672, "f44": 0.14538193786153003, "f45": 0.664871369960732, "f46": -0.08938533509176916, "f47": -0.8701619636625281, "f48": -1.5104112753458303, "f49": 0.2611708238617492, "f5": 2.5562620623138135, "f50": -1.1080400311987542, "f51": -1.0329952633365682, "f52": -0.4418305322515286, "f53": 0.04591150881220091, "f54": 0.5316139305651161, "f55": 1.6998016959932167, "f6": 1.6954521861170764, "f7": 0.187495211835272, "f8": -0.3187418472277508, "f9": -1.170866895522267}, "datetime": {"datetime": "2023-02-03 23:27:39", "elapsed": 18676.415104, "delta": 69.621629}}
{"target": 0.31111962514745334, "params": {"f0": 0.6768531999231372, "f1": 0.7381937909629357, "f10": -0.6091555841675027, "f11": -0.49809055084954257, "f12": -1.2042366898408627, "f13": -1.1514334155367982, "f14": -1.097966955744974, "f15": -0.7344048716928961, "f16": 0.8028449591744303, "f17": 0.5567122586230611, "f18": -0.8982391827668397, "f19": -1.4226832000705651, "f2": -0.32303549053503966, "f20": 2.1765086695163105, "f21": 0.04856402895083127, "f22": -2.6056071302645107, "f23": 1.6736404020842082, "f24": -1.339040879535844, "f25": -0.9228552392666096, "f26": 0.416898197133429, "f27": -0.195567584915587, "f28": 1.003236271662777, "f29": 1.0163505869831526, "f3": 0.699125617030714, "f30": 0.7792330669234036, "f31": 0.7070359352585716, "f32": -0.5721420631741894, "f33": -0.47219761940896465, "f34": -2.0851830095429222, "f35": 1.860484650395966, "f36": -0.10156098512833511, "f37": 0.3465582143391773, "f38": 0.6039610621996959, "f39": -1.2275043510045307, "f4": 2.7868858323061456, "f40": 0.21454812451797722, "f41": -1.1437845402931122, "f42": -2.4659642844796257, "f43": 0.8322519335041094, "f44": -0.41876647035179293, "f45": 0.8876881332441, "f46": -0.13764953917136502, "f47": -0.8141606717824561, "f48": -1.303021823768065, "f49": 0.5557962337298731, "f5": 2.40300430368461, "f50": -0.5413368584611202, "f51": -0.8066632209743053, "f52": -0.6574561444630206, "f53": 0.11654600892398337, "f54": 0.23760287936316773, "f55": 1.9340696557960495, "f6": 0.761531118653115, "f7": 0.026554576879452063, "f8": -0.6330937047621158, "f9": -2.114362628543186}, "datetime": {"datetime": "2023-02-03 23:28:44", "elapsed": 18740.955252, "delta": 64.540148}}
{"target": 0.26138172007429483, "params": {"f0": 0.2961164722260735, "f1": 0.8666942543986231, "f10": -0.3433889382073587, "f11": -0.46975412384487575, "f12": -0.6311738235298976, "f13": -1.5458033793673702, "f14": -1.040029351894544, "f15": -0.6409281062981306, "f16": 0.6166773768296283, "f17": 0.4506323075712391, "f18": -1.1347860827516687, "f19": -0.49003483576969886, "f2": -0.5797288355713548, "f20": 2.933673895234593, "f21": 0.569598575780613, "f22": -2.9079766491321823, "f23": 1.9078056046096232, "f24": -1.222544719572407, "f25": -1.0674271657840508, "f26": 0.35751832143075957, "f27": -0.5517058043818939, "f28": 1.3896548220710132, "f29": 2.4138862585865657, "f3": 2.643410329025879, "f30": 1.2278315147518837, "f31": 1.159370409405944, "f32": -0.6982946092573152, "f33": -0.2995499536528463, "f34": -1.9644495488356575, "f35": 1.6297304033170856, "f36": -0.9414429117079297, "f37": 0.11189361247644031, "f38": 0.6159969730291708, "f39": -1.5325719319592208, "f4": 1.7140870276258804, "f40": 0.22684890322653742, "f41": -1.6567950065753216, "f42": -0.7559679120748335, "f43": 1.097959933419933, "f44": 0.07691260351386192, "f45": 1.3008024252998869, "f46": -0.36875427627885876, "f47": -0.9794194733453365, "f48": -1.29246004210662, "f49": 0.650278355471798, "f5": 2.583731913046303, "f50": -0.5475934944712657, "f51": -1.0751511919424153, "f52": -0.44555111480396037, "f53": 0.553524223426835, "f54": 0.39187114140504287, "f55": 3.035402351516802, "f6": 0.8265934403024499, "f7": -0.38307643581390927, "f8": -0.6607798792910751, "f9": -1.65279040655012}, "datetime": {"datetime": "2023-02-03 23:29:51", "elapsed": 18808.212539, "delta": 67.257287}}
{"target": 0.4090077388426187, "params": {"f0": 0.7298137875736777, "f1": 1.356472829570507, "f10": -1.0251260387960215, "f11": -0.4782756657806831, "f12": -0.9174327052049787, "f13": -0.5427640871448915, "f14": -0.39208698834796274, "f15": -1.1647856984926552, "f16": 0.6121725188000948, "f17": 0.6852971001457846, "f18": -1.7466487619013775, "f19": -1.3882614958467385, "f2": -0.712308442966868, "f20": 0.7089997851351381, "f21": 0.22996200874005523, "f22": -0.8447668072866406, "f23": 0.7501209564513365, "f24": -1.4186562580136604, "f25": -0.9538625709618295, "f26": 0.46713408930198624, "f27": -0.2964430667441705, "f28": 1.3546935007450172, "f29": 0.9948452039845228, "f3": 1.740390212351518, "f30": 1.123473683020796, "f31": 1.2283402029198638, "f32": 0.06113746475708737, "f33": -0.20679442409718418, "f34": -1.4797655366459876, "f35": 1.9987681815070586, "f36": -0.35217232983567726, "f37": 0.13415065756778483, "f38": 0.7946818201339229, "f39": -1.2985474129156205, "f4": 1.3554100576107486, "f40": 0.6958482473736374, "f41": -0.9917633677602478, "f42": -1.4998475707944083, "f43": 0.34596049168581466, "f44": 0.010070022021566316, "f45": 0.9243878705917214, "f46": -0.27257155394952726, "f47": -0.44784741383343374, "f48": -0.7872204081916503, "f49": 0.6825629646350028, "f5": 2.0915412576797228, "f50": -0.6259615655406237, "f51": -1.2183519341274738, "f52": -1.250645670557934, "f53": 0.0408911222340439, "f54": 0.4603518511096998, "f55": 1.1474160893956278, "f6": 1.7068459478565994, "f7": -0.40944038333849614, "f8": -0.48854131597707934, "f9": -1.9253858127619121}, "datetime": {"datetime": "2023-02-03 23:31:21", "elapsed": 18898.050112, "delta": 89.837573}}
{"target": 0.24089734310774266, "params": {"f0": 0.28308155618921493, "f1": 0.8587777274130451, "f10": -0.38720256794068375, "f11": -0.12652508440443055, "f12": -0.8983454328319074, "f13": -0.5627402654936284, "f14": -1.1382322101448576, "f15": -1.1559482564142491, "f16": 0.5353374784460899, "f17": 0.1879683040187488, "f18": -0.7073250624695957, "f19": -1.496371285057212, "f2": -0.4313969776521148, "f20": 1.691188039654306, "f21": 0.7112848113160624, "f22": -2.8683269497929413, "f23": 1.6656692516066791, "f24": -0.7868193546680429, "f25": -0.46541059426836806, "f26": 1.168644795345843, "f27": -0.3713899794399367, "f28": 0.9336554687758609, "f29": 1.661015043004069, "f3": 2.083569714568113, "f30": 1.5150072431781023, "f31": 0.7085939501544469, "f32": -0.6051767340320361, "f33": -0.6460620517316631, "f34": -1.9727805228834745, "f35": 2.6409266869104018, "f36": -0.45984422215494986, "f37": 0.09559532408231658, "f38": 0.6235021591509419, "f39": -1.5368583191888958, "f4": 1.669309295538633, "f40": 0.21572047079276668, "f41": -1.5944143074840211, "f42": -1.779811941016453, "f43": 0.7870309909494875, "f44": 0.1565051098439878, "f45": 1.203642456674874, "f46": -0.5083020321561972, "f47": -1.0129668493152102, "f48": -1.2222107555114952, "f49": 0.20612562928256778, "f5": 2.409356265907199, "f50": -1.3696045681082922, "f51": -1.12526930033065, "f52": -1.1645049859640642, "f53": -0.07811039224606395, "f54": 0.3393011498459422, "f55": 1.9946282365507282, "f6": 2.1188505559971063, "f7": 0.040337455816607415, "f8": -0.5596172869881668, "f9": -1.30256481386743}, "datetime": {"datetime": "2023-02-03 23:32:30", "elapsed": 18967.298602, "delta": 69.24849}}
{"target": 0.2530754228560383, "params": {"f0": 0.7888149353089469, "f1": 0.8121958118015529, "f10": -1.2687971411818606, "f11": -0.35343309750266716, "f12": -0.38092450687887935, "f13": -0.8902422684866089, "f14": -1.4480907512945942, "f15": -0.46243457352529793, "f16": 0.25579908732257095, "f17": 0.1514515454448922, "f18": -1.4446401294525573, "f19": -1.131188588932812, "f2": -0.3894058927983236, "f20": 0.9272113711596707, "f21": -0.0015445388690762812, "f22": -1.0373282121928868, "f23": 1.8982929826400652, "f24": -0.9353449584481465, "f25": -0.9585680953459148, "f26": 1.1291919402439592, "f27": -0.09241218527370493, "f28": 0.950157467924159, "f29": 2.930737470252067, "f3": 2.898648353766094, "f30": 1.6114788391328392, "f31": 1.080767025349781, "f32": -0.4018909243297565, "f33": -0.18490030925750578, "f34": -0.7686118039561598, "f35": 1.7604783770549448, "f36": -0.20910879614401956, "f37": 0.030756797251164814, "f38": 0.423370509611688, "f39": -1.2117016325840466, "f4": 1.7388017957306476, "f40": 0.2837898232363647, "f41": -0.8075068354231871, "f42": -1.1956377208504456, "f43": 0.8179534873803709, "f44": -0.28759044032482683, "f45": 0.5519543932333562, "f46": 0.10274284453320681, "f47": -1.0474044349860505, "f48": -1.3014683385219286, "f49": 0.11628844823468006, "f5": 2.608842268041217, "f50": -1.5334324421783314, "f51": -0.53983413632393, "f52": -1.0796208507226657, "f53": 0.07311198301499156, "f54": 0.3504230378445805, "f55": 1.1206116795859957, "f6": 0.9336490232424065, "f7": 0.28601506278559585, "f8": -0.6943361418418805, "f9": -2.4903858634599194}, "datetime": {"datetime": "2023-02-03 23:33:38", "elapsed": 19035.568294, "delta": 68.269692}}
{"target": 0.2452349258205624, "params": {"f0": 0.8378070200539233, "f1": 0.4468185571109784, "f10": -1.0194654500250317, "f11": -0.27266640935595754, "f12": -1.133307595191578, "f13": -1.1020504603623555, "f14": -1.0650025361107776, "f15": -1.3031210035310317, "f16": 0.39093381259602084, "f17": 0.2533718580245714, "f18": -1.7619861258278346, "f19": -1.3540973634026099, "f2": -0.6227163031835303, "f20": 1.2340157541068488, "f21": 0.749161809587616, "f22": -0.6011237778423384, "f23": 1.3455634987258143, "f24": -1.7390217380878044, "f25": -0.8019494712758453, "f26": 0.9207484983677835, "f27": -0.005011098835979166, "f28": 0.4527952800118911, "f29": 2.0120258812009677, "f3": 2.8487270641755553, "f30": 1.517477943648455, "f31": 0.808989949226917, "f32": -0.5644571689890359, "f33": -0.40492224446258096, "f34": -2.1463615077984786, "f35": 2.4992575891424997, "f36": -0.5180241706830132, "f37": 0.17701310142875848, "f38": 0.614646387785881, "f39": -0.8989556450987957, "f4": 2.432098324572828, "f40": 0.3033560009826777, "f41": -1.483463316790719, "f42": -1.3725176392998697, "f43": 0.8546739171080024, "f44": -0.3419922330220512, "f45": 0.516626209376055, "f46": -0.572830737169573, "f47": -0.42050830232263037, "f48": -0.5830773930714577, "f49": 0.47034639154995556, "f5": 1.1204987438784326, "f50": -1.1900797001981822, "f51": -0.717935610943971, "f52": -0.7273264824823501, "f53": 0.43021788493704083, "f54": 0.493142069591619, "f55": 1.7128066965552187, "f6": 1.9293027814140158, "f7": 0.2661687186341314, "f8": -0.29095984840402755, "f9": -1.0449245252005555}, "datetime": {"datetime": "2023-02-03 23:34:33", "elapsed": 19090.035768, "delta": 54.467474}}
{"target": 0.1704310586837083, "params": {"f0": 0.05875366477033443, "f1": 0.9091808684224552, "f10": -1.0767013978796887, "f11": -0.7054179780726298, "f12": -0.3657110223172436, "f13": -0.7124109137004871, "f14": -1.2817348513971634, "f15": -1.0095409407262186, "f16": 0.4778839149128773, "f17": 0.01103762119494793, "f18": -1.0294380160962322, "f19": -0.5430280143897451, "f2": -0.6977774014191054, "f20": 1.0164797074686887, "f21": 0.22732290374450886, "f22": -0.9405719635091723, "f23": 1.323104100497001, "f24": -1.2725262274777576, "f25": -0.9963814070488834, "f26": 0.9248795017655407, "f27": -0.20571718430040153, "f28": 1.2806339449362727, "f29": 1.9316758674769268, "f3": 2.1023195303390447, "f30": 1.8568483626112557, "f31": 1.2389769291987167, "f32": -0.6468666426247984, "f33": -0.6714370857317267, "f34": -1.3614171721808015, "f35": 2.058780420023897, "f36": -0.7107051577551531, "f37": 0.24070019004100446, "f38": 0.8228226038662723, "f39": -0.8320936732063791, "f4": 1.3107373465826493, "f40": 0.4737996359422819, "f41": -1.2902437923621866, "f42": -1.4130025416549683, "f43": 1.0448038431698443, "f44": 0.07687279050084983, "f45": 1.2174454768593574, "f46": -0.630124476086075, "f47": -0.450531853649065, "f48": -0.8616007419107519, "f49": 0.5333538027293357, "f5": 1.8364587695820067, "f50": -0.9454674635331746, "f51": -0.7037274140904757, "f52": -0.43901038930448777, "f53": 0.4006011989403868, "f54": 0.1579146551317835, "f55": 2.3599542610416, "f6": 0.7785441599265881, "f7": 0.09795131707574722, "f8": -0.06500466333679833, "f9": -2.417778084695776}, "datetime": {"datetime": "2023-02-03 23:36:19", "elapsed": 19196.441255, "delta": 106.405487}}
{"target": 0.4109669893394497, "params": {"f0": 0.32580790157044626, "f1": 0.9882976970853927, "f10": -0.3396495498268861, "f11": -0.6519084430115525, "f12": -0.9278530935244522, "f13": -0.6947508257137118, "f14": -0.9078765447397514, "f15": -0.47459692634876816, "f16": 0.17991206139713536, "f17": 0.546519521160552, "f18": -1.7473414422269253, "f19": -0.6412768879270377, "f2": -0.808067883555719, "f20": 1.7171292190525347, "f21": 0.32864198267214056, "f22": -0.7214111555266323, "f23": 1.8193363732173586, "f24": -0.7160482538143356, "f25": -0.9038316537986362, "f26": 0.8005074401495552, "f27": -0.4911590582140511, "f28": 0.8435804763418765, "f29": 1.3109476849380242, "f3": 1.276051313541004, "f30": 1.1066748029673739, "f31": 0.49747710118563454, "f32": -0.16046226780192407, "f33": -0.8385892604149066, "f34": -1.8955006631590332, "f35": 1.9522270839790326, "f36": -0.6378070774376762, "f37": 0.29107044469620524, "f38": 0.8505820771752826, "f39": -0.7349961360398296, "f4": 1.3231988872082985, "f40": 0.7937418793769082, "f41": -1.5225884094538482, "f42": -1.0449617809493723, "f43": 0.45333236206846683, "f44": 0.25549726045170906, "f45": 1.0902879502645488, "f46": -0.39642613710404306, "f47": -0.9250927163184263, "f48": -1.4441115648818856, "f49": 0.34280731608215903, "f5": 2.3822400031763244, "f50": -0.9106769028086718, "f51": -0.5541782332094528, "f52": -0.7805105331607749, "f53": 0.5340918998501515, "f54": 0.2810260867055379, "f55": 2.9467272040591777, "f6": 2.1869509658082977, "f7": -0.37686444074218345, "f8": -0.37895375004051424, "f9": -1.4250014345449995}, "datetime": {"datetime": "2023-02-03 23:37:39", "elapsed": 19276.587127, "delta": 80.145872}}
{"target": 0.3916233404261629, "params": {"f0": 0.13872234643586978, "f1": 0.9301338124596954, "f10": -1.1526801928795922, "f11": -0.46312730103415817, "f12": -0.5474877984227958, "f13": -0.5479589708755275, "f14": -0.5524459133437065, "f15": -0.7428550092769934, "f16": 0.9012687728786235, "f17": 0.18298430579418176, "f18": -0.6479748877203009, "f19": -0.5108394414402146, "f2": -0.7300807614357229, "f20": 1.9515740929400194, "f21": 0.7083864304865934, "f22": -1.419934944056205, "f23": 1.8436665827969672, "f24": -0.5198715062018566, "f25": -0.32069419208607364, "f26": 0.6828582373380094, "f27": -0.2888253657629988, "f28": 0.8238318251523216, "f29": 0.8907369222862771, "f3": 0.7573501218335864, "f30": 1.6708724117622935, "f31": 1.1326186496401534, "f32": -0.10842434780745569, "f33": -0.6783034265251141, "f34": -1.9581146061057582, "f35": 1.02033827385426, "f36": -0.4268471164580377, "f37": 0.07629040043124025, "f38": 0.45411109842967146, "f39": -1.8392765207420998, "f4": 1.2722820946431599, "f40": 0.9097759389087006, "f41": -1.5491765366541153, "f42": -1.9751537285802545, "f43": 0.6493302238556506, "f44": 0.021027062454350653, "f45": 1.30394340302172, "f46": -0.6153243732342356, "f47": -0.8671192202154556, "f48": -0.910445947461299, "f49": 0.17913914844038448, "f5": 2.087106158235488, "f50": -1.1190672652282485, "f51": -1.292480608911814, "f52": -0.9117534612329046, "f53": -0.0708400465832014, "f54": 0.1089247746224483, "f55": 2.549832101396112, "f6": 2.476943842841239, "f7": 0.28236194276013293, "f8": -0.10755098489068371, "f9": -2.2147160911214003}, "datetime": {"datetime": "2023-02-03 23:38:23", "elapsed": 19320.291289, "delta": 43.704162}}
