{"target": 0.14825403438669194, "params": {"f0": 0.07014224759202642, "f1": 0.723234955739188, "f10": -0.8560380639192116, "f11": -0.7939978270816163, "f12": -0.7218522618922769, "f13": -0.33548410605976153, "f14": -1.2622962382498217, "f15": -0.4310341927181838, "f16": 0.18042702479688474, "f17": 0.19794076144729061, "f18": -0.834300177854159, "f19": -0.6203292605070458, "f2": -0.69516315259595, "f20": 2.3691777352501355, "f21": -0.06207717473488378, "f22": -1.720885309025639, "f23": 1.3655498532094237, "f24": -0.6404823310614243, "f25": -0.07380829272182576, "f26": 1.2994195951703238, "f27": -0.23410121556917718, "f28": 1.012212304252622, "f29": 2.6829156840580803, "f3": 2.8254962306164972, "f30": 1.5019165250786082, "f31": 1.1386285459949366, "f32": -0.16325738873971818, "f33": -0.606705395499169, "f34": -2.0808695070346053, "f35": 2.464751603241817, "f36": -0.7346193998238235, "f37": 0.31114642021392314, "f38": 0.747410565057101, "f39": -2.178295297160912, "f4": 2.5405649489921993, "f40": 0.6296755045539981, "f41": -1.3788763272726683, "f42": -2.3637257436873176, "f43": 0.6487511376861237, "f44": 0.005993304500029439, "f45": 0.28664686529277617, "f46": -0.14818380664051034, "f47": -0.7442177822854449, "f48": -0.5892466995038341, "f49": 0.43310497636323825, "f5": 2.8723427583918295, "f50": -0.860142110576849, "f51": -0.5762006343377457, "f52": -0.5844602555828664, "f53": 0.05134859378042217, "f54": -0.16674276428120302, "f55": 1.719640683473981, "f6": 1.8611289183642605, "f7": 0.45855508869456885, "f8": -1.0034922452027086, "f9": -1.178718095088131}, "datetime": {"datetime": "2023-02-03 22:38:18", "elapsed": 15715.658008, "delta": 91.638795}}
{"target": 0.582601384917489, "params": {"f0": 0.8181824035927666, "f1": 0.8537343705776242, "f10": -1.15594337665101, "f11": -0.21307800758284245, "f12": -1.000063184987853, "f13": -1.1142810243001455, "f14": -0.6391723413775718, "f15": -0.6147579900544236, "f16": 0.8115943585542059, "f17": 0.5037720252799798, "f18": -0.6591889306839285, "f19": -0.8621856809359109, "f2": -0.8546881270165667, "f20": 2.3305884760046647, "f21": 0.6308350922029762, "f22": -1.893601186817945, "f23": 0.810301711043063, "f24": -1.1922425666888032, "f25": -0.12737720340063685, "f26": 0.8585705066591772, "f27": 0.30181778791539926, "f28": 0.5711184923875103, "f29": 2.1066186734646095, "f3": 2.8479609235512697, "f30": 1.6387776429611134, "f31": 0.20215715326684972, "f32": -0.0034044307935414686, "f33": -0.3454432264253302, "f34": -1.838196875720334, "f35": 2.0513609959659447, "f36": 0.0814470663235658, "f37": 0.3973293623132955, "f38": -0.06687385729393727, "f39": -1.0553441473058351, "f4": 0.7606756119876936, "f40": 0.3711084054283395, "f41": -1.806458291511161, "f42": -2.0835173962542344, "f43": 0.5494879757987859, "f44": -0.06611526190361205, "f45": 0.48894023303692047, "f46": -0.5337394832851986, "f47": -1.2233656935355532, "f48": -0.5836871160620887, "f49": 0.4594858380400179, "f5": 2.278433760719991, "f50": -0.19550771352665297, "f51": -0.7957199322262302, "f52": -0.7325983158784857, "f53": 0.24533939013591372, "f54": 0.7587719157640256, "f55": 2.2766724469580515, "f6": 1.9564911165933514, "f7": 0.3599063198013326, "f8": -0.26176311927607254, "f9": -0.6752000264604012}, "datetime": {"datetime": "2023-02-03 22:40:09", "elapsed": 15826.869419, "delta": 111.211411}}
{"target": 0.4096372714824771, "params": {"f0": 3.0358630583107726e-05, "f1": 1.2467927847595868, "f10": -0.1906536227432727, "f11": -1.000162839954264, "f12": -0.6942308387796419, "f13": -1.2922126428063723, "f14": -0.46194775183381664, "f15": -1.0896607744520663, "f16": 1.0679134732915367, "f17": -0.19530124647602315, "f18": -0.2480675856687573, "f19": -0.9641149980539401, "f2": -0.42276350781750804, "f20": 2.823871045894651, "f21": 0.8818909271256414, "f22": -0.741168811095231, "f23": 1.7773479877240825, "f24": -1.709770180667125, "f25": -0.8540142890865334, "f26": 0.23061441442663333, "f27": -0.23238639306836478, "f28": 0.5981575593672481, "f29": 0.7895370376538017, "f3": 1.9764737637214016, "f30": 0.7565038101377277, "f31": 1.2078556883778744, "f32": -0.41017736183953984, "f33": -0.6831513283912647, "f34": -2.325373620631483, "f35": 0.7519605166295233, "f36": -1.0002481373759349, "f37": 0.551963199380357, "f38": 0.5070963920560807, "f39": -0.8649085306665765, "f4": 2.1567481526796692, "f40": 0.2293218399112129, "f41": -1.578422638636693, "f42": -1.8459309852176942, "f43": 0.3957724564854045, "f44": 0.3896174154663211, "f45": 1.547750935093262, "f46": -0.0029552712109661705, "f47": -0.7582142010638643, "f48": -1.0964844915915006, "f49": 0.2788907614792601, "f5": 2.160407583983218, "f50": -1.3952352318750596, "f51": -0.5614399688872864, "f52": -0.4132475485471254, "f53": 0.5444968859807504, "f54": 0.36141724406357784, "f55": 2.9325181998037326, "f6": 2.084880685181652, "f7": -0.40556347063280496, "f8": 0.08920850777741052, "f9": -2.0597800216249986}, "datetime": {"datetime": "2023-02-03 22:41:19", "elapsed": 15896.74234, "delta": 69.872921}}
{"target": 0.09408450470402978, "params": {"f0": 0.22668102354580766, "f1": 0.9705606887747243, "f10": -0.49029238858644497, "f11": -0.8798670177812096, "f12": -0.9090220165362326, "f13": -1.4496681988798126, "f14": -0.1889885191751648, "f15": -0.5370680257004754, "f16": 0.8878113168679822, "f17": 0.32365747165311937, "f18": -1.8635738077450006, "f19": -0.6881004344497044, "f2": -0.8931003076101114, "f20": 2.1537365106248405, "f21": 0.18011151096924066, "f22": -2.188114750539361, "f23": 1.3593060239030346, "f24": -0.8216920254215876, "f25": -0.4562707870109024, "f26": 0.7593151804559981, "f27": -0.13624882572669061, "f28": 0.6460373943429614, "f29": 2.2590385572717238, "f3": 2.0465715678951772, "f30": 2.026007880971419, "f31": 0.8597269616268072, "f32": -0.795152253401723, "f33": -0.8374958071305785, "f34": -2.2075533731845294, "f35": 1.9108907601404965, "f36": -0.5854889043355973, "f37": -0.24094173713340056, "f38": 0.30085359616971175, "f39": -0.772671418160503, "f4": 2.5354088688125094, "f40": 0.6639033607145854, "f41": -1.9859852300588248, "f42": -1.3152413453594556, "f43": 1.1802523801092937, "f44": 0.1967794897067504, "f45": 1.2844470456800974, "f46": -0.49076075043029843, "f47": -0.7454501797172297, "f48": -1.1626864239569907, "f49": -0.08140871121624887, "f5": 2.0788571715122104, "f50": -1.5656565673564027, "f51": -1.1473516448895738, "f52": -1.2077335965267595, "f53": 0.0654908945182972, "f54": 0.6367019708934742, "f55": 1.337427262198984, "f6": 2.356723347745503, "f7": -0.37184303792197515, "f8": -0.701867605017253, "f9": -1.7662753242777394}, "datetime": {"datetime": "2023-02-03 22:42:22", "elapsed": 15959.173137, "delta": 62.430797}}
{"target": 0.3858562921718902, "params": {"f0": 0.17442634061666706, "f1": 0.19671369491414048, "f10": -1.3525625524721716, "f11": -0.7051416491026878, "f12": -0.4822219047403855, "f13": -0.33346955367710707, "f14": -0.33405784653336124, "f15": -0.7776817914932501, "f16": 0.3801777591344288, "f17": 0.0348832645006219, "f18": -0.9312295085805236, "f19": -0.6883295481549601, "f2": -0.8285008449914052, "f20": 2.0983232696114236, "f21": -0.047187483235559824, "f22": -1.7101436242663346, "f23": 0.8625067960786348, "f24": -1.7951720185541684, "f25": -0.45998111098115024, "f26": 1.2735830579136902, "f27": 0.1286163683674455, "f28": 0.23532370510263345, "f29": 2.1362972040320787, "f3": 2.7790448454898575, "f30": 1.0218957362459649, "f31": 1.329827880675523, "f32": -0.199075856622978, "f33": -0.47972659644588467, "f34": -0.8471724431617957, "f35": 1.398495378581141, "f36": -0.7635568208418517, "f37": 0.19736093766638813, "f38": 0.04227862650135035, "f39": -1.1619045544599205, "f4": 1.873312646560692, "f40": 0.31217584943294446, "f41": -0.8955391624378362, "f42": -2.1175763726928074, "f43": 0.8373779961787903, "f44": 0.06327825564094447, "f45": 0.48653883154599453, "f46": -0.37134828198997405, "f47": -0.7105263168662447, "f48": -0.21381032542477008, "f49": 0.14557408449690068, "f5": 2.1042031657193294, "f50": -1.0031194734339013, "f51": -1.1140044129187299, "f52": -0.885956760613884, "f53": -0.1610773355981665, "f54": 0.12131519230243065, "f55": 2.1242872565187585, "f6": 2.0325562157073827, "f7": -0.4584653025676838, "f8": -0.19347095682654503, "f9": -2.307231121673657}, "datetime": {"datetime": "2023-02-03 22:43:29", "elapsed": 16026.865535, "delta": 67.692398}}
{"target": 0.31253607766341435, "params": {"f0": 0.39621156317375916, "f1": 1.0514236466886495, "f10": -0.7670317883868047, "f11": -0.6180042745771951, "f12": -0.41366459893859564, "f13": -1.1545248221594195, "f14": -1.5175267255347058, "f15": -0.8259988199043643, "f16": 0.4654437961304724, "f17": 0.7255433094632175, "f18": -1.436472872574865, "f19": -1.6941895239069795, "f2": -0.9320014163009097, "f20": 2.9721584766629334, "f21": 0.5695572736687371, "f22": -3.0328170538456476, "f23": 1.3592716730953058, "f24": -1.075545468323813, "f25": -0.5930778551565158, "f26": 1.389818517585977, "f27": -0.4715587479529554, "f28": 0.24940609795974672, "f29": 2.3827414737182377, "f3": 2.463052657164443, "f30": 1.331068153358183, "f31": 0.34027663281230447, "f32": -0.27242959889312, "f33": -0.4482516209139755, "f34": -1.8914926691088578, "f35": 2.3313587569054635, "f36": -0.476784365474085, "f37": -0.3151617449987956, "f38": 0.11218304230135105, "f39": -1.4748421998032508, "f4": 1.752471466526341, "f40": 0.3522985668723037, "f41": -1.368875881166666, "f42": -2.0426618082644197, "f43": 1.4103031337024938, "f44": -0.12015279058260442, "f45": 1.1487120392398302, "f46": -0.8038797439743676, "f47": -0.5036710940627346, "f48": -1.354915753894615, "f49": 0.599507347864427, "f5": 2.725055276256559, "f50": -0.8368043524284237, "f51": -0.9700756128054772, "f52": -1.3422606483686397, "f53": 0.17949428896868558, "f54": -0.01967916515185769, "f55": 1.4514537446982512, "f6": 1.524347144658187, "f7": 0.09459978657748735, "f8": -0.5786299892247959, "f9": -2.0385530358490906}, "datetime": {"datetime": "2023-02-03 22:44:28", "elapsed": 16084.919478, "delta": 58.053943}}
{"target": 0.6365817716190962, "params": {"f0": 0.7179566212353776, "f1": 1.2109532351679633, "f10": -0.556672203735423, "f11": -0.6563574234951098, "f12": -0.6189943406269767, "f13": -0.996841521844351, "f14": -0.7275337586947264, "f15": -0.2023405015894173, "f16": 0.9452558152789802, "f17": 0.41918149402085114, "f18": -0.7907889283171714, "f19": -1.6388816710775695, "f2": -0.931994122856595, "f20": 1.8725914621397441, "f21": 0.137256649915862, "f22": -2.255080454567216, "f23": 1.0533771856722116, "f24": -1.0066741118046538, "f25": -1.1325463766852697, "f26": 0.9184198605539862, "f27": -0.3480581926183105, "f28": 1.4516926040063975, "f29": 2.8744151661568127, "f3": 2.2868412557870945, "f30": 1.8414364625638233, "f31": 0.304879893599491, "f32": -0.3243895838688271, "f33": -0.40799663933724184, "f34": -1.2572616475588163, "f35": 1.519414401368585, "f36": -0.7249566412877998, "f37": 0.041373318417986915, "f38": 0.06906891320128188, "f39": -1.5307162703469286, "f4": 1.9885231022749088, "f40": 0.7220908140060097, "f41": -1.3554139633249684, "f42": -2.1440282964368134, "f43": 1.0229694034404107, "f44": -0.5208177706916346, "f45": 0.6804881596758074, "f46": -0.030408892730969694, "f47": -0.6678343720178862, "f48": -0.5288321340573752, "f49": 0.11004849242420361, "f5": 2.6010890555149864, "f50": -0.5404695820065717, "f51": -0.6616459907331065, "f52": -0.679914421204311, "f53": 0.2661181583343629, "f54": 0.5091192740308456, "f55": 2.821430266757356, "f6": 1.5254997246176043, "f7": -0.4410688095350195, "f8": -0.7283467761060197, "f9": -1.1864455292898402}, "datetime": {"datetime": "2023-02-03 22:46:11", "elapsed": 16188.542072, "delta": 103.622594}}
{"target": 0.417514736547722, "params": {"f0": 0.2479963762232058, "f1": 0.8006565350804, "f10": -0.3472598435768308, "f11": -0.912112285260724, "f12": -0.199591122959192, "f13": -1.463250548060373, "f14": -1.0187054179221238, "f15": -1.5521529140350623, "f16": 0.7066486744080434, "f17": 0.3511784175062552, "f18": -1.6344258051585032, "f19": -1.4179013196786254, "f2": -0.7750575937519667, "f20": 2.157778470753364, "f21": -0.06732156742578088, "f22": -1.4797402275288634, "f23": 1.1532029407880167, "f24": -1.3699745609202796, "f25": -0.0378787165544483, "f26": 1.113038813574079, "f27": -0.09081878944602961, "f28": 1.2479646362632315, "f29": 1.6916206044774351, "f3": 2.821864300942571, "f30": 1.463371951623123, "f31": 0.7605813109053731, "f32": 0.0461893093337441, "f33": -0.2639848980424686, "f34": -1.4843452474011922, "f35": 1.4250595677273978, "f36": -0.39064966078255614, "f37": 0.27531352756235333, "f38": 0.996239197549582, "f39": -1.0969699809386633, "f4": 1.8794342856182482, "f40": 1.0172027661273688, "f41": -1.0006543171458349, "f42": -2.7679587473450575, "f43": 1.2606955143539373, "f44": -0.16274373152061616, "f45": 0.4584055353864102, "f46": -0.06058838250824217, "f47": -1.037897695179692, "f48": -0.8612283971544691, "f49": -0.06775697417925083, "f5": 2.381589385420331, "f50": -0.3323910948624229, "f51": -0.5949919110518576, "f52": -1.214827160476732, "f53": 0.6761767038759495, "f54": 0.5023454895491931, "f55": 2.3373920053843005, "f6": 2.1995340175658877, "f7": -0.0645978251213325, "f8": -0.5514370016806447, "f9": -1.7609374137439349}, "datetime": {"datetime": "2023-02-03 22:47:19", "elapsed": 16256.14822, "delta": 67.606148}}
{"target": 0.33771580217273567, "params": {"f0": 0.08577927257260996, "f1": 1.2113825078659606, "f10": -0.986651077232334, "f11": -0.36287460650368786, "f12": -1.2047497900054778, "f13": -1.1151772223262906, "f14": -0.9567923610115537, "f15": -0.2077450945116559, "f16": 1.0385648846404465, "f17": -0.16013771539981292, "f18": -1.082028378269486, "f19": -0.9774280252539002, "f2": -0.42965436154255465, "f20": 1.2567474143228239, "f21": 0.8230647350042358, "f22": -2.6125331813286836, "f23": 1.5104756272623376, "f24": -0.8356061961423442, "f25": -1.211889409780331, "f26": 1.4937038149022845, "f27": 0.29782618782000814, "f28": 0.4479122544244538, "f29": 2.4048289403587537, "f3": 0.7926564437560332, "f30": 0.7759498501741677, "f31": 1.2713880943130589, "f32": 0.0718510923348582, "f33": -0.8060474513798517, "f34": -0.49972512082622744, "f35": 1.8568446077281104, "f36": -0.17825942846079534, "f37": 0.0868152512120201, "f38": 0.11874468446705484, "f39": -1.9159517281656697, "f4": 2.4959167380183036, "f40": 0.8109262445675658, "f41": -1.4555707237385256, "f42": -1.6248933641904293, "f43": 0.5007729219584146, "f44": 0.3502628060095603, "f45": 1.120703022266548, "f46": -0.17328590251864184, "f47": -0.3843813553899492, "f48": -0.8346879174281584, "f49": 0.609058445093077, "f5": 0.5035707913690446, "f50": -0.3252277989717818, "f51": -1.0150331660947145, "f52": -0.2815805489263532, "f53": -0.22021504643550593, "f54": 0.38189441457004836, "f55": 2.3749169512096984, "f6": 2.9637339972983296, "f7": -0.03455672667861365, "f8": -0.44473573001902067, "f9": -2.0560894342803753}, "datetime": {"datetime": "2023-02-03 22:47:52", "elapsed": 16289.358587, "delta": 33.210367}}
{"target": 0.22947893006518946, "params": {"f0": 0.16693875207415537, "f1": 1.0660686012093163, "f10": -0.7256418158932438, "f11": -0.5775394979696507, "f12": -0.44732334647626604, "f13": -0.9693933347872306, "f14": -1.4381926892947552, "f15": -0.7960618005088047, "f16": 0.6152411882253221, "f17": 0.7786288488829824, "f18": -0.4759462387138682, "f19": -1.0134558767398296, "f2": -0.3454072699368267, "f20": 2.0072598628007308, "f21": 0.8039547462167708, "f22": -1.6637410356418383, "f23": 1.2738712389170832, "f24": -1.566580467639887, "f25": -0.826134071195219, "f26": 0.9537931057632734, "f27": 0.3336401396806189, "f28": 0.36377766397866235, "f29": 2.2599641142817783, "f3": 2.0813861095099297, "f30": 1.1289475611071227, "f31": 0.36978345513666805, "f32": -0.8037748843990655, "f33": -0.3946432240848924, "f34": -1.5429095258592675, "f35": 2.024876139830206, "f36": -0.1163350128604953, "f37": 0.4628906589311282, "f38": 0.7897845065045979, "f39": -0.9355016690472984, "f4": 1.9518316467178711, "f40": 0.2380988419909965, "f41": -0.781779640672218, "f42": -1.7261887505268405, "f43": 0.6938800122173568, "f44": 0.10142998926056446, "f45": 0.8946490652674561, "f46": 0.13106758651125405, "f47": -0.6906800464403053, "f48": -0.7019186787909537, "f49": 0.7018109372514527, "f5": 2.7489167254553113, "f50": -0.4593597977912709, "f51": -1.5537651402470747, "f52": -0.9358769053803886, "f53": 0.2517570039135032, "f54": 0.6902973435948593, "f55": 2.026441972841921, "f6": 2.9111187751296317, "f7": -0.4907212579382375, "f8": -0.7880457590640115, "f9": -1.8967056173305934}, "datetime": {"datetime": "2023-02-03 22:49:00", "elapsed": 16357.374025, "delta": 68.015438}}
{"target": 0.3078870663536742, "params": {"f0": 0.3300854271029452, "f1": 1.4953015545906507, "f10": -1.2191221690560705, "f11": -0.9338059023276847, "f12": -1.0337552124380942, "f13": -1.7327415476980996, "f14": -0.9209075461929438, "f15": -0.8856136592425673, "f16": 0.9904623824040029, "f17": 0.7196599968018413, "f18": -0.9447814177268536, "f19": -1.2394518613975574, "f2": -0.45259543499335464, "f20": 2.6554697696857588, "f21": 0.4563931355947477, "f22": -1.4113019654457784, "f23": 0.5071475411494155, "f24": -0.45375248943569635, "f25": -0.618515310987849, "f26": 1.3658914388145875, "f27": 0.03602253492216467, "f28": 0.6912567237508068, "f29": 2.2023700242019197, "f3": 2.4214626165256465, "f30": 1.5760926157226185, "f31": 0.803382073506314, "f32": -0.7858167465817907, "f33": -0.0239960512213252, "f34": -1.9361158434457801, "f35": 1.4764227649913513, "f36": -1.0038118608025557, "f37": -0.31716220741503237, "f38": 0.28852394339302007, "f39": -1.1684750378226827, "f4": 2.5190424412580157, "f40": 0.7072113260316994, "f41": -0.8362973523722157, "f42": -1.80892691294189, "f43": 0.7568041260298329, "f44": 0.30601436426451123, "f45": 0.8852724731698081, "f46": -0.4926816578414696, "f47": -0.6715154269888505, "f48": -1.242853100374664, "f49": 0.1676887962009349, "f5": 1.6422219970977336, "f50": -1.2062353358759534, "f51": -0.5146459841810767, "f52": -0.6345876726102093, "f53": 0.14877148871270474, "f54": 0.1712436940091051, "f55": 1.9748299250539956, "f6": 2.7641951638872615, "f7": 0.09854776856890812, "f8": -0.1868345362502679, "f9": -1.6873631077457096}, "datetime": {"datetime": "2023-02-03 22:49:51", "elapsed": 16408.414303, "delta": 51.040278}}
{"target": 0.5342241055989119, "params": {"f0": 0.12388433766754434, "f1": 0.5704079249414927, "f10": -0.7007164344089362, "f11": -0.06862808885629745, "f12": -1.1761554707364, "f13": -0.6634338316551307, "f14": -1.3486907499469145, "f15": -0.5693227405548436, "f16": 0.2580336994671004, "f17": 0.5522807889824441, "f18": -0.9394853600560393, "f19": -1.4001776036223692, "f2": -0.8338610380531153, "f20": 2.2147311490304755, "f21": 0.3577511088247115, "f22": -1.8181770925383516, "f23": 1.94417563865117, "f24": -0.553087343921187, "f25": -0.3558803972815445, "f26": 0.5331628155778069, "f27": -0.453384740494738, "f28": 0.3732281423345671, "f29": 1.8834205721486885, "f3": 2.243341550365154, "f30": 1.4493717075676036, "f31": 1.1453879247267924, "f32": -0.23421713824728174, "f33": -0.17564521215442963, "f34": -0.6081219518287868, "f35": 1.886182136628684, "f36": -0.588200408889989, "f37": 0.26496584135929563, "f38": 0.7458992530728903, "f39": -1.7763149095095674, "f4": 2.2656950787088146, "f40": 0.2505810215087389, "f41": -1.6758732324091559, "f42": -1.6323189619548741, "f43": 0.49461395189350293, "f44": -0.19042701231989878, "f45": 0.5500808180922034, "f46": -0.6553433384687314, "f47": -1.1369835028396733, "f48": -0.9341146400030018, "f49": 0.4443885384307811, "f5": 2.452361682464553, "f50": -1.0841148285530005, "f51": -0.8756121720322775, "f52": -0.9179818951221466, "f53": 0.4421693442630402, "f54": 0.22024210154328394, "f55": 2.410843764991816, "f6": 1.8853415038268722, "f7": 0.193114938189343, "f8": -0.5907407271883585, "f9": -1.4327239978208435}, "datetime": {"datetime": "2023-02-03 22:50:51", "elapsed": 16468.843933, "delta": 60.42963}}
{"target": 0.7294369349936594, "params": {"f0": 0.6300553668400632, "f1": 0.8792833087936706, "f10": -1.3433534405362413, "f11": -0.9009680231885209, "f12": -0.31811639527674873, "f13": -1.253870714780191, "f14": -0.6210500860340867, "f15": -0.9710045375983914, "f16": 0.3184938532454803, "f17": 0.47285744417583553, "f18": -1.2975238393870754, "f19": -0.9322956108450884, "f2": -0.843559908587673, "f20": 2.4134149621564647, "f21": 0.05048620659033595, "f22": -2.6443529601560565, "f23": 1.877292319823514, "f24": -1.2340064671623852, "f25": -0.8616446665692992, "f26": 0.5770699484939417, "f27": -0.12803431601550597, "f28": 1.040963059958604, "f29": 2.1591075234450803, "f3": 1.9847489808195224, "f30": 1.237064084682055, "f31": 0.23832495860104003, "f32": -0.09701951251191332, "f33": -0.14245067268783362, "f34": -1.5537101297281146, "f35": 2.1005118760606307, "f36": -0.3063101785135446, "f37": 0.50319111650486, "f38": 0.02049198714594866, "f39": -1.5122960165856654, "f4": 2.0761016644391055, "f40": 0.802125206471162, "f41": -2.2363114806555497, "f42": -1.5686534896656699, "f43": 0.5807065658648869, "f44": -0.26219461206230926, "f45": 0.6464131385259502, "f46": -0.45581522944085556, "f47": -1.048359269596257, "f48": -1.505329749212755, "f49": 0.22766998976563635, "f5": 2.8031383636643454, "f50": -0.8753643331744687, "f51": -0.6241090952718867, "f52": -0.47769457007996063, "f53": -0.3043155154894558, "f54": 0.5392708485812595, "f55": 2.018617965224409, "f6": 2.689885061335948, "f7": -0.42742721348763757, "f8": -0.8247958181281887, "f9": -1.912631744632762}, "datetime": {"datetime": "2023-02-03 22:52:08", "elapsed": 16545.064314, "delta": 76.220381}}
