{"target": 0.398181396066235, "params": {"f0": 0.9662002463458738, "f1": -0.6717071083963112, "f10": 0.5628579334718206, "f11": 0.6117260067853403, "f12": -1.9802934071154954, "f13": -1.5545902945056682, "f14": -1.9918253122690779, "f15": -1.1413594541782115, "f16": 1.377564126446091, "f17": 0.24080429220474037, "f18": -2.143350525607067, "f19": 0.5013181670708524, "f2": 1.9178978573278258, "f20": 1.9792367013437429, "f21": 0.2891055280232526, "f22": -1.8463690638419563, "f23": 1.3930626758722946, "f24": -1.8277465067865655, "f25": -0.5619465674777961, "f26": 0.8438404280762508, "f27": 0.1651871630665107, "f28": 2.235094016794367, "f29": 2.4690604355150074, "f3": 2.656431043814542, "f30": 0.205898308229489, "f31": 1.7344555826596262, "f32": -0.713041160312708, "f33": -0.353051272908104, "f34": -1.8206120018922964, "f35": -0.25003117695033905, "f36": -1.18365075645082, "f37": -0.4586918915135057, "f38": 0.4316315291851658, "f39": -0.7733004606178289, "f4": 0.9576310132022103, "f40": 0.47385302551643393, "f41": -2.2866776528067816, "f42": -0.42466246135244967, "f43": 1.0948286582692257, "f44": 0.5651518155644739, "f45": 0.9280689583924813, "f46": -0.6550580793017634, "f47": -0.8806797371708418, "f48": -0.3387028993004342, "f49": 0.22555677539392915, "f5": 0.8008997413252084, "f50": -0.17447317350156466, "f51": -0.6689078394107542, "f52": -1.3787635619589338, "f53": -2.2946551901956713, "f54": 0.07682042667826616, "f55": 0.2770934297959992, "f6": 1.0218871697331717, "f7": -1.756087553536376, "f8": 0.7718818504201072, "f9": -2.5685055744417555}, "datetime": {"datetime": "2023-02-03 21:06:52", "elapsed": 10229.48024, "delta": 56.605686}}
{"target": 0.33602736758168045, "params": {"f0": -0.2087070584674739, "f1": 0.5198092826640183, "f10": 0.24909796229898162, "f11": 0.1844421019429885, "f12": -1.1425245615574668, "f13": -0.11363407425808125, "f14": -1.1000944736754552, "f15": -1.1325461598497428, "f16": 1.0870257043793843, "f17": 0.7651329500018482, "f18": -2.9203130178708405, "f19": 0.796433053103514, "f2": 1.3817807366952275, "f20": 0.8464142216219172, "f21": 0.01682064512851622, "f22": -1.7483391700831474, "f23": 0.08343047530558373, "f24": -1.9554446988634393, "f25": -0.39147794875803066, "f26": 0.009643041774737737, "f27": -0.781214007934524, "f28": 0.8543785432957847, "f29": 2.5908701173443003, "f3": 2.3014655732002445, "f30": 1.4817354315139193, "f31": 2.209771527706806, "f32": -0.6236440439493793, "f33": -0.0452857691027817, "f34": -0.4017266860508075, "f35": -9.89457790135928e-05, "f36": 0.20695958421242722, "f37": 0.46997929431080254, "f38": -0.16151142762720938, "f39": -1.0188079775585241, "f4": 2.275785449241125, "f40": 1.3160059102616308, "f41": -2.202408037279503, "f42": -0.8463881359663441, "f43": 1.8295897825586187, "f44": 0.0685679366801174, "f45": 1.806048468801154, "f46": -0.18372491140680203, "f47": -0.07885701411918788, "f48": -0.7159330666001247, "f49": 1.360576735386298, "f5": 2.326988638025706, "f50": 0.6968982652873876, "f51": -1.3368861354898274, "f52": -0.5845643882313625, "f53": -1.7998580918139906, "f54": -0.7116966007518436, "f55": 2.3509458987872915, "f6": 2.3618248114178315, "f7": -1.1907269652532568, "f8": 0.24046992832692837, "f9": -2.4228080710958957}, "datetime": {"datetime": "2023-02-03 21:07:30", "elapsed": 10267.532677, "delta": 38.052437}}
{"target": 0.3613424533107544, "params": {"f0": 0.8032878602675281, "f1": 0.7965994211147646, "f10": -0.5325106487163653, "f11": -0.024115574686755292, "f12": -1.3493462123074706, "f13": -1.2775999524250388, "f14": -1.422901423840014, "f15": -1.50892018884954, "f16": 1.291445641273162, "f17": 0.8523842271398382, "f18": -1.580663415577662, "f19": 0.1718378763976538, "f2": 0.0871878249401477, "f20": 1.248304416673828, "f21": 0.44861812356148856, "f22": -0.7732987839928911, "f23": 0.9655474210590025, "f24": -1.7085708282198087, "f25": -0.6770266190635169, "f26": 0.3716611999168262, "f27": -0.9021124761337299, "f28": 1.4831099274838464, "f29": 2.62175121669211, "f3": 2.925883373013722, "f30": 0.5291325295637321, "f31": 0.7892286907624563, "f32": -0.657702944679273, "f33": -0.4317603170150789, "f34": -2.023582196125756, "f35": 0.2026343942776947, "f36": -1.0904381040351874, "f37": 1.245445292008076, "f38": 0.023790979030720916, "f39": -1.0455213684633016, "f4": 1.636936086424294, "f40": -0.06434982071598394, "f41": -1.5077648020872416, "f42": -0.8972346817832246, "f43": 1.2351524996340815, "f44": 0.5144506406426874, "f45": 1.1292458959628182, "f46": 0.09412353537889007, "f47": -0.1176309298791477, "f48": -1.2226515639177244, "f49": 0.24515514996402565, "f5": 1.9360369776234994, "f50": -0.300937837363341, "f51": -0.7886503712824346, "f52": 0.3311862489042694, "f53": -0.8031527378206627, "f54": 0.3021296235952343, "f55": 2.7303717198979602, "f6": 2.9088414887300416, "f7": -0.18586474179019996, "f8": -0.198194940743047, "f9": -1.4668347284884977}, "datetime": {"datetime": "2023-02-03 21:08:43", "elapsed": 10340.633875, "delta": 73.101198}}
{"target": 0.06813653717569679, "params": {"f0": -0.16217067918235906, "f1": 0.47502730612871125, "f10": 0.7996252810749244, "f11": 0.29356215258431617, "f12": -1.7538198247786971, "f13": -1.522668885662741, "f14": -1.1384582155718843, "f15": -0.8622137520508013, "f16": 0.00132803943551002, "f17": -0.09398072173591787, "f18": -2.995141042746347, "f19": 0.6029532562407285, "f2": 0.9825576945994825, "f20": 1.1548551687716748, "f21": 0.24253813818225511, "f22": -1.2928495295424702, "f23": 0.8419067500701907, "f24": -1.5933826253784935, "f25": -0.5824417493283538, "f26": 0.24747175492709583, "f27": 0.24273393401655263, "f28": -0.2553884220967446, "f29": 2.381758917570299, "f3": 2.142049180465503, "f30": 0.5657598928138173, "f31": 1.4895383467566075, "f32": 0.08781557838079868, "f33": 0.37719361799047946, "f34": -0.5971605256342614, "f35": 1.380564239263621, "f36": -1.5831217053319795, "f37": 0.07354229951427238, "f38": 0.3011278740612997, "f39": -1.7170354620966275, "f4": 2.479776949825672, "f40": 0.15388643973081167, "f41": -0.3004040884293784, "f42": -1.3226970275624785, "f43": 0.4348766321666253, "f44": 0.6966347759731788, "f45": 0.7884926415582088, "f46": -0.7517820013717805, "f47": -0.6021980485246997, "f48": -1.2936715037524573, "f49": 1.1026736012617404, "f5": 0.9274917865929906, "f50": -0.8731721555159282, "f51": -0.26887217092189264, "f52": -0.35850780769639323, "f53": -1.5376450444191043, "f54": 0.9373067500650735, "f55": 1.7348630243362142, "f6": 2.0953502252360625, "f7": -2.5350980408094226, "f8": 0.30143067797073486, "f9": -1.6438303327508135}, "datetime": {"datetime": "2023-02-03 21:09:49", "elapsed": 10406.467079, "delta": 65.833204}}
{"target": 0.3157854571598272, "params": {"f0": 0.32045554740189, "f1": 0.6751307277340378, "f10": -0.4193470865980794, "f11": -0.45924336398399995, "f12": -0.7185187603844465, "f13": -2.287911355407714, "f14": -0.3362343699061605, "f15": -0.35161627099363857, "f16": 1.5241528994178066, "f17": 0.7230224832780742, "f18": -2.603565473056607, "f19": 0.6310651363176707, "f2": 0.48137922013017614, "f20": 1.3843913378459525, "f21": -0.3323842325480393, "f22": -2.5247561043157813, "f23": 0.9626903026554803, "f24": -0.3438864986458692, "f25": -0.060619481751332804, "f26": 0.8822412686529724, "f27": 0.21769393423812056, "f28": 0.04823867481515942, "f29": 2.73388878423109, "f3": 2.382892667849383, "f30": 0.14466275326698352, "f31": 0.4689903873025314, "f32": 0.49573633357991487, "f33": 0.061733347451525256, "f34": -0.8969394936518802, "f35": 1.0325797123072897, "f36": -1.9215858079200057, "f37": 0.4911597359817882, "f38": 0.14002874931952003, "f39": -0.6090203921314852, "f4": 2.8169101121624984, "f40": 0.48459762172006, "f41": -0.7266555391358427, "f42": -1.9763215772234513, "f43": 0.5763270015068324, "f44": -0.15319787843253196, "f45": 0.40181877419495843, "f46": -0.7992879757807931, "f47": -0.19577820297208848, "f48": -0.38090819428123446, "f49": 1.3023169963635723, "f5": 2.4687622895332177, "f50": 0.6225667009046174, "f51": -2.1969700478249155, "f52": -0.19964908956477423, "f53": -0.9871244559668295, "f54": -0.143104883100175, "f55": 2.702003567376104, "f6": 0.8119881376732071, "f7": -1.0626947489567342, "f8": 0.5132456401186286, "f9": -1.2218925595038057}, "datetime": {"datetime": "2023-02-03 21:10:27", "elapsed": 10443.976851, "delta": 37.509772}}
{"target": 0.5257190559919723, "params": {"f0": 0.022095324294750363, "f1": -0.218833532182363, "f10": 0.24137015490484648, "f11": 0.8328475367338799, "f12": -1.5025082672177341, "f13": -0.4952694043743211, "f14": -1.7087895087652907, "f15": 0.1763503050359676, "f16": 0.536282321323308, "f17": 1.0248595256992448, "f18": -2.7086367577571537, "f19": -0.7081854122776299, "f2": 1.0157250546624463, "f20": 1.9085051420119024, "f21": 0.2565951072361323, "f22": -0.6910686848699217, "f23": 0.7671294387981542, "f24": -1.230711327090998, "f25": -1.0242311599156007, "f26": 0.28208126954720725, "f27": -1.1617805794405878, "f28": 1.6686452787708372, "f29": 2.2505141717889354, "f3": 2.205776311914075, "f30": 0.6102341309530135, "f31": 0.7936156843854097, "f32": 0.6593386627769081, "f33": -0.29661180294708445, "f34": -1.4785867306158484, "f35": 0.5459583787212974, "f36": -0.2580935887615392, "f37": 0.5604503360495782, "f38": -0.16691875648643073, "f39": -0.19382283662378064, "f4": 1.843875929496967, "f40": 0.37381996019939795, "f41": -2.8738029197530954, "f42": -0.23534211245621606, "f43": 0.3175811745193197, "f44": 0.17469919311086057, "f45": 0.08809269397881558, "f46": 0.47047110807947057, "f47": -0.20196263807302028, "f48": -0.37312712091287814, "f49": 0.6496751124123457, "f5": 0.43165070569451314, "f50": -0.26600808893059125, "f51": -2.3217672884645086, "f52": -0.792327040931961, "f53": -1.6615575067824702, "f54": -0.5708808824204848, "f55": 2.0511945935484417, "f6": 1.866514782682955, "f7": -0.9112401782932098, "f8": 0.39416245700046615, "f9": -1.462312926263044}, "datetime": {"datetime": "2023-02-03 21:11:37", "elapsed": 10514.503699, "delta": 70.526848}}
{"target": 0.32013471026498, "params": {"f0": 0.954684496818717, "f1": 0.5714595758918403, "f10": 0.4843953092913452, "f11": 0.7108330393553794, "f12": -2.5688498033216263, "f13": -1.6492549599288515, "f14": -1.2543240714287651, "f15": -1.0573045083108283, "f16": 0.7604316137556552, "f17": 1.511612135899188, "f18": -2.912772078124429, "f19": -0.17221687158090504, "f2": 0.8498779209527687, "f20": 1.13482327375861, "f21": -0.41427856816873754, "f22": -1.9100269708438624, "f23": 1.2616809456224403, "f24": -0.28980503099264654, "f25": -0.8132318222758295, "f26": 0.5621984109243963, "f27": -0.8141902297164905, "f28": 1.3926329076513184, "f29": 2.8361323158461156, "f3": 2.818804226219811, "f30": -0.1257064488298743, "f31": 0.8911262832798106, "f32": -0.638309846925121, "f33": -0.06728776645466739, "f34": -0.23097671755492954, "f35": -0.14800077682066293, "f36": -0.05665108516349049, "f37": 0.9620406326592571, "f38": 0.49784111800823694, "f39": -0.6032778446203009, "f4": 2.2355528788237753, "f40": 0.6845336018980658, "f41": -2.0643713308625036, "f42": -0.25084711634279433, "f43": 0.4958048151280718, "f44": 0.7935373697009842, "f45": 0.532672177324359, "f46": -1.0108240971138116, "f47": -0.6790604089105224, "f48": -0.7220636435204282, "f49": 0.9199205717185077, "f5": 1.3755658653663327, "f50": 0.6373863107910227, "f51": -2.2073637949589298, "f52": 0.3256385859945683, "f53": -1.6568527737086465, "f54": 0.775080436613318, "f55": 1.6623249633035853, "f6": 2.386405754597865, "f7": -1.1886565562213192, "f8": -0.07492839501464243, "f9": -1.0843671689644647}, "datetime": {"datetime": "2023-02-03 21:12:11", "elapsed": 10548.823808, "delta": 34.320109}}
{"target": 0.1754488129852612, "params": {"f0": 0.9871212646676096, "f1": 0.5993334895471168, "f10": -0.5314814822547334, "f11": -0.6017486587836128, "f12": -1.4539391731657791, "f13": -1.5328503220537562, "f14": -0.56091321310618, "f15": -0.7720108273187727, "f16": 0.8556874011258556, "f17": 0.47146701690134746, "f18": -2.3573750219620035, "f19": -0.4145508270198334, "f2": 0.19255840216284792, "f20": 1.8736008901741699, "f21": -0.22127920452881855, "f22": -1.8488031369838636, "f23": 0.5044355437208603, "f24": -0.29733591174005825, "f25": -0.5227782524119574, "f26": -0.09382380298483517, "f27": -0.7232314179874632, "f28": 0.7036394964676127, "f29": 2.1568326024945277, "f3": 1.8211303212728893, "f30": 1.0392783162206565, "f31": 1.4819894586826563, "f32": 0.4340800121312248, "f33": 0.6547688727391762, "f34": -1.6740423088612553, "f35": 0.7414074335416643, "f36": -1.515645769900582, "f37": 1.116863156975696, "f38": 0.006039883939162882, "f39": -0.35668861407748653, "f4": 2.6651238388648886, "f40": 1.3295965659614768, "f41": -1.5399852530541347, "f42": -1.8499254858866274, "f43": 1.6610095617114091, "f44": -0.6020607716514907, "f45": 0.26981359341153677, "f46": 0.48332056082141706, "f47": 0.23170893170800055, "f48": -0.5430373251479788, "f49": 0.1526786048879617, "f5": 1.7978884929283714, "f50": -0.9168069073710658, "f51": -2.869607203524869, "f52": -0.2398777860568262, "f53": -0.38350656320559473, "f54": 0.6191126821510712, "f55": 2.7981733573627636, "f6": 2.103101289204516, "f7": -0.9329524551690165, "f8": -0.5836132479948581, "f9": -2.351127513535069}, "datetime": {"datetime": "2023-02-03 21:12:55", "elapsed": 10592.026128, "delta": 43.20232}}
{"target": 0.44563104853349195, "params": {"f0": 0.002332725350096987, "f1": -0.42624139025908075, "f10": -0.3580456932324997, "f11": 0.6836479024742594, "f12": -0.3651714451387602, "f13": -1.52991576530916, "f14": -1.6036151979489863, "f15": -1.1909467603295047, "f16": 0.6322343515574547, "f17": 1.6263959244353339, "f18": -2.1344318757556526, "f19": 0.17619118289803604, "f2": 0.7187515534604636, "f20": 2.99238487184414, "f21": -0.6037301307591183, "f22": -1.5464935750765163, "f23": -0.1315011450936219, "f24": -1.2916172840969353, "f25": -0.47971919566447696, "f26": 0.6727093408035203, "f27": -0.5153439711993592, "f28": 0.4788807778798236, "f29": 2.230788030167778, "f3": 3.0314057633099067, "f30": 1.0462593149664792, "f31": 1.5229977084301738, "f32": 0.29985919879601897, "f33": 0.11041969646889105, "f34": -1.7147164472851735, "f35": 0.08976328666012884, "f36": -0.43005792330011605, "f37": 0.6073005192380064, "f38": -0.011682301478370238, "f39": -1.7974944040758971, "f4": 1.3457076497469853, "f40": 0.24785480575518748, "f41": -2.551098226320805, "f42": -1.0572613715668588, "f43": 0.25066472110532584, "f44": 0.9167046040171691, "f45": 0.44593143051424655, "f46": -0.4700154435757924, "f47": -0.8204197136160545, "f48": -0.861762488100812, "f49": 1.0831406063290387, "f5": 1.3460579633792413, "f50": -0.5569792083413474, "f51": -2.109142774402594, "f52": -1.2868154558124338, "f53": -1.644985610179305, "f54": -0.6375399093139615, "f55": 3.008298225163378, "f6": 2.7601289208049082, "f7": -1.0108242038475646, "f8": 0.3888374448964621, "f9": -2.515734924894801}, "datetime": {"datetime": "2023-02-03 21:13:36", "elapsed": 10633.333967, "delta": 41.307839}}
{"target": 0.3069706900138766, "params": {"f0": 0.5217839462860666, "f1": 0.8928382573192005, "f10": 0.4850029555750043, "f11": 0.8515090272264259, "f12": -1.722391707610811, "f13": -0.41435737143206675, "f14": -0.7191693770508993, "f15": -0.9255821638994299, "f16": 0.6181408446688448, "f17": 0.7790585230439584, "f18": -2.3435014933486618, "f19": -0.2026814896917304, "f2": 1.7771158816681805, "f20": 2.8595508021499425, "f21": 0.15488318694872116, "f22": -1.0700745392809288, "f23": 0.6534128631504189, "f24": -0.6706135803270739, "f25": -0.500266528464927, "f26": 0.4635552244789831, "f27": 0.19790241140233533, "f28": 1.7043224951191585, "f29": 2.8085204129869394, "f3": 2.5767652472706244, "f30": -0.182687023806692, "f31": -0.014426693891964493, "f32": 0.24905282943397966, "f33": -0.277455483133349, "f34": -1.420319348090577, "f35": 0.2917319703668866, "f36": -0.5386620087169156, "f37": 0.8339113628623224, "f38": -1.0462533827913651, "f39": -1.2454862126493045, "f4": 2.215377316253707, "f40": 1.0368139511586638, "f41": -2.3127680565231916, "f42": -1.2398860624114394, "f43": 0.8680663403943221, "f44": -0.26681466078162536, "f45": 1.5427358004467733, "f46": -0.2820845775297821, "f47": 0.27099373256082626, "f48": -0.12515835967286648, "f49": -0.339798829888014, "f5": 0.7409776736474483, "f50": 0.30710266554088095, "f51": -1.7768569261128244, "f52": 0.06966182908427077, "f53": -1.850774509524407, "f54": -0.6983168970529533, "f55": 2.2010146528019505, "f6": 1.2868415349938427, "f7": -0.9731179340950433, "f8": 0.4324742828902878, "f9": -2.374222354601698}, "datetime": {"datetime": "2023-02-03 21:14:08", "elapsed": 10665.731017, "delta": 32.39705}}
{"target": 0.2570375322386455, "params": {"f0": 0.48818682081771636, "f1": -0.019828936338308845, "f10": 0.4712864295932754, "f11": 0.22977967863565374, "f12": -2.034335479779065, "f13": -1.8569656280197364, "f14": -0.8232300554581582, "f15": -0.22964616860778375, "f16": 1.9263715511707273, "f17": 0.37952037468036126, "f18": -2.1279838720585698, "f19": 0.4696781479268115, "f2": 1.3845681196904058, "f20": 2.544652544793819, "f21": -0.02981856923378856, "f22": -0.9600424395836988, "f23": 0.8156888903007044, "f24": 0.27144663780856826, "f25": -0.7055555972651903, "f26": -0.4085738428729385, "f27": -0.29737602892957016, "f28": 1.1390551026920668, "f29": 2.898530485504124, "f3": 2.7138210557583795, "f30": 1.4722242289940375, "f31": 1.8383371901815304, "f32": 0.5628326296227596, "f33": 0.1621224084281475, "f34": -1.9432528603015764, "f35": 0.581870987563632, "f36": -1.3405684837459084, "f37": 0.3361926648825993, "f38": 0.08395495412079068, "f39": -0.8108888902278018, "f4": 2.914355656379298, "f40": 0.08672256514119103, "f41": -2.462077454421609, "f42": -1.6371133570567693, "f43": 1.4596052593461137, "f44": -0.035086631879554964, "f45": 1.5908661420727488, "f46": 0.3465526620685102, "f47": 0.16522218098844066, "f48": -1.4669729571784438, "f49": 0.1538085244430094, "f5": 2.2784058570568235, "f50": 0.35076454663107304, "f51": -2.6330488033187818, "f52": -0.7406310202068652, "f53": -1.6005382629403961, "f54": -0.5698789892965717, "f55": 1.8720938214135578, "f6": 2.645237771370402, "f7": -2.283112898495123, "f8": -0.24446931992614396, "f9": -1.08015068820213}, "datetime": {"datetime": "2023-02-03 21:14:46", "elapsed": 10703.751699, "delta": 38.020682}}
{"target": 0.6977100251061024, "params": {"f0": 0.30826633050603264, "f1": 0.13171007447705976, "f10": 8.154833869408555e-06, "f11": 0.26010467441517837, "f12": -1.6449924805364062, "f13": -1.3574815120459136, "f14": -1.0668238588601333, "f15": -0.859214944301879, "f16": 0.9924243819859722, "f17": 0.6118835283496639, "f18": -3.00397807963047, "f19": -0.10431290300655667, "f2": 0.8094303978731601, "f20": 1.800331949820416, "f21": 0.014992491969648643, "f22": -1.448875271000486, "f23": 0.7596698349814449, "f24": -0.888105410478786, "f25": -0.6568830236460088, "f26": 0.3094891085897652, "f27": -0.4568095339048359, "f28": 0.9037209541381885, "f29": 3.0048193015475473, "f3": 3.0327132287935354, "f30": 0.682698222255059, "f31": 1.3356981166499888, "f32": 0.030246481416519245, "f33": -0.021253529076148005, "f34": -0.9380521760141196, "f35": 0.5520363016490579, "f36": -1.5048106215569184, "f37": 0.4087891889813773, "f38": -0.23816461416801246, "f39": -0.9165447215864485, "f4": 2.4678637378239494, "f40": 0.5795324129419779, "f41": -1.6222879250612705, "f42": -1.0690037055345194, "f43": 1.237002331116475, "f44": 0.3433606777309064, "f45": 0.8034350994798971, "f46": -0.4452080990778858, "f47": -0.06683532177348239, "f48": -0.7066513995348255, "f49": 0.5026602296424981, "f5": 1.5903268408582643, "f50": -0.0832280958017327, "f51": -1.7704233524706414, "f52": -0.497055728555251, "f53": -1.0244710934863634, "f54": -0.019983729572386866, "f55": 2.8820381022567005, "f6": 2.2886103516536545, "f7": -1.3441707760517412, "f8": -0.06042872494384778, "f9": -1.7879969310172565}, "datetime": {"datetime": "2023-02-03 21:14:50", "elapsed": 10707.029154, "delta": 3.277455}}
{"target": 0.24773483104645583, "params": {"f0": 0.3891798667507501, "f1": 0.622435858781006, "f10": -0.46499185253451153, "f11": -0.5520740004072278, "f12": -0.05146215375361285, "f13": -1.1839983665239753, "f14": -0.5605107123188136, "f15": -1.5430342526666974, "f16": 0.32371923351581916, "f17": 0.5114770104568582, "f18": -1.7337135041963583, "f19": 0.03670498571618386, "f2": -0.2199816739060951, "f20": 1.0696742321268324, "f21": -0.7024134546301942, "f22": -0.6057380592864519, "f23": 1.4933994566263762, "f24": -0.36145299723149815, "f25": -0.22667974198633734, "f26": 0.6229117113875842, "f27": -0.458825991086353, "f28": -0.32390582548489716, "f29": 2.605400367580952, "f3": 2.6384008182298566, "f30": 0.40625414337886817, "f31": 1.066132426827658, "f32": 0.6926343819000017, "f33": -0.12080477852583804, "f34": -1.1706475348653225, "f35": 1.3376219499234603, "f36": -1.1826298373218747, "f37": 0.4711768230353294, "f38": 0.19285902652428843, "f39": -0.7107134801331294, "f4": 1.8322848753917982, "f40": 0.1943642922914977, "f41": -2.4720973585418706, "f42": -1.971634539983366, "f43": 0.9318678470777896, "f44": 0.1964062299033672, "f45": 1.0793306541264407, "f46": 0.017215613630153337, "f47": 0.2759216430005784, "f48": -1.3700351320047346, "f49": 0.6553613136762934, "f5": 1.115956308794412, "f50": 0.011025770130913104, "f51": -1.1929911581394788, "f52": -0.887571498140777, "f53": -1.4885186708745421, "f54": 0.48310939628124994, "f55": 2.9184936529551457, "f6": 2.1643442506764226, "f7": -1.4868401707010115, "f8": 0.5710396863746446, "f9": -1.6896273952276508}, "datetime": {"datetime": "2023-02-03 21:15:35", "elapsed": 10752.434298, "delta": 45.405144}}
