{"target": 0.19407860760188148, "params": {"f0": -0.8649543580724433, "f1": -0.03346011279032801, "f10": 0.7184970954121361, "f11": -2.388834061300468, "f12": 2.2950630367275258, "f13": 1.2494595738863463, "f14": 2.2304947461320133, "f15": -0.8920118824897694, "f16": 1.268389956127777, "f17": -2.8278007541065033, "f18": 2.578282859427296, "f19": -0.06628891380037327, "f2": 0.4038672116401685, "f20": -1.4191206367807445, "f21": 2.2963711418055492, "f22": -0.20061694381341288, "f23": 0.31407893819647903, "f24": -1.7626000812742937, "f25": -1.204781970723223, "f26": -0.37437775318639765, "f27": 1.1909789350078848, "f28": -1.86989330309586, "f29": 2.790102129793074, "f3": 1.13589024398326, "f30": 0.1533691343219008, "f31": 2.7075952103184973, "f32": 1.4053352747333996, "f33": -0.0011189375567814963, "f34": 0.1860444312456524, "f35": 1.4219694171957293, "f36": -2.961740012012616, "f37": 2.679069458476496, "f38": -1.8085110962047957, "f39": -1.1632054342190625, "f4": 0.586450091985768, "f40": -0.6196459309473332, "f41": -1.5428881863692923, "f42": 2.9886731053481013, "f43": 2.5565715246670617, "f44": 2.9479604783706836, "f45": 0.04803126039812611, "f46": 0.02719835582438268, "f47": 2.154997099306917, "f48": -0.5223731537261798, "f49": -0.775993441235654, "f5": 1.421482470426839, "f50": 1.2038678664389693, "f51": 2.52632307858335, "f52": -2.827425614225409, "f53": -1.010129572549346, "f54": 2.037744736177652, "f55": 1.7210310284194623, "f6": -0.7653957328137331, "f7": 2.6959452274956703, "f8": -0.3238690821659098, "f9": 0.5576757558765166}, "datetime": {"datetime": "2023-01-23 14:24:07", "elapsed": 0.0, "delta": 0.0}}
{"target": 0.3744360912080659, "params": {"f0": 0.3142903513720672, "f1": 1.2537299254541905, "f10": 0.9709794132431249, "f11": 1.3518653740692388, "f12": 0.03841214917166624, "f13": -2.268679746829254, "f14": 0.7717759029050089, "f15": 2.344427414224362, "f16": 0.20134467583827043, "f17": -2.6785455047364453, "f18": -1.9453407502392286, "f19": 0.45581467760320304, "f2": 0.354369351599118, "f20": -2.1996536624919836, "f21": -0.739519958223438, "f22": -0.22341831815619706, "f23": -2.3269656088243806, "f24": -1.1945063530296594, "f25": -2.7279368690550663, "f26": 2.192479055932975, "f27": -1.8927261736927612, "f28": -1.8164020271316603, "f29": -2.003906987750859, "f3": 0.20699774229362866, "f30": -2.001126154056477, "f31": 1.3645510687663656, "f32": 2.82131730283705, "f33": -2.6038915131164675, "f34": -1.8234040924372874, "f35": -0.9945401068918418, "f36": -0.14376610111979815, "f37": -0.14332534724692758, "f38": 2.826556869639642, "f39": -2.766637668759474, "f4": 1.3710317480957581, "f40": 2.4573283793918588, "f41": 2.56128168954936, "f42": 2.9710786353770553, "f43": 0.753909994377242, "f44": -0.8160658949705062, "f45": 1.0712432187757086, "f46": 0.7581193328438149, "f47": -0.011146579585128435, "f48": -1.7190887155992534, "f49": 0.3638430608826848, "f5": -0.18501103563688215, "f50": 2.126948908492367, "f51": -1.4897107018460152, "f52": -1.5322351308854172, "f53": 1.0686064593409474, "f54": -0.29090307141071836, "f55": -0.13797398534626915, "f6": 2.0285698701151684, "f7": -1.83219870108383, "f8": 0.0676737659124309, "f9": 0.2277409153340768}, "datetime": {"datetime": "2023-01-23 14:24:19", "elapsed": 11.994741, "delta": 11.994741}}
{"target": 0.4290483233232598, "params": {"f0": -0.7562243101096553, "f1": 1.7972120758084493, "f10": 1.3391016024291504, "f11": -2.698977622062165, "f12": 2.1817250808087554, "f13": -0.7864510056425362, "f14": 0.37659188536183175, "f15": 0.6557129795134014, "f16": -0.8465484861031314, "f17": -0.21032028505243439, "f18": -2.251397152336473, "f19": -1.3657412475857817, "f2": -0.3372160959293682, "f20": -2.225366710245928, "f21": -0.23740347238402837, "f22": -2.61294734078045, "f23": -0.11712857528447262, "f24": 0.025084939540031215, "f25": -1.1977384015011776, "f26": -2.315859023614224, "f27": -1.2102558729363948, "f28": 0.4433400484068466, "f29": -1.5113714783743462, "f3": -2.0045170286975957, "f30": 0.21707896094677803, "f31": -2.7863375588346666, "f32": -2.7144805603240245, "f33": 1.8857028524696, "f34": 1.3792457321059945, "f35": -1.159511463299344, "f36": -1.7039142733935526, "f37": 2.247041030219103, "f38": 2.969223522182478, "f39": -2.7704967728810113, "f4": 2.1289020363481237, "f40": 0.8214105842340764, "f41": 2.6764884856990054, "f42": 0.7348842874711816, "f43": 2.6275756612522736, "f44": -1.161874019430672, "f45": -0.7018393598984227, "f46": -1.029513623984707, "f47": -2.997518784259357, "f48": -0.613663199056278, "f49": 0.5586386616003769, "f5": -1.2540839324947135, "f50": -2.1066362561667082, "f51": -0.629394795743087, "f52": -0.3391723353345961, "f53": 1.78748011268428, "f54": -1.4343849859517313, "f55": 1.4319917745020598, "f6": -2.7077017612269723, "f7": -1.0838429968498564, "f8": 1.4559868758230827, "f9": -1.7795093256653738}, "datetime": {"datetime": "2023-01-23 14:24:46", "elapsed": 38.932604, "delta": 26.937863}}
{"target": 0.00018991003334096855, "params": {"f0": -1.27081041545036, "f1": -0.43358146596498015, "f10": 1.193549129181898, "f11": -1.0360313719590157, "f12": -0.9945389553126027, "f13": 0.6219160682648015, "f14": -1.735748481148685, "f15": -1.8893514602878227, "f16": -2.2441869740430143, "f17": 2.2725156572963376, "f18": 0.9518179626155341, "f19": -1.275319067122563, "f2": 2.0874922073172364, "f20": 1.783595335928247, "f21": 2.069729550353437, "f22": -1.4986619997545398, "f23": 0.6070827464790405, "f24": 1.423442990700777, "f25": 0.7749960732274741, "f26": 0.9191521499692907, "f27": 2.186296443412851, "f28": -1.5723446044508909, "f29": 1.2463997016139041, "f3": -0.48866335181719567, "f30": 0.460776544946806, "f31": -2.4846575581479353, "f32": 2.5014054479346175, "f33": 1.5084883912324685, "f34": -0.9770601906074949, "f35": -1.3631253252174096, "f36": -0.7440220550046828, "f37": -1.2888453749500486, "f38": 1.5327465780195926, "f39": 2.1541878652594715, "f4": -0.5398026733565819, "f40": 1.0498931545220094, "f41": 2.5973848754925823, "f42": -1.1705265595162566, "f43": 2.892861569514908, "f44": -0.8507314961638612, "f45": -0.4942885397878092, "f46": 2.9095167055131927, "f47": -2.963082958405005, "f48": -2.069021861544277, "f49": 0.36539940797854076, "f5": 2.545689330041422, "f50": -2.2223103039871717, "f51": 0.8318744986325592, "f52": 0.4991467227288662, "f53": -0.8990708169179973, "f54": -1.0873156226875964, "f55": -1.6662982156889181, "f6": -0.3145678387735016, "f7": -1.005484295302568, "f8": 1.885872600793217, "f9": -1.905615685297129}, "datetime": {"datetime": "2023-01-23 14:25:40", "elapsed": 92.964056, "delta": 54.031452}}
{"target": 0.17131722418126782, "params": {"f0": 2.5664114148516646, "f1": -1.864495206398736, "f10": -1.1955017311758716, "f11": -1.4752144496329815, "f12": 2.985984855496439, "f13": -2.678051178081676, "f14": -0.34319313878094704, "f15": -0.966553091590912, "f16": 1.6529541770485698, "f17": -0.1457913645475135, "f18": 1.1003849475730982, "f19": 0.8047470138797665, "f2": -0.06826749783316366, "f20": -0.6605665098586266, "f21": -0.9456001129290859, "f22": -2.3680205891077106, "f23": -0.43392787409216016, "f24": 0.13304239876360047, "f25": -1.454794776886981, "f26": -0.5243564983773754, "f27": -1.1158435117938663, "f28": -2.4668197023915144, "f29": 2.46782655921883, "f3": -2.4849632036038596, "f30": -2.256564914812444, "f31": 1.7449387624159032, "f32": 0.5726247972262524, "f33": -2.573520871390289, "f34": 1.311869978553844, "f35": -1.0558405307739487, "f36": 2.7806988699459074, "f37": -2.629491974651472, "f38": -0.5832233078849569, "f39": 0.9016237105095697, "f4": -0.8497596550426714, "f40": 2.876908342623137, "f41": -1.8646572923583726, "f42": 1.5214511998144786, "f43": -2.5277749245092798, "f44": -0.6376400583066775, "f45": 0.18644669744130749, "f46": -2.265564532834046, "f47": 2.8370714223220936, "f48": -1.8893238957937109, "f49": 1.9661959863782785, "f5": -0.49278548385806653, "f50": -0.02827600165579991, "f51": 2.744651648257177, "f52": 1.9025988460116787, "f53": 2.665649472556705, "f54": 2.9511023077607357, "f55": -2.4457446243504615, "f6": 2.629300824704896, "f7": -1.4363048848186626, "f8": 2.3904496578033942, "f9": 2.604467880855667}, "datetime": {"datetime": "2023-01-23 14:26:45", "elapsed": 158.14778, "delta": 65.183724}}
{"target": 0.22240267491480203, "params": {"f0": 0.37028964588027957, "f1": 0.9540940281587469, "f10": 1.0032029613449414, "f11": -2.609328476303249, "f12": 2.342945369495176, "f13": 2.400628542466861, "f14": -2.193716462483331, "f15": 0.45566258200334, "f16": 0.7346956545701921, "f17": 0.1217943177783174, "f18": 2.0886584653454285, "f19": 2.628153680381639, "f2": 2.9541747734742003, "f20": -1.6718432437169457, "f21": -1.5320204008714127, "f22": 0.05410888671349934, "f23": 2.673340059400841, "f24": 0.1681467446275895, "f25": -2.04108179199081, "f26": 1.0997069608228909, "f27": -0.1328513395729134, "f28": -2.5371088387101155, "f29": 0.37904168489478796, "f3": -2.8655247282247807, "f30": 2.9219610722637404, "f31": -0.7530111832501896, "f32": 2.7526779881921764, "f33": 0.054936950075347823, "f34": -2.783983035253617, "f35": 0.7587294553306592, "f36": -2.4578646067082244, "f37": -1.7336138239252814, "f38": -2.1305457015635927, "f39": 0.12930902924068732, "f4": 1.26970335365783, "f40": 1.930603988051228, "f41": 0.7866321193411308, "f42": 1.8198518945579591, "f43": 0.19788371711234376, "f44": 1.3164286758260042, "f45": 2.048657123662772, "f46": 2.347999647898731, "f47": -2.4957090571071383, "f48": 2.888809090798069, "f49": 1.4144611720909417, "f5": -1.6411886469875137, "f50": 0.27103803617731526, "f51": -1.5539281974752615, "f52": -2.8989260317773535, "f53": -1.2669559794430194, "f54": -1.9402462000763954, "f55": -1.1508751477566932, "f6": -2.3924009083824482, "f7": 2.6845019109457606, "f8": 2.231359290283997, "f9": 1.5272355983969206}, "datetime": {"datetime": "2023-01-23 14:27:21", "elapsed": 194.866634, "delta": 36.718854}}
{"target": 0.031377182739085935, "params": {"f0": 0.33575697682508654, "f1": 2.7990260209016338, "f10": -2.9128227342309967, "f11": 1.0639364790195742, "f12": 2.4897876906343956, "f13": -2.9021408440588594, "f14": -1.374706502307908, "f15": 1.1138243934492813, "f16": 1.3762012522808256, "f17": -2.1826648682711793, "f18": 0.9583810431763569, "f19": 1.7178973076080721, "f2": 1.5113359178106895, "f20": 1.350167252999694, "f21": 0.27129248652296756, "f22": 2.6182755167542604, "f23": 2.0427971361806563, "f24": -2.521939348201993, "f25": 0.5645259421939794, "f26": 2.9415549077095138, "f27": 0.493184671969634, "f28": -2.1414134379160217, "f29": 2.2829051158781297, "f3": 2.577862623741285, "f30": 2.5199514694852283, "f31": 0.18521224173561102, "f32": -0.5075457272930048, "f33": 0.5863685642570227, "f34": 0.1464128840243366, "f35": -0.41446223337185684, "f36": -0.6696928226370735, "f37": -0.4019622947037731, "f38": -1.1873230831799606, "f39": -2.102461492787056, "f4": 1.4315075989216748, "f40": -1.220051423310897, "f41": 2.6882910963808673, "f42": -2.0200125870080363, "f43": 1.9992203086903917, "f44": -0.34824209368820336, "f45": -2.2687212480391032, "f46": -0.367297408669252, "f47": 0.8534736508088665, "f48": -0.31267469040361373, "f49": -0.4143220053628971, "f5": -2.9073493093326825, "f50": 1.4824413043533813, "f51": 1.056946944442247, "f52": 2.1953678427604304, "f53": 2.4926066306712826, "f54": -1.1415445221860714, "f55": -2.805210127133504, "f6": 0.37168391189831773, "f7": -2.9030785663714274, "f8": 1.801128061709421, "f9": -1.4579091122133898}, "datetime": {"datetime": "2023-01-23 14:27:34", "elapsed": 207.839843, "delta": 12.973209}}
{"target": 0.09423350025847504, "params": {"f0": 1.5333651495855225, "f1": 1.0730146487797105, "f10": 2.8625202592314514, "f11": 1.3683085421394257, "f12": -2.0780724812483333, "f13": -0.5380264664135721, "f14": 2.311158697620793, "f15": -2.8383136538356992, "f16": 0.5601682273858266, "f17": 2.7921040714112184, "f18": 0.7031118270961749, "f19": 1.7935246464357109, "f2": 2.446342957784661, "f20": -2.7321966832375706, "f21": -1.2431899495270597, "f22": -0.7230459333628358, "f23": 1.3575115050102369, "f24": 0.5450299337295572, "f25": 2.259638495624591, "f26": 0.5146827648865835, "f27": -1.6612523867645639, "f28": -0.335563365675025, "f29": -1.1831354106635283, "f3": -2.8914238060460695, "f30": 1.9262522623451366, "f31": -1.7079066544538997, "f32": 1.7679798957907682, "f33": 0.42289370486557853, "f34": 2.6624860884913133, "f35": 2.6055818574839495, "f36": -1.9599951400980338, "f37": -2.37612942767764, "f38": -0.7477709518847044, "f39": 1.3840612400176049, "f4": 2.9314619891829112, "f40": 2.9914279046328005, "f41": 1.4040523892943595, "f42": 1.988600587656581, "f43": -0.6986339536365112, "f44": 0.3634956214709071, "f45": -0.6767579441162184, "f46": 2.9821478842641573, "f47": 1.7061775783309896, "f48": 0.8316876700237104, "f49": -0.6403715313693663, "f5": -2.318846611182508, "f50": -1.1352197097068015, "f51": 1.6357077277176728, "f52": 1.2903306285090448, "f53": -0.8581449678058535, "f54": -2.6276067378542516, "f55": -2.6306412118781375, "f6": 1.9079219375964849, "f7": -0.6921718997475184, "f8": 2.116599141271254, "f9": -1.0807915926309413}, "datetime": {"datetime": "2023-01-23 14:28:05", "elapsed": 238.222937, "delta": 30.383094}}
{"target": 0.15389493367692686, "params": {"f0": -0.16338450211614974, "f1": 2.009491787379276, "f10": -0.8608698109211979, "f11": 1.1658620798466073, "f12": 2.8918684154035326, "f13": -1.5661933694351668, "f14": -1.8568739444353428, "f15": -1.399596600386958, "f16": 1.2703123237805505, "f17": 0.04467821533977201, "f18": 0.5088563319665491, "f19": 1.948988012618691, "f2": 2.4490416761671154, "f20": -0.08349926818918618, "f21": -1.336553085753633, "f22": 2.457284675910252, "f23": -2.8788450178027425, "f24": 1.640452738157956, "f25": -1.9991249438390013, "f26": -1.8265372779228326, "f27": -1.9052187267357927, "f28": -0.519363872446077, "f29": 2.3222504070280623, "f3": 1.698582157272364, "f30": 2.6519467620927673, "f31": 2.85702656266598, "f32": -1.9592782329828846, "f33": -1.1725101229008297, "f34": -2.1299917326625764, "f35": 2.7559278432155656, "f36": -0.3856064929273493, "f37": -0.19574874857311375, "f38": 2.103948553143969, "f39": 1.709986980521827, "f4": 1.4100779987458125, "f40": -2.7616846264365664, "f41": -2.7794718782878713, "f42": 2.0321492455510786, "f43": 1.3523435036447164, "f44": -0.2694143421771935, "f45": 2.764286017457418, "f46": 1.9993245385549638, "f47": 1.360052998092141, "f48": -0.5695037506867342, "f49": 1.3931639715370672, "f5": -1.217924832957552, "f50": -2.2623564244567222, "f51": -0.5777030155029275, "f52": 2.370734752110372, "f53": 0.17873407014979037, "f54": 2.422929926695174, "f55": 1.3532853307787711, "f6": -0.8447662868625705, "f7": 2.121915837347128, "f8": 0.668726181387159, "f9": -0.6897783440715455}, "datetime": {"datetime": "2023-01-23 14:28:18", "elapsed": 251.600579, "delta": 13.377642}}
{"target": 0.5983053555193847, "params": {"f0": 2.892950062277256, "f1": 0.377932683927793, "f10": 0.2625929317351847, "f11": -2.5258950971067655, "f12": -2.3963937484221534, "f13": -2.678627747473685, "f14": 1.3348615182830308, "f15": 1.5882828150448205, "f16": -2.8865398672400415, "f17": -0.5640258014535791, "f18": -1.4554899516352193, "f19": 2.2091327020962037, "f2": -2.9324096838451217, "f20": 2.684824029646869, "f21": -2.801213622936374, "f22": -0.3956651407828695, "f23": 0.6579634048668237, "f24": 2.0740049133046092, "f25": 2.4843958488420936, "f26": 0.9557257672685697, "f27": 0.9258310425229861, "f28": -1.4726239990231091, "f29": -0.7946016839518402, "f3": -2.9751778600272347, "f30": -2.560324556692402, "f31": -1.359659709396482, "f32": -2.0135365114041055, "f33": -2.311638572858758, "f34": -0.06739579662878459, "f35": 1.8346022070734653, "f36": -0.9108875127426384, "f37": 1.6495637432226946, "f38": 1.2122382185593752, "f39": 0.5803359721154631, "f4": -1.467845176953641, "f40": -0.5902808167646949, "f41": 1.6970725430012399, "f42": -2.3567165557565666, "f43": 1.7903597608100341, "f44": 0.14173247698903868, "f45": -2.6862346939212793, "f46": 1.3618353221393455, "f47": -1.8083282649095143, "f48": -1.6147462405260042, "f49": 0.8877134157243347, "f5": 1.3057859515284491, "f50": 0.5556891493423084, "f51": -0.028735840910952604, "f52": -0.3847865154065224, "f53": -0.04186901398709075, "f54": 2.0313882403444463, "f55": -0.39184020943737785, "f6": 1.9096039663175457, "f7": -1.838645994184443, "f8": 1.8103332706652582, "f9": 0.6187004082582757}, "datetime": {"datetime": "2023-01-23 14:28:45", "elapsed": 278.802468, "delta": 27.201889}}
{"target": 0.28112674617750255, "params": {"f0": 0.015363428501816045, "f1": 1.2054259569693482, "f10": 1.1648168185844057, "f11": 2.9944210423230873, "f12": -1.00408939358477, "f13": -0.826478384075302, "f14": 2.475741796320527, "f15": -0.6692376092516952, "f16": -0.13233781718558557, "f17": -0.5985355075140171, "f18": 0.23015394105874876, "f19": -0.3256379750114551, "f2": -1.5252169434820513, "f20": 0.18298454483436277, "f21": 0.5070819540089788, "f22": -2.164668073471112, "f23": -1.7521965631195946, "f24": 1.837937468172397, "f25": 0.1923532147620124, "f26": -1.3913606644411605, "f27": -2.894200305449901, "f28": 1.2881331109659016, "f29": 0.6543962739055074, "f3": 2.038378607289925, "f30": -0.24972784356743105, "f31": 0.5888751044176432, "f32": 1.5364566924376293, "f33": 2.3945086587274176, "f34": -0.8201815509742048, "f35": -2.3848272452522274, "f36": 1.4441007185207866, "f37": 2.5213555129013328, "f38": 1.8831023696668314, "f39": 1.0300156850510485, "f4": 2.3710391264436934, "f40": -0.0846521378873879, "f41": -2.1473983179511684, "f42": -1.5431985770749215, "f43": -1.9297683487012287, "f44": 0.2913755515013796, "f45": 0.9058652310651345, "f46": 1.7453893295774456, "f47": -2.384736889726754, "f48": 1.8163328490912862, "f49": -1.8615661263349779, "f5": -1.5916089022398592, "f50": -2.8350148344399084, "f51": -2.3708526303231565, "f52": 1.3019982308045774, "f53": 2.3187716627762036, "f54": -1.4812879154461611, "f55": 0.2861365906855733, "f6": -0.9863962944390172, "f7": 2.159617548019053, "f8": 0.45272016298156803, "f9": -1.9945579645631188}, "datetime": {"datetime": "2023-01-23 14:28:59", "elapsed": 292.831879, "delta": 14.029411}}
{"target": 0.21010023823101248, "params": {"f0": 2.0579966108516006, "f1": -1.139390745388131, "f10": -2.658064764033302, "f11": -2.2208424313780024, "f12": 2.385309784766104, "f13": -0.9426036896627066, "f14": -2.0494297072102263, "f15": -0.7524535673532569, "f16": 2.121033264104315, "f17": -2.049497528369285, "f18": 0.06793560140440436, "f19": -1.6778211501856533, "f2": 2.069726406888079, "f20": -1.2024267079165338, "f21": 1.072401504976611, "f22": -2.603899454192349, "f23": -2.5846869782170643, "f24": -2.038700379877045, "f25": 2.481505057155797, "f26": 0.9652831469077552, "f27": 1.1291327360617922, "f28": -0.5494106512826837, "f29": 2.62188763952778, "f3": 1.695115155708538, "f30": -0.22296384049305384, "f31": 1.4388993324025607, "f32": -0.5054097251835188, "f33": 1.5937407014152827, "f34": 2.072714524757888, "f35": -1.5424625710577664, "f36": -2.721299730666885, "f37": 1.3030646909874664, "f38": 2.084484679745275, "f39": 1.9913711900785325, "f4": -2.4108410321691154, "f40": -2.8684379288707653, "f41": 1.278721058824031, "f42": -1.0797573064698331, "f43": -2.311881034497371, "f44": -1.6207336749857273, "f45": -0.9303718343262322, "f46": -2.8717139465302055, "f47": 0.17021866887937254, "f48": 0.6988659390613421, "f49": -0.2349791713257714, "f5": -2.6375151828588344, "f50": 0.9400719847722967, "f51": 2.0188229307992787, "f52": 0.9031847462497415, "f53": 0.929602582180808, "f54": -0.6425693675996573, "f55": 1.2518330333741865, "f6": 0.7313840331301504, "f7": -0.45478418464104475, "f8": 0.24465523384120136, "f9": -2.1114046851111543}, "datetime": {"datetime": "2023-01-23 14:29:24", "elapsed": 317.255198, "delta": 24.423319}}
{"target": 0.20205796301071477, "params": {"f0": -2.414007709718503, "f1": -1.1941997707536212, "f10": -2.680812943127112, "f11": -1.941664551399631, "f12": 0.6466776664338822, "f13": 1.9812398745969615, "f14": 1.7579042462786028, "f15": 2.6997121562234154, "f16": -2.940377416226839, "f17": 2.567183183876608, "f18": -0.22603909736901429, "f19": -1.9444456294959214, "f2": 2.5073930402206486, "f20": 2.56836999212271, "f21": -0.7103085012693069, "f22": -1.7515658293710685, "f23": 0.7695304031468151, "f24": -0.8391516767350113, "f25": 1.509016113885072, "f26": 2.990238188273686, "f27": -0.17971382994195562, "f28": -0.6656811838116026, "f29": 1.6533311851224282, "f3": 2.8229147307739897, "f30": -2.894299155476961, "f31": 0.3083543554992012, "f32": 2.460590077105455, "f33": -1.5083817693612198, "f34": -0.25191792315466, "f35": -0.42278071040991083, "f36": 1.3232213383751965, "f37": 0.9835854514111126, "f38": -2.010442013346608, "f39": 1.2249583421522976, "f4": -2.1578003042587497, "f40": 1.358671545643631, "f41": -2.734217627211952, "f42": 0.035746315610844626, "f43": 0.977945626482219, "f44": 0.5195177007090415, "f45": -0.7580823485436325, "f46": 1.337144032866231, "f47": -0.8897400962034991, "f48": -2.153145671494158, "f49": -0.40003579548573587, "f5": 0.3046046333062664, "f50": 0.03385099687072657, "f51": -0.9726741504933023, "f52": 1.1498860507053834, "f53": 2.511653219163845, "f54": -1.129063335335206, "f55": 0.06883886403990802, "f6": -1.6664008518409807, "f7": 0.8656701488731313, "f8": 2.740095253826401, "f9": -0.25324783743230217}, "datetime": {"datetime": "2023-01-23 14:29:56", "elapsed": 349.037096, "delta": 31.781898}}
