{"target": 0.04103929983272937, "params": {"f0": 2.8628364175225736, "f1": -1.0582918781384507, "f10": 0.9563715940179187, "f11": -1.959804185596436, "f12": -1.4798175039997126, "f13": 1.5313153118952965, "f14": 1.1597422014945682, "f15": -0.1737442198594623, "f16": 0.6004184542795357, "f17": -2.4645103255863834, "f18": 2.2850583893065686, "f19": 1.8699523179363426, "f2": 0.8591503361972048, "f20": 1.3503394799209332, "f21": -2.4445153148115084, "f22": -0.16476988394943337, "f23": 2.947121988328817, "f24": -2.2838623696239155, "f25": -1.8071066929435682, "f26": 2.6129245989527865, "f27": 0.984675806443823, "f28": -0.12378200211808998, "f29": -2.1870981010633086, "f3": 0.620378487462736, "f30": 2.9923251923603527, "f31": -0.760236272673533, "f32": 0.35535971715221315, "f33": -2.438751778516523, "f34": 1.577008629690658, "f35": -1.3880647353764757, "f36": -0.39390123643064356, "f37": 1.4568987245025804, "f38": 0.1800916203969387, "f39": -0.920320805594363, "f4": -0.05452655139210538, "f40": 2.519996318979535, "f41": 0.3954902199672681, "f42": 1.7474401394489885, "f43": 2.4695109454160082, "f44": -2.203988280488793, "f45": 2.9906906662646193, "f46": 0.0391928514729587, "f47": 0.3557630355134611, "f48": -1.037132606329179, "f49": -0.7252822955898832, "f5": -1.7204951457462754, "f50": 1.5003512481036143, "f51": -1.2361274956773554, "f52": -2.1996037694619686, "f53": -0.07965045188170627, "f54": -1.0604638530905595, "f55": -1.5077727512185166, "f6": 1.513837382486357, "f7": -1.0842167832864278, "f8": 1.522221748688021, "f9": -2.9262280712736333}, "datetime": {"datetime": "2023-01-23 14:52:15", "elapsed": 1688.593287, "delta": 48.136839}}
{"target": 0.0903366899874057, "params": {"f0": -0.8867989360155946, "f1": -0.3307658372569091, "f10": 0.041098893240770984, "f11": -2.6508419840406523, "f12": -0.01212841763263306, "f13": 0.9321935156968135, "f14": -2.884440423126612, "f15": -0.5165178591918202, "f16": -2.912873428213084, "f17": -0.25356054208418577, "f18": 2.6736382091698605, "f19": 2.9623446728052407, "f2": 1.412220436473742, "f20": 2.781730874935767, "f21": 1.279246225242952, "f22": 0.9493310686932483, "f23": -2.169976811277503, "f24": 1.452243192337999, "f25": -0.9101931492573616, "f26": 0.23233264038628354, "f27": 0.43636098717789285, "f28": -0.6598970707866112, "f29": -0.10871788352940737, "f3": 2.9075562798823835, "f30": -0.30394499775796957, "f31": 1.3615020461572591, "f32": -1.1284624128270782, "f33": 2.1085590849053872, "f34": -2.211054273021769, "f35": -0.296009211600448, "f36": -2.980577129806796, "f37": -2.456084419723356, "f38": 0.7262207053798666, "f39": -2.4145841189667667, "f4": 2.222684339308273, "f40": -0.20791186346843027, "f41": 0.07907185640099668, "f42": -0.651978998329863, "f43": -0.5853092921793155, "f44": -2.052360249258554, "f45": 0.8397368738142728, "f46": 1.5754648544589696, "f47": -0.8577062377734261, "f48": 2.2155374766969107, "f49": -0.00978060966269556, "f5": -2.8850486861753, "f50": -2.932700041078813, "f51": 0.6457481143717576, "f52": 1.676225137149018, "f53": -0.5253994624570337, "f54": -0.8634582351024243, "f55": 0.2463371811810111, "f6": 2.4989581970667984, "f7": 1.938184170286501, "f8": 1.1843685702737368, "f9": -1.1580085606965527}, "datetime": {"datetime": "2023-01-23 14:52:16", "elapsed": 1689.183753, "delta": 0.590466}}
{"target": 0.2320298342034927, "params": {"f0": 0.579654743202048, "f1": 2.0569122679298415, "f10": -0.23173077628262284, "f11": -2.7035016244335477, "f12": 2.14279438558035, "f13": -2.4190014055109748, "f14": -2.217943232250575, "f15": -1.535190062756281, "f16": -1.310237296655708, "f17": 1.5612954866623001, "f18": -0.563986241637684, "f19": -0.9866209475208016, "f2": 1.9477989961215574, "f20": -2.7214176937025316, "f21": -1.6757133058961755, "f22": -0.23804809918736947, "f23": 2.764069847260224, "f24": 2.7828130182068422, "f25": -2.5757690838116853, "f26": 2.5455838151467667, "f27": 2.4848581597366284, "f28": 0.06884662065790259, "f29": 0.7697747823229406, "f3": 1.5942947129781668, "f30": 2.3592496625276853, "f31": 2.451671511137591, "f32": -0.7924920976319392, "f33": 1.4562929228520272, "f34": -2.7697213422534266, "f35": -2.5682626056645903, "f36": -2.9549458093639673, "f37": -2.95270416596761, "f38": 1.7410600449427118, "f39": 1.7774498554824962, "f4": 2.7361199484255554, "f40": 1.6106911541026872, "f41": -0.9353995808810547, "f42": 2.0675177793005233, "f43": 1.6063729362519057, "f44": -1.6376158686969087, "f45": 1.1311329788910491, "f46": 1.6348593678381889, "f47": 0.7534751873436147, "f48": -2.4908640700299127, "f49": 1.4386720718621167, "f5": -0.8906374367587411, "f50": 0.6904349978361757, "f51": 1.8455149610946133, "f52": -1.7683836829296615, "f53": 0.7991801751600529, "f54": 1.3029367809561432, "f55": -0.11560229951642054, "f6": -2.6414557915237658, "f7": -2.1358727355086073, "f8": -1.884510891360625, "f9": 0.9388149146833316}, "datetime": {"datetime": "2023-01-23 14:52:43", "elapsed": 1716.863626, "delta": 27.679873}}
{"target": 0.20016914382450182, "params": {"f0": -0.005562504414425629, "f1": 2.199037877680148, "f10": -1.657060090243294, "f11": 1.254006600571464, "f12": 1.702694250814055, "f13": -2.565267086717639, "f14": 0.7416554096266266, "f15": 0.6224267450599354, "f16": 2.906180767224167, "f17": -1.4013105789547131, "f18": -1.6131623458787538, "f19": 2.2060660853166993, "f2": 0.6509205449091384, "f20": 0.48952191524288846, "f21": 2.7488084395359964, "f22": -0.25184550922807336, "f23": -1.313758843841145, "f24": -0.7615449672012926, "f25": 2.5175020030977757, "f26": -0.5348750849699009, "f27": -0.29009368393507895, "f28": -1.7136592596300868, "f29": -2.454614211151479, "f3": 1.9253710129056287, "f30": -0.8139864049664447, "f31": 0.1146723144989279, "f32": -1.9986888989944243, "f33": 1.657945495803089, "f34": 1.8526102467192187, "f35": 0.37921474025668367, "f36": 2.3147064347542354, "f37": 2.1772864380333496, "f38": 2.149265972959654, "f39": 1.1895505316400534, "f4": -2.1985823467425085, "f40": -2.3118739629271747, "f41": -1.5718751835720775, "f42": -1.7900558139119183, "f43": 1.95225246402667, "f44": -1.7190016463076827, "f45": 2.6518763502164298, "f46": -1.5843957186642688, "f47": -2.932693223892726, "f48": -1.5354550361170451, "f49": 2.871904481242664, "f5": 2.0824295223615445, "f50": 1.9131213146726518, "f51": -0.42209576397129966, "f52": -2.6967596710206987, "f53": -0.16760164994599602, "f54": 0.925110772570414, "f55": 1.581985062528533, "f6": -0.34222119201477863, "f7": 0.060980311130495846, "f8": -2.0323649475365855, "f9": -0.835085943436396}, "datetime": {"datetime": "2023-01-23 14:53:01", "elapsed": 1734.067299, "delta": 17.203673}}
{"target": 0.0903366899874057, "params": {"f0": 0.8023325007787303, "f1": 0.969668075088495, "f10": 2.2634516500038018, "f11": -0.3207560818755808, "f12": 0.8393417168524282, "f13": -1.9759406704660618, "f14": 1.2694607362453976, "f15": 1.1097377915296391, "f16": 1.5382064465513814, "f17": 2.263534426257798, "f18": 2.2858485415781233, "f19": -0.08127056542618005, "f2": -1.1394884857911394, "f20": -2.9886912522715274, "f21": -0.050353471151376894, "f22": 0.8066142461551902, "f23": 0.45253418100075216, "f24": -1.252818182315669, "f25": -2.1186485661214993, "f26": 0.8982543977994224, "f27": 2.7154138348058465, "f28": -1.990858955480301, "f29": 1.0194752006162124, "f3": -1.4550731174745746, "f30": 2.7053112452232444, "f31": 2.1661897290644383, "f32": 0.47827687519818873, "f33": 0.7035611417163272, "f34": -0.8869043092411975, "f35": 0.7060486560853616, "f36": 1.1174742854139685, "f37": 0.42659633081588844, "f38": -1.5427427342763802, "f39": 0.3411245860572176, "f4": 0.2791029501781095, "f40": 1.667334788897711, "f41": 0.0028972751548623776, "f42": 0.6185326470893839, "f43": -1.808496042825508, "f44": 0.46233934793148945, "f45": -0.324844314063677, "f46": 1.9412265082934672, "f47": 2.6379324948404435, "f48": -2.662572768068908, "f49": 0.8220379267464244, "f5": 0.6551837951871176, "f50": -1.4916067501532067, "f51": 2.433569655534656, "f52": -2.754774181308001, "f53": 1.7480924903749075, "f54": 0.9730997020657388, "f55": -1.5756366268246802, "f6": -0.028747565995225433, "f7": 2.7519298664404674, "f8": -1.9785856065429943, "f9": 1.1712090675488342}, "datetime": {"datetime": "2023-01-23 15:03:19", "elapsed": 2352.265461, "delta": 618.198162}}
{"target": 0.16228326192673206, "params": {"f0": -2.6545859068308464, "f1": -1.160863177695695, "f10": -2.690754142406572, "f11": 2.7526911588203093, "f12": 2.4432621295248484, "f13": 0.22311432456902924, "f14": 1.977008376407344, "f15": 0.46296126686072725, "f16": -2.645295871825066, "f17": 0.46577628259584714, "f18": -1.4470519702195923, "f19": 1.3885543967875016, "f2": -2.7409238970901586, "f20": 1.4773630244272242, "f21": -1.2588401396946314, "f22": 1.9604451132971716, "f23": 2.387547225056922, "f24": -2.6305610860884543, "f25": -2.132807427462093, "f26": 0.6229175496174739, "f27": -1.4358479457513003, "f28": -0.40440149868337283, "f29": -0.8540451068506414, "f3": -2.156762108143152, "f30": -0.3215935231455518, "f31": 0.07242445261929387, "f32": 0.027040135875734173, "f33": 2.182411822991302, "f34": -2.179945010099381, "f35": -1.471724249617168, "f36": 2.790691690098522, "f37": -0.8238453920967901, "f38": -1.3786678357541886, "f39": 2.27995526785525, "f4": -0.5285198793890116, "f40": 1.4362680103523058, "f41": 1.7402514888089833, "f42": -2.5555309165964477, "f43": -2.284121397061784, "f44": -1.2521984269796427, "f45": 0.22388718010473596, "f46": 2.6872594142097457, "f47": 1.075800269070621, "f48": -1.3694980036996054, "f49": -0.4398063013755822, "f5": -1.694345460187413, "f50": -2.9040543702440282, "f51": 1.2291970631363291, "f52": -0.7703249361445823, "f53": -0.8627637431386033, "f54": -1.552646376856797, "f55": 2.4090428513966833, "f6": 2.465427975043432, "f7": 1.0775324437765956, "f8": 1.2502378065955018, "f9": -1.0340018300480118}, "datetime": {"datetime": "2023-01-23 15:03:21", "elapsed": 2354.546389, "delta": 2.280928}}
{"target": 0.2915708720636579, "params": {"f0": 2.7186882946986213, "f1": 0.5531270739701606, "f10": -1.9185342583938283, "f11": -0.9309710220582725, "f12": -1.3630631443225558, "f13": 1.1939350334989678, "f14": 2.7915229913989776, "f15": -0.6833220239682252, "f16": 2.9256537098022433, "f17": 2.3941880854067064, "f18": -2.4747924488503763, "f19": -2.7625357535921022, "f2": -2.5530568035059855, "f20": 0.7794479267422316, "f21": -2.9846646844563374, "f22": -2.820094540368635, "f23": -2.591585488265231, "f24": -1.5192223208478226, "f25": 1.708281774307146, "f26": -0.15682528304216126, "f27": 0.6092252688179829, "f28": -0.5914941564738712, "f29": 1.9018438677493839, "f3": 2.930000158481093, "f30": -2.4690993165799773, "f31": -2.007093819480558, "f32": -1.1118595221569194, "f33": 1.1347495078389809, "f34": 2.742718919080122, "f35": 1.927827771725072, "f36": -0.45913486291660766, "f37": 1.368256734514623, "f38": 1.6842898072035268, "f39": -2.36642883008656, "f4": 0.014478320510264098, "f40": 0.22773896096411939, "f41": -1.8132555912449808, "f42": -2.1979868696769147, "f43": -0.3960516226011297, "f44": 1.58367346977718, "f45": -0.27455205703483854, "f46": -2.874476706416969, "f47": 1.050030008912037, "f48": -2.2240194665436688, "f49": 1.8333350681079263, "f5": -1.6554001428015428, "f50": -0.7666809063118203, "f51": 2.7958795250401653, "f52": 0.03449454491444648, "f53": -2.3988247960686113, "f54": -0.2233084760782349, "f55": -0.10174458955302867, "f6": -0.3651265741588601, "f7": -0.26723991322678664, "f8": 0.04855591376990365, "f9": -1.85242462707313}, "datetime": {"datetime": "2023-01-23 15:03:41", "elapsed": 2374.886013, "delta": 20.339624}}
{"target": 0.0010311260103635846, "params": {"f0": 1.2837958686998814, "f1": 0.5513198921292721, "f10": -1.8010717872611683, "f11": 1.17297342233066, "f12": -0.6716872035643053, "f13": -0.5413162601701633, "f14": -1.1202777908728965, "f15": -0.9446566742398321, "f16": -1.8691699485798023, "f17": 2.914071590179229, "f18": 2.3163042675183716, "f19": -0.8593756821007501, "f2": -0.49962496184340743, "f20": 0.5976557806563028, "f21": -2.9788583282621133, "f22": -1.6645320808764092, "f23": 1.3249242196962348, "f24": -1.494123259132598, "f25": 2.2631469099016543, "f26": 0.7983264659087208, "f27": 2.293127471841342, "f28": 1.131033631834641, "f29": 1.9364636331844807, "f3": -2.641323499067047, "f30": -1.175154670143967, "f31": 1.3162932110064833, "f32": -2.575024925797326, "f33": 0.2283525111066229, "f34": -2.7100304770358514, "f35": 2.4859015269516274, "f36": -2.223170247474742, "f37": -0.6437581218716559, "f38": 2.981433591487228, "f39": 2.0336601804481784, "f4": 1.0481554626489755, "f40": -0.5768912886627566, "f41": -0.10266828463646682, "f42": 2.9207326352279566, "f43": 2.574125534348866, "f44": -2.4760330693813404, "f45": 2.4350994610776864, "f46": -0.7337808267335317, "f47": -2.8561437996855856, "f48": -0.9157724554887787, "f49": 0.6144622252744081, "f5": 2.0812562729087816, "f50": -0.7310942712699369, "f51": 1.332145498522908, "f52": 2.9200452668264143, "f53": 0.9420370464069867, "f54": -1.7162176200920176, "f55": -0.9839714333777181, "f6": -0.6298858484728744, "f7": -1.7184347236851538, "f8": 2.513602992563894, "f9": -1.7921372535753237}, "datetime": {"datetime": "2023-01-23 15:05:23", "elapsed": 2476.395561, "delta": 101.509548}}
{"target": 0.11107736182291171, "params": {"f0": -1.205995282027172, "f1": -2.604974620356222, "f10": 2.798957931027669, "f11": -2.6884715104720343, "f12": -1.8153048588449963, "f13": -2.8114658434924023, "f14": 1.4819182320708704, "f15": 2.9078850949900996, "f16": -0.5155961058768623, "f17": -2.4167164272493515, "f18": 0.21772184849750076, "f19": -1.6167805975722886, "f2": -2.9525678125971027, "f20": -0.07700876696425762, "f21": 0.5612297071687236, "f22": -1.6775431715962497, "f23": 0.973478042270969, "f24": 1.854836237312731, "f25": 0.5653392529027079, "f26": -2.451118939683133, "f27": 1.6903267898703733, "f28": 2.069949198042572, "f29": -0.8528761212378377, "f3": 0.02384979144121324, "f30": 1.7026378872130792, "f31": -1.1137940293628485, "f32": 0.200742515137589, "f33": 0.07205530434048146, "f34": 0.3338109949034438, "f35": 0.6669987262379404, "f36": 0.37329887520033367, "f37": -1.5588610523906505, "f38": 0.556682645917328, "f39": -1.896364215255534, "f4": 0.8186189952962364, "f40": 1.7067455115814898, "f41": -2.751162758444243, "f42": -2.924639872451285, "f43": -1.5815536214487302, "f44": -1.5066909128660166, "f45": 1.6312536668323885, "f46": -1.1399701821673653, "f47": -2.671693946774986, "f48": 2.0380880665811594, "f49": 0.530919401834403, "f5": 1.8116457309041767, "f50": 0.11239817277352948, "f51": -0.1062476517404618, "f52": -0.26778503083371863, "f53": 1.3215735847165053, "f54": -2.091434868948106, "f55": -1.5820711882249732, "f6": -0.34273424238090566, "f7": 0.5107025071522626, "f8": 2.7419160048955487, "f9": 2.806941469742803}, "datetime": {"datetime": "2023-01-23 15:05:48", "elapsed": 2501.197846, "delta": 24.802285}}
{"target": 0.10972123307031739, "params": {"f0": -1.9047147113520326, "f1": 0.41264891430321793, "f10": 0.30532685084194267, "f11": 0.7150148550717352, "f12": 1.757400830650818, "f13": 2.514827382281317, "f14": -0.2231401505039079, "f15": 1.1803042110518733, "f16": 2.0611855587533237, "f17": -1.7649398915530037, "f18": 0.1511172756290553, "f19": 0.7556712449746694, "f2": 0.7182277106936992, "f20": -2.390318394352768, "f21": -2.4955254767518396, "f22": -1.2950442302301584, "f23": 0.578611262497498, "f24": -1.2351259974173108, "f25": 2.128602299072786, "f26": -1.9366047279991947, "f27": 1.8945226473680234, "f28": -1.4848943103874312, "f29": 0.8299026528463909, "f3": -1.896261747277464, "f30": -1.5658701120784677, "f31": 1.5832772845499088, "f32": 0.30294571393950687, "f33": 2.5968346394601447, "f34": -1.8185926070005063, "f35": 1.7216071039561065, "f36": 1.0198919977356997, "f37": -2.3256762756851623, "f38": -0.04092521165046126, "f39": 0.7244854113767705, "f4": 0.09218368273254729, "f40": 1.0288337154591858, "f41": 1.04076973510921, "f42": 2.4792813651663623, "f43": 0.536873320894975, "f44": -2.7915514444681837, "f45": 1.388692689897903, "f46": -1.2080136944112398, "f47": 0.08621106163000292, "f48": 1.4714168421521325, "f49": 1.106275544404122, "f5": -1.2923153058314938, "f50": -0.09413030372907505, "f51": 2.219687903104621, "f52": 0.7667659792255832, "f53": -1.485753706852193, "f54": -2.9029431298817494, "f55": 2.9919158051726704, "f6": -0.9898683639292853, "f7": 1.6935708345905294, "f8": -1.7177331299934027, "f9": -2.1236812572596007}, "datetime": {"datetime": "2023-01-23 15:05:59", "elapsed": 2512.893953, "delta": 11.696107}}
{"target": 0.08354107490392167, "params": {"f0": 2.051755102296979, "f1": -2.2692575970310953, "f10": -2.72695428550409, "f11": 1.7437614576112734, "f12": -0.6466343025870138, "f13": -0.8119031526129432, "f14": 0.7342217999941472, "f15": 0.9491838116009115, "f16": 1.9681866891476147, "f17": -1.0056615090767071, "f18": -0.03280415511884183, "f19": 2.4770383701222496, "f2": 0.622005570955741, "f20": -2.5180962826291697, "f21": 0.14670446470174614, "f22": -2.339574079541982, "f23": -1.2413971929511598, "f24": -2.666426425321464, "f25": -0.5057599933701438, "f26": 0.7708467255238283, "f27": 1.0614151556176852, "f28": 2.046087678571027, "f29": 1.2163264145113608, "f3": -0.796491467601415, "f30": -0.7025799436152522, "f31": -2.824786833246332, "f32": 0.6992830599668394, "f33": -2.2673184886329096, "f34": 1.4516184199677475, "f35": 0.9410643965543732, "f36": -0.03581993458265309, "f37": 0.9965134742885184, "f38": 1.173973794963782, "f39": 1.3390199319201237, "f4": -1.5462086433911857, "f40": 2.011965003970298, "f41": 0.6725199474872676, "f42": 1.601189561407021, "f43": -1.049002103502418, "f44": 1.5361936176496513, "f45": -1.9597832374557513, "f46": -1.5354705537987174, "f47": -2.2522503851966063, "f48": 2.89040544558857, "f49": 0.5497423757442546, "f5": 1.9756144746452167, "f50": 1.645386608513296, "f51": -2.1789954840287176, "f52": 0.23888087719084083, "f53": -0.5552130838408731, "f54": -0.523071472465094, "f55": 2.884136254905388, "f6": 2.2236431165588435, "f7": -0.8164374841956241, "f8": 2.2576964572520906, "f9": -2.284770076227171}, "datetime": {"datetime": "2023-01-23 15:06:20", "elapsed": 2533.137186, "delta": 20.243233}}
