{"target": 0.04597453349045977, "params": {"f0": 0.5281117294745434, "f1": 1.0191797550374888, "f10": -2.64276194709585, "f11": -0.08493671908589917, "f12": 1.351175258338424, "f13": 0.14947622265480076, "f14": 2.5529885794418945, "f15": -0.1725879200385978, "f16": -1.2544847385605602, "f17": 1.0379588797644228, "f18": 1.4233846167724122, "f19": -0.3345277614515245, "f2": -1.8358620973915718, "f20": 0.20659127123111531, "f21": 2.6107237518802355, "f22": 2.031461619768576, "f23": -0.707161361145058, "f24": -0.31791955676864525, "f25": -2.638112654686873, "f26": -0.45303286104568574, "f27": 1.9619287654246786, "f28": -1.0953880904019608, "f29": -0.490881134649261, "f3": 0.5359720842121263, "f30": -2.8844903053290927, "f31": 1.3417773947751162, "f32": 2.539955364293154, "f33": 0.09724747137146217, "f34": -2.4136616156579995, "f35": 0.9647164818462883, "f36": 0.9962582290660809, "f37": -2.8613557266167904, "f38": 1.023609815109384, "f39": 2.9033631703552105, "f4": -2.164340416195663, "f40": 0.05114114203087583, "f41": 1.873330008046234, "f42": 0.5168040712312081, "f43": 2.0634188677824463, "f44": 0.7970056081465957, "f45": 1.7955333108792395, "f46": 2.5880225126765772, "f47": 1.6975407420168391, "f48": 1.4580339987737867, "f49": 0.23890468845141744, "f5": -0.46640014753621095, "f50": 2.501046343286097, "f51": -2.163573231659197, "f52": -1.8288169453396146, "f53": 2.6972382323114905, "f54": -0.15900785215774516, "f55": 0.9950645566439982, "f6": 1.3639080339656182, "f7": 0.25252979268164655, "f8": -0.36856280645484896, "f9": 1.2083273516433568}, "datetime": {"datetime": "2023-01-23 14:30:19", "elapsed": 372.491841, "delta": 23.454745}}
{"target": 0.1330939310873994, "params": {"f0": -2.7688195538827665, "f1": -2.5074729219421936, "f10": 0.9565891998669462, "f11": 2.0995714571016855, "f12": -1.4843548911142244, "f13": 1.529341014779341, "f14": 2.631137087436067, "f15": 2.7870322384114807, "f16": 1.4515931216178979, "f17": 2.633819030341189, "f18": 2.5677790387379478, "f19": 2.3615349932612437, "f2": -0.06895705589706536, "f20": 1.119236439770483, "f21": -1.7987472002647864, "f22": -1.009684134858628, "f23": 2.582409576991438, "f24": -1.000389071984232, "f25": -2.054305039340278, "f26": 1.4656968946507778, "f27": -1.3652853739790718, "f28": -0.2164720155923865, "f29": -1.7370967477766879, "f3": 1.0797139866970138, "f30": 0.027737838774321233, "f31": 1.234552563871043, "f32": 1.2660049712112649, "f33": 2.311379183949404, "f34": -1.7070868980787726, "f35": -0.6074199269457958, "f36": -2.6392023128280155, "f37": 0.14922140846417875, "f38": 1.5742562120255066, "f39": -1.2352231367811808, "f4": 2.6631354661398143, "f40": 0.6860992091506124, "f41": 0.1155657874679612, "f42": -0.533134508437624, "f43": -2.986470798603099, "f44": 2.4539692669468263, "f45": -1.5954247226696243, "f46": -2.0767924725968, "f47": -1.5117365263131002, "f48": -0.28254462147341375, "f49": 2.2982688392094373, "f5": 2.9558498759136524, "f50": -2.6094197333514364, "f51": -1.7622114440486478, "f52": 0.5742848367042117, "f53": -0.20127105943985235, "f54": -2.5872920187275907, "f55": -2.033708361791381, "f6": 1.6315659264663198, "f7": 0.3254545873995287, "f8": 0.09954394622492657, "f9": -1.3445015510804879}, "datetime": {"datetime": "2023-01-23 14:30:29", "elapsed": 381.952966, "delta": 9.461125}}
{"target": 8.179406294713815e-05, "params": {"f0": -2.778868352650499, "f1": -1.843187436288529, "f10": 0.21602681684979963, "f11": -0.9155339599697685, "f12": 2.5699674500218244, "f13": -0.05891608042294871, "f14": 1.022338725274623, "f15": 1.3801985521204223, "f16": 2.827951194632072, "f17": 1.9620061805487747, "f18": 1.8703984627182386, "f19": 0.1885257372787219, "f2": -0.18386897162507854, "f20": 0.4002070202194785, "f21": 2.960009253307951, "f22": 0.6889804694714705, "f23": -1.4337003059567859, "f24": -1.1345822240685108, "f25": -1.8085220399791944, "f26": 2.9208048420508472, "f27": -1.9319656363820499, "f28": 1.4973080680112396, "f29": -0.7967012210334299, "f3": 2.023397425751841, "f30": -1.7377924840327326, "f31": -1.504050639267676, "f32": 1.4985000215266115, "f33": -0.09642805121148434, "f34": -0.9226814904104916, "f35": -0.3247143584063199, "f36": 2.053096802680227, "f37": -2.9970961330021666, "f38": 1.1580775083506172, "f39": -0.5630933017175908, "f4": 0.15139413038472016, "f40": -1.7181428973478499, "f41": 1.0023504666282959, "f42": 2.9844500182985696, "f43": 0.36389976257415935, "f44": -0.24707043441508691, "f45": -2.201503659909574, "f46": 1.967121099326298, "f47": 0.06904143258709716, "f48": 2.7189194024708065, "f49": -2.6685383240885887, "f5": -0.5280145784697252, "f50": 2.393133571199632, "f51": -1.4658357597809195, "f52": -0.3395106615481289, "f53": -2.3781805263987024, "f54": -0.5622129457039269, "f55": -0.06470321688515668, "f6": 2.782622691349866, "f7": 1.2109992567454633, "f8": -1.002150345235612, "f9": -2.7163855582472074}, "datetime": {"datetime": "2023-01-23 14:32:24", "elapsed": 497.258836, "delta": 115.30587}}
{"target": 0.05633006941122399, "params": {"f0": 2.1010206221404797, "f1": -0.32255816864347375, "f10": -1.3496031015722456, "f11": -1.6960864535938982, "f12": 2.038576277905441, "f13": -2.192402481894628, "f14": -2.949860880837606, "f15": 1.473520533168072, "f16": -1.2118314566851005, "f17": 0.2836708915320205, "f18": 1.014912038399114, "f19": 2.7878547393957724, "f2": 1.55949985511449, "f20": 1.862369767454215, "f21": -2.94781880553205, "f22": 0.9689293498009128, "f23": -2.3116362868369844, "f24": -1.6194578791901442, "f25": 0.31939303840495636, "f26": 1.0777211711804275, "f27": -1.0372568746847588, "f28": 1.3222619107522888, "f29": -0.3502003328565033, "f3": -2.8506681659799, "f30": -1.9969848848576555, "f31": 2.9510403891857777, "f32": -0.8603590962575618, "f33": -2.3696829149845398, "f34": -2.6947900387935535, "f35": 2.335279071866145, "f36": -2.038984895024069, "f37": 1.8806933287467684, "f38": 0.17612044615500766, "f39": -0.29655286787645396, "f4": -2.8296798610930063, "f40": -2.8644076342189866, "f41": 2.0754882698743735, "f42": -1.2253027212271246, "f43": 0.1907795352693773, "f44": 2.3697623462503463, "f45": 2.8853909272238685, "f46": 0.261515144314572, "f47": 0.7708781864781331, "f48": -0.42779132253983043, "f49": 1.8226183465966699, "f5": 0.7610616362080824, "f50": -0.4971273392823381, "f51": -1.0550417935078888, "f52": 1.0407137204974424, "f53": -2.1976007306813647, "f54": -2.5311735491886402, "f55": 1.891452701659798, "f6": -1.7832713929891, "f7": 2.9439876322414094, "f8": -0.16565006810295024, "f9": -2.3757655766582837}, "datetime": {"datetime": "2023-01-23 14:33:34", "elapsed": 566.980228, "delta": 69.721392}}
{"target": 1.545783567168645e-05, "params": {"f0": 2.4688788646453492, "f1": 1.944321556867897, "f10": -2.290096273839812, "f11": 1.6501025068181745, "f12": 2.6684754122322687, "f13": -1.2609441149674467, "f14": -0.9707510292875532, "f15": -0.7754414283709576, "f16": 1.6279720601836605, "f17": -2.430812155637242, "f18": -1.9725124468311643, "f19": -0.2904585179672967, "f2": -1.9676040156189272, "f20": -2.8377498371956835, "f21": -0.28038421037907035, "f22": 2.6921209809596647, "f23": 1.494400080385688, "f24": 2.8702518758279503, "f25": 2.8209904971968296, "f26": 0.20629045092805542, "f27": 0.11612090366886818, "f28": 1.3908878175800101, "f29": -0.6198938729297852, "f3": -2.3368927958734997, "f30": 1.425970813832441, "f31": -0.8170375791204294, "f32": 1.3913529036120966, "f33": 0.7511869648468918, "f34": -0.26394862260061913, "f35": 1.7181511242990677, "f36": -1.991245357404987, "f37": 2.8940891452823605, "f38": 1.3945415725877108, "f39": 2.4345770508518774, "f4": -2.1667613194144653, "f40": 2.578316298408387, "f41": -0.7861269788561258, "f42": -2.638490313779291, "f43": 1.5839111028939108, "f44": 1.4155533735592156, "f45": -0.6775903721583587, "f46": -2.2407277864612243, "f47": -0.6349269650801834, "f48": -0.9047050224689723, "f49": 2.670231907398122, "f5": 0.7582465578512254, "f50": -1.1304080197432336, "f51": -1.4782198300861236, "f52": 2.2191071559995166, "f53": 1.0784985774603495, "f54": 0.9602140865014648, "f55": -0.7177511841397752, "f6": -1.2378767779702058, "f7": -0.07480762103822292, "f8": -0.12295055165244939, "f9": 2.948784445183187}, "datetime": {"datetime": "2023-01-23 14:35:38", "elapsed": 691.707729, "delta": 124.727501}}
{"target": 3.240068977950467e-05, "params": {"f0": 1.9457405465646618, "f1": 2.5386120228752205, "f10": 2.7339725677669753, "f11": 2.115198340864082, "f12": -1.0715701768759909, "f13": 2.8696576747477085, "f14": -1.7182658221570035, "f15": 0.7372785810486508, "f16": -0.17158377445724682, "f17": 2.0093162409818603, "f18": -1.250653269684589, "f19": 2.480475226173418, "f2": -0.17441149815520962, "f20": 1.861836803302384, "f21": -2.8589888113972246, "f22": -2.4915852979920943, "f23": -2.9253636803280614, "f24": -1.515553835043662, "f25": -2.0917505556771676, "f26": -0.7232872109780644, "f27": -0.2149146861170541, "f28": 0.6410975850190157, "f29": -0.5568991067143747, "f3": -1.178800018883008, "f30": 2.853436156970381, "f31": 2.741401038017788, "f32": 1.366783730917425, "f33": -0.7092162792221521, "f34": -1.5230849778740423, "f35": -0.6614903973701187, "f36": 0.9250120112983353, "f37": -2.391501162958408, "f38": 1.5094271112948379, "f39": -1.4452670595951116, "f4": 1.5496607823753221, "f40": -1.61034849274841, "f41": 1.154375280253097, "f42": 1.9066265798270727, "f43": -2.803506846407653, "f44": 0.2147188747938129, "f45": -0.8178388017952569, "f46": -1.2465774711035655, "f47": 1.7318480537021976, "f48": 2.373455638075521, "f49": 2.53300727899678, "f5": 0.4790621526165699, "f50": 1.2884199039547601, "f51": -0.9019159227943137, "f52": 0.06992978368281921, "f53": -0.7765552487086018, "f54": -1.1536388038761465, "f55": -1.7540735239090464, "f6": -0.2741544569948138, "f7": -1.2650215285736817, "f8": -1.0274295162688591, "f9": 1.355090666953748}, "datetime": {"datetime": "2023-01-23 14:37:11", "elapsed": 783.998606, "delta": 92.290877}}
{"target": 0.2616998140195749, "params": {"f0": 2.171735056454634, "f1": -1.4419231502081802, "f10": 1.3737819593258562, "f11": -2.124231974537991, "f12": -1.974834027710126, "f13": 0.3956628184082511, "f14": 1.3368290868104014, "f15": 2.66040272833287, "f16": 2.654595192522809, "f17": 2.1444619016368716, "f18": -0.9688239159358814, "f19": 1.0598783543382826, "f2": 0.6110646563782947, "f20": 1.7364819263211144, "f21": 1.7475147380295573, "f22": 1.591003423043384, "f23": -1.5750317788592225, "f24": -0.9555806382652401, "f25": 0.9849585913287116, "f26": 2.25083401028001, "f27": -1.9355422756618006, "f28": -0.19101693052447066, "f29": -2.2036635128976547, "f3": -0.12036689436770498, "f30": 2.357195416170473, "f31": 2.7861423796514053, "f32": -0.19850438518187508, "f33": -2.229051218180654, "f34": -0.48568703498533417, "f35": -0.02472797842980068, "f36": -0.140403537123865, "f37": 2.5685316816087997, "f38": 1.6076589687065113, "f39": -2.5709662792118824, "f4": -2.182782747195099, "f40": 2.514675970039889, "f41": -0.417471770043516, "f42": 2.516324084074279, "f43": 0.7463699178176144, "f44": -0.8371748691715624, "f45": 2.3182131333307527, "f46": 1.423160658426598, "f47": 1.5406688685683418, "f48": 1.691459626479726, "f49": 1.6712908820537038, "f5": -0.32789683122084323, "f50": 2.3754568698135943, "f51": -1.527657475687353, "f52": 2.1591484969729127, "f53": 1.4311873230114642, "f54": -2.1934617681251254, "f55": 0.3380374875323282, "f6": 1.7291580390480705, "f7": -1.238397669969469, "f8": -0.5212162142135792, "f9": 1.658434556525017}, "datetime": {"datetime": "2023-01-23 14:38:03", "elapsed": 836.514108, "delta": 52.515502}}
{"target": 0.07572823079139754, "params": {"f0": -2.0605643696489517, "f1": -2.9521202805674926, "f10": -2.0086576290712648, "f11": -0.5555715949565192, "f12": -1.5409267177816939, "f13": 2.1763690712959374, "f14": 0.5927048197088176, "f15": 1.1664112579607124, "f16": 2.9365243263203187, "f17": 2.376808100880937, "f18": 2.8329662221719802, "f19": -1.058975523755221, "f2": -1.1218371701009795, "f20": 0.9985930939085472, "f21": -1.5073498670602523, "f22": -1.1484735525747742, "f23": 0.36992586960416807, "f24": -1.6012377970749994, "f25": -2.0157569039144274, "f26": -1.789623244764827, "f27": 0.7740818618853531, "f28": -2.8059608087023227, "f29": 2.776322885773978, "f3": -0.6807132436695849, "f30": 2.6172738728834535, "f31": -0.05191341532351412, "f32": 0.6960440526294476, "f33": -2.743631574193431, "f34": 1.5205032801204563, "f35": -0.24689713174228434, "f36": -2.4250070777526567, "f37": 0.7072695254833312, "f38": -2.7544828154379335, "f39": 0.7226986276890264, "f4": -2.1896287971722046, "f40": -2.919282196273878, "f41": -0.828719920024473, "f42": -0.9353730661771991, "f43": -0.15294753707723974, "f44": 1.3179891401359942, "f45": 0.98391212941665, "f46": -0.8160349820883441, "f47": 2.2948998526878324, "f48": -2.4233789796392005, "f49": 2.833550680855433, "f5": -2.4396705915283405, "f50": -2.8230616812730127, "f51": -1.5662641316181334, "f52": 2.576925657614561, "f53": 2.7132310248368796, "f54": -0.05025779556480048, "f55": -0.8878173615964826, "f6": -1.7600610773783363, "f7": -0.7427500877838806, "f8": 0.16842812925399997, "f9": -2.522578876912571}, "datetime": {"datetime": "2023-01-23 14:38:30", "elapsed": 863.776363, "delta": 27.262255}}
{"target": 0.14653532370360386, "params": {"f0": 2.7553823737453076, "f1": 1.8703617278370839, "f10": -2.280087029073254, "f11": -2.274063182789066, "f12": -2.254064742431251, "f13": -2.933014521851474, "f14": 1.0369383562622456, "f15": -1.6346649171370025, "f16": -2.455377126869476, "f17": 2.2291977604124114, "f18": 0.7491000363415159, "f19": -0.6076953439191835, "f2": -0.487935466169068, "f20": -2.549709875363288, "f21": 0.9690008119324514, "f22": 1.73120270441986, "f23": -0.8336334247426969, "f24": 0.945114525304839, "f25": -1.4931238272569496, "f26": 0.8559684913207422, "f27": -2.780865858410526, "f28": 0.3909783419597721, "f29": -1.9253686996245636, "f3": -2.497635921381316, "f30": -2.21737639537762, "f31": 1.9613037722828395, "f32": -0.1249219903716483, "f33": -1.5832004535138753, "f34": 0.20492694482387463, "f35": -0.393811010522791, "f36": 1.5942127203017256, "f37": -0.442406447654752, "f38": 1.7584327314078898, "f39": -0.9846720007020204, "f4": -2.497482941349718, "f40": -1.5542017389185325, "f41": 2.7690817999879727, "f42": 1.973445233009719, "f43": 2.501827986399223, "f44": -0.5945928881854265, "f45": -1.234280402511917, "f46": -0.2893561497839312, "f47": -1.1261980241313059, "f48": 2.680865712845354, "f49": -1.0607727773324969, "f5": 0.9758067763388087, "f50": -1.6568711515270496, "f51": 0.5863593642552609, "f52": -0.25299326773266584, "f53": 2.7673200134036806, "f54": 2.12677766477021, "f55": 0.20422306049308325, "f6": 2.876701386274757, "f7": -1.0602329779153743, "f8": 0.5793142290632538, "f9": 1.3262460891917662}, "datetime": {"datetime": "2023-01-23 14:39:43", "elapsed": 936.479525, "delta": 72.703162}}
{"target": 0.2646955964912268, "params": {"f0": -1.2108794204392364, "f1": 1.501941148017881, "f10": -0.2811171832465247, "f11": -0.8706064033867191, "f12": 2.2470025036115615, "f13": -2.0485537795581834, "f14": -0.16335966070681218, "f15": 0.36564184391653853, "f16": 1.3933626310325353, "f17": 2.00133661753007, "f18": -0.2646642069962759, "f19": -2.264991903214207, "f2": -2.5121887859575587, "f20": 2.5856839023549805, "f21": -2.7307844575297944, "f22": -2.9689251402135737, "f23": 1.8223924300745153, "f24": -0.25655721325815684, "f25": 0.05337158419493582, "f26": 1.048681011579121, "f27": 1.5185827237802823, "f28": -0.9217007357315534, "f29": 1.8008568148805244, "f3": -1.8826664911461208, "f30": 0.5292250592016061, "f31": -2.6193236560848563, "f32": -2.7186507046241597, "f33": 1.8078167519073105, "f34": -1.8867887268980061, "f35": 1.2154975522057185, "f36": -1.6111984963547448, "f37": 0.9030089703978232, "f38": -0.8787755781420508, "f39": 1.2257900145358827, "f4": -2.439811637052741, "f40": 1.0510276303142465, "f41": -2.0490824657798243, "f42": 2.7292242722787883, "f43": -2.8820311837964194, "f44": -1.6261899000839846, "f45": -2.863623594157925, "f46": -0.452729444113948, "f47": -0.34951189474325073, "f48": 1.820635776172118, "f49": 0.8593787169394975, "f5": 1.0225263557699753, "f50": -1.548793486667089, "f51": 0.7568913550411631, "f52": 1.8206599363724063, "f53": 0.6275211113321659, "f54": 0.9078199651219547, "f55": 0.8126480271171488, "f6": -2.996944317461892, "f7": -1.4667735976168625, "f8": 2.447965443974139, "f9": 0.9557834195580348}, "datetime": {"datetime": "2023-01-23 14:40:05", "elapsed": 958.176696, "delta": 21.697171}}
{"target": 0.34546710146924464, "params": {"f0": -2.75999713003006, "f1": 2.449335474807423, "f10": 1.5952347403807945, "f11": 1.2881974488827206, "f12": 2.152711567406092, "f13": -0.050402185461994264, "f14": 2.4124067251290455, "f15": -0.3064763766957701, "f16": -0.6640775040663822, "f17": -2.1161448546898702, "f18": 0.7873333677586221, "f19": -0.3562616395140079, "f2": -2.7551778871740686, "f20": -2.214107870945318, "f21": 2.372495220780677, "f22": -1.7655152499520246, "f23": -0.3324747166930724, "f24": 1.1845351702739366, "f25": 0.7669480295234385, "f26": -0.09741466410080335, "f27": -0.026595244610066793, "f28": 0.01843996929849645, "f29": 2.819645482716619, "f3": 0.5305727645627396, "f30": 2.5990797954622957, "f31": -2.525870251335677, "f32": 1.702308567915857, "f33": -0.5460306536753947, "f34": -0.1129248663340614, "f35": -1.9813475807814405, "f36": -2.8421677350817394, "f37": -0.5440323287194029, "f38": 2.9376597835556053, "f39": 2.0246672018876097, "f4": -1.6454965965686599, "f40": 2.21147765892135, "f41": -1.7021593377836783, "f42": 0.3094571866968696, "f43": 1.524397341664523, "f44": 2.691170883194876, "f45": 2.458312903418653, "f46": 2.04991649361254, "f47": -0.7439488852770237, "f48": -0.31251832445191274, "f49": 2.5075493574303707, "f5": 0.19888550050076814, "f50": 0.2057667789875346, "f51": -2.0219742193790964, "f52": -2.281479326948918, "f53": 1.255864712399454, "f54": 2.811582989439505, "f55": 1.4854705466576288, "f6": -0.39268761517667805, "f7": 0.6794230842079063, "f8": -2.261694623290656, "f9": 1.9132225256963924}, "datetime": {"datetime": "2023-01-23 14:40:27", "elapsed": 980.895414, "delta": 22.718718}}
{"target": 0.21154976005074944, "params": {"f0": 2.393661751648734, "f1": 1.3051923350644667, "f10": -2.766350891904633, "f11": -0.39796490761680925, "f12": 0.42368829907452543, "f13": 0.17332604343186864, "f14": -0.25643117925507486, "f15": 0.9169090772212902, "f16": 2.8803967885256654, "f17": -1.8085605690025282, "f18": -0.49501051852385025, "f19": -2.256169417410861, "f2": -1.417940104241217, "f20": -1.5020194641068474, "f21": -1.681679140146145, "f22": 2.7549875795217673, "f23": -2.555219694497601, "f24": -1.2347497175564923, "f25": -2.470815782937899, "f26": -0.36270916301899225, "f27": 0.17801613192334642, "f28": 0.40875016042234424, "f29": -2.207913179239104, "f3": -1.7612348684317805, "f30": 0.4807245088960599, "f31": -1.0559367224243876, "f32": 2.7746936228730865, "f33": 0.016144141518815935, "f34": -2.7116632270445464, "f35": -0.6946235909719265, "f36": -0.7797322777679945, "f37": 1.117089130988746, "f38": -1.9897290651988444, "f39": 0.868037439055068, "f4": -0.9417190057818638, "f40": -0.10667026236664912, "f41": -0.6570990489713604, "f42": 1.4196557091102608, "f43": -2.2762356198118816, "f44": -2.996970166531031, "f45": -2.52949358340711, "f46": 1.4599383001794548, "f47": 0.5549266034507454, "f48": 1.0041776002952805, "f49": -2.930618768113809, "f5": 1.3496134446687948, "f50": -1.27041033164679, "f51": -2.3954910094656956, "f52": 2.688943408020558, "f53": 0.33098032686962053, "f54": 2.736694297827765, "f55": 2.3971702850001684, "f6": 2.8278425279082926, "f7": -2.4016555717742314, "f8": 0.03983577344339917, "f9": 1.2028044416389072}, "datetime": {"datetime": "2023-01-23 14:40:51", "elapsed": 1004.825132, "delta": 23.929718}}
{"target": 0.010939207198309769, "params": {"f0": 0.04303363513465408, "f1": -0.6077934721180194, "f10": 1.265963277201977, "f11": 2.631565876797538, "f12": -2.8246151457960593, "f13": -0.9815049460521434, "f14": 2.5030143414338557, "f15": 1.9374322155834127, "f16": -0.8716703124249117, "f17": 1.351895352724438, "f18": -0.1281509848815796, "f19": -0.27684966443179393, "f2": 2.5508508728388968, "f20": 0.9218593571621811, "f21": -2.399419416128822, "f22": 2.2403930903250684, "f23": -2.8990093985605037, "f24": 2.658803873059475, "f25": 2.410088836927825, "f26": 0.6737097714564424, "f27": 0.033704704125895546, "f28": -0.0726047850157836, "f29": -2.3858716516285767, "f3": -2.0505068406655997, "f30": -1.7719683970481113, "f31": 1.020707456635904, "f32": -1.7615899104626296, "f33": -1.5535932758497721, "f34": 2.35996054814282, "f35": 2.6208756810167317, "f36": -0.5785542047648069, "f37": 2.609593432133982, "f38": -2.9247758924587135, "f39": -0.49990555267505954, "f4": -0.9302061290677077, "f40": -1.1206353056131941, "f41": 0.8822915564668525, "f42": 0.6594613272391161, "f43": 2.749940038288588, "f44": 0.7882270500445605, "f45": -1.6073537435122907, "f46": -0.4538599728481074, "f47": -1.4529074185687638, "f48": -1.7304523269848864, "f49": 2.026884199574969, "f5": 1.9483945122031372, "f50": 1.372269119885983, "f51": 1.0660181073907111, "f52": 1.7542299756124287, "f53": 1.2571810165122725, "f54": 2.2683318313053693, "f55": -1.004455518559782, "f6": 2.0274064388207824, "f7": -2.483440551984321, "f8": -2.14806480229656, "f9": -1.167157882593828}, "datetime": {"datetime": "2023-01-23 14:40:54", "elapsed": 1007.425298, "delta": 2.600166}}
