{"target": 0.18184422586776033, "params": {"f0": -2.8956254910293615, "f1": 2.5280284201474874, "f10": -0.10988367679840216, "f11": 1.8007358808161396, "f12": 0.2180586454968685, "f13": 2.798175435558573, "f14": -1.041923224767, "f15": -0.693953712101326, "f16": -0.5142053482330908, "f17": -0.11619856467683842, "f18": -0.7533130918601083, "f19": -1.0587026566843971, "f2": -2.8165439523153797, "f20": 0.3309072689108121, "f21": 1.7880360845387253, "f22": -2.4203470978792954, "f23": 0.5451823900075992, "f24": 2.922599057027697, "f25": -2.418763555045625, "f26": 0.29757517866972405, "f27": -1.7807071953909814, "f28": -0.34343066317016735, "f29": -0.551976210667759, "f3": -2.018796888475855, "f30": -2.872393359398485, "f31": 2.7588658359793445, "f32": 1.4148887941013895, "f33": 1.3495767419354578, "f34": 1.3328735196233756, "f35": -0.48814131247515125, "f36": -2.578744665583902, "f37": 0.8316083309604698, "f38": 2.775833936409491, "f39": -1.562460325765245, "f4": -0.848257405260497, "f40": -0.3411398143147948, "f41": -1.793035633882713, "f42": -2.380044493752612, "f43": -0.07328375398719267, "f44": 0.9165928787462505, "f45": 1.7770017777176035, "f46": -2.59506421256596, "f47": 0.8958471829588133, "f48": -1.148546484178178, "f49": 1.741709428546855, "f5": -0.8749152834689724, "f50": -1.6497737094445708, "f51": 2.0094056373306133, "f52": 2.965802589189881, "f53": -2.544222096535517, "f54": 1.5054841334023967, "f55": -1.0765408648142365, "f6": 0.7801437839117877, "f7": 1.526790111239401, "f8": 0.8979100184314053, "f9": -0.5271753905976992}, "datetime": {"datetime": "2023-01-23 14:41:07", "elapsed": 1020.189007, "delta": 12.763709}}
{"target": 0.23056682743121878, "params": {"f0": -0.11766670589222183, "f1": -2.977938995749647, "f10": 2.5395301544354316, "f11": 1.4922856532701347, "f12": -1.8041031666233733, "f13": 0.7237274699069305, "f14": 0.06099348872290378, "f15": -0.5698381111718556, "f16": -2.3140094147493184, "f17": 2.0316551677738843, "f18": -1.5991567837203575, "f19": 0.8618119253501617, "f2": 0.3966437841162156, "f20": -0.4385957810159069, "f21": -1.82368142828463, "f22": 1.9228237029856778, "f23": -0.13264897852322255, "f24": -0.6612934660262768, "f25": 2.0496002078936106, "f26": 1.2421168155145006, "f27": 1.6526958302484838, "f28": 2.596335457903093, "f29": -2.4500216694895927, "f3": -1.7220170210163965, "f30": 2.924098910890998, "f31": -2.461774442003564, "f32": -1.9851129630173794, "f33": 2.092292626269507, "f34": -2.0670349015415437, "f35": -1.826962437515268, "f36": -1.4956537120759634, "f37": 1.957222105146304, "f38": -1.7816881816698038, "f39": -0.5890393039485962, "f4": -1.857916081737493, "f40": 2.5415439855916713, "f41": -2.488681863104392, "f42": -2.489077894437922, "f43": -0.4081084880568122, "f44": -2.6352935390176717, "f45": -2.071759789264665, "f46": -0.3188046275704437, "f47": 0.6045041334903569, "f48": 1.415493347680517, "f49": -1.2524704775217612, "f5": -0.3249318629469551, "f50": -0.7482946246179818, "f51": 2.857286346821854, "f52": -0.44075804041839195, "f53": -2.373354272985028, "f54": -1.5637212058436813, "f55": -0.2384913254760681, "f6": -1.006350618431179, "f7": -1.0659626493330805, "f8": -2.4505238889282923, "f9": -2.0838041942479277}, "datetime": {"datetime": "2023-01-23 14:41:22", "elapsed": 1035.353114, "delta": 15.164107}}
{"target": 0.36052698078608897, "params": {"f0": 2.446427251826009, "f1": -2.166093911110199, "f10": 2.5565671419306346, "f11": 1.303689748401542, "f12": -0.4137026288933088, "f13": -1.7202808057618715, "f14": -2.703509064797581, "f15": 1.8366055700750774, "f16": 0.38181431055698534, "f17": 0.48419702528477115, "f18": -1.321440231534704, "f19": -0.5370016708138765, "f2": -1.3305237385136908, "f20": -0.2352891410479634, "f21": 0.7501752312969088, "f22": -2.2952994724242854, "f23": -2.1692991028876634, "f24": -2.288067417829744, "f25": 2.437188086735296, "f26": -0.8965963038509273, "f27": 2.621714041638171, "f28": 2.7835443631993755, "f29": -1.664003274772294, "f3": 0.44927385601618397, "f30": 1.45833131980433, "f31": 1.7558209346240812, "f32": 2.7830575817116276, "f33": -1.4434992597481198, "f34": 2.2798000748734637, "f35": -0.758134490076487, "f36": -1.1588631756488745, "f37": 0.9300028434051537, "f38": -1.3810732770091716, "f39": -2.8660127868434024, "f4": 0.13231619002564887, "f40": -0.8687483837377075, "f41": 2.3357619915524888, "f42": 1.9200452097235354, "f43": -2.136956234306103, "f44": 1.3585836267573015, "f45": -0.1909102096528188, "f46": -2.002033676194347, "f47": -1.8553815637658488, "f48": -1.0635975236831465, "f49": -0.9192007804694962, "f5": -1.9318976850833227, "f50": -1.3002452102859536, "f51": -0.5671799146748242, "f52": -2.0153641860808307, "f53": 0.3568619482611841, "f54": -1.713935389347307, "f55": -0.4163114091183937, "f6": 2.0929587441699944, "f7": 2.6753178169106846, "f8": 0.047653288551415596, "f9": -0.8251179186025235}, "datetime": {"datetime": "2023-01-23 14:42:22", "elapsed": 1095.799657, "delta": 60.446543}}
{"target": 0.06368797236309813, "params": {"f0": 0.5937781695841657, "f1": -2.3587438235645317, "f10": -2.1051736594514323, "f11": 2.4307287894504555, "f12": -2.4743572661285205, "f13": 2.715813136681966, "f14": 2.100934797711437, "f15": -2.3132830646216713, "f16": 0.3628815758757238, "f17": -2.087405094662639, "f18": 1.7716007941582408, "f19": 1.2685120687646254, "f2": -1.381948432559823, "f20": 2.3001843238937916, "f21": -1.5986464473869917, "f22": 0.6220050275157525, "f23": 1.6257689648624414, "f24": -0.12100184125692692, "f25": 0.36635487018152624, "f26": -0.09627309234856174, "f27": -1.6195341203796692, "f28": -1.5875967699294387, "f29": 2.4479514261343205, "f3": -2.7681139354463467, "f30": 2.885286944645138, "f31": -2.134228181512162, "f32": 2.8990782725671354, "f33": 1.9354847841329885, "f34": 0.8019187479542453, "f35": 0.07947465436295609, "f36": -1.059781574115018, "f37": 0.5127924456373028, "f38": 1.9731592265511235, "f39": -0.009514449370289668, "f4": -1.5903091816949344, "f40": 0.809319187295777, "f41": -2.8613830662060264, "f42": -1.4462487799535517, "f43": -1.2134942108131956, "f44": -2.556820527594401, "f45": -0.7672514591547559, "f46": -2.791618860961388, "f47": -0.33693531422378875, "f48": 1.5210931510007963, "f49": 1.7321852133121496, "f5": 0.035533017225397145, "f50": 1.3791892917339812, "f51": -0.6123162478640474, "f52": 2.876106176082536, "f53": -2.732462665889517, "f54": -0.8866763473444621, "f55": 0.6455446575741011, "f6": -1.201438378072838, "f7": -2.502099373665198, "f8": -0.07350777244999929, "f9": 0.21087084773278697}, "datetime": {"datetime": "2023-01-23 14:42:34", "elapsed": 1107.217323, "delta": 11.417666}}
{"target": 0.010023294975349225, "params": {"f0": -2.4572479211640634, "f1": 2.061225199541667, "f10": 1.8633790968632997, "f11": 2.0793110803481873, "f12": -1.8621817070368152, "f13": 0.0870931001105939, "f14": 2.3983894650212374, "f15": -2.511062975027653, "f16": -1.2076067393472938, "f17": -1.8980340362846202, "f18": -1.0356444282162998, "f19": -1.727446237902557, "f2": -2.422722979032863, "f20": 0.38600993349921886, "f21": 0.7768212940377879, "f22": -0.2138365911315656, "f23": -2.8793949136426367, "f24": 1.3482003848376811, "f25": -0.14895735216571193, "f26": -1.175703743456653, "f27": -0.2507490831872845, "f28": 2.482372350046541, "f29": 2.4661209683658383, "f3": 1.1470429786314948, "f30": -1.6868214524567398, "f31": 1.8142118944350463, "f32": -0.3407575136423775, "f33": 0.7108261981087178, "f34": 1.644425508653656, "f35": -0.40103109415592897, "f36": -2.7704457987870907, "f37": -0.20864731721904484, "f38": -2.9576864664936107, "f39": -2.7781865418700606, "f4": 2.684037773961882, "f40": 0.036974136584743356, "f41": -0.9589492446791721, "f42": 0.07385851220866702, "f43": -2.193252946588424, "f44": 0.2549577173460871, "f45": 1.863254019595761, "f46": 2.0524450659149913, "f47": -1.0271129929283467, "f48": -2.0147579534641924, "f49": -1.5515209367195257, "f5": -1.6135331420986117, "f50": -0.7676732464204017, "f51": 1.3890439317432888, "f52": -0.8558887631708885, "f53": -2.205184363439299, "f54": -0.7393655328997859, "f55": 1.772531119695028, "f6": 0.6812642724511568, "f7": -1.8329696523954446, "f8": 0.4693720894990454, "f9": 1.4147760414207742}, "datetime": {"datetime": "2023-01-23 14:42:36", "elapsed": 1109.315644, "delta": 2.098321}}
{"target": 0.09805836485630164, "params": {"f0": -0.890290834345647, "f1": -2.378057350991302, "f10": 0.35856226556516724, "f11": -1.7478928649444077, "f12": -1.8550721531328354, "f13": 2.815500357247119, "f14": -1.737611729462481, "f15": -1.523420145555709, "f16": 2.8089693384075884, "f17": -2.022010048815305, "f18": 1.9128801366635635, "f19": -0.6168203810016006, "f2": -0.39586380299301105, "f20": -1.7940137480230836, "f21": 1.2235173425412933, "f22": 0.29650411671771604, "f23": -1.4399810491522642, "f24": -2.2344201610216965, "f25": 1.8009845838073133, "f26": 2.928753944241164, "f27": -2.3695720152871917, "f28": -2.274715047764741, "f29": 0.6447483455114171, "f3": -2.477846156869384, "f30": -0.47188217189506787, "f31": -0.8128035066442614, "f32": -1.5117178586475482, "f33": -0.44574714233583856, "f34": -1.1279204110721741, "f35": -1.3964310008836056, "f36": -2.9642727340283215, "f37": 2.2384351051997875, "f38": -2.4434892072054764, "f39": 0.3819770251999932, "f4": 1.5768607879177523, "f40": 1.4180288090847792, "f41": -0.1406420564248192, "f42": -1.0143749544225356, "f43": -0.6263329582597414, "f44": 2.101427979131236, "f45": -1.6710858289084096, "f46": -2.3046328738647364, "f47": -1.7932225231421164, "f48": -0.03959152782148667, "f49": 2.0433817776865517, "f5": 0.39848952246692715, "f50": 0.43948676440653234, "f51": -0.9684424533765217, "f52": 2.0193492754620666, "f53": -2.7255586733329804, "f54": -0.9277001971853789, "f55": 0.1775838298766459, "f6": 1.6982192756813852, "f7": 1.0235960425193822, "f8": 1.1288108975783988, "f9": -1.894700329752577}, "datetime": {"datetime": "2023-01-23 14:42:50", "elapsed": 1123.872473, "delta": 14.556829}}
{"target": 0.5538193950566748, "params": {"f0": 1.2703183336836048, "f1": -1.7038500478576817, "f10": 0.08135170898976973, "f11": 1.6202143382745886, "f12": -0.32415135279817076, "f13": 0.4812368893827208, "f14": -1.412840549591646, "f15": 1.2126077864847176, "f16": 1.5258234101360415, "f17": 1.7089022528198523, "f18": -2.5037120680488734, "f19": 2.3624094483015208, "f2": 1.3735429152426057, "f20": -0.9298748902074276, "f21": 2.881184831257986, "f22": 0.5086415963410724, "f23": -1.5253478403638576, "f24": -0.9182914104137532, "f25": -1.909066713922438, "f26": 1.9460948678071608, "f27": -1.1678566373150405, "f28": 1.2429206113874987, "f29": 1.2169571538250885, "f3": 1.6595420355512873, "f30": -1.7520660485770552, "f31": -0.36443180009335974, "f32": -0.3441106268893406, "f33": 1.7858921282697295, "f34": 1.6579790340467735, "f35": -0.49899581610028587, "f36": 0.14175518704175794, "f37": -1.4945658048711548, "f38": -1.1479089761652925, "f39": -1.7658464896452202, "f4": 0.8700825855881797, "f40": 0.8834385161329004, "f41": 2.3187499818251585, "f42": 0.8965231440001902, "f43": 2.257199440314947, "f44": 1.689452573401681, "f45": 1.4383144859101158, "f46": 0.9376132321146677, "f47": -1.171224789260402, "f48": 0.041294735222319634, "f49": 0.8766003596062748, "f5": -1.6094390302432666, "f50": -2.89911280994457, "f51": 1.0786069689584288, "f52": -1.0022954440372178, "f53": -2.02095867883088, "f54": -0.15679121025526221, "f55": -1.2525837258626722, "f6": 1.9673026370658029, "f7": 1.5189157947475938, "f8": 0.7708285863345532, "f9": 1.6144025093123844}, "datetime": {"datetime": "2023-01-23 14:43:18", "elapsed": 1151.275636, "delta": 27.403163}}
{"target": 0.15817147675616533, "params": {"f0": -0.9137165195549164, "f1": 1.396501396383858, "f10": 2.800417006358204, "f11": 1.5607663838081631, "f12": 2.9293026335797654, "f13": -0.7313434853530394, "f14": -2.6905750734017726, "f15": 0.3068962640048909, "f16": -2.1631555271537306, "f17": -1.518549467714552, "f18": -0.9560909595856186, "f19": -0.038520002857187485, "f2": 2.2277821966739166, "f20": -0.27554971233658243, "f21": 2.337561353757538, "f22": 1.7317283835638984, "f23": 0.5405129909986086, "f24": -0.5102629263104914, "f25": -1.7819335794916462, "f26": -1.5220343757141774, "f27": -0.810092506796332, "f28": 1.14190900054475, "f29": 2.7682370490773485, "f3": -2.059448611244981, "f30": -2.867771430177504, "f31": 2.2942216145946297, "f32": -0.3246659392153779, "f33": -0.21333615156966435, "f34": 1.0144563338192558, "f35": -1.972685551075613, "f36": -2.099301555326231, "f37": -1.8801885373080325, "f38": -2.226023408255258, "f39": 2.942955672284482, "f4": 0.46330671129929524, "f40": 1.9425384124889629, "f41": 1.7669357567516233, "f42": 2.4802720103409337, "f43": -2.8343325998854896, "f44": -1.3675848992376047, "f45": -1.9304358206567913, "f46": -2.0884244944289616, "f47": 1.1857034161525304, "f48": -1.187120894117039, "f49": 0.4867600938159624, "f5": 1.5895635715332999, "f50": 2.658998343015049, "f51": 0.5411131523548409, "f52": 1.5721635691483433, "f53": -0.9161874676534785, "f54": -1.6246197378448155, "f55": -0.20064807882938407, "f6": 1.4962602359441766, "f7": -2.1208508481419237, "f8": -2.3186652224018713, "f9": -2.8819794495690676}, "datetime": {"datetime": "2023-01-23 14:43:46", "elapsed": 1179.308844, "delta": 28.033208}}
{"target": 0.10322308860199962, "params": {"f0": -2.8163770138664663, "f1": 2.9211789950128386, "f10": 2.5054127092011758, "f11": 1.70775190253827, "f12": 2.9248527926827155, "f13": -1.341617561435462, "f14": 0.10760957790589831, "f15": 1.9870369122366336, "f16": 1.1807605808426143, "f17": -1.666086709756069, "f18": 2.216926354738658, "f19": 1.7431275162440292, "f2": -0.408176105260706, "f20": 2.9785324040188863, "f21": -1.6488675671023454, "f22": 1.5362509283570152, "f23": 2.1521108021461215, "f24": -0.9794167802129676, "f25": 0.9155784205207915, "f26": 0.6204884192146993, "f27": -1.4138021054802423, "f28": -2.574365911973077, "f29": -1.6910867304504764, "f3": -2.4218748010826157, "f30": 1.3503728527145382, "f31": -1.9233656285997687, "f32": 1.3620479898904572, "f33": 2.598399700794035, "f34": 1.2819249877520118, "f35": 0.7019255749286746, "f36": -0.871360059827551, "f37": -0.5093278250805815, "f38": -2.136882810293697, "f39": 0.08937840306958567, "f4": -0.3159119865289517, "f40": 1.799579373757787, "f41": 2.688947026118898, "f42": -1.4112295790379974, "f43": -2.9198620784476637, "f44": 1.8244674387937536, "f45": 2.7550123442580494, "f46": 2.997698526479545, "f47": 1.2852968311911894, "f48": 2.3051686760152403, "f49": -1.9468854661465667, "f5": -2.0859176116416975, "f50": 2.2204252574073893, "f51": 1.1468752961553594, "f52": 1.8583573824179975, "f53": 2.5136729441953385, "f54": 0.2660549787575306, "f55": -0.3174683049125391, "f6": -1.8131287415823143, "f7": -1.8193970017820535, "f8": -0.8360260756449263, "f9": -0.16152017620526138}, "datetime": {"datetime": "2023-01-23 14:43:58", "elapsed": 1191.375947, "delta": 12.067103}}
{"target": 0.0903366899874057, "params": {"f0": 0.7160529706156238, "f1": 2.939430749509164, "f10": -0.41557504056898287, "f11": -1.2012770814065132, "f12": -0.7575666393937093, "f13": -2.5092304380425166, "f14": 1.1847830562954078, "f15": 2.9959779661924575, "f16": -2.1297314132320135, "f17": -0.3263632693102938, "f18": 1.7922369719432432, "f19": 1.811669232065757, "f2": 1.2228379343473792, "f20": -2.9201458862916754, "f21": 2.50302899312239, "f22": 1.6334033666293148, "f23": 1.6585724036127933, "f24": -2.265753412443122, "f25": -0.013340139167105747, "f26": -2.7277187101733755, "f27": -1.767851663381927, "f28": 1.7406372338907277, "f29": 0.22411737883260896, "f3": -0.36039845171741147, "f30": -1.7042019822851615, "f31": -1.0118486285160457, "f32": 1.665957013541516, "f33": 1.2540631219221758, "f34": -2.835370298112354, "f35": 1.9899445264976316, "f36": -0.6152850607994909, "f37": 0.5065621785597276, "f38": -1.1037008448951775, "f39": -2.0037492963667805, "f4": -0.3262630552951373, "f40": -1.215673734579947, "f41": 2.936353686527333, "f42": -1.9223893529545701, "f43": -1.1984125933098662, "f44": -2.5671698082532153, "f45": -2.1386441454652956, "f46": 1.780615021495171, "f47": 0.41047946401951263, "f48": -2.251723804009901, "f49": 0.0036779704550724546, "f5": 1.0702993145699802, "f50": -0.6096405055213028, "f51": 1.1212857772276035, "f52": 1.5368049860842428, "f53": 1.7811384452411652, "f54": 1.7504084829604327, "f55": 2.0314709946490908, "f6": 0.13724761401268104, "f7": 0.5477434602915903, "f8": 1.848825389809841, "f9": -2.106721633805696}, "datetime": {"datetime": "2023-01-23 14:50:36", "elapsed": 1589.785539, "delta": 398.409592}}
{"target": 0.41048634266910494, "params": {"f0": -1.2710869759717913, "f1": 1.2182711366381183, "f10": 2.996815317173695, "f11": -2.1201470835185403, "f12": 2.529917783383655, "f13": -1.5699538979974008, "f14": 0.22913032035780923, "f15": -2.2947339471769466, "f16": 1.688938147042836, "f17": -2.3534369412896936, "f18": -1.8326200455388015, "f19": 1.6371385959976, "f2": 1.7031185698130766, "f20": 2.965379482743149, "f21": 2.681799897106867, "f22": -1.7974625537294708, "f23": 1.3029246881740706, "f24": -2.2739994520422506, "f25": -0.7172440911420841, "f26": 0.36480301104170554, "f27": 2.362969862785592, "f28": 2.2587105540829997, "f29": -0.8792064000753177, "f3": 0.44685150608647106, "f30": -0.701597823944093, "f31": -2.4996468423823277, "f32": -0.5936903827813911, "f33": 2.635664318749236, "f34": 1.1733168671979968, "f35": 0.9228284468476904, "f36": -2.5351509311063762, "f37": 2.390704143165502, "f38": 2.8625534655929155, "f39": -1.060836396682421, "f4": 2.9257774254973086, "f40": -2.569191982222536, "f41": -0.10713270794109864, "f42": -0.4749668888884253, "f43": 1.3383626417773105, "f44": 0.8877258801228609, "f45": -2.083333498593201, "f46": -0.6405136856582327, "f47": -2.87921453168042, "f48": -2.1428456075252615, "f49": -2.322322400436813, "f5": -2.3616575260830404, "f50": -1.5109980518233974, "f51": -1.3956618320964904, "f52": -0.4533603500604446, "f53": -0.8216031872909446, "f54": -0.5973476077735436, "f55": 1.926481809300947, "f6": 1.4452197508719609, "f7": 1.7218024292728202, "f8": 2.9263642785534687, "f9": -1.0084860384641527}, "datetime": {"datetime": "2023-01-23 14:51:17", "elapsed": 1630.031738, "delta": 40.246199}}
{"target": 0.019819518474756697, "params": {"f0": -1.9969642910364798, "f1": -2.857484860019647, "f10": -2.4005312135269725, "f11": 2.989565832927874, "f12": 0.33685541924384665, "f13": 1.7802084843295312, "f14": 2.9621925536127236, "f15": 0.06535330354360092, "f16": 0.7666235617242467, "f17": 0.3834660371053378, "f18": -0.7823206320669001, "f19": 0.16043156217135213, "f2": 0.7791280113105321, "f20": 0.5836531441278474, "f21": 1.829007054140912, "f22": -1.4671743643218467, "f23": -1.5735448915561296, "f24": 1.5144728452311655, "f25": -2.1779590624846614, "f26": -2.3732451737316285, "f27": 1.1460462620267338, "f28": -0.2177329276992399, "f29": 0.697400718241048, "f3": -2.1015164932234054, "f30": -0.9579682469205353, "f31": 1.9949330071325466, "f32": 2.235660948912736, "f33": 1.7578887159017942, "f34": -0.07832121568512873, "f35": 1.460275014757264, "f36": -0.2407557036436132, "f37": 2.9011806750616236, "f38": -2.7234787558848472, "f39": -2.6622325064158456, "f4": 2.832834905172298, "f40": -1.3803827480268904, "f41": -2.812424023746482, "f42": -2.423035476346559, "f43": -2.0411343007161817, "f44": -2.037345976465167, "f45": 0.32279452953537646, "f46": 0.33992347235470444, "f47": 0.1373162986570744, "f48": -0.23934767895235343, "f49": 2.076394249625184, "f5": -2.4918328301697805, "f50": 0.11337813353552928, "f51": -0.36553423303650323, "f52": -2.78179638036135, "f53": -2.426262792261219, "f54": 0.6827791140898207, "f55": 2.988780274273335, "f6": -2.2968536014263217, "f7": -1.6500777258496266, "f8": 1.2300808177733096, "f9": 2.9480427918465884}, "datetime": {"datetime": "2023-01-23 14:51:22", "elapsed": 1634.975882, "delta": 4.944144}}
{"target": 0.37529511448580094, "params": {"f0": 2.672892029013391, "f1": 0.5165357290724399, "f10": -1.4460190002947675, "f11": 2.8236543042351627, "f12": -1.9001215414479387, "f13": -0.701923873609239, "f14": -2.2613122756137773, "f15": 2.8827965842039616, "f16": 0.17396964220600752, "f17": -0.4496322028718063, "f18": -1.2974449646292803, "f19": -1.7502708185200486, "f2": 0.3082154513543274, "f20": -2.3773472067677948, "f21": -1.619929018586244, "f22": -0.21919747669778022, "f23": -0.6555865022696405, "f24": -2.7430543720685803, "f25": -1.8110718385536388, "f26": -2.170724703843463, "f27": 1.491127514240949, "f28": -0.029817695751885864, "f29": -1.7687647565047262, "f3": -2.440673250832191, "f30": 2.868533250304724, "f31": 2.797636421462462, "f32": -1.4970279438254226, "f33": 0.27812156741328575, "f34": -1.4324706054323149, "f35": 2.862165442383483, "f36": -1.2655351276276665, "f37": 1.3647498657488413, "f38": -2.460736857759719, "f39": 0.529504254882367, "f4": 0.5000822028070777, "f40": 2.1702524867307496, "f41": 2.1232891630054676, "f42": 2.016570669790589, "f43": -0.08081176005532686, "f44": 0.014732754025862604, "f45": -2.587528293176872, "f46": -1.2936037556109377, "f47": 0.1941002972142023, "f48": 2.899009249199029, "f49": 1.5195858939655826, "f5": 1.5090651870310623, "f50": 2.0390342413280003, "f51": 0.6931558516178544, "f52": 2.6953058376443035, "f53": -1.124983132654086, "f54": -2.0270763886663135, "f55": 2.1593194928006705, "f6": 2.196830026439679, "f7": -0.9588050214100035, "f8": -2.6869812229689654, "f9": 2.258081841938057}, "datetime": {"datetime": "2023-01-23 14:51:27", "elapsed": 1640.456448, "delta": 5.480566}}
