{"target": 0.36459385436198294, "params": {"f0": -2.0081718290940778, "f1": -1.8602975477795902, "f10": -1.8021337079665813, "f11": -2.499458342864042, "f12": -2.7834395474361573, "f13": 1.2233309925021434, "f14": -2.8803694149614034, "f15": 2.2744586115564527, "f16": 0.28976123345475724, "f17": -1.2598799037514858, "f18": -1.8528184780711396, "f19": -0.1151424264551757, "f2": -1.2703768700649694, "f20": -2.477756820537688, "f21": 1.5014852320517367, "f22": -2.9525254915845434, "f23": -1.147350445318729, "f24": 0.7926719646511211, "f25": 2.6751078538392905, "f26": 0.5371579979724981, "f27": -0.4959798450485642, "f28": -2.8232843080242707, "f29": 2.7480589352152025, "f3": 2.4272521875390094, "f30": 0.7862850757686735, "f31": -2.711509544933689, "f32": -0.07000345823711429, "f33": -0.5985325801575296, "f34": 0.6651632443450399, "f35": 2.3336236864599442, "f36": -2.4671586342049805, "f37": 1.4496415088543344, "f38": -0.9716778485253306, "f39": 2.0706343855377716, "f4": -1.8352133603572176, "f40": -1.4808676613065497, "f41": 0.683403018591755, "f42": 1.514152444624953, "f43": -1.7958716144071458, "f44": 2.2285339275882317, "f45": 2.7647263630880374, "f46": -2.0298492200182325, "f47": -0.6588810833699137, "f48": -0.14906590256664565, "f49": 0.04146041235022846, "f5": 2.6145616753036958, "f50": -1.7241625348657676, "f51": -1.207918391349734, "f52": 0.1383570987728806, "f53": 2.7112721486802647, "f54": -2.2233764181761866, "f55": 2.1118124634560402, "f6": 2.476457297520839, "f7": 2.0079404630526456, "f8": 0.45265004932515573, "f9": 2.579916241851137}, "datetime": {"datetime": "2023-02-16 11:59:24", "elapsed": 0.0, "delta": 0.0}}
{"target": 0.5986683499993862, "params": {"f0": 2.6101940117636477, "f1": 2.5048104002406797, "f10": -0.5969752246392561, "f11": 0.6189852405532856, "f12": 2.391996526780561, "f13": -0.7720145456505803, "f14": -2.9250444858626627, "f15": -1.8909945575273737, "f16": 1.484891102761166, "f17": -2.0986381402302685, "f18": 0.5529312062630396, "f19": -0.7740744437222125, "f2": -1.201620447041423, "f20": 1.9227864582268435, "f21": -0.4505518336004286, "f22": -1.4798842211997145, "f23": 0.4597172307078594, "f24": -0.5397473801062103, "f25": 1.4218666158615552, "f26": -2.1731541446157925, "f27": 0.9043217910199912, "f28": 2.561012297395238, "f29": 1.5703800237930254, "f3": 2.3895725564889574, "f30": 0.1635833736662855, "f31": 2.1061059314860806, "f32": -0.10972586481938018, "f33": 0.06981093279901307, "f34": 1.3770296378994322, "f35": 2.4864821291287527, "f36": -2.5898346835193067, "f37": 2.196485332803989, "f38": -0.10036720391425114, "f39": -2.6722257079050227, "f4": -2.2033123240985466, "f40": 1.1610616410568184, "f41": 2.1146605153151423, "f42": -1.2355317439736708, "f43": -2.5955647165301112, "f44": -1.4287391288212763, "f45": 0.1847725395936166, "f46": -1.6040850981230328, "f47": -0.24339341500716394, "f48": -1.8674952398582774, "f49": 0.4839881144691591, "f5": -0.638282153094905, "f50": 1.9214499068931925, "f51": 0.957060344662966, "f52": 0.14082816716412427, "f53": -2.2774306821836894, "f54": -1.5672406120969966, "f55": 1.819002365756825, "f6": 1.4762439112654668, "f7": 0.4680869452994352, "f8": 0.1645474212648561, "f9": -0.9414028245677377}, "datetime": {"datetime": "2023-02-16 12:03:30", "elapsed": 245.569724, "delta": 245.569724}}
{"target": 0.11320568425431167, "params": {"f0": 0.8339588666999802, "f1": -2.2321689992774654, "f10": -1.9733366786303486, "f11": -2.155039071306959, "f12": 1.7189936675685749, "f13": 0.42442108274066115, "f14": 1.2459793843891225, "f15": 1.1885433431800796, "f16": 1.749593237365426, "f17": 0.5394110081047758, "f18": -1.0334219497882982, "f19": 0.23208614455080845, "f2": -1.0740479860755208, "f20": 0.8715587303241183, "f21": -0.7933030154384766, "f22": 0.9753461187987136, "f23": 1.816038839710381, "f24": -0.5150015738564755, "f25": 0.6767344602696177, "f26": -0.26740629514809156, "f27": -1.9722508411333919, "f28": 0.5608600740506842, "f29": -1.074473173998856, "f3": 1.3609697355244723, "f30": -0.35741303441124384, "f31": 0.5973691698758565, "f32": 2.251305639387873, "f33": 0.1543744538172085, "f34": 2.318045595247845, "f35": 1.376969437405779, "f36": -1.0727138146295752, "f37": 0.8304274534251519, "f38": 2.284685197702804, "f39": 1.655682873171016, "f4": -2.2422093698466123, "f40": -0.37322615126604486, "f41": -1.4479043953605648, "f42": -0.340143314916975, "f43": -1.2238109929105194, "f44": -1.0851282324770042, "f45": -1.7830887713266903, "f46": -2.1571616094364088, "f47": -1.20649178068469, "f48": 1.1897714595522855, "f49": 1.9239789175621804, "f5": -1.5129311730209238, "f50": 2.0740493807688263, "f51": 0.8493328234073232, "f52": -1.4619281990610447, "f53": 1.144052362610283, "f54": -0.15810147366851002, "f55": 1.232433300411801, "f6": 1.367195678848943, "f7": -1.6212723853961566, "f8": -1.5409651459280975, "f9": 1.5679196987050932}, "datetime": {"datetime": "2023-02-16 12:16:22", "elapsed": 1018.321591, "delta": 772.751867}}
{"target": 0.2683271897647016, "params": {"f0": 0.4769409211086604, "f1": 1.6049907681441917, "f10": 0.9452818340483113, "f11": 0.3506722492788339, "f12": -1.156236977443061, "f13": 0.9596604869081151, "f14": -0.4458940212764171, "f15": -3.0225140750885253, "f16": -0.8866230792328018, "f17": 1.011993547044745, "f18": -1.840133138163857, "f19": -0.36743382420775816, "f2": -2.3699284899272275, "f20": 1.4985199877774535, "f21": -2.243326012116931, "f22": -2.1851428323809046, "f23": 0.10394013856673379, "f24": 2.03122229648604, "f25": 2.807917221110584, "f26": -0.37099082470204303, "f27": 2.6974585374667224, "f28": -1.5122912599249845, "f29": 2.619541058377195, "f3": -0.794624972798913, "f30": 0.2172642541270977, "f31": -0.8850540821652102, "f32": -2.203737221183707, "f33": -0.29947814728464506, "f34": 2.4619563403866462, "f35": -1.159751422636269, "f36": -0.8773365298151283, "f37": -1.0864721475907633, "f38": 1.9404009559061457, "f39": -0.568609298963767, "f4": 1.1919604083893116, "f40": -0.044918670465274424, "f41": 2.3152685884171413, "f42": 0.8734359277735746, "f43": -2.062906883110219, "f44": -2.9330985257430613, "f45": -0.5161078532716468, "f46": 0.9274431737226316, "f47": 0.7039782301498425, "f48": -2.2447434948985476, "f49": 2.323786033053764, "f5": -0.7338460371106197, "f50": 1.8875018659544431, "f51": 1.536288593607491, "f52": -1.9903822531709041, "f53": -2.196838263940584, "f54": -0.33741725787734156, "f55": -1.682908302265498, "f6": -0.5910106187114637, "f7": -0.4879805959727135, "f8": -0.6243942796543895, "f9": -0.9261794782714428}, "datetime": {"datetime": "2023-02-16 12:17:00", "elapsed": 1055.589314, "delta": 37.267723}}
{"target": 0.4654626853562925, "params": {"f0": -1.134679394211402, "f1": -0.7931464154723993, "f10": 0.302808775089241, "f11": -0.550455971578433, "f12": -1.8802161709208738, "f13": -1.117597876056148, "f14": -1.504751984177192, "f15": -1.0461328959360594, "f16": 3.0229397918034446, "f17": 0.832538635073973, "f18": -1.8797675790887711, "f19": -0.37781681334277817, "f2": 1.8933905192051128, "f20": 2.4522748125312894, "f21": -2.710107766463895, "f22": -1.2287928953419718, "f23": -1.6347523849069765, "f24": -2.3315226173761183, "f25": -1.7840598713368219, "f26": -1.3809513623800123, "f27": -0.35901335957154457, "f28": -1.6016360763683142, "f29": -1.2778167072248112, "f3": 0.732739663274609, "f30": 1.0698361773921916, "f31": 1.1792651984137599, "f32": 0.12732592183201907, "f33": -0.6816699322994393, "f34": 1.421681460871469, "f35": 0.344548766980195, "f36": -0.9686591799523545, "f37": 2.4601896516748627, "f38": -2.251888845348143, "f39": -1.96091685796616, "f4": -2.0245703949445493, "f40": -0.03554549064980783, "f41": 1.531436400326167, "f42": -2.8749870354428473, "f43": -1.9223464034053226, "f44": -1.9288097242160696, "f45": -0.5143362078431548, "f46": -0.9965307945993627, "f47": 1.3133639527586065, "f48": -2.782386636387768, "f49": 2.3280020700974244, "f5": 1.888374599591395, "f50": 2.3752695631588194, "f51": 1.5463387814846437, "f52": 1.4777362886868244, "f53": 0.2895177864956038, "f54": 0.19300737982530425, "f55": -1.6327953851652397, "f6": -1.1577266635993868, "f7": -0.36109815361857955, "f8": 1.8375976477124527, "f9": 1.0862486163613734}, "datetime": {"datetime": "2023-02-16 12:17:26", "elapsed": 1081.97265, "delta": 26.383336}}
{"target": 0.3139789823846746, "params": {"f0": -1.7788281606754082, "f1": -1.2550742421653824, "f10": -2.5405799175666077, "f11": 2.8280933050177097, "f12": -1.3447119816074644, "f13": -1.3323747430383575, "f14": -1.6054490785410216, "f15": 1.3275777155180761, "f16": -0.6952203874189571, "f17": 0.6409783061696568, "f18": -1.3122533687101492, "f19": -1.7645230034918429, "f2": -0.48712277841934437, "f20": -0.720979457313752, "f21": -1.0935830253215246, "f22": -0.17808316122700063, "f23": -0.2299731449171445, "f24": -1.1945151249249615, "f25": -1.0292528436541324, "f26": 1.1191928195025795, "f27": -0.9577881220893347, "f28": 0.8866505916536946, "f29": 0.1453516666353225, "f3": -1.363396482894212, "f30": 0.7996978140916122, "f31": 2.394156721564943, "f32": 1.899317918345187, "f33": 1.6006364620228757, "f34": -0.6215813840242899, "f35": -0.6875623329874063, "f36": -1.9685113182060456, "f37": -1.012131808884531, "f38": 0.39677454508749266, "f39": -0.33707095336408344, "f4": -0.8001797364044347, "f40": -0.15367468506711468, "f41": 0.2845262988872099, "f42": -0.02871708355386904, "f43": -1.3732952893455843, "f44": 1.4163480547031537, "f45": -0.740016404635556, "f46": 1.3088811792546133, "f47": -1.914447102733748, "f48": 0.7846067373832764, "f49": 1.8489946409938605, "f5": -1.3747231587656334, "f50": 1.0119929747807703, "f51": 2.0991097727424037, "f52": -1.640692261750802, "f53": 1.5414087558162204, "f54": -1.0503811968771117, "f55": 2.708780012730962, "f6": 1.4903427455894978, "f7": 1.4729054068613325, "f8": -0.2033474309650738, "f9": -0.717767776016903}, "datetime": {"datetime": "2023-02-16 12:18:04", "elapsed": 1120.291712, "delta": 38.319062}}
{"target": 0.09476043696932422, "params": {"f0": 1.84730547717198, "f1": -0.9098530722846685, "f10": -0.4934485538694866, "f11": 0.40763615748658233, "f12": 1.9145860355341318, "f13": 0.4262961895773585, "f14": -2.1407505625518644, "f15": -1.9329116520600318, "f16": -0.8475799104097229, "f17": -2.5092978074179255, "f18": 1.780864952823562, "f19": 0.871480191450857, "f2": -0.40334861043087367, "f20": 0.9937465608028668, "f21": 0.7789688545430029, "f22": -3.0293910189911277, "f23": 0.3818595106592655, "f24": -1.578988279016348, "f25": -0.26604780223152114, "f26": -1.7534939835603869, "f27": 2.030233565970429, "f28": -0.3647575945985493, "f29": 2.9939069459944525, "f3": 2.2013471663859843, "f30": -0.5948642266024657, "f31": 1.386439188305681, "f32": -1.3449650546113983, "f33": -0.336973612285258, "f34": 0.8840061590235844, "f35": 0.31333382717731917, "f36": -1.8798083935219674, "f37": 2.242063922179721, "f38": 0.6562518205356773, "f39": -0.5615908122486077, "f4": -0.2549704231684249, "f40": 1.2209333541911445, "f41": 0.5236317600807656, "f42": -1.7493901608687261, "f43": -2.2970944850131145, "f44": -0.843290436170463, "f45": 1.9977348267324186, "f46": -0.3254033271509549, "f47": -0.29900587097491704, "f48": -1.5805564050956131, "f49": 1.0499170990415114, "f5": -0.22373337412397465, "f50": 0.9290492712290985, "f51": 1.9189808996852806, "f52": -0.31140147409170726, "f53": -2.949596101428321, "f54": -0.647577956316042, "f55": 2.282852372875036, "f6": -0.13858205427906412, "f7": 1.557147814528483, "f8": 1.9994086698993991, "f9": -0.6197323933346204}, "datetime": {"datetime": "2023-02-16 12:19:39", "elapsed": 1214.599637, "delta": 94.307925}}
{"target": 0.011415922950333343, "params": {"f0": 1.877191293508823, "f1": -1.4519014563690087, "f10": -2.1493696598147913, "f11": 0.20534723380931785, "f12": -1.3046215590883417, "f13": -1.3554796857619131, "f14": 0.5181997530960563, "f15": -0.06924388578540652, "f16": 2.834798433390647, "f17": -2.0923181391873586, "f18": 1.527125642784914, "f19": -1.3672463334223837, "f2": -1.9505960699955713, "f20": 1.393676900783739, "f21": 1.544535018604241, "f22": -1.9931267125785186, "f23": -0.26893052648870897, "f24": 0.11940507122140076, "f25": 0.4898164666063567, "f26": -2.7792465341304893, "f27": 1.4247214757099325, "f28": 1.6421609661738452, "f29": -0.2979395682794306, "f3": 0.9625172759196927, "f30": 0.5301784002055541, "f31": 2.237940282091224, "f32": 1.1231033778505726, "f33": -0.19549032652851572, "f34": -0.7218310528874963, "f35": 0.9541221622228389, "f36": -2.464069926852005, "f37": -0.7443651820203975, "f38": -0.21960972381302168, "f39": -2.2325745602899714, "f4": 0.4871664821240165, "f40": 0.4477922507276908, "f41": -0.07062251403570063, "f42": -1.109266920702731, "f43": 0.7559247565274414, "f44": -1.2296855253728094, "f45": 1.8771320842000745, "f46": -0.4904360266161598, "f47": 0.07309804234883899, "f48": 0.15323119539946628, "f49": -0.0699498946191639, "f5": 0.9320900919416428, "f50": 1.3290786600046187, "f51": 0.6964740399088702, "f52": -1.6750783085164964, "f53": -1.5303495028346927, "f54": 0.9447244070172331, "f55": 1.3462773909276289, "f6": 0.679870936635214, "f7": -1.1619410051604038, "f8": -0.16340886944007482, "f9": -2.8598801643003307}, "datetime": {"datetime": "2023-02-16 12:20:31", "elapsed": 1267.017072, "delta": 52.417435}}
{"target": 0.21895033678081807, "params": {"f0": -0.3846046526789826, "f1": 0.5095636609039784, "f10": 1.0816018407272763, "f11": 2.2918694958555763, "f12": 2.0548980051037873, "f13": -1.026820804176785, "f14": -1.9265621463192444, "f15": -1.339257786955231, "f16": 2.7214284560870023, "f17": 0.8374920001419603, "f18": 0.6881539359644726, "f19": -0.6901826938042666, "f2": -2.4901128803584003, "f20": -1.4467882679978634, "f21": -0.35795602587884634, "f22": -1.650881594390444, "f23": 2.365997455818107, "f24": -0.6368093406987423, "f25": -0.5411013449376162, "f26": 0.27778449431079366, "f27": 1.0829776151787238, "f28": -1.1739704770830253, "f29": 2.853608477784098, "f3": 1.1443844747798182, "f30": -1.246442676200193, "f31": -0.5487162660217756, "f32": -1.4943124739202245, "f33": -0.787251867421932, "f34": 0.3987738975561561, "f35": -0.2884876887104726, "f36": -0.9184843861767491, "f37": 0.9651393002485573, "f38": 0.7707459025557293, "f39": 0.9058162133325398, "f4": 1.4057918576934192, "f40": 0.4346331272911912, "f41": 0.6333679533396206, "f42": -2.604678812129847, "f43": -1.6222158358866696, "f44": -2.9056978382734404, "f45": 1.5043605729964211, "f46": 1.0819268106074125, "f47": -1.8642082648407687, "f48": 1.2161314784652522, "f49": 0.5459750349861605, "f5": -2.383589177487322, "f50": -1.0736569040057637, "f51": 0.6302426608354792, "f52": 0.28982523505876, "f53": -0.9747177329962939, "f54": 0.11337770658455026, "f55": -1.3757849248736178, "f6": 0.9855316929490938, "f7": -0.235736591933285, "f8": -0.5433863194209911, "f9": -0.5463409375642518}, "datetime": {"datetime": "2023-02-16 12:21:27", "elapsed": 1322.648803, "delta": 55.631731}}
{"target": 0.06433172112039205, "params": {"f0": 0.4225078382894545, "f1": 1.4562089925650339, "f10": -0.1295357646148494, "f11": -1.1853225523054638, "f12": -0.24581911742391727, "f13": -2.8691096664636953, "f14": 1.1530211889848312, "f15": 1.2095611074500678, "f16": -0.2731090514097554, "f17": -2.688378214578311, "f18": 2.4598098877198344, "f19": -2.561981531319878, "f2": -1.7365295970878203, "f20": 2.713772310575489, "f21": -1.7979383466912058, "f22": 0.8145436242265673, "f23": 1.832653607294993, "f24": 1.083439450183774, "f25": 2.2226757464309395, "f26": -0.8499721092775125, "f27": -0.1450700244399652, "f28": -0.21691702301522775, "f29": 2.2546743445024466, "f3": -0.4086707677724486, "f30": -1.5827774266827854, "f31": 2.571049530130357, "f32": -1.406955380863204, "f33": -1.4235586687071773, "f34": -0.6110357882993317, "f35": -1.0173151177142745, "f36": -1.5489020189089495, "f37": -0.9110657849204123, "f38": 0.5244907563737264, "f39": 0.3117915421148232, "f4": -2.8600013005403486, "f40": -0.7149230117686632, "f41": 0.940359959062941, "f42": -0.14987246225312356, "f43": -0.3559457563789401, "f44": 0.2371677372366805, "f45": 1.8960301613423478, "f46": 0.15767800649819685, "f47": 1.5438750078434258, "f48": -2.7565584492921977, "f49": -0.3933307334141989, "f5": 1.309164781452269, "f50": 2.105549885037718, "f51": 1.2121333424497818, "f52": 1.3538578905549155, "f53": -1.098476882554664, "f54": -2.4584652004101573, "f55": -1.2377490018520458, "f6": -0.7065301816027976, "f7": 1.8374367187851384, "f8": 1.1769156177256266, "f9": -2.7153405264342294}, "datetime": {"datetime": "2023-02-16 12:22:07", "elapsed": 1362.503621, "delta": 39.854818}}
{"target": 0.39269170290292127, "params": {"f0": 2.7177196975644353, "f1": 0.8155289334168649, "f10": -0.38132124441454307, "f11": -0.9554720084319375, "f12": -0.23189938376718566, "f13": 0.3154638622391852, "f14": -0.782431277642833, "f15": -2.805770163413249, "f16": 0.8958109568718218, "f17": -0.49292793638335164, "f18": 2.148293221176454, "f19": -2.873428878378398, "f2": 0.4685876260730062, "f20": -0.7391215513296834, "f21": -2.2955803227382083, "f22": -0.599879934576379, "f23": -1.0952211867838035, "f24": -1.6541912551936582, "f25": 3.019584849415792, "f26": -2.6382779888266095, "f27": 2.890357934300389, "f28": 2.973474622884087, "f29": -0.5299991828236703, "f3": 2.616912211671047, "f30": 0.0336795539512833, "f31": -0.7568916115768878, "f32": -1.7919150290201287, "f33": -0.5849856469472523, "f34": 1.008310423303067, "f35": 1.36318794530721, "f36": -2.052389819756729, "f37": -0.3686024197328681, "f38": 0.3270686297508292, "f39": -0.6173039448105606, "f4": 1.17467185108372, "f40": 0.561183837562008, "f41": -0.19456052702963156, "f42": -2.9352101142988842, "f43": -1.057909485919432, "f44": -0.013168036162451546, "f45": -0.13213695743125786, "f46": -0.20960600953698139, "f47": 0.1498928387681855, "f48": -2.4733345093217753, "f49": -0.40135673825029317, "f5": 1.1002659555697099, "f50": 2.5343050480012383, "f51": 2.78979974002991, "f52": 1.5666092176293516, "f53": -2.84271151570167, "f54": -2.283370704427099, "f55": -0.9460079614787829, "f6": -0.7509327786567112, "f7": -0.2903081438443267, "f8": -1.236780785018601, "f9": 0.024105437875325375}, "datetime": {"datetime": "2023-02-16 12:22:54", "elapsed": 1410.076972, "delta": 47.573351}}
{"target": 0.27612271432500163, "params": {"f0": 0.9823935583209371, "f1": 0.01525916325315202, "f10": -0.9476567261671756, "f11": -0.39994252924602913, "f12": 1.4707880090123862, "f13": -0.2520243486285558, "f14": -0.06393214052060525, "f15": 0.2830736097874351, "f16": 0.28606794738350816, "f17": 0.4044124611254696, "f18": 0.8716344927886219, "f19": -0.8298644203566838, "f2": 0.44278548993689437, "f20": 0.0051128851517283636, "f21": -0.965251048330307, "f22": -1.2190978230921734, "f23": 1.107870635358819, "f24": -0.389628642289074, "f25": 0.7435198566359524, "f26": 0.45146002022652576, "f27": 1.9358632414001726, "f28": 2.898880546568503, "f29": 0.41972728860234, "f3": 0.6160450038013261, "f30": -0.7820572886849185, "f31": -0.7496390480347338, "f32": 0.378085847863463, "f33": 0.2505105351943624, "f34": 1.6419540467778282, "f35": -0.5908088547457526, "f36": -0.38990760289353465, "f37": 1.681958635668379, "f38": 0.342490503944783, "f39": -1.8322148104388423, "f4": 0.9927682455928548, "f40": 0.874888743666564, "f41": 1.7732862793681163, "f42": 0.31624001577655036, "f43": 0.7534108101936634, "f44": -1.4897106538170974, "f45": 0.7409828437510912, "f46": -2.4915621988055796, "f47": -1.6160162654620458, "f48": 1.1038469295866777, "f49": -0.5928892245103592, "f5": -0.33260981311446436, "f50": 1.4747391465029422, "f51": 1.9998947288701585, "f52": -1.2568288742597582, "f53": 0.6633295285229743, "f54": -2.745288928615178, "f55": 2.846860131179437, "f6": -0.8343366155885705, "f7": 2.2886936890686664, "f8": 1.667425544947155, "f9": -2.41859133214159}, "datetime": {"datetime": "2023-02-16 12:23:42", "elapsed": 1457.463605, "delta": 47.386633}}
{"target": 0.11724623927873741, "params": {"f0": 2.8335102732916884, "f1": -0.915803771742882, "f10": 0.6451343519819348, "f11": 1.5864700497413329, "f12": 1.015666226010224, "f13": 0.13402318342777564, "f14": 0.25610520456184727, "f15": -2.610813525549182, "f16": -1.2112504607037076, "f17": -1.0850908222774305, "f18": -0.045140608578565944, "f19": 0.4548901148148854, "f2": 0.025468529244466964, "f20": 3.0175043077044004, "f21": -0.2957535331536809, "f22": -0.8861714604060311, "f23": 1.8276690584361057, "f24": -0.9882289552178452, "f25": 1.361189703088313, "f26": -0.28316489197849704, "f27": 1.8063282428304699, "f28": 1.029434885112744, "f29": -0.7537512318009333, "f3": -0.4823415505844374, "f30": 1.2206263733175278, "f31": 2.888089850440715, "f32": -0.2641590545572794, "f33": -0.5996370024270536, "f34": -0.6460260817907939, "f35": 0.3738568025332911, "f36": 0.7499601054152314, "f37": 1.3681462738789183, "f38": 0.13608405612240593, "f39": 0.20008289692619385, "f4": -1.408306207815061, "f40": 0.41013172926709407, "f41": -0.13082074322007964, "f42": 0.9107789377659508, "f43": -1.9637202436278622, "f44": -0.9505532474314049, "f45": -1.4150140831304745, "f46": 1.0103662219948344, "f47": 1.0207417257919724, "f48": -1.42498473282216, "f49": 2.138569303419893, "f5": 0.15591515253152988, "f50": -1.0448239469497524, "f51": -1.252832389488965, "f52": 0.11207297167031305, "f53": -2.825535585380849, "f54": -0.7900907852057135, "f55": -1.1952117179559452, "f6": 0.6156405876376725, "f7": 0.4444601691235688, "f8": -0.8026501212959277, "f9": -2.8501284601822268}, "datetime": {"datetime": "2023-02-16 12:25:03", "elapsed": 1538.768181, "delta": 81.304576}}
