{"target": 0.25793174118910167, "params": {"f0": -0.7554104588131341, "f1": -0.5823691421146421, "f10": -0.9335729663134595, "f11": 2.151479478932795, "f12": 2.2202008435147915, "f13": -1.6529881608912744, "f14": 0.3768313911366312, "f15": -1.1605187234443726, "f16": 0.24822504255256517, "f17": -0.4147256827757304, "f18": -0.10029918426450268, "f19": 0.3433551283254279, "f2": -2.4036233449045827, "f20": 2.9250114837721806, "f21": 0.48695735119639894, "f22": 0.1410881009427829, "f23": -0.6933948671600162, "f24": -0.10999451232164192, "f25": 2.0663454521398683, "f26": -2.8076894785119983, "f27": 0.8776557326303371, "f28": 2.9762095293198874, "f29": 1.8563117376790081, "f3": 2.7990998900486828, "f30": 0.5257707424085452, "f31": 2.7683276114826576, "f32": -1.3898116971826697, "f33": -0.7081534533388304, "f34": 0.5540377237123921, "f35": -0.43895047115716657, "f36": -1.4553127858377588, "f37": 0.18011374736291463, "f38": -0.12005959424402013, "f39": 0.005744001472092641, "f4": -1.970980701104013, "f40": 1.838386024364948, "f41": 1.3952686720163405, "f42": -1.4336887230322772, "f43": -1.0742846077942658, "f44": -2.7518624340525912, "f45": -1.3257863062505464, "f46": -1.6722618510779423, "f47": -0.618251833373705, "f48": 0.6589356827663324, "f49": -0.26300371337959794, "f5": 1.2158702464568867, "f50": 1.2338006970720374, "f51": 0.189463044036009, "f52": 1.4528873587931133, "f53": 1.1058887155237342, "f54": 0.5142040857655457, "f55": 0.43319818809318855, "f6": 1.8559494903262472, "f7": 1.3081497320102282, "f8": 0.6387204600141378, "f9": 1.0594454164181353}, "datetime": {"datetime": "2023-02-16 12:25:40", "elapsed": 1576.169111, "delta": 37.40093}}
{"target": 0.4009046224407748, "params": {"f0": 1.3898890954883962, "f1": 0.23953477096969134, "f10": 0.47240277745706427, "f11": -0.28789430149102857, "f12": -1.1550634595548197, "f13": -0.707031298596553, "f14": 0.965845215922982, "f15": -2.224740724383677, "f16": 1.28868963978015, "f17": 0.6480938181916782, "f18": -1.2142705624441361, "f19": -1.70296232646185, "f2": -1.449239869121265, "f20": 1.5998677954559961, "f21": 1.1206599975792595, "f22": -1.1162380261441138, "f23": 0.9425332907101074, "f24": 0.11944819238506765, "f25": 2.5044159268418875, "f26": -1.0015711197268704, "f27": 0.9585195071772461, "f28": -0.19006121554620337, "f29": 0.8505765954183544, "f3": 2.8778658542506044, "f30": -0.9129387299785054, "f31": 2.1655565190414707, "f32": -0.2754661104748932, "f33": 1.2632550209205942, "f34": 0.9824344005403116, "f35": 1.9239222739438688, "f36": -1.2869126679689662, "f37": 2.74173992624785, "f38": -0.9087080535171935, "f39": 0.5534084941398625, "f4": 0.3264251960648741, "f40": 1.7857081121407439, "f41": 1.5306736379496846, "f42": -1.1725732553404853, "f43": 0.03483505672404874, "f44": -2.0128702702974515, "f45": 0.7197679405240704, "f46": -2.0167378558539784, "f47": 0.26174935481568573, "f48": -1.970000275247837, "f49": 0.9594158059418794, "f5": 0.2077060004930109, "f50": 1.7898640160388462, "f51": 1.047579216477739, "f52": -1.294979027608362, "f53": 0.07559232736061672, "f54": -1.7681596781545728, "f55": 0.8015763742553352, "f6": -0.3200629412738788, "f7": 1.1972348604153915, "f8": -0.14697084380415903, "f9": -0.46856850598014077}, "datetime": {"datetime": "2023-02-16 12:27:57", "elapsed": 1712.821942, "delta": 136.652831}}
{"target": 0.3155356880276895, "params": {"f0": 2.3337714094404998, "f1": -0.8081720407125832, "f10": 1.1283832499905224, "f11": 0.6433678100877804, "f12": 1.2238144847043804, "f13": 0.33439831694017697, "f14": 0.34887074178429645, "f15": -1.5154576200698715, "f16": 0.07381751203789255, "f17": 1.1056197317626788, "f18": -0.133698811737319, "f19": 0.2128971708818952, "f2": -2.7263625540303136, "f20": 0.20527127486632524, "f21": 1.1902280742731675, "f22": 0.022689948902200552, "f23": 1.9597038880684299, "f24": 0.5719252577285476, "f25": -0.9720066167277517, "f26": -2.8232893512340675, "f27": 2.6321760963544456, "f28": 1.1334911866966193, "f29": 2.5422348308415463, "f3": 1.141362528084106, "f30": 1.6070737162596327, "f31": -0.5977728568938572, "f32": 0.000558986995734756, "f33": -0.8447368086305436, "f34": 2.118309993236295, "f35": 2.593455763133959, "f36": 0.2223302470960653, "f37": 0.3150587584486617, "f38": -1.0729737897997667, "f39": -0.12769423103759037, "f4": -1.518317058707806, "f40": -0.3534926577539299, "f41": 0.5502720909953471, "f42": -1.0636533725654502, "f43": -1.7022942241775016, "f44": -2.5996809266413954, "f45": -0.9184113255448294, "f46": -0.17974365209017673, "f47": -1.1748037657790211, "f48": -2.9194400710772053, "f49": 0.8053129541062696, "f5": -1.9968092275386742, "f50": 2.1808735608909755, "f51": 0.2093705143891198, "f52": -0.8907875407893503, "f53": -1.5698075520698558, "f54": -0.059944888387869266, "f55": 2.268681271243019, "f6": 0.244933233923893, "f7": -0.7508536653413926, "f8": 0.9290143748392814, "f9": 0.418157902083244}, "datetime": {"datetime": "2023-02-16 12:29:40", "elapsed": 1816.304636, "delta": 103.482694}}
{"target": 0.41763058516919516, "params": {"f0": 1.1846097066060726, "f1": 1.087588208624007, "f10": 1.1217541851699524, "f11": 1.6084148998492585, "f12": -0.7646563474137476, "f13": 0.18441944935133137, "f14": 0.673696693019227, "f15": -2.011344328276191, "f16": 0.7130093249361948, "f17": -2.2792985682617477, "f18": 1.6457603169460502, "f19": -0.9836134732729411, "f2": -0.281509446560249, "f20": 0.821070781095316, "f21": -0.012409832644083796, "f22": -2.597758095207169, "f23": -0.8133354009451025, "f24": 0.6926348786560883, "f25": -0.22845406242904076, "f26": 0.9937560001275214, "f27": -0.8023416896176413, "f28": 2.8928403121893593, "f29": 2.621684651159991, "f3": 0.8530957590536434, "f30": -0.6900341984363264, "f31": 0.1127725720287065, "f32": -0.24070716607776577, "f33": 0.5350160319337094, "f34": -0.3268435205329788, "f35": 0.03295484168264573, "f36": 0.8037942738874309, "f37": 2.335549801295324, "f38": 0.8879480476479098, "f39": -2.5584188308819473, "f4": -2.3831680324077777, "f40": 2.4503744700138865, "f41": 2.557509840442986, "f42": -2.5809477022275455, "f43": -0.6016658376717947, "f44": -2.2764009949696193, "f45": 1.4479830780575866, "f46": 1.0191390705606675, "f47": 1.1495786678606519, "f48": -0.7079572915243295, "f49": 1.7589129692724539, "f5": 0.5071849946195774, "f50": 1.4223952335386374, "f51": -0.3535303180729339, "f52": -1.1409103804732557, "f53": 0.6259660374539076, "f54": -0.85292690802302, "f55": 0.8446803595307719, "f6": 2.779291054653557, "f7": -0.8933295120557463, "f8": 0.5220558776196869, "f9": 0.0706150314338716}, "datetime": {"datetime": "2023-02-16 12:30:37", "elapsed": 1873.265481, "delta": 56.960845}}
{"target": 0.13692088020549603, "params": {"f0": -0.28082529449725946, "f1": 0.1879620494673413, "f10": -1.3364162561996817, "f11": 0.08647600135236799, "f12": -0.7451165380749939, "f13": -0.6666672922841435, "f14": -0.08124537544038146, "f15": 0.8656504188059309, "f16": 0.5957110326059067, "f17": -0.3974396839611609, "f18": 0.4095142509831564, "f19": -0.8818274271307975, "f2": -2.0509466329869577, "f20": 0.6902950281402551, "f21": -0.9756581164159774, "f22": -1.8264828504288562, "f23": -0.74776179113439, "f24": -0.9276673725507334, "f25": 2.6124181992102837, "f26": 0.445544041047536, "f27": -0.7279412082082688, "f28": 1.7037571470568267, "f29": 0.4612864709124749, "f3": 2.411050908946428, "f30": 0.15396961228202155, "f31": -0.70286541154772, "f32": 0.013203404812312414, "f33": 0.6872849182519305, "f34": 0.3318697469718286, "f35": -0.19651298838906817, "f36": -0.4087280290949771, "f37": 2.278639809931807, "f38": 0.7683919535860328, "f39": -2.9840431780917354, "f4": -0.6912844077664748, "f40": 0.774647702043769, "f41": 2.671026259613564, "f42": -0.49981154654927673, "f43": -0.31481487681296905, "f44": -0.5302237561410061, "f45": -0.9301681863270485, "f46": -2.1138533815972624, "f47": 1.1949732473399899, "f48": -1.3938630444183204, "f49": 1.2264389425460818, "f5": -0.42670618659962445, "f50": 1.2448922885820883, "f51": 1.557547916973063, "f52": 1.50759525092521, "f53": 0.16312038923500172, "f54": 0.44944446881000255, "f55": 1.8047215093032267, "f6": 1.6148879756580228, "f7": -0.6497631008363649, "f8": -0.9459006100116344, "f9": -1.4407807206891226}, "datetime": {"datetime": "2023-02-16 12:31:33", "elapsed": 1928.949691, "delta": 55.68421}}
{"target": 0.2178782588967946, "params": {"f0": 0.06454592676926763, "f1": 1.4814316657993887, "f10": -1.116153874494259, "f11": 0.9618957781944151, "f12": -0.40879364045134203, "f13": 0.9014207861817036, "f14": -2.0113449046038125, "f15": -1.2198535267612227, "f16": 1.7923001017098692, "f17": -1.705862353695367, "f18": 2.0561563153816325, "f19": -0.6281995919962826, "f2": -0.2577949087030773, "f20": -0.5172130671354618, "f21": -1.7269128262288735, "f22": 0.1368286474503675, "f23": 0.42873513737212177, "f24": -1.525022580078519, "f25": 2.6072917752076483, "f26": -2.9440762524840602, "f27": 0.24574044139896478, "f28": -0.5449257837011554, "f29": 0.15444566144942118, "f3": 0.009492559547990664, "f30": 0.5271311013528028, "f31": 0.19098308105259165, "f32": -1.063242126718925, "f33": -0.5645847438116983, "f34": 1.1069863074194448, "f35": 0.726745561698424, "f36": -2.0926117486595635, "f37": 2.5557489689012387, "f38": -0.440818906623772, "f39": -2.5040873800745667, "f4": -0.3604252459576731, "f40": -0.3093317138839782, "f41": 2.1728349382594008, "f42": -0.12548477259814828, "f43": -2.577952015665613, "f44": -1.2392073549551932, "f45": -1.2647884765411268, "f46": -1.0490756347949066, "f47": -0.782844434913864, "f48": 0.9398851815244584, "f49": 0.5183975297626473, "f5": -1.5233387273316845, "f50": 0.6347009552666576, "f51": 1.7780722374994296, "f52": 1.5803196173273673, "f53": 0.8348843423755055, "f54": -1.881180783034763, "f55": 1.1635068952545322, "f6": -0.919148112738833, "f7": 0.26116170071224665, "f8": -0.32619884033724555, "f9": -0.9855874313036639}, "datetime": {"datetime": "2023-02-16 12:32:06", "elapsed": 1962.081462, "delta": 33.131771}}
{"target": 0.514858400704816, "params": {"f0": -0.11964687238249483, "f1": 0.6673063198543819, "f10": -1.3587177152030365, "f11": 0.12008528568129995, "f12": 1.6731330723330329, "f13": 0.09821239379380975, "f14": -2.4310298116865336, "f15": -1.140886991299444, "f16": 1.8672807677341956, "f17": -1.8467744633672654, "f18": 0.89609891206646, "f19": -1.132759764380851, "f2": -2.854382740060007, "f20": 1.9979021117996347, "f21": -0.48078182724145746, "f22": -0.8582852039033515, "f23": 0.42376912837114267, "f24": -0.5157030774587203, "f25": 0.6794916235254832, "f26": 0.9284059612015145, "f27": -0.3847428235755226, "f28": 2.4310410562441165, "f29": 2.1967441244648485, "f3": -0.8566819458956983, "f30": 1.2808777810076284, "f31": 2.395256658596508, "f32": -0.2853054726590647, "f33": -0.7783397420171712, "f34": 0.6270422129196817, "f35": 1.7932726896888513, "f36": 0.5253533882488126, "f37": -0.47039775012568286, "f38": -0.7422316211072731, "f39": 0.9326612119735591, "f4": 0.4495962101653368, "f40": 2.5435160827763985, "f41": 1.0269091365990337, "f42": -0.11690329641731978, "f43": -1.0263435848867593, "f44": 0.013347724479628287, "f45": 0.32072792733017996, "f46": -1.4476420358265585, "f47": 0.20926217784319667, "f48": 0.09730698371450197, "f49": 0.7906434273795384, "f5": 0.6011225994290799, "f50": 1.9372659115600368, "f51": 1.8485130460361252, "f52": 0.17352043364879366, "f53": 0.5358978793840925, "f54": -0.9291832028027378, "f55": 0.8964825207515764, "f6": 1.1289835639136427, "f7": 0.4157977227490377, "f8": -1.1165949498718764, "f9": -2.5305892927218214}, "datetime": {"datetime": "2023-02-16 12:33:25", "elapsed": 2040.809364, "delta": 78.727902}}
{"target": 0.17055304214376438, "params": {"f0": 0.03099799668517289, "f1": 2.460321259216791, "f10": -1.6308437306867778, "f11": 0.2953775622053152, "f12": -0.39412174582644754, "f13": -2.4184130358490528, "f14": -1.709432348106344, "f15": -2.881875010594124, "f16": 1.7517101724664728, "f17": -1.2754513744458977, "f18": 1.1596352421958243, "f19": -0.09253446919370045, "f2": -0.4306203687294352, "f20": 0.6756083023986074, "f21": -0.5790321194407779, "f22": -2.087778852845116, "f23": 1.1309153195659507, "f24": -1.9130736619724769, "f25": 2.081221814751693, "f26": -0.18673109205622573, "f27": 1.1754646699337976, "f28": -0.7632202583231497, "f29": -0.3614864911832698, "f3": -0.1268552626321957, "f30": 0.07044573979951307, "f31": 2.841989963622698, "f32": 1.0493229718864523, "f33": 0.3446834203715532, "f34": -0.4593980214900002, "f35": -0.9085183827038928, "f36": -0.005140228890507803, "f37": 1.4625826971298128, "f38": 0.24984933750718663, "f39": -2.7472581212763725, "f4": 0.28510134938610454, "f40": 2.8162118208369216, "f41": 1.7766580674891888, "f42": -1.8408986772962044, "f43": -0.6357007222145405, "f44": 0.2738060199421066, "f45": 0.3813652848855722, "f46": -1.6570277295767128, "f47": 0.3779933063411116, "f48": -0.6428645257037622, "f49": 1.504277828084895, "f5": -0.04491592421661306, "f50": 0.4612439580257707, "f51": 2.5560993952142463, "f52": 1.38371220425482, "f53": -0.27511734845744895, "f54": -2.298831840621307, "f55": -0.5021862934003095, "f6": 2.485183088803203, "f7": -0.02006372368514242, "f8": -0.18718893101202472, "f9": 0.7305161037935544}, "datetime": {"datetime": "2023-02-16 12:34:52", "elapsed": 2127.645517, "delta": 86.836153}}
{"target": 0.2593255193305796, "params": {"f0": 1.567412407944699, "f1": 1.1145696881989782, "f10": -0.17812480102113692, "f11": 0.28626057067922395, "f12": 0.7896064929494097, "f13": -1.2413365734473842, "f14": -2.009878851659387, "f15": -2.374130310403297, "f16": -0.5107555738409135, "f17": 0.30671162553646747, "f18": 0.7784141538785881, "f19": -2.0448370365567214, "f2": 0.5785751472606817, "f20": 0.34456678249157335, "f21": -1.861845237809017, "f22": -1.9090525612063525, "f23": 0.2693201087731274, "f24": -1.6047382378111352, "f25": 2.134997520528369, "f26": -0.7698788532069969, "f27": 2.1097162176284687, "f28": -0.41964165073249804, "f29": 1.6933539368723491, "f3": 2.844826755296095, "f30": -0.9620523789240154, "f31": 1.0003173350846941, "f32": 0.05262408422996567, "f33": 1.0875089352428393, "f34": -0.5022019911537797, "f35": 2.7454301287739753, "f36": -2.9395435043991727, "f37": 1.0200020901774547, "f38": 0.15271290121088144, "f39": -0.37671125481781687, "f4": 0.6050709676289583, "f40": 1.5306996994508912, "f41": -0.7799252466276102, "f42": -1.964237287224948, "f43": -0.1738853825674207, "f44": -2.1829830785122497, "f45": 0.4363221831845845, "f46": -1.130329367473969, "f47": 0.4253838678156705, "f48": -2.155324926937884, "f49": 0.6188032350951642, "f5": -0.9375559544121628, "f50": 1.265937530829432, "f51": 1.3797681010865581, "f52": 1.2115350592407896, "f53": 0.747910074259071, "f54": -2.5086199784181478, "f55": 2.972554959829105, "f6": 2.1767059384509926, "f7": 1.5311140311041702, "f8": -0.4169391671980295, "f9": -2.5270007382398254}, "datetime": {"datetime": "2023-02-16 12:35:47", "elapsed": 2183.293579, "delta": 55.648062}}
{"target": 0.457027847589932, "params": {"f0": -0.7275009818614344, "f1": 1.1122310498266028, "f10": -0.15248874415200087, "f11": 1.0699375707480474, "f12": -0.46773532913270643, "f13": 0.28414731499997936, "f14": -1.5209641137481702, "f15": 0.40032126557573333, "f16": -0.32914762350019533, "f17": 0.391345854517549, "f18": 0.40738353529225135, "f19": 0.08208322143705438, "f2": -2.4081975904536606, "f20": 2.510710692940027, "f21": -0.10750967105062403, "f22": -0.7837042721311946, "f23": 0.2599415993692663, "f24": -1.3403287007612807, "f25": 0.028276999097884725, "f26": 0.799346576990486, "f27": 0.21432608044210466, "f28": 0.13707405947533668, "f29": 2.2086815477992254, "f3": 0.5758953900606943, "f30": 0.03898745680761029, "f31": 2.5673659174272103, "f32": -0.9408131211820633, "f33": -1.2152518728997586, "f34": 1.3672206809320793, "f35": -0.7613951893063012, "f36": -2.226136271518002, "f37": -0.3780749548813497, "f38": 0.7066347382436355, "f39": -2.1028874246649707, "f4": -2.226982936388279, "f40": 1.2835394103538595, "f41": 1.641099250113228, "f42": -2.2692877280574297, "f43": -2.1219709121139636, "f44": -0.923689488622025, "f45": 0.18481553610335721, "f46": -0.6039888672553193, "f47": -1.3433726466152076, "f48": 0.6413676785374998, "f49": 0.08210398579194922, "f5": -1.4180491652327605, "f50": 0.730131745397549, "f51": 0.9714925404047748, "f52": -0.36702177254045243, "f53": -2.5561249743515084, "f54": 0.4530815164392563, "f55": -0.03606429950399059, "f6": 0.7415648070675277, "f7": -0.3808753626525472, "f8": -1.0363293088182668, "f9": -2.727492207931133}, "datetime": {"datetime": "2023-02-16 12:36:26", "elapsed": 2222.303594, "delta": 39.010015}}
{"target": 0.2993967187042747, "params": {"f0": 2.9238691803476358, "f1": 2.426030426502066, "f10": 0.17659421952549392, "f11": -0.9240633836750606, "f12": 1.983549478602078, "f13": -1.0506410229835936, "f14": -0.41311158052442876, "f15": -1.4770254407501109, "f16": -0.48683101844836063, "f17": -0.9294914547330828, "f18": -0.6562351236942657, "f19": -0.045175295304894725, "f2": 0.10545067102689876, "f20": 2.9760279557890477, "f21": -0.6614355904471976, "f22": 0.8290316973685354, "f23": -0.48842755484407296, "f24": -1.5821404864062785, "f25": 0.44028485516402893, "f26": -0.9815529187413783, "f27": 1.7676377155092111, "f28": 2.6079295693896465, "f29": -0.5960747170172405, "f3": 0.8051484058413138, "f30": -0.753937767156327, "f31": 1.7455513077352238, "f32": 0.6398783344275087, "f33": -0.19633287332323834, "f34": 0.10222811633277584, "f35": -0.5223418072336039, "f36": -2.709918972809003, "f37": -0.0777938663621689, "f38": 0.15101622338915122, "f39": -0.7966268758319544, "f4": 0.8320664785338501, "f40": 0.4492506939896216, "f41": 2.8395483449740895, "f42": -2.92752237001143, "f43": -2.9648300556939313, "f44": 0.6234217900047425, "f45": -0.5397720947246103, "f46": -0.8710662896809422, "f47": -0.16570152071272748, "f48": -1.3406055331242661, "f49": -0.3138636792842875, "f5": 0.04001340084293181, "f50": 0.9673854702497039, "f51": 2.5716932035821873, "f52": 0.783620164476772, "f53": -1.1258137903063594, "f54": -2.580591332074385, "f55": 2.953064072048234, "f6": 2.4774116858025828, "f7": 0.05565911186144035, "f8": -0.7301943307580308, "f9": -2.2884952979395403}, "datetime": {"datetime": "2023-02-16 12:37:41", "elapsed": 2297.079637, "delta": 74.776043}}
